<?xml version="1.0" encoding="UTF-8"?>
<testsuites name="RailRoad Setup Test Suite" time="746" tests="20" failures="1" errors="0">
   <testsuite name="RailRoad Setup Test Suite" tests="20" failures="1" errors="0" time="746" timestamp="2018-11-20 12:50:13" hostname="ramesh - 10.185.118.20" id="Test Suites/Regression/RailRoad Setup Test Suite">
      <properties>
         <property name="deviceName" value=""/>
         <property name="devicePlatform" value=""/>
         <property name="logFolder" value="/Users/ramesh/Documents/automation/Automation-14112018/tms-qa-automation/TMSLiteRegressionAutomation/Reports/Regression/RailRoad Setup Test Suite/20181120_125011"/>
         <property name="logFiles" value="/Users/ramesh/Documents/automation/Automation-14112018/tms-qa-automation/TMSLiteRegressionAutomation/Reports/Regression/RailRoad Setup Test Suite/20181120_125011/execution0.log"/>
         <property name="attachments" value=""/>
         <property name="hostName" value="ramesh - 10.185.118.20"/>
         <property name="os" value="Mac OS X 64bit"/>
         <property name="katalonVersion" value="5.4.1.1"/>
         <property name="browser" value="Chrome 70.0.3538.110"/>
         <property name="hostAddress" value="10.185.118.20"/>
         <property name="sessionId" value="b0b4e842b6d8f428c0eb93e3395dcf28"/>
         <property name="seleniumVersion" value="3.7.1"/>
         <property name="proxyInformation" value="ProxyInformation{proxyOption=USE_SYSTEM, proxyServerType=HTTP, password=, proxyServerAddress=, proxyServerPort=0}"/>
         <property name="platform" value="Mac OS X"/>
      </properties>
      <testcase name="Test Cases/Railroad/F11822-Configure and Manage Stations/QA-US88425-Add Station/US84087-Add Station/TC63826-Add station" classname="Test Cases/Railroad/F11822-Configure and Manage Stations/QA-US88425-Add Station/US84087-Add Station/TC63826-Add station" status="PASSED">
         <system-out><![CDATA[2018-11-20 12:50:42 - [TEST_CASE][PASSED] - Test Cases/Railroad/F11822-Configure and Manage Stations/QA-US88425-Add Station/US84087-Add Station/TC63826-Add station: Test Cases/Railroad/F11822-Configure and Manage Stations/QA-US88425-Add Station/US84087-Add Station/TC63826-Add station

2018-11-20 12:50:42 - [TEST_STEP][PASSED] - Start listener action : beforeTestCaseExecute: Navigate to 'http://localhost:8080/home' successfully

2018-11-20 12:50:42 - [TEST_STEP][PASSED] - Statement - If (isTestSuitEnable == true): Navigate to 'http://localhost:8080/home' successfully

2018-11-20 12:50:42 - [TEST_STEP][PASSED] - navigateToUrl: Navigate to 'http://localhost:8080/home' successfully

2018-11-20 12:50:43 - [MESSAGE][PASSED] - Navigate to 'http://localhost:8080/home' successfully

2018-11-20 12:50:43 - [TEST_STEP][PASSED] - Statement - actions = new com.ge.tms.commonactions.RailroadActions(): Send request successfully

2018-11-20 12:50:43 - [MESSAGE][PASSED] - Send request successfully

2018-11-20 12:50:43 - [MESSAGE][PASSED] - Send request successfully

2018-11-20 12:50:43 - [MESSAGE][PASSED] - Send request successfully

2018-11-20 12:50:43 - [MESSAGE][PASSED] - Send request successfully

2018-11-20 12:50:43 - [TEST_STEP][PASSED] - com.ge.tms.commonactions.CommonClickEvents.clickOnRailroadSetup: com.ge.tms.commonactions.CommonClickEvents.clickOnRailroadSetup is PASSED

2018-11-20 12:50:43 - [MESSAGE][PASSED] - Execute JavaScript 'document.querySelector('px-app-nav').shadowRoot.querySelector('#items > px-app-nav-group:nth-child(13) > px-app-nav-subitem:nth-child(1)').click()' successfully

2018-11-20 12:50:45 - [MESSAGE][PASSED] - Delayed 2 second(s)

2018-11-20 12:50:45 - [MESSAGE][PASSED] - com.ge.tms.commonactions.CommonClickEvents.clickOnRailroadSetup is PASSED

2018-11-20 12:50:45 - [TEST_STEP][PASSED] - com.ge.tms.commonactions.RailroadActions.clickOnSelectRailroadDropdown: com.ge.tms.commonactions.RailroadActions.clickOnSelectRailroadDropdown is PASSED

2018-11-20 12:50:45 - [MESSAGE][PASSED] - Send request successfully

2018-11-20 12:50:45 - [MESSAGE][PASSED] - Send request successfully

2018-11-20 12:50:45 - [MESSAGE][PASSED] - Send request successfully

2018-11-20 12:50:46 - [MESSAGE][PASSED] - Send request successfully

2018-11-20 12:50:46 - [MESSAGE][PASSED] - Execute JavaScript 'document.querySelector('#railroads-select-dropdown').shadowRoot.querySelector('#trigger').click()' successfully

2018-11-20 12:50:49 - [MESSAGE][PASSED] - Delayed 3 second(s)

2018-11-20 12:50:49 - [MESSAGE][PASSED] - com.ge.tms.commonactions.RailroadActions.clickOnSelectRailroadDropdown is PASSED

2018-11-20 12:50:49 - [TEST_STEP][PASSED] - com.ge.tms.commonactions.RailroadActions.selectRandomRailRoad: com.ge.tms.commonactions.RailroadActions.selectRandomRailRoad is PASSED

2018-11-20 12:50:49 - [MESSAGE][PASSED] - Send request successfully

2018-11-20 12:50:49 - [MESSAGE][PASSED] - Send request successfully

2018-11-20 12:50:49 - [MESSAGE][PASSED] - Send request successfully

2018-11-20 12:50:49 - [MESSAGE][PASSED] - Send request successfully

2018-11-20 12:50:49 - [MESSAGE][PASSED] - Execute JavaScript 'let railRoadList=[]; document.querySelector('#railroads-select-dropdown').shadowRoot.querySelector('#content').shadowRoot.querySelectorAll('#selector > div.dropdown-option').forEach(node => { railRoadList.push(node.getAttribute('title')) }); return railRoadList' successfully

2018-11-20 12:50:49 - [MESSAGE][PASSED] - Execute JavaScript 'return document.querySelector('#railroads-select-dropdown').shadowRoot.querySelector('#content').shadowRoot.querySelector('#selector > div:nth-child(1) span').innerHTML' successfully

2018-11-20 12:50:49 - [MESSAGE][PASSED] - Execute JavaScript 'return document.querySelector('#railroads-select-dropdown').shadowRoot.querySelector('#content').shadowRoot.querySelector('#selector > div:nth-child(1) span').click()' successfully

2018-11-20 12:50:49 - [MESSAGE][PASSED] - com.ge.tms.commonactions.RailroadActions.selectRandomRailRoad is PASSED

2018-11-20 12:50:49 - [TEST_STEP][PASSED] - delay: Delayed 2 second(s)

2018-11-20 12:50:51 - [MESSAGE][PASSED] - Delayed 2 second(s)

2018-11-20 12:50:51 - [TEST_STEP][PASSED] - Statement - setStationId = <not implemented yet for class: org.codehaus.groovy.ast.expr.EmptyExpression>: null

2018-11-20 12:50:51 - [TEST_STEP][PASSED] - Statement - actions.addStationMandatotyFields(setStationId): Delayed 3 second(s)

2018-11-20 12:50:51 - [MESSAGE][PASSED] - Object: 'Object Repository/F11822-Configure and Manage Stations/Add_New_Station_Button' is clicked on

2018-11-20 12:50:51 - [MESSAGE][PASSED] - Text 'MENGSX1' is set on object 'Object Repository/F11822-Configure and Manage Stations/station_id'

2018-11-20 12:50:51 - [MESSAGE][PASSED] - Text 'ZF9JCGP' is set on object 'Object Repository/F11822-Configure and Manage Stations/station_name'

2018-11-20 12:50:51 - [MESSAGE][PASSED] - Execute JavaScript 'document.querySelector('#splc').shadowRoot.querySelector('#trigger').shadowRoot.querySelector('#trigger').click()' successfully

2018-11-20 12:50:51 - [MESSAGE][PASSED] - Execute JavaScript 'return document.querySelector('#splc').shadowRoot.querySelector('px-overlay-content > #content').shadowRoot.querySelectorAll('#dropdown > div > #selector > div').length' successfully

2018-11-20 12:50:52 - [MESSAGE][PASSED] - Execute JavaScript 'document.querySelector('#splc').shadowRoot.querySelector('px-overlay-content > #content').shadowRoot.querySelector('#dropdown > div > #selector > div:nth-child(1)').click()' successfully

2018-11-20 12:50:52 - [MESSAGE][PASSED] - Execute JavaScript 'return document.querySelector('#fsac').shadowRoot.querySelector('px-overlay-content > #content').shadowRoot.querySelectorAll('#dropdown > div > #selector > div').length' successfully

2018-11-20 12:50:52 - [MESSAGE][PASSED] - Execute JavaScript 'document.querySelector('#fsac').shadowRoot.querySelector('px-overlay-content > #content').shadowRoot.querySelector('#dropdown > div > #selector > div:nth-child(1)').click()' successfully

2018-11-20 12:50:52 - [MESSAGE][PASSED] - Execute JavaScript 'return document.querySelector('#station-timezone-qualifier').shadowRoot.querySelector('px-overlay-content > #content').shadowRoot.querySelectorAll('#dropdown > div > #selector > div').length' successfully

2018-11-20 12:50:52 - [MESSAGE][PASSED] - Execute JavaScript 'document.querySelector('#station-timezone-qualifier').shadowRoot.querySelector('px-overlay-content > #content').shadowRoot.querySelector('#dropdown > div > #selector > div:nth-child(3)').click()' successfully

2018-11-20 12:50:52 - [MESSAGE][PASSED] - Execute JavaScript 'return document.querySelector('#country').shadowRoot.querySelector('px-overlay-content > #content').shadowRoot.querySelectorAll('#dropdown > div > #selector > div').length' successfully

2018-11-20 12:50:52 - [MESSAGE][PASSED] - Execute JavaScript 'document.querySelector('#country').shadowRoot.querySelector('px-overlay-content > #content').shadowRoot.querySelector('#dropdown > div > #selector > div:nth-child(2)').click()' successfully

2018-11-20 12:50:52 - [MESSAGE][PASSED] - Execute JavaScript 'return document.querySelector('#state').shadowRoot.querySelector('px-overlay-content > #content').shadowRoot.querySelectorAll('#dropdown > div > #selector > div').length' successfully

2018-11-20 12:50:52 - [MESSAGE][PASSED] - Execute JavaScript 'document.querySelector('#state').shadowRoot.querySelector('px-overlay-content > #content').shadowRoot.querySelector('#dropdown > div > #selector > div:nth-child(10)').click()' successfully

2018-11-20 12:50:52 - [MESSAGE][PASSED] - Object: 'Object Repository/F11822-Configure and Manage Stations/station_save_button' is clicked on

2018-11-20 12:50:55 - [MESSAGE][PASSED] - Delayed 3 second(s)

2018-11-20 12:50:55 - [TEST_STEP][PASSED] - com.ge.tms.railroad.RailroadVerification.verifySelectedStationWithHeaderDetails: com.ge.tms.railroad.RailroadVerification.verifySelectedStationWithHeaderDetails is PASSED

2018-11-20 12:50:55 - [MESSAGE][PASSED] - Send request successfully

2018-11-20 12:50:55 - [MESSAGE][PASSED] - Send request successfully

2018-11-20 12:50:55 - [MESSAGE][PASSED] - Send request successfully

2018-11-20 12:50:55 - [MESSAGE][PASSED] - Send request successfully

2018-11-20 12:50:55 - [MESSAGE][PASSED] - Send request successfully

2018-11-20 12:50:55 - [MESSAGE][PASSED] - Send request successfully

2018-11-20 12:50:55 - [MESSAGE][PASSED] - Send request successfully

2018-11-20 12:50:55 - [MESSAGE][PASSED] - Send request successfully

2018-11-20 12:50:55 - [MESSAGE][PASSED] - Execute JavaScript 'return document.querySelector('#railroads-select-dropdown').shadowRoot.querySelector('#trigger').shadowRoot.querySelector('#label').innerHTML' successfully

2018-11-20 12:50:55 - [MESSAGE][PASSED] - Send request successfully

2018-11-20 12:50:55 - [MESSAGE][PASSED] - Text of object 'Object Repository/F11822-Configure and Manage Stations/QA-US87586-View Stations/US84086-View Station Details/View Stations/div_StationCode' is: 'MENGSX1'

2018-11-20 12:50:55 - [MESSAGE][PASSED] - Text of object 'Object Repository/F11822-Configure and Manage Stations/QA-US87586-View Stations/US84086-View Station Details/View Stations/p_StationName' is: 'ZF9JCGP'

2018-11-20 12:50:55 - [MESSAGE][PASSED] - Text of object 'Object Repository/F11822-Configure and Manage Stations/QA-US87586-View Stations/US84086-View Station Details/View Stations/span_RailroadCode' is: 'AA'

2018-11-20 12:50:55 - [MESSAGE][PASSED] - Actual object 'MENGSX1' and expected object 'MENGSX1' are equal

2018-11-20 12:50:55 - [MESSAGE][PASSED] - Actual object 'ZF9JCGP' and expected object 'ZF9JCGP' are equal

2018-11-20 12:50:55 - [MESSAGE][PASSED] - Actual object 'AA' and expected object 'AA' are equal

2018-11-20 12:50:55 - [MESSAGE][PASSED] - com.ge.tms.railroad.RailroadVerification.verifySelectedStationWithHeaderDetails is PASSED

2018-11-20 12:50:55 - [TEST_STEP][PASSED] - com.ge.tms.railroad.RailroadVerification.verifySelectedStationDetailsInRightPane: com.ge.tms.railroad.RailroadVerification.verifySelectedStationDetailsInRightPane is PASSED

2018-11-20 12:50:55 - [MESSAGE][PASSED] - Send request successfully

2018-11-20 12:50:55 - [MESSAGE][PASSED] - Send request successfully

2018-11-20 12:50:55 - [MESSAGE][PASSED] - Send request successfully

2018-11-20 12:50:55 - [MESSAGE][PASSED] - Send request successfully

2018-11-20 12:50:55 - [MESSAGE][PASSED] - Send request successfully

2018-11-20 12:50:55 - [MESSAGE][PASSED] - Send request successfully

2018-11-20 12:50:55 - [MESSAGE][PASSED] - Send request successfully

2018-11-20 12:50:55 - [MESSAGE][PASSED] - Send request successfully

2018-11-20 12:50:55 - [MESSAGE][PASSED] - Execute JavaScript 'return document.querySelector('#railroads-select-dropdown').shadowRoot.querySelector('#trigger').shadowRoot.querySelector('#label').innerHTML' successfully

2018-11-20 12:50:55 - [MESSAGE][PASSED] - Send request successfully

2018-11-20 12:50:55 - [MESSAGE][PASSED] - Text of object 'Object Repository/F11822-Configure and Manage Stations/QA-US87586-View Stations/US84086-View Station Details/View Stations/span_SPLC' is: '343100'

2018-11-20 12:50:55 - [MESSAGE][PASSED] - Text of object 'Object Repository/F11822-Configure and Manage Stations/QA-US87586-View Stations/US84086-View Station Details/View Stations/span_FSAC' is: '1'

2018-11-20 12:50:56 - [MESSAGE][PASSED] - Text of object 'Object Repository/F11822-Configure and Manage Stations/QA-US87586-View Stations/US84086-View Station Details/View Stations/span_DefaultTrack' is: '--'

2018-11-20 12:50:56 - [MESSAGE][PASSED] - Text of object 'Object Repository/F11822-Configure and Manage Stations/QA-US87586-View Stations/US84086-View Station Details/View Stations/span_Junction' is: '--'

2018-11-20 12:50:56 - [MESSAGE][PASSED] - Text of object 'Object Repository/F11822-Configure and Manage Stations/QA-US87586-View Stations/US84086-View Station Details/View Stations/span_SwitchingTrack' is: '--'

2018-11-20 12:50:56 - [MESSAGE][PASSED] - Text of object 'Object Repository/F11822-Configure and Manage Stations/QA-US87586-View Stations/US84086-View Station Details/View Stations/span_Classification' is: '--'

2018-11-20 12:50:56 - [MESSAGE][PASSED] - Text of object 'Object Repository/F11822-Configure and Manage Stations/QA-US87586-View Stations/US84086-View Station Details/View Stations/span_OriginalBillFsac' is: '--'

2018-11-20 12:50:56 - [MESSAGE][PASSED] - Text of object 'Object Repository/F11822-Configure and Manage Stations/QA-US87586-View Stations/US84086-View Station Details/View Stations/span_USEntryPort' is: '--'

2018-11-20 12:50:56 - [MESSAGE][PASSED] - Text of object 'Object Repository/F11822-Configure and Manage Stations/QA-US87586-View Stations/US84086-View Station Details/View Stations/span_CanadaEntry' is: '--'

2018-11-20 12:50:56 - [MESSAGE][PASSED] - Text of object 'Object Repository/F11822-Configure and Manage Stations/QA-US87586-View Stations/US84086-View Station Details/View Stations/span_InterchangeRoads' is: '--'

2018-11-20 12:50:56 - [MESSAGE][PASSED] - Text of object 'Object Repository/F11822-Configure and Manage Stations/QA-US87586-View Stations/US84086-View Station Details/View Stations/span_Milepost' is: '--'

2018-11-20 12:50:56 - [MESSAGE][PASSED] - Text of object 'Object Repository/F11822-Configure and Manage Stations/QA-US87586-View Stations/US84086-View Station Details/View Stations/span_Timezone' is: 'EST'

2018-11-20 12:50:56 - [MESSAGE][PASSED] - Text of object 'Object Repository/F11822-Configure and Manage Stations/QA-US87586-View Stations/US84086-View Station Details/View Stations/span_Country' is: 'CA'

2018-11-20 12:50:56 - [MESSAGE][PASSED] - Text of object 'Object Repository/F11822-Configure and Manage Stations/QA-US87586-View Stations/US84086-View Station Details/View Stations/span_State' is: 'PE'

2018-11-20 12:50:56 - [MESSAGE][PASSED] - Text of object 'Object Repository/F11822-Configure and Manage Stations/QA-US87586-View Stations/US84086-View Station Details/View Stations/span_DaylightSavings' is: 'No'

2018-11-20 12:50:56 - [MESSAGE][PASSED] - Text of object 'Object Repository/F11822-Configure and Manage Stations/QA-US87586-View Stations/US84086-View Station Details/View Stations/span_Lattitude' is: '--'

2018-11-20 12:50:56 - [MESSAGE][PASSED] - Text of object 'Object Repository/F11822-Configure and Manage Stations/QA-US87586-View Stations/US84086-View Station Details/View Stations/span_Longitude' is: '--'

2018-11-20 12:50:56 - [MESSAGE][PASSED] - Actual object '343100' and expected object '343,100' are equal

2018-11-20 12:50:56 - [MESSAGE][PASSED] - Actual object '1' and expected object '1' are equal

2018-11-20 12:50:56 - [MESSAGE][PASSED] - Actual object '--' and expected object '--' are equal

2018-11-20 12:50:56 - [MESSAGE][PASSED] - Actual object '--' and expected object '--' are equal

2018-11-20 12:50:56 - [MESSAGE][PASSED] - Actual object '--' and expected object '--' are equal

2018-11-20 12:50:56 - [MESSAGE][PASSED] - Actual object '--' and expected object '--' are equal

2018-11-20 12:50:56 - [MESSAGE][PASSED] - Actual object '--' and expected object '--' are equal

2018-11-20 12:50:56 - [MESSAGE][PASSED] - Actual object '--' and expected object '--' are equal

2018-11-20 12:50:56 - [MESSAGE][PASSED] - Actual object '--' and expected object '--' are equal

2018-11-20 12:50:56 - [MESSAGE][PASSED] - Actual object '--' and expected object '--' are equal

2018-11-20 12:50:56 - [MESSAGE][PASSED] - Actual object 'EST' and expected object 'EST' are equal

2018-11-20 12:50:56 - [MESSAGE][PASSED] - Actual object 'CA' and expected object 'CA' are equal

2018-11-20 12:50:56 - [MESSAGE][PASSED] - Actual object 'PE' and expected object 'PE' are equal

2018-11-20 12:50:56 - [MESSAGE][PASSED] - Actual object 'No' and expected object 'No' are equal

2018-11-20 12:50:56 - [MESSAGE][PASSED] - Actual object '--' and expected object '--' are equal

2018-11-20 12:50:56 - [MESSAGE][PASSED] - Actual object '--' and expected object '--' are equal

2018-11-20 12:50:56 - [MESSAGE][PASSED] - com.ge.tms.railroad.RailroadVerification.verifySelectedStationDetailsInRightPane is PASSED

2018-11-20 12:50:56 - [TEST_STEP][PASSED] - com.ge.tms.commonactions.RailroadActions.clickOnStationActionMenu: com.ge.tms.commonactions.RailroadActions.clickOnStationActionMenu is PASSED

2018-11-20 12:50:56 - [MESSAGE][PASSED] - Send request successfully

2018-11-20 12:50:56 - [MESSAGE][PASSED] - Send request successfully

2018-11-20 12:50:56 - [MESSAGE][PASSED] - Send request successfully

2018-11-20 12:50:56 - [MESSAGE][PASSED] - Send request successfully

2018-11-20 12:50:56 - [MESSAGE][PASSED] - Execute JavaScript 'document.querySelector('#station-actions-dropdown').shadowRoot.querySelector('#trigger').click()' successfully

2018-11-20 12:50:57 - [MESSAGE][PASSED] - Delayed 1 second(s)

2018-11-20 12:50:57 - [MESSAGE][PASSED] - com.ge.tms.commonactions.RailroadActions.clickOnStationActionMenu is PASSED

2018-11-20 12:50:57 - [TEST_STEP][PASSED] - com.ge.tms.commonactions.RailroadActions.clickOnDeleteStationButton: com.ge.tms.commonactions.RailroadActions.clickOnDeleteStationButton is PASSED

2018-11-20 12:50:57 - [MESSAGE][PASSED] - Send request successfully

2018-11-20 12:50:57 - [MESSAGE][PASSED] - Send request successfully

2018-11-20 12:50:57 - [MESSAGE][PASSED] - Send request successfully

2018-11-20 12:50:57 - [MESSAGE][PASSED] - Send request successfully

2018-11-20 12:50:57 - [MESSAGE][PASSED] - Execute JavaScript 'document.querySelector('#station-actions-dropdown').shadowRoot.querySelector('#content').shadowRoot.querySelector('#selector > div:nth-child(2)').click()' successfully

2018-11-20 12:50:57 - [MESSAGE][PASSED] - com.ge.tms.commonactions.RailroadActions.clickOnDeleteStationButton is PASSED

2018-11-20 12:50:57 - [TEST_STEP][PASSED] - Statement - deleteYesButtonObj = com.kms.katalon.core.testobject.ObjectRepository.findTestObject(Object Repository/F11822-Configure and Manage Stations/deleteConfirmationYesButton): Finding Test Object with id 'Object Repository/F11822-Configure and Manage Stations/deleteConfirmationYesButton'

2018-11-20 12:50:57 - [TEST_STEP][PASSED] - com.ge.tms.commonactions.RailroadActions.clickOnTestObject: com.ge.tms.commonactions.RailroadActions.clickOnTestObject is PASSED

2018-11-20 12:50:57 - [MESSAGE][PASSED] - Send request successfully

2018-11-20 12:50:57 - [MESSAGE][PASSED] - Send request successfully

2018-11-20 12:50:57 - [MESSAGE][PASSED] - Send request successfully

2018-11-20 12:50:57 - [MESSAGE][PASSED] - Send request successfully

2018-11-20 12:50:57 - [MESSAGE][PASSED] - Object: 'Object Repository/F11822-Configure and Manage Stations/deleteConfirmationYesButton' is clicked on

2018-11-20 12:50:57 - [MESSAGE][PASSED] - com.ge.tms.commonactions.RailroadActions.clickOnTestObject is PASSED

2018-11-20 12:50:57 - [TEST_STEP][PASSED] - delay: Delayed 2 second(s)

2018-11-20 12:50:59 - [MESSAGE][PASSED] - Delayed 2 second(s)

2018-11-20 12:50:59 - [TEST_STEP][PASSED] - com.ge.tms.railroad.RailroadVerification.verifyDeletedItemNotPresentInSearchView: com.ge.tms.railroad.RailroadVerification.verifyDeletedItemNotPresentInSearchView is PASSED

2018-11-20 12:50:59 - [MESSAGE][PASSED] - Send request successfully

2018-11-20 12:50:59 - [MESSAGE][PASSED] - Send request successfully

2018-11-20 12:50:59 - [MESSAGE][PASSED] - Send request successfully

2018-11-20 12:50:59 - [MESSAGE][PASSED] - Send request successfully

2018-11-20 12:50:59 - [MESSAGE][PASSED] - Send request successfully

2018-11-20 12:50:59 - [MESSAGE][PASSED] - Send request successfully

2018-11-20 12:50:59 - [MESSAGE][PASSED] - Send request successfully

2018-11-20 12:50:59 - [MESSAGE][PASSED] - Send request successfully

2018-11-20 12:51:00 - [MESSAGE][PASSED] - Text 'MENGSX1' is set on object 'Object Repository/CommonObjects/searchTextBoxLeftNav'

2018-11-20 12:51:02 - [MESSAGE][PASSED] - Delayed 2 second(s)

2018-11-20 12:51:02 - [MESSAGE][PASSED] - Text of object 'Object Repository/CommonObjects/noSearchResultMessageLeftNav' is: 'No stations or zones found.'

2018-11-20 12:51:02 - [MESSAGE][PASSED] - Actual object 'No stations or zones found.' and expected object 'No stations or zones found.' are equal

2018-11-20 12:51:02 - [MESSAGE][PASSED] - com.ge.tms.railroad.RailroadVerification.verifyDeletedItemNotPresentInSearchView is PASSED

2018-11-20 12:51:02 - [TEST_STEP][PASSED] - Start listener action : closeBrowserForTestCasse: Navigate to 'http://localhost:8080/home' successfully

2018-11-20 12:51:02 - [TEST_STEP][PASSED] - Statement - If (isTestSuitEnable == true): null

2018-11-20 12:51:02 - [TEST_STEP][PASSED] - Statement - beforeTestCaseExecute(): null

2018-11-20 12:51:02 - [TEST_STEP][PASSED] - Statement - If (isTestSuitEnable == true): Navigate to 'http://localhost:8080/home' successfully

2018-11-20 12:51:02 - [TEST_STEP][PASSED] - navigateToUrl: Navigate to 'http://localhost:8080/home' successfully

2018-11-20 12:51:03 - [MESSAGE][PASSED] - Navigate to 'http://localhost:8080/home' successfully

2018-11-20 12:51:03 - [TEST_STEP][PASSED] - Start listener action : afterTestCase: Invoke 'com.kms.katalon.core.annotation.AfterTestCase' method: 'TmsTestListner.afterTestCase(...)' completed.

2018-11-20 12:51:03 - [TEST_STEP][PASSED] - Statement - If (java.lang.System.getProperties().containsKey("updateRally")): Invoke 'com.kms.katalon.core.annotation.AfterTestCase' method: 'TmsTestListner.afterTestCase(...)' completed.]]></system-out>
         <system-err><![CDATA[]]></system-err>
      </testcase>
      <testcase name="Test Cases/Railroad/F11822-Configure and Manage Stations/QA-US88425-Add Station/US84087-Add Station/TC64623 - Add station validations" classname="Test Cases/Railroad/F11822-Configure and Manage Stations/QA-US88425-Add Station/US84087-Add Station/TC64623 - Add station validations" status="PASSED">
         <system-out><![CDATA[2018-11-20 12:51:03 - [TEST_CASE][PASSED] - Test Cases/Railroad/F11822-Configure and Manage Stations/QA-US88425-Add Station/US84087-Add Station/TC64623 - Add station validations: Test Cases/Railroad/F11822-Configure and Manage Stations/QA-US88425-Add Station/US84087-Add Station/TC64623 - Add station validations

2018-11-20 12:51:03 - [TEST_STEP][PASSED] - Start listener action : beforeTestCaseExecute: Navigate to 'http://localhost:8080/home' successfully

2018-11-20 12:51:03 - [TEST_STEP][PASSED] - Statement - If (isTestSuitEnable == true): Navigate to 'http://localhost:8080/home' successfully

2018-11-20 12:51:03 - [TEST_STEP][PASSED] - navigateToUrl: Navigate to 'http://localhost:8080/home' successfully

2018-11-20 12:51:03 - [MESSAGE][PASSED] - Navigate to 'http://localhost:8080/home' successfully

2018-11-20 12:51:03 - [TEST_STEP][PASSED] - Statement - actions = new com.ge.tms.commonactions.RailroadActions(): Send request successfully

2018-11-20 12:51:04 - [MESSAGE][PASSED] - Send request successfully

2018-11-20 12:51:04 - [MESSAGE][PASSED] - Send request successfully

2018-11-20 12:51:04 - [MESSAGE][PASSED] - Send request successfully

2018-11-20 12:51:04 - [MESSAGE][PASSED] - Send request successfully

2018-11-20 12:51:04 - [TEST_STEP][PASSED] - com.ge.tms.commonactions.CommonClickEvents.clickOnRailroadSetup: com.ge.tms.commonactions.CommonClickEvents.clickOnRailroadSetup is PASSED

2018-11-20 12:51:04 - [MESSAGE][PASSED] - Execute JavaScript 'document.querySelector('px-app-nav').shadowRoot.querySelector('#items > px-app-nav-group:nth-child(13) > px-app-nav-subitem:nth-child(1)').click()' successfully

2018-11-20 12:51:06 - [MESSAGE][PASSED] - Delayed 2 second(s)

2018-11-20 12:51:06 - [MESSAGE][PASSED] - com.ge.tms.commonactions.CommonClickEvents.clickOnRailroadSetup is PASSED

2018-11-20 12:51:06 - [TEST_STEP][PASSED] - com.ge.tms.commonactions.RailroadActions.clickOnSelectRailroadDropdown: com.ge.tms.commonactions.RailroadActions.clickOnSelectRailroadDropdown is PASSED

2018-11-20 12:51:06 - [MESSAGE][PASSED] - Send request successfully

2018-11-20 12:51:06 - [MESSAGE][PASSED] - Send request successfully

2018-11-20 12:51:06 - [MESSAGE][PASSED] - Send request successfully

2018-11-20 12:51:06 - [MESSAGE][PASSED] - Send request successfully

2018-11-20 12:51:06 - [MESSAGE][PASSED] - Execute JavaScript 'document.querySelector('#railroads-select-dropdown').shadowRoot.querySelector('#trigger').click()' successfully

2018-11-20 12:51:09 - [MESSAGE][PASSED] - Delayed 3 second(s)

2018-11-20 12:51:09 - [MESSAGE][PASSED] - com.ge.tms.commonactions.RailroadActions.clickOnSelectRailroadDropdown is PASSED

2018-11-20 12:51:09 - [TEST_STEP][PASSED] - com.ge.tms.commonactions.RailroadActions.selectRandomRailRoad: com.ge.tms.commonactions.RailroadActions.selectRandomRailRoad is PASSED

2018-11-20 12:51:09 - [MESSAGE][PASSED] - Send request successfully

2018-11-20 12:51:09 - [MESSAGE][PASSED] - Send request successfully

2018-11-20 12:51:09 - [MESSAGE][PASSED] - Send request successfully

2018-11-20 12:51:09 - [MESSAGE][PASSED] - Send request successfully

2018-11-20 12:51:09 - [MESSAGE][PASSED] - Execute JavaScript 'let railRoadList=[]; document.querySelector('#railroads-select-dropdown').shadowRoot.querySelector('#content').shadowRoot.querySelectorAll('#selector > div.dropdown-option').forEach(node => { railRoadList.push(node.getAttribute('title')) }); return railRoadList' successfully

2018-11-20 12:51:09 - [MESSAGE][PASSED] - Execute JavaScript 'return document.querySelector('#railroads-select-dropdown').shadowRoot.querySelector('#content').shadowRoot.querySelector('#selector > div:nth-child(1) span').innerHTML' successfully

2018-11-20 12:51:09 - [MESSAGE][PASSED] - Execute JavaScript 'return document.querySelector('#railroads-select-dropdown').shadowRoot.querySelector('#content').shadowRoot.querySelector('#selector > div:nth-child(1) span').click()' successfully

2018-11-20 12:51:09 - [MESSAGE][PASSED] - com.ge.tms.commonactions.RailroadActions.selectRandomRailRoad is PASSED

2018-11-20 12:51:09 - [TEST_STEP][PASSED] - delay: Delayed 2 second(s)

2018-11-20 12:51:11 - [MESSAGE][PASSED] - Delayed 2 second(s)

2018-11-20 12:51:11 - [TEST_STEP][PASSED] - Statement - actions.addNewStationButton(): Object: 'Object Repository/F11822-Configure and Manage Stations/Add_New_Station_Button' is clicked on

2018-11-20 12:51:11 - [MESSAGE][PASSED] - Object: 'Object Repository/F11822-Configure and Manage Stations/Add_New_Station_Button' is clicked on

2018-11-20 12:51:11 - [TEST_STEP][PASSED] - com.ge.tms.railroad.RailroadVerification.verifyErrorMessagesForMandatoryFieldsStation: com.ge.tms.railroad.RailroadVerification.verifyErrorMessagesForMandatoryFieldsStation is PASSED

2018-11-20 12:51:11 - [MESSAGE][PASSED] - Send request successfully

2018-11-20 12:51:11 - [MESSAGE][PASSED] - Send request successfully

2018-11-20 12:51:11 - [MESSAGE][PASSED] - Send request successfully

2018-11-20 12:51:11 - [MESSAGE][PASSED] - Send request successfully

2018-11-20 12:51:11 - [MESSAGE][PASSED] - Send request successfully

2018-11-20 12:51:11 - [MESSAGE][PASSED] - Send request successfully

2018-11-20 12:51:11 - [MESSAGE][PASSED] - Send request successfully

2018-11-20 12:51:11 - [MESSAGE][PASSED] - Send request successfully

2018-11-20 12:51:11 - [MESSAGE][PASSED] - Object: 'Object Repository/F11822-Configure and Manage Stations/station_id' is clicked on

2018-11-20 12:51:11 - [MESSAGE][PASSED] - Keys '	' sent to object: 'Object Repository/F11822-Configure and Manage Stations/station_id'

2018-11-20 12:51:11 - [MESSAGE][PASSED] - Text of object 'Object Repository/F11822-Configure and Manage Stations/station_id_error_message' is: 'STATION ID CANNOT BE EMPTY'

2018-11-20 12:51:11 - [MESSAGE][PASSED] - Actual object 'STATION ID CANNOT BE EMPTY' and expected object 'STATION ID CANNOT BE EMPTY' are equal

2018-11-20 12:51:11 - [MESSAGE][PASSED] - Attribute 'class' of object 'Object Repository/F11822-Configure and Manage Stations/station_save_button' is: 'btn btn--disabled btn--call-to-action float--right u-mr'

2018-11-20 12:51:11 - [MESSAGE][PASSED] - Actual object 'true' and expected object 'true' are equal

2018-11-20 12:51:12 - [MESSAGE][PASSED] - Text 'A*@T&!' is set on object 'Object Repository/F11822-Configure and Manage Stations/station_id'

2018-11-20 12:51:12 - [MESSAGE][PASSED] - Text of object 'Object Repository/F11822-Configure and Manage Stations/station_id_error_message' is: 'ALPHANUMERIC ONLY'

2018-11-20 12:51:12 - [MESSAGE][PASSED] - Actual object 'ALPHANUMERIC ONLY' and expected object 'ALPHANUMERIC ONLY' are equal

2018-11-20 12:51:12 - [MESSAGE][PASSED] - Attribute 'class' of object 'Object Repository/F11822-Configure and Manage Stations/station_save_button' is: 'btn btn--disabled btn--call-to-action float--right u-mr'

2018-11-20 12:51:12 - [MESSAGE][PASSED] - Actual object 'true' and expected object 'true' are equal

2018-11-20 12:51:12 - [MESSAGE][PASSED] - Object: 'Object Repository/F11822-Configure and Manage Stations/station_name' is clicked on

2018-11-20 12:51:12 - [MESSAGE][PASSED] - Text of object 'Object Repository/F11822-Configure and Manage Stations/station_name' is cleared

2018-11-20 12:51:12 - [MESSAGE][PASSED] - Keys ' ' sent to object: 'Object Repository/F11822-Configure and Manage Stations/station_name'

2018-11-20 12:51:12 - [MESSAGE][PASSED] - Keys '	' sent to object: 'Object Repository/F11822-Configure and Manage Stations/station_name'

2018-11-20 12:51:12 - [MESSAGE][PASSED] - Text of object 'Object Repository/F11822-Configure and Manage Stations/station_name_error_message' is: 'STATION NAME CANNOT BE EMPTY'

2018-11-20 12:51:12 - [MESSAGE][PASSED] - Actual object 'STATION NAME CANNOT BE EMPTY' and expected object 'STATION NAME CANNOT BE EMPTY' are equal

2018-11-20 12:51:12 - [MESSAGE][PASSED] - Attribute 'class' of object 'Object Repository/F11822-Configure and Manage Stations/station_save_button' is: 'btn btn--disabled btn--call-to-action float--right u-mr'

2018-11-20 12:51:12 - [MESSAGE][PASSED] - Actual object 'true' and expected object 'true' are equal

2018-11-20 12:51:12 - [MESSAGE][PASSED] - Object: 'Object Repository/F11822-Configure and Manage Stations/station_name' is clicked on

2018-11-20 12:51:12 - [MESSAGE][PASSED] - Text 'A*@T&!' is set on object 'Object Repository/F11822-Configure and Manage Stations/station_name'

2018-11-20 12:51:12 - [MESSAGE][PASSED] - Text of object 'Object Repository/F11822-Configure and Manage Stations/station_name_error_message' is: 'ALPHANUMERIC ONLY'

2018-11-20 12:51:12 - [MESSAGE][PASSED] - Actual object 'ALPHANUMERIC ONLY' and expected object 'ALPHANUMERIC ONLY' are equal

2018-11-20 12:51:12 - [MESSAGE][PASSED] - Attribute 'class' of object 'Object Repository/F11822-Configure and Manage Stations/station_save_button' is: 'btn btn--disabled btn--call-to-action float--right u-mr'

2018-11-20 12:51:12 - [MESSAGE][PASSED] - Actual object 'true' and expected object 'true' are equal

2018-11-20 12:51:12 - [MESSAGE][PASSED] - Execute JavaScript 'document.querySelector('#splc').shadowRoot.querySelector('#trigger').shadowRoot.querySelector('#trigger').click()' successfully

2018-11-20 12:51:12 - [MESSAGE][PASSED] - Execute JavaScript 'return document.querySelector('#splc').shadowRoot.querySelector('px-overlay-content > #content').shadowRoot.querySelectorAll('#dropdown > div > #selector > div').length' successfully

2018-11-20 12:51:12 - [MESSAGE][PASSED] - Execute JavaScript 'document.querySelector('#splc').shadowRoot.querySelector('px-overlay-content > #content').shadowRoot.querySelector('#dropdown > div > #selector > div:nth-child(1)').click()' successfully

2018-11-20 12:51:12 - [MESSAGE][PASSED] - Execute JavaScript 'document.querySelector('#splc').shadowRoot.querySelector('#trigger').shadowRoot.querySelector('#trigger').click()' successfully

2018-11-20 12:51:12 - [MESSAGE][PASSED] - Execute JavaScript 'document.querySelector('#splc').shadowRoot.querySelector('#trigger').shadowRoot.querySelector('px-icon').click()' successfully

2018-11-20 12:51:12 - [MESSAGE][PASSED] - Text of object 'Object Repository/F11822-Configure and Manage Stations/station_splc_error_message' is: 'SPLC CANNOT BE EMPTY'

2018-11-20 12:51:12 - [MESSAGE][PASSED] - Actual object 'SPLC CANNOT BE EMPTY' and expected object 'SPLC CANNOT BE EMPTY' are equal

2018-11-20 12:51:12 - [MESSAGE][PASSED] - Attribute 'class' of object 'Object Repository/F11822-Configure and Manage Stations/station_save_button' is: 'btn btn--disabled btn--call-to-action float--right u-mr'

2018-11-20 12:51:12 - [MESSAGE][PASSED] - Actual object 'true' and expected object 'true' are equal

2018-11-20 12:51:12 - [MESSAGE][PASSED] - Execute JavaScript 'return document.querySelector('#fsac').shadowRoot.querySelector('px-overlay-content > #content').shadowRoot.querySelectorAll('#dropdown > div > #selector > div').length' successfully

2018-11-20 12:51:12 - [MESSAGE][PASSED] - Execute JavaScript 'document.querySelector('#fsac').shadowRoot.querySelector('px-overlay-content > #content').shadowRoot.querySelector('#dropdown > div > #selector > div:nth-child(1)').click()' successfully

2018-11-20 12:51:12 - [MESSAGE][PASSED] - Execute JavaScript 'document.querySelector('#fsac').shadowRoot.querySelector('#trigger').shadowRoot.querySelector('#trigger').click()' successfully

2018-11-20 12:51:12 - [MESSAGE][PASSED] - Execute JavaScript 'document.querySelector('#fsac').shadowRoot.querySelector('#trigger').shadowRoot.querySelector('px-icon').click()' successfully

2018-11-20 12:51:12 - [MESSAGE][PASSED] - Text of object 'Object Repository/F11822-Configure and Manage Stations/station_fsac_error_message' is: 'FSAC CANNOT BE EMPTY'

2018-11-20 12:51:12 - [MESSAGE][PASSED] - Actual object 'FSAC CANNOT BE EMPTY' and expected object 'FSAC CANNOT BE EMPTY' are equal

2018-11-20 12:51:12 - [MESSAGE][PASSED] - Attribute 'class' of object 'Object Repository/F11822-Configure and Manage Stations/station_save_button' is: 'btn btn--disabled btn--call-to-action float--right u-mr'

2018-11-20 12:51:12 - [MESSAGE][PASSED] - Actual object 'true' and expected object 'true' are equal

2018-11-20 12:51:12 - [MESSAGE][PASSED] - Execute JavaScript 'return document.querySelector('#station-timezone-qualifier').shadowRoot.querySelector('px-overlay-content > #content').shadowRoot.querySelectorAll('#dropdown > div > #selector > div').length' successfully

2018-11-20 12:51:13 - [MESSAGE][PASSED] - Execute JavaScript 'document.querySelector('#station-timezone-qualifier').shadowRoot.querySelector('px-overlay-content > #content').shadowRoot.querySelector('#dropdown > div > #selector > div:nth-child(4)').click()' successfully

2018-11-20 12:51:13 - [MESSAGE][PASSED] - Execute JavaScript 'document.querySelector('#station-timezone-qualifier').shadowRoot.querySelector('#trigger').shadowRoot.querySelector('#trigger').click()' successfully

2018-11-20 12:51:13 - [MESSAGE][PASSED] - Execute JavaScript 'document.querySelector('#station-timezone-qualifier').shadowRoot.querySelector('#trigger').shadowRoot.querySelector('px-icon').click()' successfully

2018-11-20 12:51:13 - [MESSAGE][PASSED] - Text of object 'Object Repository/F11822-Configure and Manage Stations/station_timezone_error_message' is: 'TIME ZONE CANNOT BE EMPTY'

2018-11-20 12:51:13 - [MESSAGE][PASSED] - Actual object 'TIME ZONE CANNOT BE EMPTY' and expected object 'TIME ZONE CANNOT BE EMPTY' are equal

2018-11-20 12:51:13 - [MESSAGE][PASSED] - Attribute 'class' of object 'Object Repository/F11822-Configure and Manage Stations/station_save_button' is: 'btn btn--disabled btn--call-to-action float--right u-mr'

2018-11-20 12:51:13 - [MESSAGE][PASSED] - Actual object 'true' and expected object 'true' are equal

2018-11-20 12:51:13 - [MESSAGE][PASSED] - Execute JavaScript 'return document.querySelector('#country').shadowRoot.querySelector('px-overlay-content > #content').shadowRoot.querySelectorAll('#dropdown > div > #selector > div').length' successfully

2018-11-20 12:51:13 - [MESSAGE][PASSED] - Execute JavaScript 'document.querySelector('#country').shadowRoot.querySelector('px-overlay-content > #content').shadowRoot.querySelector('#dropdown > div > #selector > div:nth-child(1)').click()' successfully

2018-11-20 12:51:13 - [MESSAGE][PASSED] - Execute JavaScript 'document.querySelector('#country').shadowRoot.querySelector('#trigger').shadowRoot.querySelector('#trigger').click()' successfully

2018-11-20 12:51:13 - [MESSAGE][PASSED] - Execute JavaScript 'document.querySelector('#country').shadowRoot.querySelector('#trigger').shadowRoot.querySelector('px-icon').click()' successfully

2018-11-20 12:51:13 - [MESSAGE][PASSED] - Text of object 'Object Repository/F11822-Configure and Manage Stations/station_country_error_message' is: 'COUNTRY CANNOT BE EMPTY'

2018-11-20 12:51:13 - [MESSAGE][PASSED] - Actual object 'COUNTRY CANNOT BE EMPTY' and expected object 'COUNTRY CANNOT BE EMPTY' are equal

2018-11-20 12:51:13 - [MESSAGE][PASSED] - Attribute 'class' of object 'Object Repository/F11822-Configure and Manage Stations/station_save_button' is: 'btn btn--disabled btn--call-to-action float--right u-mr'

2018-11-20 12:51:13 - [MESSAGE][PASSED] - Actual object 'true' and expected object 'true' are equal

2018-11-20 12:51:14 - [MESSAGE][PASSED] - Delayed 1 second(s)

2018-11-20 12:51:14 - [MESSAGE][PASSED] - Execute JavaScript 'return document.querySelector('#country').shadowRoot.querySelector('px-overlay-content > #content').shadowRoot.querySelectorAll('#dropdown > div > #selector > div').length' successfully

2018-11-20 12:51:14 - [MESSAGE][PASSED] - Execute JavaScript 'document.querySelector('#country').shadowRoot.querySelector('px-overlay-content > #content').shadowRoot.querySelector('#dropdown > div > #selector > div:nth-child(1)').click()' successfully

2018-11-20 12:51:14 - [MESSAGE][PASSED] - Execute JavaScript 'return document.querySelector('#state').shadowRoot.querySelector('px-overlay-content > #content').shadowRoot.querySelectorAll('#dropdown > div > #selector > div').length' successfully

2018-11-20 12:51:14 - [MESSAGE][PASSED] - Execute JavaScript 'document.querySelector('#state').shadowRoot.querySelector('px-overlay-content > #content').shadowRoot.querySelector('#dropdown > div > #selector > div:nth-child(33)').click()' successfully

2018-11-20 12:51:14 - [MESSAGE][PASSED] - Execute JavaScript 'document.querySelector('#state').shadowRoot.querySelector('#trigger').shadowRoot.querySelector('#trigger').click()' successfully

2018-11-20 12:51:14 - [MESSAGE][PASSED] - Execute JavaScript 'document.querySelector('#state').shadowRoot.querySelector('#trigger').shadowRoot.querySelector('px-icon').click()' successfully

2018-11-20 12:51:14 - [MESSAGE][PASSED] - Text of object 'Object Repository/F11822-Configure and Manage Stations/station_state_error_message' is: 'STATE CANNOT BE EMPTY'

2018-11-20 12:51:14 - [MESSAGE][PASSED] - Actual object 'STATE CANNOT BE EMPTY' and expected object 'STATE CANNOT BE EMPTY' are equal

2018-11-20 12:51:14 - [MESSAGE][PASSED] - Attribute 'class' of object 'Object Repository/F11822-Configure and Manage Stations/station_save_button' is: 'btn btn--disabled btn--call-to-action float--right u-mr'

2018-11-20 12:51:14 - [MESSAGE][PASSED] - Actual object 'true' and expected object 'true' are equal

2018-11-20 12:51:14 - [MESSAGE][PASSED] - com.ge.tms.railroad.RailroadVerification.verifyErrorMessagesForMandatoryFieldsStation is PASSED

2018-11-20 12:51:14 - [TEST_STEP][PASSED] - Start listener action : closeBrowserForTestCasse: Navigate to 'http://localhost:8080/home' successfully

2018-11-20 12:51:14 - [TEST_STEP][PASSED] - Statement - If (isTestSuitEnable == true): null

2018-11-20 12:51:14 - [TEST_STEP][PASSED] - Statement - beforeTestCaseExecute(): null

2018-11-20 12:51:14 - [TEST_STEP][PASSED] - Statement - If (isTestSuitEnable == true): Navigate to 'http://localhost:8080/home' successfully

2018-11-20 12:51:14 - [TEST_STEP][PASSED] - navigateToUrl: Navigate to 'http://localhost:8080/home' successfully

2018-11-20 12:51:15 - [MESSAGE][PASSED] - Navigate to 'http://localhost:8080/home' successfully

2018-11-20 12:51:15 - [TEST_STEP][PASSED] - Start listener action : afterTestCase: Invoke 'com.kms.katalon.core.annotation.AfterTestCase' method: 'TmsTestListner.afterTestCase(...)' completed.

2018-11-20 12:51:15 - [TEST_STEP][PASSED] - Statement - If (java.lang.System.getProperties().containsKey("updateRally")): Invoke 'com.kms.katalon.core.annotation.AfterTestCase' method: 'TmsTestListner.afterTestCase(...)' completed.]]></system-out>
         <system-err><![CDATA[]]></system-err>
      </testcase>
      <testcase name="Test Cases/Railroad/F11822-Configure and Manage Stations/QA-US92236-Edit Station/US84083-Edit Station/TC65307-Validate cancel field in Edit station" classname="Test Cases/Railroad/F11822-Configure and Manage Stations/QA-US92236-Edit Station/US84083-Edit Station/TC65307-Validate cancel field in Edit station" status="PASSED">
         <system-out><![CDATA[2018-11-20 12:51:15 - [TEST_CASE][PASSED] - Test Cases/Railroad/F11822-Configure and Manage Stations/QA-US92236-Edit Station/US84083-Edit Station/TC65307-Validate cancel field in Edit station: Test Cases/Railroad/F11822-Configure and Manage Stations/QA-US92236-Edit Station/US84083-Edit Station/TC65307-Validate cancel field in Edit station

2018-11-20 12:51:15 - [TEST_STEP][PASSED] - Start listener action : beforeTestCaseExecute: Navigate to 'http://localhost:8080/home' successfully

2018-11-20 12:51:15 - [TEST_STEP][PASSED] - Statement - If (isTestSuitEnable == true): Navigate to 'http://localhost:8080/home' successfully

2018-11-20 12:51:15 - [TEST_STEP][PASSED] - navigateToUrl: Navigate to 'http://localhost:8080/home' successfully

2018-11-20 12:51:16 - [MESSAGE][PASSED] - Navigate to 'http://localhost:8080/home' successfully

2018-11-20 12:51:16 - [TEST_STEP][PASSED] - com.ge.tms.commonactions.CommonClickEvents.clickOnRailroadSetup: com.ge.tms.commonactions.CommonClickEvents.clickOnRailroadSetup is PASSED

2018-11-20 12:51:16 - [MESSAGE][PASSED] - Execute JavaScript 'document.querySelector('px-app-nav').shadowRoot.querySelector('#items > px-app-nav-group:nth-child(13) > px-app-nav-subitem:nth-child(1)').click()' successfully

2018-11-20 12:51:18 - [MESSAGE][PASSED] - Delayed 2 second(s)

2018-11-20 12:51:18 - [MESSAGE][PASSED] - com.ge.tms.commonactions.CommonClickEvents.clickOnRailroadSetup is PASSED

2018-11-20 12:51:18 - [TEST_STEP][PASSED] - com.ge.tms.commonactions.RailroadActions.clickOnSelectRailroadDropdown: com.ge.tms.commonactions.RailroadActions.clickOnSelectRailroadDropdown is PASSED

2018-11-20 12:51:18 - [MESSAGE][PASSED] - Send request successfully

2018-11-20 12:51:18 - [MESSAGE][PASSED] - Send request successfully

2018-11-20 12:51:18 - [MESSAGE][PASSED] - Send request successfully

2018-11-20 12:51:18 - [MESSAGE][PASSED] - Send request successfully

2018-11-20 12:51:18 - [MESSAGE][PASSED] - Execute JavaScript 'document.querySelector('#railroads-select-dropdown').shadowRoot.querySelector('#trigger').click()' successfully

2018-11-20 12:51:21 - [MESSAGE][PASSED] - Delayed 3 second(s)

2018-11-20 12:51:21 - [MESSAGE][PASSED] - com.ge.tms.commonactions.RailroadActions.clickOnSelectRailroadDropdown is PASSED

2018-11-20 12:51:21 - [TEST_STEP][PASSED] - com.ge.tms.commonactions.RailroadActions.selectRandomRailRoad: com.ge.tms.commonactions.RailroadActions.selectRandomRailRoad is PASSED

2018-11-20 12:51:21 - [MESSAGE][PASSED] - Send request successfully

2018-11-20 12:51:21 - [MESSAGE][PASSED] - Send request successfully

2018-11-20 12:51:21 - [MESSAGE][PASSED] - Send request successfully

2018-11-20 12:51:21 - [MESSAGE][PASSED] - Send request successfully

2018-11-20 12:51:21 - [MESSAGE][PASSED] - Execute JavaScript 'let railRoadList=[]; document.querySelector('#railroads-select-dropdown').shadowRoot.querySelector('#content').shadowRoot.querySelectorAll('#selector > div.dropdown-option').forEach(node => { railRoadList.push(node.getAttribute('title')) }); return railRoadList' successfully

2018-11-20 12:51:21 - [MESSAGE][PASSED] - Execute JavaScript 'return document.querySelector('#railroads-select-dropdown').shadowRoot.querySelector('#content').shadowRoot.querySelector('#selector > div:nth-child(1) span').innerHTML' successfully

2018-11-20 12:51:21 - [MESSAGE][PASSED] - Execute JavaScript 'return document.querySelector('#railroads-select-dropdown').shadowRoot.querySelector('#content').shadowRoot.querySelector('#selector > div:nth-child(1) span').click()' successfully

2018-11-20 12:51:21 - [MESSAGE][PASSED] - com.ge.tms.commonactions.RailroadActions.selectRandomRailRoad is PASSED

2018-11-20 12:51:21 - [TEST_STEP][PASSED] - delay: Delayed 2 second(s)

2018-11-20 12:51:23 - [MESSAGE][PASSED] - Delayed 2 second(s)

2018-11-20 12:51:23 - [TEST_STEP][PASSED] - Statement - actions = new com.ge.tms.commonactions.RailroadActions(): Send request successfully

2018-11-20 12:51:23 - [MESSAGE][PASSED] - Send request successfully

2018-11-20 12:51:23 - [MESSAGE][PASSED] - Send request successfully

2018-11-20 12:51:23 - [MESSAGE][PASSED] - Send request successfully

2018-11-20 12:51:23 - [MESSAGE][PASSED] - Send request successfully

2018-11-20 12:51:23 - [TEST_STEP][PASSED] - Statement - setStationId = <not implemented yet for class: org.codehaus.groovy.ast.expr.EmptyExpression>: null

2018-11-20 12:51:23 - [TEST_STEP][PASSED] - Statement - actions.addStationMandatotyFields(setStationId): Delayed 3 second(s)

2018-11-20 12:51:24 - [MESSAGE][PASSED] - Object: 'Object Repository/F11822-Configure and Manage Stations/Add_New_Station_Button' is clicked on

2018-11-20 12:51:24 - [MESSAGE][PASSED] - Text 'LMWVZFT' is set on object 'Object Repository/F11822-Configure and Manage Stations/station_id'

2018-11-20 12:51:24 - [MESSAGE][PASSED] - Text 'VDZLG0B' is set on object 'Object Repository/F11822-Configure and Manage Stations/station_name'

2018-11-20 12:51:24 - [MESSAGE][PASSED] - Execute JavaScript 'document.querySelector('#splc').shadowRoot.querySelector('#trigger').shadowRoot.querySelector('#trigger').click()' successfully

2018-11-20 12:51:24 - [MESSAGE][PASSED] - Execute JavaScript 'return document.querySelector('#splc').shadowRoot.querySelector('px-overlay-content > #content').shadowRoot.querySelectorAll('#dropdown > div > #selector > div').length' successfully

2018-11-20 12:51:24 - [MESSAGE][PASSED] - Execute JavaScript 'document.querySelector('#splc').shadowRoot.querySelector('px-overlay-content > #content').shadowRoot.querySelector('#dropdown > div > #selector > div:nth-child(1)').click()' successfully

2018-11-20 12:51:24 - [MESSAGE][PASSED] - Execute JavaScript 'return document.querySelector('#fsac').shadowRoot.querySelector('px-overlay-content > #content').shadowRoot.querySelectorAll('#dropdown > div > #selector > div').length' successfully

2018-11-20 12:51:24 - [MESSAGE][PASSED] - Execute JavaScript 'document.querySelector('#fsac').shadowRoot.querySelector('px-overlay-content > #content').shadowRoot.querySelector('#dropdown > div > #selector > div:nth-child(1)').click()' successfully

2018-11-20 12:51:24 - [MESSAGE][PASSED] - Execute JavaScript 'return document.querySelector('#station-timezone-qualifier').shadowRoot.querySelector('px-overlay-content > #content').shadowRoot.querySelectorAll('#dropdown > div > #selector > div').length' successfully

2018-11-20 12:51:24 - [MESSAGE][PASSED] - Execute JavaScript 'document.querySelector('#station-timezone-qualifier').shadowRoot.querySelector('px-overlay-content > #content').shadowRoot.querySelector('#dropdown > div > #selector > div:nth-child(4)').click()' successfully

2018-11-20 12:51:24 - [MESSAGE][PASSED] - Execute JavaScript 'return document.querySelector('#country').shadowRoot.querySelector('px-overlay-content > #content').shadowRoot.querySelectorAll('#dropdown > div > #selector > div').length' successfully

2018-11-20 12:51:24 - [MESSAGE][PASSED] - Execute JavaScript 'document.querySelector('#country').shadowRoot.querySelector('px-overlay-content > #content').shadowRoot.querySelector('#dropdown > div > #selector > div:nth-child(1)').click()' successfully

2018-11-20 12:51:24 - [MESSAGE][PASSED] - Execute JavaScript 'return document.querySelector('#state').shadowRoot.querySelector('px-overlay-content > #content').shadowRoot.querySelectorAll('#dropdown > div > #selector > div').length' successfully

2018-11-20 12:51:24 - [MESSAGE][PASSED] - Execute JavaScript 'document.querySelector('#state').shadowRoot.querySelector('px-overlay-content > #content').shadowRoot.querySelector('#dropdown > div > #selector > div:nth-child(29)').click()' successfully

2018-11-20 12:51:24 - [MESSAGE][PASSED] - Object: 'Object Repository/F11822-Configure and Manage Stations/station_save_button' is clicked on

2018-11-20 12:51:27 - [MESSAGE][PASSED] - Delayed 3 second(s)

2018-11-20 12:51:27 - [TEST_STEP][PASSED] - Statement - stationName = com.kms.katalon.core.webui.keyword.WebUiBuiltInKeywords.getText(com.kms.katalon.core.testobject.ObjectRepository.findTestObject(Object Repository/F11822-Configure and Manage Stations/ViewStationName)): Text of object 'Object Repository/F11822-Configure and Manage Stations/ViewStationName' is: 'VDZLG0B'

2018-11-20 12:51:28 - [MESSAGE][PASSED] - Text of object 'Object Repository/F11822-Configure and Manage Stations/ViewStationName' is: 'VDZLG0B'

2018-11-20 12:51:28 - [TEST_STEP][PASSED] - com.ge.tms.commonactions.RailroadActions.clickOnStationActionMenu: com.ge.tms.commonactions.RailroadActions.clickOnStationActionMenu is PASSED

2018-11-20 12:51:28 - [MESSAGE][PASSED] - Send request successfully

2018-11-20 12:51:28 - [MESSAGE][PASSED] - Send request successfully

2018-11-20 12:51:28 - [MESSAGE][PASSED] - Send request successfully

2018-11-20 12:51:28 - [MESSAGE][PASSED] - Send request successfully

2018-11-20 12:51:28 - [MESSAGE][PASSED] - Execute JavaScript 'document.querySelector('#station-actions-dropdown').shadowRoot.querySelector('#trigger').click()' successfully

2018-11-20 12:51:29 - [MESSAGE][PASSED] - Delayed 1 second(s)

2018-11-20 12:51:29 - [MESSAGE][PASSED] - com.ge.tms.commonactions.RailroadActions.clickOnStationActionMenu is PASSED

2018-11-20 12:51:29 - [TEST_STEP][PASSED] - com.ge.tms.commonactions.RailroadActions.clickOnEditStationButton: com.ge.tms.commonactions.RailroadActions.clickOnEditStationButton is PASSED

2018-11-20 12:51:29 - [MESSAGE][PASSED] - Send request successfully

2018-11-20 12:51:29 - [MESSAGE][PASSED] - Send request successfully

2018-11-20 12:51:29 - [MESSAGE][PASSED] - Send request successfully

2018-11-20 12:51:29 - [MESSAGE][PASSED] - Send request successfully

2018-11-20 12:51:29 - [MESSAGE][PASSED] - Execute JavaScript 'document.querySelector('#station-actions-dropdown').shadowRoot.querySelector('#content').shadowRoot.querySelector('#selector > div:nth-child(1)').click()' successfully

2018-11-20 12:51:30 - [MESSAGE][PASSED] - Delayed 1 second(s)

2018-11-20 12:51:30 - [MESSAGE][PASSED] - com.ge.tms.commonactions.RailroadActions.clickOnEditStationButton is PASSED

2018-11-20 12:51:30 - [TEST_STEP][PASSED] - Statement - actions.editStation(): Execute JavaScript 'return document.querySelector('#station-timezone-qualifier').shadowRoot.querySelector('#trigger').shadowRoot.querySelector('#label').innerHTML' successfully

2018-11-20 12:51:30 - [MESSAGE][PASSED] - Object: 'Object Repository/F11822-Configure and Manage Stations/station_name' is clicked on

2018-11-20 12:51:30 - [MESSAGE][PASSED] - Text of object 'Object Repository/F11822-Configure and Manage Stations/station_name' is cleared

2018-11-20 12:51:30 - [MESSAGE][PASSED] - Text 'YKRTR' is set on object 'Object Repository/F11822-Configure and Manage Stations/station_name'

2018-11-20 12:51:30 - [MESSAGE][PASSED] - Execute JavaScript 'return document.querySelector('#station-timezone-qualifier').shadowRoot.querySelector('px-overlay-content > #content').shadowRoot.querySelectorAll('#dropdown > div > #selector > div').length' successfully

2018-11-20 12:51:30 - [MESSAGE][PASSED] - Execute JavaScript 'document.querySelector('#station-timezone-qualifier').shadowRoot.querySelector('px-overlay-content > #content').shadowRoot.querySelector('#dropdown > div > #selector > div:nth-child(3)').click()' successfully

2018-11-20 12:51:30 - [MESSAGE][PASSED] - Execute JavaScript 'return document.querySelector('#station-timezone-qualifier').shadowRoot.querySelector('#trigger').shadowRoot.querySelector('#label').innerHTML' successfully

2018-11-20 12:51:30 - [TEST_STEP][PASSED] - Statement - actions.clickOnStationCancelButton(): Delayed 1 second(s)

2018-11-20 12:51:30 - [MESSAGE][PASSED] - Object: 'Object Repository/F11822-Configure and Manage Stations/station_cancel_button' is clicked on

2018-11-20 12:51:31 - [MESSAGE][PASSED] - Delayed 1 second(s)

2018-11-20 12:51:31 - [TEST_STEP][PASSED] - com.ge.tms.railroad.RailroadVerification.verifyCancelButtonInEditStation: com.ge.tms.railroad.RailroadVerification.verifyCancelButtonInEditStation is PASSED

2018-11-20 12:51:32 - [MESSAGE][PASSED] - Send request successfully

2018-11-20 12:51:32 - [MESSAGE][PASSED] - Send request successfully

2018-11-20 12:51:32 - [MESSAGE][PASSED] - Send request successfully

2018-11-20 12:51:32 - [MESSAGE][PASSED] - Send request successfully

2018-11-20 12:51:32 - [MESSAGE][PASSED] - Send request successfully

2018-11-20 12:51:32 - [MESSAGE][PASSED] - Send request successfully

2018-11-20 12:51:32 - [MESSAGE][PASSED] - Send request successfully

2018-11-20 12:51:32 - [MESSAGE][PASSED] - Send request successfully

2018-11-20 12:51:32 - [MESSAGE][PASSED] - Text of object 'Object Repository/F11822-Configure and Manage Stations/ViewStationName' is: 'VDZLG0B'

2018-11-20 12:51:32 - [MESSAGE][PASSED] - Actual object 'VDZLG0B' and expected object 'VDZLG0B' are equal

2018-11-20 12:51:32 - [MESSAGE][PASSED] - com.ge.tms.railroad.RailroadVerification.verifyCancelButtonInEditStation is PASSED

2018-11-20 12:51:32 - [TEST_STEP][PASSED] - com.ge.tms.commonactions.RailroadActions.clickOnStationActionMenu: com.ge.tms.commonactions.RailroadActions.clickOnStationActionMenu is PASSED

2018-11-20 12:51:32 - [MESSAGE][PASSED] - Send request successfully

2018-11-20 12:51:32 - [MESSAGE][PASSED] - Send request successfully

2018-11-20 12:51:32 - [MESSAGE][PASSED] - Send request successfully

2018-11-20 12:51:32 - [MESSAGE][PASSED] - Send request successfully

2018-11-20 12:51:32 - [MESSAGE][PASSED] - Execute JavaScript 'document.querySelector('#station-actions-dropdown').shadowRoot.querySelector('#trigger').click()' successfully

2018-11-20 12:51:33 - [MESSAGE][PASSED] - Delayed 1 second(s)

2018-11-20 12:51:33 - [MESSAGE][PASSED] - com.ge.tms.commonactions.RailroadActions.clickOnStationActionMenu is PASSED

2018-11-20 12:51:33 - [TEST_STEP][PASSED] - com.ge.tms.commonactions.RailroadActions.clickOnDeleteStationButton: com.ge.tms.commonactions.RailroadActions.clickOnDeleteStationButton is PASSED

2018-11-20 12:51:33 - [MESSAGE][PASSED] - Send request successfully

2018-11-20 12:51:33 - [MESSAGE][PASSED] - Send request successfully

2018-11-20 12:51:33 - [MESSAGE][PASSED] - Send request successfully

2018-11-20 12:51:33 - [MESSAGE][PASSED] - Send request successfully

2018-11-20 12:51:33 - [MESSAGE][PASSED] - Execute JavaScript 'document.querySelector('#station-actions-dropdown').shadowRoot.querySelector('#content').shadowRoot.querySelector('#selector > div:nth-child(2)').click()' successfully

2018-11-20 12:51:33 - [MESSAGE][PASSED] - com.ge.tms.commonactions.RailroadActions.clickOnDeleteStationButton is PASSED

2018-11-20 12:51:33 - [TEST_STEP][PASSED] - Statement - deleteYesButtonObj = com.kms.katalon.core.testobject.ObjectRepository.findTestObject(Object Repository/F11822-Configure and Manage Stations/deleteConfirmationYesButton): Finding Test Object with id 'Object Repository/F11822-Configure and Manage Stations/deleteConfirmationYesButton'

2018-11-20 12:51:33 - [TEST_STEP][PASSED] - com.ge.tms.commonactions.RailroadActions.clickOnTestObject: com.ge.tms.commonactions.RailroadActions.clickOnTestObject is PASSED

2018-11-20 12:51:33 - [MESSAGE][PASSED] - Send request successfully

2018-11-20 12:51:33 - [MESSAGE][PASSED] - Send request successfully

2018-11-20 12:51:33 - [MESSAGE][PASSED] - Send request successfully

2018-11-20 12:51:33 - [MESSAGE][PASSED] - Send request successfully

2018-11-20 12:51:33 - [MESSAGE][PASSED] - Object: 'Object Repository/F11822-Configure and Manage Stations/deleteConfirmationYesButton' is clicked on

2018-11-20 12:51:33 - [MESSAGE][PASSED] - com.ge.tms.commonactions.RailroadActions.clickOnTestObject is PASSED

2018-11-20 12:51:33 - [TEST_STEP][PASSED] - delay: Delayed 1 second(s)

2018-11-20 12:51:34 - [MESSAGE][PASSED] - Delayed 1 second(s)

2018-11-20 12:51:34 - [TEST_STEP][PASSED] - com.ge.tms.railroad.RailroadVerification.verifyDeletedItemNotPresentInSearchView: com.ge.tms.railroad.RailroadVerification.verifyDeletedItemNotPresentInSearchView is PASSED

2018-11-20 12:51:34 - [MESSAGE][PASSED] - Send request successfully

2018-11-20 12:51:34 - [MESSAGE][PASSED] - Send request successfully

2018-11-20 12:51:34 - [MESSAGE][PASSED] - Send request successfully

2018-11-20 12:51:34 - [MESSAGE][PASSED] - Send request successfully

2018-11-20 12:51:34 - [MESSAGE][PASSED] - Send request successfully

2018-11-20 12:51:34 - [MESSAGE][PASSED] - Send request successfully

2018-11-20 12:51:34 - [MESSAGE][PASSED] - Send request successfully

2018-11-20 12:51:34 - [MESSAGE][PASSED] - Send request successfully

2018-11-20 12:51:34 - [MESSAGE][PASSED] - Text 'LMWVZFT' is set on object 'Object Repository/CommonObjects/searchTextBoxLeftNav'

2018-11-20 12:51:36 - [MESSAGE][PASSED] - Delayed 2 second(s)

2018-11-20 12:51:37 - [MESSAGE][PASSED] - Text of object 'Object Repository/CommonObjects/noSearchResultMessageLeftNav' is: 'No stations or zones found.'

2018-11-20 12:51:37 - [MESSAGE][PASSED] - Actual object 'No stations or zones found.' and expected object 'No stations or zones found.' are equal

2018-11-20 12:51:37 - [MESSAGE][PASSED] - com.ge.tms.railroad.RailroadVerification.verifyDeletedItemNotPresentInSearchView is PASSED

2018-11-20 12:51:37 - [TEST_STEP][PASSED] - Start listener action : closeBrowserForTestCasse: Navigate to 'http://localhost:8080/home' successfully

2018-11-20 12:51:37 - [TEST_STEP][PASSED] - Statement - If (isTestSuitEnable == true): null

2018-11-20 12:51:37 - [TEST_STEP][PASSED] - Statement - beforeTestCaseExecute(): null

2018-11-20 12:51:37 - [TEST_STEP][PASSED] - Statement - If (isTestSuitEnable == true): Navigate to 'http://localhost:8080/home' successfully

2018-11-20 12:51:37 - [TEST_STEP][PASSED] - navigateToUrl: Navigate to 'http://localhost:8080/home' successfully

2018-11-20 12:51:37 - [MESSAGE][PASSED] - Navigate to 'http://localhost:8080/home' successfully

2018-11-20 12:51:37 - [TEST_STEP][PASSED] - Start listener action : afterTestCase: Invoke 'com.kms.katalon.core.annotation.AfterTestCase' method: 'TmsTestListner.afterTestCase(...)' completed.

2018-11-20 12:51:37 - [TEST_STEP][PASSED] - Statement - If (java.lang.System.getProperties().containsKey("updateRally")): Invoke 'com.kms.katalon.core.annotation.AfterTestCase' method: 'TmsTestListner.afterTestCase(...)' completed.]]></system-out>
         <system-err><![CDATA[]]></system-err>
      </testcase>
      <testcase name="Test Cases/Railroad/F11822-Configure and Manage Stations/QA-US92236-Edit Station/US84083-Edit Station/TC65305-Edit Station Successfully" classname="Test Cases/Railroad/F11822-Configure and Manage Stations/QA-US92236-Edit Station/US84083-Edit Station/TC65305-Edit Station Successfully" status="PASSED">
         <system-out><![CDATA[2018-11-20 12:51:37 - [TEST_CASE][PASSED] - Test Cases/Railroad/F11822-Configure and Manage Stations/QA-US92236-Edit Station/US84083-Edit Station/TC65305-Edit Station Successfully: Test Cases/Railroad/F11822-Configure and Manage Stations/QA-US92236-Edit Station/US84083-Edit Station/TC65305-Edit Station Successfully

2018-11-20 12:51:37 - [TEST_STEP][PASSED] - Start listener action : beforeTestCaseExecute: Navigate to 'http://localhost:8080/home' successfully

2018-11-20 12:51:37 - [TEST_STEP][PASSED] - Statement - If (isTestSuitEnable == true): Navigate to 'http://localhost:8080/home' successfully

2018-11-20 12:51:37 - [TEST_STEP][PASSED] - navigateToUrl: Navigate to 'http://localhost:8080/home' successfully

2018-11-20 12:51:38 - [MESSAGE][PASSED] - Navigate to 'http://localhost:8080/home' successfully

2018-11-20 12:51:38 - [TEST_STEP][PASSED] - com.ge.tms.commonactions.CommonClickEvents.clickOnRailroadSetup: com.ge.tms.commonactions.CommonClickEvents.clickOnRailroadSetup is PASSED

2018-11-20 12:51:38 - [MESSAGE][PASSED] - Execute JavaScript 'document.querySelector('px-app-nav').shadowRoot.querySelector('#items > px-app-nav-group:nth-child(13) > px-app-nav-subitem:nth-child(1)').click()' successfully

2018-11-20 12:51:40 - [MESSAGE][PASSED] - Delayed 2 second(s)

2018-11-20 12:51:40 - [MESSAGE][PASSED] - com.ge.tms.commonactions.CommonClickEvents.clickOnRailroadSetup is PASSED

2018-11-20 12:51:40 - [TEST_STEP][PASSED] - Statement - actions = new com.ge.tms.commonactions.RailroadActions(): Send request successfully

2018-11-20 12:51:40 - [MESSAGE][PASSED] - Send request successfully

2018-11-20 12:51:40 - [MESSAGE][PASSED] - Send request successfully

2018-11-20 12:51:40 - [MESSAGE][PASSED] - Send request successfully

2018-11-20 12:51:41 - [MESSAGE][PASSED] - Send request successfully

2018-11-20 12:51:41 - [TEST_STEP][PASSED] - com.ge.tms.commonactions.RailroadActions.clickOnSelectRailroadDropdown: com.ge.tms.commonactions.RailroadActions.clickOnSelectRailroadDropdown is PASSED

2018-11-20 12:51:41 - [MESSAGE][PASSED] - Send request successfully

2018-11-20 12:51:41 - [MESSAGE][PASSED] - Send request successfully

2018-11-20 12:51:41 - [MESSAGE][PASSED] - Send request successfully

2018-11-20 12:51:41 - [MESSAGE][PASSED] - Send request successfully

2018-11-20 12:51:41 - [MESSAGE][PASSED] - Execute JavaScript 'document.querySelector('#railroads-select-dropdown').shadowRoot.querySelector('#trigger').click()' successfully

2018-11-20 12:51:44 - [MESSAGE][PASSED] - Delayed 3 second(s)

2018-11-20 12:51:44 - [MESSAGE][PASSED] - com.ge.tms.commonactions.RailroadActions.clickOnSelectRailroadDropdown is PASSED

2018-11-20 12:51:44 - [TEST_STEP][PASSED] - com.ge.tms.commonactions.RailroadActions.selectRandomRailRoad: com.ge.tms.commonactions.RailroadActions.selectRandomRailRoad is PASSED

2018-11-20 12:51:44 - [MESSAGE][PASSED] - Send request successfully

2018-11-20 12:51:44 - [MESSAGE][PASSED] - Send request successfully

2018-11-20 12:51:44 - [MESSAGE][PASSED] - Send request successfully

2018-11-20 12:51:44 - [MESSAGE][PASSED] - Send request successfully

2018-11-20 12:51:44 - [MESSAGE][PASSED] - Execute JavaScript 'let railRoadList=[]; document.querySelector('#railroads-select-dropdown').shadowRoot.querySelector('#content').shadowRoot.querySelectorAll('#selector > div.dropdown-option').forEach(node => { railRoadList.push(node.getAttribute('title')) }); return railRoadList' successfully

2018-11-20 12:51:44 - [MESSAGE][PASSED] - Execute JavaScript 'return document.querySelector('#railroads-select-dropdown').shadowRoot.querySelector('#content').shadowRoot.querySelector('#selector > div:nth-child(1) span').innerHTML' successfully

2018-11-20 12:51:44 - [MESSAGE][PASSED] - Execute JavaScript 'return document.querySelector('#railroads-select-dropdown').shadowRoot.querySelector('#content').shadowRoot.querySelector('#selector > div:nth-child(1) span').click()' successfully

2018-11-20 12:51:44 - [MESSAGE][PASSED] - com.ge.tms.commonactions.RailroadActions.selectRandomRailRoad is PASSED

2018-11-20 12:51:44 - [TEST_STEP][PASSED] - delay: Delayed 4 second(s)

2018-11-20 12:51:48 - [MESSAGE][PASSED] - Delayed 4 second(s)

2018-11-20 12:51:48 - [TEST_STEP][PASSED] - Statement - setStationId = <not implemented yet for class: org.codehaus.groovy.ast.expr.EmptyExpression>: null

2018-11-20 12:51:48 - [TEST_STEP][PASSED] - Statement - actions.addStationMandatotyFields(setStationId): Delayed 3 second(s)

2018-11-20 12:51:48 - [MESSAGE][PASSED] - Object: 'Object Repository/F11822-Configure and Manage Stations/Add_New_Station_Button' is clicked on

2018-11-20 12:51:48 - [MESSAGE][PASSED] - Text 'V4H7UXF' is set on object 'Object Repository/F11822-Configure and Manage Stations/station_id'

2018-11-20 12:51:49 - [MESSAGE][PASSED] - Text '5PMN4JE' is set on object 'Object Repository/F11822-Configure and Manage Stations/station_name'

2018-11-20 12:51:49 - [MESSAGE][PASSED] - Execute JavaScript 'document.querySelector('#splc').shadowRoot.querySelector('#trigger').shadowRoot.querySelector('#trigger').click()' successfully

2018-11-20 12:51:49 - [MESSAGE][PASSED] - Execute JavaScript 'return document.querySelector('#splc').shadowRoot.querySelector('px-overlay-content > #content').shadowRoot.querySelectorAll('#dropdown > div > #selector > div').length' successfully

2018-11-20 12:51:49 - [MESSAGE][PASSED] - Execute JavaScript 'document.querySelector('#splc').shadowRoot.querySelector('px-overlay-content > #content').shadowRoot.querySelector('#dropdown > div > #selector > div:nth-child(1)').click()' successfully

2018-11-20 12:51:49 - [MESSAGE][PASSED] - Execute JavaScript 'return document.querySelector('#fsac').shadowRoot.querySelector('px-overlay-content > #content').shadowRoot.querySelectorAll('#dropdown > div > #selector > div').length' successfully

2018-11-20 12:51:49 - [MESSAGE][PASSED] - Execute JavaScript 'document.querySelector('#fsac').shadowRoot.querySelector('px-overlay-content > #content').shadowRoot.querySelector('#dropdown > div > #selector > div:nth-child(1)').click()' successfully

2018-11-20 12:51:49 - [MESSAGE][PASSED] - Execute JavaScript 'return document.querySelector('#station-timezone-qualifier').shadowRoot.querySelector('px-overlay-content > #content').shadowRoot.querySelectorAll('#dropdown > div > #selector > div').length' successfully

2018-11-20 12:51:49 - [MESSAGE][PASSED] - Execute JavaScript 'document.querySelector('#station-timezone-qualifier').shadowRoot.querySelector('px-overlay-content > #content').shadowRoot.querySelector('#dropdown > div > #selector > div:nth-child(8)').click()' successfully

2018-11-20 12:51:49 - [MESSAGE][PASSED] - Execute JavaScript 'return document.querySelector('#country').shadowRoot.querySelector('px-overlay-content > #content').shadowRoot.querySelectorAll('#dropdown > div > #selector > div').length' successfully

2018-11-20 12:51:49 - [MESSAGE][PASSED] - Execute JavaScript 'document.querySelector('#country').shadowRoot.querySelector('px-overlay-content > #content').shadowRoot.querySelector('#dropdown > div > #selector > div:nth-child(2)').click()' successfully

2018-11-20 12:51:49 - [MESSAGE][PASSED] - Execute JavaScript 'return document.querySelector('#state').shadowRoot.querySelector('px-overlay-content > #content').shadowRoot.querySelectorAll('#dropdown > div > #selector > div').length' successfully

2018-11-20 12:51:49 - [MESSAGE][PASSED] - Execute JavaScript 'document.querySelector('#state').shadowRoot.querySelector('px-overlay-content > #content').shadowRoot.querySelector('#dropdown > div > #selector > div:nth-child(2)').click()' successfully

2018-11-20 12:51:49 - [MESSAGE][PASSED] - Object: 'Object Repository/F11822-Configure and Manage Stations/station_save_button' is clicked on

2018-11-20 12:51:52 - [MESSAGE][PASSED] - Delayed 3 second(s)

2018-11-20 12:51:52 - [TEST_STEP][PASSED] - com.ge.tms.commonactions.RailroadActions.clickOnStationActionMenu: com.ge.tms.commonactions.RailroadActions.clickOnStationActionMenu is PASSED

2018-11-20 12:51:52 - [MESSAGE][PASSED] - Send request successfully

2018-11-20 12:51:52 - [MESSAGE][PASSED] - Send request successfully

2018-11-20 12:51:52 - [MESSAGE][PASSED] - Send request successfully

2018-11-20 12:51:52 - [MESSAGE][PASSED] - Send request successfully

2018-11-20 12:51:52 - [MESSAGE][PASSED] - Execute JavaScript 'document.querySelector('#station-actions-dropdown').shadowRoot.querySelector('#trigger').click()' successfully

2018-11-20 12:51:53 - [MESSAGE][PASSED] - Delayed 1 second(s)

2018-11-20 12:51:53 - [MESSAGE][PASSED] - com.ge.tms.commonactions.RailroadActions.clickOnStationActionMenu is PASSED

2018-11-20 12:51:53 - [TEST_STEP][PASSED] - com.ge.tms.commonactions.RailroadActions.clickOnEditStationButton: com.ge.tms.commonactions.RailroadActions.clickOnEditStationButton is PASSED

2018-11-20 12:51:53 - [MESSAGE][PASSED] - Send request successfully

2018-11-20 12:51:53 - [MESSAGE][PASSED] - Send request successfully

2018-11-20 12:51:53 - [MESSAGE][PASSED] - Send request successfully

2018-11-20 12:51:53 - [MESSAGE][PASSED] - Send request successfully

2018-11-20 12:51:53 - [MESSAGE][PASSED] - Execute JavaScript 'document.querySelector('#station-actions-dropdown').shadowRoot.querySelector('#content').shadowRoot.querySelector('#selector > div:nth-child(1)').click()' successfully

2018-11-20 12:51:54 - [MESSAGE][PASSED] - Delayed 1 second(s)

2018-11-20 12:51:54 - [MESSAGE][PASSED] - com.ge.tms.commonactions.RailroadActions.clickOnEditStationButton is PASSED

2018-11-20 12:51:54 - [TEST_STEP][PASSED] - Statement - actions.editStation(): Execute JavaScript 'return document.querySelector('#station-timezone-qualifier').shadowRoot.querySelector('#trigger').shadowRoot.querySelector('#label').innerHTML' successfully

2018-11-20 12:51:54 - [MESSAGE][PASSED] - Object: 'Object Repository/F11822-Configure and Manage Stations/station_name' is clicked on

2018-11-20 12:51:54 - [MESSAGE][PASSED] - Text of object 'Object Repository/F11822-Configure and Manage Stations/station_name' is cleared

2018-11-20 12:51:55 - [MESSAGE][PASSED] - Text 'UB19C' is set on object 'Object Repository/F11822-Configure and Manage Stations/station_name'

2018-11-20 12:51:55 - [MESSAGE][PASSED] - Execute JavaScript 'return document.querySelector('#station-timezone-qualifier').shadowRoot.querySelector('px-overlay-content > #content').shadowRoot.querySelectorAll('#dropdown > div > #selector > div').length' successfully

2018-11-20 12:51:55 - [MESSAGE][PASSED] - Execute JavaScript 'document.querySelector('#station-timezone-qualifier').shadowRoot.querySelector('px-overlay-content > #content').shadowRoot.querySelector('#dropdown > div > #selector > div:nth-child(2)').click()' successfully

2018-11-20 12:51:55 - [MESSAGE][PASSED] - Execute JavaScript 'return document.querySelector('#station-timezone-qualifier').shadowRoot.querySelector('#trigger').shadowRoot.querySelector('#label').innerHTML' successfully

2018-11-20 12:51:55 - [TEST_STEP][PASSED] - Statement - actions.clickOnStationSavebutton(): Delayed 3 second(s)

2018-11-20 12:51:55 - [MESSAGE][PASSED] - Object: 'Object Repository/F11822-Configure and Manage Stations/station_save_button' is clicked on

2018-11-20 12:51:58 - [MESSAGE][PASSED] - Delayed 3 second(s)

2018-11-20 12:51:58 - [TEST_STEP][PASSED] - com.ge.tms.railroad.RailroadVerification.verifyEditedStation: com.ge.tms.railroad.RailroadVerification.verifyEditedStation is PASSED

2018-11-20 12:51:58 - [MESSAGE][PASSED] - Send request successfully

2018-11-20 12:51:58 - [MESSAGE][PASSED] - Send request successfully

2018-11-20 12:51:58 - [MESSAGE][PASSED] - Send request successfully

2018-11-20 12:51:58 - [MESSAGE][PASSED] - Send request successfully

2018-11-20 12:51:58 - [MESSAGE][PASSED] - Send request successfully

2018-11-20 12:51:58 - [MESSAGE][PASSED] - Send request successfully

2018-11-20 12:51:58 - [MESSAGE][PASSED] - Send request successfully

2018-11-20 12:51:58 - [MESSAGE][PASSED] - Send request successfully

2018-11-20 12:51:58 - [MESSAGE][PASSED] - Text of object 'Object Repository/F11822-Configure and Manage Stations/ViewStationName' is: 'UB19C'

2018-11-20 12:51:58 - [MESSAGE][PASSED] - Actual object 'UB19C' and expected object 'UB19C' are equal

2018-11-20 12:51:58 - [MESSAGE][PASSED] - Text of object 'Object Repository/F11822-Configure and Manage Stations/station_timezone_label' is: 'CDT'

2018-11-20 12:51:58 - [MESSAGE][PASSED] - Actual object 'CDT' and expected object 'CDT' are equal

2018-11-20 12:51:58 - [MESSAGE][PASSED] - com.ge.tms.railroad.RailroadVerification.verifyEditedStation is PASSED

2018-11-20 12:51:58 - [TEST_STEP][PASSED] - com.ge.tms.commonactions.RailroadActions.clickOnStationActionMenu: com.ge.tms.commonactions.RailroadActions.clickOnStationActionMenu is PASSED

2018-11-20 12:51:58 - [MESSAGE][PASSED] - Send request successfully

2018-11-20 12:51:58 - [MESSAGE][PASSED] - Send request successfully

2018-11-20 12:51:58 - [MESSAGE][PASSED] - Send request successfully

2018-11-20 12:51:58 - [MESSAGE][PASSED] - Send request successfully

2018-11-20 12:51:58 - [MESSAGE][PASSED] - Execute JavaScript 'document.querySelector('#station-actions-dropdown').shadowRoot.querySelector('#trigger').click()' successfully

2018-11-20 12:51:59 - [MESSAGE][PASSED] - Delayed 1 second(s)

2018-11-20 12:51:59 - [MESSAGE][PASSED] - com.ge.tms.commonactions.RailroadActions.clickOnStationActionMenu is PASSED

2018-11-20 12:51:59 - [TEST_STEP][PASSED] - com.ge.tms.commonactions.RailroadActions.clickOnDeleteStationButton: com.ge.tms.commonactions.RailroadActions.clickOnDeleteStationButton is PASSED

2018-11-20 12:51:59 - [MESSAGE][PASSED] - Send request successfully

2018-11-20 12:51:59 - [MESSAGE][PASSED] - Send request successfully

2018-11-20 12:51:59 - [MESSAGE][PASSED] - Send request successfully

2018-11-20 12:51:59 - [MESSAGE][PASSED] - Send request successfully

2018-11-20 12:51:59 - [MESSAGE][PASSED] - Execute JavaScript 'document.querySelector('#station-actions-dropdown').shadowRoot.querySelector('#content').shadowRoot.querySelector('#selector > div:nth-child(2)').click()' successfully

2018-11-20 12:51:59 - [MESSAGE][PASSED] - com.ge.tms.commonactions.RailroadActions.clickOnDeleteStationButton is PASSED

2018-11-20 12:51:59 - [TEST_STEP][PASSED] - Statement - deleteYesButtonObj = com.kms.katalon.core.testobject.ObjectRepository.findTestObject(Object Repository/F11822-Configure and Manage Stations/deleteConfirmationYesButton): Finding Test Object with id 'Object Repository/F11822-Configure and Manage Stations/deleteConfirmationYesButton'

2018-11-20 12:51:59 - [TEST_STEP][PASSED] - com.ge.tms.commonactions.RailroadActions.clickOnTestObject: com.ge.tms.commonactions.RailroadActions.clickOnTestObject is PASSED

2018-11-20 12:51:59 - [MESSAGE][PASSED] - Send request successfully

2018-11-20 12:51:59 - [MESSAGE][PASSED] - Send request successfully

2018-11-20 12:51:59 - [MESSAGE][PASSED] - Send request successfully

2018-11-20 12:51:59 - [MESSAGE][PASSED] - Send request successfully

2018-11-20 12:51:59 - [MESSAGE][PASSED] - Object: 'Object Repository/F11822-Configure and Manage Stations/deleteConfirmationYesButton' is clicked on

2018-11-20 12:51:59 - [MESSAGE][PASSED] - com.ge.tms.commonactions.RailroadActions.clickOnTestObject is PASSED

2018-11-20 12:51:59 - [TEST_STEP][PASSED] - delay: Delayed 1 second(s)

2018-11-20 12:52:00 - [MESSAGE][PASSED] - Delayed 1 second(s)

2018-11-20 12:52:00 - [TEST_STEP][PASSED] - com.ge.tms.railroad.RailroadVerification.verifyDeletedItemNotPresentInSearchView: com.ge.tms.railroad.RailroadVerification.verifyDeletedItemNotPresentInSearchView is PASSED

2018-11-20 12:52:00 - [MESSAGE][PASSED] - Send request successfully

2018-11-20 12:52:00 - [MESSAGE][PASSED] - Send request successfully

2018-11-20 12:52:00 - [MESSAGE][PASSED] - Send request successfully

2018-11-20 12:52:00 - [MESSAGE][PASSED] - Send request successfully

2018-11-20 12:52:00 - [MESSAGE][PASSED] - Send request successfully

2018-11-20 12:52:00 - [MESSAGE][PASSED] - Send request successfully

2018-11-20 12:52:00 - [MESSAGE][PASSED] - Send request successfully

2018-11-20 12:52:00 - [MESSAGE][PASSED] - Send request successfully

2018-11-20 12:52:01 - [MESSAGE][PASSED] - Text 'V4H7UXF' is set on object 'Object Repository/CommonObjects/searchTextBoxLeftNav'

2018-11-20 12:52:03 - [MESSAGE][PASSED] - Delayed 2 second(s)

2018-11-20 12:52:03 - [MESSAGE][PASSED] - Text of object 'Object Repository/CommonObjects/noSearchResultMessageLeftNav' is: 'No stations or zones found.'

2018-11-20 12:52:03 - [MESSAGE][PASSED] - Actual object 'No stations or zones found.' and expected object 'No stations or zones found.' are equal

2018-11-20 12:52:03 - [MESSAGE][PASSED] - com.ge.tms.railroad.RailroadVerification.verifyDeletedItemNotPresentInSearchView is PASSED

2018-11-20 12:52:03 - [TEST_STEP][PASSED] - Start listener action : closeBrowserForTestCasse: Navigate to 'http://localhost:8080/home' successfully

2018-11-20 12:52:03 - [TEST_STEP][PASSED] - Statement - If (isTestSuitEnable == true): null

2018-11-20 12:52:03 - [TEST_STEP][PASSED] - Statement - beforeTestCaseExecute(): null

2018-11-20 12:52:03 - [TEST_STEP][PASSED] - Statement - If (isTestSuitEnable == true): Navigate to 'http://localhost:8080/home' successfully

2018-11-20 12:52:03 - [TEST_STEP][PASSED] - navigateToUrl: Navigate to 'http://localhost:8080/home' successfully

2018-11-20 12:52:04 - [MESSAGE][PASSED] - Navigate to 'http://localhost:8080/home' successfully

2018-11-20 12:52:04 - [TEST_STEP][PASSED] - Start listener action : afterTestCase: Invoke 'com.kms.katalon.core.annotation.AfterTestCase' method: 'TmsTestListner.afterTestCase(...)' completed.

2018-11-20 12:52:04 - [TEST_STEP][PASSED] - Statement - If (java.lang.System.getProperties().containsKey("updateRally")): Invoke 'com.kms.katalon.core.annotation.AfterTestCase' method: 'TmsTestListner.afterTestCase(...)' completed.]]></system-out>
         <system-err><![CDATA[]]></system-err>
      </testcase>
      <testcase name="Test Cases/Railroad/F11822-Configure and Manage Stations/QA-US92236-Edit Station/US84083-Edit Station/TC65306-Validate mandatory fields in Edit Station" classname="Test Cases/Railroad/F11822-Configure and Manage Stations/QA-US92236-Edit Station/US84083-Edit Station/TC65306-Validate mandatory fields in Edit Station" status="PASSED">
         <system-out><![CDATA[2018-11-20 12:52:04 - [TEST_CASE][PASSED] - Test Cases/Railroad/F11822-Configure and Manage Stations/QA-US92236-Edit Station/US84083-Edit Station/TC65306-Validate mandatory fields in Edit Station: Test Cases/Railroad/F11822-Configure and Manage Stations/QA-US92236-Edit Station/US84083-Edit Station/TC65306-Validate mandatory fields in Edit Station

2018-11-20 12:52:04 - [TEST_STEP][PASSED] - Start listener action : beforeTestCaseExecute: Navigate to 'http://localhost:8080/home' successfully

2018-11-20 12:52:04 - [TEST_STEP][PASSED] - Statement - If (isTestSuitEnable == true): Navigate to 'http://localhost:8080/home' successfully

2018-11-20 12:52:04 - [TEST_STEP][PASSED] - navigateToUrl: Navigate to 'http://localhost:8080/home' successfully

2018-11-20 12:52:04 - [MESSAGE][PASSED] - Navigate to 'http://localhost:8080/home' successfully

2018-11-20 12:52:05 - [TEST_STEP][PASSED] - com.ge.tms.commonactions.CommonClickEvents.clickOnRailroadSetup: com.ge.tms.commonactions.CommonClickEvents.clickOnRailroadSetup is PASSED

2018-11-20 12:52:05 - [MESSAGE][PASSED] - Execute JavaScript 'document.querySelector('px-app-nav').shadowRoot.querySelector('#items > px-app-nav-group:nth-child(13) > px-app-nav-subitem:nth-child(1)').click()' successfully

2018-11-20 12:52:07 - [MESSAGE][PASSED] - Delayed 2 second(s)

2018-11-20 12:52:07 - [MESSAGE][PASSED] - com.ge.tms.commonactions.CommonClickEvents.clickOnRailroadSetup is PASSED

2018-11-20 12:52:07 - [TEST_STEP][PASSED] - Statement - actions = new com.ge.tms.commonactions.RailroadActions(): Send request successfully

2018-11-20 12:52:07 - [MESSAGE][PASSED] - Send request successfully

2018-11-20 12:52:07 - [MESSAGE][PASSED] - Send request successfully

2018-11-20 12:52:07 - [MESSAGE][PASSED] - Send request successfully

2018-11-20 12:52:07 - [MESSAGE][PASSED] - Send request successfully

2018-11-20 12:52:07 - [TEST_STEP][PASSED] - com.ge.tms.commonactions.RailroadActions.clickOnSelectRailroadDropdown: com.ge.tms.commonactions.RailroadActions.clickOnSelectRailroadDropdown is PASSED

2018-11-20 12:52:07 - [MESSAGE][PASSED] - Send request successfully

2018-11-20 12:52:07 - [MESSAGE][PASSED] - Send request successfully

2018-11-20 12:52:07 - [MESSAGE][PASSED] - Send request successfully

2018-11-20 12:52:07 - [MESSAGE][PASSED] - Send request successfully

2018-11-20 12:52:07 - [MESSAGE][PASSED] - Execute JavaScript 'document.querySelector('#railroads-select-dropdown').shadowRoot.querySelector('#trigger').click()' successfully

2018-11-20 12:52:10 - [MESSAGE][PASSED] - Delayed 3 second(s)

2018-11-20 12:52:10 - [MESSAGE][PASSED] - com.ge.tms.commonactions.RailroadActions.clickOnSelectRailroadDropdown is PASSED

2018-11-20 12:52:10 - [TEST_STEP][PASSED] - com.ge.tms.commonactions.RailroadActions.selectRandomRailRoad: com.ge.tms.commonactions.RailroadActions.selectRandomRailRoad is PASSED

2018-11-20 12:52:10 - [MESSAGE][PASSED] - Send request successfully

2018-11-20 12:52:10 - [MESSAGE][PASSED] - Send request successfully

2018-11-20 12:52:10 - [MESSAGE][PASSED] - Send request successfully

2018-11-20 12:52:10 - [MESSAGE][PASSED] - Send request successfully

2018-11-20 12:52:10 - [MESSAGE][PASSED] - Execute JavaScript 'let railRoadList=[]; document.querySelector('#railroads-select-dropdown').shadowRoot.querySelector('#content').shadowRoot.querySelectorAll('#selector > div.dropdown-option').forEach(node => { railRoadList.push(node.getAttribute('title')) }); return railRoadList' successfully

2018-11-20 12:52:10 - [MESSAGE][PASSED] - Execute JavaScript 'return document.querySelector('#railroads-select-dropdown').shadowRoot.querySelector('#content').shadowRoot.querySelector('#selector > div:nth-child(1) span').innerHTML' successfully

2018-11-20 12:52:10 - [MESSAGE][PASSED] - Execute JavaScript 'return document.querySelector('#railroads-select-dropdown').shadowRoot.querySelector('#content').shadowRoot.querySelector('#selector > div:nth-child(1) span').click()' successfully

2018-11-20 12:52:10 - [MESSAGE][PASSED] - com.ge.tms.commonactions.RailroadActions.selectRandomRailRoad is PASSED

2018-11-20 12:52:10 - [TEST_STEP][PASSED] - delay: Delayed 2 second(s)

2018-11-20 12:52:12 - [MESSAGE][PASSED] - Delayed 2 second(s)

2018-11-20 12:52:12 - [TEST_STEP][PASSED] - Statement - setStationId = <not implemented yet for class: org.codehaus.groovy.ast.expr.EmptyExpression>: null

2018-11-20 12:52:12 - [TEST_STEP][PASSED] - Statement - actions.addStationMandatotyFields(setStationId): Delayed 3 second(s)

2018-11-20 12:52:12 - [MESSAGE][PASSED] - Object: 'Object Repository/F11822-Configure and Manage Stations/Add_New_Station_Button' is clicked on

2018-11-20 12:52:12 - [MESSAGE][PASSED] - Text 'YWYGCSX' is set on object 'Object Repository/F11822-Configure and Manage Stations/station_id'

2018-11-20 12:52:13 - [MESSAGE][PASSED] - Text 'L9T9ZZA' is set on object 'Object Repository/F11822-Configure and Manage Stations/station_name'

2018-11-20 12:52:13 - [MESSAGE][PASSED] - Execute JavaScript 'document.querySelector('#splc').shadowRoot.querySelector('#trigger').shadowRoot.querySelector('#trigger').click()' successfully

2018-11-20 12:52:13 - [MESSAGE][PASSED] - Execute JavaScript 'return document.querySelector('#splc').shadowRoot.querySelector('px-overlay-content > #content').shadowRoot.querySelectorAll('#dropdown > div > #selector > div').length' successfully

2018-11-20 12:52:13 - [MESSAGE][PASSED] - Execute JavaScript 'document.querySelector('#splc').shadowRoot.querySelector('px-overlay-content > #content').shadowRoot.querySelector('#dropdown > div > #selector > div:nth-child(1)').click()' successfully

2018-11-20 12:52:13 - [MESSAGE][PASSED] - Execute JavaScript 'return document.querySelector('#fsac').shadowRoot.querySelector('px-overlay-content > #content').shadowRoot.querySelectorAll('#dropdown > div > #selector > div').length' successfully

2018-11-20 12:52:13 - [MESSAGE][PASSED] - Execute JavaScript 'document.querySelector('#fsac').shadowRoot.querySelector('px-overlay-content > #content').shadowRoot.querySelector('#dropdown > div > #selector > div:nth-child(1)').click()' successfully

2018-11-20 12:52:13 - [MESSAGE][PASSED] - Execute JavaScript 'return document.querySelector('#station-timezone-qualifier').shadowRoot.querySelector('px-overlay-content > #content').shadowRoot.querySelectorAll('#dropdown > div > #selector > div').length' successfully

2018-11-20 12:52:13 - [MESSAGE][PASSED] - Execute JavaScript 'document.querySelector('#station-timezone-qualifier').shadowRoot.querySelector('px-overlay-content > #content').shadowRoot.querySelector('#dropdown > div > #selector > div:nth-child(8)').click()' successfully

2018-11-20 12:52:13 - [MESSAGE][PASSED] - Execute JavaScript 'return document.querySelector('#country').shadowRoot.querySelector('px-overlay-content > #content').shadowRoot.querySelectorAll('#dropdown > div > #selector > div').length' successfully

2018-11-20 12:52:13 - [MESSAGE][PASSED] - Execute JavaScript 'document.querySelector('#country').shadowRoot.querySelector('px-overlay-content > #content').shadowRoot.querySelector('#dropdown > div > #selector > div:nth-child(1)').click()' successfully

2018-11-20 12:52:13 - [MESSAGE][PASSED] - Execute JavaScript 'return document.querySelector('#state').shadowRoot.querySelector('px-overlay-content > #content').shadowRoot.querySelectorAll('#dropdown > div > #selector > div').length' successfully

2018-11-20 12:52:13 - [MESSAGE][PASSED] - Execute JavaScript 'document.querySelector('#state').shadowRoot.querySelector('px-overlay-content > #content').shadowRoot.querySelector('#dropdown > div > #selector > div:nth-child(14)').click()' successfully

2018-11-20 12:52:13 - [MESSAGE][PASSED] - Object: 'Object Repository/F11822-Configure and Manage Stations/station_save_button' is clicked on

2018-11-20 12:52:16 - [MESSAGE][PASSED] - Delayed 3 second(s)

2018-11-20 12:52:16 - [TEST_STEP][PASSED] - com.ge.tms.commonactions.RailroadActions.clickOnStationActionMenu: com.ge.tms.commonactions.RailroadActions.clickOnStationActionMenu is PASSED

2018-11-20 12:52:16 - [MESSAGE][PASSED] - Send request successfully

2018-11-20 12:52:16 - [MESSAGE][PASSED] - Send request successfully

2018-11-20 12:52:16 - [MESSAGE][PASSED] - Send request successfully

2018-11-20 12:52:16 - [MESSAGE][PASSED] - Send request successfully

2018-11-20 12:52:16 - [MESSAGE][PASSED] - Execute JavaScript 'document.querySelector('#station-actions-dropdown').shadowRoot.querySelector('#trigger').click()' successfully

2018-11-20 12:52:17 - [MESSAGE][PASSED] - Delayed 1 second(s)

2018-11-20 12:52:17 - [MESSAGE][PASSED] - com.ge.tms.commonactions.RailroadActions.clickOnStationActionMenu is PASSED

2018-11-20 12:52:17 - [TEST_STEP][PASSED] - com.ge.tms.commonactions.RailroadActions.clickOnEditStationButton: com.ge.tms.commonactions.RailroadActions.clickOnEditStationButton is PASSED

2018-11-20 12:52:17 - [MESSAGE][PASSED] - Send request successfully

2018-11-20 12:52:17 - [MESSAGE][PASSED] - Send request successfully

2018-11-20 12:52:17 - [MESSAGE][PASSED] - Send request successfully

2018-11-20 12:52:17 - [MESSAGE][PASSED] - Send request successfully

2018-11-20 12:52:17 - [MESSAGE][PASSED] - Execute JavaScript 'document.querySelector('#station-actions-dropdown').shadowRoot.querySelector('#content').shadowRoot.querySelector('#selector > div:nth-child(1)').click()' successfully

2018-11-20 12:52:18 - [MESSAGE][PASSED] - Delayed 1 second(s)

2018-11-20 12:52:18 - [MESSAGE][PASSED] - com.ge.tms.commonactions.RailroadActions.clickOnEditStationButton is PASSED

2018-11-20 12:52:18 - [TEST_STEP][PASSED] - com.ge.tms.railroad.RailroadVerification.verifyErrorMessagesForMandatoryFieldsStation: com.ge.tms.railroad.RailroadVerification.verifyErrorMessagesForMandatoryFieldsStation is PASSED

2018-11-20 12:52:18 - [MESSAGE][PASSED] - Send request successfully

2018-11-20 12:52:18 - [MESSAGE][PASSED] - Send request successfully

2018-11-20 12:52:18 - [MESSAGE][PASSED] - Send request successfully

2018-11-20 12:52:18 - [MESSAGE][PASSED] - Send request successfully

2018-11-20 12:52:18 - [MESSAGE][PASSED] - Send request successfully

2018-11-20 12:52:18 - [MESSAGE][PASSED] - Send request successfully

2018-11-20 12:52:18 - [MESSAGE][PASSED] - Send request successfully

2018-11-20 12:52:18 - [MESSAGE][PASSED] - Send request successfully

2018-11-20 12:52:18 - [MESSAGE][PASSED] - Object 'Object Repository/F11822-Configure and Manage Stations/station_id' has attribute 'disabled'

2018-11-20 12:52:18 - [MESSAGE][PASSED] - Object: 'Object Repository/F11822-Configure and Manage Stations/station_name' is clicked on

2018-11-20 12:52:19 - [MESSAGE][PASSED] - Text of object 'Object Repository/F11822-Configure and Manage Stations/station_name' is cleared

2018-11-20 12:52:19 - [MESSAGE][PASSED] - Keys ' ' sent to object: 'Object Repository/F11822-Configure and Manage Stations/station_name'

2018-11-20 12:52:19 - [MESSAGE][PASSED] - Keys '	' sent to object: 'Object Repository/F11822-Configure and Manage Stations/station_name'

2018-11-20 12:52:19 - [MESSAGE][PASSED] - Text of object 'Object Repository/F11822-Configure and Manage Stations/station_name_error_message' is: 'STATION NAME CANNOT BE EMPTY'

2018-11-20 12:52:19 - [MESSAGE][PASSED] - Actual object 'STATION NAME CANNOT BE EMPTY' and expected object 'STATION NAME CANNOT BE EMPTY' are equal

2018-11-20 12:52:19 - [MESSAGE][PASSED] - Attribute 'class' of object 'Object Repository/F11822-Configure and Manage Stations/station_save_button' is: 'btn btn--disabled btn--call-to-action float--right u-mr'

2018-11-20 12:52:19 - [MESSAGE][PASSED] - Actual object 'true' and expected object 'true' are equal

2018-11-20 12:52:19 - [MESSAGE][PASSED] - Object: 'Object Repository/F11822-Configure and Manage Stations/station_name' is clicked on

2018-11-20 12:52:19 - [MESSAGE][PASSED] - Text 'A*@T&!' is set on object 'Object Repository/F11822-Configure and Manage Stations/station_name'

2018-11-20 12:52:19 - [MESSAGE][PASSED] - Text of object 'Object Repository/F11822-Configure and Manage Stations/station_name_error_message' is: 'ALPHANUMERIC ONLY'

2018-11-20 12:52:19 - [MESSAGE][PASSED] - Actual object 'ALPHANUMERIC ONLY' and expected object 'ALPHANUMERIC ONLY' are equal

2018-11-20 12:52:19 - [MESSAGE][PASSED] - Attribute 'class' of object 'Object Repository/F11822-Configure and Manage Stations/station_save_button' is: 'btn btn--disabled btn--call-to-action float--right u-mr'

2018-11-20 12:52:19 - [MESSAGE][PASSED] - Actual object 'true' and expected object 'true' are equal

2018-11-20 12:52:19 - [MESSAGE][PASSED] - Execute JavaScript 'document.querySelector('#splc').shadowRoot.querySelector('#trigger').shadowRoot.querySelector('#trigger').click()' successfully

2018-11-20 12:52:19 - [MESSAGE][PASSED] - Execute JavaScript 'return document.querySelector('#splc').shadowRoot.querySelector('px-overlay-content > #content').shadowRoot.querySelectorAll('#dropdown > div > #selector > div').length' successfully

2018-11-20 12:52:19 - [MESSAGE][PASSED] - Execute JavaScript 'document.querySelector('#splc').shadowRoot.querySelector('px-overlay-content > #content').shadowRoot.querySelector('#dropdown > div > #selector > div:nth-child(1)').click()' successfully

2018-11-20 12:52:19 - [MESSAGE][PASSED] - Execute JavaScript 'document.querySelector('#splc').shadowRoot.querySelector('#trigger').shadowRoot.querySelector('#trigger').click()' successfully

2018-11-20 12:52:19 - [MESSAGE][PASSED] - Execute JavaScript 'document.querySelector('#splc').shadowRoot.querySelector('#trigger').shadowRoot.querySelector('px-icon').click()' successfully

2018-11-20 12:52:19 - [MESSAGE][PASSED] - Text of object 'Object Repository/F11822-Configure and Manage Stations/station_splc_error_message' is: 'SPLC CANNOT BE EMPTY'

2018-11-20 12:52:19 - [MESSAGE][PASSED] - Actual object 'SPLC CANNOT BE EMPTY' and expected object 'SPLC CANNOT BE EMPTY' are equal

2018-11-20 12:52:19 - [MESSAGE][PASSED] - Attribute 'class' of object 'Object Repository/F11822-Configure and Manage Stations/station_save_button' is: 'btn btn--disabled btn--call-to-action float--right u-mr'

2018-11-20 12:52:19 - [MESSAGE][PASSED] - Actual object 'true' and expected object 'true' are equal

2018-11-20 12:52:19 - [MESSAGE][PASSED] - Execute JavaScript 'return document.querySelector('#fsac').shadowRoot.querySelector('px-overlay-content > #content').shadowRoot.querySelectorAll('#dropdown > div > #selector > div').length' successfully

2018-11-20 12:52:19 - [MESSAGE][PASSED] - Execute JavaScript 'document.querySelector('#fsac').shadowRoot.querySelector('px-overlay-content > #content').shadowRoot.querySelector('#dropdown > div > #selector > div:nth-child(1)').click()' successfully

2018-11-20 12:52:19 - [MESSAGE][PASSED] - Execute JavaScript 'document.querySelector('#fsac').shadowRoot.querySelector('#trigger').shadowRoot.querySelector('#trigger').click()' successfully

2018-11-20 12:52:19 - [MESSAGE][PASSED] - Execute JavaScript 'document.querySelector('#fsac').shadowRoot.querySelector('#trigger').shadowRoot.querySelector('px-icon').click()' successfully

2018-11-20 12:52:19 - [MESSAGE][PASSED] - Text of object 'Object Repository/F11822-Configure and Manage Stations/station_fsac_error_message' is: 'FSAC CANNOT BE EMPTY'

2018-11-20 12:52:19 - [MESSAGE][PASSED] - Actual object 'FSAC CANNOT BE EMPTY' and expected object 'FSAC CANNOT BE EMPTY' are equal

2018-11-20 12:52:19 - [MESSAGE][PASSED] - Attribute 'class' of object 'Object Repository/F11822-Configure and Manage Stations/station_save_button' is: 'btn btn--disabled btn--call-to-action float--right u-mr'

2018-11-20 12:52:19 - [MESSAGE][PASSED] - Actual object 'true' and expected object 'true' are equal

2018-11-20 12:52:19 - [MESSAGE][PASSED] - Execute JavaScript 'return document.querySelector('#station-timezone-qualifier').shadowRoot.querySelector('px-overlay-content > #content').shadowRoot.querySelectorAll('#dropdown > div > #selector > div').length' successfully

2018-11-20 12:52:19 - [MESSAGE][PASSED] - Execute JavaScript 'document.querySelector('#station-timezone-qualifier').shadowRoot.querySelector('px-overlay-content > #content').shadowRoot.querySelector('#dropdown > div > #selector > div:nth-child(8)').click()' successfully

2018-11-20 12:52:19 - [MESSAGE][PASSED] - Execute JavaScript 'document.querySelector('#station-timezone-qualifier').shadowRoot.querySelector('#trigger').shadowRoot.querySelector('#trigger').click()' successfully

2018-11-20 12:52:19 - [MESSAGE][PASSED] - Execute JavaScript 'document.querySelector('#station-timezone-qualifier').shadowRoot.querySelector('#trigger').shadowRoot.querySelector('px-icon').click()' successfully

2018-11-20 12:52:19 - [MESSAGE][PASSED] - Text of object 'Object Repository/F11822-Configure and Manage Stations/station_timezone_error_message' is: 'TIME ZONE CANNOT BE EMPTY'

2018-11-20 12:52:19 - [MESSAGE][PASSED] - Actual object 'TIME ZONE CANNOT BE EMPTY' and expected object 'TIME ZONE CANNOT BE EMPTY' are equal

2018-11-20 12:52:19 - [MESSAGE][PASSED] - Attribute 'class' of object 'Object Repository/F11822-Configure and Manage Stations/station_save_button' is: 'btn btn--disabled btn--call-to-action float--right u-mr'

2018-11-20 12:52:19 - [MESSAGE][PASSED] - Actual object 'true' and expected object 'true' are equal

2018-11-20 12:52:19 - [MESSAGE][PASSED] - Execute JavaScript 'return document.querySelector('#country').shadowRoot.querySelector('px-overlay-content > #content').shadowRoot.querySelectorAll('#dropdown > div > #selector > div').length' successfully

2018-11-20 12:52:19 - [MESSAGE][PASSED] - Execute JavaScript 'document.querySelector('#country').shadowRoot.querySelector('px-overlay-content > #content').shadowRoot.querySelector('#dropdown > div > #selector > div:nth-child(1)').click()' successfully

2018-11-20 12:52:19 - [MESSAGE][PASSED] - Execute JavaScript 'document.querySelector('#country').shadowRoot.querySelector('#trigger').shadowRoot.querySelector('#trigger').click()' successfully

2018-11-20 12:52:20 - [MESSAGE][PASSED] - Execute JavaScript 'document.querySelector('#country').shadowRoot.querySelector('#trigger').shadowRoot.querySelector('px-icon').click()' successfully

2018-11-20 12:52:20 - [MESSAGE][PASSED] - Text of object 'Object Repository/F11822-Configure and Manage Stations/station_country_error_message' is: 'COUNTRY CANNOT BE EMPTY'

2018-11-20 12:52:20 - [MESSAGE][PASSED] - Actual object 'COUNTRY CANNOT BE EMPTY' and expected object 'COUNTRY CANNOT BE EMPTY' are equal

2018-11-20 12:52:20 - [MESSAGE][PASSED] - Attribute 'class' of object 'Object Repository/F11822-Configure and Manage Stations/station_save_button' is: 'btn btn--disabled btn--call-to-action float--right u-mr'

2018-11-20 12:52:20 - [MESSAGE][PASSED] - Actual object 'true' and expected object 'true' are equal

2018-11-20 12:52:21 - [MESSAGE][PASSED] - Delayed 1 second(s)

2018-11-20 12:52:21 - [MESSAGE][PASSED] - Execute JavaScript 'return document.querySelector('#country').shadowRoot.querySelector('px-overlay-content > #content').shadowRoot.querySelectorAll('#dropdown > div > #selector > div').length' successfully

2018-11-20 12:52:21 - [MESSAGE][PASSED] - Execute JavaScript 'document.querySelector('#country').shadowRoot.querySelector('px-overlay-content > #content').shadowRoot.querySelector('#dropdown > div > #selector > div:nth-child(2)').click()' successfully

2018-11-20 12:52:21 - [MESSAGE][PASSED] - Execute JavaScript 'return document.querySelector('#state').shadowRoot.querySelector('px-overlay-content > #content').shadowRoot.querySelectorAll('#dropdown > div > #selector > div').length' successfully

2018-11-20 12:52:21 - [MESSAGE][PASSED] - Execute JavaScript 'document.querySelector('#state').shadowRoot.querySelector('px-overlay-content > #content').shadowRoot.querySelector('#dropdown > div > #selector > div:nth-child(5)').click()' successfully

2018-11-20 12:52:21 - [MESSAGE][PASSED] - Execute JavaScript 'document.querySelector('#state').shadowRoot.querySelector('#trigger').shadowRoot.querySelector('#trigger').click()' successfully

2018-11-20 12:52:21 - [MESSAGE][PASSED] - Execute JavaScript 'document.querySelector('#state').shadowRoot.querySelector('#trigger').shadowRoot.querySelector('px-icon').click()' successfully

2018-11-20 12:52:21 - [MESSAGE][PASSED] - Text of object 'Object Repository/F11822-Configure and Manage Stations/station_state_error_message' is: 'STATE CANNOT BE EMPTY'

2018-11-20 12:52:21 - [MESSAGE][PASSED] - Actual object 'STATE CANNOT BE EMPTY' and expected object 'STATE CANNOT BE EMPTY' are equal

2018-11-20 12:52:21 - [MESSAGE][PASSED] - Attribute 'class' of object 'Object Repository/F11822-Configure and Manage Stations/station_save_button' is: 'btn btn--disabled btn--call-to-action float--right u-mr'

2018-11-20 12:52:21 - [MESSAGE][PASSED] - Actual object 'true' and expected object 'true' are equal

2018-11-20 12:52:21 - [MESSAGE][PASSED] - com.ge.tms.railroad.RailroadVerification.verifyErrorMessagesForMandatoryFieldsStation is PASSED

2018-11-20 12:52:21 - [TEST_STEP][PASSED] - Statement - actions.clickOnStationCancelButton(): Delayed 1 second(s)

2018-11-20 12:52:21 - [MESSAGE][PASSED] - Object: 'Object Repository/F11822-Configure and Manage Stations/station_cancel_button' is clicked on

2018-11-20 12:52:22 - [MESSAGE][PASSED] - Delayed 1 second(s)

2018-11-20 12:52:22 - [TEST_STEP][PASSED] - com.ge.tms.commonactions.RailroadActions.clickOnStationActionMenu: com.ge.tms.commonactions.RailroadActions.clickOnStationActionMenu is PASSED

2018-11-20 12:52:22 - [MESSAGE][PASSED] - Send request successfully

2018-11-20 12:52:22 - [MESSAGE][PASSED] - Send request successfully

2018-11-20 12:52:22 - [MESSAGE][PASSED] - Send request successfully

2018-11-20 12:52:22 - [MESSAGE][PASSED] - Send request successfully

2018-11-20 12:52:22 - [MESSAGE][PASSED] - Execute JavaScript 'document.querySelector('#station-actions-dropdown').shadowRoot.querySelector('#trigger').click()' successfully

2018-11-20 12:52:23 - [MESSAGE][PASSED] - Delayed 1 second(s)

2018-11-20 12:52:23 - [MESSAGE][PASSED] - com.ge.tms.commonactions.RailroadActions.clickOnStationActionMenu is PASSED

2018-11-20 12:52:23 - [TEST_STEP][PASSED] - com.ge.tms.commonactions.RailroadActions.clickOnDeleteStationButton: com.ge.tms.commonactions.RailroadActions.clickOnDeleteStationButton is PASSED

2018-11-20 12:52:23 - [MESSAGE][PASSED] - Send request successfully

2018-11-20 12:52:23 - [MESSAGE][PASSED] - Send request successfully

2018-11-20 12:52:23 - [MESSAGE][PASSED] - Send request successfully

2018-11-20 12:52:23 - [MESSAGE][PASSED] - Send request successfully

2018-11-20 12:52:23 - [MESSAGE][PASSED] - Execute JavaScript 'document.querySelector('#station-actions-dropdown').shadowRoot.querySelector('#content').shadowRoot.querySelector('#selector > div:nth-child(2)').click()' successfully

2018-11-20 12:52:23 - [MESSAGE][PASSED] - com.ge.tms.commonactions.RailroadActions.clickOnDeleteStationButton is PASSED

2018-11-20 12:52:23 - [TEST_STEP][PASSED] - Statement - deleteYesButtonObj = com.kms.katalon.core.testobject.ObjectRepository.findTestObject(Object Repository/F11822-Configure and Manage Stations/deleteConfirmationYesButton): Finding Test Object with id 'Object Repository/F11822-Configure and Manage Stations/deleteConfirmationYesButton'

2018-11-20 12:52:23 - [TEST_STEP][PASSED] - com.ge.tms.commonactions.RailroadActions.clickOnTestObject: com.ge.tms.commonactions.RailroadActions.clickOnTestObject is PASSED

2018-11-20 12:52:23 - [MESSAGE][PASSED] - Send request successfully

2018-11-20 12:52:23 - [MESSAGE][PASSED] - Send request successfully

2018-11-20 12:52:23 - [MESSAGE][PASSED] - Send request successfully

2018-11-20 12:52:23 - [MESSAGE][PASSED] - Send request successfully

2018-11-20 12:52:23 - [MESSAGE][PASSED] - Object: 'Object Repository/F11822-Configure and Manage Stations/deleteConfirmationYesButton' is clicked on

2018-11-20 12:52:23 - [MESSAGE][PASSED] - com.ge.tms.commonactions.RailroadActions.clickOnTestObject is PASSED

2018-11-20 12:52:23 - [TEST_STEP][PASSED] - delay: Delayed 1 second(s)

2018-11-20 12:52:24 - [MESSAGE][PASSED] - Delayed 1 second(s)

2018-11-20 12:52:24 - [TEST_STEP][PASSED] - com.ge.tms.railroad.RailroadVerification.verifyDeletedItemNotPresentInSearchView: com.ge.tms.railroad.RailroadVerification.verifyDeletedItemNotPresentInSearchView is PASSED

2018-11-20 12:52:24 - [MESSAGE][PASSED] - Send request successfully

2018-11-20 12:52:24 - [MESSAGE][PASSED] - Send request successfully

2018-11-20 12:52:24 - [MESSAGE][PASSED] - Send request successfully

2018-11-20 12:52:24 - [MESSAGE][PASSED] - Send request successfully

2018-11-20 12:52:24 - [MESSAGE][PASSED] - Send request successfully

2018-11-20 12:52:24 - [MESSAGE][PASSED] - Send request successfully

2018-11-20 12:52:24 - [MESSAGE][PASSED] - Send request successfully

2018-11-20 12:52:24 - [MESSAGE][PASSED] - Send request successfully

2018-11-20 12:52:25 - [MESSAGE][PASSED] - Text 'YWYGCSX' is set on object 'Object Repository/CommonObjects/searchTextBoxLeftNav'

2018-11-20 12:52:27 - [MESSAGE][PASSED] - Delayed 2 second(s)

2018-11-20 12:52:27 - [MESSAGE][PASSED] - Text of object 'Object Repository/CommonObjects/noSearchResultMessageLeftNav' is: 'No stations or zones found.'

2018-11-20 12:52:27 - [MESSAGE][PASSED] - Actual object 'No stations or zones found.' and expected object 'No stations or zones found.' are equal

2018-11-20 12:52:27 - [MESSAGE][PASSED] - com.ge.tms.railroad.RailroadVerification.verifyDeletedItemNotPresentInSearchView is PASSED

2018-11-20 12:52:27 - [TEST_STEP][PASSED] - Start listener action : closeBrowserForTestCasse: Navigate to 'http://localhost:8080/home' successfully

2018-11-20 12:52:27 - [TEST_STEP][PASSED] - Statement - If (isTestSuitEnable == true): null

2018-11-20 12:52:27 - [TEST_STEP][PASSED] - Statement - beforeTestCaseExecute(): null

2018-11-20 12:52:27 - [TEST_STEP][PASSED] - Statement - If (isTestSuitEnable == true): Navigate to 'http://localhost:8080/home' successfully

2018-11-20 12:52:27 - [TEST_STEP][PASSED] - navigateToUrl: Navigate to 'http://localhost:8080/home' successfully

2018-11-20 12:52:28 - [MESSAGE][PASSED] - Navigate to 'http://localhost:8080/home' successfully

2018-11-20 12:52:28 - [TEST_STEP][PASSED] - Start listener action : afterTestCase: Invoke 'com.kms.katalon.core.annotation.AfterTestCase' method: 'TmsTestListner.afterTestCase(...)' completed.

2018-11-20 12:52:28 - [TEST_STEP][PASSED] - Statement - If (java.lang.System.getProperties().containsKey("updateRally")): Invoke 'com.kms.katalon.core.annotation.AfterTestCase' method: 'TmsTestListner.afterTestCase(...)' completed.]]></system-out>
         <system-err><![CDATA[]]></system-err>
      </testcase>
      <testcase name="Test Cases/Railroad/F5140-Add Zone Functionalities/QA-US88570-Add Zone/US38196 - Save new Zone/TC63749-Add Zone Successfully" classname="Test Cases/Railroad/F5140-Add Zone Functionalities/QA-US88570-Add Zone/US38196 - Save new Zone/TC63749-Add Zone Successfully" status="PASSED">
         <system-out><![CDATA[2018-11-20 12:52:28 - [TEST_CASE][PASSED] - Test Cases/Railroad/F5140-Add Zone Functionalities/QA-US88570-Add Zone/US38196 - Save new Zone/TC63749-Add Zone Successfully: Test Cases/Railroad/F5140-Add Zone Functionalities/QA-US88570-Add Zone/US38196 - Save new Zone/TC63749-Add Zone Successfully

2018-11-20 12:52:28 - [TEST_STEP][PASSED] - Start listener action : beforeTestCaseExecute: Navigate to 'http://localhost:8080/home' successfully

2018-11-20 12:52:28 - [TEST_STEP][PASSED] - Statement - If (isTestSuitEnable == true): Navigate to 'http://localhost:8080/home' successfully

2018-11-20 12:52:28 - [TEST_STEP][PASSED] - navigateToUrl: Navigate to 'http://localhost:8080/home' successfully

2018-11-20 12:52:28 - [MESSAGE][PASSED] - Navigate to 'http://localhost:8080/home' successfully

2018-11-20 12:52:28 - [TEST_STEP][PASSED] - Statement - util = new com.ge.tms.util.CommonUtilities(): Send request successfully

2018-11-20 12:52:28 - [MESSAGE][PASSED] - Send request successfully

2018-11-20 12:52:28 - [MESSAGE][PASSED] - Send request successfully

2018-11-20 12:52:29 - [MESSAGE][PASSED] - Send request successfully

2018-11-20 12:52:29 - [MESSAGE][PASSED] - Send request successfully

2018-11-20 12:52:29 - [TEST_STEP][PASSED] - Statement - actions = new com.ge.tms.commonactions.RailroadActions(): Send request successfully

2018-11-20 12:52:29 - [MESSAGE][PASSED] - Send request successfully

2018-11-20 12:52:29 - [MESSAGE][PASSED] - Send request successfully

2018-11-20 12:52:29 - [MESSAGE][PASSED] - Send request successfully

2018-11-20 12:52:29 - [MESSAGE][PASSED] - Send request successfully

2018-11-20 12:52:29 - [TEST_STEP][PASSED] - com.ge.tms.commonactions.CommonClickEvents.clickOnRailroadSetup: com.ge.tms.commonactions.CommonClickEvents.clickOnRailroadSetup is PASSED

2018-11-20 12:52:29 - [MESSAGE][PASSED] - Execute JavaScript 'document.querySelector('px-app-nav').shadowRoot.querySelector('#items > px-app-nav-group:nth-child(13) > px-app-nav-subitem:nth-child(1)').click()' successfully

2018-11-20 12:52:31 - [MESSAGE][PASSED] - Delayed 2 second(s)

2018-11-20 12:52:31 - [MESSAGE][PASSED] - com.ge.tms.commonactions.CommonClickEvents.clickOnRailroadSetup is PASSED

2018-11-20 12:52:31 - [TEST_STEP][PASSED] - com.ge.tms.commonactions.RailroadActions.clickOnSelectRailroadDropdown: com.ge.tms.commonactions.RailroadActions.clickOnSelectRailroadDropdown is PASSED

2018-11-20 12:52:31 - [MESSAGE][PASSED] - Send request successfully

2018-11-20 12:52:31 - [MESSAGE][PASSED] - Send request successfully

2018-11-20 12:52:31 - [MESSAGE][PASSED] - Send request successfully

2018-11-20 12:52:31 - [MESSAGE][PASSED] - Send request successfully

2018-11-20 12:52:31 - [MESSAGE][PASSED] - Execute JavaScript 'document.querySelector('#railroads-select-dropdown').shadowRoot.querySelector('#trigger').click()' successfully

2018-11-20 12:52:34 - [MESSAGE][PASSED] - Delayed 3 second(s)

2018-11-20 12:52:34 - [MESSAGE][PASSED] - com.ge.tms.commonactions.RailroadActions.clickOnSelectRailroadDropdown is PASSED

2018-11-20 12:52:34 - [TEST_STEP][PASSED] - com.ge.tms.commonactions.RailroadActions.selectRandomRailRoad: com.ge.tms.commonactions.RailroadActions.selectRandomRailRoad is PASSED

2018-11-20 12:52:34 - [MESSAGE][PASSED] - Send request successfully

2018-11-20 12:52:34 - [MESSAGE][PASSED] - Send request successfully

2018-11-20 12:52:34 - [MESSAGE][PASSED] - Send request successfully

2018-11-20 12:52:34 - [MESSAGE][PASSED] - Send request successfully

2018-11-20 12:52:34 - [MESSAGE][PASSED] - Execute JavaScript 'let railRoadList=[]; document.querySelector('#railroads-select-dropdown').shadowRoot.querySelector('#content').shadowRoot.querySelectorAll('#selector > div.dropdown-option').forEach(node => { railRoadList.push(node.getAttribute('title')) }); return railRoadList' successfully

2018-11-20 12:52:34 - [MESSAGE][PASSED] - Execute JavaScript 'return document.querySelector('#railroads-select-dropdown').shadowRoot.querySelector('#content').shadowRoot.querySelector('#selector > div:nth-child(1) span').innerHTML' successfully

2018-11-20 12:52:34 - [MESSAGE][PASSED] - Execute JavaScript 'return document.querySelector('#railroads-select-dropdown').shadowRoot.querySelector('#content').shadowRoot.querySelector('#selector > div:nth-child(1) span').click()' successfully

2018-11-20 12:52:34 - [MESSAGE][PASSED] - com.ge.tms.commonactions.RailroadActions.selectRandomRailRoad is PASSED

2018-11-20 12:52:34 - [TEST_STEP][PASSED] - delay: Delayed 4 second(s)

2018-11-20 12:52:38 - [MESSAGE][PASSED] - Delayed 4 second(s)

2018-11-20 12:52:38 - [TEST_STEP][PASSED] - Statement - setStationId = <not implemented yet for class: org.codehaus.groovy.ast.expr.EmptyExpression>: null

2018-11-20 12:52:38 - [TEST_STEP][PASSED] - Statement - actions.addStationMandatotyFields(setStationId): Delayed 3 second(s)

2018-11-20 12:52:38 - [MESSAGE][PASSED] - Object: 'Object Repository/F11822-Configure and Manage Stations/Add_New_Station_Button' is clicked on

2018-11-20 12:52:38 - [MESSAGE][PASSED] - Text 'OHLELM5' is set on object 'Object Repository/F11822-Configure and Manage Stations/station_id'

2018-11-20 12:52:39 - [MESSAGE][PASSED] - Text 'OWJ6FXZ' is set on object 'Object Repository/F11822-Configure and Manage Stations/station_name'

2018-11-20 12:52:39 - [MESSAGE][PASSED] - Execute JavaScript 'document.querySelector('#splc').shadowRoot.querySelector('#trigger').shadowRoot.querySelector('#trigger').click()' successfully

2018-11-20 12:52:39 - [MESSAGE][PASSED] - Execute JavaScript 'return document.querySelector('#splc').shadowRoot.querySelector('px-overlay-content > #content').shadowRoot.querySelectorAll('#dropdown > div > #selector > div').length' successfully

2018-11-20 12:52:39 - [MESSAGE][PASSED] - Execute JavaScript 'document.querySelector('#splc').shadowRoot.querySelector('px-overlay-content > #content').shadowRoot.querySelector('#dropdown > div > #selector > div:nth-child(1)').click()' successfully

2018-11-20 12:52:39 - [MESSAGE][PASSED] - Execute JavaScript 'return document.querySelector('#fsac').shadowRoot.querySelector('px-overlay-content > #content').shadowRoot.querySelectorAll('#dropdown > div > #selector > div').length' successfully

2018-11-20 12:52:39 - [MESSAGE][PASSED] - Execute JavaScript 'document.querySelector('#fsac').shadowRoot.querySelector('px-overlay-content > #content').shadowRoot.querySelector('#dropdown > div > #selector > div:nth-child(1)').click()' successfully

2018-11-20 12:52:39 - [MESSAGE][PASSED] - Execute JavaScript 'return document.querySelector('#station-timezone-qualifier').shadowRoot.querySelector('px-overlay-content > #content').shadowRoot.querySelectorAll('#dropdown > div > #selector > div').length' successfully

2018-11-20 12:52:39 - [MESSAGE][PASSED] - Execute JavaScript 'document.querySelector('#station-timezone-qualifier').shadowRoot.querySelector('px-overlay-content > #content').shadowRoot.querySelector('#dropdown > div > #selector > div:nth-child(3)').click()' successfully

2018-11-20 12:52:39 - [MESSAGE][PASSED] - Execute JavaScript 'return document.querySelector('#country').shadowRoot.querySelector('px-overlay-content > #content').shadowRoot.querySelectorAll('#dropdown > div > #selector > div').length' successfully

2018-11-20 12:52:39 - [MESSAGE][PASSED] - Execute JavaScript 'document.querySelector('#country').shadowRoot.querySelector('px-overlay-content > #content').shadowRoot.querySelector('#dropdown > div > #selector > div:nth-child(1)').click()' successfully

2018-11-20 12:52:39 - [MESSAGE][PASSED] - Execute JavaScript 'return document.querySelector('#state').shadowRoot.querySelector('px-overlay-content > #content').shadowRoot.querySelectorAll('#dropdown > div > #selector > div').length' successfully

2018-11-20 12:52:39 - [MESSAGE][PASSED] - Execute JavaScript 'document.querySelector('#state').shadowRoot.querySelector('px-overlay-content > #content').shadowRoot.querySelector('#dropdown > div > #selector > div:nth-child(28)').click()' successfully

2018-11-20 12:52:39 - [MESSAGE][PASSED] - Object: 'Object Repository/F11822-Configure and Manage Stations/station_save_button' is clicked on

2018-11-20 12:52:42 - [MESSAGE][PASSED] - Delayed 3 second(s)

2018-11-20 12:52:42 - [TEST_STEP][PASSED] - delay: Delayed 4 second(s)

2018-11-20 12:52:46 - [MESSAGE][PASSED] - Delayed 4 second(s)

2018-11-20 12:52:46 - [TEST_STEP][PASSED] - Statement - setZoneId = <not implemented yet for class: org.codehaus.groovy.ast.expr.EmptyExpression>: null

2018-11-20 12:52:46 - [TEST_STEP][PASSED] - Statement - actions.addZone(setZoneId): Execute JavaScript 'document.querySelector('#zone-type').shadowRoot.querySelector('#content').shadowRoot.querySelector('#selector > div:nth-child(1)').click()' successfully

2018-11-20 12:52:46 - [MESSAGE][PASSED] - Object: 'Object Repository/F5140-Add Zone Functionalities/QA-US88570-Add Zone/US38196-Save a New Zone/Add Edit Zone/addNewZoneButton' is clicked on

2018-11-20 12:52:49 - [MESSAGE][PASSED] - Delayed 3 second(s)

2018-11-20 12:52:49 - [MESSAGE][PASSED] - Text 'P230F' is set on object 'Object Repository/F5140-Add Zone Functionalities/QA-US88570-Add Zone/US38196-Save a New Zone/Add Edit Zone/zoneID'

2018-11-20 12:52:49 - [MESSAGE][PASSED] - Text 'IOKQFOS' is set on object 'Object Repository/F5140-Add Zone Functionalities/QA-US88570-Add Zone/US38196-Save a New Zone/Add Edit Zone/zoneName'

2018-11-20 12:52:49 - [MESSAGE][PASSED] - Execute JavaScript 'document.querySelector('#zone-type').shadowRoot.querySelector('#trigger').click()' successfully

2018-11-20 12:52:49 - [MESSAGE][PASSED] - Execute JavaScript 'return document.querySelector('#zone-type').shadowRoot.querySelector('#content').shadowRoot.querySelectorAll('#selector > div').length' successfully

2018-11-20 12:52:49 - [MESSAGE][PASSED] - Execute JavaScript 'document.querySelector('#zone-type').shadowRoot.querySelector('#content').shadowRoot.querySelector('#selector > div:nth-child(1)').click()' successfully

2018-11-20 12:52:49 - [TEST_STEP][PASSED] - Statement - saveButtonObject = com.kms.katalon.core.testobject.ObjectRepository.findTestObject(Object Repository/F5140-Add Zone Functionalities/QA-US88570-Add Zone/US38196-Save a New Zone/Add Edit Zone/zoneSaveButton): Finding Test Object with id 'Object Repository/F5140-Add Zone Functionalities/QA-US88570-Add Zone/US38196-Save a New Zone/Add Edit Zone/zoneSaveButton'

2018-11-20 12:52:49 - [TEST_STEP][PASSED] - Statement - util.verifySaveButtonEnabled(saveButtonObject): Actual object 'true' and expected object 'true' are equal

2018-11-20 12:52:49 - [MESSAGE][PASSED] - Attribute 'class' of object 'Object Repository/F5140-Add Zone Functionalities/QA-US88570-Add Zone/US38196-Save a New Zone/Add Edit Zone/zoneSaveButton' is: 'btn btn--call-to-action u-ml'

2018-11-20 12:52:49 - [MESSAGE][PASSED] - Actual object 'true' and expected object 'true' are equal

2018-11-20 12:52:49 - [TEST_STEP][PASSED] - com.ge.tms.commonactions.RailroadActions.clickOnZoneSaveButton: com.ge.tms.commonactions.RailroadActions.clickOnZoneSaveButton is PASSED

2018-11-20 12:52:49 - [MESSAGE][PASSED] - Send request successfully

2018-11-20 12:52:49 - [MESSAGE][PASSED] - Send request successfully

2018-11-20 12:52:49 - [MESSAGE][PASSED] - Send request successfully

2018-11-20 12:52:49 - [MESSAGE][PASSED] - Send request successfully

2018-11-20 12:52:49 - [MESSAGE][PASSED] - Object: 'Object Repository/F5140-Add Zone Functionalities/QA-US88570-Add Zone/US38196-Save a New Zone/Add Edit Zone/zoneSaveButton' is clicked on

2018-11-20 12:52:52 - [MESSAGE][PASSED] - Delayed 3 second(s)

2018-11-20 12:52:52 - [MESSAGE][PASSED] - com.ge.tms.commonactions.RailroadActions.clickOnZoneSaveButton is PASSED

2018-11-20 12:52:52 - [TEST_STEP][PASSED] - com.ge.tms.railroad.RailroadVerification.verifyNewZoneCreatedSuccessfully: com.ge.tms.railroad.RailroadVerification.verifyNewZoneCreatedSuccessfully is PASSED

2018-11-20 12:52:52 - [MESSAGE][PASSED] - Send request successfully

2018-11-20 12:52:52 - [MESSAGE][PASSED] - Send request successfully

2018-11-20 12:52:52 - [MESSAGE][PASSED] - Send request successfully

2018-11-20 12:52:52 - [MESSAGE][PASSED] - Send request successfully

2018-11-20 12:52:52 - [MESSAGE][PASSED] - Send request successfully

2018-11-20 12:52:52 - [MESSAGE][PASSED] - Send request successfully

2018-11-20 12:52:52 - [MESSAGE][PASSED] - Send request successfully

2018-11-20 12:52:52 - [MESSAGE][PASSED] - Send request successfully

2018-11-20 12:52:52 - [MESSAGE][PASSED] - Text of object 'Object Repository/F5140-Add Zone Functionalities/QA-US88570-Add Zone/US38196-Save a New Zone/Add Edit Zone/viewZoneId' is: 'P230F'

2018-11-20 12:52:52 - [MESSAGE][PASSED] - Actual object 'P230F' and expected object 'P230F' are equal

2018-11-20 12:52:53 - [MESSAGE][PASSED] - Text of object 'Object Repository/F5140-Add Zone Functionalities/QA-US88570-Add Zone/US38196-Save a New Zone/Add Edit Zone/ViewZoneName' is: 'IOKQFOS'

2018-11-20 12:52:53 - [MESSAGE][PASSED] - Actual object 'IOKQFOS' and expected object 'IOKQFOS' are equal

2018-11-20 12:52:53 - [MESSAGE][PASSED] - com.ge.tms.railroad.RailroadVerification.verifyNewZoneCreatedSuccessfully is PASSED

2018-11-20 12:52:53 - [TEST_STEP][PASSED] - com.ge.tms.commonactions.RailroadActions.clickOnZoneActionMenu: com.ge.tms.commonactions.RailroadActions.clickOnZoneActionMenu is PASSED

2018-11-20 12:52:53 - [MESSAGE][PASSED] - Send request successfully

2018-11-20 12:52:53 - [MESSAGE][PASSED] - Send request successfully

2018-11-20 12:52:53 - [MESSAGE][PASSED] - Send request successfully

2018-11-20 12:52:53 - [MESSAGE][PASSED] - Send request successfully

2018-11-20 12:52:53 - [MESSAGE][PASSED] - Execute JavaScript 'document.querySelector('#zone-actions-dropdown').shadowRoot.querySelector('#trigger').click()' successfully

2018-11-20 12:52:54 - [MESSAGE][PASSED] - Delayed 1 second(s)

2018-11-20 12:52:54 - [MESSAGE][PASSED] - com.ge.tms.commonactions.RailroadActions.clickOnZoneActionMenu is PASSED

2018-11-20 12:52:54 - [TEST_STEP][PASSED] - com.ge.tms.commonactions.RailroadActions.clickOnDeleteAction: com.ge.tms.commonactions.RailroadActions.clickOnDeleteAction is PASSED

2018-11-20 12:52:54 - [MESSAGE][PASSED] - Send request successfully

2018-11-20 12:52:54 - [MESSAGE][PASSED] - Send request successfully

2018-11-20 12:52:54 - [MESSAGE][PASSED] - Send request successfully

2018-11-20 12:52:54 - [MESSAGE][PASSED] - Send request successfully

2018-11-20 12:52:54 - [MESSAGE][PASSED] - Execute JavaScript 'document.querySelector('#zone-actions-dropdown').shadowRoot.querySelector('#content').shadowRoot.querySelector('#selector > div:nth-child(2)').click()' successfully

2018-11-20 12:52:54 - [MESSAGE][PASSED] - com.ge.tms.commonactions.RailroadActions.clickOnDeleteAction is PASSED

2018-11-20 12:52:54 - [TEST_STEP][PASSED] - delay: Delayed 1 second(s)

2018-11-20 12:52:55 - [MESSAGE][PASSED] - Delayed 1 second(s)

2018-11-20 12:52:55 - [TEST_STEP][PASSED] - Statement - deleteYesButtonObj = com.kms.katalon.core.testobject.ObjectRepository.findTestObject(Object Repository/F5140-Add Zone Functionalities/QA-US88570-Add Zone/US38196-Save a New Zone/Delete Zone/deleteYesButton): Finding Test Object with id 'Object Repository/F5140-Add Zone Functionalities/QA-US88570-Add Zone/US38196-Save a New Zone/Delete Zone/deleteYesButton'

2018-11-20 12:52:55 - [TEST_STEP][PASSED] - com.ge.tms.commonactions.RailroadActions.clickOnTestObject: com.ge.tms.commonactions.RailroadActions.clickOnTestObject is PASSED

2018-11-20 12:52:55 - [MESSAGE][PASSED] - Send request successfully

2018-11-20 12:52:55 - [MESSAGE][PASSED] - Send request successfully

2018-11-20 12:52:55 - [MESSAGE][PASSED] - Send request successfully

2018-11-20 12:52:55 - [MESSAGE][PASSED] - Send request successfully

2018-11-20 12:52:55 - [MESSAGE][PASSED] - Object: 'Object Repository/F5140-Add Zone Functionalities/QA-US88570-Add Zone/US38196-Save a New Zone/Delete Zone/deleteYesButton' is clicked on

2018-11-20 12:52:55 - [MESSAGE][PASSED] - com.ge.tms.commonactions.RailroadActions.clickOnTestObject is PASSED

2018-11-20 12:52:55 - [TEST_STEP][PASSED] - delay: Delayed 1 second(s)

2018-11-20 12:52:56 - [MESSAGE][PASSED] - Delayed 1 second(s)

2018-11-20 12:52:56 - [TEST_STEP][PASSED] - com.ge.tms.commonactions.RailroadActions.clickOnStationActionMenu: com.ge.tms.commonactions.RailroadActions.clickOnStationActionMenu is PASSED

2018-11-20 12:52:56 - [MESSAGE][PASSED] - Send request successfully

2018-11-20 12:52:56 - [MESSAGE][PASSED] - Send request successfully

2018-11-20 12:52:56 - [MESSAGE][PASSED] - Send request successfully

2018-11-20 12:52:56 - [MESSAGE][PASSED] - Send request successfully

2018-11-20 12:52:56 - [MESSAGE][PASSED] - Execute JavaScript 'document.querySelector('#station-actions-dropdown').shadowRoot.querySelector('#trigger').click()' successfully

2018-11-20 12:52:57 - [MESSAGE][PASSED] - Delayed 1 second(s)

2018-11-20 12:52:57 - [MESSAGE][PASSED] - com.ge.tms.commonactions.RailroadActions.clickOnStationActionMenu is PASSED

2018-11-20 12:52:57 - [TEST_STEP][PASSED] - com.ge.tms.commonactions.RailroadActions.clickOnDeleteStationButton: com.ge.tms.commonactions.RailroadActions.clickOnDeleteStationButton is PASSED

2018-11-20 12:52:57 - [MESSAGE][PASSED] - Send request successfully

2018-11-20 12:52:57 - [MESSAGE][PASSED] - Send request successfully

2018-11-20 12:52:57 - [MESSAGE][PASSED] - Send request successfully

2018-11-20 12:52:57 - [MESSAGE][PASSED] - Send request successfully

2018-11-20 12:52:57 - [MESSAGE][PASSED] - Execute JavaScript 'document.querySelector('#station-actions-dropdown').shadowRoot.querySelector('#content').shadowRoot.querySelector('#selector > div:nth-child(2)').click()' successfully

2018-11-20 12:52:57 - [MESSAGE][PASSED] - com.ge.tms.commonactions.RailroadActions.clickOnDeleteStationButton is PASSED

2018-11-20 12:52:57 - [TEST_STEP][PASSED] - Statement - deleteYesButtonObj = com.kms.katalon.core.testobject.ObjectRepository.findTestObject(Object Repository/F11822-Configure and Manage Stations/deleteConfirmationYesButton): Finding Test Object with id 'Object Repository/F11822-Configure and Manage Stations/deleteConfirmationYesButton'

2018-11-20 12:52:57 - [TEST_STEP][PASSED] - com.ge.tms.commonactions.RailroadActions.clickOnTestObject: com.ge.tms.commonactions.RailroadActions.clickOnTestObject is PASSED

2018-11-20 12:52:57 - [MESSAGE][PASSED] - Send request successfully

2018-11-20 12:52:57 - [MESSAGE][PASSED] - Send request successfully

2018-11-20 12:52:57 - [MESSAGE][PASSED] - Send request successfully

2018-11-20 12:52:57 - [MESSAGE][PASSED] - Send request successfully

2018-11-20 12:52:57 - [MESSAGE][PASSED] - Object: 'Object Repository/F11822-Configure and Manage Stations/deleteConfirmationYesButton' is clicked on

2018-11-20 12:52:57 - [MESSAGE][PASSED] - com.ge.tms.commonactions.RailroadActions.clickOnTestObject is PASSED

2018-11-20 12:52:57 - [TEST_STEP][PASSED] - delay: Delayed 1 second(s)

2018-11-20 12:52:58 - [MESSAGE][PASSED] - Delayed 1 second(s)

2018-11-20 12:52:58 - [TEST_STEP][PASSED] - com.ge.tms.railroad.RailroadVerification.verifyDeletedItemNotPresentInSearchView: com.ge.tms.railroad.RailroadVerification.verifyDeletedItemNotPresentInSearchView is PASSED

2018-11-20 12:52:58 - [MESSAGE][PASSED] - Send request successfully

2018-11-20 12:52:58 - [MESSAGE][PASSED] - Send request successfully

2018-11-20 12:52:58 - [MESSAGE][PASSED] - Send request successfully

2018-11-20 12:52:58 - [MESSAGE][PASSED] - Send request successfully

2018-11-20 12:52:58 - [MESSAGE][PASSED] - Send request successfully

2018-11-20 12:52:58 - [MESSAGE][PASSED] - Send request successfully

2018-11-20 12:52:58 - [MESSAGE][PASSED] - Send request successfully

2018-11-20 12:52:58 - [MESSAGE][PASSED] - Send request successfully

2018-11-20 12:52:58 - [MESSAGE][PASSED] - Text 'OHLELM5' is set on object 'Object Repository/CommonObjects/searchTextBoxLeftNav'

2018-11-20 12:53:00 - [MESSAGE][PASSED] - Delayed 2 second(s)

2018-11-20 12:53:00 - [MESSAGE][PASSED] - Text of object 'Object Repository/CommonObjects/noSearchResultMessageLeftNav' is: 'No stations or zones found.'

2018-11-20 12:53:00 - [MESSAGE][PASSED] - Actual object 'No stations or zones found.' and expected object 'No stations or zones found.' are equal

2018-11-20 12:53:00 - [MESSAGE][PASSED] - com.ge.tms.railroad.RailroadVerification.verifyDeletedItemNotPresentInSearchView is PASSED

2018-11-20 12:53:00 - [TEST_STEP][PASSED] - Start listener action : closeBrowserForTestCasse: Navigate to 'http://localhost:8080/home' successfully

2018-11-20 12:53:00 - [TEST_STEP][PASSED] - Statement - If (isTestSuitEnable == true): null

2018-11-20 12:53:00 - [TEST_STEP][PASSED] - Statement - beforeTestCaseExecute(): null

2018-11-20 12:53:00 - [TEST_STEP][PASSED] - Statement - If (isTestSuitEnable == true): Navigate to 'http://localhost:8080/home' successfully

2018-11-20 12:53:00 - [TEST_STEP][PASSED] - navigateToUrl: Navigate to 'http://localhost:8080/home' successfully

2018-11-20 12:53:01 - [MESSAGE][PASSED] - Navigate to 'http://localhost:8080/home' successfully

2018-11-20 12:53:01 - [TEST_STEP][PASSED] - Start listener action : afterTestCase: Invoke 'com.kms.katalon.core.annotation.AfterTestCase' method: 'TmsTestListner.afterTestCase(...)' completed.

2018-11-20 12:53:01 - [TEST_STEP][PASSED] - Statement - If (java.lang.System.getProperties().containsKey("updateRally")): Invoke 'com.kms.katalon.core.annotation.AfterTestCase' method: 'TmsTestListner.afterTestCase(...)' completed.]]></system-out>
         <system-err><![CDATA[]]></system-err>
      </testcase>
      <testcase name="Test Cases/Railroad/F5525 - Edit Zone functionalities/QA-US88423-Edit Zone/US38376- Edit Selected Zone/TC64738 - Validate Mandatory Fields in Edit Zone" classname="Test Cases/Railroad/F5525 - Edit Zone functionalities/QA-US88423-Edit Zone/US38376- Edit Selected Zone/TC64738 - Validate Mandatory Fields in Edit Zone" status="PASSED">
         <system-out><![CDATA[2018-11-20 12:53:01 - [TEST_CASE][PASSED] - Test Cases/Railroad/F5525 - Edit Zone functionalities/QA-US88423-Edit Zone/US38376- Edit Selected Zone/TC64738 - Validate Mandatory Fields in Edit Zone: Test Cases/Railroad/F5525 - Edit Zone functionalities/QA-US88423-Edit Zone/US38376- Edit Selected Zone/TC64738 - Validate Mandatory Fields in Edit Zone

2018-11-20 12:53:01 - [TEST_STEP][PASSED] - Start listener action : beforeTestCaseExecute: Navigate to 'http://localhost:8080/home' successfully

2018-11-20 12:53:01 - [TEST_STEP][PASSED] - Statement - If (isTestSuitEnable == true): Navigate to 'http://localhost:8080/home' successfully

2018-11-20 12:53:01 - [TEST_STEP][PASSED] - navigateToUrl: Navigate to 'http://localhost:8080/home' successfully

2018-11-20 12:53:02 - [MESSAGE][PASSED] - Navigate to 'http://localhost:8080/home' successfully

2018-11-20 12:53:02 - [TEST_STEP][PASSED] - Statement - util = new com.ge.tms.util.CommonUtilities(): Send request successfully

2018-11-20 12:53:02 - [MESSAGE][PASSED] - Send request successfully

2018-11-20 12:53:02 - [MESSAGE][PASSED] - Send request successfully

2018-11-20 12:53:02 - [MESSAGE][PASSED] - Send request successfully

2018-11-20 12:53:02 - [MESSAGE][PASSED] - Send request successfully

2018-11-20 12:53:02 - [TEST_STEP][PASSED] - Statement - actions = new com.ge.tms.commonactions.RailroadActions(): Send request successfully

2018-11-20 12:53:02 - [MESSAGE][PASSED] - Send request successfully

2018-11-20 12:53:02 - [MESSAGE][PASSED] - Send request successfully

2018-11-20 12:53:02 - [MESSAGE][PASSED] - Send request successfully

2018-11-20 12:53:02 - [MESSAGE][PASSED] - Send request successfully

2018-11-20 12:53:02 - [TEST_STEP][PASSED] - com.ge.tms.commonactions.CommonClickEvents.clickOnRailroadSetup: com.ge.tms.commonactions.CommonClickEvents.clickOnRailroadSetup is PASSED

2018-11-20 12:53:02 - [MESSAGE][PASSED] - Execute JavaScript 'document.querySelector('px-app-nav').shadowRoot.querySelector('#items > px-app-nav-group:nth-child(13) > px-app-nav-subitem:nth-child(1)').click()' successfully

2018-11-20 12:53:04 - [MESSAGE][PASSED] - Delayed 2 second(s)

2018-11-20 12:53:04 - [MESSAGE][PASSED] - com.ge.tms.commonactions.CommonClickEvents.clickOnRailroadSetup is PASSED

2018-11-20 12:53:04 - [TEST_STEP][PASSED] - com.ge.tms.commonactions.RailroadActions.clickOnSelectRailroadDropdown: com.ge.tms.commonactions.RailroadActions.clickOnSelectRailroadDropdown is PASSED

2018-11-20 12:53:04 - [MESSAGE][PASSED] - Send request successfully

2018-11-20 12:53:04 - [MESSAGE][PASSED] - Send request successfully

2018-11-20 12:53:04 - [MESSAGE][PASSED] - Send request successfully

2018-11-20 12:53:04 - [MESSAGE][PASSED] - Send request successfully

2018-11-20 12:53:04 - [MESSAGE][PASSED] - Execute JavaScript 'document.querySelector('#railroads-select-dropdown').shadowRoot.querySelector('#trigger').click()' successfully

2018-11-20 12:53:07 - [MESSAGE][PASSED] - Delayed 3 second(s)

2018-11-20 12:53:07 - [MESSAGE][PASSED] - com.ge.tms.commonactions.RailroadActions.clickOnSelectRailroadDropdown is PASSED

2018-11-20 12:53:07 - [TEST_STEP][PASSED] - com.ge.tms.commonactions.RailroadActions.selectRandomRailRoad: com.ge.tms.commonactions.RailroadActions.selectRandomRailRoad is PASSED

2018-11-20 12:53:07 - [MESSAGE][PASSED] - Send request successfully

2018-11-20 12:53:07 - [MESSAGE][PASSED] - Send request successfully

2018-11-20 12:53:07 - [MESSAGE][PASSED] - Send request successfully

2018-11-20 12:53:07 - [MESSAGE][PASSED] - Send request successfully

2018-11-20 12:53:07 - [MESSAGE][PASSED] - Execute JavaScript 'let railRoadList=[]; document.querySelector('#railroads-select-dropdown').shadowRoot.querySelector('#content').shadowRoot.querySelectorAll('#selector > div.dropdown-option').forEach(node => { railRoadList.push(node.getAttribute('title')) }); return railRoadList' successfully

2018-11-20 12:53:07 - [MESSAGE][PASSED] - Execute JavaScript 'return document.querySelector('#railroads-select-dropdown').shadowRoot.querySelector('#content').shadowRoot.querySelector('#selector > div:nth-child(1) span').innerHTML' successfully

2018-11-20 12:53:07 - [MESSAGE][PASSED] - Execute JavaScript 'return document.querySelector('#railroads-select-dropdown').shadowRoot.querySelector('#content').shadowRoot.querySelector('#selector > div:nth-child(1) span').click()' successfully

2018-11-20 12:53:07 - [MESSAGE][PASSED] - com.ge.tms.commonactions.RailroadActions.selectRandomRailRoad is PASSED

2018-11-20 12:53:07 - [TEST_STEP][PASSED] - delay: Delayed 2 second(s)

2018-11-20 12:53:09 - [MESSAGE][PASSED] - Delayed 2 second(s)

2018-11-20 12:53:09 - [TEST_STEP][PASSED] - Statement - setStationId = <not implemented yet for class: org.codehaus.groovy.ast.expr.EmptyExpression>: null

2018-11-20 12:53:09 - [TEST_STEP][PASSED] - Statement - actions.addStationMandatotyFields(setStationId): Delayed 3 second(s)

2018-11-20 12:53:10 - [MESSAGE][PASSED] - Object: 'Object Repository/F11822-Configure and Manage Stations/Add_New_Station_Button' is clicked on

2018-11-20 12:53:10 - [MESSAGE][PASSED] - Text 'BINYMHG' is set on object 'Object Repository/F11822-Configure and Manage Stations/station_id'

2018-11-20 12:53:10 - [MESSAGE][PASSED] - Text 'EGUIJ1F' is set on object 'Object Repository/F11822-Configure and Manage Stations/station_name'

2018-11-20 12:53:10 - [MESSAGE][PASSED] - Execute JavaScript 'document.querySelector('#splc').shadowRoot.querySelector('#trigger').shadowRoot.querySelector('#trigger').click()' successfully

2018-11-20 12:53:10 - [MESSAGE][PASSED] - Execute JavaScript 'return document.querySelector('#splc').shadowRoot.querySelector('px-overlay-content > #content').shadowRoot.querySelectorAll('#dropdown > div > #selector > div').length' successfully

2018-11-20 12:53:10 - [MESSAGE][PASSED] - Execute JavaScript 'document.querySelector('#splc').shadowRoot.querySelector('px-overlay-content > #content').shadowRoot.querySelector('#dropdown > div > #selector > div:nth-child(1)').click()' successfully

2018-11-20 12:53:10 - [MESSAGE][PASSED] - Execute JavaScript 'return document.querySelector('#fsac').shadowRoot.querySelector('px-overlay-content > #content').shadowRoot.querySelectorAll('#dropdown > div > #selector > div').length' successfully

2018-11-20 12:53:10 - [MESSAGE][PASSED] - Execute JavaScript 'document.querySelector('#fsac').shadowRoot.querySelector('px-overlay-content > #content').shadowRoot.querySelector('#dropdown > div > #selector > div:nth-child(1)').click()' successfully

2018-11-20 12:53:10 - [MESSAGE][PASSED] - Execute JavaScript 'return document.querySelector('#station-timezone-qualifier').shadowRoot.querySelector('px-overlay-content > #content').shadowRoot.querySelectorAll('#dropdown > div > #selector > div').length' successfully

2018-11-20 12:53:11 - [MESSAGE][PASSED] - Execute JavaScript 'document.querySelector('#station-timezone-qualifier').shadowRoot.querySelector('px-overlay-content > #content').shadowRoot.querySelector('#dropdown > div > #selector > div:nth-child(3)').click()' successfully

2018-11-20 12:53:11 - [MESSAGE][PASSED] - Execute JavaScript 'return document.querySelector('#country').shadowRoot.querySelector('px-overlay-content > #content').shadowRoot.querySelectorAll('#dropdown > div > #selector > div').length' successfully

2018-11-20 12:53:11 - [MESSAGE][PASSED] - Execute JavaScript 'document.querySelector('#country').shadowRoot.querySelector('px-overlay-content > #content').shadowRoot.querySelector('#dropdown > div > #selector > div:nth-child(2)').click()' successfully

2018-11-20 12:53:11 - [MESSAGE][PASSED] - Execute JavaScript 'return document.querySelector('#state').shadowRoot.querySelector('px-overlay-content > #content').shadowRoot.querySelectorAll('#dropdown > div > #selector > div').length' successfully

2018-11-20 12:53:11 - [MESSAGE][PASSED] - Execute JavaScript 'document.querySelector('#state').shadowRoot.querySelector('px-overlay-content > #content').shadowRoot.querySelector('#dropdown > div > #selector > div:nth-child(3)').click()' successfully

2018-11-20 12:53:11 - [MESSAGE][PASSED] - Object: 'Object Repository/F11822-Configure and Manage Stations/station_save_button' is clicked on

2018-11-20 12:53:14 - [MESSAGE][PASSED] - Delayed 3 second(s)

2018-11-20 12:53:14 - [TEST_STEP][PASSED] - delay: Delayed 2 second(s)

2018-11-20 12:53:16 - [MESSAGE][PASSED] - Delayed 2 second(s)

2018-11-20 12:53:16 - [TEST_STEP][PASSED] - Statement - setZoneId = <not implemented yet for class: org.codehaus.groovy.ast.expr.EmptyExpression>: null

2018-11-20 12:53:16 - [TEST_STEP][PASSED] - Statement - actions.addZone(setZoneId): Execute JavaScript 'document.querySelector('#zone-type').shadowRoot.querySelector('#content').shadowRoot.querySelector('#selector > div:nth-child(4)').click()' successfully

2018-11-20 12:53:16 - [MESSAGE][PASSED] - Object: 'Object Repository/F5140-Add Zone Functionalities/QA-US88570-Add Zone/US38196-Save a New Zone/Add Edit Zone/addNewZoneButton' is clicked on

2018-11-20 12:53:19 - [MESSAGE][PASSED] - Delayed 3 second(s)

2018-11-20 12:53:19 - [MESSAGE][PASSED] - Text 'KZ3TD' is set on object 'Object Repository/F5140-Add Zone Functionalities/QA-US88570-Add Zone/US38196-Save a New Zone/Add Edit Zone/zoneID'

2018-11-20 12:53:19 - [MESSAGE][PASSED] - Text 'XWQE8A2' is set on object 'Object Repository/F5140-Add Zone Functionalities/QA-US88570-Add Zone/US38196-Save a New Zone/Add Edit Zone/zoneName'

2018-11-20 12:53:19 - [MESSAGE][PASSED] - Execute JavaScript 'document.querySelector('#zone-type').shadowRoot.querySelector('#trigger').click()' successfully

2018-11-20 12:53:19 - [MESSAGE][PASSED] - Execute JavaScript 'return document.querySelector('#zone-type').shadowRoot.querySelector('#content').shadowRoot.querySelectorAll('#selector > div').length' successfully

2018-11-20 12:53:19 - [MESSAGE][PASSED] - Execute JavaScript 'document.querySelector('#zone-type').shadowRoot.querySelector('#content').shadowRoot.querySelector('#selector > div:nth-child(4)').click()' successfully

2018-11-20 12:53:19 - [TEST_STEP][PASSED] - com.ge.tms.commonactions.RailroadActions.clickOnZoneSaveButton: com.ge.tms.commonactions.RailroadActions.clickOnZoneSaveButton is PASSED

2018-11-20 12:53:19 - [MESSAGE][PASSED] - Send request successfully

2018-11-20 12:53:19 - [MESSAGE][PASSED] - Send request successfully

2018-11-20 12:53:19 - [MESSAGE][PASSED] - Send request successfully

2018-11-20 12:53:19 - [MESSAGE][PASSED] - Send request successfully

2018-11-20 12:53:19 - [MESSAGE][PASSED] - Object: 'Object Repository/F5140-Add Zone Functionalities/QA-US88570-Add Zone/US38196-Save a New Zone/Add Edit Zone/zoneSaveButton' is clicked on

2018-11-20 12:53:22 - [MESSAGE][PASSED] - Delayed 3 second(s)

2018-11-20 12:53:22 - [MESSAGE][PASSED] - com.ge.tms.commonactions.RailroadActions.clickOnZoneSaveButton is PASSED

2018-11-20 12:53:22 - [TEST_STEP][PASSED] - com.ge.tms.commonactions.RailroadActions.clickOnZoneActionMenu: com.ge.tms.commonactions.RailroadActions.clickOnZoneActionMenu is PASSED

2018-11-20 12:53:22 - [MESSAGE][PASSED] - Send request successfully

2018-11-20 12:53:22 - [MESSAGE][PASSED] - Send request successfully

2018-11-20 12:53:22 - [MESSAGE][PASSED] - Send request successfully

2018-11-20 12:53:22 - [MESSAGE][PASSED] - Send request successfully

2018-11-20 12:53:22 - [MESSAGE][PASSED] - Execute JavaScript 'document.querySelector('#zone-actions-dropdown').shadowRoot.querySelector('#trigger').click()' successfully

2018-11-20 12:53:23 - [MESSAGE][PASSED] - Delayed 1 second(s)

2018-11-20 12:53:23 - [MESSAGE][PASSED] - com.ge.tms.commonactions.RailroadActions.clickOnZoneActionMenu is PASSED

2018-11-20 12:53:23 - [TEST_STEP][PASSED] - com.ge.tms.commonactions.RailroadActions.clickOnEditZoneButton: com.ge.tms.commonactions.RailroadActions.clickOnEditZoneButton is PASSED

2018-11-20 12:53:23 - [MESSAGE][PASSED] - Send request successfully

2018-11-20 12:53:23 - [MESSAGE][PASSED] - Send request successfully

2018-11-20 12:53:23 - [MESSAGE][PASSED] - Send request successfully

2018-11-20 12:53:23 - [MESSAGE][PASSED] - Send request successfully

2018-11-20 12:53:23 - [MESSAGE][PASSED] - Execute JavaScript 'document.querySelector('#zone-actions-dropdown').shadowRoot.querySelector('#content').shadowRoot.querySelector('#selector > div:nth-child(1)').click()' successfully

2018-11-20 12:53:24 - [MESSAGE][PASSED] - Delayed 1 second(s)

2018-11-20 12:53:24 - [MESSAGE][PASSED] - com.ge.tms.commonactions.RailroadActions.clickOnEditZoneButton is PASSED

2018-11-20 12:53:24 - [TEST_STEP][PASSED] - com.ge.tms.railroad.RailroadVerification.verifyZoneMandatoryFields: com.ge.tms.railroad.RailroadVerification.verifyZoneMandatoryFields is PASSED

2018-11-20 12:53:24 - [MESSAGE][PASSED] - Send request successfully

2018-11-20 12:53:24 - [MESSAGE][PASSED] - Send request successfully

2018-11-20 12:53:24 - [MESSAGE][PASSED] - Send request successfully

2018-11-20 12:53:24 - [MESSAGE][PASSED] - Send request successfully

2018-11-20 12:53:24 - [MESSAGE][PASSED] - Send request successfully

2018-11-20 12:53:24 - [MESSAGE][PASSED] - Send request successfully

2018-11-20 12:53:24 - [MESSAGE][PASSED] - Send request successfully

2018-11-20 12:53:24 - [MESSAGE][PASSED] - Send request successfully

2018-11-20 12:53:24 - [MESSAGE][PASSED] - Object 'Object Repository/F5140-Add Zone Functionalities/QA-US88570-Add Zone/US38196-Save a New Zone/Add Edit Zone/zoneID' has attribute 'disabled'

2018-11-20 12:53:25 - [MESSAGE][PASSED] - Object: 'Object Repository/F5140-Add Zone Functionalities/QA-US88570-Add Zone/US38196-Save a New Zone/Add Edit Zone/zoneName' is clicked on

2018-11-20 12:53:25 - [MESSAGE][PASSED] - Text of object 'Object Repository/F5140-Add Zone Functionalities/QA-US88570-Add Zone/US38196-Save a New Zone/Add Edit Zone/zoneName' is cleared

2018-11-20 12:53:25 - [MESSAGE][PASSED] - Keys ' ' sent to object: 'Object Repository/F5140-Add Zone Functionalities/QA-US88570-Add Zone/US38196-Save a New Zone/Add Edit Zone/zoneName'

2018-11-20 12:53:25 - [MESSAGE][PASSED] - Keys '	' sent to object: 'Object Repository/F5140-Add Zone Functionalities/QA-US88570-Add Zone/US38196-Save a New Zone/Add Edit Zone/zoneName'

2018-11-20 12:53:25 - [MESSAGE][PASSED] - Text of object 'Object Repository/F5140-Add Zone Functionalities/QA-US88570-Add Zone/US38196-Save a New Zone/Add Edit Zone/zoneNameErrorMessage' is: 'ZONE NAME CANNOT BE EMPTY'

2018-11-20 12:53:25 - [MESSAGE][PASSED] - Actual object 'ZONE NAME CANNOT BE EMPTY' and expected object 'ZONE NAME CANNOT BE EMPTY' are equal

2018-11-20 12:53:25 - [MESSAGE][PASSED] - Attribute 'class' of object 'Object Repository/F5140-Add Zone Functionalities/QA-US88570-Add Zone/US38196-Save a New Zone/Add Edit Zone/zoneSaveButton' is: 'btn btn--call-to-action btn--disabled u-ml'

2018-11-20 12:53:25 - [MESSAGE][PASSED] - Actual object 'true' and expected object 'true' are equal

2018-11-20 12:53:25 - [MESSAGE][PASSED] - Object: 'Object Repository/F5140-Add Zone Functionalities/QA-US88570-Add Zone/US38196-Save a New Zone/Add Edit Zone/zoneName' is clicked on

2018-11-20 12:53:25 - [MESSAGE][PASSED] - Keys 'A*@T&!' sent to object: 'Object Repository/F5140-Add Zone Functionalities/QA-US88570-Add Zone/US38196-Save a New Zone/Add Edit Zone/zoneName'

2018-11-20 12:53:25 - [MESSAGE][PASSED] - Text of object 'Object Repository/F5140-Add Zone Functionalities/QA-US88570-Add Zone/US38196-Save a New Zone/Add Edit Zone/zoneNameErrorMessage' is: 'ALPHANUMERIC ONLY'

2018-11-20 12:53:25 - [MESSAGE][PASSED] - Actual object 'ALPHANUMERIC ONLY' and expected object 'ALPHANUMERIC ONLY' are equal

2018-11-20 12:53:25 - [MESSAGE][PASSED] - Attribute 'class' of object 'Object Repository/F5140-Add Zone Functionalities/QA-US88570-Add Zone/US38196-Save a New Zone/Add Edit Zone/zoneSaveButton' is: 'btn btn--call-to-action btn--disabled u-ml'

2018-11-20 12:53:25 - [MESSAGE][PASSED] - Actual object 'true' and expected object 'true' are equal

2018-11-20 12:53:25 - [MESSAGE][PASSED] - Execute JavaScript 'document.querySelector('#zone-type').shadowRoot.querySelector('#trigger').click()' successfully

2018-11-20 12:53:25 - [MESSAGE][PASSED] - Execute JavaScript 'return document.querySelector('#zone-type').shadowRoot.querySelector('#content').shadowRoot.querySelectorAll('#selector > div').length' successfully

2018-11-20 12:53:25 - [MESSAGE][PASSED] - Execute JavaScript 'document.querySelector('#zone-type').shadowRoot.querySelector('#content').shadowRoot.querySelector('#selector > div:nth-child(2)').click()' successfully

2018-11-20 12:53:25 - [MESSAGE][PASSED] - Execute JavaScript 'document.querySelector('#zone-type').shadowRoot.querySelector('#trigger').click()' successfully

2018-11-20 12:53:25 - [MESSAGE][PASSED] - Execute JavaScript 'document.querySelector('#zone-type').shadowRoot.querySelector('#trigger').shadowRoot.querySelector('px-icon').click()' successfully

2018-11-20 12:53:25 - [MESSAGE][PASSED] - Text of object 'Object Repository/F5140-Add Zone Functionalities/QA-US88570-Add Zone/US38196-Save a New Zone/Add Edit Zone/zoneTypeDeselectErrorMessage' is: 'ZONE TYPE CANNOT BE EMPTY'

2018-11-20 12:53:25 - [MESSAGE][PASSED] - Actual object 'ZONE TYPE CANNOT BE EMPTY' and expected object 'ZONE TYPE CANNOT BE EMPTY' are equal

2018-11-20 12:53:25 - [MESSAGE][PASSED] - Attribute 'class' of object 'Object Repository/F5140-Add Zone Functionalities/QA-US88570-Add Zone/US38196-Save a New Zone/Add Edit Zone/zoneSaveButton' is: 'btn btn--call-to-action btn--disabled u-ml'

2018-11-20 12:53:25 - [MESSAGE][PASSED] - Actual object 'true' and expected object 'true' are equal

2018-11-20 12:53:25 - [MESSAGE][PASSED] - com.ge.tms.railroad.RailroadVerification.verifyZoneMandatoryFields is PASSED

2018-11-20 12:53:25 - [TEST_STEP][PASSED] - Statement - actions.clickOnZoneCancelButton(): Delayed 1 second(s)

2018-11-20 12:53:25 - [MESSAGE][PASSED] - Object: 'Object Repository/F5140-Add Zone Functionalities/QA-US88570-Add Zone/US38196-Save a New Zone/Add Edit Zone/zoneCancelButton' is clicked on

2018-11-20 12:53:26 - [MESSAGE][PASSED] - Delayed 1 second(s)

2018-11-20 12:53:26 - [TEST_STEP][PASSED] - com.ge.tms.commonactions.RailroadActions.clickOnZoneActionMenu: com.ge.tms.commonactions.RailroadActions.clickOnZoneActionMenu is PASSED

2018-11-20 12:53:26 - [MESSAGE][PASSED] - Send request successfully

2018-11-20 12:53:26 - [MESSAGE][PASSED] - Send request successfully

2018-11-20 12:53:26 - [MESSAGE][PASSED] - Send request successfully

2018-11-20 12:53:26 - [MESSAGE][PASSED] - Send request successfully

2018-11-20 12:53:26 - [MESSAGE][PASSED] - Execute JavaScript 'document.querySelector('#zone-actions-dropdown').shadowRoot.querySelector('#trigger').click()' successfully

2018-11-20 12:53:27 - [MESSAGE][PASSED] - Delayed 1 second(s)

2018-11-20 12:53:27 - [MESSAGE][PASSED] - com.ge.tms.commonactions.RailroadActions.clickOnZoneActionMenu is PASSED

2018-11-20 12:53:27 - [TEST_STEP][PASSED] - com.ge.tms.commonactions.RailroadActions.clickOnDeleteAction: com.ge.tms.commonactions.RailroadActions.clickOnDeleteAction is PASSED

2018-11-20 12:53:27 - [MESSAGE][PASSED] - Send request successfully

2018-11-20 12:53:27 - [MESSAGE][PASSED] - Send request successfully

2018-11-20 12:53:27 - [MESSAGE][PASSED] - Send request successfully

2018-11-20 12:53:27 - [MESSAGE][PASSED] - Send request successfully

2018-11-20 12:53:27 - [MESSAGE][PASSED] - Execute JavaScript 'document.querySelector('#zone-actions-dropdown').shadowRoot.querySelector('#content').shadowRoot.querySelector('#selector > div:nth-child(2)').click()' successfully

2018-11-20 12:53:27 - [MESSAGE][PASSED] - com.ge.tms.commonactions.RailroadActions.clickOnDeleteAction is PASSED

2018-11-20 12:53:27 - [TEST_STEP][PASSED] - delay: Delayed 1 second(s)

2018-11-20 12:53:28 - [MESSAGE][PASSED] - Delayed 1 second(s)

2018-11-20 12:53:28 - [TEST_STEP][PASSED] - Statement - deleteYesButtonObj = com.kms.katalon.core.testobject.ObjectRepository.findTestObject(Object Repository/F5140-Add Zone Functionalities/QA-US88570-Add Zone/US38196-Save a New Zone/Delete Zone/deleteYesButton): Finding Test Object with id 'Object Repository/F5140-Add Zone Functionalities/QA-US88570-Add Zone/US38196-Save a New Zone/Delete Zone/deleteYesButton'

2018-11-20 12:53:28 - [TEST_STEP][PASSED] - com.ge.tms.commonactions.RailroadActions.clickOnTestObject: com.ge.tms.commonactions.RailroadActions.clickOnTestObject is PASSED

2018-11-20 12:53:28 - [MESSAGE][PASSED] - Send request successfully

2018-11-20 12:53:28 - [MESSAGE][PASSED] - Send request successfully

2018-11-20 12:53:28 - [MESSAGE][PASSED] - Send request successfully

2018-11-20 12:53:28 - [MESSAGE][PASSED] - Send request successfully

2018-11-20 12:53:28 - [MESSAGE][PASSED] - Object: 'Object Repository/F5140-Add Zone Functionalities/QA-US88570-Add Zone/US38196-Save a New Zone/Delete Zone/deleteYesButton' is clicked on

2018-11-20 12:53:28 - [MESSAGE][PASSED] - com.ge.tms.commonactions.RailroadActions.clickOnTestObject is PASSED

2018-11-20 12:53:28 - [TEST_STEP][PASSED] - delay: Delayed 1 second(s)

2018-11-20 12:53:29 - [MESSAGE][PASSED] - Delayed 1 second(s)

2018-11-20 12:53:29 - [TEST_STEP][PASSED] - com.ge.tms.commonactions.RailroadActions.clickOnStationActionMenu: com.ge.tms.commonactions.RailroadActions.clickOnStationActionMenu is PASSED

2018-11-20 12:53:29 - [MESSAGE][PASSED] - Send request successfully

2018-11-20 12:53:29 - [MESSAGE][PASSED] - Send request successfully

2018-11-20 12:53:29 - [MESSAGE][PASSED] - Send request successfully

2018-11-20 12:53:29 - [MESSAGE][PASSED] - Send request successfully

2018-11-20 12:53:29 - [MESSAGE][PASSED] - Execute JavaScript 'document.querySelector('#station-actions-dropdown').shadowRoot.querySelector('#trigger').click()' successfully

2018-11-20 12:53:30 - [MESSAGE][PASSED] - Delayed 1 second(s)

2018-11-20 12:53:30 - [MESSAGE][PASSED] - com.ge.tms.commonactions.RailroadActions.clickOnStationActionMenu is PASSED

2018-11-20 12:53:30 - [TEST_STEP][PASSED] - com.ge.tms.commonactions.RailroadActions.clickOnDeleteStationButton: com.ge.tms.commonactions.RailroadActions.clickOnDeleteStationButton is PASSED

2018-11-20 12:53:30 - [MESSAGE][PASSED] - Send request successfully

2018-11-20 12:53:30 - [MESSAGE][PASSED] - Send request successfully

2018-11-20 12:53:30 - [MESSAGE][PASSED] - Send request successfully

2018-11-20 12:53:30 - [MESSAGE][PASSED] - Send request successfully

2018-11-20 12:53:30 - [MESSAGE][PASSED] - Execute JavaScript 'document.querySelector('#station-actions-dropdown').shadowRoot.querySelector('#content').shadowRoot.querySelector('#selector > div:nth-child(2)').click()' successfully

2018-11-20 12:53:30 - [MESSAGE][PASSED] - com.ge.tms.commonactions.RailroadActions.clickOnDeleteStationButton is PASSED

2018-11-20 12:53:30 - [TEST_STEP][PASSED] - Statement - deleteYesButtonObj = com.kms.katalon.core.testobject.ObjectRepository.findTestObject(Object Repository/F11822-Configure and Manage Stations/deleteConfirmationYesButton): Finding Test Object with id 'Object Repository/F11822-Configure and Manage Stations/deleteConfirmationYesButton'

2018-11-20 12:53:30 - [TEST_STEP][PASSED] - com.ge.tms.commonactions.RailroadActions.clickOnTestObject: com.ge.tms.commonactions.RailroadActions.clickOnTestObject is PASSED

2018-11-20 12:53:30 - [MESSAGE][PASSED] - Send request successfully

2018-11-20 12:53:30 - [MESSAGE][PASSED] - Send request successfully

2018-11-20 12:53:30 - [MESSAGE][PASSED] - Send request successfully

2018-11-20 12:53:30 - [MESSAGE][PASSED] - Send request successfully

2018-11-20 12:53:30 - [MESSAGE][PASSED] - Object: 'Object Repository/F11822-Configure and Manage Stations/deleteConfirmationYesButton' is clicked on

2018-11-20 12:53:30 - [MESSAGE][PASSED] - com.ge.tms.commonactions.RailroadActions.clickOnTestObject is PASSED

2018-11-20 12:53:30 - [TEST_STEP][PASSED] - delay: Delayed 1 second(s)

2018-11-20 12:53:31 - [MESSAGE][PASSED] - Delayed 1 second(s)

2018-11-20 12:53:31 - [TEST_STEP][PASSED] - com.ge.tms.railroad.RailroadVerification.verifyDeletedItemNotPresentInSearchView: com.ge.tms.railroad.RailroadVerification.verifyDeletedItemNotPresentInSearchView is PASSED

2018-11-20 12:53:31 - [MESSAGE][PASSED] - Send request successfully

2018-11-20 12:53:31 - [MESSAGE][PASSED] - Send request successfully

2018-11-20 12:53:31 - [MESSAGE][PASSED] - Send request successfully

2018-11-20 12:53:31 - [MESSAGE][PASSED] - Send request successfully

2018-11-20 12:53:31 - [MESSAGE][PASSED] - Send request successfully

2018-11-20 12:53:31 - [MESSAGE][PASSED] - Send request successfully

2018-11-20 12:53:32 - [MESSAGE][PASSED] - Send request successfully

2018-11-20 12:53:32 - [MESSAGE][PASSED] - Send request successfully

2018-11-20 12:53:32 - [MESSAGE][PASSED] - Text 'BINYMHG' is set on object 'Object Repository/CommonObjects/searchTextBoxLeftNav'

2018-11-20 12:53:34 - [MESSAGE][PASSED] - Delayed 2 second(s)

2018-11-20 12:53:34 - [MESSAGE][PASSED] - Text of object 'Object Repository/CommonObjects/noSearchResultMessageLeftNav' is: 'No stations or zones found.'

2018-11-20 12:53:34 - [MESSAGE][PASSED] - Actual object 'No stations or zones found.' and expected object 'No stations or zones found.' are equal

2018-11-20 12:53:34 - [MESSAGE][PASSED] - com.ge.tms.railroad.RailroadVerification.verifyDeletedItemNotPresentInSearchView is PASSED

2018-11-20 12:53:34 - [TEST_STEP][PASSED] - Start listener action : closeBrowserForTestCasse: Navigate to 'http://localhost:8080/home' successfully

2018-11-20 12:53:34 - [TEST_STEP][PASSED] - Statement - If (isTestSuitEnable == true): null

2018-11-20 12:53:34 - [TEST_STEP][PASSED] - Statement - beforeTestCaseExecute(): null

2018-11-20 12:53:34 - [TEST_STEP][PASSED] - Statement - If (isTestSuitEnable == true): Navigate to 'http://localhost:8080/home' successfully

2018-11-20 12:53:34 - [TEST_STEP][PASSED] - navigateToUrl: Navigate to 'http://localhost:8080/home' successfully

2018-11-20 12:53:35 - [MESSAGE][PASSED] - Navigate to 'http://localhost:8080/home' successfully

2018-11-20 12:53:35 - [TEST_STEP][PASSED] - Start listener action : afterTestCase: Invoke 'com.kms.katalon.core.annotation.AfterTestCase' method: 'TmsTestListner.afterTestCase(...)' completed.

2018-11-20 12:53:35 - [TEST_STEP][PASSED] - Statement - If (java.lang.System.getProperties().containsKey("updateRally")): Invoke 'com.kms.katalon.core.annotation.AfterTestCase' method: 'TmsTestListner.afterTestCase(...)' completed.]]></system-out>
         <system-err><![CDATA[]]></system-err>
      </testcase>
      <testcase name="Test Cases/Railroad/F5525 - Edit Zone functionalities/QA-US88423-Edit Zone/US38376- Edit Selected Zone/TC64396 - Successfully Edit a Zone" classname="Test Cases/Railroad/F5525 - Edit Zone functionalities/QA-US88423-Edit Zone/US38376- Edit Selected Zone/TC64396 - Successfully Edit a Zone" status="PASSED">
         <system-out><![CDATA[2018-11-20 12:53:35 - [TEST_CASE][PASSED] - Test Cases/Railroad/F5525 - Edit Zone functionalities/QA-US88423-Edit Zone/US38376- Edit Selected Zone/TC64396 - Successfully Edit a Zone: Test Cases/Railroad/F5525 - Edit Zone functionalities/QA-US88423-Edit Zone/US38376- Edit Selected Zone/TC64396 - Successfully Edit a Zone

2018-11-20 12:53:35 - [TEST_STEP][PASSED] - Start listener action : beforeTestCaseExecute: Navigate to 'http://localhost:8080/home' successfully

2018-11-20 12:53:35 - [TEST_STEP][PASSED] - Statement - If (isTestSuitEnable == true): Navigate to 'http://localhost:8080/home' successfully

2018-11-20 12:53:35 - [TEST_STEP][PASSED] - navigateToUrl: Navigate to 'http://localhost:8080/home' successfully

2018-11-20 12:53:36 - [MESSAGE][PASSED] - Navigate to 'http://localhost:8080/home' successfully

2018-11-20 12:53:36 - [TEST_STEP][PASSED] - Statement - util = new com.ge.tms.util.CommonUtilities(): Send request successfully

2018-11-20 12:53:36 - [MESSAGE][PASSED] - Send request successfully

2018-11-20 12:53:36 - [MESSAGE][PASSED] - Send request successfully

2018-11-20 12:53:36 - [MESSAGE][PASSED] - Send request successfully

2018-11-20 12:53:36 - [MESSAGE][PASSED] - Send request successfully

2018-11-20 12:53:36 - [TEST_STEP][PASSED] - Statement - actions = new com.ge.tms.commonactions.RailroadActions(): Send request successfully

2018-11-20 12:53:36 - [MESSAGE][PASSED] - Send request successfully

2018-11-20 12:53:36 - [MESSAGE][PASSED] - Send request successfully

2018-11-20 12:53:36 - [MESSAGE][PASSED] - Send request successfully

2018-11-20 12:53:36 - [MESSAGE][PASSED] - Send request successfully

2018-11-20 12:53:36 - [TEST_STEP][PASSED] - com.ge.tms.commonactions.CommonClickEvents.clickOnRailroadSetup: com.ge.tms.commonactions.CommonClickEvents.clickOnRailroadSetup is PASSED

2018-11-20 12:53:36 - [MESSAGE][PASSED] - Execute JavaScript 'document.querySelector('px-app-nav').shadowRoot.querySelector('#items > px-app-nav-group:nth-child(13) > px-app-nav-subitem:nth-child(1)').click()' successfully

2018-11-20 12:53:38 - [MESSAGE][PASSED] - Delayed 2 second(s)

2018-11-20 12:53:38 - [MESSAGE][PASSED] - com.ge.tms.commonactions.CommonClickEvents.clickOnRailroadSetup is PASSED

2018-11-20 12:53:38 - [TEST_STEP][PASSED] - com.ge.tms.commonactions.RailroadActions.clickOnSelectRailroadDropdown: com.ge.tms.commonactions.RailroadActions.clickOnSelectRailroadDropdown is PASSED

2018-11-20 12:53:38 - [MESSAGE][PASSED] - Send request successfully

2018-11-20 12:53:38 - [MESSAGE][PASSED] - Send request successfully

2018-11-20 12:53:38 - [MESSAGE][PASSED] - Send request successfully

2018-11-20 12:53:38 - [MESSAGE][PASSED] - Send request successfully

2018-11-20 12:53:38 - [MESSAGE][PASSED] - Execute JavaScript 'document.querySelector('#railroads-select-dropdown').shadowRoot.querySelector('#trigger').click()' successfully

2018-11-20 12:53:41 - [MESSAGE][PASSED] - Delayed 3 second(s)

2018-11-20 12:53:41 - [MESSAGE][PASSED] - com.ge.tms.commonactions.RailroadActions.clickOnSelectRailroadDropdown is PASSED

2018-11-20 12:53:41 - [TEST_STEP][PASSED] - com.ge.tms.commonactions.RailroadActions.selectRandomRailRoad: com.ge.tms.commonactions.RailroadActions.selectRandomRailRoad is PASSED

2018-11-20 12:53:41 - [MESSAGE][PASSED] - Send request successfully

2018-11-20 12:53:41 - [MESSAGE][PASSED] - Send request successfully

2018-11-20 12:53:41 - [MESSAGE][PASSED] - Send request successfully

2018-11-20 12:53:41 - [MESSAGE][PASSED] - Send request successfully

2018-11-20 12:53:41 - [MESSAGE][PASSED] - Execute JavaScript 'let railRoadList=[]; document.querySelector('#railroads-select-dropdown').shadowRoot.querySelector('#content').shadowRoot.querySelectorAll('#selector > div.dropdown-option').forEach(node => { railRoadList.push(node.getAttribute('title')) }); return railRoadList' successfully

2018-11-20 12:53:41 - [MESSAGE][PASSED] - Execute JavaScript 'return document.querySelector('#railroads-select-dropdown').shadowRoot.querySelector('#content').shadowRoot.querySelector('#selector > div:nth-child(1) span').innerHTML' successfully

2018-11-20 12:53:41 - [MESSAGE][PASSED] - Execute JavaScript 'return document.querySelector('#railroads-select-dropdown').shadowRoot.querySelector('#content').shadowRoot.querySelector('#selector > div:nth-child(1) span').click()' successfully

2018-11-20 12:53:41 - [MESSAGE][PASSED] - com.ge.tms.commonactions.RailroadActions.selectRandomRailRoad is PASSED

2018-11-20 12:53:41 - [TEST_STEP][PASSED] - delay: Delayed 2 second(s)

2018-11-20 12:53:43 - [MESSAGE][PASSED] - Delayed 2 second(s)

2018-11-20 12:53:43 - [TEST_STEP][PASSED] - Statement - setStationId = <not implemented yet for class: org.codehaus.groovy.ast.expr.EmptyExpression>: null

2018-11-20 12:53:43 - [TEST_STEP][PASSED] - Statement - actions.addStationMandatotyFields(setStationId): Delayed 3 second(s)

2018-11-20 12:53:43 - [MESSAGE][PASSED] - Object: 'Object Repository/F11822-Configure and Manage Stations/Add_New_Station_Button' is clicked on

2018-11-20 12:53:44 - [MESSAGE][PASSED] - Text 'Q1DXKC7' is set on object 'Object Repository/F11822-Configure and Manage Stations/station_id'

2018-11-20 12:53:44 - [MESSAGE][PASSED] - Text '1SMDEAI' is set on object 'Object Repository/F11822-Configure and Manage Stations/station_name'

2018-11-20 12:53:44 - [MESSAGE][PASSED] - Execute JavaScript 'document.querySelector('#splc').shadowRoot.querySelector('#trigger').shadowRoot.querySelector('#trigger').click()' successfully

2018-11-20 12:53:44 - [MESSAGE][PASSED] - Execute JavaScript 'return document.querySelector('#splc').shadowRoot.querySelector('px-overlay-content > #content').shadowRoot.querySelectorAll('#dropdown > div > #selector > div').length' successfully

2018-11-20 12:53:44 - [MESSAGE][PASSED] - Execute JavaScript 'document.querySelector('#splc').shadowRoot.querySelector('px-overlay-content > #content').shadowRoot.querySelector('#dropdown > div > #selector > div:nth-child(1)').click()' successfully

2018-11-20 12:53:44 - [MESSAGE][PASSED] - Execute JavaScript 'return document.querySelector('#fsac').shadowRoot.querySelector('px-overlay-content > #content').shadowRoot.querySelectorAll('#dropdown > div > #selector > div').length' successfully

2018-11-20 12:53:44 - [MESSAGE][PASSED] - Execute JavaScript 'document.querySelector('#fsac').shadowRoot.querySelector('px-overlay-content > #content').shadowRoot.querySelector('#dropdown > div > #selector > div:nth-child(1)').click()' successfully

2018-11-20 12:53:44 - [MESSAGE][PASSED] - Execute JavaScript 'return document.querySelector('#station-timezone-qualifier').shadowRoot.querySelector('px-overlay-content > #content').shadowRoot.querySelectorAll('#dropdown > div > #selector > div').length' successfully

2018-11-20 12:53:44 - [MESSAGE][PASSED] - Execute JavaScript 'document.querySelector('#station-timezone-qualifier').shadowRoot.querySelector('px-overlay-content > #content').shadowRoot.querySelector('#dropdown > div > #selector > div:nth-child(8)').click()' successfully

2018-11-20 12:53:44 - [MESSAGE][PASSED] - Execute JavaScript 'return document.querySelector('#country').shadowRoot.querySelector('px-overlay-content > #content').shadowRoot.querySelectorAll('#dropdown > div > #selector > div').length' successfully

2018-11-20 12:53:44 - [MESSAGE][PASSED] - Execute JavaScript 'document.querySelector('#country').shadowRoot.querySelector('px-overlay-content > #content').shadowRoot.querySelector('#dropdown > div > #selector > div:nth-child(1)').click()' successfully

2018-11-20 12:53:44 - [MESSAGE][PASSED] - Execute JavaScript 'return document.querySelector('#state').shadowRoot.querySelector('px-overlay-content > #content').shadowRoot.querySelectorAll('#dropdown > div > #selector > div').length' successfully

2018-11-20 12:53:44 - [MESSAGE][PASSED] - Execute JavaScript 'document.querySelector('#state').shadowRoot.querySelector('px-overlay-content > #content').shadowRoot.querySelector('#dropdown > div > #selector > div:nth-child(45)').click()' successfully

2018-11-20 12:53:44 - [MESSAGE][PASSED] - Object: 'Object Repository/F11822-Configure and Manage Stations/station_save_button' is clicked on

2018-11-20 12:53:47 - [MESSAGE][PASSED] - Delayed 3 second(s)

2018-11-20 12:53:47 - [TEST_STEP][PASSED] - delay: Delayed 2 second(s)

2018-11-20 12:53:49 - [MESSAGE][PASSED] - Delayed 2 second(s)

2018-11-20 12:53:49 - [TEST_STEP][PASSED] - Statement - setZoneId = <not implemented yet for class: org.codehaus.groovy.ast.expr.EmptyExpression>: null

2018-11-20 12:53:49 - [TEST_STEP][PASSED] - Statement - actions.addZone(setZoneId): Execute JavaScript 'document.querySelector('#zone-type').shadowRoot.querySelector('#content').shadowRoot.querySelector('#selector > div:nth-child(2)').click()' successfully

2018-11-20 12:53:49 - [MESSAGE][PASSED] - Object: 'Object Repository/F5140-Add Zone Functionalities/QA-US88570-Add Zone/US38196-Save a New Zone/Add Edit Zone/addNewZoneButton' is clicked on

2018-11-20 12:53:52 - [MESSAGE][PASSED] - Delayed 3 second(s)

2018-11-20 12:53:52 - [MESSAGE][PASSED] - Text 'X9XYF' is set on object 'Object Repository/F5140-Add Zone Functionalities/QA-US88570-Add Zone/US38196-Save a New Zone/Add Edit Zone/zoneID'

2018-11-20 12:53:52 - [MESSAGE][PASSED] - Text 'MOQSAJK' is set on object 'Object Repository/F5140-Add Zone Functionalities/QA-US88570-Add Zone/US38196-Save a New Zone/Add Edit Zone/zoneName'

2018-11-20 12:53:53 - [MESSAGE][PASSED] - Execute JavaScript 'document.querySelector('#zone-type').shadowRoot.querySelector('#trigger').click()' successfully

2018-11-20 12:53:53 - [MESSAGE][PASSED] - Execute JavaScript 'return document.querySelector('#zone-type').shadowRoot.querySelector('#content').shadowRoot.querySelectorAll('#selector > div').length' successfully

2018-11-20 12:53:53 - [MESSAGE][PASSED] - Execute JavaScript 'document.querySelector('#zone-type').shadowRoot.querySelector('#content').shadowRoot.querySelector('#selector > div:nth-child(2)').click()' successfully

2018-11-20 12:53:53 - [TEST_STEP][PASSED] - com.ge.tms.commonactions.RailroadActions.clickOnZoneSaveButton: com.ge.tms.commonactions.RailroadActions.clickOnZoneSaveButton is PASSED

2018-11-20 12:53:53 - [MESSAGE][PASSED] - Send request successfully

2018-11-20 12:53:53 - [MESSAGE][PASSED] - Send request successfully

2018-11-20 12:53:53 - [MESSAGE][PASSED] - Send request successfully

2018-11-20 12:53:53 - [MESSAGE][PASSED] - Send request successfully

2018-11-20 12:53:53 - [MESSAGE][PASSED] - Object: 'Object Repository/F5140-Add Zone Functionalities/QA-US88570-Add Zone/US38196-Save a New Zone/Add Edit Zone/zoneSaveButton' is clicked on

2018-11-20 12:53:56 - [MESSAGE][PASSED] - Delayed 3 second(s)

2018-11-20 12:53:56 - [MESSAGE][PASSED] - com.ge.tms.commonactions.RailroadActions.clickOnZoneSaveButton is PASSED

2018-11-20 12:53:56 - [TEST_STEP][PASSED] - com.ge.tms.railroad.RailroadVerification.verifyNewZoneCreatedSuccessfully: com.ge.tms.railroad.RailroadVerification.verifyNewZoneCreatedSuccessfully is PASSED

2018-11-20 12:53:56 - [MESSAGE][PASSED] - Send request successfully

2018-11-20 12:53:56 - [MESSAGE][PASSED] - Send request successfully

2018-11-20 12:53:56 - [MESSAGE][PASSED] - Send request successfully

2018-11-20 12:53:56 - [MESSAGE][PASSED] - Send request successfully

2018-11-20 12:53:56 - [MESSAGE][PASSED] - Send request successfully

2018-11-20 12:53:56 - [MESSAGE][PASSED] - Send request successfully

2018-11-20 12:53:56 - [MESSAGE][PASSED] - Send request successfully

2018-11-20 12:53:56 - [MESSAGE][PASSED] - Send request successfully

2018-11-20 12:53:56 - [MESSAGE][PASSED] - Text of object 'Object Repository/F5140-Add Zone Functionalities/QA-US88570-Add Zone/US38196-Save a New Zone/Add Edit Zone/viewZoneId' is: 'X9XYF'

2018-11-20 12:53:56 - [MESSAGE][PASSED] - Actual object 'X9XYF' and expected object 'X9XYF' are equal

2018-11-20 12:53:56 - [MESSAGE][PASSED] - Text of object 'Object Repository/F5140-Add Zone Functionalities/QA-US88570-Add Zone/US38196-Save a New Zone/Add Edit Zone/ViewZoneName' is: 'MOQSAJK'

2018-11-20 12:53:56 - [MESSAGE][PASSED] - Actual object 'MOQSAJK' and expected object 'MOQSAJK' are equal

2018-11-20 12:53:56 - [MESSAGE][PASSED] - com.ge.tms.railroad.RailroadVerification.verifyNewZoneCreatedSuccessfully is PASSED

2018-11-20 12:53:56 - [TEST_STEP][PASSED] - com.ge.tms.commonactions.RailroadActions.clickOnZoneActionMenu: com.ge.tms.commonactions.RailroadActions.clickOnZoneActionMenu is PASSED

2018-11-20 12:53:56 - [MESSAGE][PASSED] - Send request successfully

2018-11-20 12:53:56 - [MESSAGE][PASSED] - Send request successfully

2018-11-20 12:53:56 - [MESSAGE][PASSED] - Send request successfully

2018-11-20 12:53:56 - [MESSAGE][PASSED] - Send request successfully

2018-11-20 12:53:56 - [MESSAGE][PASSED] - Execute JavaScript 'document.querySelector('#zone-actions-dropdown').shadowRoot.querySelector('#trigger').click()' successfully

2018-11-20 12:53:57 - [MESSAGE][PASSED] - Delayed 1 second(s)

2018-11-20 12:53:57 - [MESSAGE][PASSED] - com.ge.tms.commonactions.RailroadActions.clickOnZoneActionMenu is PASSED

2018-11-20 12:53:57 - [TEST_STEP][PASSED] - com.ge.tms.commonactions.RailroadActions.clickOnEditZoneButton: com.ge.tms.commonactions.RailroadActions.clickOnEditZoneButton is PASSED

2018-11-20 12:53:57 - [MESSAGE][PASSED] - Send request successfully

2018-11-20 12:53:57 - [MESSAGE][PASSED] - Send request successfully

2018-11-20 12:53:57 - [MESSAGE][PASSED] - Send request successfully

2018-11-20 12:53:57 - [MESSAGE][PASSED] - Send request successfully

2018-11-20 12:53:57 - [MESSAGE][PASSED] - Execute JavaScript 'document.querySelector('#zone-actions-dropdown').shadowRoot.querySelector('#content').shadowRoot.querySelector('#selector > div:nth-child(1)').click()' successfully

2018-11-20 12:53:58 - [MESSAGE][PASSED] - Delayed 1 second(s)

2018-11-20 12:53:58 - [MESSAGE][PASSED] - com.ge.tms.commonactions.RailroadActions.clickOnEditZoneButton is PASSED

2018-11-20 12:53:58 - [TEST_STEP][PASSED] - Statement - actions.editZone(): Delayed 3 second(s)

2018-11-20 12:53:58 - [MESSAGE][PASSED] - Object: 'Object Repository/F5140-Add Zone Functionalities/QA-US88570-Add Zone/US38196-Save a New Zone/Add Edit Zone/zoneName' is clicked on

2018-11-20 12:53:58 - [MESSAGE][PASSED] - Text of object 'Object Repository/F5140-Add Zone Functionalities/QA-US88570-Add Zone/US38196-Save a New Zone/Add Edit Zone/zoneName' is cleared

2018-11-20 12:53:59 - [MESSAGE][PASSED] - Delayed 1 second(s)

2018-11-20 12:53:59 - [MESSAGE][PASSED] - Text 'KDJXX' is set on object 'Object Repository/F5140-Add Zone Functionalities/QA-US88570-Add Zone/US38196-Save a New Zone/Add Edit Zone/zoneName'

2018-11-20 12:53:59 - [MESSAGE][PASSED] - Execute JavaScript 'return document.querySelector('#zone-type').shadowRoot.querySelector('#content').shadowRoot.querySelectorAll('#selector > div').length' successfully

2018-11-20 12:53:59 - [MESSAGE][PASSED] - Execute JavaScript 'document.querySelector('#zone-type').shadowRoot.querySelector('#content').shadowRoot.querySelector('#selector > div:nth-child(4)').click()' successfully

2018-11-20 12:53:59 - [MESSAGE][PASSED] - Execute JavaScript 'return document.querySelector('#zone-type').shadowRoot.querySelector('#trigger').shadowRoot.querySelector('#label').innerHTML' successfully

2018-11-20 12:53:59 - [MESSAGE][PASSED] - Object: 'Object Repository/F5140-Add Zone Functionalities/QA-US88570-Add Zone/US38196-Save a New Zone/Add Edit Zone/zoneSaveButton' is clicked on

2018-11-20 12:54:02 - [MESSAGE][PASSED] - Delayed 3 second(s)

2018-11-20 12:54:02 - [TEST_STEP][PASSED] - com.ge.tms.railroad.RailroadVerification.verifyEditedZone: com.ge.tms.railroad.RailroadVerification.verifyEditedZone is PASSED

2018-11-20 12:54:02 - [MESSAGE][PASSED] - Send request successfully

2018-11-20 12:54:02 - [MESSAGE][PASSED] - Send request successfully

2018-11-20 12:54:02 - [MESSAGE][PASSED] - Send request successfully

2018-11-20 12:54:02 - [MESSAGE][PASSED] - Send request successfully

2018-11-20 12:54:02 - [MESSAGE][PASSED] - Send request successfully

2018-11-20 12:54:02 - [MESSAGE][PASSED] - Send request successfully

2018-11-20 12:54:02 - [MESSAGE][PASSED] - Send request successfully

2018-11-20 12:54:02 - [MESSAGE][PASSED] - Send request successfully

2018-11-20 12:54:02 - [MESSAGE][PASSED] - Text of object 'Object Repository/F5140-Add Zone Functionalities/QA-US88570-Add Zone/US38196-Save a New Zone/Add Edit Zone/ViewZoneName' is: 'KDJXX'

2018-11-20 12:54:02 - [MESSAGE][PASSED] - Actual object 'KDJXX' and expected object 'KDJXX' are equal

2018-11-20 12:54:02 - [MESSAGE][PASSED] - Text of object 'Object Repository/F5140-Add Zone Functionalities/QA-US88570-Add Zone/US38196-Save a New Zone/Add Edit Zone/ViewZoneTypeLabel' is: 'Y'

2018-11-20 12:54:02 - [MESSAGE][PASSED] - Actual object 'Y' and expected object 'Y' are equal

2018-11-20 12:54:02 - [MESSAGE][PASSED] - com.ge.tms.railroad.RailroadVerification.verifyEditedZone is PASSED

2018-11-20 12:54:02 - [TEST_STEP][PASSED] - com.ge.tms.commonactions.RailroadActions.clickOnZoneActionMenu: com.ge.tms.commonactions.RailroadActions.clickOnZoneActionMenu is PASSED

2018-11-20 12:54:02 - [MESSAGE][PASSED] - Send request successfully

2018-11-20 12:54:02 - [MESSAGE][PASSED] - Send request successfully

2018-11-20 12:54:02 - [MESSAGE][PASSED] - Send request successfully

2018-11-20 12:54:02 - [MESSAGE][PASSED] - Send request successfully

2018-11-20 12:54:02 - [MESSAGE][PASSED] - Execute JavaScript 'document.querySelector('#zone-actions-dropdown').shadowRoot.querySelector('#trigger').click()' successfully

2018-11-20 12:54:03 - [MESSAGE][PASSED] - Delayed 1 second(s)

2018-11-20 12:54:03 - [MESSAGE][PASSED] - com.ge.tms.commonactions.RailroadActions.clickOnZoneActionMenu is PASSED

2018-11-20 12:54:03 - [TEST_STEP][PASSED] - com.ge.tms.commonactions.RailroadActions.clickOnDeleteAction: com.ge.tms.commonactions.RailroadActions.clickOnDeleteAction is PASSED

2018-11-20 12:54:03 - [MESSAGE][PASSED] - Send request successfully

2018-11-20 12:54:03 - [MESSAGE][PASSED] - Send request successfully

2018-11-20 12:54:03 - [MESSAGE][PASSED] - Send request successfully

2018-11-20 12:54:03 - [MESSAGE][PASSED] - Send request successfully

2018-11-20 12:54:03 - [MESSAGE][PASSED] - Execute JavaScript 'document.querySelector('#zone-actions-dropdown').shadowRoot.querySelector('#content').shadowRoot.querySelector('#selector > div:nth-child(2)').click()' successfully

2018-11-20 12:54:03 - [MESSAGE][PASSED] - com.ge.tms.commonactions.RailroadActions.clickOnDeleteAction is PASSED

2018-11-20 12:54:03 - [TEST_STEP][PASSED] - delay: Delayed 1 second(s)

2018-11-20 12:54:04 - [MESSAGE][PASSED] - Delayed 1 second(s)

2018-11-20 12:54:04 - [TEST_STEP][PASSED] - Statement - deleteYesButtonObj = com.kms.katalon.core.testobject.ObjectRepository.findTestObject(Object Repository/F5140-Add Zone Functionalities/QA-US88570-Add Zone/US38196-Save a New Zone/Delete Zone/deleteYesButton): Finding Test Object with id 'Object Repository/F5140-Add Zone Functionalities/QA-US88570-Add Zone/US38196-Save a New Zone/Delete Zone/deleteYesButton'

2018-11-20 12:54:04 - [TEST_STEP][PASSED] - com.ge.tms.commonactions.RailroadActions.clickOnTestObject: com.ge.tms.commonactions.RailroadActions.clickOnTestObject is PASSED

2018-11-20 12:54:04 - [MESSAGE][PASSED] - Send request successfully

2018-11-20 12:54:04 - [MESSAGE][PASSED] - Send request successfully

2018-11-20 12:54:04 - [MESSAGE][PASSED] - Send request successfully

2018-11-20 12:54:04 - [MESSAGE][PASSED] - Send request successfully

2018-11-20 12:54:05 - [MESSAGE][PASSED] - Object: 'Object Repository/F5140-Add Zone Functionalities/QA-US88570-Add Zone/US38196-Save a New Zone/Delete Zone/deleteYesButton' is clicked on

2018-11-20 12:54:05 - [MESSAGE][PASSED] - com.ge.tms.commonactions.RailroadActions.clickOnTestObject is PASSED

2018-11-20 12:54:05 - [TEST_STEP][PASSED] - delay: Delayed 1 second(s)

2018-11-20 12:54:06 - [MESSAGE][PASSED] - Delayed 1 second(s)

2018-11-20 12:54:06 - [TEST_STEP][PASSED] - com.ge.tms.commonactions.RailroadActions.clickOnStationActionMenu: com.ge.tms.commonactions.RailroadActions.clickOnStationActionMenu is PASSED

2018-11-20 12:54:06 - [MESSAGE][PASSED] - Send request successfully

2018-11-20 12:54:06 - [MESSAGE][PASSED] - Send request successfully

2018-11-20 12:54:06 - [MESSAGE][PASSED] - Send request successfully

2018-11-20 12:54:06 - [MESSAGE][PASSED] - Send request successfully

2018-11-20 12:54:06 - [MESSAGE][PASSED] - Execute JavaScript 'document.querySelector('#station-actions-dropdown').shadowRoot.querySelector('#trigger').click()' successfully

2018-11-20 12:54:07 - [MESSAGE][PASSED] - Delayed 1 second(s)

2018-11-20 12:54:07 - [MESSAGE][PASSED] - com.ge.tms.commonactions.RailroadActions.clickOnStationActionMenu is PASSED

2018-11-20 12:54:07 - [TEST_STEP][PASSED] - com.ge.tms.commonactions.RailroadActions.clickOnDeleteStationButton: com.ge.tms.commonactions.RailroadActions.clickOnDeleteStationButton is PASSED

2018-11-20 12:54:07 - [MESSAGE][PASSED] - Send request successfully

2018-11-20 12:54:07 - [MESSAGE][PASSED] - Send request successfully

2018-11-20 12:54:07 - [MESSAGE][PASSED] - Send request successfully

2018-11-20 12:54:07 - [MESSAGE][PASSED] - Send request successfully

2018-11-20 12:54:07 - [MESSAGE][PASSED] - Execute JavaScript 'document.querySelector('#station-actions-dropdown').shadowRoot.querySelector('#content').shadowRoot.querySelector('#selector > div:nth-child(2)').click()' successfully

2018-11-20 12:54:07 - [MESSAGE][PASSED] - com.ge.tms.commonactions.RailroadActions.clickOnDeleteStationButton is PASSED

2018-11-20 12:54:07 - [TEST_STEP][PASSED] - Statement - deleteYesButtonObj = com.kms.katalon.core.testobject.ObjectRepository.findTestObject(Object Repository/F11822-Configure and Manage Stations/deleteConfirmationYesButton): Finding Test Object with id 'Object Repository/F11822-Configure and Manage Stations/deleteConfirmationYesButton'

2018-11-20 12:54:07 - [TEST_STEP][PASSED] - com.ge.tms.commonactions.RailroadActions.clickOnTestObject: com.ge.tms.commonactions.RailroadActions.clickOnTestObject is PASSED

2018-11-20 12:54:07 - [MESSAGE][PASSED] - Send request successfully

2018-11-20 12:54:07 - [MESSAGE][PASSED] - Send request successfully

2018-11-20 12:54:07 - [MESSAGE][PASSED] - Send request successfully

2018-11-20 12:54:07 - [MESSAGE][PASSED] - Send request successfully

2018-11-20 12:54:07 - [MESSAGE][PASSED] - Object: 'Object Repository/F11822-Configure and Manage Stations/deleteConfirmationYesButton' is clicked on

2018-11-20 12:54:07 - [MESSAGE][PASSED] - com.ge.tms.commonactions.RailroadActions.clickOnTestObject is PASSED

2018-11-20 12:54:07 - [TEST_STEP][PASSED] - delay: Delayed 1 second(s)

2018-11-20 12:54:08 - [MESSAGE][PASSED] - Delayed 1 second(s)

2018-11-20 12:54:08 - [TEST_STEP][PASSED] - com.ge.tms.railroad.RailroadVerification.verifyDeletedItemNotPresentInSearchView: com.ge.tms.railroad.RailroadVerification.verifyDeletedItemNotPresentInSearchView is PASSED

2018-11-20 12:54:08 - [MESSAGE][PASSED] - Send request successfully

2018-11-20 12:54:08 - [MESSAGE][PASSED] - Send request successfully

2018-11-20 12:54:08 - [MESSAGE][PASSED] - Send request successfully

2018-11-20 12:54:08 - [MESSAGE][PASSED] - Send request successfully

2018-11-20 12:54:08 - [MESSAGE][PASSED] - Send request successfully

2018-11-20 12:54:08 - [MESSAGE][PASSED] - Send request successfully

2018-11-20 12:54:08 - [MESSAGE][PASSED] - Send request successfully

2018-11-20 12:54:08 - [MESSAGE][PASSED] - Send request successfully

2018-11-20 12:54:08 - [MESSAGE][PASSED] - Text 'Q1DXKC7' is set on object 'Object Repository/CommonObjects/searchTextBoxLeftNav'

2018-11-20 12:54:10 - [MESSAGE][PASSED] - Delayed 2 second(s)

2018-11-20 12:54:10 - [MESSAGE][PASSED] - Text of object 'Object Repository/CommonObjects/noSearchResultMessageLeftNav' is: 'No stations or zones found.'

2018-11-20 12:54:10 - [MESSAGE][PASSED] - Actual object 'No stations or zones found.' and expected object 'No stations or zones found.' are equal

2018-11-20 12:54:10 - [MESSAGE][PASSED] - com.ge.tms.railroad.RailroadVerification.verifyDeletedItemNotPresentInSearchView is PASSED

2018-11-20 12:54:10 - [TEST_STEP][PASSED] - Start listener action : closeBrowserForTestCasse: Navigate to 'http://localhost:8080/home' successfully

2018-11-20 12:54:10 - [TEST_STEP][PASSED] - Statement - If (isTestSuitEnable == true): null

2018-11-20 12:54:10 - [TEST_STEP][PASSED] - Statement - beforeTestCaseExecute(): null

2018-11-20 12:54:10 - [TEST_STEP][PASSED] - Statement - If (isTestSuitEnable == true): Navigate to 'http://localhost:8080/home' successfully

2018-11-20 12:54:10 - [TEST_STEP][PASSED] - navigateToUrl: Navigate to 'http://localhost:8080/home' successfully

2018-11-20 12:54:11 - [MESSAGE][PASSED] - Navigate to 'http://localhost:8080/home' successfully

2018-11-20 12:54:11 - [TEST_STEP][PASSED] - Start listener action : afterTestCase: Invoke 'com.kms.katalon.core.annotation.AfterTestCase' method: 'TmsTestListner.afterTestCase(...)' completed.

2018-11-20 12:54:11 - [TEST_STEP][PASSED] - Statement - If (java.lang.System.getProperties().containsKey("updateRally")): Invoke 'com.kms.katalon.core.annotation.AfterTestCase' method: 'TmsTestListner.afterTestCase(...)' completed.]]></system-out>
         <system-err><![CDATA[]]></system-err>
      </testcase>
      <testcase name="Test Cases/Railroad/F5140-Add Zone Functionalities/QA-US92242-Search Station and Zone/TC66150-Search Station And Zone" classname="Test Cases/Railroad/F5140-Add Zone Functionalities/QA-US92242-Search Station and Zone/TC66150-Search Station And Zone" status="PASSED">
         <system-out><![CDATA[2018-11-20 12:54:11 - [TEST_CASE][PASSED] - Test Cases/Railroad/F5140-Add Zone Functionalities/QA-US92242-Search Station and Zone/TC66150-Search Station And Zone: Test Cases/Railroad/F5140-Add Zone Functionalities/QA-US92242-Search Station and Zone/TC66150-Search Station And Zone

2018-11-20 12:54:11 - [TEST_STEP][PASSED] - Start listener action : beforeTestCaseExecute: Navigate to 'http://localhost:8080/home' successfully

2018-11-20 12:54:11 - [TEST_STEP][PASSED] - Statement - If (isTestSuitEnable == true): Navigate to 'http://localhost:8080/home' successfully

2018-11-20 12:54:11 - [TEST_STEP][PASSED] - navigateToUrl: Navigate to 'http://localhost:8080/home' successfully

2018-11-20 12:54:12 - [MESSAGE][PASSED] - Navigate to 'http://localhost:8080/home' successfully

2018-11-20 12:54:12 - [TEST_STEP][PASSED] - Statement - util = new com.ge.tms.util.CommonUtilities(): Send request successfully

2018-11-20 12:54:12 - [MESSAGE][PASSED] - Send request successfully

2018-11-20 12:54:12 - [MESSAGE][PASSED] - Send request successfully

2018-11-20 12:54:12 - [MESSAGE][PASSED] - Send request successfully

2018-11-20 12:54:12 - [MESSAGE][PASSED] - Send request successfully

2018-11-20 12:54:12 - [TEST_STEP][PASSED] - Statement - actions = new com.ge.tms.commonactions.RailroadActions(): Send request successfully

2018-11-20 12:54:12 - [MESSAGE][PASSED] - Send request successfully

2018-11-20 12:54:12 - [MESSAGE][PASSED] - Send request successfully

2018-11-20 12:54:12 - [MESSAGE][PASSED] - Send request successfully

2018-11-20 12:54:12 - [MESSAGE][PASSED] - Send request successfully

2018-11-20 12:54:12 - [TEST_STEP][PASSED] - com.ge.tms.commonactions.CommonClickEvents.clickOnRailroadSetup: com.ge.tms.commonactions.CommonClickEvents.clickOnRailroadSetup is PASSED

2018-11-20 12:54:12 - [MESSAGE][PASSED] - Execute JavaScript 'document.querySelector('px-app-nav').shadowRoot.querySelector('#items > px-app-nav-group:nth-child(13) > px-app-nav-subitem:nth-child(1)').click()' successfully

2018-11-20 12:54:14 - [MESSAGE][PASSED] - Delayed 2 second(s)

2018-11-20 12:54:14 - [MESSAGE][PASSED] - com.ge.tms.commonactions.CommonClickEvents.clickOnRailroadSetup is PASSED

2018-11-20 12:54:14 - [TEST_STEP][PASSED] - com.ge.tms.commonactions.RailroadActions.clickOnSelectRailroadDropdown: com.ge.tms.commonactions.RailroadActions.clickOnSelectRailroadDropdown is PASSED

2018-11-20 12:54:14 - [MESSAGE][PASSED] - Send request successfully

2018-11-20 12:54:14 - [MESSAGE][PASSED] - Send request successfully

2018-11-20 12:54:14 - [MESSAGE][PASSED] - Send request successfully

2018-11-20 12:54:14 - [MESSAGE][PASSED] - Send request successfully

2018-11-20 12:54:14 - [MESSAGE][PASSED] - Execute JavaScript 'document.querySelector('#railroads-select-dropdown').shadowRoot.querySelector('#trigger').click()' successfully

2018-11-20 12:54:17 - [MESSAGE][PASSED] - Delayed 3 second(s)

2018-11-20 12:54:17 - [MESSAGE][PASSED] - com.ge.tms.commonactions.RailroadActions.clickOnSelectRailroadDropdown is PASSED

2018-11-20 12:54:17 - [TEST_STEP][PASSED] - com.ge.tms.commonactions.RailroadActions.selectRandomRailRoad: com.ge.tms.commonactions.RailroadActions.selectRandomRailRoad is PASSED

2018-11-20 12:54:17 - [MESSAGE][PASSED] - Send request successfully

2018-11-20 12:54:17 - [MESSAGE][PASSED] - Send request successfully

2018-11-20 12:54:17 - [MESSAGE][PASSED] - Send request successfully

2018-11-20 12:54:17 - [MESSAGE][PASSED] - Send request successfully

2018-11-20 12:54:17 - [MESSAGE][PASSED] - Execute JavaScript 'let railRoadList=[]; document.querySelector('#railroads-select-dropdown').shadowRoot.querySelector('#content').shadowRoot.querySelectorAll('#selector > div.dropdown-option').forEach(node => { railRoadList.push(node.getAttribute('title')) }); return railRoadList' successfully

2018-11-20 12:54:17 - [MESSAGE][PASSED] - Execute JavaScript 'return document.querySelector('#railroads-select-dropdown').shadowRoot.querySelector('#content').shadowRoot.querySelector('#selector > div:nth-child(1) span').innerHTML' successfully

2018-11-20 12:54:17 - [MESSAGE][PASSED] - Execute JavaScript 'return document.querySelector('#railroads-select-dropdown').shadowRoot.querySelector('#content').shadowRoot.querySelector('#selector > div:nth-child(1) span').click()' successfully

2018-11-20 12:54:17 - [MESSAGE][PASSED] - com.ge.tms.commonactions.RailroadActions.selectRandomRailRoad is PASSED

2018-11-20 12:54:17 - [TEST_STEP][PASSED] - delay: Delayed 4 second(s)

2018-11-20 12:54:21 - [MESSAGE][PASSED] - Delayed 4 second(s)

2018-11-20 12:54:21 - [TEST_STEP][PASSED] - Statement - setStationId = <not implemented yet for class: org.codehaus.groovy.ast.expr.EmptyExpression>: null

2018-11-20 12:54:21 - [TEST_STEP][PASSED] - Statement - actions.addStationMandatotyFields(setStationId): Delayed 3 second(s)

2018-11-20 12:54:21 - [MESSAGE][PASSED] - Object: 'Object Repository/F11822-Configure and Manage Stations/Add_New_Station_Button' is clicked on

2018-11-20 12:54:22 - [MESSAGE][PASSED] - Text 'MHOHHYS' is set on object 'Object Repository/F11822-Configure and Manage Stations/station_id'

2018-11-20 12:54:22 - [MESSAGE][PASSED] - Text 'N0XMKDZ' is set on object 'Object Repository/F11822-Configure and Manage Stations/station_name'

2018-11-20 12:54:22 - [MESSAGE][PASSED] - Execute JavaScript 'document.querySelector('#splc').shadowRoot.querySelector('#trigger').shadowRoot.querySelector('#trigger').click()' successfully

2018-11-20 12:54:22 - [MESSAGE][PASSED] - Execute JavaScript 'return document.querySelector('#splc').shadowRoot.querySelector('px-overlay-content > #content').shadowRoot.querySelectorAll('#dropdown > div > #selector > div').length' successfully

2018-11-20 12:54:22 - [MESSAGE][PASSED] - Execute JavaScript 'document.querySelector('#splc').shadowRoot.querySelector('px-overlay-content > #content').shadowRoot.querySelector('#dropdown > div > #selector > div:nth-child(1)').click()' successfully

2018-11-20 12:54:22 - [MESSAGE][PASSED] - Execute JavaScript 'return document.querySelector('#fsac').shadowRoot.querySelector('px-overlay-content > #content').shadowRoot.querySelectorAll('#dropdown > div > #selector > div').length' successfully

2018-11-20 12:54:22 - [MESSAGE][PASSED] - Execute JavaScript 'document.querySelector('#fsac').shadowRoot.querySelector('px-overlay-content > #content').shadowRoot.querySelector('#dropdown > div > #selector > div:nth-child(1)').click()' successfully

2018-11-20 12:54:22 - [MESSAGE][PASSED] - Execute JavaScript 'return document.querySelector('#station-timezone-qualifier').shadowRoot.querySelector('px-overlay-content > #content').shadowRoot.querySelectorAll('#dropdown > div > #selector > div').length' successfully

2018-11-20 12:54:22 - [MESSAGE][PASSED] - Execute JavaScript 'document.querySelector('#station-timezone-qualifier').shadowRoot.querySelector('px-overlay-content > #content').shadowRoot.querySelector('#dropdown > div > #selector > div:nth-child(2)').click()' successfully

2018-11-20 12:54:22 - [MESSAGE][PASSED] - Execute JavaScript 'return document.querySelector('#country').shadowRoot.querySelector('px-overlay-content > #content').shadowRoot.querySelectorAll('#dropdown > div > #selector > div').length' successfully

2018-11-20 12:54:22 - [MESSAGE][PASSED] - Execute JavaScript 'document.querySelector('#country').shadowRoot.querySelector('px-overlay-content > #content').shadowRoot.querySelector('#dropdown > div > #selector > div:nth-child(1)').click()' successfully

2018-11-20 12:54:22 - [MESSAGE][PASSED] - Execute JavaScript 'return document.querySelector('#state').shadowRoot.querySelector('px-overlay-content > #content').shadowRoot.querySelectorAll('#dropdown > div > #selector > div').length' successfully

2018-11-20 12:54:22 - [MESSAGE][PASSED] - Execute JavaScript 'document.querySelector('#state').shadowRoot.querySelector('px-overlay-content > #content').shadowRoot.querySelector('#dropdown > div > #selector > div:nth-child(48)').click()' successfully

2018-11-20 12:54:22 - [MESSAGE][PASSED] - Object: 'Object Repository/F11822-Configure and Manage Stations/station_save_button' is clicked on

2018-11-20 12:54:25 - [MESSAGE][PASSED] - Delayed 3 second(s)

2018-11-20 12:54:25 - [TEST_STEP][PASSED] - delay: Delayed 3 second(s)

2018-11-20 12:54:28 - [MESSAGE][PASSED] - Delayed 3 second(s)

2018-11-20 12:54:28 - [TEST_STEP][PASSED] - Statement - setZoneId = <not implemented yet for class: org.codehaus.groovy.ast.expr.EmptyExpression>: null

2018-11-20 12:54:28 - [TEST_STEP][PASSED] - Statement - actions.addZone(setZoneId): Execute JavaScript 'document.querySelector('#zone-type').shadowRoot.querySelector('#content').shadowRoot.querySelector('#selector > div:nth-child(1)').click()' successfully

2018-11-20 12:54:28 - [MESSAGE][PASSED] - Object: 'Object Repository/F5140-Add Zone Functionalities/QA-US88570-Add Zone/US38196-Save a New Zone/Add Edit Zone/addNewZoneButton' is clicked on

2018-11-20 12:54:31 - [MESSAGE][PASSED] - Delayed 3 second(s)

2018-11-20 12:54:32 - [MESSAGE][PASSED] - Text 'CYKYD' is set on object 'Object Repository/F5140-Add Zone Functionalities/QA-US88570-Add Zone/US38196-Save a New Zone/Add Edit Zone/zoneID'

2018-11-20 12:54:32 - [MESSAGE][PASSED] - Text 'YG66XLE' is set on object 'Object Repository/F5140-Add Zone Functionalities/QA-US88570-Add Zone/US38196-Save a New Zone/Add Edit Zone/zoneName'

2018-11-20 12:54:32 - [MESSAGE][PASSED] - Execute JavaScript 'document.querySelector('#zone-type').shadowRoot.querySelector('#trigger').click()' successfully

2018-11-20 12:54:32 - [MESSAGE][PASSED] - Execute JavaScript 'return document.querySelector('#zone-type').shadowRoot.querySelector('#content').shadowRoot.querySelectorAll('#selector > div').length' successfully

2018-11-20 12:54:32 - [MESSAGE][PASSED] - Execute JavaScript 'document.querySelector('#zone-type').shadowRoot.querySelector('#content').shadowRoot.querySelector('#selector > div:nth-child(1)').click()' successfully

2018-11-20 12:54:32 - [TEST_STEP][PASSED] - com.ge.tms.commonactions.RailroadActions.clickOnZoneSaveButton: com.ge.tms.commonactions.RailroadActions.clickOnZoneSaveButton is PASSED

2018-11-20 12:54:32 - [MESSAGE][PASSED] - Send request successfully

2018-11-20 12:54:32 - [MESSAGE][PASSED] - Send request successfully

2018-11-20 12:54:32 - [MESSAGE][PASSED] - Send request successfully

2018-11-20 12:54:32 - [MESSAGE][PASSED] - Send request successfully

2018-11-20 12:54:32 - [MESSAGE][PASSED] - Object: 'Object Repository/F5140-Add Zone Functionalities/QA-US88570-Add Zone/US38196-Save a New Zone/Add Edit Zone/zoneSaveButton' is clicked on

2018-11-20 12:54:35 - [MESSAGE][PASSED] - Delayed 3 second(s)

2018-11-20 12:54:35 - [MESSAGE][PASSED] - com.ge.tms.commonactions.RailroadActions.clickOnZoneSaveButton is PASSED

2018-11-20 12:54:35 - [TEST_STEP][PASSED] - Statement - actions.setStaionForZonezoneSearchField(): Text 'CYKYD' is set on object 'Object Repository/CommonObjects/searchTextBoxLeftNav'

2018-11-20 12:54:35 - [MESSAGE][PASSED] - Text 'CYKYD' is set on object 'Object Repository/CommonObjects/searchTextBoxLeftNav'

2018-11-20 12:54:35 - [TEST_STEP][PASSED] - com.ge.tms.railroad.RailroadVerification.verifyZoneSearchWithZone: com.ge.tms.railroad.RailroadVerification.verifyZoneSearchWithZone is PASSED

2018-11-20 12:54:35 - [MESSAGE][PASSED] - Send request successfully

2018-11-20 12:54:35 - [MESSAGE][PASSED] - Send request successfully

2018-11-20 12:54:35 - [MESSAGE][PASSED] - Send request successfully

2018-11-20 12:54:35 - [MESSAGE][PASSED] - Send request successfully

2018-11-20 12:54:35 - [MESSAGE][PASSED] - Send request successfully

2018-11-20 12:54:35 - [MESSAGE][PASSED] - Send request successfully

2018-11-20 12:54:35 - [MESSAGE][PASSED] - Send request successfully

2018-11-20 12:54:35 - [MESSAGE][PASSED] - Send request successfully

2018-11-20 12:54:35 - [MESSAGE][PASSED] - Actual object 'true' and expected object 'true' are equal

2018-11-20 12:54:35 - [MESSAGE][PASSED] - Actual object 'true' and expected object 'true' are equal

2018-11-20 12:54:35 - [MESSAGE][PASSED] - com.ge.tms.railroad.RailroadVerification.verifyZoneSearchWithZone is PASSED

2018-11-20 12:54:35 - [TEST_STEP][PASSED] - com.ge.tms.commonactions.RailroadActions.clickOnZoneActionMenu: com.ge.tms.commonactions.RailroadActions.clickOnZoneActionMenu is PASSED

2018-11-20 12:54:35 - [MESSAGE][PASSED] - Send request successfully

2018-11-20 12:54:35 - [MESSAGE][PASSED] - Send request successfully

2018-11-20 12:54:35 - [MESSAGE][PASSED] - Send request successfully

2018-11-20 12:54:35 - [MESSAGE][PASSED] - Send request successfully

2018-11-20 12:54:35 - [MESSAGE][PASSED] - Execute JavaScript 'document.querySelector('#zone-actions-dropdown').shadowRoot.querySelector('#trigger').click()' successfully

2018-11-20 12:54:36 - [MESSAGE][PASSED] - Delayed 1 second(s)

2018-11-20 12:54:36 - [MESSAGE][PASSED] - com.ge.tms.commonactions.RailroadActions.clickOnZoneActionMenu is PASSED

2018-11-20 12:54:36 - [TEST_STEP][PASSED] - com.ge.tms.commonactions.RailroadActions.clickOnDeleteAction: com.ge.tms.commonactions.RailroadActions.clickOnDeleteAction is PASSED

2018-11-20 12:54:36 - [MESSAGE][PASSED] - Send request successfully

2018-11-20 12:54:36 - [MESSAGE][PASSED] - Send request successfully

2018-11-20 12:54:36 - [MESSAGE][PASSED] - Send request successfully

2018-11-20 12:54:36 - [MESSAGE][PASSED] - Send request successfully

2018-11-20 12:54:36 - [MESSAGE][PASSED] - Execute JavaScript 'document.querySelector('#zone-actions-dropdown').shadowRoot.querySelector('#content').shadowRoot.querySelector('#selector > div:nth-child(2)').click()' successfully

2018-11-20 12:54:36 - [MESSAGE][PASSED] - com.ge.tms.commonactions.RailroadActions.clickOnDeleteAction is PASSED

2018-11-20 12:54:36 - [TEST_STEP][PASSED] - delay: Delayed 1 second(s)

2018-11-20 12:54:37 - [MESSAGE][PASSED] - Delayed 1 second(s)

2018-11-20 12:54:37 - [TEST_STEP][PASSED] - Statement - deleteYesButtonObj = com.kms.katalon.core.testobject.ObjectRepository.findTestObject(Object Repository/F5140-Add Zone Functionalities/QA-US88570-Add Zone/US38196-Save a New Zone/Delete Zone/deleteYesButton): Finding Test Object with id 'Object Repository/F5140-Add Zone Functionalities/QA-US88570-Add Zone/US38196-Save a New Zone/Delete Zone/deleteYesButton'

2018-11-20 12:54:37 - [TEST_STEP][PASSED] - com.ge.tms.commonactions.RailroadActions.clickOnTestObject: com.ge.tms.commonactions.RailroadActions.clickOnTestObject is PASSED

2018-11-20 12:54:37 - [MESSAGE][PASSED] - Send request successfully

2018-11-20 12:54:37 - [MESSAGE][PASSED] - Send request successfully

2018-11-20 12:54:37 - [MESSAGE][PASSED] - Send request successfully

2018-11-20 12:54:37 - [MESSAGE][PASSED] - Send request successfully

2018-11-20 12:54:37 - [MESSAGE][PASSED] - Object: 'Object Repository/F5140-Add Zone Functionalities/QA-US88570-Add Zone/US38196-Save a New Zone/Delete Zone/deleteYesButton' is clicked on

2018-11-20 12:54:37 - [MESSAGE][PASSED] - com.ge.tms.commonactions.RailroadActions.clickOnTestObject is PASSED

2018-11-20 12:54:37 - [TEST_STEP][PASSED] - delay: Delayed 2 second(s)

2018-11-20 12:54:39 - [MESSAGE][PASSED] - Delayed 2 second(s)

2018-11-20 12:54:39 - [TEST_STEP][PASSED] - Statement - actions.clearStationzoneSearchField(): Text of object 'Object Repository/CommonObjects/searchTextBoxLeftNav' is cleared

2018-11-20 12:54:40 - [MESSAGE][PASSED] - Text of object 'Object Repository/CommonObjects/searchTextBoxLeftNav' is cleared

2018-11-20 12:54:40 - [TEST_STEP][PASSED] - Statement - actions.setStaionForStationzoneSearchField(): Text 'MHOHHYS' is set on object 'Object Repository/CommonObjects/searchTextBoxLeftNav'

2018-11-20 12:54:40 - [MESSAGE][PASSED] - Text 'MHOHHYS' is set on object 'Object Repository/CommonObjects/searchTextBoxLeftNav'

2018-11-20 12:54:40 - [TEST_STEP][PASSED] - delay: Delayed 4 second(s)

2018-11-20 12:54:44 - [MESSAGE][PASSED] - Delayed 4 second(s)

2018-11-20 12:54:44 - [TEST_STEP][PASSED] - com.ge.tms.railroad.RailroadVerification.verifyStationSearchWithStation: com.ge.tms.railroad.RailroadVerification.verifyStationSearchWithStation is PASSED

2018-11-20 12:54:44 - [MESSAGE][PASSED] - Send request successfully

2018-11-20 12:54:44 - [MESSAGE][PASSED] - Send request successfully

2018-11-20 12:54:44 - [MESSAGE][PASSED] - Send request successfully

2018-11-20 12:54:44 - [MESSAGE][PASSED] - Send request successfully

2018-11-20 12:54:44 - [MESSAGE][PASSED] - Send request successfully

2018-11-20 12:54:44 - [MESSAGE][PASSED] - Send request successfully

2018-11-20 12:54:44 - [MESSAGE][PASSED] - Send request successfully

2018-11-20 12:54:44 - [MESSAGE][PASSED] - Send request successfully

2018-11-20 12:54:44 - [MESSAGE][PASSED] - Actual object 'true' and expected object 'true' are equal

2018-11-20 12:54:44 - [MESSAGE][PASSED] - com.ge.tms.railroad.RailroadVerification.verifyStationSearchWithStation is PASSED

2018-11-20 12:54:44 - [TEST_STEP][PASSED] - delay: Delayed 2 second(s)

2018-11-20 12:54:46 - [MESSAGE][PASSED] - Delayed 2 second(s)

2018-11-20 12:54:46 - [TEST_STEP][PASSED] - com.ge.tms.commonactions.RailroadActions.clickOnStationActionMenu: com.ge.tms.commonactions.RailroadActions.clickOnStationActionMenu is PASSED

2018-11-20 12:54:46 - [MESSAGE][PASSED] - Send request successfully

2018-11-20 12:54:46 - [MESSAGE][PASSED] - Send request successfully

2018-11-20 12:54:46 - [MESSAGE][PASSED] - Send request successfully

2018-11-20 12:54:46 - [MESSAGE][PASSED] - Send request successfully

2018-11-20 12:54:46 - [MESSAGE][PASSED] - Execute JavaScript 'document.querySelector('#station-actions-dropdown').shadowRoot.querySelector('#trigger').click()' successfully

2018-11-20 12:54:47 - [MESSAGE][PASSED] - Delayed 1 second(s)

2018-11-20 12:54:47 - [MESSAGE][PASSED] - com.ge.tms.commonactions.RailroadActions.clickOnStationActionMenu is PASSED

2018-11-20 12:54:47 - [TEST_STEP][PASSED] - com.ge.tms.commonactions.RailroadActions.clickOnDeleteStationButton: com.ge.tms.commonactions.RailroadActions.clickOnDeleteStationButton is PASSED

2018-11-20 12:54:47 - [MESSAGE][PASSED] - Send request successfully

2018-11-20 12:54:47 - [MESSAGE][PASSED] - Send request successfully

2018-11-20 12:54:47 - [MESSAGE][PASSED] - Send request successfully

2018-11-20 12:54:47 - [MESSAGE][PASSED] - Send request successfully

2018-11-20 12:54:47 - [MESSAGE][PASSED] - Execute JavaScript 'document.querySelector('#station-actions-dropdown').shadowRoot.querySelector('#content').shadowRoot.querySelector('#selector > div:nth-child(2)').click()' successfully

2018-11-20 12:54:47 - [MESSAGE][PASSED] - com.ge.tms.commonactions.RailroadActions.clickOnDeleteStationButton is PASSED

2018-11-20 12:54:47 - [TEST_STEP][PASSED] - Statement - deleteButtonObj = com.kms.katalon.core.testobject.ObjectRepository.findTestObject(Object Repository/F11822-Configure and Manage Stations/deleteConfirmationYesButton): Finding Test Object with id 'Object Repository/F11822-Configure and Manage Stations/deleteConfirmationYesButton'

2018-11-20 12:54:47 - [TEST_STEP][PASSED] - com.ge.tms.commonactions.RailroadActions.clickOnTestObject: com.ge.tms.commonactions.RailroadActions.clickOnTestObject is PASSED

2018-11-20 12:54:47 - [MESSAGE][PASSED] - Send request successfully

2018-11-20 12:54:47 - [MESSAGE][PASSED] - Send request successfully

2018-11-20 12:54:47 - [MESSAGE][PASSED] - Send request successfully

2018-11-20 12:54:47 - [MESSAGE][PASSED] - Send request successfully

2018-11-20 12:54:47 - [MESSAGE][PASSED] - Object: 'Object Repository/F11822-Configure and Manage Stations/deleteConfirmationYesButton' is clicked on

2018-11-20 12:54:47 - [MESSAGE][PASSED] - com.ge.tms.commonactions.RailroadActions.clickOnTestObject is PASSED

2018-11-20 12:54:47 - [TEST_STEP][PASSED] - delay: Delayed 1 second(s)

2018-11-20 12:54:48 - [MESSAGE][PASSED] - Delayed 1 second(s)

2018-11-20 12:54:48 - [TEST_STEP][PASSED] - com.ge.tms.railroad.RailroadVerification.verifyDeletedItemNotPresentInSearchView: com.ge.tms.railroad.RailroadVerification.verifyDeletedItemNotPresentInSearchView is PASSED

2018-11-20 12:54:48 - [MESSAGE][PASSED] - Send request successfully

2018-11-20 12:54:48 - [MESSAGE][PASSED] - Send request successfully

2018-11-20 12:54:48 - [MESSAGE][PASSED] - Send request successfully

2018-11-20 12:54:48 - [MESSAGE][PASSED] - Send request successfully

2018-11-20 12:54:48 - [MESSAGE][PASSED] - Send request successfully

2018-11-20 12:54:48 - [MESSAGE][PASSED] - Send request successfully

2018-11-20 12:54:48 - [MESSAGE][PASSED] - Send request successfully

2018-11-20 12:54:48 - [MESSAGE][PASSED] - Send request successfully

2018-11-20 12:54:49 - [MESSAGE][PASSED] - Text 'MHOHHYS' is set on object 'Object Repository/CommonObjects/searchTextBoxLeftNav'

2018-11-20 12:54:51 - [MESSAGE][PASSED] - Delayed 2 second(s)

2018-11-20 12:54:51 - [MESSAGE][PASSED] - Text of object 'Object Repository/CommonObjects/noSearchResultMessageLeftNav' is: 'No stations or zones found.'

2018-11-20 12:54:51 - [MESSAGE][PASSED] - Actual object 'No stations or zones found.' and expected object 'No stations or zones found.' are equal

2018-11-20 12:54:51 - [MESSAGE][PASSED] - com.ge.tms.railroad.RailroadVerification.verifyDeletedItemNotPresentInSearchView is PASSED

2018-11-20 12:54:51 - [TEST_STEP][PASSED] - Start listener action : closeBrowserForTestCasse: Navigate to 'http://localhost:8080/home' successfully

2018-11-20 12:54:51 - [TEST_STEP][PASSED] - Statement - If (isTestSuitEnable == true): null

2018-11-20 12:54:51 - [TEST_STEP][PASSED] - Statement - beforeTestCaseExecute(): null

2018-11-20 12:54:51 - [TEST_STEP][PASSED] - Statement - If (isTestSuitEnable == true): Navigate to 'http://localhost:8080/home' successfully

2018-11-20 12:54:51 - [TEST_STEP][PASSED] - navigateToUrl: Navigate to 'http://localhost:8080/home' successfully

2018-11-20 12:54:52 - [MESSAGE][PASSED] - Navigate to 'http://localhost:8080/home' successfully

2018-11-20 12:54:52 - [TEST_STEP][PASSED] - Start listener action : afterTestCase: Invoke 'com.kms.katalon.core.annotation.AfterTestCase' method: 'TmsTestListner.afterTestCase(...)' completed.

2018-11-20 12:54:52 - [TEST_STEP][PASSED] - Statement - If (java.lang.System.getProperties().containsKey("updateRally")): Invoke 'com.kms.katalon.core.annotation.AfterTestCase' method: 'TmsTestListner.afterTestCase(...)' completed.]]></system-out>
         <system-err><![CDATA[]]></system-err>
      </testcase>
      <testcase name="Test Cases/Railroad/F5140-Add Zone Functionalities/QA-US92242-Search Station and Zone/TC66151-Verify message Search_Zone not existed" classname="Test Cases/Railroad/F5140-Add Zone Functionalities/QA-US92242-Search Station and Zone/TC66151-Verify message Search_Zone not existed" status="PASSED">
         <system-out><![CDATA[2018-11-20 12:54:52 - [TEST_CASE][PASSED] - Test Cases/Railroad/F5140-Add Zone Functionalities/QA-US92242-Search Station and Zone/TC66151-Verify message Search_Zone not existed: Test Cases/Railroad/F5140-Add Zone Functionalities/QA-US92242-Search Station and Zone/TC66151-Verify message Search_Zone not existed

2018-11-20 12:54:52 - [TEST_STEP][PASSED] - Start listener action : beforeTestCaseExecute: Navigate to 'http://localhost:8080/home' successfully

2018-11-20 12:54:52 - [TEST_STEP][PASSED] - Statement - If (isTestSuitEnable == true): Navigate to 'http://localhost:8080/home' successfully

2018-11-20 12:54:52 - [TEST_STEP][PASSED] - navigateToUrl: Navigate to 'http://localhost:8080/home' successfully

2018-11-20 12:54:53 - [MESSAGE][PASSED] - Navigate to 'http://localhost:8080/home' successfully

2018-11-20 12:54:53 - [TEST_STEP][PASSED] - Statement - util = new com.ge.tms.util.CommonUtilities(): Send request successfully

2018-11-20 12:54:53 - [MESSAGE][PASSED] - Send request successfully

2018-11-20 12:54:53 - [MESSAGE][PASSED] - Send request successfully

2018-11-20 12:54:53 - [MESSAGE][PASSED] - Send request successfully

2018-11-20 12:54:53 - [MESSAGE][PASSED] - Send request successfully

2018-11-20 12:54:53 - [TEST_STEP][PASSED] - Statement - rverify = new com.ge.tms.railroad.RailroadVerification(): Send request successfully

2018-11-20 12:54:53 - [MESSAGE][PASSED] - Send request successfully

2018-11-20 12:54:53 - [MESSAGE][PASSED] - Send request successfully

2018-11-20 12:54:53 - [MESSAGE][PASSED] - Send request successfully

2018-11-20 12:54:53 - [MESSAGE][PASSED] - Send request successfully

2018-11-20 12:54:53 - [MESSAGE][PASSED] - Send request successfully

2018-11-20 12:54:53 - [MESSAGE][PASSED] - Send request successfully

2018-11-20 12:54:53 - [MESSAGE][PASSED] - Send request successfully

2018-11-20 12:54:53 - [MESSAGE][PASSED] - Send request successfully

2018-11-20 12:54:53 - [TEST_STEP][PASSED] - Statement - actions = new com.ge.tms.commonactions.RailroadActions(): Send request successfully

2018-11-20 12:54:53 - [MESSAGE][PASSED] - Send request successfully

2018-11-20 12:54:53 - [MESSAGE][PASSED] - Send request successfully

2018-11-20 12:54:53 - [MESSAGE][PASSED] - Send request successfully

2018-11-20 12:54:53 - [MESSAGE][PASSED] - Send request successfully

2018-11-20 12:54:53 - [TEST_STEP][PASSED] - com.ge.tms.commonactions.CommonClickEvents.clickOnRailroadSetup: com.ge.tms.commonactions.CommonClickEvents.clickOnRailroadSetup is PASSED

2018-11-20 12:54:53 - [MESSAGE][PASSED] - Execute JavaScript 'document.querySelector('px-app-nav').shadowRoot.querySelector('#items > px-app-nav-group:nth-child(13) > px-app-nav-subitem:nth-child(1)').click()' successfully

2018-11-20 12:54:55 - [MESSAGE][PASSED] - Delayed 2 second(s)

2018-11-20 12:54:55 - [MESSAGE][PASSED] - com.ge.tms.commonactions.CommonClickEvents.clickOnRailroadSetup is PASSED

2018-11-20 12:54:55 - [TEST_STEP][PASSED] - com.ge.tms.commonactions.RailroadActions.clickOnSelectRailroadDropdown: com.ge.tms.commonactions.RailroadActions.clickOnSelectRailroadDropdown is PASSED

2018-11-20 12:54:55 - [MESSAGE][PASSED] - Send request successfully

2018-11-20 12:54:55 - [MESSAGE][PASSED] - Send request successfully

2018-11-20 12:54:55 - [MESSAGE][PASSED] - Send request successfully

2018-11-20 12:54:55 - [MESSAGE][PASSED] - Send request successfully

2018-11-20 12:54:55 - [MESSAGE][PASSED] - Execute JavaScript 'document.querySelector('#railroads-select-dropdown').shadowRoot.querySelector('#trigger').click()' successfully

2018-11-20 12:54:58 - [MESSAGE][PASSED] - Delayed 3 second(s)

2018-11-20 12:54:58 - [MESSAGE][PASSED] - com.ge.tms.commonactions.RailroadActions.clickOnSelectRailroadDropdown is PASSED

2018-11-20 12:54:58 - [TEST_STEP][PASSED] - com.ge.tms.commonactions.RailroadActions.selectRandomRailRoad: com.ge.tms.commonactions.RailroadActions.selectRandomRailRoad is PASSED

2018-11-20 12:54:58 - [MESSAGE][PASSED] - Send request successfully

2018-11-20 12:54:58 - [MESSAGE][PASSED] - Send request successfully

2018-11-20 12:54:58 - [MESSAGE][PASSED] - Send request successfully

2018-11-20 12:54:58 - [MESSAGE][PASSED] - Send request successfully

2018-11-20 12:54:58 - [MESSAGE][PASSED] - Execute JavaScript 'let railRoadList=[]; document.querySelector('#railroads-select-dropdown').shadowRoot.querySelector('#content').shadowRoot.querySelectorAll('#selector > div.dropdown-option').forEach(node => { railRoadList.push(node.getAttribute('title')) }); return railRoadList' successfully

2018-11-20 12:54:58 - [MESSAGE][PASSED] - Execute JavaScript 'return document.querySelector('#railroads-select-dropdown').shadowRoot.querySelector('#content').shadowRoot.querySelector('#selector > div:nth-child(1) span').innerHTML' successfully

2018-11-20 12:54:58 - [MESSAGE][PASSED] - Execute JavaScript 'return document.querySelector('#railroads-select-dropdown').shadowRoot.querySelector('#content').shadowRoot.querySelector('#selector > div:nth-child(1) span').click()' successfully

2018-11-20 12:54:58 - [MESSAGE][PASSED] - com.ge.tms.commonactions.RailroadActions.selectRandomRailRoad is PASSED

2018-11-20 12:54:58 - [TEST_STEP][PASSED] - delay: Delayed 2 second(s)

2018-11-20 12:55:00 - [MESSAGE][PASSED] - Delayed 2 second(s)

2018-11-20 12:55:00 - [TEST_STEP][PASSED] - Statement - actions.setInvalidtxtForStationzoneSearchField(): Text '1111111111111' is set on object 'Object Repository/CommonObjects/searchTextBoxLeftNav'

2018-11-20 12:55:00 - [MESSAGE][PASSED] - Text '1111111111111' is set on object 'Object Repository/CommonObjects/searchTextBoxLeftNav'

2018-11-20 12:55:00 - [TEST_STEP][PASSED] - com.ge.tms.railroad.RailroadVerification.verifyMessagewhennoStationandZoneAvailable: com.ge.tms.railroad.RailroadVerification.verifyMessagewhennoStationandZoneAvailable is PASSED

2018-11-20 12:55:00 - [MESSAGE][PASSED] - Text of object 'Object Repository/CommonObjects/noSearchResultMessageLeftNav' is: 'No stations or zones found.'

2018-11-20 12:55:00 - [MESSAGE][PASSED] - Send request successfully

2018-11-20 12:55:00 - [MESSAGE][PASSED] - Send request successfully

2018-11-20 12:55:00 - [MESSAGE][PASSED] - Send request successfully

2018-11-20 12:55:00 - [MESSAGE][PASSED] - Send request successfully

2018-11-20 12:55:00 - [MESSAGE][PASSED] - Send request successfully

2018-11-20 12:55:00 - [MESSAGE][PASSED] - Send request successfully

2018-11-20 12:55:00 - [MESSAGE][PASSED] - Send request successfully

2018-11-20 12:55:00 - [MESSAGE][PASSED] - Send request successfully

2018-11-20 12:55:00 - [MESSAGE][PASSED] - Actual object 'true' and expected object 'true' are equal

2018-11-20 12:55:00 - [MESSAGE][PASSED] - com.ge.tms.railroad.RailroadVerification.verifyMessagewhennoStationandZoneAvailable is PASSED

2018-11-20 12:55:00 - [TEST_STEP][PASSED] - delay: Delayed 2 second(s)

2018-11-20 12:55:02 - [MESSAGE][PASSED] - Delayed 2 second(s)

2018-11-20 12:55:02 - [TEST_STEP][PASSED] - Start listener action : closeBrowserForTestCasse: Navigate to 'http://localhost:8080/home' successfully

2018-11-20 12:55:02 - [TEST_STEP][PASSED] - Statement - If (isTestSuitEnable == true): null

2018-11-20 12:55:02 - [TEST_STEP][PASSED] - Statement - beforeTestCaseExecute(): null

2018-11-20 12:55:02 - [TEST_STEP][PASSED] - Statement - If (isTestSuitEnable == true): Navigate to 'http://localhost:8080/home' successfully

2018-11-20 12:55:02 - [TEST_STEP][PASSED] - navigateToUrl: Navigate to 'http://localhost:8080/home' successfully

2018-11-20 12:55:03 - [MESSAGE][PASSED] - Navigate to 'http://localhost:8080/home' successfully

2018-11-20 12:55:03 - [TEST_STEP][PASSED] - Start listener action : afterTestCase: Invoke 'com.kms.katalon.core.annotation.AfterTestCase' method: 'TmsTestListner.afterTestCase(...)' completed.

2018-11-20 12:55:03 - [TEST_STEP][PASSED] - Statement - If (java.lang.System.getProperties().containsKey("updateRally")): Invoke 'com.kms.katalon.core.annotation.AfterTestCase' method: 'TmsTestListner.afterTestCase(...)' completed.]]></system-out>
         <system-err><![CDATA[]]></system-err>
      </testcase>
      <testcase name="Test Cases/Railroad/F5362 - Configure and manage track/QA - US92819/US39512 - Add track from station/TC66184 - Add track from station" classname="Test Cases/Railroad/F5362 - Configure and manage track/QA - US92819/US39512 - Add track from station/TC66184 - Add track from station" status="PASSED">
         <system-out><![CDATA[2018-11-20 12:55:03 - [TEST_CASE][PASSED] - Test Cases/Railroad/F5362 - Configure and manage track/QA - US92819/US39512 - Add track from station/TC66184 - Add track from station: Test Cases/Railroad/F5362 - Configure and manage track/QA - US92819/US39512 - Add track from station/TC66184 - Add track from station

2018-11-20 12:55:03 - [TEST_STEP][PASSED] - Start listener action : beforeTestCaseExecute: Navigate to 'http://localhost:8080/home' successfully

2018-11-20 12:55:03 - [TEST_STEP][PASSED] - Statement - If (isTestSuitEnable == true): Navigate to 'http://localhost:8080/home' successfully

2018-11-20 12:55:03 - [TEST_STEP][PASSED] - navigateToUrl: Navigate to 'http://localhost:8080/home' successfully

2018-11-20 12:55:04 - [MESSAGE][PASSED] - Navigate to 'http://localhost:8080/home' successfully

2018-11-20 12:55:04 - [TEST_STEP][PASSED] - Statement - util = new com.ge.tms.util.CommonUtilities(): Send request successfully

2018-11-20 12:55:04 - [MESSAGE][PASSED] - Send request successfully

2018-11-20 12:55:04 - [MESSAGE][PASSED] - Send request successfully

2018-11-20 12:55:04 - [MESSAGE][PASSED] - Send request successfully

2018-11-20 12:55:04 - [MESSAGE][PASSED] - Send request successfully

2018-11-20 12:55:04 - [TEST_STEP][PASSED] - Statement - actions = new com.ge.tms.commonactions.RailroadActions(): Send request successfully

2018-11-20 12:55:04 - [MESSAGE][PASSED] - Send request successfully

2018-11-20 12:55:04 - [MESSAGE][PASSED] - Send request successfully

2018-11-20 12:55:04 - [MESSAGE][PASSED] - Send request successfully

2018-11-20 12:55:04 - [MESSAGE][PASSED] - Send request successfully

2018-11-20 12:55:04 - [TEST_STEP][PASSED] - Statement - empty = <not implemented yet for class: org.codehaus.groovy.ast.expr.EmptyExpression>: null

2018-11-20 12:55:04 - [TEST_STEP][PASSED] - com.ge.tms.commonactions.CommonClickEvents.clickOnRailroadSetup: com.ge.tms.commonactions.CommonClickEvents.clickOnRailroadSetup is PASSED

2018-11-20 12:55:04 - [MESSAGE][PASSED] - Execute JavaScript 'document.querySelector('px-app-nav').shadowRoot.querySelector('#items > px-app-nav-group:nth-child(13) > px-app-nav-subitem:nth-child(1)').click()' successfully

2018-11-20 12:55:06 - [MESSAGE][PASSED] - Delayed 2 second(s)

2018-11-20 12:55:06 - [MESSAGE][PASSED] - com.ge.tms.commonactions.CommonClickEvents.clickOnRailroadSetup is PASSED

2018-11-20 12:55:06 - [TEST_STEP][PASSED] - com.ge.tms.commonactions.RailroadActions.clickOnSelectRailroadDropdown: com.ge.tms.commonactions.RailroadActions.clickOnSelectRailroadDropdown is PASSED

2018-11-20 12:55:06 - [MESSAGE][PASSED] - Send request successfully

2018-11-20 12:55:06 - [MESSAGE][PASSED] - Send request successfully

2018-11-20 12:55:06 - [MESSAGE][PASSED] - Send request successfully

2018-11-20 12:55:06 - [MESSAGE][PASSED] - Send request successfully

2018-11-20 12:55:06 - [MESSAGE][PASSED] - Execute JavaScript 'document.querySelector('#railroads-select-dropdown').shadowRoot.querySelector('#trigger').click()' successfully

2018-11-20 12:55:09 - [MESSAGE][PASSED] - Delayed 3 second(s)

2018-11-20 12:55:09 - [MESSAGE][PASSED] - com.ge.tms.commonactions.RailroadActions.clickOnSelectRailroadDropdown is PASSED

2018-11-20 12:55:09 - [TEST_STEP][PASSED] - com.ge.tms.commonactions.RailroadActions.selectRandomRailRoad: com.ge.tms.commonactions.RailroadActions.selectRandomRailRoad is PASSED

2018-11-20 12:55:09 - [MESSAGE][PASSED] - Send request successfully

2018-11-20 12:55:09 - [MESSAGE][PASSED] - Send request successfully

2018-11-20 12:55:09 - [MESSAGE][PASSED] - Send request successfully

2018-11-20 12:55:09 - [MESSAGE][PASSED] - Send request successfully

2018-11-20 12:55:09 - [MESSAGE][PASSED] - Execute JavaScript 'let railRoadList=[]; document.querySelector('#railroads-select-dropdown').shadowRoot.querySelector('#content').shadowRoot.querySelectorAll('#selector > div.dropdown-option').forEach(node => { railRoadList.push(node.getAttribute('title')) }); return railRoadList' successfully

2018-11-20 12:55:09 - [MESSAGE][PASSED] - Execute JavaScript 'return document.querySelector('#railroads-select-dropdown').shadowRoot.querySelector('#content').shadowRoot.querySelector('#selector > div:nth-child(1) span').innerHTML' successfully

2018-11-20 12:55:09 - [MESSAGE][PASSED] - Execute JavaScript 'return document.querySelector('#railroads-select-dropdown').shadowRoot.querySelector('#content').shadowRoot.querySelector('#selector > div:nth-child(1) span').click()' successfully

2018-11-20 12:55:09 - [MESSAGE][PASSED] - com.ge.tms.commonactions.RailroadActions.selectRandomRailRoad is PASSED

2018-11-20 12:55:09 - [TEST_STEP][PASSED] - delay: Delayed 2 second(s)

2018-11-20 12:55:11 - [MESSAGE][PASSED] - Delayed 2 second(s)

2018-11-20 12:55:11 - [TEST_STEP][PASSED] - Statement - actions.addStationMandatotyFields(empty): Delayed 3 second(s)

2018-11-20 12:55:12 - [MESSAGE][PASSED] - Object: 'Object Repository/F11822-Configure and Manage Stations/Add_New_Station_Button' is clicked on

2018-11-20 12:55:12 - [MESSAGE][PASSED] - Text 'NH41QLB' is set on object 'Object Repository/F11822-Configure and Manage Stations/station_id'

2018-11-20 12:55:12 - [MESSAGE][PASSED] - Text 'XRVNLJT' is set on object 'Object Repository/F11822-Configure and Manage Stations/station_name'

2018-11-20 12:55:12 - [MESSAGE][PASSED] - Execute JavaScript 'document.querySelector('#splc').shadowRoot.querySelector('#trigger').shadowRoot.querySelector('#trigger').click()' successfully

2018-11-20 12:55:12 - [MESSAGE][PASSED] - Execute JavaScript 'return document.querySelector('#splc').shadowRoot.querySelector('px-overlay-content > #content').shadowRoot.querySelectorAll('#dropdown > div > #selector > div').length' successfully

2018-11-20 12:55:12 - [MESSAGE][PASSED] - Execute JavaScript 'document.querySelector('#splc').shadowRoot.querySelector('px-overlay-content > #content').shadowRoot.querySelector('#dropdown > div > #selector > div:nth-child(1)').click()' successfully

2018-11-20 12:55:12 - [MESSAGE][PASSED] - Execute JavaScript 'return document.querySelector('#fsac').shadowRoot.querySelector('px-overlay-content > #content').shadowRoot.querySelectorAll('#dropdown > div > #selector > div').length' successfully

2018-11-20 12:55:12 - [MESSAGE][PASSED] - Execute JavaScript 'document.querySelector('#fsac').shadowRoot.querySelector('px-overlay-content > #content').shadowRoot.querySelector('#dropdown > div > #selector > div:nth-child(1)').click()' successfully

2018-11-20 12:55:12 - [MESSAGE][PASSED] - Execute JavaScript 'return document.querySelector('#station-timezone-qualifier').shadowRoot.querySelector('px-overlay-content > #content').shadowRoot.querySelectorAll('#dropdown > div > #selector > div').length' successfully

2018-11-20 12:55:12 - [MESSAGE][PASSED] - Execute JavaScript 'document.querySelector('#station-timezone-qualifier').shadowRoot.querySelector('px-overlay-content > #content').shadowRoot.querySelector('#dropdown > div > #selector > div:nth-child(7)').click()' successfully

2018-11-20 12:55:12 - [MESSAGE][PASSED] - Execute JavaScript 'return document.querySelector('#country').shadowRoot.querySelector('px-overlay-content > #content').shadowRoot.querySelectorAll('#dropdown > div > #selector > div').length' successfully

2018-11-20 12:55:12 - [MESSAGE][PASSED] - Execute JavaScript 'document.querySelector('#country').shadowRoot.querySelector('px-overlay-content > #content').shadowRoot.querySelector('#dropdown > div > #selector > div:nth-child(2)').click()' successfully

2018-11-20 12:55:12 - [MESSAGE][PASSED] - Execute JavaScript 'return document.querySelector('#state').shadowRoot.querySelector('px-overlay-content > #content').shadowRoot.querySelectorAll('#dropdown > div > #selector > div').length' successfully

2018-11-20 12:55:12 - [MESSAGE][PASSED] - Execute JavaScript 'document.querySelector('#state').shadowRoot.querySelector('px-overlay-content > #content').shadowRoot.querySelector('#dropdown > div > #selector > div:nth-child(1)').click()' successfully

2018-11-20 12:55:13 - [MESSAGE][PASSED] - Object: 'Object Repository/F11822-Configure and Manage Stations/station_save_button' is clicked on

2018-11-20 12:55:16 - [MESSAGE][PASSED] - Delayed 3 second(s)

2018-11-20 12:55:16 - [TEST_STEP][PASSED] - delay: Delayed 2 second(s)

2018-11-20 12:55:18 - [MESSAGE][PASSED] - Delayed 2 second(s)

2018-11-20 12:55:18 - [TEST_STEP][PASSED] - Statement - actions.addZone(empty): Execute JavaScript 'document.querySelector('#zone-type').shadowRoot.querySelector('#content').shadowRoot.querySelector('#selector > div:nth-child(3)').click()' successfully

2018-11-20 12:55:18 - [MESSAGE][PASSED] - Object: 'Object Repository/F5140-Add Zone Functionalities/QA-US88570-Add Zone/US38196-Save a New Zone/Add Edit Zone/addNewZoneButton' is clicked on

2018-11-20 12:55:21 - [MESSAGE][PASSED] - Delayed 3 second(s)

2018-11-20 12:55:21 - [MESSAGE][PASSED] - Text 'E5NYQ' is set on object 'Object Repository/F5140-Add Zone Functionalities/QA-US88570-Add Zone/US38196-Save a New Zone/Add Edit Zone/zoneID'

2018-11-20 12:55:21 - [MESSAGE][PASSED] - Text 'PNQDKGU' is set on object 'Object Repository/F5140-Add Zone Functionalities/QA-US88570-Add Zone/US38196-Save a New Zone/Add Edit Zone/zoneName'

2018-11-20 12:55:21 - [MESSAGE][PASSED] - Execute JavaScript 'document.querySelector('#zone-type').shadowRoot.querySelector('#trigger').click()' successfully

2018-11-20 12:55:21 - [MESSAGE][PASSED] - Execute JavaScript 'return document.querySelector('#zone-type').shadowRoot.querySelector('#content').shadowRoot.querySelectorAll('#selector > div').length' successfully

2018-11-20 12:55:21 - [MESSAGE][PASSED] - Execute JavaScript 'document.querySelector('#zone-type').shadowRoot.querySelector('#content').shadowRoot.querySelector('#selector > div:nth-child(3)').click()' successfully

2018-11-20 12:55:21 - [TEST_STEP][PASSED] - com.ge.tms.commonactions.RailroadActions.clickOnZoneSaveButton: com.ge.tms.commonactions.RailroadActions.clickOnZoneSaveButton is PASSED

2018-11-20 12:55:21 - [MESSAGE][PASSED] - Send request successfully

2018-11-20 12:55:21 - [MESSAGE][PASSED] - Send request successfully

2018-11-20 12:55:21 - [MESSAGE][PASSED] - Send request successfully

2018-11-20 12:55:21 - [MESSAGE][PASSED] - Send request successfully

2018-11-20 12:55:21 - [MESSAGE][PASSED] - Object: 'Object Repository/F5140-Add Zone Functionalities/QA-US88570-Add Zone/US38196-Save a New Zone/Add Edit Zone/zoneSaveButton' is clicked on

2018-11-20 12:55:24 - [MESSAGE][PASSED] - Delayed 3 second(s)

2018-11-20 12:55:24 - [MESSAGE][PASSED] - com.ge.tms.commonactions.RailroadActions.clickOnZoneSaveButton is PASSED

2018-11-20 12:55:24 - [TEST_STEP][PASSED] - Statement - actions.setStaionForStationzoneSearchField(): Text 'NH41QLB' is set on object 'Object Repository/CommonObjects/searchTextBoxLeftNav'

2018-11-20 12:55:24 - [MESSAGE][PASSED] - Text 'NH41QLB' is set on object 'Object Repository/CommonObjects/searchTextBoxLeftNav'

2018-11-20 12:55:24 - [TEST_STEP][PASSED] - delay: Delayed 1 second(s)

2018-11-20 12:55:25 - [MESSAGE][PASSED] - Delayed 1 second(s)

2018-11-20 12:55:25 - [TEST_STEP][PASSED] - Statement - actions.setValuesAddTrackFromStation(empty): Execute JavaScript 'document.querySelector('#zoneId').shadowRoot.querySelector('px-overlay-content > #content').shadowRoot.querySelector('#dropdown > div > #selector > div:nth-child(1)').click()' successfully

2018-11-20 12:55:25 - [MESSAGE][PASSED] - Execute JavaScript 'document.querySelector('px-tree').shadowRoot.querySelector('px-tree-node').shadowRoot.querySelector('li').click()' successfully

2018-11-20 12:55:26 - [MESSAGE][PASSED] - Object: 'Object Repository/F5362 - Configure and Manage Track/AddTrackButton' is clicked on

2018-11-20 12:55:27 - [MESSAGE][PASSED] - Delayed 1 second(s)

2018-11-20 12:55:27 - [MESSAGE][PASSED] - Text 'TARELU' is set on object 'Object Repository/F5362 - Configure and Manage Track/Track_id_input'

2018-11-20 12:55:27 - [MESSAGE][PASSED] - Text 'YZUTV2FLGV' is set on object 'Object Repository/F5362 - Configure and Manage Track/Track_Description_input'

2018-11-20 12:55:27 - [MESSAGE][PASSED] - Execute JavaScript 'return document.querySelector('#trackType').shadowRoot.querySelector('px-overlay-content > #content').shadowRoot.querySelectorAll('#dropdown > div > #selector > div').length' successfully

2018-11-20 12:55:27 - [MESSAGE][PASSED] - Execute JavaScript 'document.querySelector('#trackType').shadowRoot.querySelector('px-overlay-content > #content').shadowRoot.querySelector('#dropdown > div > #selector > div:nth-child(4)').click()' successfully

2018-11-20 12:55:27 - [MESSAGE][PASSED] - Text '3' is set on object 'Object Repository/F5362 - Configure and Manage Track/Track_Length_input'

2018-11-20 12:55:27 - [MESSAGE][PASSED] - Text '2' is set on object 'Object Repository/F5362 - Configure and Manage Track/Car_Capacity_input'

2018-11-20 12:55:27 - [MESSAGE][PASSED] - Execute JavaScript 'return document.querySelector('#trackConditionCode').shadowRoot.querySelector('px-overlay-content > #content').shadowRoot.querySelectorAll('#dropdown > div > #selector > div').length' successfully

2018-11-20 12:55:27 - [MESSAGE][PASSED] - Execute JavaScript 'document.querySelector('#trackConditionCode').shadowRoot.querySelector('px-overlay-content > #content').shadowRoot.querySelector('#dropdown > div > #selector > div:nth-child(3)').click()' successfully

2018-11-20 12:55:27 - [MESSAGE][PASSED] - Execute JavaScript 'document.querySelector('#zoneId').shadowRoot.querySelector('#trigger').shadowRoot.querySelector('#trigger').click()' successfully

2018-11-20 12:55:27 - [MESSAGE][PASSED] - Execute JavaScript 'return document.querySelector('#zoneId').shadowRoot.querySelector('px-overlay-content > #content').shadowRoot.querySelectorAll('#dropdown > div > #selector > div').length' successfully

2018-11-20 12:55:27 - [MESSAGE][PASSED] - Execute JavaScript 'document.querySelector('#zoneId').shadowRoot.querySelector('px-overlay-content > #content').shadowRoot.querySelector('#dropdown > div > #selector > div:nth-child(1)').click()' successfully

2018-11-20 12:55:27 - [TEST_STEP][PASSED] - Statement - actions.saveTrack(): Delayed 3 second(s)

2018-11-20 12:55:27 - [MESSAGE][PASSED] - Object: 'Object Repository/F5362 - Configure and Manage Track/SaveTrackButton' is clicked on

2018-11-20 12:55:30 - [MESSAGE][PASSED] - Delayed 3 second(s)

2018-11-20 12:55:30 - [TEST_STEP][PASSED] - delay: Delayed 2 second(s)

2018-11-20 12:55:32 - [MESSAGE][PASSED] - Delayed 2 second(s)

2018-11-20 12:55:32 - [TEST_STEP][PASSED] - Statement - actions.clickZoneUnderStation(): Execute JavaScript 'document.querySelector('px-tree').shadowRoot.querySelector('px-tree-node').shadowRoot.querySelector('#collapse > div > px-tree-node').shadowRoot.querySelector('li').click()' successfully

2018-11-20 12:55:32 - [MESSAGE][PASSED] - Execute JavaScript 'document.querySelector('px-tree').shadowRoot.querySelector('px-tree-node').shadowRoot.querySelector('#collapse > div > px-tree-node').shadowRoot.querySelector('li').click()' successfully

2018-11-20 12:55:32 - [TEST_STEP][PASSED] - com.ge.tms.railroad.RailroadVerification.verifyNewlyAddedTrack: com.ge.tms.railroad.RailroadVerification.verifyNewlyAddedTrack is PASSED

2018-11-20 12:55:32 - [MESSAGE][PASSED] - Send request successfully

2018-11-20 12:55:32 - [MESSAGE][PASSED] - Send request successfully

2018-11-20 12:55:32 - [MESSAGE][PASSED] - Send request successfully

2018-11-20 12:55:32 - [MESSAGE][PASSED] - Send request successfully

2018-11-20 12:55:32 - [MESSAGE][PASSED] - Send request successfully

2018-11-20 12:55:32 - [MESSAGE][PASSED] - Send request successfully

2018-11-20 12:55:32 - [MESSAGE][PASSED] - Send request successfully

2018-11-20 12:55:32 - [MESSAGE][PASSED] - Send request successfully

2018-11-20 12:55:32 - [MESSAGE][PASSED] - Text of object 'Object Repository/F5362 - Configure and Manage Track/Track_First_row_column_trackid' is: 'TARELU'

2018-11-20 12:55:33 - [MESSAGE][PASSED] - Text 'TARELU' is set on object 'Object Repository/F5362 - Configure and Manage Track/Track_search_field_row1_trackid'

2018-11-20 12:55:33 - [MESSAGE][PASSED] - Actual object 'TARELU' and expected object 'TARELU' are equal

2018-11-20 12:55:33 - [MESSAGE][PASSED] - com.ge.tms.railroad.RailroadVerification.verifyNewlyAddedTrack is PASSED

2018-11-20 12:55:33 - [TEST_STEP][PASSED] - com.ge.tms.commonactions.RailroadActions.clickOnDeleteTrack: com.ge.tms.commonactions.RailroadActions.clickOnDeleteTrack is PASSED

2018-11-20 12:55:33 - [MESSAGE][PASSED] - Send request successfully

2018-11-20 12:55:33 - [MESSAGE][PASSED] - Send request successfully

2018-11-20 12:55:33 - [MESSAGE][PASSED] - Send request successfully

2018-11-20 12:55:33 - [MESSAGE][PASSED] - Send request successfully

2018-11-20 12:55:33 - [MESSAGE][PASSED] - Object: 'Object Repository/F5362 - Configure and Manage Track/deleteTrackButton' is clicked on

2018-11-20 12:55:33 - [MESSAGE][PASSED] - com.ge.tms.commonactions.RailroadActions.clickOnDeleteTrack is PASSED

2018-11-20 12:55:33 - [TEST_STEP][PASSED] - Statement - deleteYesButtonObj = com.kms.katalon.core.testobject.ObjectRepository.findTestObject(Object Repository/F5362 - Configure and Manage Track/deleteTrackYesButton): Finding Test Object with id 'Object Repository/F5362 - Configure and Manage Track/deleteTrackYesButton'

2018-11-20 12:55:33 - [TEST_STEP][PASSED] - com.ge.tms.commonactions.RailroadActions.clickOnTestObject: com.ge.tms.commonactions.RailroadActions.clickOnTestObject is PASSED

2018-11-20 12:55:33 - [MESSAGE][PASSED] - Send request successfully

2018-11-20 12:55:33 - [MESSAGE][PASSED] - Send request successfully

2018-11-20 12:55:33 - [MESSAGE][PASSED] - Send request successfully

2018-11-20 12:55:33 - [MESSAGE][PASSED] - Send request successfully

2018-11-20 12:55:33 - [MESSAGE][PASSED] - Object: 'Object Repository/F5362 - Configure and Manage Track/deleteTrackYesButton' is clicked on

2018-11-20 12:55:33 - [MESSAGE][PASSED] - com.ge.tms.commonactions.RailroadActions.clickOnTestObject is PASSED

2018-11-20 12:55:33 - [TEST_STEP][PASSED] - com.ge.tms.railroad.RailroadVerification.verifyNoTracksFoundInSearch: com.ge.tms.railroad.RailroadVerification.verifyNoTracksFoundInSearch is PASSED

2018-11-20 12:55:33 - [MESSAGE][PASSED] - Send request successfully

2018-11-20 12:55:33 - [MESSAGE][PASSED] - Send request successfully

2018-11-20 12:55:33 - [MESSAGE][PASSED] - Send request successfully

2018-11-20 12:55:33 - [MESSAGE][PASSED] - Send request successfully

2018-11-20 12:55:33 - [MESSAGE][PASSED] - Send request successfully

2018-11-20 12:55:33 - [MESSAGE][PASSED] - Send request successfully

2018-11-20 12:55:33 - [MESSAGE][PASSED] - Send request successfully

2018-11-20 12:55:33 - [MESSAGE][PASSED] - Send request successfully

2018-11-20 12:55:33 - [MESSAGE][PASSED] - Text 'TARELU' is set on object 'Object Repository/F5362 - Configure and Manage Track/Track_search_field_row1_trackid'

2018-11-20 12:55:33 - [MESSAGE][PASSED] - Text of object 'Object Repository/F5362 - Configure and Manage Track/noRowsfound' is: 'No rows found'

2018-11-20 12:55:33 - [MESSAGE][PASSED] - Actual object 'No rows found' and expected object 'No rows found' are equal

2018-11-20 12:55:33 - [MESSAGE][PASSED] - com.ge.tms.railroad.RailroadVerification.verifyNoTracksFoundInSearch is PASSED

2018-11-20 12:55:33 - [TEST_STEP][PASSED] - delay: Delayed 2 second(s)

2018-11-20 12:55:35 - [MESSAGE][PASSED] - Delayed 2 second(s)

2018-11-20 12:55:35 - [TEST_STEP][PASSED] - com.ge.tms.commonactions.RailroadActions.clickOnZoneActionMenu: com.ge.tms.commonactions.RailroadActions.clickOnZoneActionMenu is PASSED

2018-11-20 12:55:35 - [MESSAGE][PASSED] - Send request successfully

2018-11-20 12:55:35 - [MESSAGE][PASSED] - Send request successfully

2018-11-20 12:55:35 - [MESSAGE][PASSED] - Send request successfully

2018-11-20 12:55:35 - [MESSAGE][PASSED] - Send request successfully

2018-11-20 12:55:35 - [MESSAGE][PASSED] - Execute JavaScript 'document.querySelector('#zone-actions-dropdown').shadowRoot.querySelector('#trigger').click()' successfully

2018-11-20 12:55:36 - [MESSAGE][PASSED] - Delayed 1 second(s)

2018-11-20 12:55:36 - [MESSAGE][PASSED] - com.ge.tms.commonactions.RailroadActions.clickOnZoneActionMenu is PASSED

2018-11-20 12:55:36 - [TEST_STEP][PASSED] - com.ge.tms.commonactions.RailroadActions.clickOnDeleteAction: com.ge.tms.commonactions.RailroadActions.clickOnDeleteAction is PASSED

2018-11-20 12:55:36 - [MESSAGE][PASSED] - Send request successfully

2018-11-20 12:55:36 - [MESSAGE][PASSED] - Send request successfully

2018-11-20 12:55:36 - [MESSAGE][PASSED] - Send request successfully

2018-11-20 12:55:36 - [MESSAGE][PASSED] - Send request successfully

2018-11-20 12:55:36 - [MESSAGE][PASSED] - Execute JavaScript 'document.querySelector('#zone-actions-dropdown').shadowRoot.querySelector('#content').shadowRoot.querySelector('#selector > div:nth-child(2)').click()' successfully

2018-11-20 12:55:36 - [MESSAGE][PASSED] - com.ge.tms.commonactions.RailroadActions.clickOnDeleteAction is PASSED

2018-11-20 12:55:36 - [TEST_STEP][PASSED] - delay: Delayed 1 second(s)

2018-11-20 12:55:37 - [MESSAGE][PASSED] - Delayed 1 second(s)

2018-11-20 12:55:37 - [TEST_STEP][PASSED] - Statement - deleteYesButtonObj = com.kms.katalon.core.testobject.ObjectRepository.findTestObject(Object Repository/F5140-Add Zone Functionalities/QA-US88570-Add Zone/US38196-Save a New Zone/Delete Zone/deleteYesButton): Finding Test Object with id 'Object Repository/F5140-Add Zone Functionalities/QA-US88570-Add Zone/US38196-Save a New Zone/Delete Zone/deleteYesButton'

2018-11-20 12:55:37 - [TEST_STEP][PASSED] - com.ge.tms.commonactions.RailroadActions.clickOnTestObject: com.ge.tms.commonactions.RailroadActions.clickOnTestObject is PASSED

2018-11-20 12:55:37 - [MESSAGE][PASSED] - Send request successfully

2018-11-20 12:55:37 - [MESSAGE][PASSED] - Send request successfully

2018-11-20 12:55:37 - [MESSAGE][PASSED] - Send request successfully

2018-11-20 12:55:37 - [MESSAGE][PASSED] - Send request successfully

2018-11-20 12:55:37 - [MESSAGE][PASSED] - Object: 'Object Repository/F5140-Add Zone Functionalities/QA-US88570-Add Zone/US38196-Save a New Zone/Delete Zone/deleteYesButton' is clicked on

2018-11-20 12:55:37 - [MESSAGE][PASSED] - com.ge.tms.commonactions.RailroadActions.clickOnTestObject is PASSED

2018-11-20 12:55:37 - [TEST_STEP][PASSED] - delay: Delayed 1 second(s)

2018-11-20 12:55:38 - [MESSAGE][PASSED] - Delayed 1 second(s)

2018-11-20 12:55:38 - [TEST_STEP][PASSED] - com.ge.tms.railroad.RailroadVerification.verifyViewStationIdAfterZoneDeletion: com.ge.tms.railroad.RailroadVerification.verifyViewStationIdAfterZoneDeletion is PASSED

2018-11-20 12:55:38 - [MESSAGE][PASSED] - Send request successfully

2018-11-20 12:55:38 - [MESSAGE][PASSED] - Send request successfully

2018-11-20 12:55:38 - [MESSAGE][PASSED] - Send request successfully

2018-11-20 12:55:38 - [MESSAGE][PASSED] - Send request successfully

2018-11-20 12:55:38 - [MESSAGE][PASSED] - Send request successfully

2018-11-20 12:55:38 - [MESSAGE][PASSED] - Send request successfully

2018-11-20 12:55:38 - [MESSAGE][PASSED] - Send request successfully

2018-11-20 12:55:38 - [MESSAGE][PASSED] - Send request successfully

2018-11-20 12:55:38 - [MESSAGE][PASSED] - Text of object 'Object Repository/F11822-Configure and Manage Stations/QA-US87586-View Stations/US84086-View Station Details/View Stations/div_StationCode' is: 'NH41QLB'

2018-11-20 12:55:38 - [MESSAGE][PASSED] - Actual object 'NH41QLB' and expected object 'NH41QLB' are equal

2018-11-20 12:55:38 - [MESSAGE][PASSED] - com.ge.tms.railroad.RailroadVerification.verifyViewStationIdAfterZoneDeletion is PASSED

2018-11-20 12:55:38 - [TEST_STEP][PASSED] - com.ge.tms.commonactions.RailroadActions.clickOnStationActionMenu: com.ge.tms.commonactions.RailroadActions.clickOnStationActionMenu is PASSED

2018-11-20 12:55:38 - [MESSAGE][PASSED] - Send request successfully

2018-11-20 12:55:38 - [MESSAGE][PASSED] - Send request successfully

2018-11-20 12:55:38 - [MESSAGE][PASSED] - Send request successfully

2018-11-20 12:55:38 - [MESSAGE][PASSED] - Send request successfully

2018-11-20 12:55:38 - [MESSAGE][PASSED] - Execute JavaScript 'document.querySelector('#station-actions-dropdown').shadowRoot.querySelector('#trigger').click()' successfully

2018-11-20 12:55:39 - [MESSAGE][PASSED] - Delayed 1 second(s)

2018-11-20 12:55:39 - [MESSAGE][PASSED] - com.ge.tms.commonactions.RailroadActions.clickOnStationActionMenu is PASSED

2018-11-20 12:55:39 - [TEST_STEP][PASSED] - com.ge.tms.commonactions.RailroadActions.clickOnDeleteStationButton: com.ge.tms.commonactions.RailroadActions.clickOnDeleteStationButton is PASSED

2018-11-20 12:55:39 - [MESSAGE][PASSED] - Send request successfully

2018-11-20 12:55:39 - [MESSAGE][PASSED] - Send request successfully

2018-11-20 12:55:40 - [MESSAGE][PASSED] - Send request successfully

2018-11-20 12:55:40 - [MESSAGE][PASSED] - Send request successfully

2018-11-20 12:55:40 - [MESSAGE][PASSED] - Execute JavaScript 'document.querySelector('#station-actions-dropdown').shadowRoot.querySelector('#content').shadowRoot.querySelector('#selector > div:nth-child(2)').click()' successfully

2018-11-20 12:55:40 - [MESSAGE][PASSED] - com.ge.tms.commonactions.RailroadActions.clickOnDeleteStationButton is PASSED

2018-11-20 12:55:40 - [TEST_STEP][PASSED] - Statement - deleteYesButtonObj = com.kms.katalon.core.testobject.ObjectRepository.findTestObject(Object Repository/F11822-Configure and Manage Stations/deleteConfirmationYesButton): Finding Test Object with id 'Object Repository/F11822-Configure and Manage Stations/deleteConfirmationYesButton'

2018-11-20 12:55:40 - [TEST_STEP][PASSED] - com.ge.tms.commonactions.RailroadActions.clickOnTestObject: com.ge.tms.commonactions.RailroadActions.clickOnTestObject is PASSED

2018-11-20 12:55:40 - [MESSAGE][PASSED] - Send request successfully

2018-11-20 12:55:40 - [MESSAGE][PASSED] - Send request successfully

2018-11-20 12:55:40 - [MESSAGE][PASSED] - Send request successfully

2018-11-20 12:55:40 - [MESSAGE][PASSED] - Send request successfully

2018-11-20 12:55:40 - [MESSAGE][PASSED] - Object: 'Object Repository/F11822-Configure and Manage Stations/deleteConfirmationYesButton' is clicked on

2018-11-20 12:55:40 - [MESSAGE][PASSED] - com.ge.tms.commonactions.RailroadActions.clickOnTestObject is PASSED

2018-11-20 12:55:40 - [TEST_STEP][PASSED] - delay: Delayed 1 second(s)

2018-11-20 12:55:41 - [MESSAGE][PASSED] - Delayed 1 second(s)

2018-11-20 12:55:41 - [TEST_STEP][PASSED] - com.ge.tms.railroad.RailroadVerification.verifyDeletedItemNotPresentInSearchView: com.ge.tms.railroad.RailroadVerification.verifyDeletedItemNotPresentInSearchView is PASSED

2018-11-20 12:55:41 - [MESSAGE][PASSED] - Send request successfully

2018-11-20 12:55:41 - [MESSAGE][PASSED] - Send request successfully

2018-11-20 12:55:41 - [MESSAGE][PASSED] - Send request successfully

2018-11-20 12:55:41 - [MESSAGE][PASSED] - Send request successfully

2018-11-20 12:55:41 - [MESSAGE][PASSED] - Send request successfully

2018-11-20 12:55:41 - [MESSAGE][PASSED] - Send request successfully

2018-11-20 12:55:41 - [MESSAGE][PASSED] - Send request successfully

2018-11-20 12:55:41 - [MESSAGE][PASSED] - Send request successfully

2018-11-20 12:55:41 - [MESSAGE][PASSED] - Text 'NH41QLB' is set on object 'Object Repository/CommonObjects/searchTextBoxLeftNav'

2018-11-20 12:55:43 - [MESSAGE][PASSED] - Delayed 2 second(s)

2018-11-20 12:55:43 - [MESSAGE][PASSED] - Text of object 'Object Repository/CommonObjects/noSearchResultMessageLeftNav' is: 'No stations or zones found.'

2018-11-20 12:55:43 - [MESSAGE][PASSED] - Actual object 'No stations or zones found.' and expected object 'No stations or zones found.' are equal

2018-11-20 12:55:43 - [MESSAGE][PASSED] - com.ge.tms.railroad.RailroadVerification.verifyDeletedItemNotPresentInSearchView is PASSED

2018-11-20 12:55:43 - [TEST_STEP][PASSED] - Start listener action : closeBrowserForTestCasse: Navigate to 'http://localhost:8080/home' successfully

2018-11-20 12:55:43 - [TEST_STEP][PASSED] - Statement - If (isTestSuitEnable == true): null

2018-11-20 12:55:43 - [TEST_STEP][PASSED] - Statement - beforeTestCaseExecute(): null

2018-11-20 12:55:43 - [TEST_STEP][PASSED] - Statement - If (isTestSuitEnable == true): Navigate to 'http://localhost:8080/home' successfully

2018-11-20 12:55:43 - [TEST_STEP][PASSED] - navigateToUrl: Navigate to 'http://localhost:8080/home' successfully

2018-11-20 12:55:44 - [MESSAGE][PASSED] - Navigate to 'http://localhost:8080/home' successfully

2018-11-20 12:55:44 - [TEST_STEP][PASSED] - Start listener action : afterTestCase: Invoke 'com.kms.katalon.core.annotation.AfterTestCase' method: 'TmsTestListner.afterTestCase(...)' completed.

2018-11-20 12:55:44 - [TEST_STEP][PASSED] - Statement - If (java.lang.System.getProperties().containsKey("updateRally")): Invoke 'com.kms.katalon.core.annotation.AfterTestCase' method: 'TmsTestListner.afterTestCase(...)' completed.]]></system-out>
         <system-err><![CDATA[]]></system-err>
      </testcase>
      <testcase name="Test Cases/Railroad/F5362 - Configure and manage track/QA - US92237/US39513 - Add track from zone/TC65592 - Add track from zone" classname="Test Cases/Railroad/F5362 - Configure and manage track/QA - US92237/US39513 - Add track from zone/TC65592 - Add track from zone" status="PASSED">
         <system-out><![CDATA[2018-11-20 12:55:44 - [TEST_CASE][PASSED] - Test Cases/Railroad/F5362 - Configure and manage track/QA - US92237/US39513 - Add track from zone/TC65592 - Add track from zone: Test Cases/Railroad/F5362 - Configure and manage track/QA - US92237/US39513 - Add track from zone/TC65592 - Add track from zone

2018-11-20 12:55:44 - [TEST_STEP][PASSED] - Start listener action : beforeTestCaseExecute: Navigate to 'http://localhost:8080/home' successfully

2018-11-20 12:55:44 - [TEST_STEP][PASSED] - Statement - If (isTestSuitEnable == true): Navigate to 'http://localhost:8080/home' successfully

2018-11-20 12:55:44 - [TEST_STEP][PASSED] - navigateToUrl: Navigate to 'http://localhost:8080/home' successfully

2018-11-20 12:55:45 - [MESSAGE][PASSED] - Navigate to 'http://localhost:8080/home' successfully

2018-11-20 12:55:45 - [TEST_STEP][PASSED] - Statement - util = new com.ge.tms.util.CommonUtilities(): Send request successfully

2018-11-20 12:55:45 - [MESSAGE][PASSED] - Send request successfully

2018-11-20 12:55:45 - [MESSAGE][PASSED] - Send request successfully

2018-11-20 12:55:45 - [MESSAGE][PASSED] - Send request successfully

2018-11-20 12:55:45 - [MESSAGE][PASSED] - Send request successfully

2018-11-20 12:55:45 - [TEST_STEP][PASSED] - Statement - actions = new com.ge.tms.commonactions.RailroadActions(): Send request successfully

2018-11-20 12:55:45 - [MESSAGE][PASSED] - Send request successfully

2018-11-20 12:55:45 - [MESSAGE][PASSED] - Send request successfully

2018-11-20 12:55:45 - [MESSAGE][PASSED] - Send request successfully

2018-11-20 12:55:45 - [MESSAGE][PASSED] - Send request successfully

2018-11-20 12:55:45 - [TEST_STEP][PASSED] - com.ge.tms.commonactions.CommonClickEvents.clickOnRailroadSetup: com.ge.tms.commonactions.CommonClickEvents.clickOnRailroadSetup is PASSED

2018-11-20 12:55:45 - [MESSAGE][PASSED] - Execute JavaScript 'document.querySelector('px-app-nav').shadowRoot.querySelector('#items > px-app-nav-group:nth-child(13) > px-app-nav-subitem:nth-child(1)').click()' successfully

2018-11-20 12:55:47 - [MESSAGE][PASSED] - Delayed 2 second(s)

2018-11-20 12:55:47 - [MESSAGE][PASSED] - com.ge.tms.commonactions.CommonClickEvents.clickOnRailroadSetup is PASSED

2018-11-20 12:55:47 - [TEST_STEP][PASSED] - com.ge.tms.commonactions.RailroadActions.clickOnSelectRailroadDropdown: com.ge.tms.commonactions.RailroadActions.clickOnSelectRailroadDropdown is PASSED

2018-11-20 12:55:47 - [MESSAGE][PASSED] - Send request successfully

2018-11-20 12:55:47 - [MESSAGE][PASSED] - Send request successfully

2018-11-20 12:55:47 - [MESSAGE][PASSED] - Send request successfully

2018-11-20 12:55:47 - [MESSAGE][PASSED] - Send request successfully

2018-11-20 12:55:47 - [MESSAGE][PASSED] - Execute JavaScript 'document.querySelector('#railroads-select-dropdown').shadowRoot.querySelector('#trigger').click()' successfully

2018-11-20 12:55:50 - [MESSAGE][PASSED] - Delayed 3 second(s)

2018-11-20 12:55:50 - [MESSAGE][PASSED] - com.ge.tms.commonactions.RailroadActions.clickOnSelectRailroadDropdown is PASSED

2018-11-20 12:55:50 - [TEST_STEP][PASSED] - com.ge.tms.commonactions.RailroadActions.selectRandomRailRoad: com.ge.tms.commonactions.RailroadActions.selectRandomRailRoad is PASSED

2018-11-20 12:55:50 - [MESSAGE][PASSED] - Send request successfully

2018-11-20 12:55:50 - [MESSAGE][PASSED] - Send request successfully

2018-11-20 12:55:50 - [MESSAGE][PASSED] - Send request successfully

2018-11-20 12:55:50 - [MESSAGE][PASSED] - Send request successfully

2018-11-20 12:55:50 - [MESSAGE][PASSED] - Execute JavaScript 'let railRoadList=[]; document.querySelector('#railroads-select-dropdown').shadowRoot.querySelector('#content').shadowRoot.querySelectorAll('#selector > div.dropdown-option').forEach(node => { railRoadList.push(node.getAttribute('title')) }); return railRoadList' successfully

2018-11-20 12:55:50 - [MESSAGE][PASSED] - Execute JavaScript 'return document.querySelector('#railroads-select-dropdown').shadowRoot.querySelector('#content').shadowRoot.querySelector('#selector > div:nth-child(1) span').innerHTML' successfully

2018-11-20 12:55:50 - [MESSAGE][PASSED] - Execute JavaScript 'return document.querySelector('#railroads-select-dropdown').shadowRoot.querySelector('#content').shadowRoot.querySelector('#selector > div:nth-child(1) span').click()' successfully

2018-11-20 12:55:50 - [MESSAGE][PASSED] - com.ge.tms.commonactions.RailroadActions.selectRandomRailRoad is PASSED

2018-11-20 12:55:50 - [TEST_STEP][PASSED] - delay: Delayed 2 second(s)

2018-11-20 12:55:52 - [MESSAGE][PASSED] - Delayed 2 second(s)

2018-11-20 12:55:52 - [TEST_STEP][PASSED] - Statement - setStationId = <not implemented yet for class: org.codehaus.groovy.ast.expr.EmptyExpression>: null

2018-11-20 12:55:52 - [TEST_STEP][PASSED] - Statement - actions.addStationMandatotyFields(setStationId): Delayed 3 second(s)

2018-11-20 12:55:52 - [MESSAGE][PASSED] - Object: 'Object Repository/F11822-Configure and Manage Stations/Add_New_Station_Button' is clicked on

2018-11-20 12:55:53 - [MESSAGE][PASSED] - Text 'KKZ3USC' is set on object 'Object Repository/F11822-Configure and Manage Stations/station_id'

2018-11-20 12:55:53 - [MESSAGE][PASSED] - Text 'PL8SWYK' is set on object 'Object Repository/F11822-Configure and Manage Stations/station_name'

2018-11-20 12:55:53 - [MESSAGE][PASSED] - Execute JavaScript 'document.querySelector('#splc').shadowRoot.querySelector('#trigger').shadowRoot.querySelector('#trigger').click()' successfully

2018-11-20 12:55:53 - [MESSAGE][PASSED] - Execute JavaScript 'return document.querySelector('#splc').shadowRoot.querySelector('px-overlay-content > #content').shadowRoot.querySelectorAll('#dropdown > div > #selector > div').length' successfully

2018-11-20 12:55:53 - [MESSAGE][PASSED] - Execute JavaScript 'document.querySelector('#splc').shadowRoot.querySelector('px-overlay-content > #content').shadowRoot.querySelector('#dropdown > div > #selector > div:nth-child(1)').click()' successfully

2018-11-20 12:55:53 - [MESSAGE][PASSED] - Execute JavaScript 'return document.querySelector('#fsac').shadowRoot.querySelector('px-overlay-content > #content').shadowRoot.querySelectorAll('#dropdown > div > #selector > div').length' successfully

2018-11-20 12:55:53 - [MESSAGE][PASSED] - Execute JavaScript 'document.querySelector('#fsac').shadowRoot.querySelector('px-overlay-content > #content').shadowRoot.querySelector('#dropdown > div > #selector > div:nth-child(1)').click()' successfully

2018-11-20 12:55:53 - [MESSAGE][PASSED] - Execute JavaScript 'return document.querySelector('#station-timezone-qualifier').shadowRoot.querySelector('px-overlay-content > #content').shadowRoot.querySelectorAll('#dropdown > div > #selector > div').length' successfully

2018-11-20 12:55:53 - [MESSAGE][PASSED] - Execute JavaScript 'document.querySelector('#station-timezone-qualifier').shadowRoot.querySelector('px-overlay-content > #content').shadowRoot.querySelector('#dropdown > div > #selector > div:nth-child(7)').click()' successfully

2018-11-20 12:55:53 - [MESSAGE][PASSED] - Execute JavaScript 'return document.querySelector('#country').shadowRoot.querySelector('px-overlay-content > #content').shadowRoot.querySelectorAll('#dropdown > div > #selector > div').length' successfully

2018-11-20 12:55:53 - [MESSAGE][PASSED] - Execute JavaScript 'document.querySelector('#country').shadowRoot.querySelector('px-overlay-content > #content').shadowRoot.querySelector('#dropdown > div > #selector > div:nth-child(1)').click()' successfully

2018-11-20 12:55:53 - [MESSAGE][PASSED] - Execute JavaScript 'return document.querySelector('#state').shadowRoot.querySelector('px-overlay-content > #content').shadowRoot.querySelectorAll('#dropdown > div > #selector > div').length' successfully

2018-11-20 12:55:53 - [MESSAGE][PASSED] - Execute JavaScript 'document.querySelector('#state').shadowRoot.querySelector('px-overlay-content > #content').shadowRoot.querySelector('#dropdown > div > #selector > div:nth-child(27)').click()' successfully

2018-11-20 12:55:53 - [MESSAGE][PASSED] - Object: 'Object Repository/F11822-Configure and Manage Stations/station_save_button' is clicked on

2018-11-20 12:55:56 - [MESSAGE][PASSED] - Delayed 3 second(s)

2018-11-20 12:55:56 - [TEST_STEP][PASSED] - delay: Delayed 2 second(s)

2018-11-20 12:55:58 - [MESSAGE][PASSED] - Delayed 2 second(s)

2018-11-20 12:55:58 - [TEST_STEP][PASSED] - Statement - setZoneId = <not implemented yet for class: org.codehaus.groovy.ast.expr.EmptyExpression>: null

2018-11-20 12:55:58 - [TEST_STEP][PASSED] - Statement - actions.addZone(setZoneId): Execute JavaScript 'document.querySelector('#zone-type').shadowRoot.querySelector('#content').shadowRoot.querySelector('#selector > div:nth-child(2)').click()' successfully

2018-11-20 12:55:58 - [MESSAGE][PASSED] - Object: 'Object Repository/F5140-Add Zone Functionalities/QA-US88570-Add Zone/US38196-Save a New Zone/Add Edit Zone/addNewZoneButton' is clicked on

2018-11-20 12:56:01 - [MESSAGE][PASSED] - Delayed 3 second(s)

2018-11-20 12:56:02 - [MESSAGE][PASSED] - Text 'A7OAP' is set on object 'Object Repository/F5140-Add Zone Functionalities/QA-US88570-Add Zone/US38196-Save a New Zone/Add Edit Zone/zoneID'

2018-11-20 12:56:02 - [MESSAGE][PASSED] - Text '9UK8K5L' is set on object 'Object Repository/F5140-Add Zone Functionalities/QA-US88570-Add Zone/US38196-Save a New Zone/Add Edit Zone/zoneName'

2018-11-20 12:56:02 - [MESSAGE][PASSED] - Execute JavaScript 'document.querySelector('#zone-type').shadowRoot.querySelector('#trigger').click()' successfully

2018-11-20 12:56:02 - [MESSAGE][PASSED] - Execute JavaScript 'return document.querySelector('#zone-type').shadowRoot.querySelector('#content').shadowRoot.querySelectorAll('#selector > div').length' successfully

2018-11-20 12:56:02 - [MESSAGE][PASSED] - Execute JavaScript 'document.querySelector('#zone-type').shadowRoot.querySelector('#content').shadowRoot.querySelector('#selector > div:nth-child(2)').click()' successfully

2018-11-20 12:56:02 - [TEST_STEP][PASSED] - com.ge.tms.commonactions.RailroadActions.clickOnZoneSaveButton: com.ge.tms.commonactions.RailroadActions.clickOnZoneSaveButton is PASSED

2018-11-20 12:56:02 - [MESSAGE][PASSED] - Send request successfully

2018-11-20 12:56:02 - [MESSAGE][PASSED] - Send request successfully

2018-11-20 12:56:02 - [MESSAGE][PASSED] - Send request successfully

2018-11-20 12:56:02 - [MESSAGE][PASSED] - Send request successfully

2018-11-20 12:56:02 - [MESSAGE][PASSED] - Object: 'Object Repository/F5140-Add Zone Functionalities/QA-US88570-Add Zone/US38196-Save a New Zone/Add Edit Zone/zoneSaveButton' is clicked on

2018-11-20 12:56:05 - [MESSAGE][PASSED] - Delayed 3 second(s)

2018-11-20 12:56:05 - [MESSAGE][PASSED] - com.ge.tms.commonactions.RailroadActions.clickOnZoneSaveButton is PASSED

2018-11-20 12:56:05 - [TEST_STEP][PASSED] - Statement - setTrackId = <not implemented yet for class: org.codehaus.groovy.ast.expr.EmptyExpression>: null

2018-11-20 12:56:05 - [TEST_STEP][PASSED] - Statement - actions.saveNewTrackRecord(setTrackId): Execute JavaScript 'document.querySelector('#trackConditionCode').shadowRoot.querySelector('px-overlay-content > #content').shadowRoot.querySelector('#dropdown > div > #selector > div:nth-child(2)').click()' successfully

2018-11-20 12:56:05 - [MESSAGE][PASSED] - Object: 'Object Repository/F5362 - Configure and Manage Track/AddTrackButton' is clicked on

2018-11-20 12:56:06 - [MESSAGE][PASSED] - Delayed 1 second(s)

2018-11-20 12:56:06 - [MESSAGE][PASSED] - Text 'LRNVBG' is set on object 'Object Repository/F5362 - Configure and Manage Track/Track_id_input'

2018-11-20 12:56:06 - [MESSAGE][PASSED] - Text 'RLJDSDZAMY' is set on object 'Object Repository/F5362 - Configure and Manage Track/Track_Description_input'

2018-11-20 12:56:06 - [MESSAGE][PASSED] - Execute JavaScript 'return document.querySelector('#trackType').shadowRoot.querySelector('px-overlay-content > #content').shadowRoot.querySelectorAll('#dropdown > div > #selector > div').length' successfully

2018-11-20 12:56:06 - [MESSAGE][PASSED] - Execute JavaScript 'document.querySelector('#trackType').shadowRoot.querySelector('px-overlay-content > #content').shadowRoot.querySelector('#dropdown > div > #selector > div:nth-child(3)').click()' successfully

2018-11-20 12:56:07 - [MESSAGE][PASSED] - Text '3' is set on object 'Object Repository/F5362 - Configure and Manage Track/Track_Length_input'

2018-11-20 12:56:07 - [MESSAGE][PASSED] - Text '2' is set on object 'Object Repository/F5362 - Configure and Manage Track/Car_Capacity_input'

2018-11-20 12:56:07 - [MESSAGE][PASSED] - Execute JavaScript 'return document.querySelector('#trackConditionCode').shadowRoot.querySelector('px-overlay-content > #content').shadowRoot.querySelectorAll('#dropdown > div > #selector > div').length' successfully

2018-11-20 12:56:07 - [MESSAGE][PASSED] - Execute JavaScript 'document.querySelector('#trackConditionCode').shadowRoot.querySelector('px-overlay-content > #content').shadowRoot.querySelector('#dropdown > div > #selector > div:nth-child(2)').click()' successfully

2018-11-20 12:56:07 - [TEST_STEP][PASSED] - Statement - actions.saveTrack(): Delayed 3 second(s)

2018-11-20 12:56:07 - [MESSAGE][PASSED] - Object: 'Object Repository/F5362 - Configure and Manage Track/SaveTrackButton' is clicked on

2018-11-20 12:56:10 - [MESSAGE][PASSED] - Delayed 3 second(s)

2018-11-20 12:56:10 - [TEST_STEP][PASSED] - com.ge.tms.railroad.RailroadVerification.verifyNewlyAddedTrack: com.ge.tms.railroad.RailroadVerification.verifyNewlyAddedTrack is PASSED

2018-11-20 12:56:10 - [MESSAGE][PASSED] - Send request successfully

2018-11-20 12:56:10 - [MESSAGE][PASSED] - Send request successfully

2018-11-20 12:56:10 - [MESSAGE][PASSED] - Send request successfully

2018-11-20 12:56:10 - [MESSAGE][PASSED] - Send request successfully

2018-11-20 12:56:10 - [MESSAGE][PASSED] - Send request successfully

2018-11-20 12:56:10 - [MESSAGE][PASSED] - Send request successfully

2018-11-20 12:56:10 - [MESSAGE][PASSED] - Send request successfully

2018-11-20 12:56:10 - [MESSAGE][PASSED] - Send request successfully

2018-11-20 12:56:10 - [MESSAGE][PASSED] - Text of object 'Object Repository/F5362 - Configure and Manage Track/Track_First_row_column_trackid' is: 'LRNVBG'

2018-11-20 12:56:10 - [MESSAGE][PASSED] - Text 'LRNVBG' is set on object 'Object Repository/F5362 - Configure and Manage Track/Track_search_field_row1_trackid'

2018-11-20 12:56:10 - [MESSAGE][PASSED] - Actual object 'LRNVBG' and expected object 'LRNVBG' are equal

2018-11-20 12:56:10 - [MESSAGE][PASSED] - com.ge.tms.railroad.RailroadVerification.verifyNewlyAddedTrack is PASSED

2018-11-20 12:56:10 - [TEST_STEP][PASSED] - com.ge.tms.commonactions.RailroadActions.clickOnDeleteTrack: com.ge.tms.commonactions.RailroadActions.clickOnDeleteTrack is PASSED

2018-11-20 12:56:10 - [MESSAGE][PASSED] - Send request successfully

2018-11-20 12:56:10 - [MESSAGE][PASSED] - Send request successfully

2018-11-20 12:56:10 - [MESSAGE][PASSED] - Send request successfully

2018-11-20 12:56:10 - [MESSAGE][PASSED] - Send request successfully

2018-11-20 12:56:10 - [MESSAGE][PASSED] - Object: 'Object Repository/F5362 - Configure and Manage Track/deleteTrackButton' is clicked on

2018-11-20 12:56:10 - [MESSAGE][PASSED] - com.ge.tms.commonactions.RailroadActions.clickOnDeleteTrack is PASSED

2018-11-20 12:56:10 - [TEST_STEP][PASSED] - Statement - deleteYesButtonObj = com.kms.katalon.core.testobject.ObjectRepository.findTestObject(Object Repository/F5362 - Configure and Manage Track/deleteTrackYesButton): Finding Test Object with id 'Object Repository/F5362 - Configure and Manage Track/deleteTrackYesButton'

2018-11-20 12:56:10 - [TEST_STEP][PASSED] - com.ge.tms.commonactions.RailroadActions.clickOnTestObject: com.ge.tms.commonactions.RailroadActions.clickOnTestObject is PASSED

2018-11-20 12:56:10 - [MESSAGE][PASSED] - Send request successfully

2018-11-20 12:56:10 - [MESSAGE][PASSED] - Send request successfully

2018-11-20 12:56:10 - [MESSAGE][PASSED] - Send request successfully

2018-11-20 12:56:10 - [MESSAGE][PASSED] - Send request successfully

2018-11-20 12:56:10 - [MESSAGE][PASSED] - Object: 'Object Repository/F5362 - Configure and Manage Track/deleteTrackYesButton' is clicked on

2018-11-20 12:56:10 - [MESSAGE][PASSED] - com.ge.tms.commonactions.RailroadActions.clickOnTestObject is PASSED

2018-11-20 12:56:10 - [TEST_STEP][PASSED] - com.ge.tms.railroad.RailroadVerification.verifyNoTracksFoundInSearch: com.ge.tms.railroad.RailroadVerification.verifyNoTracksFoundInSearch is PASSED

2018-11-20 12:56:10 - [MESSAGE][PASSED] - Send request successfully

2018-11-20 12:56:10 - [MESSAGE][PASSED] - Send request successfully

2018-11-20 12:56:10 - [MESSAGE][PASSED] - Send request successfully

2018-11-20 12:56:10 - [MESSAGE][PASSED] - Send request successfully

2018-11-20 12:56:10 - [MESSAGE][PASSED] - Send request successfully

2018-11-20 12:56:10 - [MESSAGE][PASSED] - Send request successfully

2018-11-20 12:56:10 - [MESSAGE][PASSED] - Send request successfully

2018-11-20 12:56:10 - [MESSAGE][PASSED] - Send request successfully

2018-11-20 12:56:11 - [MESSAGE][PASSED] - Text 'LRNVBG' is set on object 'Object Repository/F5362 - Configure and Manage Track/Track_search_field_row1_trackid'

2018-11-20 12:56:11 - [MESSAGE][PASSED] - Text of object 'Object Repository/F5362 - Configure and Manage Track/noRowsfound' is: 'No rows found'

2018-11-20 12:56:11 - [MESSAGE][PASSED] - Actual object 'No rows found' and expected object 'No rows found' are equal

2018-11-20 12:56:11 - [MESSAGE][PASSED] - com.ge.tms.railroad.RailroadVerification.verifyNoTracksFoundInSearch is PASSED

2018-11-20 12:56:11 - [TEST_STEP][PASSED] - delay: Delayed 2 second(s)

2018-11-20 12:56:13 - [MESSAGE][PASSED] - Delayed 2 second(s)

2018-11-20 12:56:13 - [TEST_STEP][PASSED] - com.ge.tms.commonactions.RailroadActions.clickOnZoneActionMenu: com.ge.tms.commonactions.RailroadActions.clickOnZoneActionMenu is PASSED

2018-11-20 12:56:13 - [MESSAGE][PASSED] - Send request successfully

2018-11-20 12:56:13 - [MESSAGE][PASSED] - Send request successfully

2018-11-20 12:56:13 - [MESSAGE][PASSED] - Send request successfully

2018-11-20 12:56:13 - [MESSAGE][PASSED] - Send request successfully

2018-11-20 12:56:13 - [MESSAGE][PASSED] - Execute JavaScript 'document.querySelector('#zone-actions-dropdown').shadowRoot.querySelector('#trigger').click()' successfully

2018-11-20 12:56:14 - [MESSAGE][PASSED] - Delayed 1 second(s)

2018-11-20 12:56:14 - [MESSAGE][PASSED] - com.ge.tms.commonactions.RailroadActions.clickOnZoneActionMenu is PASSED

2018-11-20 12:56:14 - [TEST_STEP][PASSED] - com.ge.tms.commonactions.RailroadActions.clickOnDeleteAction: com.ge.tms.commonactions.RailroadActions.clickOnDeleteAction is PASSED

2018-11-20 12:56:14 - [MESSAGE][PASSED] - Send request successfully

2018-11-20 12:56:14 - [MESSAGE][PASSED] - Send request successfully

2018-11-20 12:56:14 - [MESSAGE][PASSED] - Send request successfully

2018-11-20 12:56:14 - [MESSAGE][PASSED] - Send request successfully

2018-11-20 12:56:14 - [MESSAGE][PASSED] - Execute JavaScript 'document.querySelector('#zone-actions-dropdown').shadowRoot.querySelector('#content').shadowRoot.querySelector('#selector > div:nth-child(2)').click()' successfully

2018-11-20 12:56:14 - [MESSAGE][PASSED] - com.ge.tms.commonactions.RailroadActions.clickOnDeleteAction is PASSED

2018-11-20 12:56:14 - [TEST_STEP][PASSED] - delay: Delayed 1 second(s)

2018-11-20 12:56:15 - [MESSAGE][PASSED] - Delayed 1 second(s)

2018-11-20 12:56:15 - [TEST_STEP][PASSED] - Statement - deleteYesButtonObj = com.kms.katalon.core.testobject.ObjectRepository.findTestObject(Object Repository/F5140-Add Zone Functionalities/QA-US88570-Add Zone/US38196-Save a New Zone/Delete Zone/deleteYesButton): Finding Test Object with id 'Object Repository/F5140-Add Zone Functionalities/QA-US88570-Add Zone/US38196-Save a New Zone/Delete Zone/deleteYesButton'

2018-11-20 12:56:15 - [TEST_STEP][PASSED] - com.ge.tms.commonactions.RailroadActions.clickOnTestObject: com.ge.tms.commonactions.RailroadActions.clickOnTestObject is PASSED

2018-11-20 12:56:15 - [MESSAGE][PASSED] - Send request successfully

2018-11-20 12:56:15 - [MESSAGE][PASSED] - Send request successfully

2018-11-20 12:56:15 - [MESSAGE][PASSED] - Send request successfully

2018-11-20 12:56:15 - [MESSAGE][PASSED] - Send request successfully

2018-11-20 12:56:15 - [MESSAGE][PASSED] - Object: 'Object Repository/F5140-Add Zone Functionalities/QA-US88570-Add Zone/US38196-Save a New Zone/Delete Zone/deleteYesButton' is clicked on

2018-11-20 12:56:15 - [MESSAGE][PASSED] - com.ge.tms.commonactions.RailroadActions.clickOnTestObject is PASSED

2018-11-20 12:56:15 - [TEST_STEP][PASSED] - delay: Delayed 1 second(s)

2018-11-20 12:56:16 - [MESSAGE][PASSED] - Delayed 1 second(s)

2018-11-20 12:56:16 - [TEST_STEP][PASSED] - com.ge.tms.railroad.RailroadVerification.verifyViewStationIdAfterZoneDeletion: com.ge.tms.railroad.RailroadVerification.verifyViewStationIdAfterZoneDeletion is PASSED

2018-11-20 12:56:16 - [MESSAGE][PASSED] - Send request successfully

2018-11-20 12:56:16 - [MESSAGE][PASSED] - Send request successfully

2018-11-20 12:56:16 - [MESSAGE][PASSED] - Send request successfully

2018-11-20 12:56:16 - [MESSAGE][PASSED] - Send request successfully

2018-11-20 12:56:16 - [MESSAGE][PASSED] - Send request successfully

2018-11-20 12:56:16 - [MESSAGE][PASSED] - Send request successfully

2018-11-20 12:56:16 - [MESSAGE][PASSED] - Send request successfully

2018-11-20 12:56:16 - [MESSAGE][PASSED] - Send request successfully

2018-11-20 12:56:16 - [MESSAGE][PASSED] - Text of object 'Object Repository/F11822-Configure and Manage Stations/QA-US87586-View Stations/US84086-View Station Details/View Stations/div_StationCode' is: 'KKZ3USC'

2018-11-20 12:56:16 - [MESSAGE][PASSED] - Actual object 'KKZ3USC' and expected object 'KKZ3USC' are equal

2018-11-20 12:56:16 - [MESSAGE][PASSED] - com.ge.tms.railroad.RailroadVerification.verifyViewStationIdAfterZoneDeletion is PASSED

2018-11-20 12:56:16 - [TEST_STEP][PASSED] - com.ge.tms.commonactions.RailroadActions.clickOnStationActionMenu: com.ge.tms.commonactions.RailroadActions.clickOnStationActionMenu is PASSED

2018-11-20 12:56:16 - [MESSAGE][PASSED] - Send request successfully

2018-11-20 12:56:16 - [MESSAGE][PASSED] - Send request successfully

2018-11-20 12:56:16 - [MESSAGE][PASSED] - Send request successfully

2018-11-20 12:56:16 - [MESSAGE][PASSED] - Send request successfully

2018-11-20 12:56:16 - [MESSAGE][PASSED] - Execute JavaScript 'document.querySelector('#station-actions-dropdown').shadowRoot.querySelector('#trigger').click()' successfully

2018-11-20 12:56:17 - [MESSAGE][PASSED] - Delayed 1 second(s)

2018-11-20 12:56:17 - [MESSAGE][PASSED] - com.ge.tms.commonactions.RailroadActions.clickOnStationActionMenu is PASSED

2018-11-20 12:56:17 - [TEST_STEP][PASSED] - com.ge.tms.commonactions.RailroadActions.clickOnDeleteStationButton: com.ge.tms.commonactions.RailroadActions.clickOnDeleteStationButton is PASSED

2018-11-20 12:56:17 - [MESSAGE][PASSED] - Send request successfully

2018-11-20 12:56:17 - [MESSAGE][PASSED] - Send request successfully

2018-11-20 12:56:17 - [MESSAGE][PASSED] - Send request successfully

2018-11-20 12:56:17 - [MESSAGE][PASSED] - Send request successfully

2018-11-20 12:56:17 - [MESSAGE][PASSED] - Execute JavaScript 'document.querySelector('#station-actions-dropdown').shadowRoot.querySelector('#content').shadowRoot.querySelector('#selector > div:nth-child(2)').click()' successfully

2018-11-20 12:56:17 - [MESSAGE][PASSED] - com.ge.tms.commonactions.RailroadActions.clickOnDeleteStationButton is PASSED

2018-11-20 12:56:17 - [TEST_STEP][PASSED] - Statement - deleteYesButtonObj = com.kms.katalon.core.testobject.ObjectRepository.findTestObject(Object Repository/F11822-Configure and Manage Stations/deleteConfirmationYesButton): Finding Test Object with id 'Object Repository/F11822-Configure and Manage Stations/deleteConfirmationYesButton'

2018-11-20 12:56:17 - [TEST_STEP][PASSED] - com.ge.tms.commonactions.RailroadActions.clickOnTestObject: com.ge.tms.commonactions.RailroadActions.clickOnTestObject is PASSED

2018-11-20 12:56:17 - [MESSAGE][PASSED] - Send request successfully

2018-11-20 12:56:17 - [MESSAGE][PASSED] - Send request successfully

2018-11-20 12:56:17 - [MESSAGE][PASSED] - Send request successfully

2018-11-20 12:56:17 - [MESSAGE][PASSED] - Send request successfully

2018-11-20 12:56:17 - [MESSAGE][PASSED] - Object: 'Object Repository/F11822-Configure and Manage Stations/deleteConfirmationYesButton' is clicked on

2018-11-20 12:56:17 - [MESSAGE][PASSED] - com.ge.tms.commonactions.RailroadActions.clickOnTestObject is PASSED

2018-11-20 12:56:17 - [TEST_STEP][PASSED] - delay: Delayed 1 second(s)

2018-11-20 12:56:18 - [MESSAGE][PASSED] - Delayed 1 second(s)

2018-11-20 12:56:18 - [TEST_STEP][PASSED] - com.ge.tms.railroad.RailroadVerification.verifyDeletedItemNotPresentInSearchView: com.ge.tms.railroad.RailroadVerification.verifyDeletedItemNotPresentInSearchView is PASSED

2018-11-20 12:56:18 - [MESSAGE][PASSED] - Send request successfully

2018-11-20 12:56:18 - [MESSAGE][PASSED] - Send request successfully

2018-11-20 12:56:18 - [MESSAGE][PASSED] - Send request successfully

2018-11-20 12:56:18 - [MESSAGE][PASSED] - Send request successfully

2018-11-20 12:56:18 - [MESSAGE][PASSED] - Send request successfully

2018-11-20 12:56:18 - [MESSAGE][PASSED] - Send request successfully

2018-11-20 12:56:18 - [MESSAGE][PASSED] - Send request successfully

2018-11-20 12:56:18 - [MESSAGE][PASSED] - Send request successfully

2018-11-20 12:56:19 - [MESSAGE][PASSED] - Text 'KKZ3USC' is set on object 'Object Repository/CommonObjects/searchTextBoxLeftNav'

2018-11-20 12:56:21 - [MESSAGE][PASSED] - Delayed 2 second(s)

2018-11-20 12:56:21 - [MESSAGE][PASSED] - Text of object 'Object Repository/CommonObjects/noSearchResultMessageLeftNav' is: 'No stations or zones found.'

2018-11-20 12:56:21 - [MESSAGE][PASSED] - Actual object 'No stations or zones found.' and expected object 'No stations or zones found.' are equal

2018-11-20 12:56:21 - [MESSAGE][PASSED] - com.ge.tms.railroad.RailroadVerification.verifyDeletedItemNotPresentInSearchView is PASSED

2018-11-20 12:56:21 - [TEST_STEP][PASSED] - Start listener action : closeBrowserForTestCasse: Navigate to 'http://localhost:8080/home' successfully

2018-11-20 12:56:21 - [TEST_STEP][PASSED] - Statement - If (isTestSuitEnable == true): null

2018-11-20 12:56:21 - [TEST_STEP][PASSED] - Statement - beforeTestCaseExecute(): null

2018-11-20 12:56:21 - [TEST_STEP][PASSED] - Statement - If (isTestSuitEnable == true): Navigate to 'http://localhost:8080/home' successfully

2018-11-20 12:56:21 - [TEST_STEP][PASSED] - navigateToUrl: Navigate to 'http://localhost:8080/home' successfully

2018-11-20 12:56:22 - [MESSAGE][PASSED] - Navigate to 'http://localhost:8080/home' successfully

2018-11-20 12:56:22 - [TEST_STEP][PASSED] - Start listener action : afterTestCase: Invoke 'com.kms.katalon.core.annotation.AfterTestCase' method: 'TmsTestListner.afterTestCase(...)' completed.

2018-11-20 12:56:22 - [TEST_STEP][PASSED] - Statement - If (java.lang.System.getProperties().containsKey("updateRally")): Invoke 'com.kms.katalon.core.annotation.AfterTestCase' method: 'TmsTestListner.afterTestCase(...)' completed.]]></system-out>
         <system-err><![CDATA[]]></system-err>
      </testcase>
      <testcase name="Test Cases/Railroad/F5362 - Configure and manage track/QA - US88424/US39526 - Edit Track details/TC65864 - Edit Track and save" classname="Test Cases/Railroad/F5362 - Configure and manage track/QA - US88424/US39526 - Edit Track details/TC65864 - Edit Track and save" status="PASSED">
         <system-out><![CDATA[2018-11-20 12:56:22 - [TEST_CASE][PASSED] - Test Cases/Railroad/F5362 - Configure and manage track/QA - US88424/US39526 - Edit Track details/TC65864 - Edit Track and save: Test Cases/Railroad/F5362 - Configure and manage track/QA - US88424/US39526 - Edit Track details/TC65864 - Edit Track and save

2018-11-20 12:56:22 - [TEST_STEP][PASSED] - Start listener action : beforeTestCaseExecute: Navigate to 'http://localhost:8080/home' successfully

2018-11-20 12:56:22 - [TEST_STEP][PASSED] - Statement - If (isTestSuitEnable == true): Navigate to 'http://localhost:8080/home' successfully

2018-11-20 12:56:22 - [TEST_STEP][PASSED] - navigateToUrl: Navigate to 'http://localhost:8080/home' successfully

2018-11-20 12:56:22 - [MESSAGE][PASSED] - Navigate to 'http://localhost:8080/home' successfully

2018-11-20 12:56:23 - [TEST_STEP][PASSED] - Statement - util = new com.ge.tms.util.CommonUtilities(): Send request successfully

2018-11-20 12:56:23 - [MESSAGE][PASSED] - Send request successfully

2018-11-20 12:56:23 - [MESSAGE][PASSED] - Send request successfully

2018-11-20 12:56:23 - [MESSAGE][PASSED] - Send request successfully

2018-11-20 12:56:23 - [MESSAGE][PASSED] - Send request successfully

2018-11-20 12:56:23 - [TEST_STEP][PASSED] - Statement - actions = new com.ge.tms.commonactions.RailroadActions(): Send request successfully

2018-11-20 12:56:23 - [MESSAGE][PASSED] - Send request successfully

2018-11-20 12:56:23 - [MESSAGE][PASSED] - Send request successfully

2018-11-20 12:56:23 - [MESSAGE][PASSED] - Send request successfully

2018-11-20 12:56:23 - [MESSAGE][PASSED] - Send request successfully

2018-11-20 12:56:23 - [TEST_STEP][PASSED] - com.ge.tms.commonactions.CommonClickEvents.clickOnRailroadSetup: com.ge.tms.commonactions.CommonClickEvents.clickOnRailroadSetup is PASSED

2018-11-20 12:56:23 - [MESSAGE][PASSED] - Execute JavaScript 'document.querySelector('px-app-nav').shadowRoot.querySelector('#items > px-app-nav-group:nth-child(13) > px-app-nav-subitem:nth-child(1)').click()' successfully

2018-11-20 12:56:25 - [MESSAGE][PASSED] - Delayed 2 second(s)

2018-11-20 12:56:25 - [MESSAGE][PASSED] - com.ge.tms.commonactions.CommonClickEvents.clickOnRailroadSetup is PASSED

2018-11-20 12:56:25 - [TEST_STEP][PASSED] - com.ge.tms.commonactions.RailroadActions.clickOnSelectRailroadDropdown: com.ge.tms.commonactions.RailroadActions.clickOnSelectRailroadDropdown is PASSED

2018-11-20 12:56:25 - [MESSAGE][PASSED] - Send request successfully

2018-11-20 12:56:25 - [MESSAGE][PASSED] - Send request successfully

2018-11-20 12:56:25 - [MESSAGE][PASSED] - Send request successfully

2018-11-20 12:56:25 - [MESSAGE][PASSED] - Send request successfully

2018-11-20 12:56:25 - [MESSAGE][PASSED] - Execute JavaScript 'document.querySelector('#railroads-select-dropdown').shadowRoot.querySelector('#trigger').click()' successfully

2018-11-20 12:56:28 - [MESSAGE][PASSED] - Delayed 3 second(s)

2018-11-20 12:56:28 - [MESSAGE][PASSED] - com.ge.tms.commonactions.RailroadActions.clickOnSelectRailroadDropdown is PASSED

2018-11-20 12:56:28 - [TEST_STEP][PASSED] - com.ge.tms.commonactions.RailroadActions.selectRandomRailRoad: com.ge.tms.commonactions.RailroadActions.selectRandomRailRoad is PASSED

2018-11-20 12:56:28 - [MESSAGE][PASSED] - Send request successfully

2018-11-20 12:56:28 - [MESSAGE][PASSED] - Send request successfully

2018-11-20 12:56:28 - [MESSAGE][PASSED] - Send request successfully

2018-11-20 12:56:28 - [MESSAGE][PASSED] - Send request successfully

2018-11-20 12:56:28 - [MESSAGE][PASSED] - Execute JavaScript 'let railRoadList=[]; document.querySelector('#railroads-select-dropdown').shadowRoot.querySelector('#content').shadowRoot.querySelectorAll('#selector > div.dropdown-option').forEach(node => { railRoadList.push(node.getAttribute('title')) }); return railRoadList' successfully

2018-11-20 12:56:28 - [MESSAGE][PASSED] - Execute JavaScript 'return document.querySelector('#railroads-select-dropdown').shadowRoot.querySelector('#content').shadowRoot.querySelector('#selector > div:nth-child(1) span').innerHTML' successfully

2018-11-20 12:56:28 - [MESSAGE][PASSED] - Execute JavaScript 'return document.querySelector('#railroads-select-dropdown').shadowRoot.querySelector('#content').shadowRoot.querySelector('#selector > div:nth-child(1) span').click()' successfully

2018-11-20 12:56:28 - [MESSAGE][PASSED] - com.ge.tms.commonactions.RailroadActions.selectRandomRailRoad is PASSED

2018-11-20 12:56:28 - [TEST_STEP][PASSED] - delay: Delayed 2 second(s)

2018-11-20 12:56:30 - [MESSAGE][PASSED] - Delayed 2 second(s)

2018-11-20 12:56:30 - [TEST_STEP][PASSED] - Statement - setStationId = <not implemented yet for class: org.codehaus.groovy.ast.expr.EmptyExpression>: null

2018-11-20 12:56:30 - [TEST_STEP][PASSED] - Statement - actions.addStationMandatotyFields(setStationId): Delayed 3 second(s)

2018-11-20 12:56:30 - [MESSAGE][PASSED] - Object: 'Object Repository/F11822-Configure and Manage Stations/Add_New_Station_Button' is clicked on

2018-11-20 12:56:30 - [MESSAGE][PASSED] - Text 'BWDFE6Q' is set on object 'Object Repository/F11822-Configure and Manage Stations/station_id'

2018-11-20 12:56:31 - [MESSAGE][PASSED] - Text 'D9TXJZH' is set on object 'Object Repository/F11822-Configure and Manage Stations/station_name'

2018-11-20 12:56:31 - [MESSAGE][PASSED] - Execute JavaScript 'document.querySelector('#splc').shadowRoot.querySelector('#trigger').shadowRoot.querySelector('#trigger').click()' successfully

2018-11-20 12:56:31 - [MESSAGE][PASSED] - Execute JavaScript 'return document.querySelector('#splc').shadowRoot.querySelector('px-overlay-content > #content').shadowRoot.querySelectorAll('#dropdown > div > #selector > div').length' successfully

2018-11-20 12:56:31 - [MESSAGE][PASSED] - Execute JavaScript 'document.querySelector('#splc').shadowRoot.querySelector('px-overlay-content > #content').shadowRoot.querySelector('#dropdown > div > #selector > div:nth-child(1)').click()' successfully

2018-11-20 12:56:31 - [MESSAGE][PASSED] - Execute JavaScript 'return document.querySelector('#fsac').shadowRoot.querySelector('px-overlay-content > #content').shadowRoot.querySelectorAll('#dropdown > div > #selector > div').length' successfully

2018-11-20 12:56:31 - [MESSAGE][PASSED] - Execute JavaScript 'document.querySelector('#fsac').shadowRoot.querySelector('px-overlay-content > #content').shadowRoot.querySelector('#dropdown > div > #selector > div:nth-child(1)').click()' successfully

2018-11-20 12:56:31 - [MESSAGE][PASSED] - Execute JavaScript 'return document.querySelector('#station-timezone-qualifier').shadowRoot.querySelector('px-overlay-content > #content').shadowRoot.querySelectorAll('#dropdown > div > #selector > div').length' successfully

2018-11-20 12:56:31 - [MESSAGE][PASSED] - Execute JavaScript 'document.querySelector('#station-timezone-qualifier').shadowRoot.querySelector('px-overlay-content > #content').shadowRoot.querySelector('#dropdown > div > #selector > div:nth-child(1)').click()' successfully

2018-11-20 12:56:31 - [MESSAGE][PASSED] - Execute JavaScript 'return document.querySelector('#country').shadowRoot.querySelector('px-overlay-content > #content').shadowRoot.querySelectorAll('#dropdown > div > #selector > div').length' successfully

2018-11-20 12:56:31 - [MESSAGE][PASSED] - Execute JavaScript 'document.querySelector('#country').shadowRoot.querySelector('px-overlay-content > #content').shadowRoot.querySelector('#dropdown > div > #selector > div:nth-child(2)').click()' successfully

2018-11-20 12:56:31 - [MESSAGE][PASSED] - Execute JavaScript 'return document.querySelector('#state').shadowRoot.querySelector('px-overlay-content > #content').shadowRoot.querySelectorAll('#dropdown > div > #selector > div').length' successfully

2018-11-20 12:56:31 - [MESSAGE][PASSED] - Execute JavaScript 'document.querySelector('#state').shadowRoot.querySelector('px-overlay-content > #content').shadowRoot.querySelector('#dropdown > div > #selector > div:nth-child(2)').click()' successfully

2018-11-20 12:56:31 - [MESSAGE][PASSED] - Object: 'Object Repository/F11822-Configure and Manage Stations/station_save_button' is clicked on

2018-11-20 12:56:34 - [MESSAGE][PASSED] - Delayed 3 second(s)

2018-11-20 12:56:34 - [TEST_STEP][PASSED] - delay: Delayed 2 second(s)

2018-11-20 12:56:36 - [MESSAGE][PASSED] - Delayed 2 second(s)

2018-11-20 12:56:36 - [TEST_STEP][PASSED] - Statement - setZoneId = <not implemented yet for class: org.codehaus.groovy.ast.expr.EmptyExpression>: null

2018-11-20 12:56:36 - [TEST_STEP][PASSED] - Statement - actions.addZone(setZoneId): Execute JavaScript 'document.querySelector('#zone-type').shadowRoot.querySelector('#content').shadowRoot.querySelector('#selector > div:nth-child(1)').click()' successfully

2018-11-20 12:56:36 - [MESSAGE][PASSED] - Object: 'Object Repository/F5140-Add Zone Functionalities/QA-US88570-Add Zone/US38196-Save a New Zone/Add Edit Zone/addNewZoneButton' is clicked on

2018-11-20 12:56:39 - [MESSAGE][PASSED] - Delayed 3 second(s)

2018-11-20 12:56:39 - [MESSAGE][PASSED] - Text 'X3CAF' is set on object 'Object Repository/F5140-Add Zone Functionalities/QA-US88570-Add Zone/US38196-Save a New Zone/Add Edit Zone/zoneID'

2018-11-20 12:56:39 - [MESSAGE][PASSED] - Text 'YUXVSC6' is set on object 'Object Repository/F5140-Add Zone Functionalities/QA-US88570-Add Zone/US38196-Save a New Zone/Add Edit Zone/zoneName'

2018-11-20 12:56:39 - [MESSAGE][PASSED] - Execute JavaScript 'document.querySelector('#zone-type').shadowRoot.querySelector('#trigger').click()' successfully

2018-11-20 12:56:39 - [MESSAGE][PASSED] - Execute JavaScript 'return document.querySelector('#zone-type').shadowRoot.querySelector('#content').shadowRoot.querySelectorAll('#selector > div').length' successfully

2018-11-20 12:56:39 - [MESSAGE][PASSED] - Execute JavaScript 'document.querySelector('#zone-type').shadowRoot.querySelector('#content').shadowRoot.querySelector('#selector > div:nth-child(1)').click()' successfully

2018-11-20 12:56:39 - [TEST_STEP][PASSED] - com.ge.tms.commonactions.RailroadActions.clickOnZoneSaveButton: com.ge.tms.commonactions.RailroadActions.clickOnZoneSaveButton is PASSED

2018-11-20 12:56:39 - [MESSAGE][PASSED] - Send request successfully

2018-11-20 12:56:39 - [MESSAGE][PASSED] - Send request successfully

2018-11-20 12:56:39 - [MESSAGE][PASSED] - Send request successfully

2018-11-20 12:56:40 - [MESSAGE][PASSED] - Send request successfully

2018-11-20 12:56:40 - [MESSAGE][PASSED] - Object: 'Object Repository/F5140-Add Zone Functionalities/QA-US88570-Add Zone/US38196-Save a New Zone/Add Edit Zone/zoneSaveButton' is clicked on

2018-11-20 12:56:43 - [MESSAGE][PASSED] - Delayed 3 second(s)

2018-11-20 12:56:43 - [MESSAGE][PASSED] - com.ge.tms.commonactions.RailroadActions.clickOnZoneSaveButton is PASSED

2018-11-20 12:56:43 - [TEST_STEP][PASSED] - delay: Delayed 2 second(s)

2018-11-20 12:56:45 - [MESSAGE][PASSED] - Delayed 2 second(s)

2018-11-20 12:56:45 - [TEST_STEP][PASSED] - Statement - setTrackId = <not implemented yet for class: org.codehaus.groovy.ast.expr.EmptyExpression>: null

2018-11-20 12:56:45 - [TEST_STEP][PASSED] - Statement - actions.saveNewTrackRecord(setTrackId): Execute JavaScript 'document.querySelector('#trackConditionCode').shadowRoot.querySelector('px-overlay-content > #content').shadowRoot.querySelector('#dropdown > div > #selector > div:nth-child(3)').click()' successfully

2018-11-20 12:56:45 - [MESSAGE][PASSED] - Object: 'Object Repository/F5362 - Configure and Manage Track/AddTrackButton' is clicked on

2018-11-20 12:56:46 - [MESSAGE][PASSED] - Delayed 1 second(s)

2018-11-20 12:56:46 - [MESSAGE][PASSED] - Text 'EWMOUZ' is set on object 'Object Repository/F5362 - Configure and Manage Track/Track_id_input'

2018-11-20 12:56:46 - [MESSAGE][PASSED] - Text 'YFCKDWATYG' is set on object 'Object Repository/F5362 - Configure and Manage Track/Track_Description_input'

2018-11-20 12:56:46 - [MESSAGE][PASSED] - Execute JavaScript 'return document.querySelector('#trackType').shadowRoot.querySelector('px-overlay-content > #content').shadowRoot.querySelectorAll('#dropdown > div > #selector > div').length' successfully

2018-11-20 12:56:46 - [MESSAGE][PASSED] - Execute JavaScript 'document.querySelector('#trackType').shadowRoot.querySelector('px-overlay-content > #content').shadowRoot.querySelector('#dropdown > div > #selector > div:nth-child(7)').click()' successfully

2018-11-20 12:56:46 - [MESSAGE][PASSED] - Text '1' is set on object 'Object Repository/F5362 - Configure and Manage Track/Track_Length_input'

2018-11-20 12:56:46 - [MESSAGE][PASSED] - Text '1' is set on object 'Object Repository/F5362 - Configure and Manage Track/Car_Capacity_input'

2018-11-20 12:56:46 - [MESSAGE][PASSED] - Execute JavaScript 'return document.querySelector('#trackConditionCode').shadowRoot.querySelector('px-overlay-content > #content').shadowRoot.querySelectorAll('#dropdown > div > #selector > div').length' successfully

2018-11-20 12:56:46 - [MESSAGE][PASSED] - Execute JavaScript 'document.querySelector('#trackConditionCode').shadowRoot.querySelector('px-overlay-content > #content').shadowRoot.querySelector('#dropdown > div > #selector > div:nth-child(3)').click()' successfully

2018-11-20 12:56:46 - [TEST_STEP][PASSED] - Statement - actions.saveTrack(): Delayed 3 second(s)

2018-11-20 12:56:46 - [MESSAGE][PASSED] - Object: 'Object Repository/F5362 - Configure and Manage Track/SaveTrackButton' is clicked on

2018-11-20 12:56:49 - [MESSAGE][PASSED] - Delayed 3 second(s)

2018-11-20 12:56:49 - [TEST_STEP][PASSED] - delay: Delayed 1 second(s)

2018-11-20 12:56:50 - [MESSAGE][PASSED] - Delayed 1 second(s)

2018-11-20 12:56:50 - [TEST_STEP][PASSED] - Statement - actions.editTrackLength(): Delayed 1 second(s)

2018-11-20 12:56:51 - [MESSAGE][PASSED] - Object: 'Object Repository/F5362 - Configure and Manage Track/edit_track_icon' is clicked on

2018-11-20 12:56:51 - [MESSAGE][PASSED] - Text '3' is set on object 'Object Repository/F5362 - Configure and Manage Track/Track_Length_input'

2018-11-20 12:56:52 - [MESSAGE][PASSED] - Delayed 1 second(s)

2018-11-20 12:56:52 - [TEST_STEP][PASSED] - Statement - actions.saveTrack(): Delayed 3 second(s)

2018-11-20 12:56:52 - [MESSAGE][PASSED] - Object: 'Object Repository/F5362 - Configure and Manage Track/SaveTrackButton' is clicked on

2018-11-20 12:56:55 - [MESSAGE][PASSED] - Delayed 3 second(s)

2018-11-20 12:56:55 - [TEST_STEP][PASSED] - com.ge.tms.railroad.RailroadVerification.verifyEditedTrackLength: com.ge.tms.railroad.RailroadVerification.verifyEditedTrackLength is PASSED

2018-11-20 12:56:55 - [MESSAGE][PASSED] - Send request successfully

2018-11-20 12:56:55 - [MESSAGE][PASSED] - Send request successfully

2018-11-20 12:56:55 - [MESSAGE][PASSED] - Send request successfully

2018-11-20 12:56:55 - [MESSAGE][PASSED] - Send request successfully

2018-11-20 12:56:55 - [MESSAGE][PASSED] - Send request successfully

2018-11-20 12:56:55 - [MESSAGE][PASSED] - Send request successfully

2018-11-20 12:56:55 - [MESSAGE][PASSED] - Send request successfully

2018-11-20 12:56:55 - [MESSAGE][PASSED] - Send request successfully

2018-11-20 12:56:55 - [MESSAGE][PASSED] - Text of object 'Object Repository/F5362 - Configure and Manage Track/Track_First_row_column_length' is: '3'

2018-11-20 12:56:55 - [MESSAGE][PASSED] - Text '3' is set on object 'Object Repository/F5362 - Configure and Manage Track/Track_search_row_length'

2018-11-20 12:56:55 - [MESSAGE][PASSED] - Actual object '3' and expected object '3' are equal

2018-11-20 12:56:55 - [MESSAGE][PASSED] - com.ge.tms.railroad.RailroadVerification.verifyEditedTrackLength is PASSED

2018-11-20 12:56:55 - [TEST_STEP][PASSED] - Statement - actions.editTrackType(): Execute JavaScript 'return document.querySelector('#trackType').shadowRoot.querySelector('#trigger').shadowRoot.querySelector('#label').innerHTML' successfully

2018-11-20 12:56:55 - [MESSAGE][PASSED] - Object: 'Object Repository/F5362 - Configure and Manage Track/edit_track_icon' is clicked on

2018-11-20 12:56:55 - [MESSAGE][PASSED] - Execute JavaScript 'return document.querySelector('#trackType').shadowRoot.querySelector('px-overlay-content > #content').shadowRoot.querySelectorAll('#dropdown > div > #selector > div').length' successfully

2018-11-20 12:56:55 - [MESSAGE][PASSED] - Execute JavaScript 'document.querySelector('#trackType').shadowRoot.querySelector('px-overlay-content > #content').shadowRoot.querySelector('#dropdown > div > #selector > div:nth-child(5)').click()' successfully

2018-11-20 12:56:57 - [MESSAGE][PASSED] - Delayed 2 second(s)

2018-11-20 12:56:57 - [MESSAGE][PASSED] - Execute JavaScript 'return document.querySelector('#trackType').shadowRoot.querySelector('#trigger').shadowRoot.querySelector('#label').innerHTML' successfully

2018-11-20 12:56:57 - [TEST_STEP][PASSED] - Statement - actions.saveTrack(): Delayed 3 second(s)

2018-11-20 12:56:57 - [MESSAGE][PASSED] - Object: 'Object Repository/F5362 - Configure and Manage Track/SaveTrackButton' is clicked on

2018-11-20 12:57:00 - [MESSAGE][PASSED] - Delayed 3 second(s)

2018-11-20 12:57:00 - [TEST_STEP][PASSED] - delay: Delayed 2 second(s)

2018-11-20 12:57:02 - [MESSAGE][PASSED] - Delayed 2 second(s)

2018-11-20 12:57:02 - [TEST_STEP][PASSED] - com.ge.tms.commonactions.RailroadActions.clickOnDeleteTrack: com.ge.tms.commonactions.RailroadActions.clickOnDeleteTrack is PASSED

2018-11-20 12:57:02 - [MESSAGE][PASSED] - Send request successfully

2018-11-20 12:57:02 - [MESSAGE][PASSED] - Send request successfully

2018-11-20 12:57:02 - [MESSAGE][PASSED] - Send request successfully

2018-11-20 12:57:02 - [MESSAGE][PASSED] - Send request successfully

2018-11-20 12:57:02 - [MESSAGE][PASSED] - Object: 'Object Repository/F5362 - Configure and Manage Track/deleteTrackButton' is clicked on

2018-11-20 12:57:02 - [MESSAGE][PASSED] - com.ge.tms.commonactions.RailroadActions.clickOnDeleteTrack is PASSED

2018-11-20 12:57:02 - [TEST_STEP][PASSED] - Statement - deleteYesButtonObj = com.kms.katalon.core.testobject.ObjectRepository.findTestObject(Object Repository/F5362 - Configure and Manage Track/deleteTrackYesButton): Finding Test Object with id 'Object Repository/F5362 - Configure and Manage Track/deleteTrackYesButton'

2018-11-20 12:57:02 - [TEST_STEP][PASSED] - com.ge.tms.commonactions.RailroadActions.clickOnTestObject: com.ge.tms.commonactions.RailroadActions.clickOnTestObject is PASSED

2018-11-20 12:57:02 - [MESSAGE][PASSED] - Send request successfully

2018-11-20 12:57:02 - [MESSAGE][PASSED] - Send request successfully

2018-11-20 12:57:02 - [MESSAGE][PASSED] - Send request successfully

2018-11-20 12:57:02 - [MESSAGE][PASSED] - Send request successfully

2018-11-20 12:57:02 - [MESSAGE][PASSED] - Object: 'Object Repository/F5362 - Configure and Manage Track/deleteTrackYesButton' is clicked on

2018-11-20 12:57:02 - [MESSAGE][PASSED] - com.ge.tms.commonactions.RailroadActions.clickOnTestObject is PASSED

2018-11-20 12:57:02 - [TEST_STEP][PASSED] - com.ge.tms.railroad.RailroadVerification.verifyNoTracksFoundInSearch: com.ge.tms.railroad.RailroadVerification.verifyNoTracksFoundInSearch is PASSED

2018-11-20 12:57:02 - [MESSAGE][PASSED] - Send request successfully

2018-11-20 12:57:02 - [MESSAGE][PASSED] - Send request successfully

2018-11-20 12:57:02 - [MESSAGE][PASSED] - Send request successfully

2018-11-20 12:57:02 - [MESSAGE][PASSED] - Send request successfully

2018-11-20 12:57:02 - [MESSAGE][PASSED] - Send request successfully

2018-11-20 12:57:02 - [MESSAGE][PASSED] - Send request successfully

2018-11-20 12:57:02 - [MESSAGE][PASSED] - Send request successfully

2018-11-20 12:57:02 - [MESSAGE][PASSED] - Send request successfully

2018-11-20 12:57:03 - [MESSAGE][PASSED] - Text 'EWMOUZ' is set on object 'Object Repository/F5362 - Configure and Manage Track/Track_search_field_row1_trackid'

2018-11-20 12:57:03 - [MESSAGE][PASSED] - Text of object 'Object Repository/F5362 - Configure and Manage Track/noRowsfound' is: 'No rows found'

2018-11-20 12:57:03 - [MESSAGE][PASSED] - Actual object 'No rows found' and expected object 'No rows found' are equal

2018-11-20 12:57:03 - [MESSAGE][PASSED] - com.ge.tms.railroad.RailroadVerification.verifyNoTracksFoundInSearch is PASSED

2018-11-20 12:57:03 - [TEST_STEP][PASSED] - delay: Delayed 2 second(s)

2018-11-20 12:57:05 - [MESSAGE][PASSED] - Delayed 2 second(s)

2018-11-20 12:57:05 - [TEST_STEP][PASSED] - com.ge.tms.commonactions.RailroadActions.clickOnZoneActionMenu: com.ge.tms.commonactions.RailroadActions.clickOnZoneActionMenu is PASSED

2018-11-20 12:57:05 - [MESSAGE][PASSED] - Send request successfully

2018-11-20 12:57:05 - [MESSAGE][PASSED] - Send request successfully

2018-11-20 12:57:05 - [MESSAGE][PASSED] - Send request successfully

2018-11-20 12:57:05 - [MESSAGE][PASSED] - Send request successfully

2018-11-20 12:57:05 - [MESSAGE][PASSED] - Execute JavaScript 'document.querySelector('#zone-actions-dropdown').shadowRoot.querySelector('#trigger').click()' successfully

2018-11-20 12:57:06 - [MESSAGE][PASSED] - Delayed 1 second(s)

2018-11-20 12:57:06 - [MESSAGE][PASSED] - com.ge.tms.commonactions.RailroadActions.clickOnZoneActionMenu is PASSED

2018-11-20 12:57:06 - [TEST_STEP][PASSED] - com.ge.tms.commonactions.RailroadActions.clickOnDeleteAction: com.ge.tms.commonactions.RailroadActions.clickOnDeleteAction is PASSED

2018-11-20 12:57:06 - [MESSAGE][PASSED] - Send request successfully

2018-11-20 12:57:06 - [MESSAGE][PASSED] - Send request successfully

2018-11-20 12:57:06 - [MESSAGE][PASSED] - Send request successfully

2018-11-20 12:57:06 - [MESSAGE][PASSED] - Send request successfully

2018-11-20 12:57:06 - [MESSAGE][PASSED] - Execute JavaScript 'document.querySelector('#zone-actions-dropdown').shadowRoot.querySelector('#content').shadowRoot.querySelector('#selector > div:nth-child(2)').click()' successfully

2018-11-20 12:57:06 - [MESSAGE][PASSED] - com.ge.tms.commonactions.RailroadActions.clickOnDeleteAction is PASSED

2018-11-20 12:57:06 - [TEST_STEP][PASSED] - delay: Delayed 1 second(s)

2018-11-20 12:57:07 - [MESSAGE][PASSED] - Delayed 1 second(s)

2018-11-20 12:57:07 - [TEST_STEP][PASSED] - Statement - deleteYesButtonObj = com.kms.katalon.core.testobject.ObjectRepository.findTestObject(Object Repository/F5140-Add Zone Functionalities/QA-US88570-Add Zone/US38196-Save a New Zone/Delete Zone/deleteYesButton): Finding Test Object with id 'Object Repository/F5140-Add Zone Functionalities/QA-US88570-Add Zone/US38196-Save a New Zone/Delete Zone/deleteYesButton'

2018-11-20 12:57:07 - [TEST_STEP][PASSED] - com.ge.tms.commonactions.RailroadActions.clickOnTestObject: com.ge.tms.commonactions.RailroadActions.clickOnTestObject is PASSED

2018-11-20 12:57:07 - [MESSAGE][PASSED] - Send request successfully

2018-11-20 12:57:07 - [MESSAGE][PASSED] - Send request successfully

2018-11-20 12:57:07 - [MESSAGE][PASSED] - Send request successfully

2018-11-20 12:57:07 - [MESSAGE][PASSED] - Send request successfully

2018-11-20 12:57:07 - [MESSAGE][PASSED] - Object: 'Object Repository/F5140-Add Zone Functionalities/QA-US88570-Add Zone/US38196-Save a New Zone/Delete Zone/deleteYesButton' is clicked on

2018-11-20 12:57:07 - [MESSAGE][PASSED] - com.ge.tms.commonactions.RailroadActions.clickOnTestObject is PASSED

2018-11-20 12:57:07 - [TEST_STEP][PASSED] - delay: Delayed 1 second(s)

2018-11-20 12:57:08 - [MESSAGE][PASSED] - Delayed 1 second(s)

2018-11-20 12:57:08 - [TEST_STEP][PASSED] - com.ge.tms.railroad.RailroadVerification.verifyViewStationIdAfterZoneDeletion: com.ge.tms.railroad.RailroadVerification.verifyViewStationIdAfterZoneDeletion is PASSED

2018-11-20 12:57:08 - [MESSAGE][PASSED] - Send request successfully

2018-11-20 12:57:08 - [MESSAGE][PASSED] - Send request successfully

2018-11-20 12:57:08 - [MESSAGE][PASSED] - Send request successfully

2018-11-20 12:57:08 - [MESSAGE][PASSED] - Send request successfully

2018-11-20 12:57:08 - [MESSAGE][PASSED] - Send request successfully

2018-11-20 12:57:08 - [MESSAGE][PASSED] - Send request successfully

2018-11-20 12:57:08 - [MESSAGE][PASSED] - Send request successfully

2018-11-20 12:57:08 - [MESSAGE][PASSED] - Send request successfully

2018-11-20 12:57:08 - [MESSAGE][PASSED] - Text of object 'Object Repository/F11822-Configure and Manage Stations/QA-US87586-View Stations/US84086-View Station Details/View Stations/div_StationCode' is: 'BWDFE6Q'

2018-11-20 12:57:08 - [MESSAGE][PASSED] - Actual object 'BWDFE6Q' and expected object 'BWDFE6Q' are equal

2018-11-20 12:57:08 - [MESSAGE][PASSED] - com.ge.tms.railroad.RailroadVerification.verifyViewStationIdAfterZoneDeletion is PASSED

2018-11-20 12:57:08 - [TEST_STEP][PASSED] - com.ge.tms.commonactions.RailroadActions.clickOnStationActionMenu: com.ge.tms.commonactions.RailroadActions.clickOnStationActionMenu is PASSED

2018-11-20 12:57:08 - [MESSAGE][PASSED] - Send request successfully

2018-11-20 12:57:08 - [MESSAGE][PASSED] - Send request successfully

2018-11-20 12:57:08 - [MESSAGE][PASSED] - Send request successfully

2018-11-20 12:57:08 - [MESSAGE][PASSED] - Send request successfully

2018-11-20 12:57:08 - [MESSAGE][PASSED] - Execute JavaScript 'document.querySelector('#station-actions-dropdown').shadowRoot.querySelector('#trigger').click()' successfully

2018-11-20 12:57:09 - [MESSAGE][PASSED] - Delayed 1 second(s)

2018-11-20 12:57:09 - [MESSAGE][PASSED] - com.ge.tms.commonactions.RailroadActions.clickOnStationActionMenu is PASSED

2018-11-20 12:57:09 - [TEST_STEP][PASSED] - com.ge.tms.commonactions.RailroadActions.clickOnDeleteStationButton: com.ge.tms.commonactions.RailroadActions.clickOnDeleteStationButton is PASSED

2018-11-20 12:57:09 - [MESSAGE][PASSED] - Send request successfully

2018-11-20 12:57:09 - [MESSAGE][PASSED] - Send request successfully

2018-11-20 12:57:09 - [MESSAGE][PASSED] - Send request successfully

2018-11-20 12:57:09 - [MESSAGE][PASSED] - Send request successfully

2018-11-20 12:57:09 - [MESSAGE][PASSED] - Execute JavaScript 'document.querySelector('#station-actions-dropdown').shadowRoot.querySelector('#content').shadowRoot.querySelector('#selector > div:nth-child(2)').click()' successfully

2018-11-20 12:57:09 - [MESSAGE][PASSED] - com.ge.tms.commonactions.RailroadActions.clickOnDeleteStationButton is PASSED

2018-11-20 12:57:09 - [TEST_STEP][PASSED] - Statement - deleteYesButtonObj = com.kms.katalon.core.testobject.ObjectRepository.findTestObject(Object Repository/F11822-Configure and Manage Stations/deleteConfirmationYesButton): Finding Test Object with id 'Object Repository/F11822-Configure and Manage Stations/deleteConfirmationYesButton'

2018-11-20 12:57:09 - [TEST_STEP][PASSED] - com.ge.tms.commonactions.RailroadActions.clickOnTestObject: com.ge.tms.commonactions.RailroadActions.clickOnTestObject is PASSED

2018-11-20 12:57:09 - [MESSAGE][PASSED] - Send request successfully

2018-11-20 12:57:09 - [MESSAGE][PASSED] - Send request successfully

2018-11-20 12:57:09 - [MESSAGE][PASSED] - Send request successfully

2018-11-20 12:57:09 - [MESSAGE][PASSED] - Send request successfully

2018-11-20 12:57:09 - [MESSAGE][PASSED] - Object: 'Object Repository/F11822-Configure and Manage Stations/deleteConfirmationYesButton' is clicked on

2018-11-20 12:57:09 - [MESSAGE][PASSED] - com.ge.tms.commonactions.RailroadActions.clickOnTestObject is PASSED

2018-11-20 12:57:09 - [TEST_STEP][PASSED] - delay: Delayed 1 second(s)

2018-11-20 12:57:10 - [MESSAGE][PASSED] - Delayed 1 second(s)

2018-11-20 12:57:10 - [TEST_STEP][PASSED] - com.ge.tms.railroad.RailroadVerification.verifyDeletedItemNotPresentInSearchView: com.ge.tms.railroad.RailroadVerification.verifyDeletedItemNotPresentInSearchView is PASSED

2018-11-20 12:57:10 - [MESSAGE][PASSED] - Send request successfully

2018-11-20 12:57:10 - [MESSAGE][PASSED] - Send request successfully

2018-11-20 12:57:10 - [MESSAGE][PASSED] - Send request successfully

2018-11-20 12:57:10 - [MESSAGE][PASSED] - Send request successfully

2018-11-20 12:57:10 - [MESSAGE][PASSED] - Send request successfully

2018-11-20 12:57:10 - [MESSAGE][PASSED] - Send request successfully

2018-11-20 12:57:10 - [MESSAGE][PASSED] - Send request successfully

2018-11-20 12:57:10 - [MESSAGE][PASSED] - Send request successfully

2018-11-20 12:57:11 - [MESSAGE][PASSED] - Text 'BWDFE6Q' is set on object 'Object Repository/CommonObjects/searchTextBoxLeftNav'

2018-11-20 12:57:13 - [MESSAGE][PASSED] - Delayed 2 second(s)

2018-11-20 12:57:13 - [MESSAGE][PASSED] - Text of object 'Object Repository/CommonObjects/noSearchResultMessageLeftNav' is: 'No stations or zones found.'

2018-11-20 12:57:13 - [MESSAGE][PASSED] - Actual object 'No stations or zones found.' and expected object 'No stations or zones found.' are equal

2018-11-20 12:57:13 - [MESSAGE][PASSED] - com.ge.tms.railroad.RailroadVerification.verifyDeletedItemNotPresentInSearchView is PASSED

2018-11-20 12:57:13 - [TEST_STEP][PASSED] - Start listener action : closeBrowserForTestCasse: Navigate to 'http://localhost:8080/home' successfully

2018-11-20 12:57:13 - [TEST_STEP][PASSED] - Statement - If (isTestSuitEnable == true): null

2018-11-20 12:57:13 - [TEST_STEP][PASSED] - Statement - beforeTestCaseExecute(): null

2018-11-20 12:57:13 - [TEST_STEP][PASSED] - Statement - If (isTestSuitEnable == true): Navigate to 'http://localhost:8080/home' successfully

2018-11-20 12:57:13 - [TEST_STEP][PASSED] - navigateToUrl: Navigate to 'http://localhost:8080/home' successfully

2018-11-20 12:57:14 - [MESSAGE][PASSED] - Navigate to 'http://localhost:8080/home' successfully

2018-11-20 12:57:14 - [TEST_STEP][PASSED] - Start listener action : afterTestCase: Invoke 'com.kms.katalon.core.annotation.AfterTestCase' method: 'TmsTestListner.afterTestCase(...)' completed.

2018-11-20 12:57:14 - [TEST_STEP][PASSED] - Statement - If (java.lang.System.getProperties().containsKey("updateRally")): Invoke 'com.kms.katalon.core.annotation.AfterTestCase' method: 'TmsTestListner.afterTestCase(...)' completed.]]></system-out>
         <system-err><![CDATA[]]></system-err>
      </testcase>
      <testcase name="Test Cases/Railroad/F5362 - Configure and manage track/QA - US92237/US39513 - Add track from zone/TC65769 - Add track from zone - validations" classname="Test Cases/Railroad/F5362 - Configure and manage track/QA - US92237/US39513 - Add track from zone/TC65769 - Add track from zone - validations" status="PASSED">
         <system-out><![CDATA[2018-11-20 12:57:14 - [TEST_CASE][PASSED] - Test Cases/Railroad/F5362 - Configure and manage track/QA - US92237/US39513 - Add track from zone/TC65769 - Add track from zone - validations: Test Cases/Railroad/F5362 - Configure and manage track/QA - US92237/US39513 - Add track from zone/TC65769 - Add track from zone - validations

2018-11-20 12:57:14 - [TEST_STEP][PASSED] - Start listener action : beforeTestCaseExecute: Navigate to 'http://localhost:8080/home' successfully

2018-11-20 12:57:14 - [TEST_STEP][PASSED] - Statement - If (isTestSuitEnable == true): Navigate to 'http://localhost:8080/home' successfully

2018-11-20 12:57:14 - [TEST_STEP][PASSED] - navigateToUrl: Navigate to 'http://localhost:8080/home' successfully

2018-11-20 12:57:14 - [MESSAGE][PASSED] - Navigate to 'http://localhost:8080/home' successfully

2018-11-20 12:57:15 - [TEST_STEP][PASSED] - Statement - util = new com.ge.tms.util.CommonUtilities(): Send request successfully

2018-11-20 12:57:15 - [MESSAGE][PASSED] - Send request successfully

2018-11-20 12:57:15 - [MESSAGE][PASSED] - Send request successfully

2018-11-20 12:57:15 - [MESSAGE][PASSED] - Send request successfully

2018-11-20 12:57:15 - [MESSAGE][PASSED] - Send request successfully

2018-11-20 12:57:15 - [TEST_STEP][PASSED] - Statement - actions = new com.ge.tms.commonactions.RailroadActions(): Send request successfully

2018-11-20 12:57:15 - [MESSAGE][PASSED] - Send request successfully

2018-11-20 12:57:15 - [MESSAGE][PASSED] - Send request successfully

2018-11-20 12:57:15 - [MESSAGE][PASSED] - Send request successfully

2018-11-20 12:57:15 - [MESSAGE][PASSED] - Send request successfully

2018-11-20 12:57:15 - [TEST_STEP][PASSED] - com.ge.tms.commonactions.CommonClickEvents.clickOnRailroadSetup: com.ge.tms.commonactions.CommonClickEvents.clickOnRailroadSetup is PASSED

2018-11-20 12:57:15 - [MESSAGE][PASSED] - Execute JavaScript 'document.querySelector('px-app-nav').shadowRoot.querySelector('#items > px-app-nav-group:nth-child(13) > px-app-nav-subitem:nth-child(1)').click()' successfully

2018-11-20 12:57:17 - [MESSAGE][PASSED] - Delayed 2 second(s)

2018-11-20 12:57:17 - [MESSAGE][PASSED] - com.ge.tms.commonactions.CommonClickEvents.clickOnRailroadSetup is PASSED

2018-11-20 12:57:17 - [TEST_STEP][PASSED] - com.ge.tms.commonactions.RailroadActions.clickOnSelectRailroadDropdown: com.ge.tms.commonactions.RailroadActions.clickOnSelectRailroadDropdown is PASSED

2018-11-20 12:57:17 - [MESSAGE][PASSED] - Send request successfully

2018-11-20 12:57:17 - [MESSAGE][PASSED] - Send request successfully

2018-11-20 12:57:17 - [MESSAGE][PASSED] - Send request successfully

2018-11-20 12:57:17 - [MESSAGE][PASSED] - Send request successfully

2018-11-20 12:57:17 - [MESSAGE][PASSED] - Execute JavaScript 'document.querySelector('#railroads-select-dropdown').shadowRoot.querySelector('#trigger').click()' successfully

2018-11-20 12:57:20 - [MESSAGE][PASSED] - Delayed 3 second(s)

2018-11-20 12:57:20 - [MESSAGE][PASSED] - com.ge.tms.commonactions.RailroadActions.clickOnSelectRailroadDropdown is PASSED

2018-11-20 12:57:20 - [TEST_STEP][PASSED] - com.ge.tms.commonactions.RailroadActions.selectRandomRailRoad: com.ge.tms.commonactions.RailroadActions.selectRandomRailRoad is PASSED

2018-11-20 12:57:20 - [MESSAGE][PASSED] - Send request successfully

2018-11-20 12:57:20 - [MESSAGE][PASSED] - Send request successfully

2018-11-20 12:57:20 - [MESSAGE][PASSED] - Send request successfully

2018-11-20 12:57:20 - [MESSAGE][PASSED] - Send request successfully

2018-11-20 12:57:20 - [MESSAGE][PASSED] - Execute JavaScript 'let railRoadList=[]; document.querySelector('#railroads-select-dropdown').shadowRoot.querySelector('#content').shadowRoot.querySelectorAll('#selector > div.dropdown-option').forEach(node => { railRoadList.push(node.getAttribute('title')) }); return railRoadList' successfully

2018-11-20 12:57:20 - [MESSAGE][PASSED] - Execute JavaScript 'return document.querySelector('#railroads-select-dropdown').shadowRoot.querySelector('#content').shadowRoot.querySelector('#selector > div:nth-child(1) span').innerHTML' successfully

2018-11-20 12:57:20 - [MESSAGE][PASSED] - Execute JavaScript 'return document.querySelector('#railroads-select-dropdown').shadowRoot.querySelector('#content').shadowRoot.querySelector('#selector > div:nth-child(1) span').click()' successfully

2018-11-20 12:57:20 - [MESSAGE][PASSED] - com.ge.tms.commonactions.RailroadActions.selectRandomRailRoad is PASSED

2018-11-20 12:57:20 - [TEST_STEP][PASSED] - delay: Delayed 2 second(s)

2018-11-20 12:57:22 - [MESSAGE][PASSED] - Delayed 2 second(s)

2018-11-20 12:57:22 - [TEST_STEP][PASSED] - Statement - setStationId = <not implemented yet for class: org.codehaus.groovy.ast.expr.EmptyExpression>: null

2018-11-20 12:57:22 - [TEST_STEP][PASSED] - Statement - actions.addStationMandatotyFields(setStationId): Delayed 3 second(s)

2018-11-20 12:57:22 - [MESSAGE][PASSED] - Object: 'Object Repository/F11822-Configure and Manage Stations/Add_New_Station_Button' is clicked on

2018-11-20 12:57:22 - [MESSAGE][PASSED] - Text 'DCMYHRS' is set on object 'Object Repository/F11822-Configure and Manage Stations/station_id'

2018-11-20 12:57:23 - [MESSAGE][PASSED] - Text 'LRTHFIF' is set on object 'Object Repository/F11822-Configure and Manage Stations/station_name'

2018-11-20 12:57:23 - [MESSAGE][PASSED] - Execute JavaScript 'document.querySelector('#splc').shadowRoot.querySelector('#trigger').shadowRoot.querySelector('#trigger').click()' successfully

2018-11-20 12:57:23 - [MESSAGE][PASSED] - Execute JavaScript 'return document.querySelector('#splc').shadowRoot.querySelector('px-overlay-content > #content').shadowRoot.querySelectorAll('#dropdown > div > #selector > div').length' successfully

2018-11-20 12:57:23 - [MESSAGE][PASSED] - Execute JavaScript 'document.querySelector('#splc').shadowRoot.querySelector('px-overlay-content > #content').shadowRoot.querySelector('#dropdown > div > #selector > div:nth-child(1)').click()' successfully

2018-11-20 12:57:23 - [MESSAGE][PASSED] - Execute JavaScript 'return document.querySelector('#fsac').shadowRoot.querySelector('px-overlay-content > #content').shadowRoot.querySelectorAll('#dropdown > div > #selector > div').length' successfully

2018-11-20 12:57:23 - [MESSAGE][PASSED] - Execute JavaScript 'document.querySelector('#fsac').shadowRoot.querySelector('px-overlay-content > #content').shadowRoot.querySelector('#dropdown > div > #selector > div:nth-child(1)').click()' successfully

2018-11-20 12:57:23 - [MESSAGE][PASSED] - Execute JavaScript 'return document.querySelector('#station-timezone-qualifier').shadowRoot.querySelector('px-overlay-content > #content').shadowRoot.querySelectorAll('#dropdown > div > #selector > div').length' successfully

2018-11-20 12:57:23 - [MESSAGE][PASSED] - Execute JavaScript 'document.querySelector('#station-timezone-qualifier').shadowRoot.querySelector('px-overlay-content > #content').shadowRoot.querySelector('#dropdown > div > #selector > div:nth-child(6)').click()' successfully

2018-11-20 12:57:23 - [MESSAGE][PASSED] - Execute JavaScript 'return document.querySelector('#country').shadowRoot.querySelector('px-overlay-content > #content').shadowRoot.querySelectorAll('#dropdown > div > #selector > div').length' successfully

2018-11-20 12:57:23 - [MESSAGE][PASSED] - Execute JavaScript 'document.querySelector('#country').shadowRoot.querySelector('px-overlay-content > #content').shadowRoot.querySelector('#dropdown > div > #selector > div:nth-child(1)').click()' successfully

2018-11-20 12:57:23 - [MESSAGE][PASSED] - Execute JavaScript 'return document.querySelector('#state').shadowRoot.querySelector('px-overlay-content > #content').shadowRoot.querySelectorAll('#dropdown > div > #selector > div').length' successfully

2018-11-20 12:57:23 - [MESSAGE][PASSED] - Execute JavaScript 'document.querySelector('#state').shadowRoot.querySelector('px-overlay-content > #content').shadowRoot.querySelector('#dropdown > div > #selector > div:nth-child(24)').click()' successfully

2018-11-20 12:57:23 - [MESSAGE][PASSED] - Object: 'Object Repository/F11822-Configure and Manage Stations/station_save_button' is clicked on

2018-11-20 12:57:26 - [MESSAGE][PASSED] - Delayed 3 second(s)

2018-11-20 12:57:26 - [TEST_STEP][PASSED] - delay: Delayed 2 second(s)

2018-11-20 12:57:28 - [MESSAGE][PASSED] - Delayed 2 second(s)

2018-11-20 12:57:28 - [TEST_STEP][PASSED] - Statement - setZoneId = <not implemented yet for class: org.codehaus.groovy.ast.expr.EmptyExpression>: null

2018-11-20 12:57:28 - [TEST_STEP][PASSED] - Statement - actions.addZone(setZoneId): Execute JavaScript 'document.querySelector('#zone-type').shadowRoot.querySelector('#content').shadowRoot.querySelector('#selector > div:nth-child(1)').click()' successfully

2018-11-20 12:57:28 - [MESSAGE][PASSED] - Object: 'Object Repository/F5140-Add Zone Functionalities/QA-US88570-Add Zone/US38196-Save a New Zone/Add Edit Zone/addNewZoneButton' is clicked on

2018-11-20 12:57:31 - [MESSAGE][PASSED] - Delayed 3 second(s)

2018-11-20 12:57:31 - [MESSAGE][PASSED] - Text 'SHWJK' is set on object 'Object Repository/F5140-Add Zone Functionalities/QA-US88570-Add Zone/US38196-Save a New Zone/Add Edit Zone/zoneID'

2018-11-20 12:57:31 - [MESSAGE][PASSED] - Text 'GEAW1MK' is set on object 'Object Repository/F5140-Add Zone Functionalities/QA-US88570-Add Zone/US38196-Save a New Zone/Add Edit Zone/zoneName'

2018-11-20 12:57:31 - [MESSAGE][PASSED] - Execute JavaScript 'document.querySelector('#zone-type').shadowRoot.querySelector('#trigger').click()' successfully

2018-11-20 12:57:31 - [MESSAGE][PASSED] - Execute JavaScript 'return document.querySelector('#zone-type').shadowRoot.querySelector('#content').shadowRoot.querySelectorAll('#selector > div').length' successfully

2018-11-20 12:57:31 - [MESSAGE][PASSED] - Execute JavaScript 'document.querySelector('#zone-type').shadowRoot.querySelector('#content').shadowRoot.querySelector('#selector > div:nth-child(1)').click()' successfully

2018-11-20 12:57:31 - [TEST_STEP][PASSED] - com.ge.tms.commonactions.RailroadActions.clickOnZoneSaveButton: com.ge.tms.commonactions.RailroadActions.clickOnZoneSaveButton is PASSED

2018-11-20 12:57:31 - [MESSAGE][PASSED] - Send request successfully

2018-11-20 12:57:31 - [MESSAGE][PASSED] - Send request successfully

2018-11-20 12:57:31 - [MESSAGE][PASSED] - Send request successfully

2018-11-20 12:57:31 - [MESSAGE][PASSED] - Send request successfully

2018-11-20 12:57:31 - [MESSAGE][PASSED] - Object: 'Object Repository/F5140-Add Zone Functionalities/QA-US88570-Add Zone/US38196-Save a New Zone/Add Edit Zone/zoneSaveButton' is clicked on

2018-11-20 12:57:34 - [MESSAGE][PASSED] - Delayed 3 second(s)

2018-11-20 12:57:34 - [MESSAGE][PASSED] - com.ge.tms.commonactions.RailroadActions.clickOnZoneSaveButton is PASSED

2018-11-20 12:57:34 - [TEST_STEP][PASSED] - Statement - actions.clickOnAddNewTrackButton(): Delayed 1 second(s)

2018-11-20 12:57:35 - [MESSAGE][PASSED] - Object: 'Object Repository/F5362 - Configure and Manage Track/AddTrackButton' is clicked on

2018-11-20 12:57:36 - [MESSAGE][PASSED] - Delayed 1 second(s)

2018-11-20 12:57:36 - [TEST_STEP][PASSED] - com.ge.tms.railroad.RailroadVerification.verifyTrackErrorMessages: com.ge.tms.railroad.RailroadVerification.verifyTrackErrorMessages is PASSED

2018-11-20 12:57:36 - [MESSAGE][PASSED] - Send request successfully

2018-11-20 12:57:36 - [MESSAGE][PASSED] - Send request successfully

2018-11-20 12:57:36 - [MESSAGE][PASSED] - Send request successfully

2018-11-20 12:57:36 - [MESSAGE][PASSED] - Send request successfully

2018-11-20 12:57:36 - [MESSAGE][PASSED] - Send request successfully

2018-11-20 12:57:36 - [MESSAGE][PASSED] - Send request successfully

2018-11-20 12:57:36 - [MESSAGE][PASSED] - Send request successfully

2018-11-20 12:57:36 - [MESSAGE][PASSED] - Send request successfully

2018-11-20 12:57:36 - [MESSAGE][PASSED] - Object: 'Object Repository/F5362 - Configure and Manage Track/Track_id_input' is clicked on

2018-11-20 12:57:36 - [MESSAGE][PASSED] - Keys '	' sent to object: 'Object Repository/F5362 - Configure and Manage Track/Track_id_input'

2018-11-20 12:57:36 - [MESSAGE][PASSED] - Text of object 'Object Repository/F5362 - Configure and Manage Track/Track_Id_Error_Message' is: 'TRACK ID CANNOT BE EMPTY'

2018-11-20 12:57:36 - [MESSAGE][PASSED] - Actual object 'TRACK ID CANNOT BE EMPTY' and expected object 'TRACK ID CANNOT BE EMPTY' are equal

2018-11-20 12:57:36 - [MESSAGE][PASSED] - Attribute 'class' of object 'Object Repository/F5362 - Configure and Manage Track/SaveTrackButton' is: 'btn btn--disabled btn--call-to-action float--right'

2018-11-20 12:57:36 - [MESSAGE][PASSED] - Actual object 'true' and expected object 'true' are equal

2018-11-20 12:57:36 - [MESSAGE][PASSED] - Text 'A*@T&!' is set on object 'Object Repository/F5362 - Configure and Manage Track/Track_id_input'

2018-11-20 12:57:36 - [MESSAGE][PASSED] - Text of object 'Object Repository/F5362 - Configure and Manage Track/Track_Id_Error_Message' is: 'ALPHANUMERIC ONLY'

2018-11-20 12:57:36 - [MESSAGE][PASSED] - Actual object 'ALPHANUMERIC ONLY' and expected object 'ALPHANUMERIC ONLY' are equal

2018-11-20 12:57:36 - [MESSAGE][PASSED] - Attribute 'class' of object 'Object Repository/F5362 - Configure and Manage Track/SaveTrackButton' is: 'btn btn--disabled btn--call-to-action float--right'

2018-11-20 12:57:36 - [MESSAGE][PASSED] - Actual object 'true' and expected object 'true' are equal

2018-11-20 12:57:36 - [MESSAGE][PASSED] - Text of object 'Object Repository/F5362 - Configure and Manage Track/Track_Length_input' is cleared

2018-11-20 12:57:36 - [MESSAGE][PASSED] - Keys '	' sent to object: 'Object Repository/F5362 - Configure and Manage Track/Track_Length_input'

2018-11-20 12:57:36 - [MESSAGE][PASSED] - Text of object 'Object Repository/F5362 - Configure and Manage Track/Track_Length_Error_message' is: 'TRACK LENGTH CANNOT BE EMPTY'

2018-11-20 12:57:36 - [MESSAGE][PASSED] - Actual object 'TRACK LENGTH CANNOT BE EMPTY' and expected object 'TRACK LENGTH CANNOT BE EMPTY' are equal

2018-11-20 12:57:36 - [MESSAGE][PASSED] - Attribute 'class' of object 'Object Repository/F5362 - Configure and Manage Track/SaveTrackButton' is: 'btn btn--disabled btn--call-to-action float--right'

2018-11-20 12:57:36 - [MESSAGE][PASSED] - Actual object 'true' and expected object 'true' are equal

2018-11-20 12:57:36 - [MESSAGE][PASSED] - Object: 'Object Repository/F5362 - Configure and Manage Track/Track_Description_input' is clicked on

2018-11-20 12:57:36 - [MESSAGE][PASSED] - Keys '	' sent to object: 'Object Repository/F5362 - Configure and Manage Track/Track_Description_input'

2018-11-20 12:57:36 - [MESSAGE][PASSED] - Text of object 'Object Repository/F5362 - Configure and Manage Track/Track_Desc_Error_Message' is: 'TRACK DESCRIPTION CANNOT BE EMPTY'

2018-11-20 12:57:36 - [MESSAGE][PASSED] - Actual object 'TRACK DESCRIPTION CANNOT BE EMPTY' and expected object 'TRACK DESCRIPTION CANNOT BE EMPTY' are equal

2018-11-20 12:57:36 - [MESSAGE][PASSED] - Attribute 'class' of object 'Object Repository/F5362 - Configure and Manage Track/SaveTrackButton' is: 'btn btn--disabled btn--call-to-action float--right'

2018-11-20 12:57:36 - [MESSAGE][PASSED] - Actual object 'true' and expected object 'true' are equal

2018-11-20 12:57:36 - [MESSAGE][PASSED] - Execute JavaScript 'return document.querySelector('#trackType').shadowRoot.querySelector('px-overlay-content > #content').shadowRoot.querySelectorAll('#dropdown > div > #selector > div').length' successfully

2018-11-20 12:57:36 - [MESSAGE][PASSED] - Execute JavaScript 'document.querySelector('#trackType').shadowRoot.querySelector('px-overlay-content > #content').shadowRoot.querySelector('#dropdown > div > #selector > div:nth-child(1)').click()' successfully

2018-11-20 12:57:36 - [MESSAGE][PASSED] - Execute JavaScript 'document.querySelector('#trackType').shadowRoot.querySelector('#trigger').shadowRoot.querySelector('#trigger').click()' successfully

2018-11-20 12:57:36 - [MESSAGE][PASSED] - Execute JavaScript 'document.querySelector('#trackType').shadowRoot.querySelector('#trigger').shadowRoot.querySelector('px-icon').click()' successfully

2018-11-20 12:57:36 - [MESSAGE][PASSED] - Text of object 'Object Repository/F5362 - Configure and Manage Track/Track_Type_Error_Message' is: 'TRACK TYPE CANNOT BE EMPTY'

2018-11-20 12:57:36 - [MESSAGE][PASSED] - Actual object 'TRACK TYPE CANNOT BE EMPTY' and expected object 'TRACK TYPE CANNOT BE EMPTY' are equal

2018-11-20 12:57:36 - [MESSAGE][PASSED] - Attribute 'class' of object 'Object Repository/F5362 - Configure and Manage Track/SaveTrackButton' is: 'btn btn--disabled btn--call-to-action float--right'

2018-11-20 12:57:36 - [MESSAGE][PASSED] - Actual object 'true' and expected object 'true' are equal

2018-11-20 12:57:36 - [MESSAGE][PASSED] - com.ge.tms.railroad.RailroadVerification.verifyTrackErrorMessages is PASSED

2018-11-20 12:57:36 - [TEST_STEP][PASSED] - Statement - actions.clickCancelTrack(): Object: 'Object Repository/F5362 - Configure and Manage Track/CancelTrackButton' is clicked on

2018-11-20 12:57:36 - [MESSAGE][PASSED] - Object: 'Object Repository/F5362 - Configure and Manage Track/CancelTrackButton' is clicked on

2018-11-20 12:57:36 - [TEST_STEP][PASSED] - delay: Delayed 1 second(s)

2018-11-20 12:57:37 - [MESSAGE][PASSED] - Delayed 1 second(s)

2018-11-20 12:57:37 - [TEST_STEP][PASSED] - com.ge.tms.commonactions.RailroadActions.clickOnZoneActionMenu: com.ge.tms.commonactions.RailroadActions.clickOnZoneActionMenu is PASSED

2018-11-20 12:57:37 - [MESSAGE][PASSED] - Send request successfully

2018-11-20 12:57:37 - [MESSAGE][PASSED] - Send request successfully

2018-11-20 12:57:37 - [MESSAGE][PASSED] - Send request successfully

2018-11-20 12:57:37 - [MESSAGE][PASSED] - Send request successfully

2018-11-20 12:57:37 - [MESSAGE][PASSED] - Execute JavaScript 'document.querySelector('#zone-actions-dropdown').shadowRoot.querySelector('#trigger').click()' successfully

2018-11-20 12:57:38 - [MESSAGE][PASSED] - Delayed 1 second(s)

2018-11-20 12:57:38 - [MESSAGE][PASSED] - com.ge.tms.commonactions.RailroadActions.clickOnZoneActionMenu is PASSED

2018-11-20 12:57:38 - [TEST_STEP][PASSED] - com.ge.tms.commonactions.RailroadActions.clickOnDeleteAction: com.ge.tms.commonactions.RailroadActions.clickOnDeleteAction is PASSED

2018-11-20 12:57:38 - [MESSAGE][PASSED] - Send request successfully

2018-11-20 12:57:38 - [MESSAGE][PASSED] - Send request successfully

2018-11-20 12:57:39 - [MESSAGE][PASSED] - Send request successfully

2018-11-20 12:57:39 - [MESSAGE][PASSED] - Send request successfully

2018-11-20 12:57:39 - [MESSAGE][PASSED] - Execute JavaScript 'document.querySelector('#zone-actions-dropdown').shadowRoot.querySelector('#content').shadowRoot.querySelector('#selector > div:nth-child(2)').click()' successfully

2018-11-20 12:57:39 - [MESSAGE][PASSED] - com.ge.tms.commonactions.RailroadActions.clickOnDeleteAction is PASSED

2018-11-20 12:57:39 - [TEST_STEP][PASSED] - delay: Delayed 1 second(s)

2018-11-20 12:57:40 - [MESSAGE][PASSED] - Delayed 1 second(s)

2018-11-20 12:57:40 - [TEST_STEP][PASSED] - Statement - deleteYesButtonObj = com.kms.katalon.core.testobject.ObjectRepository.findTestObject(Object Repository/F5140-Add Zone Functionalities/QA-US88570-Add Zone/US38196-Save a New Zone/Delete Zone/deleteYesButton): Finding Test Object with id 'Object Repository/F5140-Add Zone Functionalities/QA-US88570-Add Zone/US38196-Save a New Zone/Delete Zone/deleteYesButton'

2018-11-20 12:57:40 - [TEST_STEP][PASSED] - com.ge.tms.commonactions.RailroadActions.clickOnTestObject: com.ge.tms.commonactions.RailroadActions.clickOnTestObject is PASSED

2018-11-20 12:57:40 - [MESSAGE][PASSED] - Send request successfully

2018-11-20 12:57:40 - [MESSAGE][PASSED] - Send request successfully

2018-11-20 12:57:40 - [MESSAGE][PASSED] - Send request successfully

2018-11-20 12:57:40 - [MESSAGE][PASSED] - Send request successfully

2018-11-20 12:57:40 - [MESSAGE][PASSED] - Object: 'Object Repository/F5140-Add Zone Functionalities/QA-US88570-Add Zone/US38196-Save a New Zone/Delete Zone/deleteYesButton' is clicked on

2018-11-20 12:57:40 - [MESSAGE][PASSED] - com.ge.tms.commonactions.RailroadActions.clickOnTestObject is PASSED

2018-11-20 12:57:40 - [TEST_STEP][PASSED] - delay: Delayed 1 second(s)

2018-11-20 12:57:41 - [MESSAGE][PASSED] - Delayed 1 second(s)

2018-11-20 12:57:41 - [TEST_STEP][PASSED] - com.ge.tms.railroad.RailroadVerification.verifyViewStationIdAfterZoneDeletion: com.ge.tms.railroad.RailroadVerification.verifyViewStationIdAfterZoneDeletion is PASSED

2018-11-20 12:57:41 - [MESSAGE][PASSED] - Send request successfully

2018-11-20 12:57:41 - [MESSAGE][PASSED] - Send request successfully

2018-11-20 12:57:41 - [MESSAGE][PASSED] - Send request successfully

2018-11-20 12:57:41 - [MESSAGE][PASSED] - Send request successfully

2018-11-20 12:57:41 - [MESSAGE][PASSED] - Send request successfully

2018-11-20 12:57:41 - [MESSAGE][PASSED] - Send request successfully

2018-11-20 12:57:41 - [MESSAGE][PASSED] - Send request successfully

2018-11-20 12:57:41 - [MESSAGE][PASSED] - Send request successfully

2018-11-20 12:57:41 - [MESSAGE][PASSED] - Text of object 'Object Repository/F11822-Configure and Manage Stations/QA-US87586-View Stations/US84086-View Station Details/View Stations/div_StationCode' is: 'DCMYHRS'

2018-11-20 12:57:41 - [MESSAGE][PASSED] - Actual object 'DCMYHRS' and expected object 'DCMYHRS' are equal

2018-11-20 12:57:41 - [MESSAGE][PASSED] - com.ge.tms.railroad.RailroadVerification.verifyViewStationIdAfterZoneDeletion is PASSED

2018-11-20 12:57:41 - [TEST_STEP][PASSED] - com.ge.tms.commonactions.RailroadActions.clickOnStationActionMenu: com.ge.tms.commonactions.RailroadActions.clickOnStationActionMenu is PASSED

2018-11-20 12:57:41 - [MESSAGE][PASSED] - Send request successfully

2018-11-20 12:57:41 - [MESSAGE][PASSED] - Send request successfully

2018-11-20 12:57:41 - [MESSAGE][PASSED] - Send request successfully

2018-11-20 12:57:41 - [MESSAGE][PASSED] - Send request successfully

2018-11-20 12:57:41 - [MESSAGE][PASSED] - Execute JavaScript 'document.querySelector('#station-actions-dropdown').shadowRoot.querySelector('#trigger').click()' successfully

2018-11-20 12:57:42 - [MESSAGE][PASSED] - Delayed 1 second(s)

2018-11-20 12:57:42 - [MESSAGE][PASSED] - com.ge.tms.commonactions.RailroadActions.clickOnStationActionMenu is PASSED

2018-11-20 12:57:42 - [TEST_STEP][PASSED] - com.ge.tms.commonactions.RailroadActions.clickOnDeleteStationButton: com.ge.tms.commonactions.RailroadActions.clickOnDeleteStationButton is PASSED

2018-11-20 12:57:42 - [MESSAGE][PASSED] - Send request successfully

2018-11-20 12:57:42 - [MESSAGE][PASSED] - Send request successfully

2018-11-20 12:57:42 - [MESSAGE][PASSED] - Send request successfully

2018-11-20 12:57:42 - [MESSAGE][PASSED] - Send request successfully

2018-11-20 12:57:42 - [MESSAGE][PASSED] - Execute JavaScript 'document.querySelector('#station-actions-dropdown').shadowRoot.querySelector('#content').shadowRoot.querySelector('#selector > div:nth-child(2)').click()' successfully

2018-11-20 12:57:42 - [MESSAGE][PASSED] - com.ge.tms.commonactions.RailroadActions.clickOnDeleteStationButton is PASSED

2018-11-20 12:57:42 - [TEST_STEP][PASSED] - Statement - deleteYesButtonObj = com.kms.katalon.core.testobject.ObjectRepository.findTestObject(Object Repository/F11822-Configure and Manage Stations/deleteConfirmationYesButton): Finding Test Object with id 'Object Repository/F11822-Configure and Manage Stations/deleteConfirmationYesButton'

2018-11-20 12:57:42 - [TEST_STEP][PASSED] - com.ge.tms.commonactions.RailroadActions.clickOnTestObject: com.ge.tms.commonactions.RailroadActions.clickOnTestObject is PASSED

2018-11-20 12:57:42 - [MESSAGE][PASSED] - Send request successfully

2018-11-20 12:57:42 - [MESSAGE][PASSED] - Send request successfully

2018-11-20 12:57:42 - [MESSAGE][PASSED] - Send request successfully

2018-11-20 12:57:42 - [MESSAGE][PASSED] - Send request successfully

2018-11-20 12:57:42 - [MESSAGE][PASSED] - Object: 'Object Repository/F11822-Configure and Manage Stations/deleteConfirmationYesButton' is clicked on

2018-11-20 12:57:42 - [MESSAGE][PASSED] - com.ge.tms.commonactions.RailroadActions.clickOnTestObject is PASSED

2018-11-20 12:57:42 - [TEST_STEP][PASSED] - delay: Delayed 1 second(s)

2018-11-20 12:57:43 - [MESSAGE][PASSED] - Delayed 1 second(s)

2018-11-20 12:57:43 - [TEST_STEP][PASSED] - com.ge.tms.railroad.RailroadVerification.verifyDeletedItemNotPresentInSearchView: com.ge.tms.railroad.RailroadVerification.verifyDeletedItemNotPresentInSearchView is PASSED

2018-11-20 12:57:43 - [MESSAGE][PASSED] - Send request successfully

2018-11-20 12:57:43 - [MESSAGE][PASSED] - Send request successfully

2018-11-20 12:57:43 - [MESSAGE][PASSED] - Send request successfully

2018-11-20 12:57:43 - [MESSAGE][PASSED] - Send request successfully

2018-11-20 12:57:43 - [MESSAGE][PASSED] - Send request successfully

2018-11-20 12:57:43 - [MESSAGE][PASSED] - Send request successfully

2018-11-20 12:57:43 - [MESSAGE][PASSED] - Send request successfully

2018-11-20 12:57:43 - [MESSAGE][PASSED] - Send request successfully

2018-11-20 12:57:43 - [MESSAGE][PASSED] - Text 'DCMYHRS' is set on object 'Object Repository/CommonObjects/searchTextBoxLeftNav'

2018-11-20 12:57:45 - [MESSAGE][PASSED] - Delayed 2 second(s)

2018-11-20 12:57:45 - [MESSAGE][PASSED] - Text of object 'Object Repository/CommonObjects/noSearchResultMessageLeftNav' is: 'No stations or zones found.'

2018-11-20 12:57:45 - [MESSAGE][PASSED] - Actual object 'No stations or zones found.' and expected object 'No stations or zones found.' are equal

2018-11-20 12:57:45 - [MESSAGE][PASSED] - com.ge.tms.railroad.RailroadVerification.verifyDeletedItemNotPresentInSearchView is PASSED

2018-11-20 12:57:45 - [TEST_STEP][PASSED] - Start listener action : closeBrowserForTestCasse: Navigate to 'http://localhost:8080/home' successfully

2018-11-20 12:57:45 - [TEST_STEP][PASSED] - Statement - If (isTestSuitEnable == true): null

2018-11-20 12:57:45 - [TEST_STEP][PASSED] - Statement - beforeTestCaseExecute(): null

2018-11-20 12:57:45 - [TEST_STEP][PASSED] - Statement - If (isTestSuitEnable == true): Navigate to 'http://localhost:8080/home' successfully

2018-11-20 12:57:45 - [TEST_STEP][PASSED] - navigateToUrl: Navigate to 'http://localhost:8080/home' successfully

2018-11-20 12:57:46 - [MESSAGE][PASSED] - Navigate to 'http://localhost:8080/home' successfully

2018-11-20 12:57:46 - [TEST_STEP][PASSED] - Start listener action : afterTestCase: Invoke 'com.kms.katalon.core.annotation.AfterTestCase' method: 'TmsTestListner.afterTestCase(...)' completed.

2018-11-20 12:57:46 - [TEST_STEP][PASSED] - Statement - If (java.lang.System.getProperties().containsKey("updateRally")): Invoke 'com.kms.katalon.core.annotation.AfterTestCase' method: 'TmsTestListner.afterTestCase(...)' completed.]]></system-out>
         <system-err><![CDATA[]]></system-err>
      </testcase>
      <testcase name="Test Cases/Railroad/F5362 - Configure and manage track/QA - US88424/US39526 - Edit Track details/TC65865 - Edit Track with validations" classname="Test Cases/Railroad/F5362 - Configure and manage track/QA - US88424/US39526 - Edit Track details/TC65865 - Edit Track with validations" status="PASSED">
         <system-out><![CDATA[2018-11-20 12:57:46 - [TEST_CASE][PASSED] - Test Cases/Railroad/F5362 - Configure and manage track/QA - US88424/US39526 - Edit Track details/TC65865 - Edit Track with validations: Test Cases/Railroad/F5362 - Configure and manage track/QA - US88424/US39526 - Edit Track details/TC65865 - Edit Track with validations

2018-11-20 12:57:46 - [TEST_STEP][PASSED] - Start listener action : beforeTestCaseExecute: Navigate to 'http://localhost:8080/home' successfully

2018-11-20 12:57:46 - [TEST_STEP][PASSED] - Statement - If (isTestSuitEnable == true): Navigate to 'http://localhost:8080/home' successfully

2018-11-20 12:57:46 - [TEST_STEP][PASSED] - navigateToUrl: Navigate to 'http://localhost:8080/home' successfully

2018-11-20 12:57:47 - [MESSAGE][PASSED] - Navigate to 'http://localhost:8080/home' successfully

2018-11-20 12:57:47 - [TEST_STEP][PASSED] - Statement - util = new com.ge.tms.util.CommonUtilities(): Send request successfully

2018-11-20 12:57:47 - [MESSAGE][PASSED] - Send request successfully

2018-11-20 12:57:47 - [MESSAGE][PASSED] - Send request successfully

2018-11-20 12:57:47 - [MESSAGE][PASSED] - Send request successfully

2018-11-20 12:57:47 - [MESSAGE][PASSED] - Send request successfully

2018-11-20 12:57:47 - [TEST_STEP][PASSED] - Statement - actions = new com.ge.tms.commonactions.RailroadActions(): Send request successfully

2018-11-20 12:57:47 - [MESSAGE][PASSED] - Send request successfully

2018-11-20 12:57:47 - [MESSAGE][PASSED] - Send request successfully

2018-11-20 12:57:47 - [MESSAGE][PASSED] - Send request successfully

2018-11-20 12:57:47 - [MESSAGE][PASSED] - Send request successfully

2018-11-20 12:57:47 - [TEST_STEP][PASSED] - com.ge.tms.commonactions.CommonClickEvents.clickOnRailroadSetup: com.ge.tms.commonactions.CommonClickEvents.clickOnRailroadSetup is PASSED

2018-11-20 12:57:47 - [MESSAGE][PASSED] - Execute JavaScript 'document.querySelector('px-app-nav').shadowRoot.querySelector('#items > px-app-nav-group:nth-child(13) > px-app-nav-subitem:nth-child(1)').click()' successfully

2018-11-20 12:57:49 - [MESSAGE][PASSED] - Delayed 2 second(s)

2018-11-20 12:57:49 - [MESSAGE][PASSED] - com.ge.tms.commonactions.CommonClickEvents.clickOnRailroadSetup is PASSED

2018-11-20 12:57:49 - [TEST_STEP][PASSED] - com.ge.tms.commonactions.RailroadActions.clickOnSelectRailroadDropdown: com.ge.tms.commonactions.RailroadActions.clickOnSelectRailroadDropdown is PASSED

2018-11-20 12:57:49 - [MESSAGE][PASSED] - Send request successfully

2018-11-20 12:57:49 - [MESSAGE][PASSED] - Send request successfully

2018-11-20 12:57:49 - [MESSAGE][PASSED] - Send request successfully

2018-11-20 12:57:49 - [MESSAGE][PASSED] - Send request successfully

2018-11-20 12:57:49 - [MESSAGE][PASSED] - Execute JavaScript 'document.querySelector('#railroads-select-dropdown').shadowRoot.querySelector('#trigger').click()' successfully

2018-11-20 12:57:52 - [MESSAGE][PASSED] - Delayed 3 second(s)

2018-11-20 12:57:52 - [MESSAGE][PASSED] - com.ge.tms.commonactions.RailroadActions.clickOnSelectRailroadDropdown is PASSED

2018-11-20 12:57:52 - [TEST_STEP][PASSED] - com.ge.tms.commonactions.RailroadActions.selectRandomRailRoad: com.ge.tms.commonactions.RailroadActions.selectRandomRailRoad is PASSED

2018-11-20 12:57:52 - [MESSAGE][PASSED] - Send request successfully

2018-11-20 12:57:52 - [MESSAGE][PASSED] - Send request successfully

2018-11-20 12:57:52 - [MESSAGE][PASSED] - Send request successfully

2018-11-20 12:57:52 - [MESSAGE][PASSED] - Send request successfully

2018-11-20 12:57:52 - [MESSAGE][PASSED] - Execute JavaScript 'let railRoadList=[]; document.querySelector('#railroads-select-dropdown').shadowRoot.querySelector('#content').shadowRoot.querySelectorAll('#selector > div.dropdown-option').forEach(node => { railRoadList.push(node.getAttribute('title')) }); return railRoadList' successfully

2018-11-20 12:57:52 - [MESSAGE][PASSED] - Execute JavaScript 'return document.querySelector('#railroads-select-dropdown').shadowRoot.querySelector('#content').shadowRoot.querySelector('#selector > div:nth-child(1) span').innerHTML' successfully

2018-11-20 12:57:52 - [MESSAGE][PASSED] - Execute JavaScript 'return document.querySelector('#railroads-select-dropdown').shadowRoot.querySelector('#content').shadowRoot.querySelector('#selector > div:nth-child(1) span').click()' successfully

2018-11-20 12:57:52 - [MESSAGE][PASSED] - com.ge.tms.commonactions.RailroadActions.selectRandomRailRoad is PASSED

2018-11-20 12:57:52 - [TEST_STEP][PASSED] - delay: Delayed 2 second(s)

2018-11-20 12:57:54 - [MESSAGE][PASSED] - Delayed 2 second(s)

2018-11-20 12:57:54 - [TEST_STEP][PASSED] - Statement - setStationId = <not implemented yet for class: org.codehaus.groovy.ast.expr.EmptyExpression>: null

2018-11-20 12:57:54 - [TEST_STEP][PASSED] - Statement - actions.addStationMandatotyFields(setStationId): Delayed 3 second(s)

2018-11-20 12:57:55 - [MESSAGE][PASSED] - Object: 'Object Repository/F11822-Configure and Manage Stations/Add_New_Station_Button' is clicked on

2018-11-20 12:57:55 - [MESSAGE][PASSED] - Text 'SXR1WVX' is set on object 'Object Repository/F11822-Configure and Manage Stations/station_id'

2018-11-20 12:57:55 - [MESSAGE][PASSED] - Text 'HAB1FOF' is set on object 'Object Repository/F11822-Configure and Manage Stations/station_name'

2018-11-20 12:57:55 - [MESSAGE][PASSED] - Execute JavaScript 'document.querySelector('#splc').shadowRoot.querySelector('#trigger').shadowRoot.querySelector('#trigger').click()' successfully

2018-11-20 12:57:55 - [MESSAGE][PASSED] - Execute JavaScript 'return document.querySelector('#splc').shadowRoot.querySelector('px-overlay-content > #content').shadowRoot.querySelectorAll('#dropdown > div > #selector > div').length' successfully

2018-11-20 12:57:55 - [MESSAGE][PASSED] - Execute JavaScript 'document.querySelector('#splc').shadowRoot.querySelector('px-overlay-content > #content').shadowRoot.querySelector('#dropdown > div > #selector > div:nth-child(1)').click()' successfully

2018-11-20 12:57:55 - [MESSAGE][PASSED] - Execute JavaScript 'return document.querySelector('#fsac').shadowRoot.querySelector('px-overlay-content > #content').shadowRoot.querySelectorAll('#dropdown > div > #selector > div').length' successfully

2018-11-20 12:57:55 - [MESSAGE][PASSED] - Execute JavaScript 'document.querySelector('#fsac').shadowRoot.querySelector('px-overlay-content > #content').shadowRoot.querySelector('#dropdown > div > #selector > div:nth-child(1)').click()' successfully

2018-11-20 12:57:55 - [MESSAGE][PASSED] - Execute JavaScript 'return document.querySelector('#station-timezone-qualifier').shadowRoot.querySelector('px-overlay-content > #content').shadowRoot.querySelectorAll('#dropdown > div > #selector > div').length' successfully

2018-11-20 12:57:55 - [MESSAGE][PASSED] - Execute JavaScript 'document.querySelector('#station-timezone-qualifier').shadowRoot.querySelector('px-overlay-content > #content').shadowRoot.querySelector('#dropdown > div > #selector > div:nth-child(7)').click()' successfully

2018-11-20 12:57:55 - [MESSAGE][PASSED] - Execute JavaScript 'return document.querySelector('#country').shadowRoot.querySelector('px-overlay-content > #content').shadowRoot.querySelectorAll('#dropdown > div > #selector > div').length' successfully

2018-11-20 12:57:55 - [MESSAGE][PASSED] - Execute JavaScript 'document.querySelector('#country').shadowRoot.querySelector('px-overlay-content > #content').shadowRoot.querySelector('#dropdown > div > #selector > div:nth-child(1)').click()' successfully

2018-11-20 12:57:55 - [MESSAGE][PASSED] - Execute JavaScript 'return document.querySelector('#state').shadowRoot.querySelector('px-overlay-content > #content').shadowRoot.querySelectorAll('#dropdown > div > #selector > div').length' successfully

2018-11-20 12:57:55 - [MESSAGE][PASSED] - Execute JavaScript 'document.querySelector('#state').shadowRoot.querySelector('px-overlay-content > #content').shadowRoot.querySelector('#dropdown > div > #selector > div:nth-child(40)').click()' successfully

2018-11-20 12:57:56 - [MESSAGE][PASSED] - Object: 'Object Repository/F11822-Configure and Manage Stations/station_save_button' is clicked on

2018-11-20 12:57:59 - [MESSAGE][PASSED] - Delayed 3 second(s)

2018-11-20 12:57:59 - [TEST_STEP][PASSED] - delay: Delayed 2 second(s)

2018-11-20 12:58:01 - [MESSAGE][PASSED] - Delayed 2 second(s)

2018-11-20 12:58:01 - [TEST_STEP][PASSED] - Statement - setZoneId = <not implemented yet for class: org.codehaus.groovy.ast.expr.EmptyExpression>: null

2018-11-20 12:58:01 - [TEST_STEP][PASSED] - Statement - actions.addZone(setZoneId): Execute JavaScript 'document.querySelector('#zone-type').shadowRoot.querySelector('#content').shadowRoot.querySelector('#selector > div:nth-child(2)').click()' successfully

2018-11-20 12:58:01 - [MESSAGE][PASSED] - Object: 'Object Repository/F5140-Add Zone Functionalities/QA-US88570-Add Zone/US38196-Save a New Zone/Add Edit Zone/addNewZoneButton' is clicked on

2018-11-20 12:58:04 - [MESSAGE][PASSED] - Delayed 3 second(s)

2018-11-20 12:58:04 - [MESSAGE][PASSED] - Text 'SOWUF' is set on object 'Object Repository/F5140-Add Zone Functionalities/QA-US88570-Add Zone/US38196-Save a New Zone/Add Edit Zone/zoneID'

2018-11-20 12:58:04 - [MESSAGE][PASSED] - Text 'H1VVAN8' is set on object 'Object Repository/F5140-Add Zone Functionalities/QA-US88570-Add Zone/US38196-Save a New Zone/Add Edit Zone/zoneName'

2018-11-20 12:58:04 - [MESSAGE][PASSED] - Execute JavaScript 'document.querySelector('#zone-type').shadowRoot.querySelector('#trigger').click()' successfully

2018-11-20 12:58:04 - [MESSAGE][PASSED] - Execute JavaScript 'return document.querySelector('#zone-type').shadowRoot.querySelector('#content').shadowRoot.querySelectorAll('#selector > div').length' successfully

2018-11-20 12:58:04 - [MESSAGE][PASSED] - Execute JavaScript 'document.querySelector('#zone-type').shadowRoot.querySelector('#content').shadowRoot.querySelector('#selector > div:nth-child(2)').click()' successfully

2018-11-20 12:58:04 - [TEST_STEP][PASSED] - com.ge.tms.commonactions.RailroadActions.clickOnZoneSaveButton: com.ge.tms.commonactions.RailroadActions.clickOnZoneSaveButton is PASSED

2018-11-20 12:58:04 - [MESSAGE][PASSED] - Send request successfully

2018-11-20 12:58:04 - [MESSAGE][PASSED] - Send request successfully

2018-11-20 12:58:04 - [MESSAGE][PASSED] - Send request successfully

2018-11-20 12:58:04 - [MESSAGE][PASSED] - Send request successfully

2018-11-20 12:58:04 - [MESSAGE][PASSED] - Object: 'Object Repository/F5140-Add Zone Functionalities/QA-US88570-Add Zone/US38196-Save a New Zone/Add Edit Zone/zoneSaveButton' is clicked on

2018-11-20 12:58:07 - [MESSAGE][PASSED] - Delayed 3 second(s)

2018-11-20 12:58:07 - [MESSAGE][PASSED] - com.ge.tms.commonactions.RailroadActions.clickOnZoneSaveButton is PASSED

2018-11-20 12:58:07 - [TEST_STEP][PASSED] - delay: Delayed 2 second(s)

2018-11-20 12:58:09 - [MESSAGE][PASSED] - Delayed 2 second(s)

2018-11-20 12:58:09 - [TEST_STEP][PASSED] - Statement - setTrackId = <not implemented yet for class: org.codehaus.groovy.ast.expr.EmptyExpression>: null

2018-11-20 12:58:09 - [TEST_STEP][PASSED] - Statement - actions.saveNewTrackRecord(setTrackId): Execute JavaScript 'document.querySelector('#trackConditionCode').shadowRoot.querySelector('px-overlay-content > #content').shadowRoot.querySelector('#dropdown > div > #selector > div:nth-child(2)').click()' successfully

2018-11-20 12:58:09 - [MESSAGE][PASSED] - Object: 'Object Repository/F5362 - Configure and Manage Track/AddTrackButton' is clicked on

2018-11-20 12:58:10 - [MESSAGE][PASSED] - Delayed 1 second(s)

2018-11-20 12:58:10 - [MESSAGE][PASSED] - Text 'K1V4F6' is set on object 'Object Repository/F5362 - Configure and Manage Track/Track_id_input'

2018-11-20 12:58:11 - [MESSAGE][PASSED] - Text 'STVGEPKZFR' is set on object 'Object Repository/F5362 - Configure and Manage Track/Track_Description_input'

2018-11-20 12:58:11 - [MESSAGE][PASSED] - Execute JavaScript 'return document.querySelector('#trackType').shadowRoot.querySelector('px-overlay-content > #content').shadowRoot.querySelectorAll('#dropdown > div > #selector > div').length' successfully

2018-11-20 12:58:11 - [MESSAGE][PASSED] - Execute JavaScript 'document.querySelector('#trackType').shadowRoot.querySelector('px-overlay-content > #content').shadowRoot.querySelector('#dropdown > div > #selector > div:nth-child(4)').click()' successfully

2018-11-20 12:58:11 - [MESSAGE][PASSED] - Text '2' is set on object 'Object Repository/F5362 - Configure and Manage Track/Track_Length_input'

2018-11-20 12:58:11 - [MESSAGE][PASSED] - Text '2' is set on object 'Object Repository/F5362 - Configure and Manage Track/Car_Capacity_input'

2018-11-20 12:58:11 - [MESSAGE][PASSED] - Execute JavaScript 'return document.querySelector('#trackConditionCode').shadowRoot.querySelector('px-overlay-content > #content').shadowRoot.querySelectorAll('#dropdown > div > #selector > div').length' successfully

2018-11-20 12:58:11 - [MESSAGE][PASSED] - Execute JavaScript 'document.querySelector('#trackConditionCode').shadowRoot.querySelector('px-overlay-content > #content').shadowRoot.querySelector('#dropdown > div > #selector > div:nth-child(2)').click()' successfully

2018-11-20 12:58:11 - [TEST_STEP][PASSED] - delay: Delayed 2 second(s)

2018-11-20 12:58:13 - [MESSAGE][PASSED] - Delayed 2 second(s)

2018-11-20 12:58:13 - [TEST_STEP][PASSED] - Statement - actions.saveTrack(): Delayed 3 second(s)

2018-11-20 12:58:13 - [MESSAGE][PASSED] - Object: 'Object Repository/F5362 - Configure and Manage Track/SaveTrackButton' is clicked on

2018-11-20 12:58:16 - [MESSAGE][PASSED] - Delayed 3 second(s)

2018-11-20 12:58:16 - [TEST_STEP][PASSED] - delay: Delayed 2 second(s)

2018-11-20 12:58:18 - [MESSAGE][PASSED] - Delayed 2 second(s)

2018-11-20 12:58:18 - [TEST_STEP][PASSED] - Statement - actions.clickEditIconTrack(): Object: 'Object Repository/F5362 - Configure and Manage Track/edit_track_icon' is clicked on

2018-11-20 12:58:18 - [MESSAGE][PASSED] - Object: 'Object Repository/F5362 - Configure and Manage Track/edit_track_icon' is clicked on

2018-11-20 12:58:18 - [TEST_STEP][PASSED] - com.ge.tms.railroad.RailroadVerification.verifyTrackErrorMessages: com.ge.tms.railroad.RailroadVerification.verifyTrackErrorMessages is PASSED

2018-11-20 12:58:18 - [MESSAGE][PASSED] - Send request successfully

2018-11-20 12:58:18 - [MESSAGE][PASSED] - Send request successfully

2018-11-20 12:58:18 - [MESSAGE][PASSED] - Send request successfully

2018-11-20 12:58:18 - [MESSAGE][PASSED] - Send request successfully

2018-11-20 12:58:18 - [MESSAGE][PASSED] - Send request successfully

2018-11-20 12:58:18 - [MESSAGE][PASSED] - Send request successfully

2018-11-20 12:58:18 - [MESSAGE][PASSED] - Send request successfully

2018-11-20 12:58:18 - [MESSAGE][PASSED] - Send request successfully

2018-11-20 12:58:18 - [MESSAGE][PASSED] - Object 'Object Repository/F5362 - Configure and Manage Track/Track_id_input' is NOT clickable

2018-11-20 12:58:18 - [MESSAGE][PASSED] - Actual object 'true' and expected object 'true' are equal

2018-11-20 12:58:18 - [MESSAGE][PASSED] - Attribute 'class' of object 'Object Repository/F5362 - Configure and Manage Track/SaveTrackButton' is: 'btn btn--disabled btn--call-to-action float--right'

2018-11-20 12:58:18 - [MESSAGE][PASSED] - Actual object 'true' and expected object 'true' are equal

2018-11-20 12:58:18 - [MESSAGE][PASSED] - Text 'A*@T&!' is set on object 'Object Repository/F5362 - Configure and Manage Track/Track_Description_input'

2018-11-20 12:58:18 - [MESSAGE][PASSED] - Keys '	' sent to object: 'Object Repository/F5362 - Configure and Manage Track/Track_Description_input'

2018-11-20 12:58:18 - [MESSAGE][PASSED] - Text of object 'Object Repository/F5362 - Configure and Manage Track/Track_Desc_Error_Message' is: 'ALPHANUMERIC ONLY'

2018-11-20 12:58:18 - [MESSAGE][PASSED] - Actual object 'ALPHANUMERIC ONLY' and expected object 'ALPHANUMERIC ONLY' are equal

2018-11-20 12:58:18 - [MESSAGE][PASSED] - Attribute 'class' of object 'Object Repository/F5362 - Configure and Manage Track/SaveTrackButton' is: 'btn btn--disabled btn--call-to-action float--right'

2018-11-20 12:58:18 - [MESSAGE][PASSED] - Actual object 'true' and expected object 'true' are equal

2018-11-20 12:58:19 - [MESSAGE][PASSED] - Text of object 'Object Repository/F5362 - Configure and Manage Track/Track_Description_input' is cleared

2018-11-20 12:58:19 - [MESSAGE][PASSED] - Keys ' ' sent to object: 'Object Repository/F5362 - Configure and Manage Track/Track_Description_input'

2018-11-20 12:58:21 - [MESSAGE][PASSED] - Delayed 2 second(s)

2018-11-20 12:58:21 - [MESSAGE][PASSED] - Keys '	' sent to object: 'Object Repository/F5362 - Configure and Manage Track/Track_Description_input'

2018-11-20 12:58:21 - [MESSAGE][PASSED] - Text of object 'Object Repository/F5362 - Configure and Manage Track/Track_Desc_Error_Message' is: 'TRACK DESCRIPTION CANNOT BE EMPTY'

2018-11-20 12:58:21 - [MESSAGE][PASSED] - Actual object 'TRACK DESCRIPTION CANNOT BE EMPTY' and expected object 'TRACK DESCRIPTION CANNOT BE EMPTY' are equal

2018-11-20 12:58:21 - [MESSAGE][PASSED] - Attribute 'class' of object 'Object Repository/F5362 - Configure and Manage Track/SaveTrackButton' is: 'btn btn--disabled btn--call-to-action float--right'

2018-11-20 12:58:21 - [MESSAGE][PASSED] - Actual object 'true' and expected object 'true' are equal

2018-11-20 12:58:21 - [MESSAGE][PASSED] - Execute JavaScript 'return document.querySelector('#trackType').shadowRoot.querySelector('px-overlay-content > #content').shadowRoot.querySelectorAll('#dropdown > div > #selector > div').length' successfully

2018-11-20 12:58:21 - [MESSAGE][PASSED] - Execute JavaScript 'document.querySelector('#trackType').shadowRoot.querySelector('px-overlay-content > #content').shadowRoot.querySelector('#dropdown > div > #selector > div:nth-child(7)').click()' successfully

2018-11-20 12:58:21 - [MESSAGE][PASSED] - Execute JavaScript 'document.querySelector('#trackType').shadowRoot.querySelector('#trigger').shadowRoot.querySelector('#trigger').click()' successfully

2018-11-20 12:58:21 - [MESSAGE][PASSED] - Execute JavaScript 'document.querySelector('#trackType').shadowRoot.querySelector('#trigger').shadowRoot.querySelector('px-icon').click()' successfully

2018-11-20 12:58:21 - [MESSAGE][PASSED] - Text of object 'Object Repository/F5362 - Configure and Manage Track/Track_Type_Error_Message' is: 'TRACK TYPE CANNOT BE EMPTY'

2018-11-20 12:58:21 - [MESSAGE][PASSED] - Actual object 'TRACK TYPE CANNOT BE EMPTY' and expected object 'TRACK TYPE CANNOT BE EMPTY' are equal

2018-11-20 12:58:21 - [MESSAGE][PASSED] - Attribute 'class' of object 'Object Repository/F5362 - Configure and Manage Track/SaveTrackButton' is: 'btn btn--disabled btn--call-to-action float--right'

2018-11-20 12:58:21 - [MESSAGE][PASSED] - Actual object 'true' and expected object 'true' are equal

2018-11-20 12:58:21 - [MESSAGE][PASSED] - com.ge.tms.railroad.RailroadVerification.verifyTrackErrorMessages is PASSED

2018-11-20 12:58:21 - [TEST_STEP][PASSED] - Statement - actions.clickCancelTrack(): Object: 'Object Repository/F5362 - Configure and Manage Track/CancelTrackButton' is clicked on

2018-11-20 12:58:21 - [MESSAGE][PASSED] - Object: 'Object Repository/F5362 - Configure and Manage Track/CancelTrackButton' is clicked on

2018-11-20 12:58:21 - [TEST_STEP][PASSED] - com.ge.tms.commonactions.RailroadActions.clickOnDeleteTrack: com.ge.tms.commonactions.RailroadActions.clickOnDeleteTrack is PASSED

2018-11-20 12:58:21 - [MESSAGE][PASSED] - Send request successfully

2018-11-20 12:58:21 - [MESSAGE][PASSED] - Send request successfully

2018-11-20 12:58:21 - [MESSAGE][PASSED] - Send request successfully

2018-11-20 12:58:21 - [MESSAGE][PASSED] - Send request successfully

2018-11-20 12:58:21 - [MESSAGE][PASSED] - Object: 'Object Repository/F5362 - Configure and Manage Track/deleteTrackButton' is clicked on

2018-11-20 12:58:21 - [MESSAGE][PASSED] - com.ge.tms.commonactions.RailroadActions.clickOnDeleteTrack is PASSED

2018-11-20 12:58:21 - [TEST_STEP][PASSED] - Statement - deleteYesButtonObj = com.kms.katalon.core.testobject.ObjectRepository.findTestObject(Object Repository/F5362 - Configure and Manage Track/deleteTrackYesButton): Finding Test Object with id 'Object Repository/F5362 - Configure and Manage Track/deleteTrackYesButton'

2018-11-20 12:58:21 - [TEST_STEP][PASSED] - com.ge.tms.commonactions.RailroadActions.clickOnTestObject: com.ge.tms.commonactions.RailroadActions.clickOnTestObject is PASSED

2018-11-20 12:58:21 - [MESSAGE][PASSED] - Send request successfully

2018-11-20 12:58:21 - [MESSAGE][PASSED] - Send request successfully

2018-11-20 12:58:21 - [MESSAGE][PASSED] - Send request successfully

2018-11-20 12:58:21 - [MESSAGE][PASSED] - Send request successfully

2018-11-20 12:58:21 - [MESSAGE][PASSED] - Object: 'Object Repository/F5362 - Configure and Manage Track/deleteTrackYesButton' is clicked on

2018-11-20 12:58:21 - [MESSAGE][PASSED] - com.ge.tms.commonactions.RailroadActions.clickOnTestObject is PASSED

2018-11-20 12:58:21 - [TEST_STEP][PASSED] - com.ge.tms.railroad.RailroadVerification.verifyNoTracksFoundInSearch: com.ge.tms.railroad.RailroadVerification.verifyNoTracksFoundInSearch is PASSED

2018-11-20 12:58:21 - [MESSAGE][PASSED] - Send request successfully

2018-11-20 12:58:21 - [MESSAGE][PASSED] - Send request successfully

2018-11-20 12:58:21 - [MESSAGE][PASSED] - Send request successfully

2018-11-20 12:58:21 - [MESSAGE][PASSED] - Send request successfully

2018-11-20 12:58:21 - [MESSAGE][PASSED] - Send request successfully

2018-11-20 12:58:21 - [MESSAGE][PASSED] - Send request successfully

2018-11-20 12:58:21 - [MESSAGE][PASSED] - Send request successfully

2018-11-20 12:58:21 - [MESSAGE][PASSED] - Send request successfully

2018-11-20 12:58:21 - [MESSAGE][PASSED] - Text 'K1V4F6' is set on object 'Object Repository/F5362 - Configure and Manage Track/Track_search_field_row1_trackid'

2018-11-20 12:58:21 - [MESSAGE][PASSED] - Text of object 'Object Repository/F5362 - Configure and Manage Track/noRowsfound' is: 'No rows found'

2018-11-20 12:58:21 - [MESSAGE][PASSED] - Actual object 'No rows found' and expected object 'No rows found' are equal

2018-11-20 12:58:21 - [MESSAGE][PASSED] - com.ge.tms.railroad.RailroadVerification.verifyNoTracksFoundInSearch is PASSED

2018-11-20 12:58:21 - [TEST_STEP][PASSED] - delay: Delayed 2 second(s)

2018-11-20 12:58:23 - [MESSAGE][PASSED] - Delayed 2 second(s)

2018-11-20 12:58:23 - [TEST_STEP][PASSED] - com.ge.tms.commonactions.RailroadActions.clickOnZoneActionMenu: com.ge.tms.commonactions.RailroadActions.clickOnZoneActionMenu is PASSED

2018-11-20 12:58:23 - [MESSAGE][PASSED] - Send request successfully

2018-11-20 12:58:23 - [MESSAGE][PASSED] - Send request successfully

2018-11-20 12:58:23 - [MESSAGE][PASSED] - Send request successfully

2018-11-20 12:58:23 - [MESSAGE][PASSED] - Send request successfully

2018-11-20 12:58:23 - [MESSAGE][PASSED] - Execute JavaScript 'document.querySelector('#zone-actions-dropdown').shadowRoot.querySelector('#trigger').click()' successfully

2018-11-20 12:58:24 - [MESSAGE][PASSED] - Delayed 1 second(s)

2018-11-20 12:58:24 - [MESSAGE][PASSED] - com.ge.tms.commonactions.RailroadActions.clickOnZoneActionMenu is PASSED

2018-11-20 12:58:24 - [TEST_STEP][PASSED] - com.ge.tms.commonactions.RailroadActions.clickOnDeleteAction: com.ge.tms.commonactions.RailroadActions.clickOnDeleteAction is PASSED

2018-11-20 12:58:24 - [MESSAGE][PASSED] - Send request successfully

2018-11-20 12:58:24 - [MESSAGE][PASSED] - Send request successfully

2018-11-20 12:58:24 - [MESSAGE][PASSED] - Send request successfully

2018-11-20 12:58:24 - [MESSAGE][PASSED] - Send request successfully

2018-11-20 12:58:24 - [MESSAGE][PASSED] - Execute JavaScript 'document.querySelector('#zone-actions-dropdown').shadowRoot.querySelector('#content').shadowRoot.querySelector('#selector > div:nth-child(2)').click()' successfully

2018-11-20 12:58:24 - [MESSAGE][PASSED] - com.ge.tms.commonactions.RailroadActions.clickOnDeleteAction is PASSED

2018-11-20 12:58:24 - [TEST_STEP][PASSED] - delay: Delayed 1 second(s)

2018-11-20 12:58:25 - [MESSAGE][PASSED] - Delayed 1 second(s)

2018-11-20 12:58:25 - [TEST_STEP][PASSED] - Statement - deleteYesButtonObj = com.kms.katalon.core.testobject.ObjectRepository.findTestObject(Object Repository/F5140-Add Zone Functionalities/QA-US88570-Add Zone/US38196-Save a New Zone/Delete Zone/deleteYesButton): Finding Test Object with id 'Object Repository/F5140-Add Zone Functionalities/QA-US88570-Add Zone/US38196-Save a New Zone/Delete Zone/deleteYesButton'

2018-11-20 12:58:25 - [TEST_STEP][PASSED] - com.ge.tms.commonactions.RailroadActions.clickOnTestObject: com.ge.tms.commonactions.RailroadActions.clickOnTestObject is PASSED

2018-11-20 12:58:25 - [MESSAGE][PASSED] - Send request successfully

2018-11-20 12:58:25 - [MESSAGE][PASSED] - Send request successfully

2018-11-20 12:58:25 - [MESSAGE][PASSED] - Send request successfully

2018-11-20 12:58:25 - [MESSAGE][PASSED] - Send request successfully

2018-11-20 12:58:26 - [MESSAGE][PASSED] - Object: 'Object Repository/F5140-Add Zone Functionalities/QA-US88570-Add Zone/US38196-Save a New Zone/Delete Zone/deleteYesButton' is clicked on

2018-11-20 12:58:26 - [MESSAGE][PASSED] - com.ge.tms.commonactions.RailroadActions.clickOnTestObject is PASSED

2018-11-20 12:58:26 - [TEST_STEP][PASSED] - delay: Delayed 1 second(s)

2018-11-20 12:58:27 - [MESSAGE][PASSED] - Delayed 1 second(s)

2018-11-20 12:58:27 - [TEST_STEP][PASSED] - com.ge.tms.railroad.RailroadVerification.verifyViewStationIdAfterZoneDeletion: com.ge.tms.railroad.RailroadVerification.verifyViewStationIdAfterZoneDeletion is PASSED

2018-11-20 12:58:27 - [MESSAGE][PASSED] - Send request successfully

2018-11-20 12:58:27 - [MESSAGE][PASSED] - Send request successfully

2018-11-20 12:58:27 - [MESSAGE][PASSED] - Send request successfully

2018-11-20 12:58:27 - [MESSAGE][PASSED] - Send request successfully

2018-11-20 12:58:27 - [MESSAGE][PASSED] - Send request successfully

2018-11-20 12:58:27 - [MESSAGE][PASSED] - Send request successfully

2018-11-20 12:58:27 - [MESSAGE][PASSED] - Send request successfully

2018-11-20 12:58:27 - [MESSAGE][PASSED] - Send request successfully

2018-11-20 12:58:27 - [MESSAGE][PASSED] - Text of object 'Object Repository/F11822-Configure and Manage Stations/QA-US87586-View Stations/US84086-View Station Details/View Stations/div_StationCode' is: 'SXR1WVX'

2018-11-20 12:58:27 - [MESSAGE][PASSED] - Actual object 'SXR1WVX' and expected object 'SXR1WVX' are equal

2018-11-20 12:58:27 - [MESSAGE][PASSED] - com.ge.tms.railroad.RailroadVerification.verifyViewStationIdAfterZoneDeletion is PASSED

2018-11-20 12:58:27 - [TEST_STEP][PASSED] - com.ge.tms.commonactions.RailroadActions.clickOnStationActionMenu: com.ge.tms.commonactions.RailroadActions.clickOnStationActionMenu is PASSED

2018-11-20 12:58:27 - [MESSAGE][PASSED] - Send request successfully

2018-11-20 12:58:27 - [MESSAGE][PASSED] - Send request successfully

2018-11-20 12:58:27 - [MESSAGE][PASSED] - Send request successfully

2018-11-20 12:58:27 - [MESSAGE][PASSED] - Send request successfully

2018-11-20 12:58:27 - [MESSAGE][PASSED] - Execute JavaScript 'document.querySelector('#station-actions-dropdown').shadowRoot.querySelector('#trigger').click()' successfully

2018-11-20 12:58:28 - [MESSAGE][PASSED] - Delayed 1 second(s)

2018-11-20 12:58:28 - [MESSAGE][PASSED] - com.ge.tms.commonactions.RailroadActions.clickOnStationActionMenu is PASSED

2018-11-20 12:58:28 - [TEST_STEP][PASSED] - com.ge.tms.commonactions.RailroadActions.clickOnDeleteStationButton: com.ge.tms.commonactions.RailroadActions.clickOnDeleteStationButton is PASSED

2018-11-20 12:58:28 - [MESSAGE][PASSED] - Send request successfully

2018-11-20 12:58:28 - [MESSAGE][PASSED] - Send request successfully

2018-11-20 12:58:28 - [MESSAGE][PASSED] - Send request successfully

2018-11-20 12:58:28 - [MESSAGE][PASSED] - Send request successfully

2018-11-20 12:58:28 - [MESSAGE][PASSED] - Execute JavaScript 'document.querySelector('#station-actions-dropdown').shadowRoot.querySelector('#content').shadowRoot.querySelector('#selector > div:nth-child(2)').click()' successfully

2018-11-20 12:58:28 - [MESSAGE][PASSED] - com.ge.tms.commonactions.RailroadActions.clickOnDeleteStationButton is PASSED

2018-11-20 12:58:28 - [TEST_STEP][PASSED] - Statement - deleteYesButtonObj = com.kms.katalon.core.testobject.ObjectRepository.findTestObject(Object Repository/F11822-Configure and Manage Stations/deleteConfirmationYesButton): Finding Test Object with id 'Object Repository/F11822-Configure and Manage Stations/deleteConfirmationYesButton'

2018-11-20 12:58:28 - [TEST_STEP][PASSED] - com.ge.tms.commonactions.RailroadActions.clickOnTestObject: com.ge.tms.commonactions.RailroadActions.clickOnTestObject is PASSED

2018-11-20 12:58:28 - [MESSAGE][PASSED] - Send request successfully

2018-11-20 12:58:28 - [MESSAGE][PASSED] - Send request successfully

2018-11-20 12:58:28 - [MESSAGE][PASSED] - Send request successfully

2018-11-20 12:58:28 - [MESSAGE][PASSED] - Send request successfully

2018-11-20 12:58:28 - [MESSAGE][PASSED] - Object: 'Object Repository/F11822-Configure and Manage Stations/deleteConfirmationYesButton' is clicked on

2018-11-20 12:58:28 - [MESSAGE][PASSED] - com.ge.tms.commonactions.RailroadActions.clickOnTestObject is PASSED

2018-11-20 12:58:28 - [TEST_STEP][PASSED] - delay: Delayed 1 second(s)

2018-11-20 12:58:29 - [MESSAGE][PASSED] - Delayed 1 second(s)

2018-11-20 12:58:29 - [TEST_STEP][PASSED] - com.ge.tms.railroad.RailroadVerification.verifyDeletedItemNotPresentInSearchView: com.ge.tms.railroad.RailroadVerification.verifyDeletedItemNotPresentInSearchView is PASSED

2018-11-20 12:58:29 - [MESSAGE][PASSED] - Send request successfully

2018-11-20 12:58:29 - [MESSAGE][PASSED] - Send request successfully

2018-11-20 12:58:29 - [MESSAGE][PASSED] - Send request successfully

2018-11-20 12:58:29 - [MESSAGE][PASSED] - Send request successfully

2018-11-20 12:58:29 - [MESSAGE][PASSED] - Send request successfully

2018-11-20 12:58:29 - [MESSAGE][PASSED] - Send request successfully

2018-11-20 12:58:29 - [MESSAGE][PASSED] - Send request successfully

2018-11-20 12:58:29 - [MESSAGE][PASSED] - Send request successfully

2018-11-20 12:58:29 - [MESSAGE][PASSED] - Text 'SXR1WVX' is set on object 'Object Repository/CommonObjects/searchTextBoxLeftNav'

2018-11-20 12:58:31 - [MESSAGE][PASSED] - Delayed 2 second(s)

2018-11-20 12:58:31 - [MESSAGE][PASSED] - Text of object 'Object Repository/CommonObjects/noSearchResultMessageLeftNav' is: 'No stations or zones found.'

2018-11-20 12:58:31 - [MESSAGE][PASSED] - Actual object 'No stations or zones found.' and expected object 'No stations or zones found.' are equal

2018-11-20 12:58:31 - [MESSAGE][PASSED] - com.ge.tms.railroad.RailroadVerification.verifyDeletedItemNotPresentInSearchView is PASSED

2018-11-20 12:58:31 - [TEST_STEP][PASSED] - Start listener action : closeBrowserForTestCasse: Navigate to 'http://localhost:8080/home' successfully

2018-11-20 12:58:31 - [TEST_STEP][PASSED] - Statement - If (isTestSuitEnable == true): null

2018-11-20 12:58:31 - [TEST_STEP][PASSED] - Statement - beforeTestCaseExecute(): null

2018-11-20 12:58:31 - [TEST_STEP][PASSED] - Statement - If (isTestSuitEnable == true): Navigate to 'http://localhost:8080/home' successfully

2018-11-20 12:58:31 - [TEST_STEP][PASSED] - navigateToUrl: Navigate to 'http://localhost:8080/home' successfully

2018-11-20 12:58:32 - [MESSAGE][PASSED] - Navigate to 'http://localhost:8080/home' successfully

2018-11-20 12:58:32 - [TEST_STEP][PASSED] - Start listener action : afterTestCase: Invoke 'com.kms.katalon.core.annotation.AfterTestCase' method: 'TmsTestListner.afterTestCase(...)' completed.

2018-11-20 12:58:32 - [TEST_STEP][PASSED] - Statement - If (java.lang.System.getProperties().containsKey("updateRally")): Invoke 'com.kms.katalon.core.annotation.AfterTestCase' method: 'TmsTestListner.afterTestCase(...)' completed.]]></system-out>
         <system-err><![CDATA[]]></system-err>
      </testcase>
      <testcase name="Test Cases/Railroad/F5362 - Configure and manage track/QA - US88424/US39526 - Edit Track details/TC65866 - Edit Track - cancel button" classname="Test Cases/Railroad/F5362 - Configure and manage track/QA - US88424/US39526 - Edit Track details/TC65866 - Edit Track - cancel button" status="PASSED">
         <system-out><![CDATA[2018-11-20 12:58:32 - [TEST_CASE][PASSED] - Test Cases/Railroad/F5362 - Configure and manage track/QA - US88424/US39526 - Edit Track details/TC65866 - Edit Track - cancel button: Test Cases/Railroad/F5362 - Configure and manage track/QA - US88424/US39526 - Edit Track details/TC65866 - Edit Track - cancel button

2018-11-20 12:58:32 - [TEST_STEP][PASSED] - Start listener action : beforeTestCaseExecute: Navigate to 'http://localhost:8080/home' successfully

2018-11-20 12:58:32 - [TEST_STEP][PASSED] - Statement - If (isTestSuitEnable == true): Navigate to 'http://localhost:8080/home' successfully

2018-11-20 12:58:32 - [TEST_STEP][PASSED] - navigateToUrl: Navigate to 'http://localhost:8080/home' successfully

2018-11-20 12:58:33 - [MESSAGE][PASSED] - Navigate to 'http://localhost:8080/home' successfully

2018-11-20 12:58:33 - [TEST_STEP][PASSED] - Statement - util = new com.ge.tms.util.CommonUtilities(): Send request successfully

2018-11-20 12:58:33 - [MESSAGE][PASSED] - Send request successfully

2018-11-20 12:58:33 - [MESSAGE][PASSED] - Send request successfully

2018-11-20 12:58:33 - [MESSAGE][PASSED] - Send request successfully

2018-11-20 12:58:33 - [MESSAGE][PASSED] - Send request successfully

2018-11-20 12:58:33 - [TEST_STEP][PASSED] - Statement - actions = new com.ge.tms.commonactions.RailroadActions(): Send request successfully

2018-11-20 12:58:33 - [MESSAGE][PASSED] - Send request successfully

2018-11-20 12:58:33 - [MESSAGE][PASSED] - Send request successfully

2018-11-20 12:58:33 - [MESSAGE][PASSED] - Send request successfully

2018-11-20 12:58:33 - [MESSAGE][PASSED] - Send request successfully

2018-11-20 12:58:33 - [TEST_STEP][PASSED] - com.ge.tms.commonactions.CommonClickEvents.clickOnRailroadSetup: com.ge.tms.commonactions.CommonClickEvents.clickOnRailroadSetup is PASSED

2018-11-20 12:58:33 - [MESSAGE][PASSED] - Execute JavaScript 'document.querySelector('px-app-nav').shadowRoot.querySelector('#items > px-app-nav-group:nth-child(13) > px-app-nav-subitem:nth-child(1)').click()' successfully

2018-11-20 12:58:35 - [MESSAGE][PASSED] - Delayed 2 second(s)

2018-11-20 12:58:35 - [MESSAGE][PASSED] - com.ge.tms.commonactions.CommonClickEvents.clickOnRailroadSetup is PASSED

2018-11-20 12:58:35 - [TEST_STEP][PASSED] - com.ge.tms.commonactions.RailroadActions.clickOnSelectRailroadDropdown: com.ge.tms.commonactions.RailroadActions.clickOnSelectRailroadDropdown is PASSED

2018-11-20 12:58:35 - [MESSAGE][PASSED] - Send request successfully

2018-11-20 12:58:35 - [MESSAGE][PASSED] - Send request successfully

2018-11-20 12:58:35 - [MESSAGE][PASSED] - Send request successfully

2018-11-20 12:58:35 - [MESSAGE][PASSED] - Send request successfully

2018-11-20 12:58:35 - [MESSAGE][PASSED] - Execute JavaScript 'document.querySelector('#railroads-select-dropdown').shadowRoot.querySelector('#trigger').click()' successfully

2018-11-20 12:58:38 - [MESSAGE][PASSED] - Delayed 3 second(s)

2018-11-20 12:58:38 - [MESSAGE][PASSED] - com.ge.tms.commonactions.RailroadActions.clickOnSelectRailroadDropdown is PASSED

2018-11-20 12:58:38 - [TEST_STEP][PASSED] - com.ge.tms.commonactions.RailroadActions.selectRandomRailRoad: com.ge.tms.commonactions.RailroadActions.selectRandomRailRoad is PASSED

2018-11-20 12:58:38 - [MESSAGE][PASSED] - Send request successfully

2018-11-20 12:58:38 - [MESSAGE][PASSED] - Send request successfully

2018-11-20 12:58:38 - [MESSAGE][PASSED] - Send request successfully

2018-11-20 12:58:38 - [MESSAGE][PASSED] - Send request successfully

2018-11-20 12:58:38 - [MESSAGE][PASSED] - Execute JavaScript 'let railRoadList=[]; document.querySelector('#railroads-select-dropdown').shadowRoot.querySelector('#content').shadowRoot.querySelectorAll('#selector > div.dropdown-option').forEach(node => { railRoadList.push(node.getAttribute('title')) }); return railRoadList' successfully

2018-11-20 12:58:38 - [MESSAGE][PASSED] - Execute JavaScript 'return document.querySelector('#railroads-select-dropdown').shadowRoot.querySelector('#content').shadowRoot.querySelector('#selector > div:nth-child(1) span').innerHTML' successfully

2018-11-20 12:58:38 - [MESSAGE][PASSED] - Execute JavaScript 'return document.querySelector('#railroads-select-dropdown').shadowRoot.querySelector('#content').shadowRoot.querySelector('#selector > div:nth-child(1) span').click()' successfully

2018-11-20 12:58:38 - [MESSAGE][PASSED] - com.ge.tms.commonactions.RailroadActions.selectRandomRailRoad is PASSED

2018-11-20 12:58:38 - [TEST_STEP][PASSED] - delay: Delayed 2 second(s)

2018-11-20 12:58:40 - [MESSAGE][PASSED] - Delayed 2 second(s)

2018-11-20 12:58:40 - [TEST_STEP][PASSED] - Statement - setStationId = <not implemented yet for class: org.codehaus.groovy.ast.expr.EmptyExpression>: null

2018-11-20 12:58:40 - [TEST_STEP][PASSED] - Statement - actions.addStationMandatotyFields(setStationId): Delayed 3 second(s)

2018-11-20 12:58:41 - [MESSAGE][PASSED] - Object: 'Object Repository/F11822-Configure and Manage Stations/Add_New_Station_Button' is clicked on

2018-11-20 12:58:41 - [MESSAGE][PASSED] - Text 'COEW8V9' is set on object 'Object Repository/F11822-Configure and Manage Stations/station_id'

2018-11-20 12:58:41 - [MESSAGE][PASSED] - Text '4ITSPPO' is set on object 'Object Repository/F11822-Configure and Manage Stations/station_name'

2018-11-20 12:58:41 - [MESSAGE][PASSED] - Execute JavaScript 'document.querySelector('#splc').shadowRoot.querySelector('#trigger').shadowRoot.querySelector('#trigger').click()' successfully

2018-11-20 12:58:41 - [MESSAGE][PASSED] - Execute JavaScript 'return document.querySelector('#splc').shadowRoot.querySelector('px-overlay-content > #content').shadowRoot.querySelectorAll('#dropdown > div > #selector > div').length' successfully

2018-11-20 12:58:41 - [MESSAGE][PASSED] - Execute JavaScript 'document.querySelector('#splc').shadowRoot.querySelector('px-overlay-content > #content').shadowRoot.querySelector('#dropdown > div > #selector > div:nth-child(1)').click()' successfully

2018-11-20 12:58:41 - [MESSAGE][PASSED] - Execute JavaScript 'return document.querySelector('#fsac').shadowRoot.querySelector('px-overlay-content > #content').shadowRoot.querySelectorAll('#dropdown > div > #selector > div').length' successfully

2018-11-20 12:58:41 - [MESSAGE][PASSED] - Execute JavaScript 'document.querySelector('#fsac').shadowRoot.querySelector('px-overlay-content > #content').shadowRoot.querySelector('#dropdown > div > #selector > div:nth-child(1)').click()' successfully

2018-11-20 12:58:41 - [MESSAGE][PASSED] - Execute JavaScript 'return document.querySelector('#station-timezone-qualifier').shadowRoot.querySelector('px-overlay-content > #content').shadowRoot.querySelectorAll('#dropdown > div > #selector > div').length' successfully

2018-11-20 12:58:41 - [MESSAGE][PASSED] - Execute JavaScript 'document.querySelector('#station-timezone-qualifier').shadowRoot.querySelector('px-overlay-content > #content').shadowRoot.querySelector('#dropdown > div > #selector > div:nth-child(7)').click()' successfully

2018-11-20 12:58:41 - [MESSAGE][PASSED] - Execute JavaScript 'return document.querySelector('#country').shadowRoot.querySelector('px-overlay-content > #content').shadowRoot.querySelectorAll('#dropdown > div > #selector > div').length' successfully

2018-11-20 12:58:41 - [MESSAGE][PASSED] - Execute JavaScript 'document.querySelector('#country').shadowRoot.querySelector('px-overlay-content > #content').shadowRoot.querySelector('#dropdown > div > #selector > div:nth-child(1)').click()' successfully

2018-11-20 12:58:41 - [MESSAGE][PASSED] - Execute JavaScript 'return document.querySelector('#state').shadowRoot.querySelector('px-overlay-content > #content').shadowRoot.querySelectorAll('#dropdown > div > #selector > div').length' successfully

2018-11-20 12:58:42 - [MESSAGE][PASSED] - Execute JavaScript 'document.querySelector('#state').shadowRoot.querySelector('px-overlay-content > #content').shadowRoot.querySelector('#dropdown > div > #selector > div:nth-child(15)').click()' successfully

2018-11-20 12:58:42 - [MESSAGE][PASSED] - Object: 'Object Repository/F11822-Configure and Manage Stations/station_save_button' is clicked on

2018-11-20 12:58:45 - [MESSAGE][PASSED] - Delayed 3 second(s)

2018-11-20 12:58:45 - [TEST_STEP][PASSED] - delay: Delayed 2 second(s)

2018-11-20 12:58:47 - [MESSAGE][PASSED] - Delayed 2 second(s)

2018-11-20 12:58:47 - [TEST_STEP][PASSED] - Statement - setZoneId = <not implemented yet for class: org.codehaus.groovy.ast.expr.EmptyExpression>: null

2018-11-20 12:58:47 - [TEST_STEP][PASSED] - Statement - actions.addZone(setZoneId): Execute JavaScript 'document.querySelector('#zone-type').shadowRoot.querySelector('#content').shadowRoot.querySelector('#selector > div:nth-child(3)').click()' successfully

2018-11-20 12:58:47 - [MESSAGE][PASSED] - Object: 'Object Repository/F5140-Add Zone Functionalities/QA-US88570-Add Zone/US38196-Save a New Zone/Add Edit Zone/addNewZoneButton' is clicked on

2018-11-20 12:58:50 - [MESSAGE][PASSED] - Delayed 3 second(s)

2018-11-20 12:58:50 - [MESSAGE][PASSED] - Text 'BBTVG' is set on object 'Object Repository/F5140-Add Zone Functionalities/QA-US88570-Add Zone/US38196-Save a New Zone/Add Edit Zone/zoneID'

2018-11-20 12:58:50 - [MESSAGE][PASSED] - Text '08ANF8Q' is set on object 'Object Repository/F5140-Add Zone Functionalities/QA-US88570-Add Zone/US38196-Save a New Zone/Add Edit Zone/zoneName'

2018-11-20 12:58:50 - [MESSAGE][PASSED] - Execute JavaScript 'document.querySelector('#zone-type').shadowRoot.querySelector('#trigger').click()' successfully

2018-11-20 12:58:50 - [MESSAGE][PASSED] - Execute JavaScript 'return document.querySelector('#zone-type').shadowRoot.querySelector('#content').shadowRoot.querySelectorAll('#selector > div').length' successfully

2018-11-20 12:58:50 - [MESSAGE][PASSED] - Execute JavaScript 'document.querySelector('#zone-type').shadowRoot.querySelector('#content').shadowRoot.querySelector('#selector > div:nth-child(3)').click()' successfully

2018-11-20 12:58:50 - [TEST_STEP][PASSED] - com.ge.tms.commonactions.RailroadActions.clickOnZoneSaveButton: com.ge.tms.commonactions.RailroadActions.clickOnZoneSaveButton is PASSED

2018-11-20 12:58:50 - [MESSAGE][PASSED] - Send request successfully

2018-11-20 12:58:50 - [MESSAGE][PASSED] - Send request successfully

2018-11-20 12:58:50 - [MESSAGE][PASSED] - Send request successfully

2018-11-20 12:58:50 - [MESSAGE][PASSED] - Send request successfully

2018-11-20 12:58:50 - [MESSAGE][PASSED] - Object: 'Object Repository/F5140-Add Zone Functionalities/QA-US88570-Add Zone/US38196-Save a New Zone/Add Edit Zone/zoneSaveButton' is clicked on

2018-11-20 12:58:53 - [MESSAGE][PASSED] - Delayed 3 second(s)

2018-11-20 12:58:53 - [MESSAGE][PASSED] - com.ge.tms.commonactions.RailroadActions.clickOnZoneSaveButton is PASSED

2018-11-20 12:58:53 - [TEST_STEP][PASSED] - delay: Delayed 2 second(s)

2018-11-20 12:58:55 - [MESSAGE][PASSED] - Delayed 2 second(s)

2018-11-20 12:58:55 - [TEST_STEP][PASSED] - Statement - setTrackId = <not implemented yet for class: org.codehaus.groovy.ast.expr.EmptyExpression>: null

2018-11-20 12:58:55 - [TEST_STEP][PASSED] - Statement - actions.saveNewTrackRecord(setTrackId): Execute JavaScript 'document.querySelector('#trackConditionCode').shadowRoot.querySelector('px-overlay-content > #content').shadowRoot.querySelector('#dropdown > div > #selector > div:nth-child(1)').click()' successfully

2018-11-20 12:58:55 - [MESSAGE][PASSED] - Object: 'Object Repository/F5362 - Configure and Manage Track/AddTrackButton' is clicked on

2018-11-20 12:58:56 - [MESSAGE][PASSED] - Delayed 1 second(s)

2018-11-20 12:58:56 - [MESSAGE][PASSED] - Text 'EQADQT' is set on object 'Object Repository/F5362 - Configure and Manage Track/Track_id_input'

2018-11-20 12:58:57 - [MESSAGE][PASSED] - Text 'AJL0T2HNYI' is set on object 'Object Repository/F5362 - Configure and Manage Track/Track_Description_input'

2018-11-20 12:58:57 - [MESSAGE][PASSED] - Execute JavaScript 'return document.querySelector('#trackType').shadowRoot.querySelector('px-overlay-content > #content').shadowRoot.querySelectorAll('#dropdown > div > #selector > div').length' successfully

2018-11-20 12:58:57 - [MESSAGE][PASSED] - Execute JavaScript 'document.querySelector('#trackType').shadowRoot.querySelector('px-overlay-content > #content').shadowRoot.querySelector('#dropdown > div > #selector > div:nth-child(1)').click()' successfully

2018-11-20 12:58:57 - [MESSAGE][PASSED] - Text '1' is set on object 'Object Repository/F5362 - Configure and Manage Track/Track_Length_input'

2018-11-20 12:58:57 - [MESSAGE][PASSED] - Text '1' is set on object 'Object Repository/F5362 - Configure and Manage Track/Car_Capacity_input'

2018-11-20 12:58:57 - [MESSAGE][PASSED] - Execute JavaScript 'return document.querySelector('#trackConditionCode').shadowRoot.querySelector('px-overlay-content > #content').shadowRoot.querySelectorAll('#dropdown > div > #selector > div').length' successfully

2018-11-20 12:58:57 - [MESSAGE][PASSED] - Execute JavaScript 'document.querySelector('#trackConditionCode').shadowRoot.querySelector('px-overlay-content > #content').shadowRoot.querySelector('#dropdown > div > #selector > div:nth-child(1)').click()' successfully

2018-11-20 12:58:57 - [TEST_STEP][PASSED] - Statement - actions.saveTrack(): Delayed 3 second(s)

2018-11-20 12:58:57 - [MESSAGE][PASSED] - Object: 'Object Repository/F5362 - Configure and Manage Track/SaveTrackButton' is clicked on

2018-11-20 12:59:00 - [MESSAGE][PASSED] - Delayed 3 second(s)

2018-11-20 12:59:00 - [TEST_STEP][PASSED] - delay: Delayed 1 second(s)

2018-11-20 12:59:01 - [MESSAGE][PASSED] - Delayed 1 second(s)

2018-11-20 12:59:01 - [TEST_STEP][PASSED] - com.ge.tms.railroad.RailroadVerification.verifyEditedTrackLengthNotSaved: com.ge.tms.railroad.RailroadVerification.verifyEditedTrackLengthNotSaved is PASSED

2018-11-20 12:59:01 - [MESSAGE][PASSED] - Send request successfully

2018-11-20 12:59:01 - [MESSAGE][PASSED] - Send request successfully

2018-11-20 12:59:01 - [MESSAGE][PASSED] - Send request successfully

2018-11-20 12:59:01 - [MESSAGE][PASSED] - Send request successfully

2018-11-20 12:59:01 - [MESSAGE][PASSED] - Send request successfully

2018-11-20 12:59:01 - [MESSAGE][PASSED] - Send request successfully

2018-11-20 12:59:01 - [MESSAGE][PASSED] - Send request successfully

2018-11-20 12:59:01 - [MESSAGE][PASSED] - Send request successfully

2018-11-20 12:59:01 - [MESSAGE][PASSED] - Object: 'Object Repository/F5362 - Configure and Manage Track/edit_track_icon' is clicked on

2018-11-20 12:59:03 - [MESSAGE][PASSED] - Delayed 2 second(s)

2018-11-20 12:59:03 - [MESSAGE][PASSED] - Text of object 'Object Repository/F5362 - Configure and Manage Track/Track_Length_input' is cleared

2018-11-20 12:59:05 - [MESSAGE][PASSED] - Delayed 2 second(s)

2018-11-20 12:59:05 - [MESSAGE][PASSED] - Text '3' is set on object 'Object Repository/F5362 - Configure and Manage Track/Track_Length_input'

2018-11-20 12:59:05 - [MESSAGE][PASSED] - Object: 'Object Repository/F5362 - Configure and Manage Track/CancelTrackButton' is clicked on

2018-11-20 12:59:06 - [MESSAGE][PASSED] - Text 'EQADQT' is set on object 'Object Repository/F5362 - Configure and Manage Track/Track_search_field_row1_trackid'

2018-11-20 12:59:06 - [MESSAGE][PASSED] - Text of object 'Object Repository/F5362 - Configure and Manage Track/Track_First_row_column_length' is: '1'

2018-11-20 12:59:06 - [MESSAGE][PASSED] - Actual object '3' and expected object '1' are not equal

2018-11-20 12:59:06 - [MESSAGE][PASSED] - com.ge.tms.railroad.RailroadVerification.verifyEditedTrackLengthNotSaved is PASSED

2018-11-20 12:59:06 - [TEST_STEP][PASSED] - com.ge.tms.commonactions.RailroadActions.clickOnDeleteTrack: com.ge.tms.commonactions.RailroadActions.clickOnDeleteTrack is PASSED

2018-11-20 12:59:06 - [MESSAGE][PASSED] - Send request successfully

2018-11-20 12:59:06 - [MESSAGE][PASSED] - Send request successfully

2018-11-20 12:59:06 - [MESSAGE][PASSED] - Send request successfully

2018-11-20 12:59:06 - [MESSAGE][PASSED] - Send request successfully

2018-11-20 12:59:06 - [MESSAGE][PASSED] - Object: 'Object Repository/F5362 - Configure and Manage Track/deleteTrackButton' is clicked on

2018-11-20 12:59:06 - [MESSAGE][PASSED] - com.ge.tms.commonactions.RailroadActions.clickOnDeleteTrack is PASSED

2018-11-20 12:59:06 - [TEST_STEP][PASSED] - Statement - deleteYesButtonObj = com.kms.katalon.core.testobject.ObjectRepository.findTestObject(Object Repository/F5362 - Configure and Manage Track/deleteTrackYesButton): Finding Test Object with id 'Object Repository/F5362 - Configure and Manage Track/deleteTrackYesButton'

2018-11-20 12:59:06 - [TEST_STEP][PASSED] - com.ge.tms.commonactions.RailroadActions.clickOnTestObject: com.ge.tms.commonactions.RailroadActions.clickOnTestObject is PASSED

2018-11-20 12:59:06 - [MESSAGE][PASSED] - Send request successfully

2018-11-20 12:59:06 - [MESSAGE][PASSED] - Send request successfully

2018-11-20 12:59:06 - [MESSAGE][PASSED] - Send request successfully

2018-11-20 12:59:06 - [MESSAGE][PASSED] - Send request successfully

2018-11-20 12:59:06 - [MESSAGE][PASSED] - Object: 'Object Repository/F5362 - Configure and Manage Track/deleteTrackYesButton' is clicked on

2018-11-20 12:59:06 - [MESSAGE][PASSED] - com.ge.tms.commonactions.RailroadActions.clickOnTestObject is PASSED

2018-11-20 12:59:06 - [TEST_STEP][PASSED] - com.ge.tms.railroad.RailroadVerification.verifyNoTracksFoundInSearch: com.ge.tms.railroad.RailroadVerification.verifyNoTracksFoundInSearch is PASSED

2018-11-20 12:59:06 - [MESSAGE][PASSED] - Send request successfully

2018-11-20 12:59:06 - [MESSAGE][PASSED] - Send request successfully

2018-11-20 12:59:06 - [MESSAGE][PASSED] - Send request successfully

2018-11-20 12:59:06 - [MESSAGE][PASSED] - Send request successfully

2018-11-20 12:59:06 - [MESSAGE][PASSED] - Send request successfully

2018-11-20 12:59:06 - [MESSAGE][PASSED] - Send request successfully

2018-11-20 12:59:06 - [MESSAGE][PASSED] - Send request successfully

2018-11-20 12:59:06 - [MESSAGE][PASSED] - Send request successfully

2018-11-20 12:59:06 - [MESSAGE][PASSED] - Text 'EQADQT' is set on object 'Object Repository/F5362 - Configure and Manage Track/Track_search_field_row1_trackid'

2018-11-20 12:59:06 - [MESSAGE][PASSED] - Text of object 'Object Repository/F5362 - Configure and Manage Track/noRowsfound' is: 'No rows found'

2018-11-20 12:59:06 - [MESSAGE][PASSED] - Actual object 'No rows found' and expected object 'No rows found' are equal

2018-11-20 12:59:06 - [MESSAGE][PASSED] - com.ge.tms.railroad.RailroadVerification.verifyNoTracksFoundInSearch is PASSED

2018-11-20 12:59:06 - [TEST_STEP][PASSED] - delay: Delayed 2 second(s)

2018-11-20 12:59:08 - [MESSAGE][PASSED] - Delayed 2 second(s)

2018-11-20 12:59:08 - [TEST_STEP][PASSED] - com.ge.tms.commonactions.RailroadActions.clickOnZoneActionMenu: com.ge.tms.commonactions.RailroadActions.clickOnZoneActionMenu is PASSED

2018-11-20 12:59:08 - [MESSAGE][PASSED] - Send request successfully

2018-11-20 12:59:08 - [MESSAGE][PASSED] - Send request successfully

2018-11-20 12:59:08 - [MESSAGE][PASSED] - Send request successfully

2018-11-20 12:59:08 - [MESSAGE][PASSED] - Send request successfully

2018-11-20 12:59:08 - [MESSAGE][PASSED] - Execute JavaScript 'document.querySelector('#zone-actions-dropdown').shadowRoot.querySelector('#trigger').click()' successfully

2018-11-20 12:59:09 - [MESSAGE][PASSED] - Delayed 1 second(s)

2018-11-20 12:59:09 - [MESSAGE][PASSED] - com.ge.tms.commonactions.RailroadActions.clickOnZoneActionMenu is PASSED

2018-11-20 12:59:09 - [TEST_STEP][PASSED] - com.ge.tms.commonactions.RailroadActions.clickOnDeleteAction: com.ge.tms.commonactions.RailroadActions.clickOnDeleteAction is PASSED

2018-11-20 12:59:09 - [MESSAGE][PASSED] - Send request successfully

2018-11-20 12:59:09 - [MESSAGE][PASSED] - Send request successfully

2018-11-20 12:59:09 - [MESSAGE][PASSED] - Send request successfully

2018-11-20 12:59:09 - [MESSAGE][PASSED] - Send request successfully

2018-11-20 12:59:09 - [MESSAGE][PASSED] - Execute JavaScript 'document.querySelector('#zone-actions-dropdown').shadowRoot.querySelector('#content').shadowRoot.querySelector('#selector > div:nth-child(2)').click()' successfully

2018-11-20 12:59:09 - [MESSAGE][PASSED] - com.ge.tms.commonactions.RailroadActions.clickOnDeleteAction is PASSED

2018-11-20 12:59:09 - [TEST_STEP][PASSED] - delay: Delayed 1 second(s)

2018-11-20 12:59:10 - [MESSAGE][PASSED] - Delayed 1 second(s)

2018-11-20 12:59:10 - [TEST_STEP][PASSED] - Statement - deleteYesButtonObj = com.kms.katalon.core.testobject.ObjectRepository.findTestObject(Object Repository/F5140-Add Zone Functionalities/QA-US88570-Add Zone/US38196-Save a New Zone/Delete Zone/deleteYesButton): Finding Test Object with id 'Object Repository/F5140-Add Zone Functionalities/QA-US88570-Add Zone/US38196-Save a New Zone/Delete Zone/deleteYesButton'

2018-11-20 12:59:10 - [TEST_STEP][PASSED] - com.ge.tms.commonactions.RailroadActions.clickOnTestObject: com.ge.tms.commonactions.RailroadActions.clickOnTestObject is PASSED

2018-11-20 12:59:10 - [MESSAGE][PASSED] - Send request successfully

2018-11-20 12:59:10 - [MESSAGE][PASSED] - Send request successfully

2018-11-20 12:59:10 - [MESSAGE][PASSED] - Send request successfully

2018-11-20 12:59:10 - [MESSAGE][PASSED] - Send request successfully

2018-11-20 12:59:10 - [MESSAGE][PASSED] - Object: 'Object Repository/F5140-Add Zone Functionalities/QA-US88570-Add Zone/US38196-Save a New Zone/Delete Zone/deleteYesButton' is clicked on

2018-11-20 12:59:10 - [MESSAGE][PASSED] - com.ge.tms.commonactions.RailroadActions.clickOnTestObject is PASSED

2018-11-20 12:59:10 - [TEST_STEP][PASSED] - delay: Delayed 1 second(s)

2018-11-20 12:59:11 - [MESSAGE][PASSED] - Delayed 1 second(s)

2018-11-20 12:59:11 - [TEST_STEP][PASSED] - com.ge.tms.railroad.RailroadVerification.verifyViewStationIdAfterZoneDeletion: com.ge.tms.railroad.RailroadVerification.verifyViewStationIdAfterZoneDeletion is PASSED

2018-11-20 12:59:11 - [MESSAGE][PASSED] - Send request successfully

2018-11-20 12:59:11 - [MESSAGE][PASSED] - Send request successfully

2018-11-20 12:59:11 - [MESSAGE][PASSED] - Send request successfully

2018-11-20 12:59:11 - [MESSAGE][PASSED] - Send request successfully

2018-11-20 12:59:11 - [MESSAGE][PASSED] - Send request successfully

2018-11-20 12:59:11 - [MESSAGE][PASSED] - Send request successfully

2018-11-20 12:59:11 - [MESSAGE][PASSED] - Send request successfully

2018-11-20 12:59:11 - [MESSAGE][PASSED] - Send request successfully

2018-11-20 12:59:11 - [MESSAGE][PASSED] - Text of object 'Object Repository/F11822-Configure and Manage Stations/QA-US87586-View Stations/US84086-View Station Details/View Stations/div_StationCode' is: 'COEW8V9'

2018-11-20 12:59:11 - [MESSAGE][PASSED] - Actual object 'COEW8V9' and expected object 'COEW8V9' are equal

2018-11-20 12:59:11 - [MESSAGE][PASSED] - com.ge.tms.railroad.RailroadVerification.verifyViewStationIdAfterZoneDeletion is PASSED

2018-11-20 12:59:11 - [TEST_STEP][PASSED] - com.ge.tms.commonactions.RailroadActions.clickOnStationActionMenu: com.ge.tms.commonactions.RailroadActions.clickOnStationActionMenu is PASSED

2018-11-20 12:59:11 - [MESSAGE][PASSED] - Send request successfully

2018-11-20 12:59:11 - [MESSAGE][PASSED] - Send request successfully

2018-11-20 12:59:11 - [MESSAGE][PASSED] - Send request successfully

2018-11-20 12:59:11 - [MESSAGE][PASSED] - Send request successfully

2018-11-20 12:59:11 - [MESSAGE][PASSED] - Execute JavaScript 'document.querySelector('#station-actions-dropdown').shadowRoot.querySelector('#trigger').click()' successfully

2018-11-20 12:59:12 - [MESSAGE][PASSED] - Delayed 1 second(s)

2018-11-20 12:59:12 - [MESSAGE][PASSED] - com.ge.tms.commonactions.RailroadActions.clickOnStationActionMenu is PASSED

2018-11-20 12:59:12 - [TEST_STEP][PASSED] - com.ge.tms.commonactions.RailroadActions.clickOnDeleteStationButton: com.ge.tms.commonactions.RailroadActions.clickOnDeleteStationButton is PASSED

2018-11-20 12:59:13 - [MESSAGE][PASSED] - Send request successfully

2018-11-20 12:59:13 - [MESSAGE][PASSED] - Send request successfully

2018-11-20 12:59:13 - [MESSAGE][PASSED] - Send request successfully

2018-11-20 12:59:13 - [MESSAGE][PASSED] - Send request successfully

2018-11-20 12:59:13 - [MESSAGE][PASSED] - Execute JavaScript 'document.querySelector('#station-actions-dropdown').shadowRoot.querySelector('#content').shadowRoot.querySelector('#selector > div:nth-child(2)').click()' successfully

2018-11-20 12:59:13 - [MESSAGE][PASSED] - com.ge.tms.commonactions.RailroadActions.clickOnDeleteStationButton is PASSED

2018-11-20 12:59:13 - [TEST_STEP][PASSED] - Statement - deleteYesButtonObj = com.kms.katalon.core.testobject.ObjectRepository.findTestObject(Object Repository/F11822-Configure and Manage Stations/deleteConfirmationYesButton): Finding Test Object with id 'Object Repository/F11822-Configure and Manage Stations/deleteConfirmationYesButton'

2018-11-20 12:59:13 - [TEST_STEP][PASSED] - com.ge.tms.commonactions.RailroadActions.clickOnTestObject: com.ge.tms.commonactions.RailroadActions.clickOnTestObject is PASSED

2018-11-20 12:59:13 - [MESSAGE][PASSED] - Send request successfully

2018-11-20 12:59:13 - [MESSAGE][PASSED] - Send request successfully

2018-11-20 12:59:13 - [MESSAGE][PASSED] - Send request successfully

2018-11-20 12:59:13 - [MESSAGE][PASSED] - Send request successfully

2018-11-20 12:59:13 - [MESSAGE][PASSED] - Object: 'Object Repository/F11822-Configure and Manage Stations/deleteConfirmationYesButton' is clicked on

2018-11-20 12:59:13 - [MESSAGE][PASSED] - com.ge.tms.commonactions.RailroadActions.clickOnTestObject is PASSED

2018-11-20 12:59:13 - [TEST_STEP][PASSED] - delay: Delayed 1 second(s)

2018-11-20 12:59:14 - [MESSAGE][PASSED] - Delayed 1 second(s)

2018-11-20 12:59:14 - [TEST_STEP][PASSED] - com.ge.tms.railroad.RailroadVerification.verifyDeletedItemNotPresentInSearchView: com.ge.tms.railroad.RailroadVerification.verifyDeletedItemNotPresentInSearchView is PASSED

2018-11-20 12:59:14 - [MESSAGE][PASSED] - Send request successfully

2018-11-20 12:59:14 - [MESSAGE][PASSED] - Send request successfully

2018-11-20 12:59:14 - [MESSAGE][PASSED] - Send request successfully

2018-11-20 12:59:14 - [MESSAGE][PASSED] - Send request successfully

2018-11-20 12:59:14 - [MESSAGE][PASSED] - Send request successfully

2018-11-20 12:59:14 - [MESSAGE][PASSED] - Send request successfully

2018-11-20 12:59:14 - [MESSAGE][PASSED] - Send request successfully

2018-11-20 12:59:14 - [MESSAGE][PASSED] - Send request successfully

2018-11-20 12:59:14 - [MESSAGE][PASSED] - Text 'COEW8V9' is set on object 'Object Repository/CommonObjects/searchTextBoxLeftNav'

2018-11-20 12:59:16 - [MESSAGE][PASSED] - Delayed 2 second(s)

2018-11-20 12:59:16 - [MESSAGE][PASSED] - Text of object 'Object Repository/CommonObjects/noSearchResultMessageLeftNav' is: 'No stations or zones found.'

2018-11-20 12:59:16 - [MESSAGE][PASSED] - Actual object 'No stations or zones found.' and expected object 'No stations or zones found.' are equal

2018-11-20 12:59:16 - [MESSAGE][PASSED] - com.ge.tms.railroad.RailroadVerification.verifyDeletedItemNotPresentInSearchView is PASSED

2018-11-20 12:59:16 - [TEST_STEP][PASSED] - Start listener action : closeBrowserForTestCasse: Navigate to 'http://localhost:8080/home' successfully

2018-11-20 12:59:16 - [TEST_STEP][PASSED] - Statement - If (isTestSuitEnable == true): null

2018-11-20 12:59:16 - [TEST_STEP][PASSED] - Statement - beforeTestCaseExecute(): null

2018-11-20 12:59:16 - [TEST_STEP][PASSED] - Statement - If (isTestSuitEnable == true): Navigate to 'http://localhost:8080/home' successfully

2018-11-20 12:59:16 - [TEST_STEP][PASSED] - navigateToUrl: Navigate to 'http://localhost:8080/home' successfully

2018-11-20 12:59:17 - [MESSAGE][PASSED] - Navigate to 'http://localhost:8080/home' successfully

2018-11-20 12:59:17 - [TEST_STEP][PASSED] - Start listener action : afterTestCase: Invoke 'com.kms.katalon.core.annotation.AfterTestCase' method: 'TmsTestListner.afterTestCase(...)' completed.

2018-11-20 12:59:17 - [TEST_STEP][PASSED] - Statement - If (java.lang.System.getProperties().containsKey("updateRally")): Invoke 'com.kms.katalon.core.annotation.AfterTestCase' method: 'TmsTestListner.afterTestCase(...)' completed.]]></system-out>
         <system-err><![CDATA[]]></system-err>
      </testcase>
      <testcase name="Test Cases/Railroad/F5362 - Configure and manage track/QA - US92819/US39512 - Add track from station/TC66202 - Add Track from Station and cancel" classname="Test Cases/Railroad/F5362 - Configure and manage track/QA - US92819/US39512 - Add track from station/TC66202 - Add Track from Station and cancel" status="PASSED">
         <system-out><![CDATA[2018-11-20 12:59:17 - [TEST_CASE][PASSED] - Test Cases/Railroad/F5362 - Configure and manage track/QA - US92819/US39512 - Add track from station/TC66202 - Add Track from Station and cancel: Test Cases/Railroad/F5362 - Configure and manage track/QA - US92819/US39512 - Add track from station/TC66202 - Add Track from Station and cancel

2018-11-20 12:59:17 - [TEST_STEP][PASSED] - Start listener action : beforeTestCaseExecute: Navigate to 'http://localhost:8080/home' successfully

2018-11-20 12:59:17 - [TEST_STEP][PASSED] - Statement - If (isTestSuitEnable == true): Navigate to 'http://localhost:8080/home' successfully

2018-11-20 12:59:17 - [TEST_STEP][PASSED] - navigateToUrl: Navigate to 'http://localhost:8080/home' successfully

2018-11-20 12:59:18 - [MESSAGE][PASSED] - Navigate to 'http://localhost:8080/home' successfully

2018-11-20 12:59:18 - [TEST_STEP][PASSED] - Statement - util = new com.ge.tms.util.CommonUtilities(): Send request successfully

2018-11-20 12:59:18 - [MESSAGE][PASSED] - Send request successfully

2018-11-20 12:59:18 - [MESSAGE][PASSED] - Send request successfully

2018-11-20 12:59:18 - [MESSAGE][PASSED] - Send request successfully

2018-11-20 12:59:18 - [MESSAGE][PASSED] - Send request successfully

2018-11-20 12:59:18 - [TEST_STEP][PASSED] - Statement - actions = new com.ge.tms.commonactions.RailroadActions(): Send request successfully

2018-11-20 12:59:18 - [MESSAGE][PASSED] - Send request successfully

2018-11-20 12:59:18 - [MESSAGE][PASSED] - Send request successfully

2018-11-20 12:59:18 - [MESSAGE][PASSED] - Send request successfully

2018-11-20 12:59:18 - [MESSAGE][PASSED] - Send request successfully

2018-11-20 12:59:18 - [TEST_STEP][PASSED] - Statement - empty = <not implemented yet for class: org.codehaus.groovy.ast.expr.EmptyExpression>: null

2018-11-20 12:59:18 - [TEST_STEP][PASSED] - com.ge.tms.commonactions.CommonClickEvents.clickOnRailroadSetup: com.ge.tms.commonactions.CommonClickEvents.clickOnRailroadSetup is PASSED

2018-11-20 12:59:18 - [MESSAGE][PASSED] - Execute JavaScript 'document.querySelector('px-app-nav').shadowRoot.querySelector('#items > px-app-nav-group:nth-child(13) > px-app-nav-subitem:nth-child(1)').click()' successfully

2018-11-20 12:59:20 - [MESSAGE][PASSED] - Delayed 2 second(s)

2018-11-20 12:59:20 - [MESSAGE][PASSED] - com.ge.tms.commonactions.CommonClickEvents.clickOnRailroadSetup is PASSED

2018-11-20 12:59:20 - [TEST_STEP][PASSED] - com.ge.tms.commonactions.RailroadActions.clickOnSelectRailroadDropdown: com.ge.tms.commonactions.RailroadActions.clickOnSelectRailroadDropdown is PASSED

2018-11-20 12:59:20 - [MESSAGE][PASSED] - Send request successfully

2018-11-20 12:59:20 - [MESSAGE][PASSED] - Send request successfully

2018-11-20 12:59:20 - [MESSAGE][PASSED] - Send request successfully

2018-11-20 12:59:20 - [MESSAGE][PASSED] - Send request successfully

2018-11-20 12:59:20 - [MESSAGE][PASSED] - Execute JavaScript 'document.querySelector('#railroads-select-dropdown').shadowRoot.querySelector('#trigger').click()' successfully

2018-11-20 12:59:23 - [MESSAGE][PASSED] - Delayed 3 second(s)

2018-11-20 12:59:23 - [MESSAGE][PASSED] - com.ge.tms.commonactions.RailroadActions.clickOnSelectRailroadDropdown is PASSED

2018-11-20 12:59:23 - [TEST_STEP][PASSED] - com.ge.tms.commonactions.RailroadActions.selectRandomRailRoad: com.ge.tms.commonactions.RailroadActions.selectRandomRailRoad is PASSED

2018-11-20 12:59:23 - [MESSAGE][PASSED] - Send request successfully

2018-11-20 12:59:23 - [MESSAGE][PASSED] - Send request successfully

2018-11-20 12:59:23 - [MESSAGE][PASSED] - Send request successfully

2018-11-20 12:59:23 - [MESSAGE][PASSED] - Send request successfully

2018-11-20 12:59:23 - [MESSAGE][PASSED] - Execute JavaScript 'let railRoadList=[]; document.querySelector('#railroads-select-dropdown').shadowRoot.querySelector('#content').shadowRoot.querySelectorAll('#selector > div.dropdown-option').forEach(node => { railRoadList.push(node.getAttribute('title')) }); return railRoadList' successfully

2018-11-20 12:59:23 - [MESSAGE][PASSED] - Execute JavaScript 'return document.querySelector('#railroads-select-dropdown').shadowRoot.querySelector('#content').shadowRoot.querySelector('#selector > div:nth-child(1) span').innerHTML' successfully

2018-11-20 12:59:23 - [MESSAGE][PASSED] - Execute JavaScript 'return document.querySelector('#railroads-select-dropdown').shadowRoot.querySelector('#content').shadowRoot.querySelector('#selector > div:nth-child(1) span').click()' successfully

2018-11-20 12:59:23 - [MESSAGE][PASSED] - com.ge.tms.commonactions.RailroadActions.selectRandomRailRoad is PASSED

2018-11-20 12:59:23 - [TEST_STEP][PASSED] - delay: Delayed 2 second(s)

2018-11-20 12:59:25 - [MESSAGE][PASSED] - Delayed 2 second(s)

2018-11-20 12:59:25 - [TEST_STEP][PASSED] - Statement - actions.addStationMandatotyFields(empty): Delayed 3 second(s)

2018-11-20 12:59:25 - [MESSAGE][PASSED] - Object: 'Object Repository/F11822-Configure and Manage Stations/Add_New_Station_Button' is clicked on

2018-11-20 12:59:26 - [MESSAGE][PASSED] - Text '2CHAQT1' is set on object 'Object Repository/F11822-Configure and Manage Stations/station_id'

2018-11-20 12:59:26 - [MESSAGE][PASSED] - Text '5DDIYLU' is set on object 'Object Repository/F11822-Configure and Manage Stations/station_name'

2018-11-20 12:59:26 - [MESSAGE][PASSED] - Execute JavaScript 'document.querySelector('#splc').shadowRoot.querySelector('#trigger').shadowRoot.querySelector('#trigger').click()' successfully

2018-11-20 12:59:26 - [MESSAGE][PASSED] - Execute JavaScript 'return document.querySelector('#splc').shadowRoot.querySelector('px-overlay-content > #content').shadowRoot.querySelectorAll('#dropdown > div > #selector > div').length' successfully

2018-11-20 12:59:26 - [MESSAGE][PASSED] - Execute JavaScript 'document.querySelector('#splc').shadowRoot.querySelector('px-overlay-content > #content').shadowRoot.querySelector('#dropdown > div > #selector > div:nth-child(1)').click()' successfully

2018-11-20 12:59:26 - [MESSAGE][PASSED] - Execute JavaScript 'return document.querySelector('#fsac').shadowRoot.querySelector('px-overlay-content > #content').shadowRoot.querySelectorAll('#dropdown > div > #selector > div').length' successfully

2018-11-20 12:59:26 - [MESSAGE][PASSED] - Execute JavaScript 'document.querySelector('#fsac').shadowRoot.querySelector('px-overlay-content > #content').shadowRoot.querySelector('#dropdown > div > #selector > div:nth-child(1)').click()' successfully

2018-11-20 12:59:26 - [MESSAGE][PASSED] - Execute JavaScript 'return document.querySelector('#station-timezone-qualifier').shadowRoot.querySelector('px-overlay-content > #content').shadowRoot.querySelectorAll('#dropdown > div > #selector > div').length' successfully

2018-11-20 12:59:26 - [MESSAGE][PASSED] - Execute JavaScript 'document.querySelector('#station-timezone-qualifier').shadowRoot.querySelector('px-overlay-content > #content').shadowRoot.querySelector('#dropdown > div > #selector > div:nth-child(1)').click()' successfully

2018-11-20 12:59:26 - [MESSAGE][PASSED] - Execute JavaScript 'return document.querySelector('#country').shadowRoot.querySelector('px-overlay-content > #content').shadowRoot.querySelectorAll('#dropdown > div > #selector > div').length' successfully

2018-11-20 12:59:26 - [MESSAGE][PASSED] - Execute JavaScript 'document.querySelector('#country').shadowRoot.querySelector('px-overlay-content > #content').shadowRoot.querySelector('#dropdown > div > #selector > div:nth-child(2)').click()' successfully

2018-11-20 12:59:26 - [MESSAGE][PASSED] - Execute JavaScript 'return document.querySelector('#state').shadowRoot.querySelector('px-overlay-content > #content').shadowRoot.querySelectorAll('#dropdown > div > #selector > div').length' successfully

2018-11-20 12:59:26 - [MESSAGE][PASSED] - Execute JavaScript 'document.querySelector('#state').shadowRoot.querySelector('px-overlay-content > #content').shadowRoot.querySelector('#dropdown > div > #selector > div:nth-child(5)').click()' successfully

2018-11-20 12:59:26 - [MESSAGE][PASSED] - Object: 'Object Repository/F11822-Configure and Manage Stations/station_save_button' is clicked on

2018-11-20 12:59:29 - [MESSAGE][PASSED] - Delayed 3 second(s)

2018-11-20 12:59:29 - [TEST_STEP][PASSED] - delay: Delayed 2 second(s)

2018-11-20 12:59:31 - [MESSAGE][PASSED] - Delayed 2 second(s)

2018-11-20 12:59:31 - [TEST_STEP][PASSED] - Statement - actions.addZone(empty): Execute JavaScript 'document.querySelector('#zone-type').shadowRoot.querySelector('#content').shadowRoot.querySelector('#selector > div:nth-child(2)').click()' successfully

2018-11-20 12:59:31 - [MESSAGE][PASSED] - Object: 'Object Repository/F5140-Add Zone Functionalities/QA-US88570-Add Zone/US38196-Save a New Zone/Add Edit Zone/addNewZoneButton' is clicked on

2018-11-20 12:59:34 - [MESSAGE][PASSED] - Delayed 3 second(s)

2018-11-20 12:59:35 - [MESSAGE][PASSED] - Text 'UMFUS' is set on object 'Object Repository/F5140-Add Zone Functionalities/QA-US88570-Add Zone/US38196-Save a New Zone/Add Edit Zone/zoneID'

2018-11-20 12:59:35 - [MESSAGE][PASSED] - Text 'BPMWZSD' is set on object 'Object Repository/F5140-Add Zone Functionalities/QA-US88570-Add Zone/US38196-Save a New Zone/Add Edit Zone/zoneName'

2018-11-20 12:59:35 - [MESSAGE][PASSED] - Execute JavaScript 'document.querySelector('#zone-type').shadowRoot.querySelector('#trigger').click()' successfully

2018-11-20 12:59:35 - [MESSAGE][PASSED] - Execute JavaScript 'return document.querySelector('#zone-type').shadowRoot.querySelector('#content').shadowRoot.querySelectorAll('#selector > div').length' successfully

2018-11-20 12:59:35 - [MESSAGE][PASSED] - Execute JavaScript 'document.querySelector('#zone-type').shadowRoot.querySelector('#content').shadowRoot.querySelector('#selector > div:nth-child(2)').click()' successfully

2018-11-20 12:59:35 - [TEST_STEP][PASSED] - com.ge.tms.commonactions.RailroadActions.clickOnZoneSaveButton: com.ge.tms.commonactions.RailroadActions.clickOnZoneSaveButton is PASSED

2018-11-20 12:59:35 - [MESSAGE][PASSED] - Send request successfully

2018-11-20 12:59:35 - [MESSAGE][PASSED] - Send request successfully

2018-11-20 12:59:35 - [MESSAGE][PASSED] - Send request successfully

2018-11-20 12:59:35 - [MESSAGE][PASSED] - Send request successfully

2018-11-20 12:59:35 - [MESSAGE][PASSED] - Object: 'Object Repository/F5140-Add Zone Functionalities/QA-US88570-Add Zone/US38196-Save a New Zone/Add Edit Zone/zoneSaveButton' is clicked on

2018-11-20 12:59:38 - [MESSAGE][PASSED] - Delayed 3 second(s)

2018-11-20 12:59:38 - [MESSAGE][PASSED] - com.ge.tms.commonactions.RailroadActions.clickOnZoneSaveButton is PASSED

2018-11-20 12:59:38 - [TEST_STEP][PASSED] - Statement - actions.setStaionForStationzoneSearchField(): Text '2CHAQT1' is set on object 'Object Repository/CommonObjects/searchTextBoxLeftNav'

2018-11-20 12:59:38 - [MESSAGE][PASSED] - Text '2CHAQT1' is set on object 'Object Repository/CommonObjects/searchTextBoxLeftNav'

2018-11-20 12:59:38 - [TEST_STEP][PASSED] - delay: Delayed 1 second(s)

2018-11-20 12:59:39 - [MESSAGE][PASSED] - Delayed 1 second(s)

2018-11-20 12:59:39 - [TEST_STEP][PASSED] - Statement - actions.setValuesAddTrackFromStation(empty): Execute JavaScript 'document.querySelector('#zoneId').shadowRoot.querySelector('px-overlay-content > #content').shadowRoot.querySelector('#dropdown > div > #selector > div:nth-child(1)').click()' successfully

2018-11-20 12:59:39 - [MESSAGE][PASSED] - Execute JavaScript 'document.querySelector('px-tree').shadowRoot.querySelector('px-tree-node').shadowRoot.querySelector('li').click()' successfully

2018-11-20 12:59:39 - [MESSAGE][PASSED] - Object: 'Object Repository/F5362 - Configure and Manage Track/AddTrackButton' is clicked on

2018-11-20 12:59:40 - [MESSAGE][PASSED] - Delayed 1 second(s)

2018-11-20 12:59:41 - [MESSAGE][PASSED] - Text 'Q334D6' is set on object 'Object Repository/F5362 - Configure and Manage Track/Track_id_input'

2018-11-20 12:59:41 - [MESSAGE][PASSED] - Text 'TV1TDY8P7Y' is set on object 'Object Repository/F5362 - Configure and Manage Track/Track_Description_input'

2018-11-20 12:59:41 - [MESSAGE][PASSED] - Execute JavaScript 'return document.querySelector('#trackType').shadowRoot.querySelector('px-overlay-content > #content').shadowRoot.querySelectorAll('#dropdown > div > #selector > div').length' successfully

2018-11-20 12:59:41 - [MESSAGE][PASSED] - Execute JavaScript 'document.querySelector('#trackType').shadowRoot.querySelector('px-overlay-content > #content').shadowRoot.querySelector('#dropdown > div > #selector > div:nth-child(3)').click()' successfully

2018-11-20 12:59:41 - [MESSAGE][PASSED] - Text '2' is set on object 'Object Repository/F5362 - Configure and Manage Track/Track_Length_input'

2018-11-20 12:59:41 - [MESSAGE][PASSED] - Text '2' is set on object 'Object Repository/F5362 - Configure and Manage Track/Car_Capacity_input'

2018-11-20 12:59:41 - [MESSAGE][PASSED] - Execute JavaScript 'return document.querySelector('#trackConditionCode').shadowRoot.querySelector('px-overlay-content > #content').shadowRoot.querySelectorAll('#dropdown > div > #selector > div').length' successfully

2018-11-20 12:59:41 - [MESSAGE][PASSED] - Execute JavaScript 'document.querySelector('#trackConditionCode').shadowRoot.querySelector('px-overlay-content > #content').shadowRoot.querySelector('#dropdown > div > #selector > div:nth-child(3)').click()' successfully

2018-11-20 12:59:41 - [MESSAGE][PASSED] - Execute JavaScript 'document.querySelector('#zoneId').shadowRoot.querySelector('#trigger').shadowRoot.querySelector('#trigger').click()' successfully

2018-11-20 12:59:41 - [MESSAGE][PASSED] - Execute JavaScript 'return document.querySelector('#zoneId').shadowRoot.querySelector('px-overlay-content > #content').shadowRoot.querySelectorAll('#dropdown > div > #selector > div').length' successfully

2018-11-20 12:59:41 - [MESSAGE][PASSED] - Execute JavaScript 'document.querySelector('#zoneId').shadowRoot.querySelector('px-overlay-content > #content').shadowRoot.querySelector('#dropdown > div > #selector > div:nth-child(1)').click()' successfully

2018-11-20 12:59:41 - [TEST_STEP][PASSED] - Statement - actions.clickCancelTrack(): Object: 'Object Repository/F5362 - Configure and Manage Track/CancelTrackButton' is clicked on

2018-11-20 12:59:41 - [MESSAGE][PASSED] - Object: 'Object Repository/F5362 - Configure and Manage Track/CancelTrackButton' is clicked on

2018-11-20 12:59:41 - [TEST_STEP][PASSED] - Statement - actions.clickZoneUnderStation(): Execute JavaScript 'document.querySelector('px-tree').shadowRoot.querySelector('px-tree-node').shadowRoot.querySelector('#collapse > div > px-tree-node').shadowRoot.querySelector('li').click()' successfully

2018-11-20 12:59:41 - [MESSAGE][PASSED] - Execute JavaScript 'document.querySelector('px-tree').shadowRoot.querySelector('px-tree-node').shadowRoot.querySelector('#collapse > div > px-tree-node').shadowRoot.querySelector('li').click()' successfully

2018-11-20 12:59:41 - [TEST_STEP][PASSED] - com.ge.tms.railroad.RailroadVerification.verifyNoTracksFound: com.ge.tms.railroad.RailroadVerification.verifyNoTracksFound is PASSED

2018-11-20 12:59:41 - [MESSAGE][PASSED] - Send request successfully

2018-11-20 12:59:41 - [MESSAGE][PASSED] - Send request successfully

2018-11-20 12:59:41 - [MESSAGE][PASSED] - Send request successfully

2018-11-20 12:59:41 - [MESSAGE][PASSED] - Send request successfully

2018-11-20 12:59:41 - [MESSAGE][PASSED] - Send request successfully

2018-11-20 12:59:41 - [MESSAGE][PASSED] - Send request successfully

2018-11-20 12:59:41 - [MESSAGE][PASSED] - Send request successfully

2018-11-20 12:59:41 - [MESSAGE][PASSED] - Send request successfully

2018-11-20 12:59:42 - [MESSAGE][PASSED] - Text 'Q334D6' is set on object 'Object Repository/F5362 - Configure and Manage Track/Track_search_field_row1_trackid'

2018-11-20 12:59:42 - [MESSAGE][PASSED] - Text of object 'Object Repository/F5362 - Configure and Manage Track/noRowsfound' is: 'No rows found'

2018-11-20 12:59:42 - [MESSAGE][PASSED] - Actual object 'No rows found' and expected object 'No rows found' are equal

2018-11-20 12:59:42 - [MESSAGE][PASSED] - com.ge.tms.railroad.RailroadVerification.verifyNoTracksFound is PASSED

2018-11-20 12:59:42 - [TEST_STEP][PASSED] - com.ge.tms.commonactions.RailroadActions.clickOnZoneActionMenu: com.ge.tms.commonactions.RailroadActions.clickOnZoneActionMenu is PASSED

2018-11-20 12:59:42 - [MESSAGE][PASSED] - Send request successfully

2018-11-20 12:59:42 - [MESSAGE][PASSED] - Send request successfully

2018-11-20 12:59:42 - [MESSAGE][PASSED] - Send request successfully

2018-11-20 12:59:42 - [MESSAGE][PASSED] - Send request successfully

2018-11-20 12:59:42 - [MESSAGE][PASSED] - Execute JavaScript 'document.querySelector('#zone-actions-dropdown').shadowRoot.querySelector('#trigger').click()' successfully

2018-11-20 12:59:43 - [MESSAGE][PASSED] - Delayed 1 second(s)

2018-11-20 12:59:43 - [MESSAGE][PASSED] - com.ge.tms.commonactions.RailroadActions.clickOnZoneActionMenu is PASSED

2018-11-20 12:59:43 - [TEST_STEP][PASSED] - com.ge.tms.commonactions.RailroadActions.clickOnDeleteAction: com.ge.tms.commonactions.RailroadActions.clickOnDeleteAction is PASSED

2018-11-20 12:59:43 - [MESSAGE][PASSED] - Send request successfully

2018-11-20 12:59:43 - [MESSAGE][PASSED] - Send request successfully

2018-11-20 12:59:43 - [MESSAGE][PASSED] - Send request successfully

2018-11-20 12:59:43 - [MESSAGE][PASSED] - Send request successfully

2018-11-20 12:59:43 - [MESSAGE][PASSED] - Execute JavaScript 'document.querySelector('#zone-actions-dropdown').shadowRoot.querySelector('#content').shadowRoot.querySelector('#selector > div:nth-child(2)').click()' successfully

2018-11-20 12:59:43 - [MESSAGE][PASSED] - com.ge.tms.commonactions.RailroadActions.clickOnDeleteAction is PASSED

2018-11-20 12:59:43 - [TEST_STEP][PASSED] - delay: Delayed 1 second(s)

2018-11-20 12:59:44 - [MESSAGE][PASSED] - Delayed 1 second(s)

2018-11-20 12:59:44 - [TEST_STEP][PASSED] - Statement - deleteYesButtonObj = com.kms.katalon.core.testobject.ObjectRepository.findTestObject(Object Repository/F5140-Add Zone Functionalities/QA-US88570-Add Zone/US38196-Save a New Zone/Delete Zone/deleteYesButton): Finding Test Object with id 'Object Repository/F5140-Add Zone Functionalities/QA-US88570-Add Zone/US38196-Save a New Zone/Delete Zone/deleteYesButton'

2018-11-20 12:59:44 - [TEST_STEP][PASSED] - com.ge.tms.commonactions.RailroadActions.clickOnTestObject: com.ge.tms.commonactions.RailroadActions.clickOnTestObject is PASSED

2018-11-20 12:59:44 - [MESSAGE][PASSED] - Send request successfully

2018-11-20 12:59:44 - [MESSAGE][PASSED] - Send request successfully

2018-11-20 12:59:44 - [MESSAGE][PASSED] - Send request successfully

2018-11-20 12:59:44 - [MESSAGE][PASSED] - Send request successfully

2018-11-20 12:59:44 - [MESSAGE][PASSED] - Object: 'Object Repository/F5140-Add Zone Functionalities/QA-US88570-Add Zone/US38196-Save a New Zone/Delete Zone/deleteYesButton' is clicked on

2018-11-20 12:59:44 - [MESSAGE][PASSED] - com.ge.tms.commonactions.RailroadActions.clickOnTestObject is PASSED

2018-11-20 12:59:44 - [TEST_STEP][PASSED] - delay: Delayed 1 second(s)

2018-11-20 12:59:45 - [MESSAGE][PASSED] - Delayed 1 second(s)

2018-11-20 12:59:45 - [TEST_STEP][PASSED] - com.ge.tms.railroad.RailroadVerification.verifyViewStationIdAfterZoneDeletion: com.ge.tms.railroad.RailroadVerification.verifyViewStationIdAfterZoneDeletion is PASSED

2018-11-20 12:59:45 - [MESSAGE][PASSED] - Send request successfully

2018-11-20 12:59:45 - [MESSAGE][PASSED] - Send request successfully

2018-11-20 12:59:45 - [MESSAGE][PASSED] - Send request successfully

2018-11-20 12:59:45 - [MESSAGE][PASSED] - Send request successfully

2018-11-20 12:59:45 - [MESSAGE][PASSED] - Send request successfully

2018-11-20 12:59:45 - [MESSAGE][PASSED] - Send request successfully

2018-11-20 12:59:45 - [MESSAGE][PASSED] - Send request successfully

2018-11-20 12:59:45 - [MESSAGE][PASSED] - Send request successfully

2018-11-20 12:59:45 - [MESSAGE][PASSED] - Text of object 'Object Repository/F11822-Configure and Manage Stations/QA-US87586-View Stations/US84086-View Station Details/View Stations/div_StationCode' is: '2CHAQT1'

2018-11-20 12:59:45 - [MESSAGE][PASSED] - Actual object '2CHAQT1' and expected object '2CHAQT1' are equal

2018-11-20 12:59:45 - [MESSAGE][PASSED] - com.ge.tms.railroad.RailroadVerification.verifyViewStationIdAfterZoneDeletion is PASSED

2018-11-20 12:59:45 - [TEST_STEP][PASSED] - com.ge.tms.commonactions.RailroadActions.clickOnStationActionMenu: com.ge.tms.commonactions.RailroadActions.clickOnStationActionMenu is PASSED

2018-11-20 12:59:45 - [MESSAGE][PASSED] - Send request successfully

2018-11-20 12:59:45 - [MESSAGE][PASSED] - Send request successfully

2018-11-20 12:59:45 - [MESSAGE][PASSED] - Send request successfully

2018-11-20 12:59:45 - [MESSAGE][PASSED] - Send request successfully

2018-11-20 12:59:45 - [MESSAGE][PASSED] - Execute JavaScript 'document.querySelector('#station-actions-dropdown').shadowRoot.querySelector('#trigger').click()' successfully

2018-11-20 12:59:46 - [MESSAGE][PASSED] - Delayed 1 second(s)

2018-11-20 12:59:46 - [MESSAGE][PASSED] - com.ge.tms.commonactions.RailroadActions.clickOnStationActionMenu is PASSED

2018-11-20 12:59:46 - [TEST_STEP][PASSED] - com.ge.tms.commonactions.RailroadActions.clickOnDeleteStationButton: com.ge.tms.commonactions.RailroadActions.clickOnDeleteStationButton is PASSED

2018-11-20 12:59:46 - [MESSAGE][PASSED] - Send request successfully

2018-11-20 12:59:46 - [MESSAGE][PASSED] - Send request successfully

2018-11-20 12:59:46 - [MESSAGE][PASSED] - Send request successfully

2018-11-20 12:59:46 - [MESSAGE][PASSED] - Send request successfully

2018-11-20 12:59:46 - [MESSAGE][PASSED] - Execute JavaScript 'document.querySelector('#station-actions-dropdown').shadowRoot.querySelector('#content').shadowRoot.querySelector('#selector > div:nth-child(2)').click()' successfully

2018-11-20 12:59:46 - [MESSAGE][PASSED] - com.ge.tms.commonactions.RailroadActions.clickOnDeleteStationButton is PASSED

2018-11-20 12:59:46 - [TEST_STEP][PASSED] - Statement - deleteYesButtonObj = com.kms.katalon.core.testobject.ObjectRepository.findTestObject(Object Repository/F11822-Configure and Manage Stations/deleteConfirmationYesButton): Finding Test Object with id 'Object Repository/F11822-Configure and Manage Stations/deleteConfirmationYesButton'

2018-11-20 12:59:46 - [TEST_STEP][PASSED] - com.ge.tms.commonactions.RailroadActions.clickOnTestObject: com.ge.tms.commonactions.RailroadActions.clickOnTestObject is PASSED

2018-11-20 12:59:46 - [MESSAGE][PASSED] - Send request successfully

2018-11-20 12:59:46 - [MESSAGE][PASSED] - Send request successfully

2018-11-20 12:59:46 - [MESSAGE][PASSED] - Send request successfully

2018-11-20 12:59:46 - [MESSAGE][PASSED] - Send request successfully

2018-11-20 12:59:46 - [MESSAGE][PASSED] - Object: 'Object Repository/F11822-Configure and Manage Stations/deleteConfirmationYesButton' is clicked on

2018-11-20 12:59:46 - [MESSAGE][PASSED] - com.ge.tms.commonactions.RailroadActions.clickOnTestObject is PASSED

2018-11-20 12:59:46 - [TEST_STEP][PASSED] - delay: Delayed 1 second(s)

2018-11-20 12:59:47 - [MESSAGE][PASSED] - Delayed 1 second(s)

2018-11-20 12:59:47 - [TEST_STEP][PASSED] - com.ge.tms.railroad.RailroadVerification.verifyDeletedItemNotPresentInSearchView: com.ge.tms.railroad.RailroadVerification.verifyDeletedItemNotPresentInSearchView is PASSED

2018-11-20 12:59:47 - [MESSAGE][PASSED] - Send request successfully

2018-11-20 12:59:47 - [MESSAGE][PASSED] - Send request successfully

2018-11-20 12:59:47 - [MESSAGE][PASSED] - Send request successfully

2018-11-20 12:59:47 - [MESSAGE][PASSED] - Send request successfully

2018-11-20 12:59:47 - [MESSAGE][PASSED] - Send request successfully

2018-11-20 12:59:47 - [MESSAGE][PASSED] - Send request successfully

2018-11-20 12:59:47 - [MESSAGE][PASSED] - Send request successfully

2018-11-20 12:59:47 - [MESSAGE][PASSED] - Send request successfully

2018-11-20 12:59:47 - [MESSAGE][PASSED] - Text '2CHAQT1' is set on object 'Object Repository/CommonObjects/searchTextBoxLeftNav'

2018-11-20 12:59:49 - [MESSAGE][PASSED] - Delayed 2 second(s)

2018-11-20 12:59:49 - [MESSAGE][PASSED] - Text of object 'Object Repository/CommonObjects/noSearchResultMessageLeftNav' is: 'No stations or zones found.'

2018-11-20 12:59:49 - [MESSAGE][PASSED] - Actual object 'No stations or zones found.' and expected object 'No stations or zones found.' are equal

2018-11-20 12:59:49 - [MESSAGE][PASSED] - com.ge.tms.railroad.RailroadVerification.verifyDeletedItemNotPresentInSearchView is PASSED

2018-11-20 12:59:49 - [TEST_STEP][PASSED] - Start listener action : closeBrowserForTestCasse: Navigate to 'http://localhost:8080/home' successfully

2018-11-20 12:59:49 - [TEST_STEP][PASSED] - Statement - If (isTestSuitEnable == true): null

2018-11-20 12:59:49 - [TEST_STEP][PASSED] - Statement - beforeTestCaseExecute(): null

2018-11-20 12:59:49 - [TEST_STEP][PASSED] - Statement - If (isTestSuitEnable == true): Navigate to 'http://localhost:8080/home' successfully

2018-11-20 12:59:49 - [TEST_STEP][PASSED] - navigateToUrl: Navigate to 'http://localhost:8080/home' successfully

2018-11-20 12:59:51 - [MESSAGE][PASSED] - Navigate to 'http://localhost:8080/home' successfully

2018-11-20 12:59:51 - [TEST_STEP][PASSED] - Start listener action : afterTestCase: Invoke 'com.kms.katalon.core.annotation.AfterTestCase' method: 'TmsTestListner.afterTestCase(...)' completed.

2018-11-20 12:59:51 - [TEST_STEP][PASSED] - Statement - If (java.lang.System.getProperties().containsKey("updateRally")): Invoke 'com.kms.katalon.core.annotation.AfterTestCase' method: 'TmsTestListner.afterTestCase(...)' completed.]]></system-out>
         <system-err><![CDATA[]]></system-err>
      </testcase>
      <testcase name="Test Cases/Railroad/F5362 - Configure and manage track/QA - US92819/US39512 - Add track from station/TC66203 - Duplicate Track record -error message" classname="Test Cases/Railroad/F5362 - Configure and manage track/QA - US92819/US39512 - Add track from station/TC66203 - Duplicate Track record -error message" status="PASSED">
         <system-out><![CDATA[2018-11-20 12:59:51 - [TEST_CASE][PASSED] - Test Cases/Railroad/F5362 - Configure and manage track/QA - US92819/US39512 - Add track from station/TC66203 - Duplicate Track record -error message: Test Cases/Railroad/F5362 - Configure and manage track/QA - US92819/US39512 - Add track from station/TC66203 - Duplicate Track record -error message

2018-11-20 12:59:51 - [TEST_STEP][PASSED] - Start listener action : beforeTestCaseExecute: Navigate to 'http://localhost:8080/home' successfully

2018-11-20 12:59:51 - [TEST_STEP][PASSED] - Statement - If (isTestSuitEnable == true): Navigate to 'http://localhost:8080/home' successfully

2018-11-20 12:59:51 - [TEST_STEP][PASSED] - navigateToUrl: Navigate to 'http://localhost:8080/home' successfully

2018-11-20 12:59:51 - [MESSAGE][PASSED] - Navigate to 'http://localhost:8080/home' successfully

2018-11-20 12:59:51 - [TEST_STEP][PASSED] - Statement - util = new com.ge.tms.util.CommonUtilities(): Send request successfully

2018-11-20 12:59:51 - [MESSAGE][PASSED] - Send request successfully

2018-11-20 12:59:51 - [MESSAGE][PASSED] - Send request successfully

2018-11-20 12:59:51 - [MESSAGE][PASSED] - Send request successfully

2018-11-20 12:59:51 - [MESSAGE][PASSED] - Send request successfully

2018-11-20 12:59:51 - [TEST_STEP][PASSED] - Statement - actions = new com.ge.tms.commonactions.RailroadActions(): Send request successfully

2018-11-20 12:59:51 - [MESSAGE][PASSED] - Send request successfully

2018-11-20 12:59:51 - [MESSAGE][PASSED] - Send request successfully

2018-11-20 12:59:51 - [MESSAGE][PASSED] - Send request successfully

2018-11-20 12:59:51 - [MESSAGE][PASSED] - Send request successfully

2018-11-20 12:59:51 - [TEST_STEP][PASSED] - Statement - empty = <not implemented yet for class: org.codehaus.groovy.ast.expr.EmptyExpression>: null

2018-11-20 12:59:51 - [TEST_STEP][PASSED] - com.ge.tms.commonactions.CommonClickEvents.clickOnRailroadSetup: com.ge.tms.commonactions.CommonClickEvents.clickOnRailroadSetup is PASSED

2018-11-20 12:59:51 - [MESSAGE][PASSED] - Execute JavaScript 'document.querySelector('px-app-nav').shadowRoot.querySelector('#items > px-app-nav-group:nth-child(13) > px-app-nav-subitem:nth-child(1)').click()' successfully

2018-11-20 12:59:53 - [MESSAGE][PASSED] - Delayed 2 second(s)

2018-11-20 12:59:53 - [MESSAGE][PASSED] - com.ge.tms.commonactions.CommonClickEvents.clickOnRailroadSetup is PASSED

2018-11-20 12:59:53 - [TEST_STEP][PASSED] - com.ge.tms.commonactions.RailroadActions.clickOnSelectRailroadDropdown: com.ge.tms.commonactions.RailroadActions.clickOnSelectRailroadDropdown is PASSED

2018-11-20 12:59:53 - [MESSAGE][PASSED] - Send request successfully

2018-11-20 12:59:53 - [MESSAGE][PASSED] - Send request successfully

2018-11-20 12:59:53 - [MESSAGE][PASSED] - Send request successfully

2018-11-20 12:59:53 - [MESSAGE][PASSED] - Send request successfully

2018-11-20 12:59:53 - [MESSAGE][PASSED] - Execute JavaScript 'document.querySelector('#railroads-select-dropdown').shadowRoot.querySelector('#trigger').click()' successfully

2018-11-20 12:59:56 - [MESSAGE][PASSED] - Delayed 3 second(s)

2018-11-20 12:59:56 - [MESSAGE][PASSED] - com.ge.tms.commonactions.RailroadActions.clickOnSelectRailroadDropdown is PASSED

2018-11-20 12:59:56 - [TEST_STEP][PASSED] - com.ge.tms.commonactions.RailroadActions.selectRandomRailRoad: com.ge.tms.commonactions.RailroadActions.selectRandomRailRoad is PASSED

2018-11-20 12:59:57 - [MESSAGE][PASSED] - Send request successfully

2018-11-20 12:59:57 - [MESSAGE][PASSED] - Send request successfully

2018-11-20 12:59:57 - [MESSAGE][PASSED] - Send request successfully

2018-11-20 12:59:57 - [MESSAGE][PASSED] - Send request successfully

2018-11-20 12:59:57 - [MESSAGE][PASSED] - Execute JavaScript 'let railRoadList=[]; document.querySelector('#railroads-select-dropdown').shadowRoot.querySelector('#content').shadowRoot.querySelectorAll('#selector > div.dropdown-option').forEach(node => { railRoadList.push(node.getAttribute('title')) }); return railRoadList' successfully

2018-11-20 12:59:57 - [MESSAGE][PASSED] - Execute JavaScript 'return document.querySelector('#railroads-select-dropdown').shadowRoot.querySelector('#content').shadowRoot.querySelector('#selector > div:nth-child(1) span').innerHTML' successfully

2018-11-20 12:59:57 - [MESSAGE][PASSED] - Execute JavaScript 'return document.querySelector('#railroads-select-dropdown').shadowRoot.querySelector('#content').shadowRoot.querySelector('#selector > div:nth-child(1) span').click()' successfully

2018-11-20 12:59:57 - [MESSAGE][PASSED] - com.ge.tms.commonactions.RailroadActions.selectRandomRailRoad is PASSED

2018-11-20 12:59:57 - [TEST_STEP][PASSED] - delay: Delayed 2 second(s)

2018-11-20 12:59:59 - [MESSAGE][PASSED] - Delayed 2 second(s)

2018-11-20 12:59:59 - [TEST_STEP][PASSED] - Statement - actions.addStationMandatotyFields(empty): Delayed 3 second(s)

2018-11-20 12:59:59 - [MESSAGE][PASSED] - Object: 'Object Repository/F11822-Configure and Manage Stations/Add_New_Station_Button' is clicked on

2018-11-20 12:59:59 - [MESSAGE][PASSED] - Text 'AHIYSCN' is set on object 'Object Repository/F11822-Configure and Manage Stations/station_id'

2018-11-20 12:59:59 - [MESSAGE][PASSED] - Text 'ID1EJGP' is set on object 'Object Repository/F11822-Configure and Manage Stations/station_name'

2018-11-20 12:59:59 - [MESSAGE][PASSED] - Execute JavaScript 'document.querySelector('#splc').shadowRoot.querySelector('#trigger').shadowRoot.querySelector('#trigger').click()' successfully

2018-11-20 12:59:59 - [MESSAGE][PASSED] - Execute JavaScript 'return document.querySelector('#splc').shadowRoot.querySelector('px-overlay-content > #content').shadowRoot.querySelectorAll('#dropdown > div > #selector > div').length' successfully

2018-11-20 12:59:59 - [MESSAGE][PASSED] - Execute JavaScript 'document.querySelector('#splc').shadowRoot.querySelector('px-overlay-content > #content').shadowRoot.querySelector('#dropdown > div > #selector > div:nth-child(1)').click()' successfully

2018-11-20 12:59:59 - [MESSAGE][PASSED] - Execute JavaScript 'return document.querySelector('#fsac').shadowRoot.querySelector('px-overlay-content > #content').shadowRoot.querySelectorAll('#dropdown > div > #selector > div').length' successfully

2018-11-20 12:59:59 - [MESSAGE][PASSED] - Execute JavaScript 'document.querySelector('#fsac').shadowRoot.querySelector('px-overlay-content > #content').shadowRoot.querySelector('#dropdown > div > #selector > div:nth-child(1)').click()' successfully

2018-11-20 12:59:59 - [MESSAGE][PASSED] - Execute JavaScript 'return document.querySelector('#station-timezone-qualifier').shadowRoot.querySelector('px-overlay-content > #content').shadowRoot.querySelectorAll('#dropdown > div > #selector > div').length' successfully

2018-11-20 13:00:00 - [MESSAGE][PASSED] - Execute JavaScript 'document.querySelector('#station-timezone-qualifier').shadowRoot.querySelector('px-overlay-content > #content').shadowRoot.querySelector('#dropdown > div > #selector > div:nth-child(7)').click()' successfully

2018-11-20 13:00:00 - [MESSAGE][PASSED] - Execute JavaScript 'return document.querySelector('#country').shadowRoot.querySelector('px-overlay-content > #content').shadowRoot.querySelectorAll('#dropdown > div > #selector > div').length' successfully

2018-11-20 13:00:00 - [MESSAGE][PASSED] - Execute JavaScript 'document.querySelector('#country').shadowRoot.querySelector('px-overlay-content > #content').shadowRoot.querySelector('#dropdown > div > #selector > div:nth-child(1)').click()' successfully

2018-11-20 13:00:00 - [MESSAGE][PASSED] - Execute JavaScript 'return document.querySelector('#state').shadowRoot.querySelector('px-overlay-content > #content').shadowRoot.querySelectorAll('#dropdown > div > #selector > div').length' successfully

2018-11-20 13:00:00 - [MESSAGE][PASSED] - Execute JavaScript 'document.querySelector('#state').shadowRoot.querySelector('px-overlay-content > #content').shadowRoot.querySelector('#dropdown > div > #selector > div:nth-child(43)').click()' successfully

2018-11-20 13:00:00 - [MESSAGE][PASSED] - Object: 'Object Repository/F11822-Configure and Manage Stations/station_save_button' is clicked on

2018-11-20 13:00:03 - [MESSAGE][PASSED] - Delayed 3 second(s)

2018-11-20 13:00:03 - [TEST_STEP][PASSED] - delay: Delayed 2 second(s)

2018-11-20 13:00:05 - [MESSAGE][PASSED] - Delayed 2 second(s)

2018-11-20 13:00:05 - [TEST_STEP][PASSED] - Statement - actions.addZone(empty): Execute JavaScript 'document.querySelector('#zone-type').shadowRoot.querySelector('#content').shadowRoot.querySelector('#selector > div:nth-child(1)').click()' successfully

2018-11-20 13:00:05 - [MESSAGE][PASSED] - Object: 'Object Repository/F5140-Add Zone Functionalities/QA-US88570-Add Zone/US38196-Save a New Zone/Add Edit Zone/addNewZoneButton' is clicked on

2018-11-20 13:00:08 - [MESSAGE][PASSED] - Delayed 3 second(s)

2018-11-20 13:00:08 - [MESSAGE][PASSED] - Text 'XN6HX' is set on object 'Object Repository/F5140-Add Zone Functionalities/QA-US88570-Add Zone/US38196-Save a New Zone/Add Edit Zone/zoneID'

2018-11-20 13:00:08 - [MESSAGE][PASSED] - Text 'UVYVRM7' is set on object 'Object Repository/F5140-Add Zone Functionalities/QA-US88570-Add Zone/US38196-Save a New Zone/Add Edit Zone/zoneName'

2018-11-20 13:00:08 - [MESSAGE][PASSED] - Execute JavaScript 'document.querySelector('#zone-type').shadowRoot.querySelector('#trigger').click()' successfully

2018-11-20 13:00:08 - [MESSAGE][PASSED] - Execute JavaScript 'return document.querySelector('#zone-type').shadowRoot.querySelector('#content').shadowRoot.querySelectorAll('#selector > div').length' successfully

2018-11-20 13:00:08 - [MESSAGE][PASSED] - Execute JavaScript 'document.querySelector('#zone-type').shadowRoot.querySelector('#content').shadowRoot.querySelector('#selector > div:nth-child(1)').click()' successfully

2018-11-20 13:00:08 - [TEST_STEP][PASSED] - com.ge.tms.commonactions.RailroadActions.clickOnZoneSaveButton: com.ge.tms.commonactions.RailroadActions.clickOnZoneSaveButton is PASSED

2018-11-20 13:00:08 - [MESSAGE][PASSED] - Send request successfully

2018-11-20 13:00:08 - [MESSAGE][PASSED] - Send request successfully

2018-11-20 13:00:08 - [MESSAGE][PASSED] - Send request successfully

2018-11-20 13:00:08 - [MESSAGE][PASSED] - Send request successfully

2018-11-20 13:00:08 - [MESSAGE][PASSED] - Object: 'Object Repository/F5140-Add Zone Functionalities/QA-US88570-Add Zone/US38196-Save a New Zone/Add Edit Zone/zoneSaveButton' is clicked on

2018-11-20 13:00:11 - [MESSAGE][PASSED] - Delayed 3 second(s)

2018-11-20 13:00:11 - [MESSAGE][PASSED] - com.ge.tms.commonactions.RailroadActions.clickOnZoneSaveButton is PASSED

2018-11-20 13:00:11 - [TEST_STEP][PASSED] - Statement - actions.setStaionForStationzoneSearchField(): Text 'AHIYSCN' is set on object 'Object Repository/CommonObjects/searchTextBoxLeftNav'

2018-11-20 13:00:12 - [MESSAGE][PASSED] - Text 'AHIYSCN' is set on object 'Object Repository/CommonObjects/searchTextBoxLeftNav'

2018-11-20 13:00:12 - [TEST_STEP][PASSED] - delay: Delayed 1 second(s)

2018-11-20 13:00:13 - [MESSAGE][PASSED] - Delayed 1 second(s)

2018-11-20 13:00:13 - [TEST_STEP][PASSED] - Statement - actions.setValuesAddTrackFromStation(empty): Execute JavaScript 'document.querySelector('#zoneId').shadowRoot.querySelector('px-overlay-content > #content').shadowRoot.querySelector('#dropdown > div > #selector > div:nth-child(1)').click()' successfully

2018-11-20 13:00:13 - [MESSAGE][PASSED] - Execute JavaScript 'document.querySelector('px-tree').shadowRoot.querySelector('px-tree-node').shadowRoot.querySelector('li').click()' successfully

2018-11-20 13:00:13 - [MESSAGE][PASSED] - Object: 'Object Repository/F5362 - Configure and Manage Track/AddTrackButton' is clicked on

2018-11-20 13:00:14 - [MESSAGE][PASSED] - Delayed 1 second(s)

2018-11-20 13:00:14 - [MESSAGE][PASSED] - Text 'TJZOUL' is set on object 'Object Repository/F5362 - Configure and Manage Track/Track_id_input'

2018-11-20 13:00:14 - [MESSAGE][PASSED] - Text 'PCBCYV31EF' is set on object 'Object Repository/F5362 - Configure and Manage Track/Track_Description_input'

2018-11-20 13:00:14 - [MESSAGE][PASSED] - Execute JavaScript 'return document.querySelector('#trackType').shadowRoot.querySelector('px-overlay-content > #content').shadowRoot.querySelectorAll('#dropdown > div > #selector > div').length' successfully

2018-11-20 13:00:14 - [MESSAGE][PASSED] - Execute JavaScript 'document.querySelector('#trackType').shadowRoot.querySelector('px-overlay-content > #content').shadowRoot.querySelector('#dropdown > div > #selector > div:nth-child(2)').click()' successfully

2018-11-20 13:00:14 - [MESSAGE][PASSED] - Text '2' is set on object 'Object Repository/F5362 - Configure and Manage Track/Track_Length_input'

2018-11-20 13:00:14 - [MESSAGE][PASSED] - Text '3' is set on object 'Object Repository/F5362 - Configure and Manage Track/Car_Capacity_input'

2018-11-20 13:00:14 - [MESSAGE][PASSED] - Execute JavaScript 'return document.querySelector('#trackConditionCode').shadowRoot.querySelector('px-overlay-content > #content').shadowRoot.querySelectorAll('#dropdown > div > #selector > div').length' successfully

2018-11-20 13:00:14 - [MESSAGE][PASSED] - Execute JavaScript 'document.querySelector('#trackConditionCode').shadowRoot.querySelector('px-overlay-content > #content').shadowRoot.querySelector('#dropdown > div > #selector > div:nth-child(3)').click()' successfully

2018-11-20 13:00:14 - [MESSAGE][PASSED] - Execute JavaScript 'document.querySelector('#zoneId').shadowRoot.querySelector('#trigger').shadowRoot.querySelector('#trigger').click()' successfully

2018-11-20 13:00:14 - [MESSAGE][PASSED] - Execute JavaScript 'return document.querySelector('#zoneId').shadowRoot.querySelector('px-overlay-content > #content').shadowRoot.querySelectorAll('#dropdown > div > #selector > div').length' successfully

2018-11-20 13:00:14 - [MESSAGE][PASSED] - Execute JavaScript 'document.querySelector('#zoneId').shadowRoot.querySelector('px-overlay-content > #content').shadowRoot.querySelector('#dropdown > div > #selector > div:nth-child(1)').click()' successfully

2018-11-20 13:00:14 - [TEST_STEP][PASSED] - Statement - actions.saveTrack(): Delayed 3 second(s)

2018-11-20 13:00:15 - [MESSAGE][PASSED] - Object: 'Object Repository/F5362 - Configure and Manage Track/SaveTrackButton' is clicked on

2018-11-20 13:00:18 - [MESSAGE][PASSED] - Delayed 3 second(s)

2018-11-20 13:00:18 - [TEST_STEP][PASSED] - delay: Delayed 2 second(s)

2018-11-20 13:00:20 - [MESSAGE][PASSED] - Delayed 2 second(s)

2018-11-20 13:00:20 - [TEST_STEP][PASSED] - Statement - actions.clickZoneUnderStation(): Execute JavaScript 'document.querySelector('px-tree').shadowRoot.querySelector('px-tree-node').shadowRoot.querySelector('#collapse > div > px-tree-node').shadowRoot.querySelector('li').click()' successfully

2018-11-20 13:00:20 - [MESSAGE][PASSED] - Execute JavaScript 'document.querySelector('px-tree').shadowRoot.querySelector('px-tree-node').shadowRoot.querySelector('#collapse > div > px-tree-node').shadowRoot.querySelector('li').click()' successfully

2018-11-20 13:00:20 - [TEST_STEP][PASSED] - com.ge.tms.railroad.RailroadVerification.verifyDuplicateTrackIDErrorMessage: com.ge.tms.railroad.RailroadVerification.verifyDuplicateTrackIDErrorMessage is PASSED

2018-11-20 13:00:20 - [MESSAGE][PASSED] - Send request successfully

2018-11-20 13:00:20 - [MESSAGE][PASSED] - Send request successfully

2018-11-20 13:00:20 - [MESSAGE][PASSED] - Send request successfully

2018-11-20 13:00:20 - [MESSAGE][PASSED] - Send request successfully

2018-11-20 13:00:20 - [MESSAGE][PASSED] - Send request successfully

2018-11-20 13:00:20 - [MESSAGE][PASSED] - Send request successfully

2018-11-20 13:00:20 - [MESSAGE][PASSED] - Send request successfully

2018-11-20 13:00:20 - [MESSAGE][PASSED] - Send request successfully

2018-11-20 13:00:20 - [MESSAGE][PASSED] - Object: 'Object Repository/F5362 - Configure and Manage Track/AddTrackButton' is clicked on

2018-11-20 13:00:21 - [MESSAGE][PASSED] - Delayed 1 second(s)

2018-11-20 13:00:21 - [MESSAGE][PASSED] - Text 'TJZOUL' is set on object 'Object Repository/F5362 - Configure and Manage Track/Track_id_input'

2018-11-20 13:00:21 - [MESSAGE][PASSED] - Keys '	' sent to object: 'Object Repository/F5362 - Configure and Manage Track/Track_id_input'

2018-11-20 13:00:21 - [MESSAGE][PASSED] - Text of object 'Object Repository/F5362 - Configure and Manage Track/Track_Id_Error_Message' is: 'TRACK ID ALREADY EXISTS'

2018-11-20 13:00:21 - [MESSAGE][PASSED] - Actual object 'TRACK ID ALREADY EXISTS' and expected object 'TRACK ID ALREADY EXISTS' are equal

2018-11-20 13:00:21 - [MESSAGE][PASSED] - Attribute 'class' of object 'Object Repository/F5362 - Configure and Manage Track/SaveTrackButton' is: 'btn btn--disabled btn--call-to-action float--right'

2018-11-20 13:00:21 - [MESSAGE][PASSED] - Actual object 'true' and expected object 'true' are equal

2018-11-20 13:00:21 - [MESSAGE][PASSED] - com.ge.tms.railroad.RailroadVerification.verifyDuplicateTrackIDErrorMessage is PASSED

2018-11-20 13:00:21 - [TEST_STEP][PASSED] - Statement - actions.clickCancelTrack(): Object: 'Object Repository/F5362 - Configure and Manage Track/CancelTrackButton' is clicked on

2018-11-20 13:00:21 - [MESSAGE][PASSED] - Object: 'Object Repository/F5362 - Configure and Manage Track/CancelTrackButton' is clicked on

2018-11-20 13:00:21 - [TEST_STEP][PASSED] - com.ge.tms.commonactions.RailroadActions.clickOnDeleteTrack: com.ge.tms.commonactions.RailroadActions.clickOnDeleteTrack is PASSED

2018-11-20 13:00:21 - [MESSAGE][PASSED] - Send request successfully

2018-11-20 13:00:21 - [MESSAGE][PASSED] - Send request successfully

2018-11-20 13:00:21 - [MESSAGE][PASSED] - Send request successfully

2018-11-20 13:00:21 - [MESSAGE][PASSED] - Send request successfully

2018-11-20 13:00:21 - [MESSAGE][PASSED] - Object: 'Object Repository/F5362 - Configure and Manage Track/deleteTrackButton' is clicked on

2018-11-20 13:00:21 - [MESSAGE][PASSED] - com.ge.tms.commonactions.RailroadActions.clickOnDeleteTrack is PASSED

2018-11-20 13:00:21 - [TEST_STEP][PASSED] - Statement - deleteYesButtonObj = com.kms.katalon.core.testobject.ObjectRepository.findTestObject(Object Repository/F5362 - Configure and Manage Track/deleteTrackYesButton): Finding Test Object with id 'Object Repository/F5362 - Configure and Manage Track/deleteTrackYesButton'

2018-11-20 13:00:21 - [TEST_STEP][PASSED] - com.ge.tms.commonactions.RailroadActions.clickOnTestObject: com.ge.tms.commonactions.RailroadActions.clickOnTestObject is PASSED

2018-11-20 13:00:21 - [MESSAGE][PASSED] - Send request successfully

2018-11-20 13:00:21 - [MESSAGE][PASSED] - Send request successfully

2018-11-20 13:00:21 - [MESSAGE][PASSED] - Send request successfully

2018-11-20 13:00:21 - [MESSAGE][PASSED] - Send request successfully

2018-11-20 13:00:21 - [MESSAGE][PASSED] - Object: 'Object Repository/F5362 - Configure and Manage Track/deleteTrackYesButton' is clicked on

2018-11-20 13:00:21 - [MESSAGE][PASSED] - com.ge.tms.commonactions.RailroadActions.clickOnTestObject is PASSED

2018-11-20 13:00:21 - [TEST_STEP][PASSED] - delay: Delayed 1 second(s)

2018-11-20 13:00:22 - [MESSAGE][PASSED] - Delayed 1 second(s)

2018-11-20 13:00:22 - [TEST_STEP][PASSED] - com.ge.tms.commonactions.RailroadActions.clickOnZoneActionMenu: com.ge.tms.commonactions.RailroadActions.clickOnZoneActionMenu is PASSED

2018-11-20 13:00:22 - [MESSAGE][PASSED] - Send request successfully

2018-11-20 13:00:22 - [MESSAGE][PASSED] - Send request successfully

2018-11-20 13:00:22 - [MESSAGE][PASSED] - Send request successfully

2018-11-20 13:00:22 - [MESSAGE][PASSED] - Send request successfully

2018-11-20 13:00:22 - [MESSAGE][PASSED] - Execute JavaScript 'document.querySelector('#zone-actions-dropdown').shadowRoot.querySelector('#trigger').click()' successfully

2018-11-20 13:00:23 - [MESSAGE][PASSED] - Delayed 1 second(s)

2018-11-20 13:00:23 - [MESSAGE][PASSED] - com.ge.tms.commonactions.RailroadActions.clickOnZoneActionMenu is PASSED

2018-11-20 13:00:23 - [TEST_STEP][PASSED] - com.ge.tms.commonactions.RailroadActions.clickOnDeleteAction: com.ge.tms.commonactions.RailroadActions.clickOnDeleteAction is PASSED

2018-11-20 13:00:23 - [MESSAGE][PASSED] - Send request successfully

2018-11-20 13:00:23 - [MESSAGE][PASSED] - Send request successfully

2018-11-20 13:00:23 - [MESSAGE][PASSED] - Send request successfully

2018-11-20 13:00:23 - [MESSAGE][PASSED] - Send request successfully

2018-11-20 13:00:23 - [MESSAGE][PASSED] - Execute JavaScript 'document.querySelector('#zone-actions-dropdown').shadowRoot.querySelector('#content').shadowRoot.querySelector('#selector > div:nth-child(2)').click()' successfully

2018-11-20 13:00:23 - [MESSAGE][PASSED] - com.ge.tms.commonactions.RailroadActions.clickOnDeleteAction is PASSED

2018-11-20 13:00:23 - [TEST_STEP][PASSED] - delay: Delayed 1 second(s)

2018-11-20 13:00:24 - [MESSAGE][PASSED] - Delayed 1 second(s)

2018-11-20 13:00:24 - [TEST_STEP][PASSED] - Statement - deleteYesButtonObj = com.kms.katalon.core.testobject.ObjectRepository.findTestObject(Object Repository/F5140-Add Zone Functionalities/QA-US88570-Add Zone/US38196-Save a New Zone/Delete Zone/deleteYesButton): Finding Test Object with id 'Object Repository/F5140-Add Zone Functionalities/QA-US88570-Add Zone/US38196-Save a New Zone/Delete Zone/deleteYesButton'

2018-11-20 13:00:24 - [TEST_STEP][PASSED] - com.ge.tms.commonactions.RailroadActions.clickOnTestObject: com.ge.tms.commonactions.RailroadActions.clickOnTestObject is PASSED

2018-11-20 13:00:24 - [MESSAGE][PASSED] - Send request successfully

2018-11-20 13:00:24 - [MESSAGE][PASSED] - Send request successfully

2018-11-20 13:00:24 - [MESSAGE][PASSED] - Send request successfully

2018-11-20 13:00:24 - [MESSAGE][PASSED] - Send request successfully

2018-11-20 13:00:24 - [MESSAGE][PASSED] - Object: 'Object Repository/F5140-Add Zone Functionalities/QA-US88570-Add Zone/US38196-Save a New Zone/Delete Zone/deleteYesButton' is clicked on

2018-11-20 13:00:24 - [MESSAGE][PASSED] - com.ge.tms.commonactions.RailroadActions.clickOnTestObject is PASSED

2018-11-20 13:00:24 - [TEST_STEP][PASSED] - delay: Delayed 1 second(s)

2018-11-20 13:00:25 - [MESSAGE][PASSED] - Delayed 1 second(s)

2018-11-20 13:00:25 - [TEST_STEP][PASSED] - com.ge.tms.commonactions.RailroadActions.clickOnStationActionMenu: com.ge.tms.commonactions.RailroadActions.clickOnStationActionMenu is PASSED

2018-11-20 13:00:25 - [MESSAGE][PASSED] - Send request successfully

2018-11-20 13:00:25 - [MESSAGE][PASSED] - Send request successfully

2018-11-20 13:00:25 - [MESSAGE][PASSED] - Send request successfully

2018-11-20 13:00:25 - [MESSAGE][PASSED] - Send request successfully

2018-11-20 13:00:25 - [MESSAGE][PASSED] - Execute JavaScript 'document.querySelector('#station-actions-dropdown').shadowRoot.querySelector('#trigger').click()' successfully

2018-11-20 13:00:26 - [MESSAGE][PASSED] - Delayed 1 second(s)

2018-11-20 13:00:26 - [MESSAGE][PASSED] - com.ge.tms.commonactions.RailroadActions.clickOnStationActionMenu is PASSED

2018-11-20 13:00:26 - [TEST_STEP][PASSED] - com.ge.tms.commonactions.RailroadActions.clickOnDeleteStationButton: com.ge.tms.commonactions.RailroadActions.clickOnDeleteStationButton is PASSED

2018-11-20 13:00:26 - [MESSAGE][PASSED] - Send request successfully

2018-11-20 13:00:26 - [MESSAGE][PASSED] - Send request successfully

2018-11-20 13:00:26 - [MESSAGE][PASSED] - Send request successfully

2018-11-20 13:00:26 - [MESSAGE][PASSED] - Send request successfully

2018-11-20 13:00:26 - [MESSAGE][PASSED] - Execute JavaScript 'document.querySelector('#station-actions-dropdown').shadowRoot.querySelector('#content').shadowRoot.querySelector('#selector > div:nth-child(2)').click()' successfully

2018-11-20 13:00:26 - [MESSAGE][PASSED] - com.ge.tms.commonactions.RailroadActions.clickOnDeleteStationButton is PASSED

2018-11-20 13:00:26 - [TEST_STEP][PASSED] - Statement - deleteYesButtonObj = com.kms.katalon.core.testobject.ObjectRepository.findTestObject(Object Repository/F11822-Configure and Manage Stations/deleteConfirmationYesButton): Finding Test Object with id 'Object Repository/F11822-Configure and Manage Stations/deleteConfirmationYesButton'

2018-11-20 13:00:26 - [TEST_STEP][PASSED] - com.ge.tms.commonactions.RailroadActions.clickOnTestObject: com.ge.tms.commonactions.RailroadActions.clickOnTestObject is PASSED

2018-11-20 13:00:26 - [MESSAGE][PASSED] - Send request successfully

2018-11-20 13:00:26 - [MESSAGE][PASSED] - Send request successfully

2018-11-20 13:00:27 - [MESSAGE][PASSED] - Send request successfully

2018-11-20 13:00:27 - [MESSAGE][PASSED] - Send request successfully

2018-11-20 13:00:27 - [MESSAGE][PASSED] - Object: 'Object Repository/F11822-Configure and Manage Stations/deleteConfirmationYesButton' is clicked on

2018-11-20 13:00:27 - [MESSAGE][PASSED] - com.ge.tms.commonactions.RailroadActions.clickOnTestObject is PASSED

2018-11-20 13:00:27 - [TEST_STEP][PASSED] - delay: Delayed 1 second(s)

2018-11-20 13:00:28 - [MESSAGE][PASSED] - Delayed 1 second(s)

2018-11-20 13:00:28 - [TEST_STEP][PASSED] - com.ge.tms.railroad.RailroadVerification.verifyDeletedItemNotPresentInSearchView: com.ge.tms.railroad.RailroadVerification.verifyDeletedItemNotPresentInSearchView is PASSED

2018-11-20 13:00:28 - [MESSAGE][PASSED] - Send request successfully

2018-11-20 13:00:28 - [MESSAGE][PASSED] - Send request successfully

2018-11-20 13:00:28 - [MESSAGE][PASSED] - Send request successfully

2018-11-20 13:00:28 - [MESSAGE][PASSED] - Send request successfully

2018-11-20 13:00:28 - [MESSAGE][PASSED] - Send request successfully

2018-11-20 13:00:28 - [MESSAGE][PASSED] - Send request successfully

2018-11-20 13:00:28 - [MESSAGE][PASSED] - Send request successfully

2018-11-20 13:00:28 - [MESSAGE][PASSED] - Send request successfully

2018-11-20 13:00:28 - [MESSAGE][PASSED] - Text 'AHIYSCN' is set on object 'Object Repository/CommonObjects/searchTextBoxLeftNav'

2018-11-20 13:00:30 - [MESSAGE][PASSED] - Delayed 2 second(s)

2018-11-20 13:00:30 - [MESSAGE][PASSED] - Text of object 'Object Repository/CommonObjects/noSearchResultMessageLeftNav' is: 'No stations or zones found.'

2018-11-20 13:00:30 - [MESSAGE][PASSED] - Actual object 'No stations or zones found.' and expected object 'No stations or zones found.' are equal

2018-11-20 13:00:30 - [MESSAGE][PASSED] - com.ge.tms.railroad.RailroadVerification.verifyDeletedItemNotPresentInSearchView is PASSED

2018-11-20 13:00:30 - [TEST_STEP][PASSED] - Start listener action : closeBrowserForTestCasse: Navigate to 'http://localhost:8080/home' successfully

2018-11-20 13:00:30 - [TEST_STEP][PASSED] - Statement - If (isTestSuitEnable == true): null

2018-11-20 13:00:30 - [TEST_STEP][PASSED] - Statement - beforeTestCaseExecute(): null

2018-11-20 13:00:30 - [TEST_STEP][PASSED] - Statement - If (isTestSuitEnable == true): Navigate to 'http://localhost:8080/home' successfully

2018-11-20 13:00:30 - [TEST_STEP][PASSED] - navigateToUrl: Navigate to 'http://localhost:8080/home' successfully

2018-11-20 13:00:31 - [MESSAGE][PASSED] - Navigate to 'http://localhost:8080/home' successfully

2018-11-20 13:00:31 - [TEST_STEP][PASSED] - Start listener action : afterTestCase: Invoke 'com.kms.katalon.core.annotation.AfterTestCase' method: 'TmsTestListner.afterTestCase(...)' completed.

2018-11-20 13:00:31 - [TEST_STEP][PASSED] - Statement - If (java.lang.System.getProperties().containsKey("updateRally")): Invoke 'com.kms.katalon.core.annotation.AfterTestCase' method: 'TmsTestListner.afterTestCase(...)' completed.]]></system-out>
         <system-err><![CDATA[]]></system-err>
      </testcase>
      <testcase name="Test Cases/Railroad/F5524 - Delete Zone functionalities/QA-US92240/US38198-Delete zone with no tracks/TC65662- Delete a zone with no tracks" classname="Test Cases/Railroad/F5524 - Delete Zone functionalities/QA-US92240/US38198-Delete zone with no tracks/TC65662- Delete a zone with no tracks" status="PASSED">
         <system-out><![CDATA[2018-11-20 13:00:31 - [TEST_CASE][PASSED] - Test Cases/Railroad/F5524 - Delete Zone functionalities/QA-US92240/US38198-Delete zone with no tracks/TC65662- Delete a zone with no tracks: Test Cases/Railroad/F5524 - Delete Zone functionalities/QA-US92240/US38198-Delete zone with no tracks/TC65662- Delete a zone with no tracks

2018-11-20 13:00:31 - [TEST_STEP][PASSED] - Start listener action : beforeTestCaseExecute: Navigate to 'http://localhost:8080/home' successfully

2018-11-20 13:00:31 - [TEST_STEP][PASSED] - Statement - If (isTestSuitEnable == true): Navigate to 'http://localhost:8080/home' successfully

2018-11-20 13:00:31 - [TEST_STEP][PASSED] - navigateToUrl: Navigate to 'http://localhost:8080/home' successfully

2018-11-20 13:00:32 - [MESSAGE][PASSED] - Navigate to 'http://localhost:8080/home' successfully

2018-11-20 13:00:32 - [TEST_STEP][PASSED] - Statement - util = new com.ge.tms.util.CommonUtilities(): Send request successfully

2018-11-20 13:00:32 - [MESSAGE][PASSED] - Send request successfully

2018-11-20 13:00:32 - [MESSAGE][PASSED] - Send request successfully

2018-11-20 13:00:32 - [MESSAGE][PASSED] - Send request successfully

2018-11-20 13:00:32 - [MESSAGE][PASSED] - Send request successfully

2018-11-20 13:00:32 - [TEST_STEP][PASSED] - Statement - actions = new com.ge.tms.commonactions.RailroadActions(): Send request successfully

2018-11-20 13:00:32 - [MESSAGE][PASSED] - Send request successfully

2018-11-20 13:00:32 - [MESSAGE][PASSED] - Send request successfully

2018-11-20 13:00:32 - [MESSAGE][PASSED] - Send request successfully

2018-11-20 13:00:32 - [MESSAGE][PASSED] - Send request successfully

2018-11-20 13:00:32 - [TEST_STEP][PASSED] - com.ge.tms.commonactions.CommonClickEvents.clickOnRailroadSetup: com.ge.tms.commonactions.CommonClickEvents.clickOnRailroadSetup is PASSED

2018-11-20 13:00:32 - [MESSAGE][PASSED] - Execute JavaScript 'document.querySelector('px-app-nav').shadowRoot.querySelector('#items > px-app-nav-group:nth-child(13) > px-app-nav-subitem:nth-child(1)').click()' successfully

2018-11-20 13:00:34 - [MESSAGE][PASSED] - Delayed 2 second(s)

2018-11-20 13:00:34 - [MESSAGE][PASSED] - com.ge.tms.commonactions.CommonClickEvents.clickOnRailroadSetup is PASSED

2018-11-20 13:00:34 - [TEST_STEP][PASSED] - com.ge.tms.commonactions.RailroadActions.clickOnSelectRailroadDropdown: com.ge.tms.commonactions.RailroadActions.clickOnSelectRailroadDropdown is PASSED

2018-11-20 13:00:34 - [MESSAGE][PASSED] - Send request successfully

2018-11-20 13:00:34 - [MESSAGE][PASSED] - Send request successfully

2018-11-20 13:00:34 - [MESSAGE][PASSED] - Send request successfully

2018-11-20 13:00:34 - [MESSAGE][PASSED] - Send request successfully

2018-11-20 13:00:34 - [MESSAGE][PASSED] - Execute JavaScript 'document.querySelector('#railroads-select-dropdown').shadowRoot.querySelector('#trigger').click()' successfully

2018-11-20 13:00:37 - [MESSAGE][PASSED] - Delayed 3 second(s)

2018-11-20 13:00:37 - [MESSAGE][PASSED] - com.ge.tms.commonactions.RailroadActions.clickOnSelectRailroadDropdown is PASSED

2018-11-20 13:00:37 - [TEST_STEP][PASSED] - com.ge.tms.commonactions.RailroadActions.selectRandomRailRoad: com.ge.tms.commonactions.RailroadActions.selectRandomRailRoad is PASSED

2018-11-20 13:00:37 - [MESSAGE][PASSED] - Send request successfully

2018-11-20 13:00:37 - [MESSAGE][PASSED] - Send request successfully

2018-11-20 13:00:37 - [MESSAGE][PASSED] - Send request successfully

2018-11-20 13:00:37 - [MESSAGE][PASSED] - Send request successfully

2018-11-20 13:00:37 - [MESSAGE][PASSED] - Execute JavaScript 'let railRoadList=[]; document.querySelector('#railroads-select-dropdown').shadowRoot.querySelector('#content').shadowRoot.querySelectorAll('#selector > div.dropdown-option').forEach(node => { railRoadList.push(node.getAttribute('title')) }); return railRoadList' successfully

2018-11-20 13:00:37 - [MESSAGE][PASSED] - Execute JavaScript 'return document.querySelector('#railroads-select-dropdown').shadowRoot.querySelector('#content').shadowRoot.querySelector('#selector > div:nth-child(1) span').innerHTML' successfully

2018-11-20 13:00:37 - [MESSAGE][PASSED] - Execute JavaScript 'return document.querySelector('#railroads-select-dropdown').shadowRoot.querySelector('#content').shadowRoot.querySelector('#selector > div:nth-child(1) span').click()' successfully

2018-11-20 13:00:37 - [MESSAGE][PASSED] - com.ge.tms.commonactions.RailroadActions.selectRandomRailRoad is PASSED

2018-11-20 13:00:37 - [TEST_STEP][PASSED] - delay: Delayed 2 second(s)

2018-11-20 13:00:39 - [MESSAGE][PASSED] - Delayed 2 second(s)

2018-11-20 13:00:39 - [TEST_STEP][PASSED] - Statement - setStationId = <not implemented yet for class: org.codehaus.groovy.ast.expr.EmptyExpression>: null

2018-11-20 13:00:39 - [TEST_STEP][PASSED] - Statement - actions.addStationMandatotyFields(setStationId): Delayed 3 second(s)

2018-11-20 13:00:40 - [MESSAGE][PASSED] - Object: 'Object Repository/F11822-Configure and Manage Stations/Add_New_Station_Button' is clicked on

2018-11-20 13:00:40 - [MESSAGE][PASSED] - Text 'VAIY9RM' is set on object 'Object Repository/F11822-Configure and Manage Stations/station_id'

2018-11-20 13:00:40 - [MESSAGE][PASSED] - Text '9CZYXL9' is set on object 'Object Repository/F11822-Configure and Manage Stations/station_name'

2018-11-20 13:00:40 - [MESSAGE][PASSED] - Execute JavaScript 'document.querySelector('#splc').shadowRoot.querySelector('#trigger').shadowRoot.querySelector('#trigger').click()' successfully

2018-11-20 13:00:40 - [MESSAGE][PASSED] - Execute JavaScript 'return document.querySelector('#splc').shadowRoot.querySelector('px-overlay-content > #content').shadowRoot.querySelectorAll('#dropdown > div > #selector > div').length' successfully

2018-11-20 13:00:40 - [MESSAGE][PASSED] - Execute JavaScript 'document.querySelector('#splc').shadowRoot.querySelector('px-overlay-content > #content').shadowRoot.querySelector('#dropdown > div > #selector > div:nth-child(1)').click()' successfully

2018-11-20 13:00:40 - [MESSAGE][PASSED] - Execute JavaScript 'return document.querySelector('#fsac').shadowRoot.querySelector('px-overlay-content > #content').shadowRoot.querySelectorAll('#dropdown > div > #selector > div').length' successfully

2018-11-20 13:00:40 - [MESSAGE][PASSED] - Execute JavaScript 'document.querySelector('#fsac').shadowRoot.querySelector('px-overlay-content > #content').shadowRoot.querySelector('#dropdown > div > #selector > div:nth-child(1)').click()' successfully

2018-11-20 13:00:40 - [MESSAGE][PASSED] - Execute JavaScript 'return document.querySelector('#station-timezone-qualifier').shadowRoot.querySelector('px-overlay-content > #content').shadowRoot.querySelectorAll('#dropdown > div > #selector > div').length' successfully

2018-11-20 13:00:40 - [MESSAGE][PASSED] - Execute JavaScript 'document.querySelector('#station-timezone-qualifier').shadowRoot.querySelector('px-overlay-content > #content').shadowRoot.querySelector('#dropdown > div > #selector > div:nth-child(8)').click()' successfully

2018-11-20 13:00:40 - [MESSAGE][PASSED] - Execute JavaScript 'return document.querySelector('#country').shadowRoot.querySelector('px-overlay-content > #content').shadowRoot.querySelectorAll('#dropdown > div > #selector > div').length' successfully

2018-11-20 13:00:40 - [MESSAGE][PASSED] - Execute JavaScript 'document.querySelector('#country').shadowRoot.querySelector('px-overlay-content > #content').shadowRoot.querySelector('#dropdown > div > #selector > div:nth-child(2)').click()' successfully

2018-11-20 13:00:40 - [MESSAGE][PASSED] - Execute JavaScript 'return document.querySelector('#state').shadowRoot.querySelector('px-overlay-content > #content').shadowRoot.querySelectorAll('#dropdown > div > #selector > div').length' successfully

2018-11-20 13:00:40 - [MESSAGE][PASSED] - Execute JavaScript 'document.querySelector('#state').shadowRoot.querySelector('px-overlay-content > #content').shadowRoot.querySelector('#dropdown > div > #selector > div:nth-child(5)').click()' successfully

2018-11-20 13:00:41 - [MESSAGE][PASSED] - Object: 'Object Repository/F11822-Configure and Manage Stations/station_save_button' is clicked on

2018-11-20 13:00:44 - [MESSAGE][PASSED] - Delayed 3 second(s)

2018-11-20 13:00:44 - [TEST_STEP][PASSED] - delay: Delayed 2 second(s)

2018-11-20 13:00:46 - [MESSAGE][PASSED] - Delayed 2 second(s)

2018-11-20 13:00:46 - [TEST_STEP][PASSED] - Statement - setZoneId = <not implemented yet for class: org.codehaus.groovy.ast.expr.EmptyExpression>: null

2018-11-20 13:00:46 - [TEST_STEP][PASSED] - Statement - actions.addZone(setZoneId): Execute JavaScript 'document.querySelector('#zone-type').shadowRoot.querySelector('#content').shadowRoot.querySelector('#selector > div:nth-child(1)').click()' successfully

2018-11-20 13:00:46 - [MESSAGE][PASSED] - Object: 'Object Repository/F5140-Add Zone Functionalities/QA-US88570-Add Zone/US38196-Save a New Zone/Add Edit Zone/addNewZoneButton' is clicked on

2018-11-20 13:00:49 - [MESSAGE][PASSED] - Delayed 3 second(s)

2018-11-20 13:00:49 - [MESSAGE][PASSED] - Text 'QBKQI' is set on object 'Object Repository/F5140-Add Zone Functionalities/QA-US88570-Add Zone/US38196-Save a New Zone/Add Edit Zone/zoneID'

2018-11-20 13:00:49 - [MESSAGE][PASSED] - Text 'IRBMM9P' is set on object 'Object Repository/F5140-Add Zone Functionalities/QA-US88570-Add Zone/US38196-Save a New Zone/Add Edit Zone/zoneName'

2018-11-20 13:00:49 - [MESSAGE][PASSED] - Execute JavaScript 'document.querySelector('#zone-type').shadowRoot.querySelector('#trigger').click()' successfully

2018-11-20 13:00:49 - [MESSAGE][PASSED] - Execute JavaScript 'return document.querySelector('#zone-type').shadowRoot.querySelector('#content').shadowRoot.querySelectorAll('#selector > div').length' successfully

2018-11-20 13:00:49 - [MESSAGE][PASSED] - Execute JavaScript 'document.querySelector('#zone-type').shadowRoot.querySelector('#content').shadowRoot.querySelector('#selector > div:nth-child(1)').click()' successfully

2018-11-20 13:00:49 - [TEST_STEP][PASSED] - com.ge.tms.commonactions.RailroadActions.clickOnZoneSaveButton: com.ge.tms.commonactions.RailroadActions.clickOnZoneSaveButton is PASSED

2018-11-20 13:00:49 - [MESSAGE][PASSED] - Send request successfully

2018-11-20 13:00:49 - [MESSAGE][PASSED] - Send request successfully

2018-11-20 13:00:49 - [MESSAGE][PASSED] - Send request successfully

2018-11-20 13:00:49 - [MESSAGE][PASSED] - Send request successfully

2018-11-20 13:00:49 - [MESSAGE][PASSED] - Object: 'Object Repository/F5140-Add Zone Functionalities/QA-US88570-Add Zone/US38196-Save a New Zone/Add Edit Zone/zoneSaveButton' is clicked on

2018-11-20 13:00:52 - [MESSAGE][PASSED] - Delayed 3 second(s)

2018-11-20 13:00:52 - [MESSAGE][PASSED] - com.ge.tms.commonactions.RailroadActions.clickOnZoneSaveButton is PASSED

2018-11-20 13:00:52 - [TEST_STEP][PASSED] - com.ge.tms.commonactions.RailroadActions.clickOnZoneActionMenu: com.ge.tms.commonactions.RailroadActions.clickOnZoneActionMenu is PASSED

2018-11-20 13:00:52 - [MESSAGE][PASSED] - Send request successfully

2018-11-20 13:00:52 - [MESSAGE][PASSED] - Send request successfully

2018-11-20 13:00:52 - [MESSAGE][PASSED] - Send request successfully

2018-11-20 13:00:52 - [MESSAGE][PASSED] - Send request successfully

2018-11-20 13:00:52 - [MESSAGE][PASSED] - Execute JavaScript 'document.querySelector('#zone-actions-dropdown').shadowRoot.querySelector('#trigger').click()' successfully

2018-11-20 13:00:53 - [MESSAGE][PASSED] - Delayed 1 second(s)

2018-11-20 13:00:53 - [MESSAGE][PASSED] - com.ge.tms.commonactions.RailroadActions.clickOnZoneActionMenu is PASSED

2018-11-20 13:00:53 - [TEST_STEP][PASSED] - com.ge.tms.commonactions.RailroadActions.clickOnDeleteAction: com.ge.tms.commonactions.RailroadActions.clickOnDeleteAction is PASSED

2018-11-20 13:00:53 - [MESSAGE][PASSED] - Send request successfully

2018-11-20 13:00:53 - [MESSAGE][PASSED] - Send request successfully

2018-11-20 13:00:53 - [MESSAGE][PASSED] - Send request successfully

2018-11-20 13:00:53 - [MESSAGE][PASSED] - Send request successfully

2018-11-20 13:00:53 - [MESSAGE][PASSED] - Execute JavaScript 'document.querySelector('#zone-actions-dropdown').shadowRoot.querySelector('#content').shadowRoot.querySelector('#selector > div:nth-child(2)').click()' successfully

2018-11-20 13:00:53 - [MESSAGE][PASSED] - com.ge.tms.commonactions.RailroadActions.clickOnDeleteAction is PASSED

2018-11-20 13:00:53 - [TEST_STEP][PASSED] - delay: Delayed 1 second(s)

2018-11-20 13:00:54 - [MESSAGE][PASSED] - Delayed 1 second(s)

2018-11-20 13:00:54 - [TEST_STEP][PASSED] - Statement - deleteMessageObj = com.kms.katalon.core.testobject.ObjectRepository.findTestObject(Object Repository/F5140-Add Zone Functionalities/QA-US88570-Add Zone/US38196-Save a New Zone/Delete Zone/deleteConfirmationMessage): Finding Test Object with id 'Object Repository/F5140-Add Zone Functionalities/QA-US88570-Add Zone/US38196-Save a New Zone/Delete Zone/deleteConfirmationMessage'

2018-11-20 13:00:54 - [TEST_STEP][PASSED] - com.ge.tms.railroad.RailroadVerification.verifyDeleteConfirmationMessage: com.ge.tms.railroad.RailroadVerification.verifyDeleteConfirmationMessage is PASSED

2018-11-20 13:00:54 - [MESSAGE][PASSED] - Send request successfully

2018-11-20 13:00:54 - [MESSAGE][PASSED] - Send request successfully

2018-11-20 13:00:54 - [MESSAGE][PASSED] - Send request successfully

2018-11-20 13:00:54 - [MESSAGE][PASSED] - Send request successfully

2018-11-20 13:00:54 - [MESSAGE][PASSED] - Send request successfully

2018-11-20 13:00:54 - [MESSAGE][PASSED] - Send request successfully

2018-11-20 13:00:54 - [MESSAGE][PASSED] - Send request successfully

2018-11-20 13:00:54 - [MESSAGE][PASSED] - Send request successfully

2018-11-20 13:00:54 - [MESSAGE][PASSED] - Text of object 'Object Repository/F5140-Add Zone Functionalities/QA-US88570-Add Zone/US38196-Save a New Zone/Delete Zone/deleteConfirmationMessage' is: 'Are you sure you want to delete QBKQI?'

2018-11-20 13:00:54 - [MESSAGE][PASSED] - com.ge.tms.railroad.RailroadVerification.verifyDeleteConfirmationMessage is PASSED

2018-11-20 13:00:54 - [TEST_STEP][PASSED] - Statement - deleteYesButtonObj = com.kms.katalon.core.testobject.ObjectRepository.findTestObject(Object Repository/F5140-Add Zone Functionalities/QA-US88570-Add Zone/US38196-Save a New Zone/Delete Zone/deleteYesButton): Finding Test Object with id 'Object Repository/F5140-Add Zone Functionalities/QA-US88570-Add Zone/US38196-Save a New Zone/Delete Zone/deleteYesButton'

2018-11-20 13:00:54 - [TEST_STEP][PASSED] - com.ge.tms.commonactions.RailroadActions.clickOnTestObject: com.ge.tms.commonactions.RailroadActions.clickOnTestObject is PASSED

2018-11-20 13:00:54 - [MESSAGE][PASSED] - Send request successfully

2018-11-20 13:00:54 - [MESSAGE][PASSED] - Send request successfully

2018-11-20 13:00:54 - [MESSAGE][PASSED] - Send request successfully

2018-11-20 13:00:54 - [MESSAGE][PASSED] - Send request successfully

2018-11-20 13:00:54 - [MESSAGE][PASSED] - Object: 'Object Repository/F5140-Add Zone Functionalities/QA-US88570-Add Zone/US38196-Save a New Zone/Delete Zone/deleteYesButton' is clicked on

2018-11-20 13:00:54 - [MESSAGE][PASSED] - com.ge.tms.commonactions.RailroadActions.clickOnTestObject is PASSED

2018-11-20 13:00:54 - [TEST_STEP][PASSED] - delay: Delayed 2 second(s)

2018-11-20 13:00:56 - [MESSAGE][PASSED] - Delayed 2 second(s)

2018-11-20 13:00:56 - [TEST_STEP][PASSED] - com.ge.tms.railroad.RailroadVerification.verifyViewStationIdAfterZoneDeletion: com.ge.tms.railroad.RailroadVerification.verifyViewStationIdAfterZoneDeletion is PASSED

2018-11-20 13:00:56 - [MESSAGE][PASSED] - Send request successfully

2018-11-20 13:00:56 - [MESSAGE][PASSED] - Send request successfully

2018-11-20 13:00:56 - [MESSAGE][PASSED] - Send request successfully

2018-11-20 13:00:56 - [MESSAGE][PASSED] - Send request successfully

2018-11-20 13:00:56 - [MESSAGE][PASSED] - Send request successfully

2018-11-20 13:00:56 - [MESSAGE][PASSED] - Send request successfully

2018-11-20 13:00:56 - [MESSAGE][PASSED] - Send request successfully

2018-11-20 13:00:56 - [MESSAGE][PASSED] - Send request successfully

2018-11-20 13:00:56 - [MESSAGE][PASSED] - Text of object 'Object Repository/F11822-Configure and Manage Stations/QA-US87586-View Stations/US84086-View Station Details/View Stations/div_StationCode' is: 'VAIY9RM'

2018-11-20 13:00:56 - [MESSAGE][PASSED] - Actual object 'VAIY9RM' and expected object 'VAIY9RM' are equal

2018-11-20 13:00:56 - [MESSAGE][PASSED] - com.ge.tms.railroad.RailroadVerification.verifyViewStationIdAfterZoneDeletion is PASSED

2018-11-20 13:00:56 - [TEST_STEP][PASSED] - com.ge.tms.railroad.RailroadVerification.verifyDeletedItemNotPresentInSearchView: com.ge.tms.railroad.RailroadVerification.verifyDeletedItemNotPresentInSearchView is PASSED

2018-11-20 13:00:56 - [MESSAGE][PASSED] - Send request successfully

2018-11-20 13:00:56 - [MESSAGE][PASSED] - Send request successfully

2018-11-20 13:00:56 - [MESSAGE][PASSED] - Send request successfully

2018-11-20 13:00:56 - [MESSAGE][PASSED] - Send request successfully

2018-11-20 13:00:56 - [MESSAGE][PASSED] - Send request successfully

2018-11-20 13:00:56 - [MESSAGE][PASSED] - Send request successfully

2018-11-20 13:00:56 - [MESSAGE][PASSED] - Send request successfully

2018-11-20 13:00:56 - [MESSAGE][PASSED] - Send request successfully

2018-11-20 13:00:57 - [MESSAGE][PASSED] - Text 'QBKQI' is set on object 'Object Repository/CommonObjects/searchTextBoxLeftNav'

2018-11-20 13:00:59 - [MESSAGE][PASSED] - Delayed 2 second(s)

2018-11-20 13:00:59 - [MESSAGE][PASSED] - Text of object 'Object Repository/CommonObjects/noSearchResultMessageLeftNav' is: 'No stations or zones found.'

2018-11-20 13:00:59 - [MESSAGE][PASSED] - Actual object 'No stations or zones found.' and expected object 'No stations or zones found.' are equal

2018-11-20 13:00:59 - [MESSAGE][PASSED] - com.ge.tms.railroad.RailroadVerification.verifyDeletedItemNotPresentInSearchView is PASSED

2018-11-20 13:00:59 - [TEST_STEP][PASSED] - Statement - actions.clearStationzoneSearchField(): Text of object 'Object Repository/CommonObjects/searchTextBoxLeftNav' is cleared

2018-11-20 13:00:59 - [MESSAGE][PASSED] - Text of object 'Object Repository/CommonObjects/searchTextBoxLeftNav' is cleared

2018-11-20 13:00:59 - [TEST_STEP][PASSED] - Statement - actions.setTextForSearchInLeftNav(stationId): Text 'VAIY9RM' is set on object 'Object Repository/CommonObjects/searchTextBoxLeftNav'

2018-11-20 13:00:59 - [MESSAGE][PASSED] - Text 'VAIY9RM' is set on object 'Object Repository/CommonObjects/searchTextBoxLeftNav'

2018-11-20 13:00:59 - [TEST_STEP][PASSED] - delay: Delayed 2 second(s)

2018-11-20 13:01:01 - [MESSAGE][PASSED] - Delayed 2 second(s)

2018-11-20 13:01:01 - [TEST_STEP][PASSED] - com.ge.tms.commonactions.RailroadActions.clickOnStationActionMenu: com.ge.tms.commonactions.RailroadActions.clickOnStationActionMenu is PASSED

2018-11-20 13:01:01 - [MESSAGE][PASSED] - Send request successfully

2018-11-20 13:01:01 - [MESSAGE][PASSED] - Send request successfully

2018-11-20 13:01:01 - [MESSAGE][PASSED] - Send request successfully

2018-11-20 13:01:01 - [MESSAGE][PASSED] - Send request successfully

2018-11-20 13:01:01 - [MESSAGE][PASSED] - Execute JavaScript 'document.querySelector('#station-actions-dropdown').shadowRoot.querySelector('#trigger').click()' successfully

2018-11-20 13:01:02 - [MESSAGE][PASSED] - Delayed 1 second(s)

2018-11-20 13:01:02 - [MESSAGE][PASSED] - com.ge.tms.commonactions.RailroadActions.clickOnStationActionMenu is PASSED

2018-11-20 13:01:02 - [TEST_STEP][PASSED] - com.ge.tms.commonactions.RailroadActions.clickOnDeleteStationButton: com.ge.tms.commonactions.RailroadActions.clickOnDeleteStationButton is PASSED

2018-11-20 13:01:02 - [MESSAGE][PASSED] - Send request successfully

2018-11-20 13:01:02 - [MESSAGE][PASSED] - Send request successfully

2018-11-20 13:01:02 - [MESSAGE][PASSED] - Send request successfully

2018-11-20 13:01:02 - [MESSAGE][PASSED] - Send request successfully

2018-11-20 13:01:02 - [MESSAGE][PASSED] - Execute JavaScript 'document.querySelector('#station-actions-dropdown').shadowRoot.querySelector('#content').shadowRoot.querySelector('#selector > div:nth-child(2)').click()' successfully

2018-11-20 13:01:02 - [MESSAGE][PASSED] - com.ge.tms.commonactions.RailroadActions.clickOnDeleteStationButton is PASSED

2018-11-20 13:01:02 - [TEST_STEP][PASSED] - Statement - deleteYesButtonObj = com.kms.katalon.core.testobject.ObjectRepository.findTestObject(Object Repository/F11822-Configure and Manage Stations/deleteConfirmationYesButton): Finding Test Object with id 'Object Repository/F11822-Configure and Manage Stations/deleteConfirmationYesButton'

2018-11-20 13:01:02 - [TEST_STEP][PASSED] - com.ge.tms.commonactions.RailroadActions.clickOnTestObject: com.ge.tms.commonactions.RailroadActions.clickOnTestObject is PASSED

2018-11-20 13:01:02 - [MESSAGE][PASSED] - Send request successfully

2018-11-20 13:01:02 - [MESSAGE][PASSED] - Send request successfully

2018-11-20 13:01:02 - [MESSAGE][PASSED] - Send request successfully

2018-11-20 13:01:02 - [MESSAGE][PASSED] - Send request successfully

2018-11-20 13:01:02 - [MESSAGE][PASSED] - Object: 'Object Repository/F11822-Configure and Manage Stations/deleteConfirmationYesButton' is clicked on

2018-11-20 13:01:02 - [MESSAGE][PASSED] - com.ge.tms.commonactions.RailroadActions.clickOnTestObject is PASSED

2018-11-20 13:01:02 - [TEST_STEP][PASSED] - delay: Delayed 1 second(s)

2018-11-20 13:01:03 - [MESSAGE][PASSED] - Delayed 1 second(s)

2018-11-20 13:01:03 - [TEST_STEP][PASSED] - com.ge.tms.railroad.RailroadVerification.verifyDeletedItemNotPresentInSearchView: com.ge.tms.railroad.RailroadVerification.verifyDeletedItemNotPresentInSearchView is PASSED

2018-11-20 13:01:03 - [MESSAGE][PASSED] - Send request successfully

2018-11-20 13:01:03 - [MESSAGE][PASSED] - Send request successfully

2018-11-20 13:01:03 - [MESSAGE][PASSED] - Send request successfully

2018-11-20 13:01:03 - [MESSAGE][PASSED] - Send request successfully

2018-11-20 13:01:03 - [MESSAGE][PASSED] - Send request successfully

2018-11-20 13:01:03 - [MESSAGE][PASSED] - Send request successfully

2018-11-20 13:01:03 - [MESSAGE][PASSED] - Send request successfully

2018-11-20 13:01:03 - [MESSAGE][PASSED] - Send request successfully

2018-11-20 13:01:04 - [MESSAGE][PASSED] - Text 'VAIY9RM' is set on object 'Object Repository/CommonObjects/searchTextBoxLeftNav'

2018-11-20 13:01:06 - [MESSAGE][PASSED] - Delayed 2 second(s)

2018-11-20 13:01:06 - [MESSAGE][PASSED] - Text of object 'Object Repository/CommonObjects/noSearchResultMessageLeftNav' is: 'No stations or zones found.'

2018-11-20 13:01:06 - [MESSAGE][PASSED] - Actual object 'No stations or zones found.' and expected object 'No stations or zones found.' are equal

2018-11-20 13:01:06 - [MESSAGE][PASSED] - com.ge.tms.railroad.RailroadVerification.verifyDeletedItemNotPresentInSearchView is PASSED

2018-11-20 13:01:06 - [TEST_STEP][PASSED] - Start listener action : closeBrowserForTestCasse: Navigate to 'http://localhost:8080/home' successfully

2018-11-20 13:01:06 - [TEST_STEP][PASSED] - Statement - If (isTestSuitEnable == true): null

2018-11-20 13:01:06 - [TEST_STEP][PASSED] - Statement - beforeTestCaseExecute(): null

2018-11-20 13:01:06 - [TEST_STEP][PASSED] - Statement - If (isTestSuitEnable == true): Navigate to 'http://localhost:8080/home' successfully

2018-11-20 13:01:06 - [TEST_STEP][PASSED] - navigateToUrl: Navigate to 'http://localhost:8080/home' successfully

2018-11-20 13:01:07 - [MESSAGE][PASSED] - Navigate to 'http://localhost:8080/home' successfully

2018-11-20 13:01:07 - [TEST_STEP][PASSED] - Start listener action : afterTestCase: Invoke 'com.kms.katalon.core.annotation.AfterTestCase' method: 'TmsTestListner.afterTestCase(...)' completed.

2018-11-20 13:01:07 - [TEST_STEP][PASSED] - Statement - If (java.lang.System.getProperties().containsKey("updateRally")): Invoke 'com.kms.katalon.core.annotation.AfterTestCase' method: 'TmsTestListner.afterTestCase(...)' completed.]]></system-out>
         <system-err><![CDATA[]]></system-err>
      </testcase>
      <testcase name="Test Cases/Railroad/F11822-Configure and Manage Stations/QA-US87586-View Stations/US84086-View Station Details/TC63095-View Station" classname="Test Cases/Railroad/F11822-Configure and Manage Stations/QA-US87586-View Stations/US84086-View Station Details/TC63095-View Station" status="PASSED">
         <system-out><![CDATA[2018-11-20 13:01:07 - [TEST_CASE][PASSED] - Test Cases/Railroad/F11822-Configure and Manage Stations/QA-US87586-View Stations/US84086-View Station Details/TC63095-View Station: Test Cases/Railroad/F11822-Configure and Manage Stations/QA-US87586-View Stations/US84086-View Station Details/TC63095-View Station

2018-11-20 13:01:07 - [TEST_STEP][PASSED] - Start listener action : beforeTestCaseExecute: Navigate to 'http://localhost:8080/home' successfully

2018-11-20 13:01:07 - [TEST_STEP][PASSED] - Statement - If (isTestSuitEnable == true): Navigate to 'http://localhost:8080/home' successfully

2018-11-20 13:01:07 - [TEST_STEP][PASSED] - navigateToUrl: Navigate to 'http://localhost:8080/home' successfully

2018-11-20 13:01:08 - [MESSAGE][PASSED] - Navigate to 'http://localhost:8080/home' successfully

2018-11-20 13:01:08 - [TEST_STEP][PASSED] - com.ge.tms.commonactions.CommonClickEvents.clickOnRailroadSetup: com.ge.tms.commonactions.CommonClickEvents.clickOnRailroadSetup is PASSED

2018-11-20 13:01:08 - [MESSAGE][PASSED] - Execute JavaScript 'document.querySelector('px-app-nav').shadowRoot.querySelector('#items > px-app-nav-group:nth-child(13) > px-app-nav-subitem:nth-child(1)').click()' successfully

2018-11-20 13:01:10 - [MESSAGE][PASSED] - Delayed 2 second(s)

2018-11-20 13:01:10 - [MESSAGE][PASSED] - com.ge.tms.commonactions.CommonClickEvents.clickOnRailroadSetup is PASSED

2018-11-20 13:01:10 - [TEST_STEP][PASSED] - com.ge.tms.commonactions.RailroadActions.clickOnSelectRailroadDropdown: com.ge.tms.commonactions.RailroadActions.clickOnSelectRailroadDropdown is PASSED

2018-11-20 13:01:10 - [MESSAGE][PASSED] - Send request successfully

2018-11-20 13:01:10 - [MESSAGE][PASSED] - Send request successfully

2018-11-20 13:01:10 - [MESSAGE][PASSED] - Send request successfully

2018-11-20 13:01:10 - [MESSAGE][PASSED] - Send request successfully

2018-11-20 13:01:10 - [MESSAGE][PASSED] - Execute JavaScript 'document.querySelector('#railroads-select-dropdown').shadowRoot.querySelector('#trigger').click()' successfully

2018-11-20 13:01:13 - [MESSAGE][PASSED] - Delayed 3 second(s)

2018-11-20 13:01:13 - [MESSAGE][PASSED] - com.ge.tms.commonactions.RailroadActions.clickOnSelectRailroadDropdown is PASSED

2018-11-20 13:01:13 - [TEST_STEP][PASSED] - com.ge.tms.commonactions.RailroadActions.selectRandomRailRoad: com.ge.tms.commonactions.RailroadActions.selectRandomRailRoad is PASSED

2018-11-20 13:01:13 - [MESSAGE][PASSED] - Send request successfully

2018-11-20 13:01:13 - [MESSAGE][PASSED] - Send request successfully

2018-11-20 13:01:13 - [MESSAGE][PASSED] - Send request successfully

2018-11-20 13:01:13 - [MESSAGE][PASSED] - Send request successfully

2018-11-20 13:01:13 - [MESSAGE][PASSED] - Execute JavaScript 'let railRoadList=[]; document.querySelector('#railroads-select-dropdown').shadowRoot.querySelector('#content').shadowRoot.querySelectorAll('#selector > div.dropdown-option').forEach(node => { railRoadList.push(node.getAttribute('title')) }); return railRoadList' successfully

2018-11-20 13:01:13 - [MESSAGE][PASSED] - Execute JavaScript 'return document.querySelector('#railroads-select-dropdown').shadowRoot.querySelector('#content').shadowRoot.querySelector('#selector > div:nth-child(1) span').innerHTML' successfully

2018-11-20 13:01:13 - [MESSAGE][PASSED] - Execute JavaScript 'return document.querySelector('#railroads-select-dropdown').shadowRoot.querySelector('#content').shadowRoot.querySelector('#selector > div:nth-child(1) span').click()' successfully

2018-11-20 13:01:13 - [MESSAGE][PASSED] - com.ge.tms.commonactions.RailroadActions.selectRandomRailRoad is PASSED

2018-11-20 13:01:13 - [TEST_STEP][PASSED] - delay: Delayed 2 second(s)

2018-11-20 13:01:15 - [MESSAGE][PASSED] - Delayed 2 second(s)

2018-11-20 13:01:15 - [TEST_STEP][PASSED] - Statement - station = CustomKeywords.com.ge.tms.commonactions.RailroadActions.selectRandomStationByName(): com.ge.tms.commonactions.RailroadActions.selectRandomStationByName is PASSED

2018-11-20 13:01:15 - [MESSAGE][PASSED] - Send request successfully

2018-11-20 13:01:15 - [MESSAGE][PASSED] - Send request successfully

2018-11-20 13:01:15 - [MESSAGE][PASSED] - Send request successfully

2018-11-20 13:01:15 - [MESSAGE][PASSED] - Send request successfully

2018-11-20 13:01:15 - [MESSAGE][PASSED] - Execute JavaScript 'return document.querySelector('px-tree').shadowRoot.querySelectorAll('px-tree-node').length' successfully

2018-11-20 13:01:15 - [MESSAGE][PASSED] - Execute JavaScript 'document.querySelector('px-tree').shadowRoot.querySelectorAll('px-tree-node')[75].click()' successfully

2018-11-20 13:01:17 - [MESSAGE][PASSED] - Delayed 2 second(s)

2018-11-20 13:01:17 - [MESSAGE][PASSED] - Execute JavaScript 'return document.querySelector('px-tree').shadowRoot.querySelector('ul > px-tree-node:nth-child(76)').shadowRoot.querySelector('li.tree__branch.active.selected > span').innerHTML' successfully

2018-11-20 13:01:17 - [MESSAGE][PASSED] - com.ge.tms.commonactions.RailroadActions.selectRandomStationByName is PASSED

2018-11-20 13:01:17 - [TEST_STEP][PASSED] - com.ge.tms.railroad.RailroadVerification.verifySelectedStationWithHeaderDetails: com.ge.tms.railroad.RailroadVerification.verifySelectedStationWithHeaderDetails is PASSED

2018-11-20 13:01:17 - [MESSAGE][PASSED] - Send request successfully

2018-11-20 13:01:17 - [MESSAGE][PASSED] - Send request successfully

2018-11-20 13:01:17 - [MESSAGE][PASSED] - Send request successfully

2018-11-20 13:01:17 - [MESSAGE][PASSED] - Send request successfully

2018-11-20 13:01:17 - [MESSAGE][PASSED] - Send request successfully

2018-11-20 13:01:17 - [MESSAGE][PASSED] - Send request successfully

2018-11-20 13:01:17 - [MESSAGE][PASSED] - Send request successfully

2018-11-20 13:01:17 - [MESSAGE][PASSED] - Send request successfully

2018-11-20 13:01:17 - [MESSAGE][PASSED] - Execute JavaScript 'return document.querySelector('#railroads-select-dropdown').shadowRoot.querySelector('#trigger').shadowRoot.querySelector('#label').innerHTML' successfully

2018-11-20 13:01:17 - [MESSAGE][PASSED] - Send request successfully

2018-11-20 13:01:17 - [MESSAGE][PASSED] - Text of object 'Object Repository/F11822-Configure and Manage Stations/QA-US87586-View Stations/US84086-View Station Details/View Stations/div_StationCode' is: 'RRMBGGF'

2018-11-20 13:01:17 - [MESSAGE][PASSED] - Text of object 'Object Repository/F11822-Configure and Manage Stations/QA-US87586-View Stations/US84086-View Station Details/View Stations/p_StationName' is: '2JFOKBL'

2018-11-20 13:01:17 - [MESSAGE][PASSED] - Text of object 'Object Repository/F11822-Configure and Manage Stations/QA-US87586-View Stations/US84086-View Station Details/View Stations/span_RailroadCode' is: 'AA'

2018-11-20 13:01:17 - [MESSAGE][PASSED] - Actual object 'RRMBGGF' and expected object 'RRMBGGF' are equal

2018-11-20 13:01:17 - [MESSAGE][PASSED] - Actual object '2JFOKBL' and expected object '2JFOKBL' are equal

2018-11-20 13:01:17 - [MESSAGE][PASSED] - Actual object 'AA' and expected object 'AA' are equal

2018-11-20 13:01:17 - [MESSAGE][PASSED] - com.ge.tms.railroad.RailroadVerification.verifySelectedStationWithHeaderDetails is PASSED

2018-11-20 13:01:17 - [TEST_STEP][PASSED] - com.ge.tms.railroad.RailroadVerification.verifySelectedStationDetailsInRightPane: com.ge.tms.railroad.RailroadVerification.verifySelectedStationDetailsInRightPane is PASSED

2018-11-20 13:01:17 - [MESSAGE][PASSED] - Send request successfully

2018-11-20 13:01:17 - [MESSAGE][PASSED] - Send request successfully

2018-11-20 13:01:17 - [MESSAGE][PASSED] - Send request successfully

2018-11-20 13:01:17 - [MESSAGE][PASSED] - Send request successfully

2018-11-20 13:01:17 - [MESSAGE][PASSED] - Send request successfully

2018-11-20 13:01:17 - [MESSAGE][PASSED] - Send request successfully

2018-11-20 13:01:17 - [MESSAGE][PASSED] - Send request successfully

2018-11-20 13:01:17 - [MESSAGE][PASSED] - Send request successfully

2018-11-20 13:01:17 - [MESSAGE][PASSED] - Execute JavaScript 'return document.querySelector('#railroads-select-dropdown').shadowRoot.querySelector('#trigger').shadowRoot.querySelector('#label').innerHTML' successfully

2018-11-20 13:01:17 - [MESSAGE][PASSED] - Send request successfully

2018-11-20 13:01:17 - [MESSAGE][PASSED] - Text of object 'Object Repository/F11822-Configure and Manage Stations/QA-US87586-View Stations/US84086-View Station Details/View Stations/span_SPLC' is: '343100'

2018-11-20 13:01:17 - [MESSAGE][PASSED] - Text of object 'Object Repository/F11822-Configure and Manage Stations/QA-US87586-View Stations/US84086-View Station Details/View Stations/span_FSAC' is: '1'

2018-11-20 13:01:17 - [MESSAGE][PASSED] - Text of object 'Object Repository/F11822-Configure and Manage Stations/QA-US87586-View Stations/US84086-View Station Details/View Stations/span_DefaultTrack' is: '--'

2018-11-20 13:01:17 - [MESSAGE][PASSED] - Text of object 'Object Repository/F11822-Configure and Manage Stations/QA-US87586-View Stations/US84086-View Station Details/View Stations/span_Junction' is: '--'

2018-11-20 13:01:17 - [MESSAGE][PASSED] - Text of object 'Object Repository/F11822-Configure and Manage Stations/QA-US87586-View Stations/US84086-View Station Details/View Stations/span_SwitchingTrack' is: '--'

2018-11-20 13:01:17 - [MESSAGE][PASSED] - Text of object 'Object Repository/F11822-Configure and Manage Stations/QA-US87586-View Stations/US84086-View Station Details/View Stations/span_Classification' is: '--'

2018-11-20 13:01:17 - [MESSAGE][PASSED] - Text of object 'Object Repository/F11822-Configure and Manage Stations/QA-US87586-View Stations/US84086-View Station Details/View Stations/span_OriginalBillFsac' is: '--'

2018-11-20 13:01:18 - [MESSAGE][PASSED] - Text of object 'Object Repository/F11822-Configure and Manage Stations/QA-US87586-View Stations/US84086-View Station Details/View Stations/span_USEntryPort' is: '--'

2018-11-20 13:01:18 - [MESSAGE][PASSED] - Text of object 'Object Repository/F11822-Configure and Manage Stations/QA-US87586-View Stations/US84086-View Station Details/View Stations/span_CanadaEntry' is: '--'

2018-11-20 13:01:18 - [MESSAGE][PASSED] - Text of object 'Object Repository/F11822-Configure and Manage Stations/QA-US87586-View Stations/US84086-View Station Details/View Stations/span_InterchangeRoads' is: '--'

2018-11-20 13:01:18 - [MESSAGE][PASSED] - Text of object 'Object Repository/F11822-Configure and Manage Stations/QA-US87586-View Stations/US84086-View Station Details/View Stations/span_Milepost' is: '--'

2018-11-20 13:01:18 - [MESSAGE][PASSED] - Text of object 'Object Repository/F11822-Configure and Manage Stations/QA-US87586-View Stations/US84086-View Station Details/View Stations/span_Timezone' is: 'PST'

2018-11-20 13:01:18 - [MESSAGE][PASSED] - Text of object 'Object Repository/F11822-Configure and Manage Stations/QA-US87586-View Stations/US84086-View Station Details/View Stations/span_Country' is: 'USA'

2018-11-20 13:01:18 - [MESSAGE][PASSED] - Text of object 'Object Repository/F11822-Configure and Manage Stations/QA-US87586-View Stations/US84086-View Station Details/View Stations/span_State' is: 'AL'

2018-11-20 13:01:18 - [MESSAGE][PASSED] - Text of object 'Object Repository/F11822-Configure and Manage Stations/QA-US87586-View Stations/US84086-View Station Details/View Stations/span_DaylightSavings' is: 'No'

2018-11-20 13:01:18 - [MESSAGE][PASSED] - Text of object 'Object Repository/F11822-Configure and Manage Stations/QA-US87586-View Stations/US84086-View Station Details/View Stations/span_Lattitude' is: '--'

2018-11-20 13:01:18 - [MESSAGE][PASSED] - Text of object 'Object Repository/F11822-Configure and Manage Stations/QA-US87586-View Stations/US84086-View Station Details/View Stations/span_Longitude' is: '--'

2018-11-20 13:01:18 - [MESSAGE][PASSED] - Actual object '343100' and expected object '343,100' are equal

2018-11-20 13:01:18 - [MESSAGE][PASSED] - Actual object '1' and expected object '1' are equal

2018-11-20 13:01:18 - [MESSAGE][PASSED] - Actual object '--' and expected object '--' are equal

2018-11-20 13:01:18 - [MESSAGE][PASSED] - Actual object '--' and expected object '--' are equal

2018-11-20 13:01:18 - [MESSAGE][PASSED] - Actual object '--' and expected object '--' are equal

2018-11-20 13:01:18 - [MESSAGE][PASSED] - Actual object '--' and expected object '--' are equal

2018-11-20 13:01:18 - [MESSAGE][PASSED] - Actual object '--' and expected object '--' are equal

2018-11-20 13:01:18 - [MESSAGE][PASSED] - Actual object '--' and expected object '--' are equal

2018-11-20 13:01:18 - [MESSAGE][PASSED] - Actual object '--' and expected object '--' are equal

2018-11-20 13:01:18 - [MESSAGE][PASSED] - Actual object '--' and expected object '--' are equal

2018-11-20 13:01:18 - [MESSAGE][PASSED] - Actual object 'PST' and expected object 'PST' are equal

2018-11-20 13:01:18 - [MESSAGE][PASSED] - Actual object 'USA' and expected object 'USA' are equal

2018-11-20 13:01:18 - [MESSAGE][PASSED] - Actual object 'AL' and expected object 'AL' are equal

2018-11-20 13:01:18 - [MESSAGE][PASSED] - Actual object 'No' and expected object 'No' are equal

2018-11-20 13:01:18 - [MESSAGE][PASSED] - Actual object '--' and expected object '--' are equal

2018-11-20 13:01:18 - [MESSAGE][PASSED] - Actual object '--' and expected object '--' are equal

2018-11-20 13:01:18 - [MESSAGE][PASSED] - com.ge.tms.railroad.RailroadVerification.verifySelectedStationDetailsInRightPane is PASSED

2018-11-20 13:01:18 - [TEST_STEP][PASSED] - delay: Delayed 2 second(s)

2018-11-20 13:01:20 - [MESSAGE][PASSED] - Delayed 2 second(s)

2018-11-20 13:01:20 - [TEST_STEP][PASSED] - Start listener action : closeBrowserForTestCasse: Navigate to 'http://localhost:8080/home' successfully

2018-11-20 13:01:20 - [TEST_STEP][PASSED] - Statement - If (isTestSuitEnable == true): null

2018-11-20 13:01:20 - [TEST_STEP][PASSED] - Statement - beforeTestCaseExecute(): null

2018-11-20 13:01:20 - [TEST_STEP][PASSED] - Statement - If (isTestSuitEnable == true): Navigate to 'http://localhost:8080/home' successfully

2018-11-20 13:01:20 - [TEST_STEP][PASSED] - navigateToUrl: Navigate to 'http://localhost:8080/home' successfully

2018-11-20 13:01:21 - [MESSAGE][PASSED] - Navigate to 'http://localhost:8080/home' successfully

2018-11-20 13:01:21 - [TEST_STEP][PASSED] - Start listener action : afterTestCase: Invoke 'com.kms.katalon.core.annotation.AfterTestCase' method: 'TmsTestListner.afterTestCase(...)' completed.

2018-11-20 13:01:21 - [TEST_STEP][PASSED] - Statement - If (java.lang.System.getProperties().containsKey("updateRally")): Invoke 'com.kms.katalon.core.annotation.AfterTestCase' method: 'TmsTestListner.afterTestCase(...)' completed.]]></system-out>
         <system-err><![CDATA[]]></system-err>
      </testcase>
      <testcase name="Test Cases/Railroad/F5362 - Configure and manage track/QA-US112184/US39513-Search Tracks/TC76860-Tracks Search" classname="Test Cases/Railroad/F5362 - Configure and manage track/QA-US112184/US39513-Search Tracks/TC76860-Tracks Search" status="FAILED">
         <failure type="FAILED" message="Unable to verify equal between actual object 'KPHEVG' and expected object '71MZ2L' (Root cause: Actual object 'KPHEVG' and expected object '71MZ2L' are not equal)"/>
         <system-out><![CDATA[2018-11-20 13:01:21 - [TEST_CASE][FAILED] - Test Cases/Railroad/F5362 - Configure and manage track/QA-US112184/US39513-Search Tracks/TC76860-Tracks Search: Test Cases/Railroad/F5362 - Configure and manage track/QA-US112184/US39513-Search Tracks/TC76860-Tracks Search FAILED because (of) Unable to verify equal between actual object 'KPHEVG' and expected object '71MZ2L' (Root cause: Actual object 'KPHEVG' and expected object '71MZ2L' are not equal)

2018-11-20 13:01:21 - [TEST_STEP][PASSED] - Start listener action : beforeTestCaseExecute: Navigate to 'http://localhost:8080/home' successfully

2018-11-20 13:01:21 - [TEST_STEP][PASSED] - Statement - If (isTestSuitEnable == true): Navigate to 'http://localhost:8080/home' successfully

2018-11-20 13:01:21 - [TEST_STEP][PASSED] - navigateToUrl: Navigate to 'http://localhost:8080/home' successfully

2018-11-20 13:01:21 - [MESSAGE][PASSED] - Navigate to 'http://localhost:8080/home' successfully

2018-11-20 13:01:22 - [TEST_STEP][PASSED] - Statement - util = new com.ge.tms.util.CommonUtilities(): Send request successfully

2018-11-20 13:01:22 - [MESSAGE][PASSED] - Send request successfully

2018-11-20 13:01:22 - [MESSAGE][PASSED] - Send request successfully

2018-11-20 13:01:22 - [MESSAGE][PASSED] - Send request successfully

2018-11-20 13:01:22 - [MESSAGE][PASSED] - Send request successfully

2018-11-20 13:01:22 - [TEST_STEP][PASSED] - Statement - actions = new com.ge.tms.commonactions.RailroadActions(): Send request successfully

2018-11-20 13:01:22 - [MESSAGE][PASSED] - Send request successfully

2018-11-20 13:01:22 - [MESSAGE][PASSED] - Send request successfully

2018-11-20 13:01:22 - [MESSAGE][PASSED] - Send request successfully

2018-11-20 13:01:22 - [MESSAGE][PASSED] - Send request successfully

2018-11-20 13:01:22 - [TEST_STEP][PASSED] - com.ge.tms.commonactions.CommonClickEvents.clickOnRailroadSetup: com.ge.tms.commonactions.CommonClickEvents.clickOnRailroadSetup is PASSED

2018-11-20 13:01:22 - [MESSAGE][PASSED] - Execute JavaScript 'document.querySelector('px-app-nav').shadowRoot.querySelector('#items > px-app-nav-group:nth-child(13) > px-app-nav-subitem:nth-child(1)').click()' successfully

2018-11-20 13:01:24 - [MESSAGE][PASSED] - Delayed 2 second(s)

2018-11-20 13:01:24 - [MESSAGE][PASSED] - com.ge.tms.commonactions.CommonClickEvents.clickOnRailroadSetup is PASSED

2018-11-20 13:01:24 - [TEST_STEP][PASSED] - com.ge.tms.commonactions.RailroadActions.clickOnSelectRailroadDropdown: com.ge.tms.commonactions.RailroadActions.clickOnSelectRailroadDropdown is PASSED

2018-11-20 13:01:24 - [MESSAGE][PASSED] - Send request successfully

2018-11-20 13:01:24 - [MESSAGE][PASSED] - Send request successfully

2018-11-20 13:01:24 - [MESSAGE][PASSED] - Send request successfully

2018-11-20 13:01:24 - [MESSAGE][PASSED] - Send request successfully

2018-11-20 13:01:24 - [MESSAGE][PASSED] - Execute JavaScript 'document.querySelector('#railroads-select-dropdown').shadowRoot.querySelector('#trigger').click()' successfully

2018-11-20 13:01:27 - [MESSAGE][PASSED] - Delayed 3 second(s)

2018-11-20 13:01:27 - [MESSAGE][PASSED] - com.ge.tms.commonactions.RailroadActions.clickOnSelectRailroadDropdown is PASSED

2018-11-20 13:01:27 - [TEST_STEP][PASSED] - com.ge.tms.commonactions.RailroadActions.selectRandomRailRoad: com.ge.tms.commonactions.RailroadActions.selectRandomRailRoad is PASSED

2018-11-20 13:01:27 - [MESSAGE][PASSED] - Send request successfully

2018-11-20 13:01:27 - [MESSAGE][PASSED] - Send request successfully

2018-11-20 13:01:27 - [MESSAGE][PASSED] - Send request successfully

2018-11-20 13:01:27 - [MESSAGE][PASSED] - Send request successfully

2018-11-20 13:01:27 - [MESSAGE][PASSED] - Execute JavaScript 'let railRoadList=[]; document.querySelector('#railroads-select-dropdown').shadowRoot.querySelector('#content').shadowRoot.querySelectorAll('#selector > div.dropdown-option').forEach(node => { railRoadList.push(node.getAttribute('title')) }); return railRoadList' successfully

2018-11-20 13:01:27 - [MESSAGE][PASSED] - Execute JavaScript 'return document.querySelector('#railroads-select-dropdown').shadowRoot.querySelector('#content').shadowRoot.querySelector('#selector > div:nth-child(1) span').innerHTML' successfully

2018-11-20 13:01:27 - [MESSAGE][PASSED] - Execute JavaScript 'return document.querySelector('#railroads-select-dropdown').shadowRoot.querySelector('#content').shadowRoot.querySelector('#selector > div:nth-child(1) span').click()' successfully

2018-11-20 13:01:27 - [MESSAGE][PASSED] - com.ge.tms.commonactions.RailroadActions.selectRandomRailRoad is PASSED

2018-11-20 13:01:27 - [TEST_STEP][PASSED] - delay: Delayed 2 second(s)

2018-11-20 13:01:29 - [MESSAGE][PASSED] - Delayed 2 second(s)

2018-11-20 13:01:29 - [TEST_STEP][PASSED] - Statement - setStationId = <not implemented yet for class: org.codehaus.groovy.ast.expr.EmptyExpression>: null

2018-11-20 13:01:29 - [TEST_STEP][PASSED] - Statement - actions.addStationMandatotyFields(setStationId): Delayed 3 second(s)

2018-11-20 13:01:29 - [MESSAGE][PASSED] - Object: 'Object Repository/F11822-Configure and Manage Stations/Add_New_Station_Button' is clicked on

2018-11-20 13:01:29 - [MESSAGE][PASSED] - Text '0NH2CKH' is set on object 'Object Repository/F11822-Configure and Manage Stations/station_id'

2018-11-20 13:01:30 - [MESSAGE][PASSED] - Text 'JQWVITF' is set on object 'Object Repository/F11822-Configure and Manage Stations/station_name'

2018-11-20 13:01:30 - [MESSAGE][PASSED] - Execute JavaScript 'document.querySelector('#splc').shadowRoot.querySelector('#trigger').shadowRoot.querySelector('#trigger').click()' successfully

2018-11-20 13:01:30 - [MESSAGE][PASSED] - Execute JavaScript 'return document.querySelector('#splc').shadowRoot.querySelector('px-overlay-content > #content').shadowRoot.querySelectorAll('#dropdown > div > #selector > div').length' successfully

2018-11-20 13:01:30 - [MESSAGE][PASSED] - Execute JavaScript 'document.querySelector('#splc').shadowRoot.querySelector('px-overlay-content > #content').shadowRoot.querySelector('#dropdown > div > #selector > div:nth-child(1)').click()' successfully

2018-11-20 13:01:30 - [MESSAGE][PASSED] - Execute JavaScript 'return document.querySelector('#fsac').shadowRoot.querySelector('px-overlay-content > #content').shadowRoot.querySelectorAll('#dropdown > div > #selector > div').length' successfully

2018-11-20 13:01:30 - [MESSAGE][PASSED] - Execute JavaScript 'document.querySelector('#fsac').shadowRoot.querySelector('px-overlay-content > #content').shadowRoot.querySelector('#dropdown > div > #selector > div:nth-child(1)').click()' successfully

2018-11-20 13:01:30 - [MESSAGE][PASSED] - Execute JavaScript 'return document.querySelector('#station-timezone-qualifier').shadowRoot.querySelector('px-overlay-content > #content').shadowRoot.querySelectorAll('#dropdown > div > #selector > div').length' successfully

2018-11-20 13:01:30 - [MESSAGE][PASSED] - Execute JavaScript 'document.querySelector('#station-timezone-qualifier').shadowRoot.querySelector('px-overlay-content > #content').shadowRoot.querySelector('#dropdown > div > #selector > div:nth-child(2)').click()' successfully

2018-11-20 13:01:30 - [MESSAGE][PASSED] - Execute JavaScript 'return document.querySelector('#country').shadowRoot.querySelector('px-overlay-content > #content').shadowRoot.querySelectorAll('#dropdown > div > #selector > div').length' successfully

2018-11-20 13:01:30 - [MESSAGE][PASSED] - Execute JavaScript 'document.querySelector('#country').shadowRoot.querySelector('px-overlay-content > #content').shadowRoot.querySelector('#dropdown > div > #selector > div:nth-child(2)').click()' successfully

2018-11-20 13:01:30 - [MESSAGE][PASSED] - Execute JavaScript 'return document.querySelector('#state').shadowRoot.querySelector('px-overlay-content > #content').shadowRoot.querySelectorAll('#dropdown > div > #selector > div').length' successfully

2018-11-20 13:01:30 - [MESSAGE][PASSED] - Execute JavaScript 'document.querySelector('#state').shadowRoot.querySelector('px-overlay-content > #content').shadowRoot.querySelector('#dropdown > div > #selector > div:nth-child(1)').click()' successfully

2018-11-20 13:01:30 - [MESSAGE][PASSED] - Object: 'Object Repository/F11822-Configure and Manage Stations/station_save_button' is clicked on

2018-11-20 13:01:33 - [MESSAGE][PASSED] - Delayed 3 second(s)

2018-11-20 13:01:33 - [TEST_STEP][PASSED] - delay: Delayed 2 second(s)

2018-11-20 13:01:35 - [MESSAGE][PASSED] - Delayed 2 second(s)

2018-11-20 13:01:35 - [TEST_STEP][PASSED] - Statement - setZoneId = <not implemented yet for class: org.codehaus.groovy.ast.expr.EmptyExpression>: null

2018-11-20 13:01:35 - [TEST_STEP][PASSED] - Statement - actions.addZone(setZoneId): Execute JavaScript 'document.querySelector('#zone-type').shadowRoot.querySelector('#content').shadowRoot.querySelector('#selector > div:nth-child(3)').click()' successfully

2018-11-20 13:01:35 - [MESSAGE][PASSED] - Object: 'Object Repository/F5140-Add Zone Functionalities/QA-US88570-Add Zone/US38196-Save a New Zone/Add Edit Zone/addNewZoneButton' is clicked on

2018-11-20 13:01:38 - [MESSAGE][PASSED] - Delayed 3 second(s)

2018-11-20 13:01:38 - [MESSAGE][PASSED] - Text 'NOQ4B' is set on object 'Object Repository/F5140-Add Zone Functionalities/QA-US88570-Add Zone/US38196-Save a New Zone/Add Edit Zone/zoneID'

2018-11-20 13:01:38 - [MESSAGE][PASSED] - Text 'HGWQ2IC' is set on object 'Object Repository/F5140-Add Zone Functionalities/QA-US88570-Add Zone/US38196-Save a New Zone/Add Edit Zone/zoneName'

2018-11-20 13:01:38 - [MESSAGE][PASSED] - Execute JavaScript 'document.querySelector('#zone-type').shadowRoot.querySelector('#trigger').click()' successfully

2018-11-20 13:01:38 - [MESSAGE][PASSED] - Execute JavaScript 'return document.querySelector('#zone-type').shadowRoot.querySelector('#content').shadowRoot.querySelectorAll('#selector > div').length' successfully

2018-11-20 13:01:39 - [MESSAGE][PASSED] - Execute JavaScript 'document.querySelector('#zone-type').shadowRoot.querySelector('#content').shadowRoot.querySelector('#selector > div:nth-child(3)').click()' successfully

2018-11-20 13:01:39 - [TEST_STEP][PASSED] - com.ge.tms.commonactions.RailroadActions.clickOnZoneSaveButton: com.ge.tms.commonactions.RailroadActions.clickOnZoneSaveButton is PASSED

2018-11-20 13:01:39 - [MESSAGE][PASSED] - Send request successfully

2018-11-20 13:01:39 - [MESSAGE][PASSED] - Send request successfully

2018-11-20 13:01:39 - [MESSAGE][PASSED] - Send request successfully

2018-11-20 13:01:39 - [MESSAGE][PASSED] - Send request successfully

2018-11-20 13:01:39 - [MESSAGE][PASSED] - Object: 'Object Repository/F5140-Add Zone Functionalities/QA-US88570-Add Zone/US38196-Save a New Zone/Add Edit Zone/zoneSaveButton' is clicked on

2018-11-20 13:01:42 - [MESSAGE][PASSED] - Delayed 3 second(s)

2018-11-20 13:01:42 - [MESSAGE][PASSED] - com.ge.tms.commonactions.RailroadActions.clickOnZoneSaveButton is PASSED

2018-11-20 13:01:42 - [TEST_STEP][PASSED] - Statement - setTrackId = <not implemented yet for class: org.codehaus.groovy.ast.expr.EmptyExpression>: null

2018-11-20 13:01:42 - [TEST_STEP][PASSED] - Statement - For ([i = 0, i < 3, (i++)]): Delayed 3 second(s)

2018-11-20 13:01:42 - [TEST_STEP][PASSED] - Statement - actions.saveNewTrackRecord(setTrackId): Execute JavaScript 'document.querySelector('#trackConditionCode').shadowRoot.querySelector('px-overlay-content > #content').shadowRoot.querySelector('#dropdown > div > #selector > div:nth-child(1)').click()' successfully

2018-11-20 13:01:42 - [MESSAGE][PASSED] - Object: 'Object Repository/F5362 - Configure and Manage Track/AddTrackButton' is clicked on

2018-11-20 13:01:43 - [MESSAGE][PASSED] - Delayed 1 second(s)

2018-11-20 13:01:43 - [MESSAGE][PASSED] - Text 'KPHEVG' is set on object 'Object Repository/F5362 - Configure and Manage Track/Track_id_input'

2018-11-20 13:01:43 - [MESSAGE][PASSED] - Text '0CMC3FB9PJ' is set on object 'Object Repository/F5362 - Configure and Manage Track/Track_Description_input'

2018-11-20 13:01:43 - [MESSAGE][PASSED] - Execute JavaScript 'return document.querySelector('#trackType').shadowRoot.querySelector('px-overlay-content > #content').shadowRoot.querySelectorAll('#dropdown > div > #selector > div').length' successfully

2018-11-20 13:01:43 - [MESSAGE][PASSED] - Execute JavaScript 'document.querySelector('#trackType').shadowRoot.querySelector('px-overlay-content > #content').shadowRoot.querySelector('#dropdown > div > #selector > div:nth-child(4)').click()' successfully

2018-11-20 13:01:43 - [MESSAGE][PASSED] - Text '1' is set on object 'Object Repository/F5362 - Configure and Manage Track/Track_Length_input'

2018-11-20 13:01:43 - [MESSAGE][PASSED] - Text '2' is set on object 'Object Repository/F5362 - Configure and Manage Track/Car_Capacity_input'

2018-11-20 13:01:43 - [MESSAGE][PASSED] - Execute JavaScript 'return document.querySelector('#trackConditionCode').shadowRoot.querySelector('px-overlay-content > #content').shadowRoot.querySelectorAll('#dropdown > div > #selector > div').length' successfully

2018-11-20 13:01:43 - [MESSAGE][PASSED] - Execute JavaScript 'document.querySelector('#trackConditionCode').shadowRoot.querySelector('px-overlay-content > #content').shadowRoot.querySelector('#dropdown > div > #selector > div:nth-child(1)').click()' successfully

2018-11-20 13:01:43 - [TEST_STEP][PASSED] - Statement - actions.saveTrack(): Delayed 3 second(s)

2018-11-20 13:01:43 - [MESSAGE][PASSED] - Object: 'Object Repository/F5362 - Configure and Manage Track/SaveTrackButton' is clicked on

2018-11-20 13:01:46 - [MESSAGE][PASSED] - Delayed 3 second(s)

2018-11-20 13:01:46 - [TEST_STEP][PASSED] - Statement - setTrackId = null: null

2018-11-20 13:01:46 - [TEST_STEP][PASSED] - delay: Delayed 3 second(s)

2018-11-20 13:01:49 - [MESSAGE][PASSED] - Delayed 3 second(s)

2018-11-20 13:01:49 - [TEST_STEP][PASSED] - Statement - actions.saveNewTrackRecord(setTrackId): Execute JavaScript 'document.querySelector('#trackConditionCode').shadowRoot.querySelector('px-overlay-content > #content').shadowRoot.querySelector('#dropdown > div > #selector > div:nth-child(2)').click()' successfully

2018-11-20 13:01:49 - [MESSAGE][PASSED] - Object: 'Object Repository/F5362 - Configure and Manage Track/AddTrackButton' is clicked on

2018-11-20 13:01:50 - [MESSAGE][PASSED] - Delayed 1 second(s)

2018-11-20 13:01:51 - [MESSAGE][PASSED] - Text 'LPLK22' is set on object 'Object Repository/F5362 - Configure and Manage Track/Track_id_input'

2018-11-20 13:01:51 - [MESSAGE][PASSED] - Text 'OYWAIOXB4V' is set on object 'Object Repository/F5362 - Configure and Manage Track/Track_Description_input'

2018-11-20 13:01:51 - [MESSAGE][PASSED] - Execute JavaScript 'return document.querySelector('#trackType').shadowRoot.querySelector('px-overlay-content > #content').shadowRoot.querySelectorAll('#dropdown > div > #selector > div').length' successfully

2018-11-20 13:01:51 - [MESSAGE][PASSED] - Execute JavaScript 'document.querySelector('#trackType').shadowRoot.querySelector('px-overlay-content > #content').shadowRoot.querySelector('#dropdown > div > #selector > div:nth-child(5)').click()' successfully

2018-11-20 13:01:51 - [MESSAGE][PASSED] - Text '1' is set on object 'Object Repository/F5362 - Configure and Manage Track/Track_Length_input'

2018-11-20 13:01:51 - [MESSAGE][PASSED] - Text '3' is set on object 'Object Repository/F5362 - Configure and Manage Track/Car_Capacity_input'

2018-11-20 13:01:51 - [MESSAGE][PASSED] - Execute JavaScript 'return document.querySelector('#trackConditionCode').shadowRoot.querySelector('px-overlay-content > #content').shadowRoot.querySelectorAll('#dropdown > div > #selector > div').length' successfully

2018-11-20 13:01:51 - [MESSAGE][PASSED] - Execute JavaScript 'document.querySelector('#trackConditionCode').shadowRoot.querySelector('px-overlay-content > #content').shadowRoot.querySelector('#dropdown > div > #selector > div:nth-child(2)').click()' successfully

2018-11-20 13:01:51 - [TEST_STEP][PASSED] - Statement - actions.saveTrack(): Delayed 3 second(s)

2018-11-20 13:01:51 - [MESSAGE][PASSED] - Object: 'Object Repository/F5362 - Configure and Manage Track/SaveTrackButton' is clicked on

2018-11-20 13:01:54 - [MESSAGE][PASSED] - Delayed 3 second(s)

2018-11-20 13:01:54 - [TEST_STEP][PASSED] - Statement - setTrackId = null: null

2018-11-20 13:01:54 - [TEST_STEP][PASSED] - delay: Delayed 3 second(s)

2018-11-20 13:01:57 - [MESSAGE][PASSED] - Delayed 3 second(s)

2018-11-20 13:01:57 - [TEST_STEP][PASSED] - Statement - actions.saveNewTrackRecord(setTrackId): Execute JavaScript 'document.querySelector('#trackConditionCode').shadowRoot.querySelector('px-overlay-content > #content').shadowRoot.querySelector('#dropdown > div > #selector > div:nth-child(1)').click()' successfully

2018-11-20 13:01:57 - [MESSAGE][PASSED] - Object: 'Object Repository/F5362 - Configure and Manage Track/AddTrackButton' is clicked on

2018-11-20 13:01:58 - [MESSAGE][PASSED] - Delayed 1 second(s)

2018-11-20 13:01:58 - [MESSAGE][PASSED] - Text '71MZ2L' is set on object 'Object Repository/F5362 - Configure and Manage Track/Track_id_input'

2018-11-20 13:01:59 - [MESSAGE][PASSED] - Text '0PN33MVNTB' is set on object 'Object Repository/F5362 - Configure and Manage Track/Track_Description_input'

2018-11-20 13:01:59 - [MESSAGE][PASSED] - Execute JavaScript 'return document.querySelector('#trackType').shadowRoot.querySelector('px-overlay-content > #content').shadowRoot.querySelectorAll('#dropdown > div > #selector > div').length' successfully

2018-11-20 13:01:59 - [MESSAGE][PASSED] - Execute JavaScript 'document.querySelector('#trackType').shadowRoot.querySelector('px-overlay-content > #content').shadowRoot.querySelector('#dropdown > div > #selector > div:nth-child(3)').click()' successfully

2018-11-20 13:01:59 - [MESSAGE][PASSED] - Text '3' is set on object 'Object Repository/F5362 - Configure and Manage Track/Track_Length_input'

2018-11-20 13:01:59 - [MESSAGE][PASSED] - Text '1' is set on object 'Object Repository/F5362 - Configure and Manage Track/Car_Capacity_input'

2018-11-20 13:01:59 - [MESSAGE][PASSED] - Execute JavaScript 'return document.querySelector('#trackConditionCode').shadowRoot.querySelector('px-overlay-content > #content').shadowRoot.querySelectorAll('#dropdown > div > #selector > div').length' successfully

2018-11-20 13:01:59 - [MESSAGE][PASSED] - Execute JavaScript 'document.querySelector('#trackConditionCode').shadowRoot.querySelector('px-overlay-content > #content').shadowRoot.querySelector('#dropdown > div > #selector > div:nth-child(1)').click()' successfully

2018-11-20 13:01:59 - [TEST_STEP][PASSED] - Statement - actions.saveTrack(): Delayed 3 second(s)

2018-11-20 13:01:59 - [MESSAGE][PASSED] - Object: 'Object Repository/F5362 - Configure and Manage Track/SaveTrackButton' is clicked on

2018-11-20 13:02:02 - [MESSAGE][PASSED] - Delayed 3 second(s)

2018-11-20 13:02:02 - [TEST_STEP][PASSED] - Statement - setTrackId = null: null

2018-11-20 13:02:02 - [TEST_STEP][PASSED] - delay: Delayed 3 second(s)

2018-11-20 13:02:05 - [MESSAGE][PASSED] - Delayed 3 second(s)

2018-11-20 13:02:05 - [TEST_STEP][PASSED] - Statement - tracksList = CustomKeywords.com.ge.tms.commonactions.RailroadActions.storeTracksDataToSearch(): com.ge.tms.commonactions.RailroadActions.storeTracksDataToSearch is PASSED

2018-11-20 13:02:05 - [MESSAGE][PASSED] - Send request successfully

2018-11-20 13:02:05 - [MESSAGE][PASSED] - Send request successfully

2018-11-20 13:02:05 - [MESSAGE][PASSED] - Send request successfully

2018-11-20 13:02:05 - [MESSAGE][PASSED] - Send request successfully

2018-11-20 13:02:05 - [MESSAGE][PASSED] - com.ge.tms.commonactions.RailroadActions.storeTracksDataToSearch is PASSED

2018-11-20 13:02:05 - [TEST_STEP][PASSED] - com.ge.tms.railroad.RailroadVerification.verifySearchByTrackID: com.ge.tms.railroad.RailroadVerification.verifySearchByTrackID is PASSED

2018-11-20 13:02:05 - [MESSAGE][PASSED] - Send request successfully

2018-11-20 13:02:05 - [MESSAGE][PASSED] - Send request successfully

2018-11-20 13:02:05 - [MESSAGE][PASSED] - Send request successfully

2018-11-20 13:02:05 - [MESSAGE][PASSED] - Send request successfully

2018-11-20 13:02:06 - [MESSAGE][PASSED] - Send request successfully

2018-11-20 13:02:06 - [MESSAGE][PASSED] - Send request successfully

2018-11-20 13:02:06 - [MESSAGE][PASSED] - Send request successfully

2018-11-20 13:02:06 - [MESSAGE][PASSED] - Send request successfully

2018-11-20 13:02:06 - [MESSAGE][PASSED] - Text of object 'Object Repository/F5362 - Configure and Manage Track/trackIdSearchBx' is cleared

2018-11-20 13:02:06 - [MESSAGE][PASSED] - Text of object 'Object Repository/F5362 - Configure and Manage Track/trackDescriptionSearchBox' is cleared

2018-11-20 13:02:06 - [MESSAGE][PASSED] - Text of object 'Object Repository/F5362 - Configure and Manage Track/trackTypeSearchBox' is cleared

2018-11-20 13:02:06 - [MESSAGE][PASSED] - Text of object 'Object Repository/F5362 - Configure and Manage Track/trackLengthSearchBox' is cleared

2018-11-20 13:02:06 - [MESSAGE][PASSED] - Text of object 'Object Repository/F5362 - Configure and Manage Track/carCapactitySearchBox' is cleared

2018-11-20 13:02:06 - [MESSAGE][PASSED] - Text of object 'Object Repository/F5362 - Configure and Manage Track/conditionCodeSearchBox' is cleared

2018-11-20 13:02:08 - [MESSAGE][PASSED] - Delayed 2 second(s)

2018-11-20 13:02:08 - [MESSAGE][PASSED] - Text 'KPHEVG' is set on object 'Object Repository/F5362 - Configure and Manage Track/trackIdSearchBx'

2018-11-20 13:02:08 - [MESSAGE][PASSED] - Actual object 'KPHEVG' and expected object 'KPHEVG' are equal

2018-11-20 13:02:08 - [MESSAGE][PASSED] - Actual object '0CMC3FB9PJ' and expected object '0CMC3FB9PJ' are equal

2018-11-20 13:02:08 - [MESSAGE][PASSED] - Actual object 'STORAGE' and expected object 'STORAGE' are equal

2018-11-20 13:02:08 - [MESSAGE][PASSED] - Actual object '1' and expected object '1' are equal

2018-11-20 13:02:08 - [MESSAGE][PASSED] - Actual object '2' and expected object '2' are equal

2018-11-20 13:02:08 - [MESSAGE][PASSED] - Actual object 'DR' and expected object 'DR' are equal

2018-11-20 13:02:08 - [MESSAGE][PASSED] - Keys '' sent to object: 'Object Repository/F5362 - Configure and Manage Track/trackIdSearchBx'

2018-11-20 13:02:08 - [MESSAGE][PASSED] - Keys '' sent to object: 'Object Repository/F5362 - Configure and Manage Track/trackIdSearchBx'

2018-11-20 13:02:08 - [MESSAGE][PASSED] - Keys '' sent to object: 'Object Repository/F5362 - Configure and Manage Track/trackIdSearchBx'

2018-11-20 13:02:08 - [MESSAGE][PASSED] - Keys '' sent to object: 'Object Repository/F5362 - Configure and Manage Track/trackIdSearchBx'

2018-11-20 13:02:08 - [MESSAGE][PASSED] - Keys '' sent to object: 'Object Repository/F5362 - Configure and Manage Track/trackIdSearchBx'

2018-11-20 13:02:08 - [MESSAGE][PASSED] - Keys '' sent to object: 'Object Repository/F5362 - Configure and Manage Track/trackIdSearchBx'

2018-11-20 13:02:09 - [MESSAGE][PASSED] - Text of object 'Object Repository/F5362 - Configure and Manage Track/trackIdSearchBx' is cleared

2018-11-20 13:02:09 - [MESSAGE][PASSED] - Text of object 'Object Repository/F5362 - Configure and Manage Track/trackDescriptionSearchBox' is cleared

2018-11-20 13:02:09 - [MESSAGE][PASSED] - Text of object 'Object Repository/F5362 - Configure and Manage Track/trackTypeSearchBox' is cleared

2018-11-20 13:02:09 - [MESSAGE][PASSED] - Text of object 'Object Repository/F5362 - Configure and Manage Track/trackLengthSearchBox' is cleared

2018-11-20 13:02:09 - [MESSAGE][PASSED] - Text of object 'Object Repository/F5362 - Configure and Manage Track/carCapactitySearchBox' is cleared

2018-11-20 13:02:09 - [MESSAGE][PASSED] - Text of object 'Object Repository/F5362 - Configure and Manage Track/conditionCodeSearchBox' is cleared

2018-11-20 13:02:11 - [MESSAGE][PASSED] - Delayed 2 second(s)

2018-11-20 13:02:11 - [MESSAGE][PASSED] - Text 'VG' is set on object 'Object Repository/F5362 - Configure and Manage Track/trackIdSearchBx'

2018-11-20 13:02:11 - [MESSAGE][PASSED] - Actual object 'KPHEVG' and expected object 'KPHEVG' are equal

2018-11-20 13:02:11 - [MESSAGE][PASSED] - Actual object '0CMC3FB9PJ' and expected object '0CMC3FB9PJ' are equal

2018-11-20 13:02:11 - [MESSAGE][PASSED] - Actual object 'STORAGE' and expected object 'STORAGE' are equal

2018-11-20 13:02:11 - [MESSAGE][PASSED] - Actual object '1' and expected object '1' are equal

2018-11-20 13:02:11 - [MESSAGE][PASSED] - Actual object '2' and expected object '2' are equal

2018-11-20 13:02:11 - [MESSAGE][PASSED] - Actual object 'DR' and expected object 'DR' are equal

2018-11-20 13:02:11 - [MESSAGE][PASSED] - Keys '' sent to object: 'Object Repository/F5362 - Configure and Manage Track/trackIdSearchBx'

2018-11-20 13:02:11 - [MESSAGE][PASSED] - Keys '' sent to object: 'Object Repository/F5362 - Configure and Manage Track/trackIdSearchBx'

2018-11-20 13:02:11 - [MESSAGE][PASSED] - Keys '' sent to object: 'Object Repository/F5362 - Configure and Manage Track/trackIdSearchBx'

2018-11-20 13:02:11 - [MESSAGE][PASSED] - Keys '' sent to object: 'Object Repository/F5362 - Configure and Manage Track/trackIdSearchBx'

2018-11-20 13:02:13 - [MESSAGE][PASSED] - Delayed 2 second(s)

2018-11-20 13:02:13 - [MESSAGE][PASSED] - com.ge.tms.railroad.RailroadVerification.verifySearchByTrackID is PASSED

2018-11-20 13:02:13 - [TEST_STEP][PASSED] - delay: Delayed 2 second(s)

2018-11-20 13:02:15 - [MESSAGE][PASSED] - Delayed 2 second(s)

2018-11-20 13:02:15 - [TEST_STEP][PASSED] - com.ge.tms.railroad.RailroadVerification.verifySearchByTrackDescription: com.ge.tms.railroad.RailroadVerification.verifySearchByTrackDescription is PASSED

2018-11-20 13:02:15 - [MESSAGE][PASSED] - Send request successfully

2018-11-20 13:02:15 - [MESSAGE][PASSED] - Send request successfully

2018-11-20 13:02:15 - [MESSAGE][PASSED] - Send request successfully

2018-11-20 13:02:15 - [MESSAGE][PASSED] - Send request successfully

2018-11-20 13:02:15 - [MESSAGE][PASSED] - Send request successfully

2018-11-20 13:02:15 - [MESSAGE][PASSED] - Send request successfully

2018-11-20 13:02:15 - [MESSAGE][PASSED] - Send request successfully

2018-11-20 13:02:15 - [MESSAGE][PASSED] - Send request successfully

2018-11-20 13:02:15 - [MESSAGE][PASSED] - Text of object 'Object Repository/F5362 - Configure and Manage Track/trackIdSearchBx' is cleared

2018-11-20 13:02:15 - [MESSAGE][PASSED] - Text of object 'Object Repository/F5362 - Configure and Manage Track/trackDescriptionSearchBox' is cleared

2018-11-20 13:02:15 - [MESSAGE][PASSED] - Text of object 'Object Repository/F5362 - Configure and Manage Track/trackTypeSearchBox' is cleared

2018-11-20 13:02:15 - [MESSAGE][PASSED] - Text of object 'Object Repository/F5362 - Configure and Manage Track/trackLengthSearchBox' is cleared

2018-11-20 13:02:15 - [MESSAGE][PASSED] - Text of object 'Object Repository/F5362 - Configure and Manage Track/carCapactitySearchBox' is cleared

2018-11-20 13:02:15 - [MESSAGE][PASSED] - Text of object 'Object Repository/F5362 - Configure and Manage Track/conditionCodeSearchBox' is cleared

2018-11-20 13:02:17 - [MESSAGE][PASSED] - Delayed 2 second(s)

2018-11-20 13:02:18 - [MESSAGE][PASSED] - Text 'OYWAIOXB4V' is set on object 'Object Repository/F5362 - Configure and Manage Track/trackDescriptionSearchBox'

2018-11-20 13:02:18 - [MESSAGE][PASSED] - Actual object 'LPLK22' and expected object 'LPLK22' are equal

2018-11-20 13:02:18 - [MESSAGE][PASSED] - Actual object 'OYWAIOXB4V' and expected object 'OYWAIOXB4V' are equal

2018-11-20 13:02:18 - [MESSAGE][PASSED] - Actual object 'OUTSIDE_GATE_STREET_ACCOUNT' and expected object 'OUTSIDE_GATE_STREET_ACCOUNT' are equal

2018-11-20 13:02:18 - [MESSAGE][PASSED] - Actual object '1' and expected object '1' are equal

2018-11-20 13:02:18 - [MESSAGE][PASSED] - Actual object '3' and expected object '3' are equal

2018-11-20 13:02:18 - [MESSAGE][PASSED] - Actual object 'TC1' and expected object 'TC1' are equal

2018-11-20 13:02:18 - [MESSAGE][PASSED] - Keys '' sent to object: 'Object Repository/F5362 - Configure and Manage Track/trackDescriptionSearchBox'

2018-11-20 13:02:18 - [MESSAGE][PASSED] - Keys '' sent to object: 'Object Repository/F5362 - Configure and Manage Track/trackDescriptionSearchBox'

2018-11-20 13:02:18 - [MESSAGE][PASSED] - Keys '' sent to object: 'Object Repository/F5362 - Configure and Manage Track/trackDescriptionSearchBox'

2018-11-20 13:02:18 - [MESSAGE][PASSED] - Keys '' sent to object: 'Object Repository/F5362 - Configure and Manage Track/trackDescriptionSearchBox'

2018-11-20 13:02:18 - [MESSAGE][PASSED] - Keys '' sent to object: 'Object Repository/F5362 - Configure and Manage Track/trackDescriptionSearchBox'

2018-11-20 13:02:18 - [MESSAGE][PASSED] - Keys '' sent to object: 'Object Repository/F5362 - Configure and Manage Track/trackDescriptionSearchBox'

2018-11-20 13:02:18 - [MESSAGE][PASSED] - Keys '' sent to object: 'Object Repository/F5362 - Configure and Manage Track/trackDescriptionSearchBox'

2018-11-20 13:02:18 - [MESSAGE][PASSED] - Keys '' sent to object: 'Object Repository/F5362 - Configure and Manage Track/trackDescriptionSearchBox'

2018-11-20 13:02:18 - [MESSAGE][PASSED] - Keys '' sent to object: 'Object Repository/F5362 - Configure and Manage Track/trackDescriptionSearchBox'

2018-11-20 13:02:18 - [MESSAGE][PASSED] - Keys '' sent to object: 'Object Repository/F5362 - Configure and Manage Track/trackDescriptionSearchBox'

2018-11-20 13:02:18 - [MESSAGE][PASSED] - Text of object 'Object Repository/F5362 - Configure and Manage Track/trackIdSearchBx' is cleared

2018-11-20 13:02:18 - [MESSAGE][PASSED] - Text of object 'Object Repository/F5362 - Configure and Manage Track/trackDescriptionSearchBox' is cleared

2018-11-20 13:02:18 - [MESSAGE][PASSED] - Text of object 'Object Repository/F5362 - Configure and Manage Track/trackTypeSearchBox' is cleared

2018-11-20 13:02:18 - [MESSAGE][PASSED] - Text of object 'Object Repository/F5362 - Configure and Manage Track/trackLengthSearchBox' is cleared

2018-11-20 13:02:18 - [MESSAGE][PASSED] - Text of object 'Object Repository/F5362 - Configure and Manage Track/carCapactitySearchBox' is cleared

2018-11-20 13:02:18 - [MESSAGE][PASSED] - Text of object 'Object Repository/F5362 - Configure and Manage Track/conditionCodeSearchBox' is cleared

2018-11-20 13:02:20 - [MESSAGE][PASSED] - Delayed 2 second(s)

2018-11-20 13:02:20 - [MESSAGE][PASSED] - Text '4V' is set on object 'Object Repository/F5362 - Configure and Manage Track/trackDescriptionSearchBox'

2018-11-20 13:02:21 - [MESSAGE][PASSED] - Actual object 'LPLK22' and expected object 'LPLK22' are equal

2018-11-20 13:02:21 - [MESSAGE][PASSED] - Actual object 'OYWAIOXB4V' and expected object 'OYWAIOXB4V' are equal

2018-11-20 13:02:21 - [MESSAGE][PASSED] - Actual object 'OUTSIDE_GATE_STREET_ACCOUNT' and expected object 'OUTSIDE_GATE_STREET_ACCOUNT' are equal

2018-11-20 13:02:21 - [MESSAGE][PASSED] - Actual object '1' and expected object '1' are equal

2018-11-20 13:02:21 - [MESSAGE][PASSED] - Actual object '3' and expected object '3' are equal

2018-11-20 13:02:21 - [MESSAGE][PASSED] - Actual object 'TC1' and expected object 'TC1' are equal

2018-11-20 13:02:21 - [MESSAGE][PASSED] - Keys '' sent to object: 'Object Repository/F5362 - Configure and Manage Track/trackDescriptionSearchBox'

2018-11-20 13:02:21 - [MESSAGE][PASSED] - Keys '' sent to object: 'Object Repository/F5362 - Configure and Manage Track/trackDescriptionSearchBox'

2018-11-20 13:02:21 - [MESSAGE][PASSED] - Keys '' sent to object: 'Object Repository/F5362 - Configure and Manage Track/trackDescriptionSearchBox'

2018-11-20 13:02:21 - [MESSAGE][PASSED] - Keys '' sent to object: 'Object Repository/F5362 - Configure and Manage Track/trackDescriptionSearchBox'

2018-11-20 13:02:21 - [MESSAGE][PASSED] - Keys '' sent to object: 'Object Repository/F5362 - Configure and Manage Track/trackDescriptionSearchBox'

2018-11-20 13:02:21 - [MESSAGE][PASSED] - Keys '' sent to object: 'Object Repository/F5362 - Configure and Manage Track/trackDescriptionSearchBox'

2018-11-20 13:02:21 - [MESSAGE][PASSED] - Keys '' sent to object: 'Object Repository/F5362 - Configure and Manage Track/trackDescriptionSearchBox'

2018-11-20 13:02:21 - [MESSAGE][PASSED] - Keys '' sent to object: 'Object Repository/F5362 - Configure and Manage Track/trackDescriptionSearchBox'

2018-11-20 13:02:23 - [MESSAGE][PASSED] - Delayed 2 second(s)

2018-11-20 13:02:23 - [MESSAGE][PASSED] - com.ge.tms.railroad.RailroadVerification.verifySearchByTrackDescription is PASSED

2018-11-20 13:02:23 - [TEST_STEP][PASSED] - delay: Delayed 2 second(s)

2018-11-20 13:02:25 - [MESSAGE][PASSED] - Delayed 2 second(s)

2018-11-20 13:02:25 - [TEST_STEP][PASSED] - com.ge.tms.railroad.RailroadVerification.verifySearchByTrackLength: com.ge.tms.railroad.RailroadVerification.verifySearchByTrackLength is PASSED

2018-11-20 13:02:25 - [MESSAGE][PASSED] - Send request successfully

2018-11-20 13:02:25 - [MESSAGE][PASSED] - Send request successfully

2018-11-20 13:02:25 - [MESSAGE][PASSED] - Send request successfully

2018-11-20 13:02:25 - [MESSAGE][PASSED] - Send request successfully

2018-11-20 13:02:25 - [MESSAGE][PASSED] - Send request successfully

2018-11-20 13:02:25 - [MESSAGE][PASSED] - Send request successfully

2018-11-20 13:02:25 - [MESSAGE][PASSED] - Send request successfully

2018-11-20 13:02:25 - [MESSAGE][PASSED] - Send request successfully

2018-11-20 13:02:25 - [MESSAGE][PASSED] - Text of object 'Object Repository/F5362 - Configure and Manage Track/trackIdSearchBx' is cleared

2018-11-20 13:02:25 - [MESSAGE][PASSED] - Text of object 'Object Repository/F5362 - Configure and Manage Track/trackDescriptionSearchBox' is cleared

2018-11-20 13:02:25 - [MESSAGE][PASSED] - Text of object 'Object Repository/F5362 - Configure and Manage Track/trackTypeSearchBox' is cleared

2018-11-20 13:02:25 - [MESSAGE][PASSED] - Text of object 'Object Repository/F5362 - Configure and Manage Track/trackLengthSearchBox' is cleared

2018-11-20 13:02:25 - [MESSAGE][PASSED] - Text of object 'Object Repository/F5362 - Configure and Manage Track/carCapactitySearchBox' is cleared

2018-11-20 13:02:25 - [MESSAGE][PASSED] - Text of object 'Object Repository/F5362 - Configure and Manage Track/conditionCodeSearchBox' is cleared

2018-11-20 13:02:27 - [MESSAGE][PASSED] - Delayed 2 second(s)

2018-11-20 13:02:27 - [MESSAGE][PASSED] - Text '3' is set on object 'Object Repository/F5362 - Configure and Manage Track/trackLengthSearchBox'

2018-11-20 13:02:27 - [MESSAGE][PASSED] - Actual object '71MZ2L' and expected object '71MZ2L' are equal

2018-11-20 13:02:27 - [MESSAGE][PASSED] - Actual object '0PN33MVNTB' and expected object '0PN33MVNTB' are equal

2018-11-20 13:02:27 - [MESSAGE][PASSED] - Actual object 'REPAIR' and expected object 'REPAIR' are equal

2018-11-20 13:02:27 - [MESSAGE][PASSED] - Actual object '3' and expected object '3' are equal

2018-11-20 13:02:27 - [MESSAGE][PASSED] - Actual object '1' and expected object '1' are equal

2018-11-20 13:02:27 - [MESSAGE][PASSED] - Actual object 'DR' and expected object 'DR' are equal

2018-11-20 13:02:27 - [MESSAGE][PASSED] - Keys '' sent to object: 'Object Repository/F5362 - Configure and Manage Track/trackLengthSearchBox'

2018-11-20 13:02:29 - [MESSAGE][PASSED] - Delayed 2 second(s)

2018-11-20 13:02:29 - [MESSAGE][PASSED] - com.ge.tms.railroad.RailroadVerification.verifySearchByTrackLength is PASSED

2018-11-20 13:02:29 - [TEST_STEP][PASSED] - delay: Delayed 2 second(s)

2018-11-20 13:02:31 - [MESSAGE][PASSED] - Delayed 2 second(s)

2018-11-20 13:02:31 - [TEST_STEP][PASSED] - com.ge.tms.railroad.RailroadVerification.verifySearchByCarCapacity: com.ge.tms.railroad.RailroadVerification.verifySearchByCarCapacity is PASSED

2018-11-20 13:02:31 - [MESSAGE][PASSED] - Send request successfully

2018-11-20 13:02:31 - [MESSAGE][PASSED] - Send request successfully

2018-11-20 13:02:31 - [MESSAGE][PASSED] - Send request successfully

2018-11-20 13:02:31 - [MESSAGE][PASSED] - Send request successfully

2018-11-20 13:02:31 - [MESSAGE][PASSED] - Send request successfully

2018-11-20 13:02:31 - [MESSAGE][PASSED] - Send request successfully

2018-11-20 13:02:31 - [MESSAGE][PASSED] - Send request successfully

2018-11-20 13:02:31 - [MESSAGE][PASSED] - Send request successfully

2018-11-20 13:02:31 - [MESSAGE][PASSED] - Text of object 'Object Repository/F5362 - Configure and Manage Track/trackIdSearchBx' is cleared

2018-11-20 13:02:31 - [MESSAGE][PASSED] - Text of object 'Object Repository/F5362 - Configure and Manage Track/trackDescriptionSearchBox' is cleared

2018-11-20 13:02:31 - [MESSAGE][PASSED] - Text of object 'Object Repository/F5362 - Configure and Manage Track/trackTypeSearchBox' is cleared

2018-11-20 13:02:31 - [MESSAGE][PASSED] - Text of object 'Object Repository/F5362 - Configure and Manage Track/trackLengthSearchBox' is cleared

2018-11-20 13:02:31 - [MESSAGE][PASSED] - Text of object 'Object Repository/F5362 - Configure and Manage Track/carCapactitySearchBox' is cleared

2018-11-20 13:02:31 - [MESSAGE][PASSED] - Text of object 'Object Repository/F5362 - Configure and Manage Track/conditionCodeSearchBox' is cleared

2018-11-20 13:02:33 - [MESSAGE][PASSED] - Delayed 2 second(s)

2018-11-20 13:02:34 - [MESSAGE][PASSED] - Text '2' is set on object 'Object Repository/F5362 - Configure and Manage Track/carCapactitySearchBox'

2018-11-20 13:02:34 - [MESSAGE][PASSED] - Actual object 'KPHEVG' and expected object 'KPHEVG' are equal

2018-11-20 13:02:34 - [MESSAGE][PASSED] - Actual object '0CMC3FB9PJ' and expected object '0CMC3FB9PJ' are equal

2018-11-20 13:02:34 - [MESSAGE][PASSED] - Actual object 'STORAGE' and expected object 'STORAGE' are equal

2018-11-20 13:02:34 - [MESSAGE][PASSED] - Actual object '1' and expected object '1' are equal

2018-11-20 13:02:34 - [MESSAGE][PASSED] - Actual object '2' and expected object '2' are equal

2018-11-20 13:02:34 - [MESSAGE][PASSED] - Actual object 'DR' and expected object 'DR' are equal

2018-11-20 13:02:34 - [MESSAGE][PASSED] - Keys '' sent to object: 'Object Repository/F5362 - Configure and Manage Track/carCapactitySearchBox'

2018-11-20 13:02:36 - [MESSAGE][PASSED] - Delayed 2 second(s)

2018-11-20 13:02:36 - [MESSAGE][PASSED] - com.ge.tms.railroad.RailroadVerification.verifySearchByCarCapacity is PASSED

2018-11-20 13:02:36 - [TEST_STEP][PASSED] - delay: Delayed 2 second(s)

2018-11-20 13:02:38 - [MESSAGE][PASSED] - Delayed 2 second(s)

2018-11-20 13:02:38 - [TEST_STEP][FAILED] - com.ge.tms.railroad.RailroadVerification.verifySearchByConditionCode: Unable to verify equal between actual object 'KPHEVG' and expected object '71MZ2L' (Root cause: Actual object 'KPHEVG' and expected object '71MZ2L' are not equal)

2018-11-20 13:02:38 - [MESSAGE][PASSED] - Send request successfully

2018-11-20 13:02:38 - [MESSAGE][PASSED] - Send request successfully

2018-11-20 13:02:38 - [MESSAGE][PASSED] - Send request successfully

2018-11-20 13:02:38 - [MESSAGE][PASSED] - Send request successfully

2018-11-20 13:02:38 - [MESSAGE][PASSED] - Send request successfully

2018-11-20 13:02:38 - [MESSAGE][PASSED] - Send request successfully

2018-11-20 13:02:38 - [MESSAGE][PASSED] - Send request successfully

2018-11-20 13:02:38 - [MESSAGE][PASSED] - Send request successfully

2018-11-20 13:02:38 - [MESSAGE][PASSED] - Text of object 'Object Repository/F5362 - Configure and Manage Track/trackIdSearchBx' is cleared

2018-11-20 13:02:38 - [MESSAGE][PASSED] - Text of object 'Object Repository/F5362 - Configure and Manage Track/trackDescriptionSearchBox' is cleared

2018-11-20 13:02:38 - [MESSAGE][PASSED] - Text of object 'Object Repository/F5362 - Configure and Manage Track/trackTypeSearchBox' is cleared

2018-11-20 13:02:38 - [MESSAGE][PASSED] - Text of object 'Object Repository/F5362 - Configure and Manage Track/trackLengthSearchBox' is cleared

2018-11-20 13:02:38 - [MESSAGE][PASSED] - Text of object 'Object Repository/F5362 - Configure and Manage Track/carCapactitySearchBox' is cleared

2018-11-20 13:02:38 - [MESSAGE][PASSED] - Text of object 'Object Repository/F5362 - Configure and Manage Track/conditionCodeSearchBox' is cleared

2018-11-20 13:02:38 - [MESSAGE][PASSED] - Text 'DR' is set on object 'Object Repository/F5362 - Configure and Manage Track/conditionCodeSearchBox'

2018-11-20 13:02:38 - [MESSAGE][FAILED] - Unable to verify equal between actual object 'KPHEVG' and expected object '71MZ2L' (Root cause: Actual object 'KPHEVG' and expected object '71MZ2L' are not equal)

2018-11-20 13:02:38 - [MESSAGE][FAILED] - Unable to verify equal between actual object 'KPHEVG' and expected object '71MZ2L' (Root cause: Actual object 'KPHEVG' and expected object '71MZ2L' are not equal)

2018-11-20 13:02:38 - [TEST_STEP][PASSED] - Start listener action : closeBrowserForTestCasse: Navigate to 'http://localhost:8080/home' successfully

2018-11-20 13:02:38 - [TEST_STEP][PASSED] - Statement - If (isTestSuitEnable == true): null

2018-11-20 13:02:38 - [TEST_STEP][PASSED] - Statement - beforeTestCaseExecute(): null

2018-11-20 13:02:38 - [TEST_STEP][PASSED] - Statement - If (isTestSuitEnable == true): Navigate to 'http://localhost:8080/home' successfully

2018-11-20 13:02:38 - [TEST_STEP][PASSED] - navigateToUrl: Navigate to 'http://localhost:8080/home' successfully

2018-11-20 13:02:39 - [MESSAGE][PASSED] - Navigate to 'http://localhost:8080/home' successfully

2018-11-20 13:02:39 - [TEST_STEP][PASSED] - Start listener action : afterTestCase: Invoke 'com.kms.katalon.core.annotation.AfterTestCase' method: 'TmsTestListner.afterTestCase(...)' completed.

2018-11-20 13:02:39 - [TEST_STEP][PASSED] - Statement - If (java.lang.System.getProperties().containsKey("updateRally")): Invoke 'com.kms.katalon.core.annotation.AfterTestCase' method: 'TmsTestListner.afterTestCase(...)' completed.]]></system-out>
         <system-err><![CDATA[2018-11-20 13:01:21 - [TEST_CASE][FAILED] - Test Cases/Railroad/F5362 - Configure and manage track/QA-US112184/US39513-Search Tracks/TC76860-Tracks Search: Test Cases/Railroad/F5362 - Configure and manage track/QA-US112184/US39513-Search Tracks/TC76860-Tracks Search FAILED because (of) Unable to verify equal between actual object 'KPHEVG' and expected object '71MZ2L' (Root cause: Actual object 'KPHEVG' and expected object '71MZ2L' are not equal)]]></system-err>
      </testcase>
      <system-out><![CDATA[2018-11-20 12:50:13 - [TEST_SUITE][FAILED] - RailRoad Setup Test Suite: Test Cases/Railroad/F5362 - Configure and manage track/QA-US112184/US39513-Search Tracks/TC76860-Tracks Search FAILED because (of) Unable to verify equal between actual object 'KPHEVG' and expected object '71MZ2L' (Root cause: Actual object 'KPHEVG' and expected object '71MZ2L' are not equal)]]></system-out>
      <system-err><![CDATA[2018-11-20 12:50:13 - [TEST_SUITE][FAILED] - RailRoad Setup Test Suite: Test Cases/Railroad/F5362 - Configure and manage track/QA-US112184/US39513-Search Tracks/TC76860-Tracks Search FAILED because (of) Unable to verify equal between actual object 'KPHEVG' and expected object '71MZ2L' (Root cause: Actual object 'KPHEVG' and expected object '71MZ2L' are not equal)]]></system-err>
   </testsuite>
</testsuites>
