<?xml version="1.0" encoding="UTF-8"?>
<testsuites name="RailRoad Setup Test Suite" time="632" tests="19" failures="1" errors="0">
   <testsuite name="RailRoad Setup Test Suite" tests="19" failures="1" errors="0" time="632" timestamp="2018-11-15 10:07:35" hostname="ramesh - 192.168.0.3" id="Test Suites/Regression/RailRoad Setup Test Suite">
      <properties>
         <property name="deviceName" value=""/>
         <property name="devicePlatform" value=""/>
         <property name="logFolder" value="/Users/ramesh/Documents/automation/Automation-14112018/tms-qa-automation/TMSLiteRegressionAutomation/Reports/Regression/RailRoad Setup Test Suite/20181115_100733"/>
         <property name="logFiles" value="/Users/ramesh/Documents/automation/Automation-14112018/tms-qa-automation/TMSLiteRegressionAutomation/Reports/Regression/RailRoad Setup Test Suite/20181115_100733/execution0.log"/>
         <property name="attachments" value="/Users/ramesh/Documents/automation/Automation-14112018/tms-qa-automation/TMSLiteRegressionAutomation/Reports/Regression/RailRoad Setup Test Suite/20181115_100733/1542257047463.png"/>
         <property name="hostName" value="ramesh - 192.168.0.3"/>
         <property name="os" value="Mac OS X 64bit"/>
         <property name="katalonVersion" value="5.4.1.1"/>
         <property name="browser" value="Chrome 70.0.3538.102"/>
         <property name="hostAddress" value="192.168.0.3"/>
         <property name="sessionId" value="7410f7a56468c4cb03382fc1637268f6"/>
         <property name="seleniumVersion" value="3.7.1"/>
         <property name="proxyInformation" value="ProxyInformation{proxyOption=USE_SYSTEM, proxyServerType=HTTP, password=, proxyServerAddress=, proxyServerPort=0}"/>
         <property name="platform" value="Mac OS X"/>
      </properties>
      <testcase name="Test Cases/Railroad/F11822-Configure and Manage Stations/QA-US88425-Add Station/US84087-Add Station/TC63826-Add station" classname="Test Cases/Railroad/F11822-Configure and Manage Stations/QA-US88425-Add Station/US84087-Add Station/TC63826-Add station" status="PASSED">
         <system-out><![CDATA[2018-11-15 10:08:02 - [TEST_CASE][PASSED] - Test Cases/Railroad/F11822-Configure and Manage Stations/QA-US88425-Add Station/US84087-Add Station/TC63826-Add station: Test Cases/Railroad/F11822-Configure and Manage Stations/QA-US88425-Add Station/US84087-Add Station/TC63826-Add station

2018-11-15 10:08:02 - [TEST_STEP][PASSED] - Start listener action : beforeTestCaseExecute: Navigate to 'http://localhost:8080/home' successfully

2018-11-15 10:08:02 - [TEST_STEP][PASSED] - Statement - If (isTestSuitEnable == true): Navigate to 'http://localhost:8080/home' successfully

2018-11-15 10:08:02 - [TEST_STEP][PASSED] - navigateToUrl: Navigate to 'http://localhost:8080/home' successfully

2018-11-15 10:08:03 - [MESSAGE][PASSED] - Navigate to 'http://localhost:8080/home' successfully

2018-11-15 10:08:03 - [TEST_STEP][PASSED] - Statement - actions = new com.ge.tms.commonactions.RailroadActions(): Send request successfully

2018-11-15 10:08:03 - [MESSAGE][PASSED] - Send request successfully

2018-11-15 10:08:03 - [MESSAGE][PASSED] - Send request successfully

2018-11-15 10:08:03 - [MESSAGE][PASSED] - Send request successfully

2018-11-15 10:08:03 - [MESSAGE][PASSED] - Send request successfully

2018-11-15 10:08:03 - [TEST_STEP][PASSED] - com.ge.tms.commonactions.CommonClickEvents.clickOnRailroadSetup: com.ge.tms.commonactions.CommonClickEvents.clickOnRailroadSetup is PASSED

2018-11-15 10:08:03 - [MESSAGE][PASSED] - Execute JavaScript 'document.querySelector('px-app-nav').shadowRoot.querySelector('#items > px-app-nav-group:nth-child(13) > px-app-nav-subitem:nth-child(1)').click()' successfully

2018-11-15 10:08:05 - [MESSAGE][PASSED] - Delayed 2 second(s)

2018-11-15 10:08:05 - [MESSAGE][PASSED] - com.ge.tms.commonactions.CommonClickEvents.clickOnRailroadSetup is PASSED

2018-11-15 10:08:05 - [TEST_STEP][PASSED] - com.ge.tms.commonactions.RailroadActions.clickOnSelectRailroadDropdown: com.ge.tms.commonactions.RailroadActions.clickOnSelectRailroadDropdown is PASSED

2018-11-15 10:08:05 - [MESSAGE][PASSED] - Send request successfully

2018-11-15 10:08:05 - [MESSAGE][PASSED] - Send request successfully

2018-11-15 10:08:05 - [MESSAGE][PASSED] - Send request successfully

2018-11-15 10:08:05 - [MESSAGE][PASSED] - Send request successfully

2018-11-15 10:08:05 - [MESSAGE][PASSED] - Execute JavaScript 'document.querySelector('#railroads-select-dropdown').shadowRoot.querySelector('#trigger').click()' successfully

2018-11-15 10:08:08 - [MESSAGE][PASSED] - Delayed 3 second(s)

2018-11-15 10:08:08 - [MESSAGE][PASSED] - com.ge.tms.commonactions.RailroadActions.clickOnSelectRailroadDropdown is PASSED

2018-11-15 10:08:08 - [TEST_STEP][PASSED] - com.ge.tms.commonactions.RailroadActions.selectRandomRailRoad: com.ge.tms.commonactions.RailroadActions.selectRandomRailRoad is PASSED

2018-11-15 10:08:08 - [MESSAGE][PASSED] - Send request successfully

2018-11-15 10:08:08 - [MESSAGE][PASSED] - Send request successfully

2018-11-15 10:08:08 - [MESSAGE][PASSED] - Send request successfully

2018-11-15 10:08:08 - [MESSAGE][PASSED] - Send request successfully

2018-11-15 10:08:08 - [MESSAGE][PASSED] - Execute JavaScript 'let railRoadList=[]; document.querySelector('#railroads-select-dropdown').shadowRoot.querySelector('#content').shadowRoot.querySelectorAll('#selector > div.dropdown-option').forEach(node => { railRoadList.push(node.getAttribute('title')) }); return railRoadList' successfully

2018-11-15 10:08:08 - [MESSAGE][PASSED] - Execute JavaScript 'return document.querySelector('#railroads-select-dropdown').shadowRoot.querySelector('#content').shadowRoot.querySelector('#selector > div:nth-child(1) span').innerHTML' successfully

2018-11-15 10:08:09 - [MESSAGE][PASSED] - Execute JavaScript 'return document.querySelector('#railroads-select-dropdown').shadowRoot.querySelector('#content').shadowRoot.querySelector('#selector > div:nth-child(1) span').click()' successfully

2018-11-15 10:08:09 - [MESSAGE][PASSED] - com.ge.tms.commonactions.RailroadActions.selectRandomRailRoad is PASSED

2018-11-15 10:08:09 - [TEST_STEP][PASSED] - delay: Delayed 2 second(s)

2018-11-15 10:08:11 - [MESSAGE][PASSED] - Delayed 2 second(s)

2018-11-15 10:08:11 - [TEST_STEP][PASSED] - Statement - setStationId = <not implemented yet for class: org.codehaus.groovy.ast.expr.EmptyExpression>: null

2018-11-15 10:08:11 - [TEST_STEP][PASSED] - Statement - actions.addStationMandatotyFields(setStationId): Delayed 3 second(s)

2018-11-15 10:08:11 - [MESSAGE][PASSED] - Object: 'Object Repository/F11822-Configure and Manage Stations/Add_New_Station_Button' is clicked on

2018-11-15 10:08:11 - [MESSAGE][PASSED] - Text '0BZRGZL' is set on object 'Object Repository/F11822-Configure and Manage Stations/station_id'

2018-11-15 10:08:11 - [MESSAGE][PASSED] - Text 'YNHVUI2' is set on object 'Object Repository/F11822-Configure and Manage Stations/station_name'

2018-11-15 10:08:11 - [MESSAGE][PASSED] - Execute JavaScript 'document.querySelector('#splc').shadowRoot.querySelector('#trigger').shadowRoot.querySelector('#trigger').click()' successfully

2018-11-15 10:08:11 - [MESSAGE][PASSED] - Execute JavaScript 'return document.querySelector('#splc').shadowRoot.querySelector('px-overlay-content > #content').shadowRoot.querySelectorAll('#dropdown > div > #selector > div').length' successfully

2018-11-15 10:08:11 - [MESSAGE][PASSED] - Execute JavaScript 'document.querySelector('#splc').shadowRoot.querySelector('px-overlay-content > #content').shadowRoot.querySelector('#dropdown > div > #selector > div:nth-child(1)').click()' successfully

2018-11-15 10:08:12 - [MESSAGE][PASSED] - Execute JavaScript 'return document.querySelector('#fsac').shadowRoot.querySelector('px-overlay-content > #content').shadowRoot.querySelectorAll('#dropdown > div > #selector > div').length' successfully

2018-11-15 10:08:12 - [MESSAGE][PASSED] - Execute JavaScript 'document.querySelector('#fsac').shadowRoot.querySelector('px-overlay-content > #content').shadowRoot.querySelector('#dropdown > div > #selector > div:nth-child(1)').click()' successfully

2018-11-15 10:08:12 - [MESSAGE][PASSED] - Execute JavaScript 'return document.querySelector('#station-timezone-qualifier').shadowRoot.querySelector('px-overlay-content > #content').shadowRoot.querySelectorAll('#dropdown > div > #selector > div').length' successfully

2018-11-15 10:08:12 - [MESSAGE][PASSED] - Execute JavaScript 'document.querySelector('#station-timezone-qualifier').shadowRoot.querySelector('px-overlay-content > #content').shadowRoot.querySelector('#dropdown > div > #selector > div:nth-child(2)').click()' successfully

2018-11-15 10:08:12 - [MESSAGE][PASSED] - Execute JavaScript 'return document.querySelector('#country').shadowRoot.querySelector('px-overlay-content > #content').shadowRoot.querySelectorAll('#dropdown > div > #selector > div').length' successfully

2018-11-15 10:08:12 - [MESSAGE][PASSED] - Execute JavaScript 'document.querySelector('#country').shadowRoot.querySelector('px-overlay-content > #content').shadowRoot.querySelector('#dropdown > div > #selector > div:nth-child(2)').click()' successfully

2018-11-15 10:08:12 - [MESSAGE][PASSED] - Execute JavaScript 'return document.querySelector('#state').shadowRoot.querySelector('px-overlay-content > #content').shadowRoot.querySelectorAll('#dropdown > div > #selector > div').length' successfully

2018-11-15 10:08:12 - [MESSAGE][PASSED] - Execute JavaScript 'document.querySelector('#state').shadowRoot.querySelector('px-overlay-content > #content').shadowRoot.querySelector('#dropdown > div > #selector > div:nth-child(5)').click()' successfully

2018-11-15 10:08:12 - [MESSAGE][PASSED] - Object: 'Object Repository/F11822-Configure and Manage Stations/station_save_button' is clicked on

2018-11-15 10:08:15 - [MESSAGE][PASSED] - Delayed 3 second(s)

2018-11-15 10:08:15 - [TEST_STEP][PASSED] - com.ge.tms.railroad.RailroadVerification.verifySelectedStationWithHeaderDetails: com.ge.tms.railroad.RailroadVerification.verifySelectedStationWithHeaderDetails is PASSED

2018-11-15 10:08:15 - [MESSAGE][PASSED] - Send request successfully

2018-11-15 10:08:15 - [MESSAGE][PASSED] - Send request successfully

2018-11-15 10:08:15 - [MESSAGE][PASSED] - Send request successfully

2018-11-15 10:08:15 - [MESSAGE][PASSED] - Send request successfully

2018-11-15 10:08:15 - [MESSAGE][PASSED] - Send request successfully

2018-11-15 10:08:15 - [MESSAGE][PASSED] - Send request successfully

2018-11-15 10:08:15 - [MESSAGE][PASSED] - Send request successfully

2018-11-15 10:08:15 - [MESSAGE][PASSED] - Send request successfully

2018-11-15 10:08:15 - [MESSAGE][PASSED] - Execute JavaScript 'return document.querySelector('#railroads-select-dropdown').shadowRoot.querySelector('#trigger').shadowRoot.querySelector('#label').innerHTML' successfully

2018-11-15 10:08:15 - [MESSAGE][PASSED] - Send request successfully

2018-11-15 10:08:15 - [MESSAGE][PASSED] - Text of object 'Object Repository/F11822-Configure and Manage Stations/QA-US87586-View Stations/US84086-View Station Details/View Stations/div_StationCode' is: '0BZRGZL'

2018-11-15 10:08:15 - [MESSAGE][PASSED] - Text of object 'Object Repository/F11822-Configure and Manage Stations/QA-US87586-View Stations/US84086-View Station Details/View Stations/p_StationName' is: 'YNHVUI2'

2018-11-15 10:08:15 - [MESSAGE][PASSED] - Text of object 'Object Repository/F11822-Configure and Manage Stations/QA-US87586-View Stations/US84086-View Station Details/View Stations/span_RailroadCode' is: 'AA'

2018-11-15 10:08:15 - [MESSAGE][PASSED] - Actual object '0BZRGZL' and expected object '0BZRGZL' are equal

2018-11-15 10:08:15 - [MESSAGE][PASSED] - Actual object 'YNHVUI2' and expected object 'YNHVUI2' are equal

2018-11-15 10:08:15 - [MESSAGE][PASSED] - Actual object 'AA' and expected object 'AA' are equal

2018-11-15 10:08:15 - [MESSAGE][PASSED] - com.ge.tms.railroad.RailroadVerification.verifySelectedStationWithHeaderDetails is PASSED

2018-11-15 10:08:15 - [TEST_STEP][PASSED] - com.ge.tms.railroad.RailroadVerification.verifySelectedStationDetailsInRightPane: com.ge.tms.railroad.RailroadVerification.verifySelectedStationDetailsInRightPane is PASSED

2018-11-15 10:08:15 - [MESSAGE][PASSED] - Send request successfully

2018-11-15 10:08:15 - [MESSAGE][PASSED] - Send request successfully

2018-11-15 10:08:15 - [MESSAGE][PASSED] - Send request successfully

2018-11-15 10:08:15 - [MESSAGE][PASSED] - Send request successfully

2018-11-15 10:08:15 - [MESSAGE][PASSED] - Send request successfully

2018-11-15 10:08:15 - [MESSAGE][PASSED] - Send request successfully

2018-11-15 10:08:15 - [MESSAGE][PASSED] - Send request successfully

2018-11-15 10:08:15 - [MESSAGE][PASSED] - Send request successfully

2018-11-15 10:08:15 - [MESSAGE][PASSED] - Execute JavaScript 'return document.querySelector('#railroads-select-dropdown').shadowRoot.querySelector('#trigger').shadowRoot.querySelector('#label').innerHTML' successfully

2018-11-15 10:08:15 - [MESSAGE][PASSED] - Send request successfully

2018-11-15 10:08:15 - [MESSAGE][PASSED] - Text of object 'Object Repository/F11822-Configure and Manage Stations/QA-US87586-View Stations/US84086-View Station Details/View Stations/span_SPLC' is: '343100'

2018-11-15 10:08:15 - [MESSAGE][PASSED] - Text of object 'Object Repository/F11822-Configure and Manage Stations/QA-US87586-View Stations/US84086-View Station Details/View Stations/span_FSAC' is: '1'

2018-11-15 10:08:15 - [MESSAGE][PASSED] - Text of object 'Object Repository/F11822-Configure and Manage Stations/QA-US87586-View Stations/US84086-View Station Details/View Stations/span_DefaultTrack' is: '--'

2018-11-15 10:08:15 - [MESSAGE][PASSED] - Text of object 'Object Repository/F11822-Configure and Manage Stations/QA-US87586-View Stations/US84086-View Station Details/View Stations/span_Junction' is: '--'

2018-11-15 10:08:15 - [MESSAGE][PASSED] - Text of object 'Object Repository/F11822-Configure and Manage Stations/QA-US87586-View Stations/US84086-View Station Details/View Stations/span_SwitchingTrack' is: '--'

2018-11-15 10:08:16 - [MESSAGE][PASSED] - Text of object 'Object Repository/F11822-Configure and Manage Stations/QA-US87586-View Stations/US84086-View Station Details/View Stations/span_Classification' is: '--'

2018-11-15 10:08:16 - [MESSAGE][PASSED] - Text of object 'Object Repository/F11822-Configure and Manage Stations/QA-US87586-View Stations/US84086-View Station Details/View Stations/span_OriginalBillFsac' is: '--'

2018-11-15 10:08:16 - [MESSAGE][PASSED] - Text of object 'Object Repository/F11822-Configure and Manage Stations/QA-US87586-View Stations/US84086-View Station Details/View Stations/span_USEntryPort' is: '--'

2018-11-15 10:08:16 - [MESSAGE][PASSED] - Text of object 'Object Repository/F11822-Configure and Manage Stations/QA-US87586-View Stations/US84086-View Station Details/View Stations/span_CanadaEntry' is: '--'

2018-11-15 10:08:16 - [MESSAGE][PASSED] - Text of object 'Object Repository/F11822-Configure and Manage Stations/QA-US87586-View Stations/US84086-View Station Details/View Stations/span_InterchangeRoads' is: '--'

2018-11-15 10:08:16 - [MESSAGE][PASSED] - Text of object 'Object Repository/F11822-Configure and Manage Stations/QA-US87586-View Stations/US84086-View Station Details/View Stations/span_Milepost' is: '--'

2018-11-15 10:08:16 - [MESSAGE][PASSED] - Text of object 'Object Repository/F11822-Configure and Manage Stations/QA-US87586-View Stations/US84086-View Station Details/View Stations/span_Timezone' is: 'CDT'

2018-11-15 10:08:16 - [MESSAGE][PASSED] - Text of object 'Object Repository/F11822-Configure and Manage Stations/QA-US87586-View Stations/US84086-View Station Details/View Stations/span_Country' is: 'CA'

2018-11-15 10:08:16 - [MESSAGE][PASSED] - Text of object 'Object Repository/F11822-Configure and Manage Stations/QA-US87586-View Stations/US84086-View Station Details/View Stations/span_State' is: 'NL'

2018-11-15 10:08:16 - [MESSAGE][PASSED] - Text of object 'Object Repository/F11822-Configure and Manage Stations/QA-US87586-View Stations/US84086-View Station Details/View Stations/span_DaylightSavings' is: 'No'

2018-11-15 10:08:16 - [MESSAGE][PASSED] - Text of object 'Object Repository/F11822-Configure and Manage Stations/QA-US87586-View Stations/US84086-View Station Details/View Stations/span_Lattitude' is: '--'

2018-11-15 10:08:16 - [MESSAGE][PASSED] - Text of object 'Object Repository/F11822-Configure and Manage Stations/QA-US87586-View Stations/US84086-View Station Details/View Stations/span_Longitude' is: '--'

2018-11-15 10:08:16 - [MESSAGE][PASSED] - Actual object '343100' and expected object '343,100' are equal

2018-11-15 10:08:16 - [MESSAGE][PASSED] - Actual object '1' and expected object '1' are equal

2018-11-15 10:08:16 - [MESSAGE][PASSED] - Actual object '--' and expected object '--' are equal

2018-11-15 10:08:16 - [MESSAGE][PASSED] - Actual object '--' and expected object '--' are equal

2018-11-15 10:08:16 - [MESSAGE][PASSED] - Actual object '--' and expected object '--' are equal

2018-11-15 10:08:16 - [MESSAGE][PASSED] - Actual object '--' and expected object '--' are equal

2018-11-15 10:08:16 - [MESSAGE][PASSED] - Actual object '--' and expected object '--' are equal

2018-11-15 10:08:16 - [MESSAGE][PASSED] - Actual object '--' and expected object '--' are equal

2018-11-15 10:08:16 - [MESSAGE][PASSED] - Actual object '--' and expected object '--' are equal

2018-11-15 10:08:16 - [MESSAGE][PASSED] - Actual object '--' and expected object '--' are equal

2018-11-15 10:08:16 - [MESSAGE][PASSED] - Actual object 'CDT' and expected object 'CDT' are equal

2018-11-15 10:08:16 - [MESSAGE][PASSED] - Actual object 'CA' and expected object 'CA' are equal

2018-11-15 10:08:16 - [MESSAGE][PASSED] - Actual object 'NL' and expected object 'NL' are equal

2018-11-15 10:08:16 - [MESSAGE][PASSED] - Actual object 'No' and expected object 'No' are equal

2018-11-15 10:08:16 - [MESSAGE][PASSED] - Actual object '--' and expected object '--' are equal

2018-11-15 10:08:16 - [MESSAGE][PASSED] - Actual object '--' and expected object '--' are equal

2018-11-15 10:08:16 - [MESSAGE][PASSED] - com.ge.tms.railroad.RailroadVerification.verifySelectedStationDetailsInRightPane is PASSED

2018-11-15 10:08:16 - [TEST_STEP][PASSED] - com.ge.tms.commonactions.RailroadActions.clickOnStationActionMenu: com.ge.tms.commonactions.RailroadActions.clickOnStationActionMenu is PASSED

2018-11-15 10:08:16 - [MESSAGE][PASSED] - Send request successfully

2018-11-15 10:08:16 - [MESSAGE][PASSED] - Send request successfully

2018-11-15 10:08:16 - [MESSAGE][PASSED] - Send request successfully

2018-11-15 10:08:16 - [MESSAGE][PASSED] - Send request successfully

2018-11-15 10:08:16 - [MESSAGE][PASSED] - Execute JavaScript 'document.querySelector('#station-actions-dropdown').shadowRoot.querySelector('#trigger').click()' successfully

2018-11-15 10:08:17 - [MESSAGE][PASSED] - Delayed 1 second(s)

2018-11-15 10:08:17 - [MESSAGE][PASSED] - com.ge.tms.commonactions.RailroadActions.clickOnStationActionMenu is PASSED

2018-11-15 10:08:17 - [TEST_STEP][PASSED] - com.ge.tms.commonactions.RailroadActions.clickOnDeleteStationButton: com.ge.tms.commonactions.RailroadActions.clickOnDeleteStationButton is PASSED

2018-11-15 10:08:17 - [MESSAGE][PASSED] - Send request successfully

2018-11-15 10:08:17 - [MESSAGE][PASSED] - Send request successfully

2018-11-15 10:08:17 - [MESSAGE][PASSED] - Send request successfully

2018-11-15 10:08:17 - [MESSAGE][PASSED] - Send request successfully

2018-11-15 10:08:17 - [MESSAGE][PASSED] - Execute JavaScript 'document.querySelector('#station-actions-dropdown').shadowRoot.querySelector('#content').shadowRoot.querySelector('#selector > div:nth-child(2)').click()' successfully

2018-11-15 10:08:17 - [MESSAGE][PASSED] - com.ge.tms.commonactions.RailroadActions.clickOnDeleteStationButton is PASSED

2018-11-15 10:08:17 - [TEST_STEP][PASSED] - Statement - deleteYesButtonObj = com.kms.katalon.core.testobject.ObjectRepository.findTestObject(Object Repository/F11822-Configure and Manage Stations/deleteConfirmationYesButton): Finding Test Object with id 'Object Repository/F11822-Configure and Manage Stations/deleteConfirmationYesButton'

2018-11-15 10:08:17 - [TEST_STEP][PASSED] - com.ge.tms.commonactions.RailroadActions.clickOnTestObject: com.ge.tms.commonactions.RailroadActions.clickOnTestObject is PASSED

2018-11-15 10:08:17 - [MESSAGE][PASSED] - Send request successfully

2018-11-15 10:08:17 - [MESSAGE][PASSED] - Send request successfully

2018-11-15 10:08:17 - [MESSAGE][PASSED] - Send request successfully

2018-11-15 10:08:17 - [MESSAGE][PASSED] - Send request successfully

2018-11-15 10:08:17 - [MESSAGE][PASSED] - Object: 'Object Repository/F11822-Configure and Manage Stations/deleteConfirmationYesButton' is clicked on

2018-11-15 10:08:17 - [MESSAGE][PASSED] - com.ge.tms.commonactions.RailroadActions.clickOnTestObject is PASSED

2018-11-15 10:08:17 - [TEST_STEP][PASSED] - delay: Delayed 2 second(s)

2018-11-15 10:08:19 - [MESSAGE][PASSED] - Delayed 2 second(s)

2018-11-15 10:08:19 - [TEST_STEP][PASSED] - com.ge.tms.railroad.RailroadVerification.verifyDeletedItemNotPresentInSearchView: com.ge.tms.railroad.RailroadVerification.verifyDeletedItemNotPresentInSearchView is PASSED

2018-11-15 10:08:19 - [MESSAGE][PASSED] - Send request successfully

2018-11-15 10:08:19 - [MESSAGE][PASSED] - Send request successfully

2018-11-15 10:08:19 - [MESSAGE][PASSED] - Send request successfully

2018-11-15 10:08:19 - [MESSAGE][PASSED] - Send request successfully

2018-11-15 10:08:19 - [MESSAGE][PASSED] - Send request successfully

2018-11-15 10:08:19 - [MESSAGE][PASSED] - Send request successfully

2018-11-15 10:08:19 - [MESSAGE][PASSED] - Send request successfully

2018-11-15 10:08:19 - [MESSAGE][PASSED] - Send request successfully

2018-11-15 10:08:20 - [MESSAGE][PASSED] - Text '0BZRGZL' is set on object 'Object Repository/CommonObjects/searchTextBoxLeftNav'

2018-11-15 10:08:22 - [MESSAGE][PASSED] - Delayed 2 second(s)

2018-11-15 10:08:22 - [MESSAGE][PASSED] - Text of object 'Object Repository/CommonObjects/noSearchResultMessageLeftNav' is: 'No stations or zones found.'

2018-11-15 10:08:22 - [MESSAGE][PASSED] - Actual object 'No stations or zones found.' and expected object 'No stations or zones found.' are equal

2018-11-15 10:08:22 - [MESSAGE][PASSED] - com.ge.tms.railroad.RailroadVerification.verifyDeletedItemNotPresentInSearchView is PASSED

2018-11-15 10:08:22 - [TEST_STEP][PASSED] - Start listener action : closeBrowserForTestCasse: Navigate to 'http://localhost:8080/home' successfully

2018-11-15 10:08:22 - [TEST_STEP][PASSED] - Statement - If (isTestSuitEnable == true): null

2018-11-15 10:08:22 - [TEST_STEP][PASSED] - Statement - beforeTestCaseExecute(): null

2018-11-15 10:08:22 - [TEST_STEP][PASSED] - Statement - If (isTestSuitEnable == true): Navigate to 'http://localhost:8080/home' successfully

2018-11-15 10:08:22 - [TEST_STEP][PASSED] - navigateToUrl: Navigate to 'http://localhost:8080/home' successfully

2018-11-15 10:08:23 - [MESSAGE][PASSED] - Navigate to 'http://localhost:8080/home' successfully

2018-11-15 10:08:23 - [TEST_STEP][PASSED] - Start listener action : afterTestCase: Invoke 'com.kms.katalon.core.annotation.AfterTestCase' method: 'TmsTestListner.afterTestCase(...)' completed.

2018-11-15 10:08:23 - [TEST_STEP][PASSED] - Statement - If (java.lang.System.getProperties().containsKey("updateRally")): Invoke 'com.kms.katalon.core.annotation.AfterTestCase' method: 'TmsTestListner.afterTestCase(...)' completed.]]></system-out>
         <system-err><![CDATA[]]></system-err>
      </testcase>
      <testcase name="Test Cases/Railroad/F11822-Configure and Manage Stations/QA-US88425-Add Station/US84087-Add Station/TC64623 - Add station validations" classname="Test Cases/Railroad/F11822-Configure and Manage Stations/QA-US88425-Add Station/US84087-Add Station/TC64623 - Add station validations" status="PASSED">
         <system-out><![CDATA[2018-11-15 10:08:23 - [TEST_CASE][PASSED] - Test Cases/Railroad/F11822-Configure and Manage Stations/QA-US88425-Add Station/US84087-Add Station/TC64623 - Add station validations: Test Cases/Railroad/F11822-Configure and Manage Stations/QA-US88425-Add Station/US84087-Add Station/TC64623 - Add station validations

2018-11-15 10:08:23 - [TEST_STEP][PASSED] - Start listener action : beforeTestCaseExecute: Navigate to 'http://localhost:8080/home' successfully

2018-11-15 10:08:23 - [TEST_STEP][PASSED] - Statement - If (isTestSuitEnable == true): Navigate to 'http://localhost:8080/home' successfully

2018-11-15 10:08:23 - [TEST_STEP][PASSED] - navigateToUrl: Navigate to 'http://localhost:8080/home' successfully

2018-11-15 10:08:23 - [MESSAGE][PASSED] - Navigate to 'http://localhost:8080/home' successfully

2018-11-15 10:08:24 - [TEST_STEP][PASSED] - Statement - actions = new com.ge.tms.commonactions.RailroadActions(): Send request successfully

2018-11-15 10:08:24 - [MESSAGE][PASSED] - Send request successfully

2018-11-15 10:08:24 - [MESSAGE][PASSED] - Send request successfully

2018-11-15 10:08:24 - [MESSAGE][PASSED] - Send request successfully

2018-11-15 10:08:24 - [MESSAGE][PASSED] - Send request successfully

2018-11-15 10:08:24 - [TEST_STEP][PASSED] - com.ge.tms.commonactions.CommonClickEvents.clickOnRailroadSetup: com.ge.tms.commonactions.CommonClickEvents.clickOnRailroadSetup is PASSED

2018-11-15 10:08:24 - [MESSAGE][PASSED] - Execute JavaScript 'document.querySelector('px-app-nav').shadowRoot.querySelector('#items > px-app-nav-group:nth-child(13) > px-app-nav-subitem:nth-child(1)').click()' successfully

2018-11-15 10:08:26 - [MESSAGE][PASSED] - Delayed 2 second(s)

2018-11-15 10:08:26 - [MESSAGE][PASSED] - com.ge.tms.commonactions.CommonClickEvents.clickOnRailroadSetup is PASSED

2018-11-15 10:08:26 - [TEST_STEP][PASSED] - com.ge.tms.commonactions.RailroadActions.clickOnSelectRailroadDropdown: com.ge.tms.commonactions.RailroadActions.clickOnSelectRailroadDropdown is PASSED

2018-11-15 10:08:26 - [MESSAGE][PASSED] - Send request successfully

2018-11-15 10:08:26 - [MESSAGE][PASSED] - Send request successfully

2018-11-15 10:08:26 - [MESSAGE][PASSED] - Send request successfully

2018-11-15 10:08:26 - [MESSAGE][PASSED] - Send request successfully

2018-11-15 10:08:26 - [MESSAGE][PASSED] - Execute JavaScript 'document.querySelector('#railroads-select-dropdown').shadowRoot.querySelector('#trigger').click()' successfully

2018-11-15 10:08:29 - [MESSAGE][PASSED] - Delayed 3 second(s)

2018-11-15 10:08:29 - [MESSAGE][PASSED] - com.ge.tms.commonactions.RailroadActions.clickOnSelectRailroadDropdown is PASSED

2018-11-15 10:08:29 - [TEST_STEP][PASSED] - com.ge.tms.commonactions.RailroadActions.selectRandomRailRoad: com.ge.tms.commonactions.RailroadActions.selectRandomRailRoad is PASSED

2018-11-15 10:08:29 - [MESSAGE][PASSED] - Send request successfully

2018-11-15 10:08:29 - [MESSAGE][PASSED] - Send request successfully

2018-11-15 10:08:29 - [MESSAGE][PASSED] - Send request successfully

2018-11-15 10:08:29 - [MESSAGE][PASSED] - Send request successfully

2018-11-15 10:08:29 - [MESSAGE][PASSED] - Execute JavaScript 'let railRoadList=[]; document.querySelector('#railroads-select-dropdown').shadowRoot.querySelector('#content').shadowRoot.querySelectorAll('#selector > div.dropdown-option').forEach(node => { railRoadList.push(node.getAttribute('title')) }); return railRoadList' successfully

2018-11-15 10:08:29 - [MESSAGE][PASSED] - Execute JavaScript 'return document.querySelector('#railroads-select-dropdown').shadowRoot.querySelector('#content').shadowRoot.querySelector('#selector > div:nth-child(1) span').innerHTML' successfully

2018-11-15 10:08:29 - [MESSAGE][PASSED] - Execute JavaScript 'return document.querySelector('#railroads-select-dropdown').shadowRoot.querySelector('#content').shadowRoot.querySelector('#selector > div:nth-child(1) span').click()' successfully

2018-11-15 10:08:29 - [MESSAGE][PASSED] - com.ge.tms.commonactions.RailroadActions.selectRandomRailRoad is PASSED

2018-11-15 10:08:29 - [TEST_STEP][PASSED] - delay: Delayed 2 second(s)

2018-11-15 10:08:31 - [MESSAGE][PASSED] - Delayed 2 second(s)

2018-11-15 10:08:31 - [TEST_STEP][PASSED] - Statement - actions.addNewStationButton(): Object: 'Object Repository/F11822-Configure and Manage Stations/Add_New_Station_Button' is clicked on

2018-11-15 10:08:31 - [MESSAGE][PASSED] - Object: 'Object Repository/F11822-Configure and Manage Stations/Add_New_Station_Button' is clicked on

2018-11-15 10:08:31 - [TEST_STEP][PASSED] - com.ge.tms.railroad.RailroadVerification.verifyErrorMessagesForMandatoryFieldsStation: com.ge.tms.railroad.RailroadVerification.verifyErrorMessagesForMandatoryFieldsStation is PASSED

2018-11-15 10:08:31 - [MESSAGE][PASSED] - Send request successfully

2018-11-15 10:08:31 - [MESSAGE][PASSED] - Send request successfully

2018-11-15 10:08:31 - [MESSAGE][PASSED] - Send request successfully

2018-11-15 10:08:31 - [MESSAGE][PASSED] - Send request successfully

2018-11-15 10:08:31 - [MESSAGE][PASSED] - Send request successfully

2018-11-15 10:08:31 - [MESSAGE][PASSED] - Send request successfully

2018-11-15 10:08:31 - [MESSAGE][PASSED] - Send request successfully

2018-11-15 10:08:31 - [MESSAGE][PASSED] - Send request successfully

2018-11-15 10:08:31 - [MESSAGE][PASSED] - Object: 'Object Repository/F11822-Configure and Manage Stations/station_id' is clicked on

2018-11-15 10:08:31 - [MESSAGE][PASSED] - Keys '	' sent to object: 'Object Repository/F11822-Configure and Manage Stations/station_id'

2018-11-15 10:08:31 - [MESSAGE][PASSED] - Text of object 'Object Repository/F11822-Configure and Manage Stations/station_id_error_message' is: 'STATION ID CANNOT BE EMPTY'

2018-11-15 10:08:31 - [MESSAGE][PASSED] - Actual object 'STATION ID CANNOT BE EMPTY' and expected object 'STATION ID CANNOT BE EMPTY' are equal

2018-11-15 10:08:31 - [MESSAGE][PASSED] - Attribute 'class' of object 'Object Repository/F11822-Configure and Manage Stations/station_save_button' is: 'btn btn--disabled btn--call-to-action float--right u-mr'

2018-11-15 10:08:31 - [MESSAGE][PASSED] - Actual object 'true' and expected object 'true' are equal

2018-11-15 10:08:32 - [MESSAGE][PASSED] - Text 'A*@T&!' is set on object 'Object Repository/F11822-Configure and Manage Stations/station_id'

2018-11-15 10:08:32 - [MESSAGE][PASSED] - Text of object 'Object Repository/F11822-Configure and Manage Stations/station_id_error_message' is: 'ALPHANUMERIC ONLY'

2018-11-15 10:08:32 - [MESSAGE][PASSED] - Actual object 'ALPHANUMERIC ONLY' and expected object 'ALPHANUMERIC ONLY' are equal

2018-11-15 10:08:32 - [MESSAGE][PASSED] - Attribute 'class' of object 'Object Repository/F11822-Configure and Manage Stations/station_save_button' is: 'btn btn--disabled btn--call-to-action float--right u-mr'

2018-11-15 10:08:32 - [MESSAGE][PASSED] - Actual object 'true' and expected object 'true' are equal

2018-11-15 10:08:32 - [MESSAGE][PASSED] - Object: 'Object Repository/F11822-Configure and Manage Stations/station_name' is clicked on

2018-11-15 10:08:32 - [MESSAGE][PASSED] - Text of object 'Object Repository/F11822-Configure and Manage Stations/station_name' is cleared

2018-11-15 10:08:32 - [MESSAGE][PASSED] - Keys ' ' sent to object: 'Object Repository/F11822-Configure and Manage Stations/station_name'

2018-11-15 10:08:32 - [MESSAGE][PASSED] - Keys '	' sent to object: 'Object Repository/F11822-Configure and Manage Stations/station_name'

2018-11-15 10:08:32 - [MESSAGE][PASSED] - Text of object 'Object Repository/F11822-Configure and Manage Stations/station_name_error_message' is: 'STATION NAME CANNOT BE EMPTY'

2018-11-15 10:08:32 - [MESSAGE][PASSED] - Actual object 'STATION NAME CANNOT BE EMPTY' and expected object 'STATION NAME CANNOT BE EMPTY' are equal

2018-11-15 10:08:32 - [MESSAGE][PASSED] - Attribute 'class' of object 'Object Repository/F11822-Configure and Manage Stations/station_save_button' is: 'btn btn--disabled btn--call-to-action float--right u-mr'

2018-11-15 10:08:32 - [MESSAGE][PASSED] - Actual object 'true' and expected object 'true' are equal

2018-11-15 10:08:32 - [MESSAGE][PASSED] - Object: 'Object Repository/F11822-Configure and Manage Stations/station_name' is clicked on

2018-11-15 10:08:32 - [MESSAGE][PASSED] - Text 'A*@T&!' is set on object 'Object Repository/F11822-Configure and Manage Stations/station_name'

2018-11-15 10:08:32 - [MESSAGE][PASSED] - Text of object 'Object Repository/F11822-Configure and Manage Stations/station_name_error_message' is: 'ALPHANUMERIC ONLY'

2018-11-15 10:08:32 - [MESSAGE][PASSED] - Actual object 'ALPHANUMERIC ONLY' and expected object 'ALPHANUMERIC ONLY' are equal

2018-11-15 10:08:32 - [MESSAGE][PASSED] - Attribute 'class' of object 'Object Repository/F11822-Configure and Manage Stations/station_save_button' is: 'btn btn--disabled btn--call-to-action float--right u-mr'

2018-11-15 10:08:32 - [MESSAGE][PASSED] - Actual object 'true' and expected object 'true' are equal

2018-11-15 10:08:32 - [MESSAGE][PASSED] - Execute JavaScript 'document.querySelector('#splc').shadowRoot.querySelector('#trigger').shadowRoot.querySelector('#trigger').click()' successfully

2018-11-15 10:08:32 - [MESSAGE][PASSED] - Execute JavaScript 'return document.querySelector('#splc').shadowRoot.querySelector('px-overlay-content > #content').shadowRoot.querySelectorAll('#dropdown > div > #selector > div').length' successfully

2018-11-15 10:08:32 - [MESSAGE][PASSED] - Execute JavaScript 'document.querySelector('#splc').shadowRoot.querySelector('px-overlay-content > #content').shadowRoot.querySelector('#dropdown > div > #selector > div:nth-child(1)').click()' successfully

2018-11-15 10:08:32 - [MESSAGE][PASSED] - Execute JavaScript 'document.querySelector('#splc').shadowRoot.querySelector('#trigger').shadowRoot.querySelector('#trigger').click()' successfully

2018-11-15 10:08:32 - [MESSAGE][PASSED] - Execute JavaScript 'document.querySelector('#splc').shadowRoot.querySelector('#trigger').shadowRoot.querySelector('px-icon').click()' successfully

2018-11-15 10:08:32 - [MESSAGE][PASSED] - Text of object 'Object Repository/F11822-Configure and Manage Stations/station_splc_error_message' is: 'SPLC CANNOT BE EMPTY'

2018-11-15 10:08:32 - [MESSAGE][PASSED] - Actual object 'SPLC CANNOT BE EMPTY' and expected object 'SPLC CANNOT BE EMPTY' are equal

2018-11-15 10:08:32 - [MESSAGE][PASSED] - Attribute 'class' of object 'Object Repository/F11822-Configure and Manage Stations/station_save_button' is: 'btn btn--disabled btn--call-to-action float--right u-mr'

2018-11-15 10:08:32 - [MESSAGE][PASSED] - Actual object 'true' and expected object 'true' are equal

2018-11-15 10:08:32 - [MESSAGE][PASSED] - Execute JavaScript 'return document.querySelector('#fsac').shadowRoot.querySelector('px-overlay-content > #content').shadowRoot.querySelectorAll('#dropdown > div > #selector > div').length' successfully

2018-11-15 10:08:32 - [MESSAGE][PASSED] - Execute JavaScript 'document.querySelector('#fsac').shadowRoot.querySelector('px-overlay-content > #content').shadowRoot.querySelector('#dropdown > div > #selector > div:nth-child(1)').click()' successfully

2018-11-15 10:08:32 - [MESSAGE][PASSED] - Execute JavaScript 'document.querySelector('#fsac').shadowRoot.querySelector('#trigger').shadowRoot.querySelector('#trigger').click()' successfully

2018-11-15 10:08:33 - [MESSAGE][PASSED] - Execute JavaScript 'document.querySelector('#fsac').shadowRoot.querySelector('#trigger').shadowRoot.querySelector('px-icon').click()' successfully

2018-11-15 10:08:33 - [MESSAGE][PASSED] - Text of object 'Object Repository/F11822-Configure and Manage Stations/station_fsac_error_message' is: 'FSAC CANNOT BE EMPTY'

2018-11-15 10:08:33 - [MESSAGE][PASSED] - Actual object 'FSAC CANNOT BE EMPTY' and expected object 'FSAC CANNOT BE EMPTY' are equal

2018-11-15 10:08:33 - [MESSAGE][PASSED] - Attribute 'class' of object 'Object Repository/F11822-Configure and Manage Stations/station_save_button' is: 'btn btn--disabled btn--call-to-action float--right u-mr'

2018-11-15 10:08:33 - [MESSAGE][PASSED] - Actual object 'true' and expected object 'true' are equal

2018-11-15 10:08:33 - [MESSAGE][PASSED] - Execute JavaScript 'return document.querySelector('#station-timezone-qualifier').shadowRoot.querySelector('px-overlay-content > #content').shadowRoot.querySelectorAll('#dropdown > div > #selector > div').length' successfully

2018-11-15 10:08:33 - [MESSAGE][PASSED] - Execute JavaScript 'document.querySelector('#station-timezone-qualifier').shadowRoot.querySelector('px-overlay-content > #content').shadowRoot.querySelector('#dropdown > div > #selector > div:nth-child(3)').click()' successfully

2018-11-15 10:08:33 - [MESSAGE][PASSED] - Execute JavaScript 'document.querySelector('#station-timezone-qualifier').shadowRoot.querySelector('#trigger').shadowRoot.querySelector('#trigger').click()' successfully

2018-11-15 10:08:33 - [MESSAGE][PASSED] - Execute JavaScript 'document.querySelector('#station-timezone-qualifier').shadowRoot.querySelector('#trigger').shadowRoot.querySelector('px-icon').click()' successfully

2018-11-15 10:08:33 - [MESSAGE][PASSED] - Text of object 'Object Repository/F11822-Configure and Manage Stations/station_timezone_error_message' is: 'TIME ZONE CANNOT BE EMPTY'

2018-11-15 10:08:33 - [MESSAGE][PASSED] - Actual object 'TIME ZONE CANNOT BE EMPTY' and expected object 'TIME ZONE CANNOT BE EMPTY' are equal

2018-11-15 10:08:33 - [MESSAGE][PASSED] - Attribute 'class' of object 'Object Repository/F11822-Configure and Manage Stations/station_save_button' is: 'btn btn--disabled btn--call-to-action float--right u-mr'

2018-11-15 10:08:33 - [MESSAGE][PASSED] - Actual object 'true' and expected object 'true' are equal

2018-11-15 10:08:33 - [MESSAGE][PASSED] - Execute JavaScript 'return document.querySelector('#country').shadowRoot.querySelector('px-overlay-content > #content').shadowRoot.querySelectorAll('#dropdown > div > #selector > div').length' successfully

2018-11-15 10:08:33 - [MESSAGE][PASSED] - Execute JavaScript 'document.querySelector('#country').shadowRoot.querySelector('px-overlay-content > #content').shadowRoot.querySelector('#dropdown > div > #selector > div:nth-child(1)').click()' successfully

2018-11-15 10:08:33 - [MESSAGE][PASSED] - Execute JavaScript 'document.querySelector('#country').shadowRoot.querySelector('#trigger').shadowRoot.querySelector('#trigger').click()' successfully

2018-11-15 10:08:33 - [MESSAGE][PASSED] - Execute JavaScript 'document.querySelector('#country').shadowRoot.querySelector('#trigger').shadowRoot.querySelector('px-icon').click()' successfully

2018-11-15 10:08:33 - [MESSAGE][PASSED] - Text of object 'Object Repository/F11822-Configure and Manage Stations/station_country_error_message' is: 'COUNTRY CANNOT BE EMPTY'

2018-11-15 10:08:33 - [MESSAGE][PASSED] - Actual object 'COUNTRY CANNOT BE EMPTY' and expected object 'COUNTRY CANNOT BE EMPTY' are equal

2018-11-15 10:08:33 - [MESSAGE][PASSED] - Attribute 'class' of object 'Object Repository/F11822-Configure and Manage Stations/station_save_button' is: 'btn btn--disabled btn--call-to-action float--right u-mr'

2018-11-15 10:08:33 - [MESSAGE][PASSED] - Actual object 'true' and expected object 'true' are equal

2018-11-15 10:08:34 - [MESSAGE][PASSED] - Delayed 1 second(s)

2018-11-15 10:08:34 - [MESSAGE][PASSED] - Execute JavaScript 'return document.querySelector('#country').shadowRoot.querySelector('px-overlay-content > #content').shadowRoot.querySelectorAll('#dropdown > div > #selector > div').length' successfully

2018-11-15 10:08:34 - [MESSAGE][PASSED] - Execute JavaScript 'document.querySelector('#country').shadowRoot.querySelector('px-overlay-content > #content').shadowRoot.querySelector('#dropdown > div > #selector > div:nth-child(1)').click()' successfully

2018-11-15 10:08:34 - [MESSAGE][PASSED] - Execute JavaScript 'return document.querySelector('#state').shadowRoot.querySelector('px-overlay-content > #content').shadowRoot.querySelectorAll('#dropdown > div > #selector > div').length' successfully

2018-11-15 10:08:34 - [MESSAGE][PASSED] - Execute JavaScript 'document.querySelector('#state').shadowRoot.querySelector('px-overlay-content > #content').shadowRoot.querySelector('#dropdown > div > #selector > div:nth-child(24)').click()' successfully

2018-11-15 10:08:34 - [MESSAGE][PASSED] - Execute JavaScript 'document.querySelector('#state').shadowRoot.querySelector('#trigger').shadowRoot.querySelector('#trigger').click()' successfully

2018-11-15 10:08:34 - [MESSAGE][PASSED] - Execute JavaScript 'document.querySelector('#state').shadowRoot.querySelector('#trigger').shadowRoot.querySelector('px-icon').click()' successfully

2018-11-15 10:08:34 - [MESSAGE][PASSED] - Text of object 'Object Repository/F11822-Configure and Manage Stations/station_state_error_message' is: 'STATE CANNOT BE EMPTY'

2018-11-15 10:08:34 - [MESSAGE][PASSED] - Actual object 'STATE CANNOT BE EMPTY' and expected object 'STATE CANNOT BE EMPTY' are equal

2018-11-15 10:08:34 - [MESSAGE][PASSED] - Attribute 'class' of object 'Object Repository/F11822-Configure and Manage Stations/station_save_button' is: 'btn btn--disabled btn--call-to-action float--right u-mr'

2018-11-15 10:08:34 - [MESSAGE][PASSED] - Actual object 'true' and expected object 'true' are equal

2018-11-15 10:08:34 - [MESSAGE][PASSED] - com.ge.tms.railroad.RailroadVerification.verifyErrorMessagesForMandatoryFieldsStation is PASSED

2018-11-15 10:08:34 - [TEST_STEP][PASSED] - Start listener action : closeBrowserForTestCasse: Navigate to 'http://localhost:8080/home' successfully

2018-11-15 10:08:34 - [TEST_STEP][PASSED] - Statement - If (isTestSuitEnable == true): null

2018-11-15 10:08:34 - [TEST_STEP][PASSED] - Statement - beforeTestCaseExecute(): null

2018-11-15 10:08:34 - [TEST_STEP][PASSED] - Statement - If (isTestSuitEnable == true): Navigate to 'http://localhost:8080/home' successfully

2018-11-15 10:08:34 - [TEST_STEP][PASSED] - navigateToUrl: Navigate to 'http://localhost:8080/home' successfully

2018-11-15 10:08:36 - [MESSAGE][PASSED] - Navigate to 'http://localhost:8080/home' successfully

2018-11-15 10:08:36 - [TEST_STEP][PASSED] - Start listener action : afterTestCase: Invoke 'com.kms.katalon.core.annotation.AfterTestCase' method: 'TmsTestListner.afterTestCase(...)' completed.

2018-11-15 10:08:36 - [TEST_STEP][PASSED] - Statement - If (java.lang.System.getProperties().containsKey("updateRally")): Invoke 'com.kms.katalon.core.annotation.AfterTestCase' method: 'TmsTestListner.afterTestCase(...)' completed.]]></system-out>
         <system-err><![CDATA[]]></system-err>
      </testcase>
      <testcase name="Test Cases/Railroad/F11822-Configure and Manage Stations/QA-US92236-Edit Station/US84083-Edit Station/TC65307-Validate cancel field in Edit station" classname="Test Cases/Railroad/F11822-Configure and Manage Stations/QA-US92236-Edit Station/US84083-Edit Station/TC65307-Validate cancel field in Edit station" status="PASSED">
         <system-out><![CDATA[2018-11-15 10:08:36 - [TEST_CASE][PASSED] - Test Cases/Railroad/F11822-Configure and Manage Stations/QA-US92236-Edit Station/US84083-Edit Station/TC65307-Validate cancel field in Edit station: Test Cases/Railroad/F11822-Configure and Manage Stations/QA-US92236-Edit Station/US84083-Edit Station/TC65307-Validate cancel field in Edit station

2018-11-15 10:08:36 - [TEST_STEP][PASSED] - Start listener action : beforeTestCaseExecute: Navigate to 'http://localhost:8080/home' successfully

2018-11-15 10:08:36 - [TEST_STEP][PASSED] - Statement - If (isTestSuitEnable == true): Navigate to 'http://localhost:8080/home' successfully

2018-11-15 10:08:36 - [TEST_STEP][PASSED] - navigateToUrl: Navigate to 'http://localhost:8080/home' successfully

2018-11-15 10:08:36 - [MESSAGE][PASSED] - Navigate to 'http://localhost:8080/home' successfully

2018-11-15 10:08:37 - [TEST_STEP][PASSED] - com.ge.tms.commonactions.CommonClickEvents.clickOnRailroadSetup: com.ge.tms.commonactions.CommonClickEvents.clickOnRailroadSetup is PASSED

2018-11-15 10:08:37 - [MESSAGE][PASSED] - Execute JavaScript 'document.querySelector('px-app-nav').shadowRoot.querySelector('#items > px-app-nav-group:nth-child(13) > px-app-nav-subitem:nth-child(1)').click()' successfully

2018-11-15 10:08:39 - [MESSAGE][PASSED] - Delayed 2 second(s)

2018-11-15 10:08:39 - [MESSAGE][PASSED] - com.ge.tms.commonactions.CommonClickEvents.clickOnRailroadSetup is PASSED

2018-11-15 10:08:39 - [TEST_STEP][PASSED] - com.ge.tms.commonactions.RailroadActions.clickOnSelectRailroadDropdown: com.ge.tms.commonactions.RailroadActions.clickOnSelectRailroadDropdown is PASSED

2018-11-15 10:08:39 - [MESSAGE][PASSED] - Send request successfully

2018-11-15 10:08:39 - [MESSAGE][PASSED] - Send request successfully

2018-11-15 10:08:39 - [MESSAGE][PASSED] - Send request successfully

2018-11-15 10:08:39 - [MESSAGE][PASSED] - Send request successfully

2018-11-15 10:08:39 - [MESSAGE][PASSED] - Execute JavaScript 'document.querySelector('#railroads-select-dropdown').shadowRoot.querySelector('#trigger').click()' successfully

2018-11-15 10:08:42 - [MESSAGE][PASSED] - Delayed 3 second(s)

2018-11-15 10:08:42 - [MESSAGE][PASSED] - com.ge.tms.commonactions.RailroadActions.clickOnSelectRailroadDropdown is PASSED

2018-11-15 10:08:42 - [TEST_STEP][PASSED] - com.ge.tms.commonactions.RailroadActions.selectRandomRailRoad: com.ge.tms.commonactions.RailroadActions.selectRandomRailRoad is PASSED

2018-11-15 10:08:42 - [MESSAGE][PASSED] - Send request successfully

2018-11-15 10:08:42 - [MESSAGE][PASSED] - Send request successfully

2018-11-15 10:08:42 - [MESSAGE][PASSED] - Send request successfully

2018-11-15 10:08:42 - [MESSAGE][PASSED] - Send request successfully

2018-11-15 10:08:42 - [MESSAGE][PASSED] - Execute JavaScript 'let railRoadList=[]; document.querySelector('#railroads-select-dropdown').shadowRoot.querySelector('#content').shadowRoot.querySelectorAll('#selector > div.dropdown-option').forEach(node => { railRoadList.push(node.getAttribute('title')) }); return railRoadList' successfully

2018-11-15 10:08:42 - [MESSAGE][PASSED] - Execute JavaScript 'return document.querySelector('#railroads-select-dropdown').shadowRoot.querySelector('#content').shadowRoot.querySelector('#selector > div:nth-child(1) span').innerHTML' successfully

2018-11-15 10:08:42 - [MESSAGE][PASSED] - Execute JavaScript 'return document.querySelector('#railroads-select-dropdown').shadowRoot.querySelector('#content').shadowRoot.querySelector('#selector > div:nth-child(1) span').click()' successfully

2018-11-15 10:08:42 - [MESSAGE][PASSED] - com.ge.tms.commonactions.RailroadActions.selectRandomRailRoad is PASSED

2018-11-15 10:08:42 - [TEST_STEP][PASSED] - delay: Delayed 2 second(s)

2018-11-15 10:08:44 - [MESSAGE][PASSED] - Delayed 2 second(s)

2018-11-15 10:08:44 - [TEST_STEP][PASSED] - Statement - actions = new com.ge.tms.commonactions.RailroadActions(): Send request successfully

2018-11-15 10:08:44 - [MESSAGE][PASSED] - Send request successfully

2018-11-15 10:08:44 - [MESSAGE][PASSED] - Send request successfully

2018-11-15 10:08:44 - [MESSAGE][PASSED] - Send request successfully

2018-11-15 10:08:44 - [MESSAGE][PASSED] - Send request successfully

2018-11-15 10:08:44 - [TEST_STEP][PASSED] - Statement - setStationId = <not implemented yet for class: org.codehaus.groovy.ast.expr.EmptyExpression>: null

2018-11-15 10:08:44 - [TEST_STEP][PASSED] - Statement - actions.addStationMandatotyFields(setStationId): Delayed 3 second(s)

2018-11-15 10:08:44 - [MESSAGE][PASSED] - Object: 'Object Repository/F11822-Configure and Manage Stations/Add_New_Station_Button' is clicked on

2018-11-15 10:08:44 - [MESSAGE][PASSED] - Text 'NRWXQ78' is set on object 'Object Repository/F11822-Configure and Manage Stations/station_id'

2018-11-15 10:08:45 - [MESSAGE][PASSED] - Text 'IIJI1PI' is set on object 'Object Repository/F11822-Configure and Manage Stations/station_name'

2018-11-15 10:08:45 - [MESSAGE][PASSED] - Execute JavaScript 'document.querySelector('#splc').shadowRoot.querySelector('#trigger').shadowRoot.querySelector('#trigger').click()' successfully

2018-11-15 10:08:45 - [MESSAGE][PASSED] - Execute JavaScript 'return document.querySelector('#splc').shadowRoot.querySelector('px-overlay-content > #content').shadowRoot.querySelectorAll('#dropdown > div > #selector > div').length' successfully

2018-11-15 10:08:45 - [MESSAGE][PASSED] - Execute JavaScript 'document.querySelector('#splc').shadowRoot.querySelector('px-overlay-content > #content').shadowRoot.querySelector('#dropdown > div > #selector > div:nth-child(1)').click()' successfully

2018-11-15 10:08:45 - [MESSAGE][PASSED] - Execute JavaScript 'return document.querySelector('#fsac').shadowRoot.querySelector('px-overlay-content > #content').shadowRoot.querySelectorAll('#dropdown > div > #selector > div').length' successfully

2018-11-15 10:08:45 - [MESSAGE][PASSED] - Execute JavaScript 'document.querySelector('#fsac').shadowRoot.querySelector('px-overlay-content > #content').shadowRoot.querySelector('#dropdown > div > #selector > div:nth-child(1)').click()' successfully

2018-11-15 10:08:45 - [MESSAGE][PASSED] - Execute JavaScript 'return document.querySelector('#station-timezone-qualifier').shadowRoot.querySelector('px-overlay-content > #content').shadowRoot.querySelectorAll('#dropdown > div > #selector > div').length' successfully

2018-11-15 10:08:45 - [MESSAGE][PASSED] - Execute JavaScript 'document.querySelector('#station-timezone-qualifier').shadowRoot.querySelector('px-overlay-content > #content').shadowRoot.querySelector('#dropdown > div > #selector > div:nth-child(7)').click()' successfully

2018-11-15 10:08:45 - [MESSAGE][PASSED] - Execute JavaScript 'return document.querySelector('#country').shadowRoot.querySelector('px-overlay-content > #content').shadowRoot.querySelectorAll('#dropdown > div > #selector > div').length' successfully

2018-11-15 10:08:45 - [MESSAGE][PASSED] - Execute JavaScript 'document.querySelector('#country').shadowRoot.querySelector('px-overlay-content > #content').shadowRoot.querySelector('#dropdown > div > #selector > div:nth-child(2)').click()' successfully

2018-11-15 10:08:45 - [MESSAGE][PASSED] - Execute JavaScript 'return document.querySelector('#state').shadowRoot.querySelector('px-overlay-content > #content').shadowRoot.querySelectorAll('#dropdown > div > #selector > div').length' successfully

2018-11-15 10:08:45 - [MESSAGE][PASSED] - Execute JavaScript 'document.querySelector('#state').shadowRoot.querySelector('px-overlay-content > #content').shadowRoot.querySelector('#dropdown > div > #selector > div:nth-child(10)').click()' successfully

2018-11-15 10:08:45 - [MESSAGE][PASSED] - Object: 'Object Repository/F11822-Configure and Manage Stations/station_save_button' is clicked on

2018-11-15 10:08:48 - [MESSAGE][PASSED] - Delayed 3 second(s)

2018-11-15 10:08:48 - [TEST_STEP][PASSED] - Statement - stationName = com.kms.katalon.core.webui.keyword.WebUiBuiltInKeywords.getText(com.kms.katalon.core.testobject.ObjectRepository.findTestObject(Object Repository/F11822-Configure and Manage Stations/ViewStationName)): Text of object 'Object Repository/F11822-Configure and Manage Stations/ViewStationName' is: 'IIJI1PI'

2018-11-15 10:08:48 - [MESSAGE][PASSED] - Text of object 'Object Repository/F11822-Configure and Manage Stations/ViewStationName' is: 'IIJI1PI'

2018-11-15 10:08:48 - [TEST_STEP][PASSED] - com.ge.tms.commonactions.RailroadActions.clickOnStationActionMenu: com.ge.tms.commonactions.RailroadActions.clickOnStationActionMenu is PASSED

2018-11-15 10:08:48 - [MESSAGE][PASSED] - Send request successfully

2018-11-15 10:08:48 - [MESSAGE][PASSED] - Send request successfully

2018-11-15 10:08:48 - [MESSAGE][PASSED] - Send request successfully

2018-11-15 10:08:48 - [MESSAGE][PASSED] - Send request successfully

2018-11-15 10:08:48 - [MESSAGE][PASSED] - Execute JavaScript 'document.querySelector('#station-actions-dropdown').shadowRoot.querySelector('#trigger').click()' successfully

2018-11-15 10:08:49 - [MESSAGE][PASSED] - Delayed 1 second(s)

2018-11-15 10:08:49 - [MESSAGE][PASSED] - com.ge.tms.commonactions.RailroadActions.clickOnStationActionMenu is PASSED

2018-11-15 10:08:49 - [TEST_STEP][PASSED] - com.ge.tms.commonactions.RailroadActions.clickOnEditStationButton: com.ge.tms.commonactions.RailroadActions.clickOnEditStationButton is PASSED

2018-11-15 10:08:49 - [MESSAGE][PASSED] - Send request successfully

2018-11-15 10:08:49 - [MESSAGE][PASSED] - Send request successfully

2018-11-15 10:08:49 - [MESSAGE][PASSED] - Send request successfully

2018-11-15 10:08:49 - [MESSAGE][PASSED] - Send request successfully

2018-11-15 10:08:49 - [MESSAGE][PASSED] - Execute JavaScript 'document.querySelector('#station-actions-dropdown').shadowRoot.querySelector('#content').shadowRoot.querySelector('#selector > div:nth-child(1)').click()' successfully

2018-11-15 10:08:50 - [MESSAGE][PASSED] - Delayed 1 second(s)

2018-11-15 10:08:50 - [MESSAGE][PASSED] - com.ge.tms.commonactions.RailroadActions.clickOnEditStationButton is PASSED

2018-11-15 10:08:50 - [TEST_STEP][PASSED] - Statement - actions.editStation(): Execute JavaScript 'return document.querySelector('#station-timezone-qualifier').shadowRoot.querySelector('#trigger').shadowRoot.querySelector('#label').innerHTML' successfully

2018-11-15 10:08:50 - [MESSAGE][PASSED] - Object: 'Object Repository/F11822-Configure and Manage Stations/station_name' is clicked on

2018-11-15 10:08:51 - [MESSAGE][PASSED] - Text of object 'Object Repository/F11822-Configure and Manage Stations/station_name' is cleared

2018-11-15 10:08:51 - [MESSAGE][PASSED] - Text 'FOMN1' is set on object 'Object Repository/F11822-Configure and Manage Stations/station_name'

2018-11-15 10:08:51 - [MESSAGE][PASSED] - Execute JavaScript 'return document.querySelector('#station-timezone-qualifier').shadowRoot.querySelector('px-overlay-content > #content').shadowRoot.querySelectorAll('#dropdown > div > #selector > div').length' successfully

2018-11-15 10:08:51 - [MESSAGE][PASSED] - Execute JavaScript 'document.querySelector('#station-timezone-qualifier').shadowRoot.querySelector('px-overlay-content > #content').shadowRoot.querySelector('#dropdown > div > #selector > div:nth-child(5)').click()' successfully

2018-11-15 10:08:51 - [MESSAGE][PASSED] - Execute JavaScript 'return document.querySelector('#station-timezone-qualifier').shadowRoot.querySelector('#trigger').shadowRoot.querySelector('#label').innerHTML' successfully

2018-11-15 10:08:51 - [TEST_STEP][PASSED] - Statement - actions.clickOnStationCancelButton(): Delayed 1 second(s)

2018-11-15 10:08:51 - [MESSAGE][PASSED] - Object: 'Object Repository/F11822-Configure and Manage Stations/station_cancel_button' is clicked on

2018-11-15 10:08:52 - [MESSAGE][PASSED] - Delayed 1 second(s)

2018-11-15 10:08:52 - [TEST_STEP][PASSED] - com.ge.tms.railroad.RailroadVerification.verifyCancelButtonInEditStation: com.ge.tms.railroad.RailroadVerification.verifyCancelButtonInEditStation is PASSED

2018-11-15 10:08:52 - [MESSAGE][PASSED] - Send request successfully

2018-11-15 10:08:52 - [MESSAGE][PASSED] - Send request successfully

2018-11-15 10:08:52 - [MESSAGE][PASSED] - Send request successfully

2018-11-15 10:08:52 - [MESSAGE][PASSED] - Send request successfully

2018-11-15 10:08:52 - [MESSAGE][PASSED] - Send request successfully

2018-11-15 10:08:52 - [MESSAGE][PASSED] - Send request successfully

2018-11-15 10:08:52 - [MESSAGE][PASSED] - Send request successfully

2018-11-15 10:08:52 - [MESSAGE][PASSED] - Send request successfully

2018-11-15 10:08:52 - [MESSAGE][PASSED] - Text of object 'Object Repository/F11822-Configure and Manage Stations/ViewStationName' is: 'IIJI1PI'

2018-11-15 10:08:52 - [MESSAGE][PASSED] - Actual object 'IIJI1PI' and expected object 'IIJI1PI' are equal

2018-11-15 10:08:52 - [MESSAGE][PASSED] - com.ge.tms.railroad.RailroadVerification.verifyCancelButtonInEditStation is PASSED

2018-11-15 10:08:52 - [TEST_STEP][PASSED] - com.ge.tms.commonactions.RailroadActions.clickOnStationActionMenu: com.ge.tms.commonactions.RailroadActions.clickOnStationActionMenu is PASSED

2018-11-15 10:08:52 - [MESSAGE][PASSED] - Send request successfully

2018-11-15 10:08:52 - [MESSAGE][PASSED] - Send request successfully

2018-11-15 10:08:52 - [MESSAGE][PASSED] - Send request successfully

2018-11-15 10:08:52 - [MESSAGE][PASSED] - Send request successfully

2018-11-15 10:08:52 - [MESSAGE][PASSED] - Execute JavaScript 'document.querySelector('#station-actions-dropdown').shadowRoot.querySelector('#trigger').click()' successfully

2018-11-15 10:08:53 - [MESSAGE][PASSED] - Delayed 1 second(s)

2018-11-15 10:08:53 - [MESSAGE][PASSED] - com.ge.tms.commonactions.RailroadActions.clickOnStationActionMenu is PASSED

2018-11-15 10:08:53 - [TEST_STEP][PASSED] - com.ge.tms.commonactions.RailroadActions.clickOnDeleteStationButton: com.ge.tms.commonactions.RailroadActions.clickOnDeleteStationButton is PASSED

2018-11-15 10:08:53 - [MESSAGE][PASSED] - Send request successfully

2018-11-15 10:08:53 - [MESSAGE][PASSED] - Send request successfully

2018-11-15 10:08:53 - [MESSAGE][PASSED] - Send request successfully

2018-11-15 10:08:53 - [MESSAGE][PASSED] - Send request successfully

2018-11-15 10:08:53 - [MESSAGE][PASSED] - Execute JavaScript 'document.querySelector('#station-actions-dropdown').shadowRoot.querySelector('#content').shadowRoot.querySelector('#selector > div:nth-child(2)').click()' successfully

2018-11-15 10:08:53 - [MESSAGE][PASSED] - com.ge.tms.commonactions.RailroadActions.clickOnDeleteStationButton is PASSED

2018-11-15 10:08:53 - [TEST_STEP][PASSED] - Statement - deleteYesButtonObj = com.kms.katalon.core.testobject.ObjectRepository.findTestObject(Object Repository/F11822-Configure and Manage Stations/deleteConfirmationYesButton): Finding Test Object with id 'Object Repository/F11822-Configure and Manage Stations/deleteConfirmationYesButton'

2018-11-15 10:08:53 - [TEST_STEP][PASSED] - com.ge.tms.commonactions.RailroadActions.clickOnTestObject: com.ge.tms.commonactions.RailroadActions.clickOnTestObject is PASSED

2018-11-15 10:08:53 - [MESSAGE][PASSED] - Send request successfully

2018-11-15 10:08:53 - [MESSAGE][PASSED] - Send request successfully

2018-11-15 10:08:53 - [MESSAGE][PASSED] - Send request successfully

2018-11-15 10:08:53 - [MESSAGE][PASSED] - Send request successfully

2018-11-15 10:08:53 - [MESSAGE][PASSED] - Object: 'Object Repository/F11822-Configure and Manage Stations/deleteConfirmationYesButton' is clicked on

2018-11-15 10:08:53 - [MESSAGE][PASSED] - com.ge.tms.commonactions.RailroadActions.clickOnTestObject is PASSED

2018-11-15 10:08:53 - [TEST_STEP][PASSED] - delay: Delayed 1 second(s)

2018-11-15 10:08:54 - [MESSAGE][PASSED] - Delayed 1 second(s)

2018-11-15 10:08:54 - [TEST_STEP][PASSED] - com.ge.tms.railroad.RailroadVerification.verifyDeletedItemNotPresentInSearchView: com.ge.tms.railroad.RailroadVerification.verifyDeletedItemNotPresentInSearchView is PASSED

2018-11-15 10:08:54 - [MESSAGE][PASSED] - Send request successfully

2018-11-15 10:08:54 - [MESSAGE][PASSED] - Send request successfully

2018-11-15 10:08:54 - [MESSAGE][PASSED] - Send request successfully

2018-11-15 10:08:54 - [MESSAGE][PASSED] - Send request successfully

2018-11-15 10:08:54 - [MESSAGE][PASSED] - Send request successfully

2018-11-15 10:08:54 - [MESSAGE][PASSED] - Send request successfully

2018-11-15 10:08:54 - [MESSAGE][PASSED] - Send request successfully

2018-11-15 10:08:54 - [MESSAGE][PASSED] - Send request successfully

2018-11-15 10:08:55 - [MESSAGE][PASSED] - Text 'NRWXQ78' is set on object 'Object Repository/CommonObjects/searchTextBoxLeftNav'

2018-11-15 10:08:57 - [MESSAGE][PASSED] - Delayed 2 second(s)

2018-11-15 10:08:57 - [MESSAGE][PASSED] - Text of object 'Object Repository/CommonObjects/noSearchResultMessageLeftNav' is: 'No stations or zones found.'

2018-11-15 10:08:57 - [MESSAGE][PASSED] - Actual object 'No stations or zones found.' and expected object 'No stations or zones found.' are equal

2018-11-15 10:08:57 - [MESSAGE][PASSED] - com.ge.tms.railroad.RailroadVerification.verifyDeletedItemNotPresentInSearchView is PASSED

2018-11-15 10:08:57 - [TEST_STEP][PASSED] - Start listener action : closeBrowserForTestCasse: Navigate to 'http://localhost:8080/home' successfully

2018-11-15 10:08:57 - [TEST_STEP][PASSED] - Statement - If (isTestSuitEnable == true): null

2018-11-15 10:08:57 - [TEST_STEP][PASSED] - Statement - beforeTestCaseExecute(): null

2018-11-15 10:08:57 - [TEST_STEP][PASSED] - Statement - If (isTestSuitEnable == true): Navigate to 'http://localhost:8080/home' successfully

2018-11-15 10:08:57 - [TEST_STEP][PASSED] - navigateToUrl: Navigate to 'http://localhost:8080/home' successfully

2018-11-15 10:08:58 - [MESSAGE][PASSED] - Navigate to 'http://localhost:8080/home' successfully

2018-11-15 10:08:58 - [TEST_STEP][PASSED] - Start listener action : afterTestCase: Invoke 'com.kms.katalon.core.annotation.AfterTestCase' method: 'TmsTestListner.afterTestCase(...)' completed.

2018-11-15 10:08:58 - [TEST_STEP][PASSED] - Statement - If (java.lang.System.getProperties().containsKey("updateRally")): Invoke 'com.kms.katalon.core.annotation.AfterTestCase' method: 'TmsTestListner.afterTestCase(...)' completed.]]></system-out>
         <system-err><![CDATA[]]></system-err>
      </testcase>
      <testcase name="Test Cases/Railroad/F11822-Configure and Manage Stations/QA-US92236-Edit Station/US84083-Edit Station/TC65305-Edit Station Successfully" classname="Test Cases/Railroad/F11822-Configure and Manage Stations/QA-US92236-Edit Station/US84083-Edit Station/TC65305-Edit Station Successfully" status="PASSED">
         <system-out><![CDATA[2018-11-15 10:08:58 - [TEST_CASE][PASSED] - Test Cases/Railroad/F11822-Configure and Manage Stations/QA-US92236-Edit Station/US84083-Edit Station/TC65305-Edit Station Successfully: Test Cases/Railroad/F11822-Configure and Manage Stations/QA-US92236-Edit Station/US84083-Edit Station/TC65305-Edit Station Successfully

2018-11-15 10:08:58 - [TEST_STEP][PASSED] - Start listener action : beforeTestCaseExecute: Navigate to 'http://localhost:8080/home' successfully

2018-11-15 10:08:58 - [TEST_STEP][PASSED] - Statement - If (isTestSuitEnable == true): Navigate to 'http://localhost:8080/home' successfully

2018-11-15 10:08:58 - [TEST_STEP][PASSED] - navigateToUrl: Navigate to 'http://localhost:8080/home' successfully

2018-11-15 10:08:59 - [MESSAGE][PASSED] - Navigate to 'http://localhost:8080/home' successfully

2018-11-15 10:08:59 - [TEST_STEP][PASSED] - com.ge.tms.commonactions.CommonClickEvents.clickOnRailroadSetup: com.ge.tms.commonactions.CommonClickEvents.clickOnRailroadSetup is PASSED

2018-11-15 10:08:59 - [MESSAGE][PASSED] - Execute JavaScript 'document.querySelector('px-app-nav').shadowRoot.querySelector('#items > px-app-nav-group:nth-child(13) > px-app-nav-subitem:nth-child(1)').click()' successfully

2018-11-15 10:09:01 - [MESSAGE][PASSED] - Delayed 2 second(s)

2018-11-15 10:09:01 - [MESSAGE][PASSED] - com.ge.tms.commonactions.CommonClickEvents.clickOnRailroadSetup is PASSED

2018-11-15 10:09:01 - [TEST_STEP][PASSED] - Statement - actions = new com.ge.tms.commonactions.RailroadActions(): Send request successfully

2018-11-15 10:09:01 - [MESSAGE][PASSED] - Send request successfully

2018-11-15 10:09:01 - [MESSAGE][PASSED] - Send request successfully

2018-11-15 10:09:01 - [MESSAGE][PASSED] - Send request successfully

2018-11-15 10:09:01 - [MESSAGE][PASSED] - Send request successfully

2018-11-15 10:09:01 - [TEST_STEP][PASSED] - com.ge.tms.commonactions.RailroadActions.clickOnSelectRailroadDropdown: com.ge.tms.commonactions.RailroadActions.clickOnSelectRailroadDropdown is PASSED

2018-11-15 10:09:01 - [MESSAGE][PASSED] - Send request successfully

2018-11-15 10:09:01 - [MESSAGE][PASSED] - Send request successfully

2018-11-15 10:09:01 - [MESSAGE][PASSED] - Send request successfully

2018-11-15 10:09:01 - [MESSAGE][PASSED] - Send request successfully

2018-11-15 10:09:01 - [MESSAGE][PASSED] - Execute JavaScript 'document.querySelector('#railroads-select-dropdown').shadowRoot.querySelector('#trigger').click()' successfully

2018-11-15 10:09:04 - [MESSAGE][PASSED] - Delayed 3 second(s)

2018-11-15 10:09:04 - [MESSAGE][PASSED] - com.ge.tms.commonactions.RailroadActions.clickOnSelectRailroadDropdown is PASSED

2018-11-15 10:09:04 - [TEST_STEP][PASSED] - com.ge.tms.commonactions.RailroadActions.selectRandomRailRoad: com.ge.tms.commonactions.RailroadActions.selectRandomRailRoad is PASSED

2018-11-15 10:09:04 - [MESSAGE][PASSED] - Send request successfully

2018-11-15 10:09:04 - [MESSAGE][PASSED] - Send request successfully

2018-11-15 10:09:04 - [MESSAGE][PASSED] - Send request successfully

2018-11-15 10:09:04 - [MESSAGE][PASSED] - Send request successfully

2018-11-15 10:09:04 - [MESSAGE][PASSED] - Execute JavaScript 'let railRoadList=[]; document.querySelector('#railroads-select-dropdown').shadowRoot.querySelector('#content').shadowRoot.querySelectorAll('#selector > div.dropdown-option').forEach(node => { railRoadList.push(node.getAttribute('title')) }); return railRoadList' successfully

2018-11-15 10:09:04 - [MESSAGE][PASSED] - Execute JavaScript 'return document.querySelector('#railroads-select-dropdown').shadowRoot.querySelector('#content').shadowRoot.querySelector('#selector > div:nth-child(1) span').innerHTML' successfully

2018-11-15 10:09:04 - [MESSAGE][PASSED] - Execute JavaScript 'return document.querySelector('#railroads-select-dropdown').shadowRoot.querySelector('#content').shadowRoot.querySelector('#selector > div:nth-child(1) span').click()' successfully

2018-11-15 10:09:04 - [MESSAGE][PASSED] - com.ge.tms.commonactions.RailroadActions.selectRandomRailRoad is PASSED

2018-11-15 10:09:04 - [TEST_STEP][PASSED] - delay: Delayed 4 second(s)

2018-11-15 10:09:08 - [MESSAGE][PASSED] - Delayed 4 second(s)

2018-11-15 10:09:08 - [TEST_STEP][PASSED] - Statement - setStationId = <not implemented yet for class: org.codehaus.groovy.ast.expr.EmptyExpression>: null

2018-11-15 10:09:08 - [TEST_STEP][PASSED] - Statement - actions.addStationMandatotyFields(setStationId): Delayed 3 second(s)

2018-11-15 10:09:08 - [MESSAGE][PASSED] - Object: 'Object Repository/F11822-Configure and Manage Stations/Add_New_Station_Button' is clicked on

2018-11-15 10:09:09 - [MESSAGE][PASSED] - Text 'JIJJVIG' is set on object 'Object Repository/F11822-Configure and Manage Stations/station_id'

2018-11-15 10:09:09 - [MESSAGE][PASSED] - Text 'WU9ZJHZ' is set on object 'Object Repository/F11822-Configure and Manage Stations/station_name'

2018-11-15 10:09:09 - [MESSAGE][PASSED] - Execute JavaScript 'document.querySelector('#splc').shadowRoot.querySelector('#trigger').shadowRoot.querySelector('#trigger').click()' successfully

2018-11-15 10:09:09 - [MESSAGE][PASSED] - Execute JavaScript 'return document.querySelector('#splc').shadowRoot.querySelector('px-overlay-content > #content').shadowRoot.querySelectorAll('#dropdown > div > #selector > div').length' successfully

2018-11-15 10:09:09 - [MESSAGE][PASSED] - Execute JavaScript 'document.querySelector('#splc').shadowRoot.querySelector('px-overlay-content > #content').shadowRoot.querySelector('#dropdown > div > #selector > div:nth-child(1)').click()' successfully

2018-11-15 10:09:09 - [MESSAGE][PASSED] - Execute JavaScript 'return document.querySelector('#fsac').shadowRoot.querySelector('px-overlay-content > #content').shadowRoot.querySelectorAll('#dropdown > div > #selector > div').length' successfully

2018-11-15 10:09:09 - [MESSAGE][PASSED] - Execute JavaScript 'document.querySelector('#fsac').shadowRoot.querySelector('px-overlay-content > #content').shadowRoot.querySelector('#dropdown > div > #selector > div:nth-child(1)').click()' successfully

2018-11-15 10:09:09 - [MESSAGE][PASSED] - Execute JavaScript 'return document.querySelector('#station-timezone-qualifier').shadowRoot.querySelector('px-overlay-content > #content').shadowRoot.querySelectorAll('#dropdown > div > #selector > div').length' successfully

2018-11-15 10:09:09 - [MESSAGE][PASSED] - Execute JavaScript 'document.querySelector('#station-timezone-qualifier').shadowRoot.querySelector('px-overlay-content > #content').shadowRoot.querySelector('#dropdown > div > #selector > div:nth-child(8)').click()' successfully

2018-11-15 10:09:09 - [MESSAGE][PASSED] - Execute JavaScript 'return document.querySelector('#country').shadowRoot.querySelector('px-overlay-content > #content').shadowRoot.querySelectorAll('#dropdown > div > #selector > div').length' successfully

2018-11-15 10:09:09 - [MESSAGE][PASSED] - Execute JavaScript 'document.querySelector('#country').shadowRoot.querySelector('px-overlay-content > #content').shadowRoot.querySelector('#dropdown > div > #selector > div:nth-child(2)').click()' successfully

2018-11-15 10:09:09 - [MESSAGE][PASSED] - Execute JavaScript 'return document.querySelector('#state').shadowRoot.querySelector('px-overlay-content > #content').shadowRoot.querySelectorAll('#dropdown > div > #selector > div').length' successfully

2018-11-15 10:09:09 - [MESSAGE][PASSED] - Execute JavaScript 'document.querySelector('#state').shadowRoot.querySelector('px-overlay-content > #content').shadowRoot.querySelector('#dropdown > div > #selector > div:nth-child(8)').click()' successfully

2018-11-15 10:09:09 - [MESSAGE][PASSED] - Object: 'Object Repository/F11822-Configure and Manage Stations/station_save_button' is clicked on

2018-11-15 10:09:12 - [MESSAGE][PASSED] - Delayed 3 second(s)

2018-11-15 10:09:12 - [TEST_STEP][PASSED] - com.ge.tms.commonactions.RailroadActions.clickOnStationActionMenu: com.ge.tms.commonactions.RailroadActions.clickOnStationActionMenu is PASSED

2018-11-15 10:09:12 - [MESSAGE][PASSED] - Send request successfully

2018-11-15 10:09:12 - [MESSAGE][PASSED] - Send request successfully

2018-11-15 10:09:12 - [MESSAGE][PASSED] - Send request successfully

2018-11-15 10:09:12 - [MESSAGE][PASSED] - Send request successfully

2018-11-15 10:09:12 - [MESSAGE][PASSED] - Execute JavaScript 'document.querySelector('#station-actions-dropdown').shadowRoot.querySelector('#trigger').click()' successfully

2018-11-15 10:09:13 - [MESSAGE][PASSED] - Delayed 1 second(s)

2018-11-15 10:09:13 - [MESSAGE][PASSED] - com.ge.tms.commonactions.RailroadActions.clickOnStationActionMenu is PASSED

2018-11-15 10:09:13 - [TEST_STEP][PASSED] - com.ge.tms.commonactions.RailroadActions.clickOnEditStationButton: com.ge.tms.commonactions.RailroadActions.clickOnEditStationButton is PASSED

2018-11-15 10:09:13 - [MESSAGE][PASSED] - Send request successfully

2018-11-15 10:09:13 - [MESSAGE][PASSED] - Send request successfully

2018-11-15 10:09:13 - [MESSAGE][PASSED] - Send request successfully

2018-11-15 10:09:13 - [MESSAGE][PASSED] - Send request successfully

2018-11-15 10:09:14 - [MESSAGE][PASSED] - Execute JavaScript 'document.querySelector('#station-actions-dropdown').shadowRoot.querySelector('#content').shadowRoot.querySelector('#selector > div:nth-child(1)').click()' successfully

2018-11-15 10:09:15 - [MESSAGE][PASSED] - Delayed 1 second(s)

2018-11-15 10:09:15 - [MESSAGE][PASSED] - com.ge.tms.commonactions.RailroadActions.clickOnEditStationButton is PASSED

2018-11-15 10:09:15 - [TEST_STEP][PASSED] - Statement - actions.editStation(): Execute JavaScript 'return document.querySelector('#station-timezone-qualifier').shadowRoot.querySelector('#trigger').shadowRoot.querySelector('#label').innerHTML' successfully

2018-11-15 10:09:15 - [MESSAGE][PASSED] - Object: 'Object Repository/F11822-Configure and Manage Stations/station_name' is clicked on

2018-11-15 10:09:15 - [MESSAGE][PASSED] - Text of object 'Object Repository/F11822-Configure and Manage Stations/station_name' is cleared

2018-11-15 10:09:15 - [MESSAGE][PASSED] - Text '4QYY4' is set on object 'Object Repository/F11822-Configure and Manage Stations/station_name'

2018-11-15 10:09:15 - [MESSAGE][PASSED] - Execute JavaScript 'return document.querySelector('#station-timezone-qualifier').shadowRoot.querySelector('px-overlay-content > #content').shadowRoot.querySelectorAll('#dropdown > div > #selector > div').length' successfully

2018-11-15 10:09:15 - [MESSAGE][PASSED] - Execute JavaScript 'document.querySelector('#station-timezone-qualifier').shadowRoot.querySelector('px-overlay-content > #content').shadowRoot.querySelector('#dropdown > div > #selector > div:nth-child(8)').click()' successfully

2018-11-15 10:09:15 - [MESSAGE][PASSED] - Execute JavaScript 'return document.querySelector('#station-timezone-qualifier').shadowRoot.querySelector('#trigger').shadowRoot.querySelector('#label').innerHTML' successfully

2018-11-15 10:09:15 - [TEST_STEP][PASSED] - Statement - actions.clickOnStationSavebutton(): Delayed 3 second(s)

2018-11-15 10:09:15 - [MESSAGE][PASSED] - Object: 'Object Repository/F11822-Configure and Manage Stations/station_save_button' is clicked on

2018-11-15 10:09:18 - [MESSAGE][PASSED] - Delayed 3 second(s)

2018-11-15 10:09:18 - [TEST_STEP][PASSED] - com.ge.tms.railroad.RailroadVerification.verifyEditedStation: com.ge.tms.railroad.RailroadVerification.verifyEditedStation is PASSED

2018-11-15 10:09:18 - [MESSAGE][PASSED] - Send request successfully

2018-11-15 10:09:18 - [MESSAGE][PASSED] - Send request successfully

2018-11-15 10:09:18 - [MESSAGE][PASSED] - Send request successfully

2018-11-15 10:09:18 - [MESSAGE][PASSED] - Send request successfully

2018-11-15 10:09:18 - [MESSAGE][PASSED] - Send request successfully

2018-11-15 10:09:18 - [MESSAGE][PASSED] - Send request successfully

2018-11-15 10:09:18 - [MESSAGE][PASSED] - Send request successfully

2018-11-15 10:09:18 - [MESSAGE][PASSED] - Send request successfully

2018-11-15 10:09:18 - [MESSAGE][PASSED] - Text of object 'Object Repository/F11822-Configure and Manage Stations/ViewStationName' is: '4QYY4'

2018-11-15 10:09:18 - [MESSAGE][PASSED] - Actual object '4QYY4' and expected object '4QYY4' are equal

2018-11-15 10:09:18 - [MESSAGE][PASSED] - Text of object 'Object Repository/F11822-Configure and Manage Stations/station_timezone_label' is: 'AST'

2018-11-15 10:09:18 - [MESSAGE][PASSED] - Actual object 'AST' and expected object 'AST' are equal

2018-11-15 10:09:18 - [MESSAGE][PASSED] - com.ge.tms.railroad.RailroadVerification.verifyEditedStation is PASSED

2018-11-15 10:09:18 - [TEST_STEP][PASSED] - com.ge.tms.commonactions.RailroadActions.clickOnStationActionMenu: com.ge.tms.commonactions.RailroadActions.clickOnStationActionMenu is PASSED

2018-11-15 10:09:18 - [MESSAGE][PASSED] - Send request successfully

2018-11-15 10:09:18 - [MESSAGE][PASSED] - Send request successfully

2018-11-15 10:09:18 - [MESSAGE][PASSED] - Send request successfully

2018-11-15 10:09:18 - [MESSAGE][PASSED] - Send request successfully

2018-11-15 10:09:18 - [MESSAGE][PASSED] - Execute JavaScript 'document.querySelector('#station-actions-dropdown').shadowRoot.querySelector('#trigger').click()' successfully

2018-11-15 10:09:19 - [MESSAGE][PASSED] - Delayed 1 second(s)

2018-11-15 10:09:19 - [MESSAGE][PASSED] - com.ge.tms.commonactions.RailroadActions.clickOnStationActionMenu is PASSED

2018-11-15 10:09:19 - [TEST_STEP][PASSED] - com.ge.tms.commonactions.RailroadActions.clickOnDeleteStationButton: com.ge.tms.commonactions.RailroadActions.clickOnDeleteStationButton is PASSED

2018-11-15 10:09:19 - [MESSAGE][PASSED] - Send request successfully

2018-11-15 10:09:19 - [MESSAGE][PASSED] - Send request successfully

2018-11-15 10:09:19 - [MESSAGE][PASSED] - Send request successfully

2018-11-15 10:09:19 - [MESSAGE][PASSED] - Send request successfully

2018-11-15 10:09:19 - [MESSAGE][PASSED] - Execute JavaScript 'document.querySelector('#station-actions-dropdown').shadowRoot.querySelector('#content').shadowRoot.querySelector('#selector > div:nth-child(2)').click()' successfully

2018-11-15 10:09:19 - [MESSAGE][PASSED] - com.ge.tms.commonactions.RailroadActions.clickOnDeleteStationButton is PASSED

2018-11-15 10:09:19 - [TEST_STEP][PASSED] - Statement - deleteYesButtonObj = com.kms.katalon.core.testobject.ObjectRepository.findTestObject(Object Repository/F11822-Configure and Manage Stations/deleteConfirmationYesButton): Finding Test Object with id 'Object Repository/F11822-Configure and Manage Stations/deleteConfirmationYesButton'

2018-11-15 10:09:19 - [TEST_STEP][PASSED] - com.ge.tms.commonactions.RailroadActions.clickOnTestObject: com.ge.tms.commonactions.RailroadActions.clickOnTestObject is PASSED

2018-11-15 10:09:19 - [MESSAGE][PASSED] - Send request successfully

2018-11-15 10:09:19 - [MESSAGE][PASSED] - Send request successfully

2018-11-15 10:09:19 - [MESSAGE][PASSED] - Send request successfully

2018-11-15 10:09:19 - [MESSAGE][PASSED] - Send request successfully

2018-11-15 10:09:19 - [MESSAGE][PASSED] - Object: 'Object Repository/F11822-Configure and Manage Stations/deleteConfirmationYesButton' is clicked on

2018-11-15 10:09:19 - [MESSAGE][PASSED] - com.ge.tms.commonactions.RailroadActions.clickOnTestObject is PASSED

2018-11-15 10:09:19 - [TEST_STEP][PASSED] - delay: Delayed 1 second(s)

2018-11-15 10:09:20 - [MESSAGE][PASSED] - Delayed 1 second(s)

2018-11-15 10:09:20 - [TEST_STEP][PASSED] - com.ge.tms.railroad.RailroadVerification.verifyDeletedItemNotPresentInSearchView: com.ge.tms.railroad.RailroadVerification.verifyDeletedItemNotPresentInSearchView is PASSED

2018-11-15 10:09:20 - [MESSAGE][PASSED] - Send request successfully

2018-11-15 10:09:20 - [MESSAGE][PASSED] - Send request successfully

2018-11-15 10:09:20 - [MESSAGE][PASSED] - Send request successfully

2018-11-15 10:09:20 - [MESSAGE][PASSED] - Send request successfully

2018-11-15 10:09:20 - [MESSAGE][PASSED] - Send request successfully

2018-11-15 10:09:20 - [MESSAGE][PASSED] - Send request successfully

2018-11-15 10:09:20 - [MESSAGE][PASSED] - Send request successfully

2018-11-15 10:09:20 - [MESSAGE][PASSED] - Send request successfully

2018-11-15 10:09:21 - [MESSAGE][PASSED] - Text 'JIJJVIG' is set on object 'Object Repository/CommonObjects/searchTextBoxLeftNav'

2018-11-15 10:09:23 - [MESSAGE][PASSED] - Delayed 2 second(s)

2018-11-15 10:09:23 - [MESSAGE][PASSED] - Text of object 'Object Repository/CommonObjects/noSearchResultMessageLeftNav' is: 'No stations or zones found.'

2018-11-15 10:09:23 - [MESSAGE][PASSED] - Actual object 'No stations or zones found.' and expected object 'No stations or zones found.' are equal

2018-11-15 10:09:23 - [MESSAGE][PASSED] - com.ge.tms.railroad.RailroadVerification.verifyDeletedItemNotPresentInSearchView is PASSED

2018-11-15 10:09:23 - [TEST_STEP][PASSED] - Start listener action : closeBrowserForTestCasse: Navigate to 'http://localhost:8080/home' successfully

2018-11-15 10:09:23 - [TEST_STEP][PASSED] - Statement - If (isTestSuitEnable == true): null

2018-11-15 10:09:23 - [TEST_STEP][PASSED] - Statement - beforeTestCaseExecute(): null

2018-11-15 10:09:23 - [TEST_STEP][PASSED] - Statement - If (isTestSuitEnable == true): Navigate to 'http://localhost:8080/home' successfully

2018-11-15 10:09:23 - [TEST_STEP][PASSED] - navigateToUrl: Navigate to 'http://localhost:8080/home' successfully

2018-11-15 10:09:24 - [MESSAGE][PASSED] - Navigate to 'http://localhost:8080/home' successfully

2018-11-15 10:09:24 - [TEST_STEP][PASSED] - Start listener action : afterTestCase: Invoke 'com.kms.katalon.core.annotation.AfterTestCase' method: 'TmsTestListner.afterTestCase(...)' completed.

2018-11-15 10:09:24 - [TEST_STEP][PASSED] - Statement - If (java.lang.System.getProperties().containsKey("updateRally")): Invoke 'com.kms.katalon.core.annotation.AfterTestCase' method: 'TmsTestListner.afterTestCase(...)' completed.]]></system-out>
         <system-err><![CDATA[]]></system-err>
      </testcase>
      <testcase name="Test Cases/Railroad/F11822-Configure and Manage Stations/QA-US92236-Edit Station/US84083-Edit Station/TC65306-Validate mandatory fields in Edit Station" classname="Test Cases/Railroad/F11822-Configure and Manage Stations/QA-US92236-Edit Station/US84083-Edit Station/TC65306-Validate mandatory fields in Edit Station" status="PASSED">
         <system-out><![CDATA[2018-11-15 10:09:24 - [TEST_CASE][PASSED] - Test Cases/Railroad/F11822-Configure and Manage Stations/QA-US92236-Edit Station/US84083-Edit Station/TC65306-Validate mandatory fields in Edit Station: Test Cases/Railroad/F11822-Configure and Manage Stations/QA-US92236-Edit Station/US84083-Edit Station/TC65306-Validate mandatory fields in Edit Station

2018-11-15 10:09:24 - [TEST_STEP][PASSED] - Start listener action : beforeTestCaseExecute: Navigate to 'http://localhost:8080/home' successfully

2018-11-15 10:09:24 - [TEST_STEP][PASSED] - Statement - If (isTestSuitEnable == true): Navigate to 'http://localhost:8080/home' successfully

2018-11-15 10:09:24 - [TEST_STEP][PASSED] - navigateToUrl: Navigate to 'http://localhost:8080/home' successfully

2018-11-15 10:09:25 - [MESSAGE][PASSED] - Navigate to 'http://localhost:8080/home' successfully

2018-11-15 10:09:25 - [TEST_STEP][PASSED] - com.ge.tms.commonactions.CommonClickEvents.clickOnRailroadSetup: com.ge.tms.commonactions.CommonClickEvents.clickOnRailroadSetup is PASSED

2018-11-15 10:09:25 - [MESSAGE][PASSED] - Execute JavaScript 'document.querySelector('px-app-nav').shadowRoot.querySelector('#items > px-app-nav-group:nth-child(13) > px-app-nav-subitem:nth-child(1)').click()' successfully

2018-11-15 10:09:27 - [MESSAGE][PASSED] - Delayed 2 second(s)

2018-11-15 10:09:27 - [MESSAGE][PASSED] - com.ge.tms.commonactions.CommonClickEvents.clickOnRailroadSetup is PASSED

2018-11-15 10:09:27 - [TEST_STEP][PASSED] - Statement - actions = new com.ge.tms.commonactions.RailroadActions(): Send request successfully

2018-11-15 10:09:27 - [MESSAGE][PASSED] - Send request successfully

2018-11-15 10:09:27 - [MESSAGE][PASSED] - Send request successfully

2018-11-15 10:09:27 - [MESSAGE][PASSED] - Send request successfully

2018-11-15 10:09:27 - [MESSAGE][PASSED] - Send request successfully

2018-11-15 10:09:27 - [TEST_STEP][PASSED] - com.ge.tms.commonactions.RailroadActions.clickOnSelectRailroadDropdown: com.ge.tms.commonactions.RailroadActions.clickOnSelectRailroadDropdown is PASSED

2018-11-15 10:09:27 - [MESSAGE][PASSED] - Send request successfully

2018-11-15 10:09:27 - [MESSAGE][PASSED] - Send request successfully

2018-11-15 10:09:27 - [MESSAGE][PASSED] - Send request successfully

2018-11-15 10:09:27 - [MESSAGE][PASSED] - Send request successfully

2018-11-15 10:09:27 - [MESSAGE][PASSED] - Execute JavaScript 'document.querySelector('#railroads-select-dropdown').shadowRoot.querySelector('#trigger').click()' successfully

2018-11-15 10:09:30 - [MESSAGE][PASSED] - Delayed 3 second(s)

2018-11-15 10:09:30 - [MESSAGE][PASSED] - com.ge.tms.commonactions.RailroadActions.clickOnSelectRailroadDropdown is PASSED

2018-11-15 10:09:30 - [TEST_STEP][PASSED] - com.ge.tms.commonactions.RailroadActions.selectRandomRailRoad: com.ge.tms.commonactions.RailroadActions.selectRandomRailRoad is PASSED

2018-11-15 10:09:30 - [MESSAGE][PASSED] - Send request successfully

2018-11-15 10:09:30 - [MESSAGE][PASSED] - Send request successfully

2018-11-15 10:09:30 - [MESSAGE][PASSED] - Send request successfully

2018-11-15 10:09:30 - [MESSAGE][PASSED] - Send request successfully

2018-11-15 10:09:30 - [MESSAGE][PASSED] - Execute JavaScript 'let railRoadList=[]; document.querySelector('#railroads-select-dropdown').shadowRoot.querySelector('#content').shadowRoot.querySelectorAll('#selector > div.dropdown-option').forEach(node => { railRoadList.push(node.getAttribute('title')) }); return railRoadList' successfully

2018-11-15 10:09:30 - [MESSAGE][PASSED] - Execute JavaScript 'return document.querySelector('#railroads-select-dropdown').shadowRoot.querySelector('#content').shadowRoot.querySelector('#selector > div:nth-child(1) span').innerHTML' successfully

2018-11-15 10:09:30 - [MESSAGE][PASSED] - Execute JavaScript 'return document.querySelector('#railroads-select-dropdown').shadowRoot.querySelector('#content').shadowRoot.querySelector('#selector > div:nth-child(1) span').click()' successfully

2018-11-15 10:09:30 - [MESSAGE][PASSED] - com.ge.tms.commonactions.RailroadActions.selectRandomRailRoad is PASSED

2018-11-15 10:09:30 - [TEST_STEP][PASSED] - delay: Delayed 2 second(s)

2018-11-15 10:09:32 - [MESSAGE][PASSED] - Delayed 2 second(s)

2018-11-15 10:09:32 - [TEST_STEP][PASSED] - Statement - setStationId = <not implemented yet for class: org.codehaus.groovy.ast.expr.EmptyExpression>: null

2018-11-15 10:09:32 - [TEST_STEP][PASSED] - Statement - actions.addStationMandatotyFields(setStationId): Delayed 3 second(s)

2018-11-15 10:09:32 - [MESSAGE][PASSED] - Object: 'Object Repository/F11822-Configure and Manage Stations/Add_New_Station_Button' is clicked on

2018-11-15 10:09:33 - [MESSAGE][PASSED] - Text 'POAY7NM' is set on object 'Object Repository/F11822-Configure and Manage Stations/station_id'

2018-11-15 10:09:33 - [MESSAGE][PASSED] - Text 'SNY07XU' is set on object 'Object Repository/F11822-Configure and Manage Stations/station_name'

2018-11-15 10:09:33 - [MESSAGE][PASSED] - Execute JavaScript 'document.querySelector('#splc').shadowRoot.querySelector('#trigger').shadowRoot.querySelector('#trigger').click()' successfully

2018-11-15 10:09:33 - [MESSAGE][PASSED] - Execute JavaScript 'return document.querySelector('#splc').shadowRoot.querySelector('px-overlay-content > #content').shadowRoot.querySelectorAll('#dropdown > div > #selector > div').length' successfully

2018-11-15 10:09:33 - [MESSAGE][PASSED] - Execute JavaScript 'document.querySelector('#splc').shadowRoot.querySelector('px-overlay-content > #content').shadowRoot.querySelector('#dropdown > div > #selector > div:nth-child(1)').click()' successfully

2018-11-15 10:09:33 - [MESSAGE][PASSED] - Execute JavaScript 'return document.querySelector('#fsac').shadowRoot.querySelector('px-overlay-content > #content').shadowRoot.querySelectorAll('#dropdown > div > #selector > div').length' successfully

2018-11-15 10:09:33 - [MESSAGE][PASSED] - Execute JavaScript 'document.querySelector('#fsac').shadowRoot.querySelector('px-overlay-content > #content').shadowRoot.querySelector('#dropdown > div > #selector > div:nth-child(1)').click()' successfully

2018-11-15 10:09:33 - [MESSAGE][PASSED] - Execute JavaScript 'return document.querySelector('#station-timezone-qualifier').shadowRoot.querySelector('px-overlay-content > #content').shadowRoot.querySelectorAll('#dropdown > div > #selector > div').length' successfully

2018-11-15 10:09:33 - [MESSAGE][PASSED] - Execute JavaScript 'document.querySelector('#station-timezone-qualifier').shadowRoot.querySelector('px-overlay-content > #content').shadowRoot.querySelector('#dropdown > div > #selector > div:nth-child(2)').click()' successfully

2018-11-15 10:09:33 - [MESSAGE][PASSED] - Execute JavaScript 'return document.querySelector('#country').shadowRoot.querySelector('px-overlay-content > #content').shadowRoot.querySelectorAll('#dropdown > div > #selector > div').length' successfully

2018-11-15 10:09:33 - [MESSAGE][PASSED] - Execute JavaScript 'document.querySelector('#country').shadowRoot.querySelector('px-overlay-content > #content').shadowRoot.querySelector('#dropdown > div > #selector > div:nth-child(2)').click()' successfully

2018-11-15 10:09:33 - [MESSAGE][PASSED] - Execute JavaScript 'return document.querySelector('#state').shadowRoot.querySelector('px-overlay-content > #content').shadowRoot.querySelectorAll('#dropdown > div > #selector > div').length' successfully

2018-11-15 10:09:33 - [MESSAGE][PASSED] - Execute JavaScript 'document.querySelector('#state').shadowRoot.querySelector('px-overlay-content > #content').shadowRoot.querySelector('#dropdown > div > #selector > div:nth-child(4)').click()' successfully

2018-11-15 10:09:33 - [MESSAGE][PASSED] - Object: 'Object Repository/F11822-Configure and Manage Stations/station_save_button' is clicked on

2018-11-15 10:09:36 - [MESSAGE][PASSED] - Delayed 3 second(s)

2018-11-15 10:09:36 - [TEST_STEP][PASSED] - com.ge.tms.commonactions.RailroadActions.clickOnStationActionMenu: com.ge.tms.commonactions.RailroadActions.clickOnStationActionMenu is PASSED

2018-11-15 10:09:36 - [MESSAGE][PASSED] - Send request successfully

2018-11-15 10:09:36 - [MESSAGE][PASSED] - Send request successfully

2018-11-15 10:09:36 - [MESSAGE][PASSED] - Send request successfully

2018-11-15 10:09:36 - [MESSAGE][PASSED] - Send request successfully

2018-11-15 10:09:36 - [MESSAGE][PASSED] - Execute JavaScript 'document.querySelector('#station-actions-dropdown').shadowRoot.querySelector('#trigger').click()' successfully

2018-11-15 10:09:37 - [MESSAGE][PASSED] - Delayed 1 second(s)

2018-11-15 10:09:37 - [MESSAGE][PASSED] - com.ge.tms.commonactions.RailroadActions.clickOnStationActionMenu is PASSED

2018-11-15 10:09:37 - [TEST_STEP][PASSED] - com.ge.tms.commonactions.RailroadActions.clickOnEditStationButton: com.ge.tms.commonactions.RailroadActions.clickOnEditStationButton is PASSED

2018-11-15 10:09:37 - [MESSAGE][PASSED] - Send request successfully

2018-11-15 10:09:37 - [MESSAGE][PASSED] - Send request successfully

2018-11-15 10:09:37 - [MESSAGE][PASSED] - Send request successfully

2018-11-15 10:09:37 - [MESSAGE][PASSED] - Send request successfully

2018-11-15 10:09:38 - [MESSAGE][PASSED] - Execute JavaScript 'document.querySelector('#station-actions-dropdown').shadowRoot.querySelector('#content').shadowRoot.querySelector('#selector > div:nth-child(1)').click()' successfully

2018-11-15 10:09:39 - [MESSAGE][PASSED] - Delayed 1 second(s)

2018-11-15 10:09:39 - [MESSAGE][PASSED] - com.ge.tms.commonactions.RailroadActions.clickOnEditStationButton is PASSED

2018-11-15 10:09:39 - [TEST_STEP][PASSED] - com.ge.tms.railroad.RailroadVerification.verifyErrorMessagesForMandatoryFieldsStation: com.ge.tms.railroad.RailroadVerification.verifyErrorMessagesForMandatoryFieldsStation is PASSED

2018-11-15 10:09:39 - [MESSAGE][PASSED] - Send request successfully

2018-11-15 10:09:39 - [MESSAGE][PASSED] - Send request successfully

2018-11-15 10:09:39 - [MESSAGE][PASSED] - Send request successfully

2018-11-15 10:09:39 - [MESSAGE][PASSED] - Send request successfully

2018-11-15 10:09:39 - [MESSAGE][PASSED] - Send request successfully

2018-11-15 10:09:39 - [MESSAGE][PASSED] - Send request successfully

2018-11-15 10:09:39 - [MESSAGE][PASSED] - Send request successfully

2018-11-15 10:09:39 - [MESSAGE][PASSED] - Send request successfully

2018-11-15 10:09:39 - [MESSAGE][PASSED] - Object 'Object Repository/F11822-Configure and Manage Stations/station_id' has attribute 'disabled'

2018-11-15 10:09:39 - [MESSAGE][PASSED] - Object: 'Object Repository/F11822-Configure and Manage Stations/station_name' is clicked on

2018-11-15 10:09:39 - [MESSAGE][PASSED] - Text of object 'Object Repository/F11822-Configure and Manage Stations/station_name' is cleared

2018-11-15 10:09:39 - [MESSAGE][PASSED] - Keys ' ' sent to object: 'Object Repository/F11822-Configure and Manage Stations/station_name'

2018-11-15 10:09:39 - [MESSAGE][PASSED] - Keys '	' sent to object: 'Object Repository/F11822-Configure and Manage Stations/station_name'

2018-11-15 10:09:39 - [MESSAGE][PASSED] - Text of object 'Object Repository/F11822-Configure and Manage Stations/station_name_error_message' is: 'STATION NAME CANNOT BE EMPTY'

2018-11-15 10:09:39 - [MESSAGE][PASSED] - Actual object 'STATION NAME CANNOT BE EMPTY' and expected object 'STATION NAME CANNOT BE EMPTY' are equal

2018-11-15 10:09:39 - [MESSAGE][PASSED] - Attribute 'class' of object 'Object Repository/F11822-Configure and Manage Stations/station_save_button' is: 'btn btn--disabled btn--call-to-action float--right u-mr'

2018-11-15 10:09:39 - [MESSAGE][PASSED] - Actual object 'true' and expected object 'true' are equal

2018-11-15 10:09:39 - [MESSAGE][PASSED] - Object: 'Object Repository/F11822-Configure and Manage Stations/station_name' is clicked on

2018-11-15 10:09:39 - [MESSAGE][PASSED] - Text 'A*@T&!' is set on object 'Object Repository/F11822-Configure and Manage Stations/station_name'

2018-11-15 10:09:39 - [MESSAGE][PASSED] - Text of object 'Object Repository/F11822-Configure and Manage Stations/station_name_error_message' is: 'ALPHANUMERIC ONLY'

2018-11-15 10:09:39 - [MESSAGE][PASSED] - Actual object 'ALPHANUMERIC ONLY' and expected object 'ALPHANUMERIC ONLY' are equal

2018-11-15 10:09:39 - [MESSAGE][PASSED] - Attribute 'class' of object 'Object Repository/F11822-Configure and Manage Stations/station_save_button' is: 'btn btn--disabled btn--call-to-action float--right u-mr'

2018-11-15 10:09:39 - [MESSAGE][PASSED] - Actual object 'true' and expected object 'true' are equal

2018-11-15 10:09:39 - [MESSAGE][PASSED] - Execute JavaScript 'document.querySelector('#splc').shadowRoot.querySelector('#trigger').shadowRoot.querySelector('#trigger').click()' successfully

2018-11-15 10:09:39 - [MESSAGE][PASSED] - Execute JavaScript 'return document.querySelector('#splc').shadowRoot.querySelector('px-overlay-content > #content').shadowRoot.querySelectorAll('#dropdown > div > #selector > div').length' successfully

2018-11-15 10:09:39 - [MESSAGE][PASSED] - Execute JavaScript 'document.querySelector('#splc').shadowRoot.querySelector('px-overlay-content > #content').shadowRoot.querySelector('#dropdown > div > #selector > div:nth-child(1)').click()' successfully

2018-11-15 10:09:39 - [MESSAGE][PASSED] - Execute JavaScript 'document.querySelector('#splc').shadowRoot.querySelector('#trigger').shadowRoot.querySelector('#trigger').click()' successfully

2018-11-15 10:09:39 - [MESSAGE][PASSED] - Execute JavaScript 'document.querySelector('#splc').shadowRoot.querySelector('#trigger').shadowRoot.querySelector('px-icon').click()' successfully

2018-11-15 10:09:39 - [MESSAGE][PASSED] - Text of object 'Object Repository/F11822-Configure and Manage Stations/station_splc_error_message' is: 'SPLC CANNOT BE EMPTY'

2018-11-15 10:09:39 - [MESSAGE][PASSED] - Actual object 'SPLC CANNOT BE EMPTY' and expected object 'SPLC CANNOT BE EMPTY' are equal

2018-11-15 10:09:39 - [MESSAGE][PASSED] - Attribute 'class' of object 'Object Repository/F11822-Configure and Manage Stations/station_save_button' is: 'btn btn--disabled btn--call-to-action float--right u-mr'

2018-11-15 10:09:39 - [MESSAGE][PASSED] - Actual object 'true' and expected object 'true' are equal

2018-11-15 10:09:39 - [MESSAGE][PASSED] - Execute JavaScript 'return document.querySelector('#fsac').shadowRoot.querySelector('px-overlay-content > #content').shadowRoot.querySelectorAll('#dropdown > div > #selector > div').length' successfully

2018-11-15 10:09:39 - [MESSAGE][PASSED] - Execute JavaScript 'document.querySelector('#fsac').shadowRoot.querySelector('px-overlay-content > #content').shadowRoot.querySelector('#dropdown > div > #selector > div:nth-child(1)').click()' successfully

2018-11-15 10:09:39 - [MESSAGE][PASSED] - Execute JavaScript 'document.querySelector('#fsac').shadowRoot.querySelector('#trigger').shadowRoot.querySelector('#trigger').click()' successfully

2018-11-15 10:09:39 - [MESSAGE][PASSED] - Execute JavaScript 'document.querySelector('#fsac').shadowRoot.querySelector('#trigger').shadowRoot.querySelector('px-icon').click()' successfully

2018-11-15 10:09:40 - [MESSAGE][PASSED] - Text of object 'Object Repository/F11822-Configure and Manage Stations/station_fsac_error_message' is: 'FSAC CANNOT BE EMPTY'

2018-11-15 10:09:40 - [MESSAGE][PASSED] - Actual object 'FSAC CANNOT BE EMPTY' and expected object 'FSAC CANNOT BE EMPTY' are equal

2018-11-15 10:09:40 - [MESSAGE][PASSED] - Attribute 'class' of object 'Object Repository/F11822-Configure and Manage Stations/station_save_button' is: 'btn btn--disabled btn--call-to-action float--right u-mr'

2018-11-15 10:09:40 - [MESSAGE][PASSED] - Actual object 'true' and expected object 'true' are equal

2018-11-15 10:09:40 - [MESSAGE][PASSED] - Execute JavaScript 'return document.querySelector('#station-timezone-qualifier').shadowRoot.querySelector('px-overlay-content > #content').shadowRoot.querySelectorAll('#dropdown > div > #selector > div').length' successfully

2018-11-15 10:09:40 - [MESSAGE][PASSED] - Execute JavaScript 'document.querySelector('#station-timezone-qualifier').shadowRoot.querySelector('px-overlay-content > #content').shadowRoot.querySelector('#dropdown > div > #selector > div:nth-child(2)').click()' successfully

2018-11-15 10:09:40 - [MESSAGE][PASSED] - Execute JavaScript 'document.querySelector('#station-timezone-qualifier').shadowRoot.querySelector('#trigger').shadowRoot.querySelector('#trigger').click()' successfully

2018-11-15 10:09:40 - [MESSAGE][PASSED] - Execute JavaScript 'document.querySelector('#station-timezone-qualifier').shadowRoot.querySelector('#trigger').shadowRoot.querySelector('px-icon').click()' successfully

2018-11-15 10:09:40 - [MESSAGE][PASSED] - Text of object 'Object Repository/F11822-Configure and Manage Stations/station_timezone_error_message' is: 'TIME ZONE CANNOT BE EMPTY'

2018-11-15 10:09:40 - [MESSAGE][PASSED] - Actual object 'TIME ZONE CANNOT BE EMPTY' and expected object 'TIME ZONE CANNOT BE EMPTY' are equal

2018-11-15 10:09:40 - [MESSAGE][PASSED] - Attribute 'class' of object 'Object Repository/F11822-Configure and Manage Stations/station_save_button' is: 'btn btn--disabled btn--call-to-action float--right u-mr'

2018-11-15 10:09:40 - [MESSAGE][PASSED] - Actual object 'true' and expected object 'true' are equal

2018-11-15 10:09:40 - [MESSAGE][PASSED] - Execute JavaScript 'return document.querySelector('#country').shadowRoot.querySelector('px-overlay-content > #content').shadowRoot.querySelectorAll('#dropdown > div > #selector > div').length' successfully

2018-11-15 10:09:40 - [MESSAGE][PASSED] - Execute JavaScript 'document.querySelector('#country').shadowRoot.querySelector('px-overlay-content > #content').shadowRoot.querySelector('#dropdown > div > #selector > div:nth-child(1)').click()' successfully

2018-11-15 10:09:40 - [MESSAGE][PASSED] - Execute JavaScript 'document.querySelector('#country').shadowRoot.querySelector('#trigger').shadowRoot.querySelector('#trigger').click()' successfully

2018-11-15 10:09:40 - [MESSAGE][PASSED] - Execute JavaScript 'document.querySelector('#country').shadowRoot.querySelector('#trigger').shadowRoot.querySelector('px-icon').click()' successfully

2018-11-15 10:09:40 - [MESSAGE][PASSED] - Text of object 'Object Repository/F11822-Configure and Manage Stations/station_country_error_message' is: 'COUNTRY CANNOT BE EMPTY'

2018-11-15 10:09:40 - [MESSAGE][PASSED] - Actual object 'COUNTRY CANNOT BE EMPTY' and expected object 'COUNTRY CANNOT BE EMPTY' are equal

2018-11-15 10:09:40 - [MESSAGE][PASSED] - Attribute 'class' of object 'Object Repository/F11822-Configure and Manage Stations/station_save_button' is: 'btn btn--disabled btn--call-to-action float--right u-mr'

2018-11-15 10:09:40 - [MESSAGE][PASSED] - Actual object 'true' and expected object 'true' are equal

2018-11-15 10:09:41 - [MESSAGE][PASSED] - Delayed 1 second(s)

2018-11-15 10:09:41 - [MESSAGE][PASSED] - Execute JavaScript 'return document.querySelector('#country').shadowRoot.querySelector('px-overlay-content > #content').shadowRoot.querySelectorAll('#dropdown > div > #selector > div').length' successfully

2018-11-15 10:09:41 - [MESSAGE][PASSED] - Execute JavaScript 'document.querySelector('#country').shadowRoot.querySelector('px-overlay-content > #content').shadowRoot.querySelector('#dropdown > div > #selector > div:nth-child(1)').click()' successfully

2018-11-15 10:09:41 - [MESSAGE][PASSED] - Execute JavaScript 'return document.querySelector('#state').shadowRoot.querySelector('px-overlay-content > #content').shadowRoot.querySelectorAll('#dropdown > div > #selector > div').length' successfully

2018-11-15 10:09:41 - [MESSAGE][PASSED] - Execute JavaScript 'document.querySelector('#state').shadowRoot.querySelector('px-overlay-content > #content').shadowRoot.querySelector('#dropdown > div > #selector > div:nth-child(47)').click()' successfully

2018-11-15 10:09:41 - [MESSAGE][PASSED] - Execute JavaScript 'document.querySelector('#state').shadowRoot.querySelector('#trigger').shadowRoot.querySelector('#trigger').click()' successfully

2018-11-15 10:09:41 - [MESSAGE][PASSED] - Execute JavaScript 'document.querySelector('#state').shadowRoot.querySelector('#trigger').shadowRoot.querySelector('px-icon').click()' successfully

2018-11-15 10:09:41 - [MESSAGE][PASSED] - Text of object 'Object Repository/F11822-Configure and Manage Stations/station_state_error_message' is: 'STATE CANNOT BE EMPTY'

2018-11-15 10:09:41 - [MESSAGE][PASSED] - Actual object 'STATE CANNOT BE EMPTY' and expected object 'STATE CANNOT BE EMPTY' are equal

2018-11-15 10:09:41 - [MESSAGE][PASSED] - Attribute 'class' of object 'Object Repository/F11822-Configure and Manage Stations/station_save_button' is: 'btn btn--disabled btn--call-to-action float--right u-mr'

2018-11-15 10:09:41 - [MESSAGE][PASSED] - Actual object 'true' and expected object 'true' are equal

2018-11-15 10:09:41 - [MESSAGE][PASSED] - com.ge.tms.railroad.RailroadVerification.verifyErrorMessagesForMandatoryFieldsStation is PASSED

2018-11-15 10:09:41 - [TEST_STEP][PASSED] - Statement - actions.clickOnStationCancelButton(): Delayed 1 second(s)

2018-11-15 10:09:41 - [MESSAGE][PASSED] - Object: 'Object Repository/F11822-Configure and Manage Stations/station_cancel_button' is clicked on

2018-11-15 10:09:42 - [MESSAGE][PASSED] - Delayed 1 second(s)

2018-11-15 10:09:42 - [TEST_STEP][PASSED] - com.ge.tms.commonactions.RailroadActions.clickOnStationActionMenu: com.ge.tms.commonactions.RailroadActions.clickOnStationActionMenu is PASSED

2018-11-15 10:09:42 - [MESSAGE][PASSED] - Send request successfully

2018-11-15 10:09:42 - [MESSAGE][PASSED] - Send request successfully

2018-11-15 10:09:42 - [MESSAGE][PASSED] - Send request successfully

2018-11-15 10:09:42 - [MESSAGE][PASSED] - Send request successfully

2018-11-15 10:09:42 - [MESSAGE][PASSED] - Execute JavaScript 'document.querySelector('#station-actions-dropdown').shadowRoot.querySelector('#trigger').click()' successfully

2018-11-15 10:09:43 - [MESSAGE][PASSED] - Delayed 1 second(s)

2018-11-15 10:09:43 - [MESSAGE][PASSED] - com.ge.tms.commonactions.RailroadActions.clickOnStationActionMenu is PASSED

2018-11-15 10:09:43 - [TEST_STEP][PASSED] - com.ge.tms.commonactions.RailroadActions.clickOnDeleteStationButton: com.ge.tms.commonactions.RailroadActions.clickOnDeleteStationButton is PASSED

2018-11-15 10:09:43 - [MESSAGE][PASSED] - Send request successfully

2018-11-15 10:09:43 - [MESSAGE][PASSED] - Send request successfully

2018-11-15 10:09:43 - [MESSAGE][PASSED] - Send request successfully

2018-11-15 10:09:43 - [MESSAGE][PASSED] - Send request successfully

2018-11-15 10:09:44 - [MESSAGE][PASSED] - Execute JavaScript 'document.querySelector('#station-actions-dropdown').shadowRoot.querySelector('#content').shadowRoot.querySelector('#selector > div:nth-child(2)').click()' successfully

2018-11-15 10:09:44 - [MESSAGE][PASSED] - com.ge.tms.commonactions.RailroadActions.clickOnDeleteStationButton is PASSED

2018-11-15 10:09:44 - [TEST_STEP][PASSED] - Statement - deleteYesButtonObj = com.kms.katalon.core.testobject.ObjectRepository.findTestObject(Object Repository/F11822-Configure and Manage Stations/deleteConfirmationYesButton): Finding Test Object with id 'Object Repository/F11822-Configure and Manage Stations/deleteConfirmationYesButton'

2018-11-15 10:09:44 - [TEST_STEP][PASSED] - com.ge.tms.commonactions.RailroadActions.clickOnTestObject: com.ge.tms.commonactions.RailroadActions.clickOnTestObject is PASSED

2018-11-15 10:09:44 - [MESSAGE][PASSED] - Send request successfully

2018-11-15 10:09:44 - [MESSAGE][PASSED] - Send request successfully

2018-11-15 10:09:44 - [MESSAGE][PASSED] - Send request successfully

2018-11-15 10:09:44 - [MESSAGE][PASSED] - Send request successfully

2018-11-15 10:09:44 - [MESSAGE][PASSED] - Object: 'Object Repository/F11822-Configure and Manage Stations/deleteConfirmationYesButton' is clicked on

2018-11-15 10:09:44 - [MESSAGE][PASSED] - com.ge.tms.commonactions.RailroadActions.clickOnTestObject is PASSED

2018-11-15 10:09:44 - [TEST_STEP][PASSED] - delay: Delayed 1 second(s)

2018-11-15 10:09:45 - [MESSAGE][PASSED] - Delayed 1 second(s)

2018-11-15 10:09:45 - [TEST_STEP][PASSED] - com.ge.tms.railroad.RailroadVerification.verifyDeletedItemNotPresentInSearchView: com.ge.tms.railroad.RailroadVerification.verifyDeletedItemNotPresentInSearchView is PASSED

2018-11-15 10:09:45 - [MESSAGE][PASSED] - Send request successfully

2018-11-15 10:09:45 - [MESSAGE][PASSED] - Send request successfully

2018-11-15 10:09:45 - [MESSAGE][PASSED] - Send request successfully

2018-11-15 10:09:45 - [MESSAGE][PASSED] - Send request successfully

2018-11-15 10:09:45 - [MESSAGE][PASSED] - Send request successfully

2018-11-15 10:09:45 - [MESSAGE][PASSED] - Send request successfully

2018-11-15 10:09:45 - [MESSAGE][PASSED] - Send request successfully

2018-11-15 10:09:45 - [MESSAGE][PASSED] - Send request successfully

2018-11-15 10:09:45 - [MESSAGE][PASSED] - Text 'POAY7NM' is set on object 'Object Repository/CommonObjects/searchTextBoxLeftNav'

2018-11-15 10:09:47 - [MESSAGE][PASSED] - Delayed 2 second(s)

2018-11-15 10:09:47 - [MESSAGE][PASSED] - Text of object 'Object Repository/CommonObjects/noSearchResultMessageLeftNav' is: 'No stations or zones found.'

2018-11-15 10:09:47 - [MESSAGE][PASSED] - Actual object 'No stations or zones found.' and expected object 'No stations or zones found.' are equal

2018-11-15 10:09:47 - [MESSAGE][PASSED] - com.ge.tms.railroad.RailroadVerification.verifyDeletedItemNotPresentInSearchView is PASSED

2018-11-15 10:09:47 - [TEST_STEP][PASSED] - Start listener action : closeBrowserForTestCasse: Navigate to 'http://localhost:8080/home' successfully

2018-11-15 10:09:47 - [TEST_STEP][PASSED] - Statement - If (isTestSuitEnable == true): null

2018-11-15 10:09:47 - [TEST_STEP][PASSED] - Statement - beforeTestCaseExecute(): null

2018-11-15 10:09:47 - [TEST_STEP][PASSED] - Statement - If (isTestSuitEnable == true): Navigate to 'http://localhost:8080/home' successfully

2018-11-15 10:09:47 - [TEST_STEP][PASSED] - navigateToUrl: Navigate to 'http://localhost:8080/home' successfully

2018-11-15 10:09:48 - [MESSAGE][PASSED] - Navigate to 'http://localhost:8080/home' successfully

2018-11-15 10:09:48 - [TEST_STEP][PASSED] - Start listener action : afterTestCase: Invoke 'com.kms.katalon.core.annotation.AfterTestCase' method: 'TmsTestListner.afterTestCase(...)' completed.

2018-11-15 10:09:48 - [TEST_STEP][PASSED] - Statement - If (java.lang.System.getProperties().containsKey("updateRally")): Invoke 'com.kms.katalon.core.annotation.AfterTestCase' method: 'TmsTestListner.afterTestCase(...)' completed.]]></system-out>
         <system-err><![CDATA[]]></system-err>
      </testcase>
      <testcase name="Test Cases/Railroad/F5140-Add Zone Functionalities/QA-US88570-Add Zone/US38196 - Save new Zone/TC63749-Add Zone Successfully" classname="Test Cases/Railroad/F5140-Add Zone Functionalities/QA-US88570-Add Zone/US38196 - Save new Zone/TC63749-Add Zone Successfully" status="PASSED">
         <system-out><![CDATA[2018-11-15 10:09:48 - [TEST_CASE][PASSED] - Test Cases/Railroad/F5140-Add Zone Functionalities/QA-US88570-Add Zone/US38196 - Save new Zone/TC63749-Add Zone Successfully: Test Cases/Railroad/F5140-Add Zone Functionalities/QA-US88570-Add Zone/US38196 - Save new Zone/TC63749-Add Zone Successfully

2018-11-15 10:09:48 - [TEST_STEP][PASSED] - Start listener action : beforeTestCaseExecute: Navigate to 'http://localhost:8080/home' successfully

2018-11-15 10:09:48 - [TEST_STEP][PASSED] - Statement - If (isTestSuitEnable == true): Navigate to 'http://localhost:8080/home' successfully

2018-11-15 10:09:48 - [TEST_STEP][PASSED] - navigateToUrl: Navigate to 'http://localhost:8080/home' successfully

2018-11-15 10:09:49 - [MESSAGE][PASSED] - Navigate to 'http://localhost:8080/home' successfully

2018-11-15 10:09:49 - [TEST_STEP][PASSED] - Statement - util = new com.ge.tms.util.CommonUtilities(): Send request successfully

2018-11-15 10:09:49 - [MESSAGE][PASSED] - Send request successfully

2018-11-15 10:09:49 - [MESSAGE][PASSED] - Send request successfully

2018-11-15 10:09:49 - [MESSAGE][PASSED] - Send request successfully

2018-11-15 10:09:49 - [MESSAGE][PASSED] - Send request successfully

2018-11-15 10:09:49 - [TEST_STEP][PASSED] - Statement - actions = new com.ge.tms.commonactions.RailroadActions(): Send request successfully

2018-11-15 10:09:49 - [MESSAGE][PASSED] - Send request successfully

2018-11-15 10:09:49 - [MESSAGE][PASSED] - Send request successfully

2018-11-15 10:09:49 - [MESSAGE][PASSED] - Send request successfully

2018-11-15 10:09:49 - [MESSAGE][PASSED] - Send request successfully

2018-11-15 10:09:49 - [TEST_STEP][PASSED] - com.ge.tms.commonactions.CommonClickEvents.clickOnRailroadSetup: com.ge.tms.commonactions.CommonClickEvents.clickOnRailroadSetup is PASSED

2018-11-15 10:09:49 - [MESSAGE][PASSED] - Execute JavaScript 'document.querySelector('px-app-nav').shadowRoot.querySelector('#items > px-app-nav-group:nth-child(13) > px-app-nav-subitem:nth-child(1)').click()' successfully

2018-11-15 10:09:51 - [MESSAGE][PASSED] - Delayed 2 second(s)

2018-11-15 10:09:51 - [MESSAGE][PASSED] - com.ge.tms.commonactions.CommonClickEvents.clickOnRailroadSetup is PASSED

2018-11-15 10:09:51 - [TEST_STEP][PASSED] - com.ge.tms.commonactions.RailroadActions.clickOnSelectRailroadDropdown: com.ge.tms.commonactions.RailroadActions.clickOnSelectRailroadDropdown is PASSED

2018-11-15 10:09:51 - [MESSAGE][PASSED] - Send request successfully

2018-11-15 10:09:51 - [MESSAGE][PASSED] - Send request successfully

2018-11-15 10:09:51 - [MESSAGE][PASSED] - Send request successfully

2018-11-15 10:09:51 - [MESSAGE][PASSED] - Send request successfully

2018-11-15 10:09:51 - [MESSAGE][PASSED] - Execute JavaScript 'document.querySelector('#railroads-select-dropdown').shadowRoot.querySelector('#trigger').click()' successfully

2018-11-15 10:09:54 - [MESSAGE][PASSED] - Delayed 3 second(s)

2018-11-15 10:09:54 - [MESSAGE][PASSED] - com.ge.tms.commonactions.RailroadActions.clickOnSelectRailroadDropdown is PASSED

2018-11-15 10:09:54 - [TEST_STEP][PASSED] - com.ge.tms.commonactions.RailroadActions.selectRandomRailRoad: com.ge.tms.commonactions.RailroadActions.selectRandomRailRoad is PASSED

2018-11-15 10:09:54 - [MESSAGE][PASSED] - Send request successfully

2018-11-15 10:09:54 - [MESSAGE][PASSED] - Send request successfully

2018-11-15 10:09:54 - [MESSAGE][PASSED] - Send request successfully

2018-11-15 10:09:54 - [MESSAGE][PASSED] - Send request successfully

2018-11-15 10:09:54 - [MESSAGE][PASSED] - Execute JavaScript 'let railRoadList=[]; document.querySelector('#railroads-select-dropdown').shadowRoot.querySelector('#content').shadowRoot.querySelectorAll('#selector > div.dropdown-option').forEach(node => { railRoadList.push(node.getAttribute('title')) }); return railRoadList' successfully

2018-11-15 10:09:54 - [MESSAGE][PASSED] - Execute JavaScript 'return document.querySelector('#railroads-select-dropdown').shadowRoot.querySelector('#content').shadowRoot.querySelector('#selector > div:nth-child(1) span').innerHTML' successfully

2018-11-15 10:09:54 - [MESSAGE][PASSED] - Execute JavaScript 'return document.querySelector('#railroads-select-dropdown').shadowRoot.querySelector('#content').shadowRoot.querySelector('#selector > div:nth-child(1) span').click()' successfully

2018-11-15 10:09:54 - [MESSAGE][PASSED] - com.ge.tms.commonactions.RailroadActions.selectRandomRailRoad is PASSED

2018-11-15 10:09:54 - [TEST_STEP][PASSED] - delay: Delayed 4 second(s)

2018-11-15 10:09:58 - [MESSAGE][PASSED] - Delayed 4 second(s)

2018-11-15 10:09:58 - [TEST_STEP][PASSED] - Statement - setStationId = <not implemented yet for class: org.codehaus.groovy.ast.expr.EmptyExpression>: null

2018-11-15 10:09:58 - [TEST_STEP][PASSED] - Statement - actions.addStationMandatotyFields(setStationId): Delayed 3 second(s)

2018-11-15 10:09:59 - [MESSAGE][PASSED] - Object: 'Object Repository/F11822-Configure and Manage Stations/Add_New_Station_Button' is clicked on

2018-11-15 10:09:59 - [MESSAGE][PASSED] - Text 'GQXZ86C' is set on object 'Object Repository/F11822-Configure and Manage Stations/station_id'

2018-11-15 10:09:59 - [MESSAGE][PASSED] - Text 'XFL3KR0' is set on object 'Object Repository/F11822-Configure and Manage Stations/station_name'

2018-11-15 10:09:59 - [MESSAGE][PASSED] - Execute JavaScript 'document.querySelector('#splc').shadowRoot.querySelector('#trigger').shadowRoot.querySelector('#trigger').click()' successfully

2018-11-15 10:09:59 - [MESSAGE][PASSED] - Execute JavaScript 'return document.querySelector('#splc').shadowRoot.querySelector('px-overlay-content > #content').shadowRoot.querySelectorAll('#dropdown > div > #selector > div').length' successfully

2018-11-15 10:09:59 - [MESSAGE][PASSED] - Execute JavaScript 'document.querySelector('#splc').shadowRoot.querySelector('px-overlay-content > #content').shadowRoot.querySelector('#dropdown > div > #selector > div:nth-child(1)').click()' successfully

2018-11-15 10:09:59 - [MESSAGE][PASSED] - Execute JavaScript 'return document.querySelector('#fsac').shadowRoot.querySelector('px-overlay-content > #content').shadowRoot.querySelectorAll('#dropdown > div > #selector > div').length' successfully

2018-11-15 10:09:59 - [MESSAGE][PASSED] - Execute JavaScript 'document.querySelector('#fsac').shadowRoot.querySelector('px-overlay-content > #content').shadowRoot.querySelector('#dropdown > div > #selector > div:nth-child(1)').click()' successfully

2018-11-15 10:09:59 - [MESSAGE][PASSED] - Execute JavaScript 'return document.querySelector('#station-timezone-qualifier').shadowRoot.querySelector('px-overlay-content > #content').shadowRoot.querySelectorAll('#dropdown > div > #selector > div').length' successfully

2018-11-15 10:10:00 - [MESSAGE][PASSED] - Execute JavaScript 'document.querySelector('#station-timezone-qualifier').shadowRoot.querySelector('px-overlay-content > #content').shadowRoot.querySelector('#dropdown > div > #selector > div:nth-child(2)').click()' successfully

2018-11-15 10:10:00 - [MESSAGE][PASSED] - Execute JavaScript 'return document.querySelector('#country').shadowRoot.querySelector('px-overlay-content > #content').shadowRoot.querySelectorAll('#dropdown > div > #selector > div').length' successfully

2018-11-15 10:10:00 - [MESSAGE][PASSED] - Execute JavaScript 'document.querySelector('#country').shadowRoot.querySelector('px-overlay-content > #content').shadowRoot.querySelector('#dropdown > div > #selector > div:nth-child(2)').click()' successfully

2018-11-15 10:10:00 - [MESSAGE][PASSED] - Execute JavaScript 'return document.querySelector('#state').shadowRoot.querySelector('px-overlay-content > #content').shadowRoot.querySelectorAll('#dropdown > div > #selector > div').length' successfully

2018-11-15 10:10:00 - [MESSAGE][PASSED] - Execute JavaScript 'document.querySelector('#state').shadowRoot.querySelector('px-overlay-content > #content').shadowRoot.querySelector('#dropdown > div > #selector > div:nth-child(8)').click()' successfully

2018-11-15 10:10:00 - [MESSAGE][PASSED] - Object: 'Object Repository/F11822-Configure and Manage Stations/station_save_button' is clicked on

2018-11-15 10:10:03 - [MESSAGE][PASSED] - Delayed 3 second(s)

2018-11-15 10:10:03 - [TEST_STEP][PASSED] - delay: Delayed 4 second(s)

2018-11-15 10:10:07 - [MESSAGE][PASSED] - Delayed 4 second(s)

2018-11-15 10:10:07 - [TEST_STEP][PASSED] - Statement - setZoneId = <not implemented yet for class: org.codehaus.groovy.ast.expr.EmptyExpression>: null

2018-11-15 10:10:07 - [TEST_STEP][PASSED] - Statement - actions.addZone(setZoneId): Execute JavaScript 'document.querySelector('#zone-type').shadowRoot.querySelector('#content').shadowRoot.querySelector('#selector > div:nth-child(3)').click()' successfully

2018-11-15 10:10:07 - [MESSAGE][PASSED] - Object: 'Object Repository/F5140-Add Zone Functionalities/QA-US88570-Add Zone/US38196-Save a New Zone/Add Edit Zone/addNewZoneButton' is clicked on

2018-11-15 10:10:10 - [MESSAGE][PASSED] - Delayed 3 second(s)

2018-11-15 10:10:10 - [MESSAGE][PASSED] - Text 'EE2TQ' is set on object 'Object Repository/F5140-Add Zone Functionalities/QA-US88570-Add Zone/US38196-Save a New Zone/Add Edit Zone/zoneID'

2018-11-15 10:10:10 - [MESSAGE][PASSED] - Text 'JGR0N5G' is set on object 'Object Repository/F5140-Add Zone Functionalities/QA-US88570-Add Zone/US38196-Save a New Zone/Add Edit Zone/zoneName'

2018-11-15 10:10:10 - [MESSAGE][PASSED] - Execute JavaScript 'document.querySelector('#zone-type').shadowRoot.querySelector('#trigger').click()' successfully

2018-11-15 10:10:10 - [MESSAGE][PASSED] - Execute JavaScript 'return document.querySelector('#zone-type').shadowRoot.querySelector('#content').shadowRoot.querySelectorAll('#selector > div').length' successfully

2018-11-15 10:10:10 - [MESSAGE][PASSED] - Execute JavaScript 'document.querySelector('#zone-type').shadowRoot.querySelector('#content').shadowRoot.querySelector('#selector > div:nth-child(3)').click()' successfully

2018-11-15 10:10:10 - [TEST_STEP][PASSED] - Statement - saveButtonObject = com.kms.katalon.core.testobject.ObjectRepository.findTestObject(Object Repository/F5140-Add Zone Functionalities/QA-US88570-Add Zone/US38196-Save a New Zone/Add Edit Zone/zoneSaveButton): Finding Test Object with id 'Object Repository/F5140-Add Zone Functionalities/QA-US88570-Add Zone/US38196-Save a New Zone/Add Edit Zone/zoneSaveButton'

2018-11-15 10:10:10 - [TEST_STEP][PASSED] - Statement - util.verifySaveButtonEnabled(saveButtonObject): Actual object 'true' and expected object 'true' are equal

2018-11-15 10:10:10 - [MESSAGE][PASSED] - Attribute 'class' of object 'Object Repository/F5140-Add Zone Functionalities/QA-US88570-Add Zone/US38196-Save a New Zone/Add Edit Zone/zoneSaveButton' is: 'btn btn--call-to-action u-ml'

2018-11-15 10:10:10 - [MESSAGE][PASSED] - Actual object 'true' and expected object 'true' are equal

2018-11-15 10:10:10 - [TEST_STEP][PASSED] - com.ge.tms.commonactions.RailroadActions.clickOnZoneSaveButton: com.ge.tms.commonactions.RailroadActions.clickOnZoneSaveButton is PASSED

2018-11-15 10:10:10 - [MESSAGE][PASSED] - Send request successfully

2018-11-15 10:10:10 - [MESSAGE][PASSED] - Send request successfully

2018-11-15 10:10:10 - [MESSAGE][PASSED] - Send request successfully

2018-11-15 10:10:10 - [MESSAGE][PASSED] - Send request successfully

2018-11-15 10:10:10 - [MESSAGE][PASSED] - Object: 'Object Repository/F5140-Add Zone Functionalities/QA-US88570-Add Zone/US38196-Save a New Zone/Add Edit Zone/zoneSaveButton' is clicked on

2018-11-15 10:10:13 - [MESSAGE][PASSED] - Delayed 3 second(s)

2018-11-15 10:10:13 - [MESSAGE][PASSED] - com.ge.tms.commonactions.RailroadActions.clickOnZoneSaveButton is PASSED

2018-11-15 10:10:13 - [TEST_STEP][PASSED] - com.ge.tms.railroad.RailroadVerification.verifyNewZoneCreatedSuccessfully: com.ge.tms.railroad.RailroadVerification.verifyNewZoneCreatedSuccessfully is PASSED

2018-11-15 10:10:13 - [MESSAGE][PASSED] - Send request successfully

2018-11-15 10:10:13 - [MESSAGE][PASSED] - Send request successfully

2018-11-15 10:10:13 - [MESSAGE][PASSED] - Send request successfully

2018-11-15 10:10:13 - [MESSAGE][PASSED] - Send request successfully

2018-11-15 10:10:13 - [MESSAGE][PASSED] - Send request successfully

2018-11-15 10:10:13 - [MESSAGE][PASSED] - Send request successfully

2018-11-15 10:10:13 - [MESSAGE][PASSED] - Send request successfully

2018-11-15 10:10:13 - [MESSAGE][PASSED] - Send request successfully

2018-11-15 10:10:13 - [MESSAGE][PASSED] - Text of object 'Object Repository/F5140-Add Zone Functionalities/QA-US88570-Add Zone/US38196-Save a New Zone/Add Edit Zone/viewZoneId' is: 'EE2TQ'

2018-11-15 10:10:13 - [MESSAGE][PASSED] - Actual object 'EE2TQ' and expected object 'EE2TQ' are equal

2018-11-15 10:10:14 - [MESSAGE][PASSED] - Text of object 'Object Repository/F5140-Add Zone Functionalities/QA-US88570-Add Zone/US38196-Save a New Zone/Add Edit Zone/ViewZoneName' is: 'JGR0N5G'

2018-11-15 10:10:14 - [MESSAGE][PASSED] - Actual object 'JGR0N5G' and expected object 'JGR0N5G' are equal

2018-11-15 10:10:14 - [MESSAGE][PASSED] - com.ge.tms.railroad.RailroadVerification.verifyNewZoneCreatedSuccessfully is PASSED

2018-11-15 10:10:14 - [TEST_STEP][PASSED] - com.ge.tms.commonactions.RailroadActions.clickOnZoneActionMenu: com.ge.tms.commonactions.RailroadActions.clickOnZoneActionMenu is PASSED

2018-11-15 10:10:14 - [MESSAGE][PASSED] - Send request successfully

2018-11-15 10:10:14 - [MESSAGE][PASSED] - Send request successfully

2018-11-15 10:10:14 - [MESSAGE][PASSED] - Send request successfully

2018-11-15 10:10:14 - [MESSAGE][PASSED] - Send request successfully

2018-11-15 10:10:14 - [MESSAGE][PASSED] - Execute JavaScript 'document.querySelector('#zone-actions-dropdown').shadowRoot.querySelector('#trigger').click()' successfully

2018-11-15 10:10:15 - [MESSAGE][PASSED] - Delayed 1 second(s)

2018-11-15 10:10:15 - [MESSAGE][PASSED] - com.ge.tms.commonactions.RailroadActions.clickOnZoneActionMenu is PASSED

2018-11-15 10:10:15 - [TEST_STEP][PASSED] - com.ge.tms.commonactions.RailroadActions.clickOnDeleteAction: com.ge.tms.commonactions.RailroadActions.clickOnDeleteAction is PASSED

2018-11-15 10:10:15 - [MESSAGE][PASSED] - Send request successfully

2018-11-15 10:10:15 - [MESSAGE][PASSED] - Send request successfully

2018-11-15 10:10:15 - [MESSAGE][PASSED] - Send request successfully

2018-11-15 10:10:15 - [MESSAGE][PASSED] - Send request successfully

2018-11-15 10:10:15 - [MESSAGE][PASSED] - Execute JavaScript 'document.querySelector('#zone-actions-dropdown').shadowRoot.querySelector('#content').shadowRoot.querySelector('#selector > div:nth-child(2)').click()' successfully

2018-11-15 10:10:15 - [MESSAGE][PASSED] - com.ge.tms.commonactions.RailroadActions.clickOnDeleteAction is PASSED

2018-11-15 10:10:15 - [TEST_STEP][PASSED] - delay: Delayed 1 second(s)

2018-11-15 10:10:16 - [MESSAGE][PASSED] - Delayed 1 second(s)

2018-11-15 10:10:16 - [TEST_STEP][PASSED] - Statement - deleteYesButtonObj = com.kms.katalon.core.testobject.ObjectRepository.findTestObject(Object Repository/F5140-Add Zone Functionalities/QA-US88570-Add Zone/US38196-Save a New Zone/Delete Zone/deleteYesButton): Finding Test Object with id 'Object Repository/F5140-Add Zone Functionalities/QA-US88570-Add Zone/US38196-Save a New Zone/Delete Zone/deleteYesButton'

2018-11-15 10:10:16 - [TEST_STEP][PASSED] - com.ge.tms.commonactions.RailroadActions.clickOnTestObject: com.ge.tms.commonactions.RailroadActions.clickOnTestObject is PASSED

2018-11-15 10:10:16 - [MESSAGE][PASSED] - Send request successfully

2018-11-15 10:10:16 - [MESSAGE][PASSED] - Send request successfully

2018-11-15 10:10:16 - [MESSAGE][PASSED] - Send request successfully

2018-11-15 10:10:16 - [MESSAGE][PASSED] - Send request successfully

2018-11-15 10:10:16 - [MESSAGE][PASSED] - Object: 'Object Repository/F5140-Add Zone Functionalities/QA-US88570-Add Zone/US38196-Save a New Zone/Delete Zone/deleteYesButton' is clicked on

2018-11-15 10:10:16 - [MESSAGE][PASSED] - com.ge.tms.commonactions.RailroadActions.clickOnTestObject is PASSED

2018-11-15 10:10:16 - [TEST_STEP][PASSED] - delay: Delayed 1 second(s)

2018-11-15 10:10:17 - [MESSAGE][PASSED] - Delayed 1 second(s)

2018-11-15 10:10:17 - [TEST_STEP][PASSED] - com.ge.tms.commonactions.RailroadActions.clickOnStationActionMenu: com.ge.tms.commonactions.RailroadActions.clickOnStationActionMenu is PASSED

2018-11-15 10:10:17 - [MESSAGE][PASSED] - Send request successfully

2018-11-15 10:10:17 - [MESSAGE][PASSED] - Send request successfully

2018-11-15 10:10:17 - [MESSAGE][PASSED] - Send request successfully

2018-11-15 10:10:17 - [MESSAGE][PASSED] - Send request successfully

2018-11-15 10:10:17 - [MESSAGE][PASSED] - Execute JavaScript 'document.querySelector('#station-actions-dropdown').shadowRoot.querySelector('#trigger').click()' successfully

2018-11-15 10:10:18 - [MESSAGE][PASSED] - Delayed 1 second(s)

2018-11-15 10:10:18 - [MESSAGE][PASSED] - com.ge.tms.commonactions.RailroadActions.clickOnStationActionMenu is PASSED

2018-11-15 10:10:18 - [TEST_STEP][PASSED] - com.ge.tms.commonactions.RailroadActions.clickOnDeleteStationButton: com.ge.tms.commonactions.RailroadActions.clickOnDeleteStationButton is PASSED

2018-11-15 10:10:18 - [MESSAGE][PASSED] - Send request successfully

2018-11-15 10:10:18 - [MESSAGE][PASSED] - Send request successfully

2018-11-15 10:10:18 - [MESSAGE][PASSED] - Send request successfully

2018-11-15 10:10:18 - [MESSAGE][PASSED] - Send request successfully

2018-11-15 10:10:18 - [MESSAGE][PASSED] - Execute JavaScript 'document.querySelector('#station-actions-dropdown').shadowRoot.querySelector('#content').shadowRoot.querySelector('#selector > div:nth-child(2)').click()' successfully

2018-11-15 10:10:18 - [MESSAGE][PASSED] - com.ge.tms.commonactions.RailroadActions.clickOnDeleteStationButton is PASSED

2018-11-15 10:10:18 - [TEST_STEP][PASSED] - Statement - deleteYesButtonObj = com.kms.katalon.core.testobject.ObjectRepository.findTestObject(Object Repository/F11822-Configure and Manage Stations/deleteConfirmationYesButton): Finding Test Object with id 'Object Repository/F11822-Configure and Manage Stations/deleteConfirmationYesButton'

2018-11-15 10:10:18 - [TEST_STEP][PASSED] - com.ge.tms.commonactions.RailroadActions.clickOnTestObject: com.ge.tms.commonactions.RailroadActions.clickOnTestObject is PASSED

2018-11-15 10:10:18 - [MESSAGE][PASSED] - Send request successfully

2018-11-15 10:10:18 - [MESSAGE][PASSED] - Send request successfully

2018-11-15 10:10:18 - [MESSAGE][PASSED] - Send request successfully

2018-11-15 10:10:18 - [MESSAGE][PASSED] - Send request successfully

2018-11-15 10:10:18 - [MESSAGE][PASSED] - Object: 'Object Repository/F11822-Configure and Manage Stations/deleteConfirmationYesButton' is clicked on

2018-11-15 10:10:18 - [MESSAGE][PASSED] - com.ge.tms.commonactions.RailroadActions.clickOnTestObject is PASSED

2018-11-15 10:10:18 - [TEST_STEP][PASSED] - delay: Delayed 1 second(s)

2018-11-15 10:10:19 - [MESSAGE][PASSED] - Delayed 1 second(s)

2018-11-15 10:10:19 - [TEST_STEP][PASSED] - com.ge.tms.railroad.RailroadVerification.verifyDeletedItemNotPresentInSearchView: com.ge.tms.railroad.RailroadVerification.verifyDeletedItemNotPresentInSearchView is PASSED

2018-11-15 10:10:19 - [MESSAGE][PASSED] - Send request successfully

2018-11-15 10:10:19 - [MESSAGE][PASSED] - Send request successfully

2018-11-15 10:10:19 - [MESSAGE][PASSED] - Send request successfully

2018-11-15 10:10:19 - [MESSAGE][PASSED] - Send request successfully

2018-11-15 10:10:19 - [MESSAGE][PASSED] - Send request successfully

2018-11-15 10:10:19 - [MESSAGE][PASSED] - Send request successfully

2018-11-15 10:10:19 - [MESSAGE][PASSED] - Send request successfully

2018-11-15 10:10:19 - [MESSAGE][PASSED] - Send request successfully

2018-11-15 10:10:19 - [MESSAGE][PASSED] - Text 'GQXZ86C' is set on object 'Object Repository/CommonObjects/searchTextBoxLeftNav'

2018-11-15 10:10:21 - [MESSAGE][PASSED] - Delayed 2 second(s)

2018-11-15 10:10:21 - [MESSAGE][PASSED] - Text of object 'Object Repository/CommonObjects/noSearchResultMessageLeftNav' is: 'No stations or zones found.'

2018-11-15 10:10:21 - [MESSAGE][PASSED] - Actual object 'No stations or zones found.' and expected object 'No stations or zones found.' are equal

2018-11-15 10:10:21 - [MESSAGE][PASSED] - com.ge.tms.railroad.RailroadVerification.verifyDeletedItemNotPresentInSearchView is PASSED

2018-11-15 10:10:21 - [TEST_STEP][PASSED] - Start listener action : closeBrowserForTestCasse: Navigate to 'http://localhost:8080/home' successfully

2018-11-15 10:10:21 - [TEST_STEP][PASSED] - Statement - If (isTestSuitEnable == true): null

2018-11-15 10:10:21 - [TEST_STEP][PASSED] - Statement - beforeTestCaseExecute(): null

2018-11-15 10:10:21 - [TEST_STEP][PASSED] - Statement - If (isTestSuitEnable == true): Navigate to 'http://localhost:8080/home' successfully

2018-11-15 10:10:21 - [TEST_STEP][PASSED] - navigateToUrl: Navigate to 'http://localhost:8080/home' successfully

2018-11-15 10:10:23 - [MESSAGE][PASSED] - Navigate to 'http://localhost:8080/home' successfully

2018-11-15 10:10:23 - [TEST_STEP][PASSED] - Start listener action : afterTestCase: Invoke 'com.kms.katalon.core.annotation.AfterTestCase' method: 'TmsTestListner.afterTestCase(...)' completed.

2018-11-15 10:10:23 - [TEST_STEP][PASSED] - Statement - If (java.lang.System.getProperties().containsKey("updateRally")): Invoke 'com.kms.katalon.core.annotation.AfterTestCase' method: 'TmsTestListner.afterTestCase(...)' completed.]]></system-out>
         <system-err><![CDATA[]]></system-err>
      </testcase>
      <testcase name="Test Cases/Railroad/F5525 - Edit Zone functionalities/QA-US88423-Edit Zone/US38376- Edit Selected Zone/TC64738 - Validate Mandatory Fields in Edit Zone" classname="Test Cases/Railroad/F5525 - Edit Zone functionalities/QA-US88423-Edit Zone/US38376- Edit Selected Zone/TC64738 - Validate Mandatory Fields in Edit Zone" status="PASSED">
         <system-out><![CDATA[2018-11-15 10:10:23 - [TEST_CASE][PASSED] - Test Cases/Railroad/F5525 - Edit Zone functionalities/QA-US88423-Edit Zone/US38376- Edit Selected Zone/TC64738 - Validate Mandatory Fields in Edit Zone: Test Cases/Railroad/F5525 - Edit Zone functionalities/QA-US88423-Edit Zone/US38376- Edit Selected Zone/TC64738 - Validate Mandatory Fields in Edit Zone

2018-11-15 10:10:23 - [TEST_STEP][PASSED] - Start listener action : beforeTestCaseExecute: Navigate to 'http://localhost:8080/home' successfully

2018-11-15 10:10:23 - [TEST_STEP][PASSED] - Statement - If (isTestSuitEnable == true): Navigate to 'http://localhost:8080/home' successfully

2018-11-15 10:10:23 - [TEST_STEP][PASSED] - navigateToUrl: Navigate to 'http://localhost:8080/home' successfully

2018-11-15 10:10:23 - [MESSAGE][PASSED] - Navigate to 'http://localhost:8080/home' successfully

2018-11-15 10:10:24 - [TEST_STEP][PASSED] - Statement - util = new com.ge.tms.util.CommonUtilities(): Send request successfully

2018-11-15 10:10:24 - [MESSAGE][PASSED] - Send request successfully

2018-11-15 10:10:24 - [MESSAGE][PASSED] - Send request successfully

2018-11-15 10:10:24 - [MESSAGE][PASSED] - Send request successfully

2018-11-15 10:10:24 - [MESSAGE][PASSED] - Send request successfully

2018-11-15 10:10:24 - [TEST_STEP][PASSED] - Statement - actions = new com.ge.tms.commonactions.RailroadActions(): Send request successfully

2018-11-15 10:10:24 - [MESSAGE][PASSED] - Send request successfully

2018-11-15 10:10:24 - [MESSAGE][PASSED] - Send request successfully

2018-11-15 10:10:24 - [MESSAGE][PASSED] - Send request successfully

2018-11-15 10:10:24 - [MESSAGE][PASSED] - Send request successfully

2018-11-15 10:10:24 - [TEST_STEP][PASSED] - com.ge.tms.commonactions.CommonClickEvents.clickOnRailroadSetup: com.ge.tms.commonactions.CommonClickEvents.clickOnRailroadSetup is PASSED

2018-11-15 10:10:24 - [MESSAGE][PASSED] - Execute JavaScript 'document.querySelector('px-app-nav').shadowRoot.querySelector('#items > px-app-nav-group:nth-child(13) > px-app-nav-subitem:nth-child(1)').click()' successfully

2018-11-15 10:10:26 - [MESSAGE][PASSED] - Delayed 2 second(s)

2018-11-15 10:10:26 - [MESSAGE][PASSED] - com.ge.tms.commonactions.CommonClickEvents.clickOnRailroadSetup is PASSED

2018-11-15 10:10:26 - [TEST_STEP][PASSED] - com.ge.tms.commonactions.RailroadActions.clickOnSelectRailroadDropdown: com.ge.tms.commonactions.RailroadActions.clickOnSelectRailroadDropdown is PASSED

2018-11-15 10:10:26 - [MESSAGE][PASSED] - Send request successfully

2018-11-15 10:10:26 - [MESSAGE][PASSED] - Send request successfully

2018-11-15 10:10:26 - [MESSAGE][PASSED] - Send request successfully

2018-11-15 10:10:26 - [MESSAGE][PASSED] - Send request successfully

2018-11-15 10:10:26 - [MESSAGE][PASSED] - Execute JavaScript 'document.querySelector('#railroads-select-dropdown').shadowRoot.querySelector('#trigger').click()' successfully

2018-11-15 10:10:29 - [MESSAGE][PASSED] - Delayed 3 second(s)

2018-11-15 10:10:29 - [MESSAGE][PASSED] - com.ge.tms.commonactions.RailroadActions.clickOnSelectRailroadDropdown is PASSED

2018-11-15 10:10:29 - [TEST_STEP][PASSED] - com.ge.tms.commonactions.RailroadActions.selectRandomRailRoad: com.ge.tms.commonactions.RailroadActions.selectRandomRailRoad is PASSED

2018-11-15 10:10:29 - [MESSAGE][PASSED] - Send request successfully

2018-11-15 10:10:29 - [MESSAGE][PASSED] - Send request successfully

2018-11-15 10:10:29 - [MESSAGE][PASSED] - Send request successfully

2018-11-15 10:10:29 - [MESSAGE][PASSED] - Send request successfully

2018-11-15 10:10:29 - [MESSAGE][PASSED] - Execute JavaScript 'let railRoadList=[]; document.querySelector('#railroads-select-dropdown').shadowRoot.querySelector('#content').shadowRoot.querySelectorAll('#selector > div.dropdown-option').forEach(node => { railRoadList.push(node.getAttribute('title')) }); return railRoadList' successfully

2018-11-15 10:10:29 - [MESSAGE][PASSED] - Execute JavaScript 'return document.querySelector('#railroads-select-dropdown').shadowRoot.querySelector('#content').shadowRoot.querySelector('#selector > div:nth-child(1) span').innerHTML' successfully

2018-11-15 10:10:29 - [MESSAGE][PASSED] - Execute JavaScript 'return document.querySelector('#railroads-select-dropdown').shadowRoot.querySelector('#content').shadowRoot.querySelector('#selector > div:nth-child(1) span').click()' successfully

2018-11-15 10:10:29 - [MESSAGE][PASSED] - com.ge.tms.commonactions.RailroadActions.selectRandomRailRoad is PASSED

2018-11-15 10:10:29 - [TEST_STEP][PASSED] - delay: Delayed 2 second(s)

2018-11-15 10:10:31 - [MESSAGE][PASSED] - Delayed 2 second(s)

2018-11-15 10:10:31 - [TEST_STEP][PASSED] - Statement - setStationId = <not implemented yet for class: org.codehaus.groovy.ast.expr.EmptyExpression>: null

2018-11-15 10:10:31 - [TEST_STEP][PASSED] - Statement - actions.addStationMandatotyFields(setStationId): Delayed 3 second(s)

2018-11-15 10:10:31 - [MESSAGE][PASSED] - Object: 'Object Repository/F11822-Configure and Manage Stations/Add_New_Station_Button' is clicked on

2018-11-15 10:10:31 - [MESSAGE][PASSED] - Text 'AAUR9ET' is set on object 'Object Repository/F11822-Configure and Manage Stations/station_id'

2018-11-15 10:10:32 - [MESSAGE][PASSED] - Text 'LWNKTZV' is set on object 'Object Repository/F11822-Configure and Manage Stations/station_name'

2018-11-15 10:10:32 - [MESSAGE][PASSED] - Execute JavaScript 'document.querySelector('#splc').shadowRoot.querySelector('#trigger').shadowRoot.querySelector('#trigger').click()' successfully

2018-11-15 10:10:32 - [MESSAGE][PASSED] - Execute JavaScript 'return document.querySelector('#splc').shadowRoot.querySelector('px-overlay-content > #content').shadowRoot.querySelectorAll('#dropdown > div > #selector > div').length' successfully

2018-11-15 10:10:32 - [MESSAGE][PASSED] - Execute JavaScript 'document.querySelector('#splc').shadowRoot.querySelector('px-overlay-content > #content').shadowRoot.querySelector('#dropdown > div > #selector > div:nth-child(1)').click()' successfully

2018-11-15 10:10:32 - [MESSAGE][PASSED] - Execute JavaScript 'return document.querySelector('#fsac').shadowRoot.querySelector('px-overlay-content > #content').shadowRoot.querySelectorAll('#dropdown > div > #selector > div').length' successfully

2018-11-15 10:10:32 - [MESSAGE][PASSED] - Execute JavaScript 'document.querySelector('#fsac').shadowRoot.querySelector('px-overlay-content > #content').shadowRoot.querySelector('#dropdown > div > #selector > div:nth-child(1)').click()' successfully

2018-11-15 10:10:32 - [MESSAGE][PASSED] - Execute JavaScript 'return document.querySelector('#station-timezone-qualifier').shadowRoot.querySelector('px-overlay-content > #content').shadowRoot.querySelectorAll('#dropdown > div > #selector > div').length' successfully

2018-11-15 10:10:32 - [MESSAGE][PASSED] - Execute JavaScript 'document.querySelector('#station-timezone-qualifier').shadowRoot.querySelector('px-overlay-content > #content').shadowRoot.querySelector('#dropdown > div > #selector > div:nth-child(5)').click()' successfully

2018-11-15 10:10:32 - [MESSAGE][PASSED] - Execute JavaScript 'return document.querySelector('#country').shadowRoot.querySelector('px-overlay-content > #content').shadowRoot.querySelectorAll('#dropdown > div > #selector > div').length' successfully

2018-11-15 10:10:32 - [MESSAGE][PASSED] - Execute JavaScript 'document.querySelector('#country').shadowRoot.querySelector('px-overlay-content > #content').shadowRoot.querySelector('#dropdown > div > #selector > div:nth-child(1)').click()' successfully

2018-11-15 10:10:32 - [MESSAGE][PASSED] - Execute JavaScript 'return document.querySelector('#state').shadowRoot.querySelector('px-overlay-content > #content').shadowRoot.querySelectorAll('#dropdown > div > #selector > div').length' successfully

2018-11-15 10:10:32 - [MESSAGE][PASSED] - Execute JavaScript 'document.querySelector('#state').shadowRoot.querySelector('px-overlay-content > #content').shadowRoot.querySelector('#dropdown > div > #selector > div:nth-child(37)').click()' successfully

2018-11-15 10:10:32 - [MESSAGE][PASSED] - Object: 'Object Repository/F11822-Configure and Manage Stations/station_save_button' is clicked on

2018-11-15 10:10:35 - [MESSAGE][PASSED] - Delayed 3 second(s)

2018-11-15 10:10:35 - [TEST_STEP][PASSED] - delay: Delayed 2 second(s)

2018-11-15 10:10:37 - [MESSAGE][PASSED] - Delayed 2 second(s)

2018-11-15 10:10:37 - [TEST_STEP][PASSED] - Statement - setZoneId = <not implemented yet for class: org.codehaus.groovy.ast.expr.EmptyExpression>: null

2018-11-15 10:10:37 - [TEST_STEP][PASSED] - Statement - actions.addZone(setZoneId): Execute JavaScript 'document.querySelector('#zone-type').shadowRoot.querySelector('#content').shadowRoot.querySelector('#selector > div:nth-child(3)').click()' successfully

2018-11-15 10:10:37 - [MESSAGE][PASSED] - Object: 'Object Repository/F5140-Add Zone Functionalities/QA-US88570-Add Zone/US38196-Save a New Zone/Add Edit Zone/addNewZoneButton' is clicked on

2018-11-15 10:10:40 - [MESSAGE][PASSED] - Delayed 3 second(s)

2018-11-15 10:10:40 - [MESSAGE][PASSED] - Text 'EONRC' is set on object 'Object Repository/F5140-Add Zone Functionalities/QA-US88570-Add Zone/US38196-Save a New Zone/Add Edit Zone/zoneID'

2018-11-15 10:10:40 - [MESSAGE][PASSED] - Text 'BVUIEL4' is set on object 'Object Repository/F5140-Add Zone Functionalities/QA-US88570-Add Zone/US38196-Save a New Zone/Add Edit Zone/zoneName'

2018-11-15 10:10:41 - [MESSAGE][PASSED] - Execute JavaScript 'document.querySelector('#zone-type').shadowRoot.querySelector('#trigger').click()' successfully

2018-11-15 10:10:41 - [MESSAGE][PASSED] - Execute JavaScript 'return document.querySelector('#zone-type').shadowRoot.querySelector('#content').shadowRoot.querySelectorAll('#selector > div').length' successfully

2018-11-15 10:10:41 - [MESSAGE][PASSED] - Execute JavaScript 'document.querySelector('#zone-type').shadowRoot.querySelector('#content').shadowRoot.querySelector('#selector > div:nth-child(3)').click()' successfully

2018-11-15 10:10:41 - [TEST_STEP][PASSED] - com.ge.tms.commonactions.RailroadActions.clickOnZoneSaveButton: com.ge.tms.commonactions.RailroadActions.clickOnZoneSaveButton is PASSED

2018-11-15 10:10:41 - [MESSAGE][PASSED] - Send request successfully

2018-11-15 10:10:41 - [MESSAGE][PASSED] - Send request successfully

2018-11-15 10:10:41 - [MESSAGE][PASSED] - Send request successfully

2018-11-15 10:10:41 - [MESSAGE][PASSED] - Send request successfully

2018-11-15 10:10:41 - [MESSAGE][PASSED] - Object: 'Object Repository/F5140-Add Zone Functionalities/QA-US88570-Add Zone/US38196-Save a New Zone/Add Edit Zone/zoneSaveButton' is clicked on

2018-11-15 10:10:44 - [MESSAGE][PASSED] - Delayed 3 second(s)

2018-11-15 10:10:44 - [MESSAGE][PASSED] - com.ge.tms.commonactions.RailroadActions.clickOnZoneSaveButton is PASSED

2018-11-15 10:10:44 - [TEST_STEP][PASSED] - com.ge.tms.commonactions.RailroadActions.clickOnZoneActionMenu: com.ge.tms.commonactions.RailroadActions.clickOnZoneActionMenu is PASSED

2018-11-15 10:10:44 - [MESSAGE][PASSED] - Send request successfully

2018-11-15 10:10:44 - [MESSAGE][PASSED] - Send request successfully

2018-11-15 10:10:44 - [MESSAGE][PASSED] - Send request successfully

2018-11-15 10:10:44 - [MESSAGE][PASSED] - Send request successfully

2018-11-15 10:10:44 - [MESSAGE][PASSED] - Execute JavaScript 'document.querySelector('#zone-actions-dropdown').shadowRoot.querySelector('#trigger').click()' successfully

2018-11-15 10:10:45 - [MESSAGE][PASSED] - Delayed 1 second(s)

2018-11-15 10:10:45 - [MESSAGE][PASSED] - com.ge.tms.commonactions.RailroadActions.clickOnZoneActionMenu is PASSED

2018-11-15 10:10:45 - [TEST_STEP][PASSED] - com.ge.tms.commonactions.RailroadActions.clickOnEditZoneButton: com.ge.tms.commonactions.RailroadActions.clickOnEditZoneButton is PASSED

2018-11-15 10:10:45 - [MESSAGE][PASSED] - Send request successfully

2018-11-15 10:10:45 - [MESSAGE][PASSED] - Send request successfully

2018-11-15 10:10:45 - [MESSAGE][PASSED] - Send request successfully

2018-11-15 10:10:45 - [MESSAGE][PASSED] - Send request successfully

2018-11-15 10:10:45 - [MESSAGE][PASSED] - Execute JavaScript 'document.querySelector('#zone-actions-dropdown').shadowRoot.querySelector('#content').shadowRoot.querySelector('#selector > div:nth-child(1)').click()' successfully

2018-11-15 10:10:46 - [MESSAGE][PASSED] - Delayed 1 second(s)

2018-11-15 10:10:46 - [MESSAGE][PASSED] - com.ge.tms.commonactions.RailroadActions.clickOnEditZoneButton is PASSED

2018-11-15 10:10:46 - [TEST_STEP][PASSED] - com.ge.tms.railroad.RailroadVerification.verifyZoneMandatoryFields: com.ge.tms.railroad.RailroadVerification.verifyZoneMandatoryFields is PASSED

2018-11-15 10:10:46 - [MESSAGE][PASSED] - Send request successfully

2018-11-15 10:10:46 - [MESSAGE][PASSED] - Send request successfully

2018-11-15 10:10:46 - [MESSAGE][PASSED] - Send request successfully

2018-11-15 10:10:46 - [MESSAGE][PASSED] - Send request successfully

2018-11-15 10:10:46 - [MESSAGE][PASSED] - Send request successfully

2018-11-15 10:10:46 - [MESSAGE][PASSED] - Send request successfully

2018-11-15 10:10:46 - [MESSAGE][PASSED] - Send request successfully

2018-11-15 10:10:46 - [MESSAGE][PASSED] - Send request successfully

2018-11-15 10:10:46 - [MESSAGE][PASSED] - Object 'Object Repository/F5140-Add Zone Functionalities/QA-US88570-Add Zone/US38196-Save a New Zone/Add Edit Zone/zoneID' has attribute 'disabled'

2018-11-15 10:10:46 - [MESSAGE][PASSED] - Object: 'Object Repository/F5140-Add Zone Functionalities/QA-US88570-Add Zone/US38196-Save a New Zone/Add Edit Zone/zoneName' is clicked on

2018-11-15 10:10:46 - [MESSAGE][PASSED] - Text of object 'Object Repository/F5140-Add Zone Functionalities/QA-US88570-Add Zone/US38196-Save a New Zone/Add Edit Zone/zoneName' is cleared

2018-11-15 10:10:46 - [MESSAGE][PASSED] - Keys ' ' sent to object: 'Object Repository/F5140-Add Zone Functionalities/QA-US88570-Add Zone/US38196-Save a New Zone/Add Edit Zone/zoneName'

2018-11-15 10:10:46 - [MESSAGE][PASSED] - Keys '	' sent to object: 'Object Repository/F5140-Add Zone Functionalities/QA-US88570-Add Zone/US38196-Save a New Zone/Add Edit Zone/zoneName'

2018-11-15 10:10:46 - [MESSAGE][PASSED] - Text of object 'Object Repository/F5140-Add Zone Functionalities/QA-US88570-Add Zone/US38196-Save a New Zone/Add Edit Zone/zoneNameErrorMessage' is: 'ZONE NAME CANNOT BE EMPTY'

2018-11-15 10:10:46 - [MESSAGE][PASSED] - Actual object 'ZONE NAME CANNOT BE EMPTY' and expected object 'ZONE NAME CANNOT BE EMPTY' are equal

2018-11-15 10:10:46 - [MESSAGE][PASSED] - Attribute 'class' of object 'Object Repository/F5140-Add Zone Functionalities/QA-US88570-Add Zone/US38196-Save a New Zone/Add Edit Zone/zoneSaveButton' is: 'btn btn--call-to-action btn--disabled u-ml'

2018-11-15 10:10:46 - [MESSAGE][PASSED] - Actual object 'true' and expected object 'true' are equal

2018-11-15 10:10:46 - [MESSAGE][PASSED] - Object: 'Object Repository/F5140-Add Zone Functionalities/QA-US88570-Add Zone/US38196-Save a New Zone/Add Edit Zone/zoneName' is clicked on

2018-11-15 10:10:46 - [MESSAGE][PASSED] - Keys 'A*@T&!' sent to object: 'Object Repository/F5140-Add Zone Functionalities/QA-US88570-Add Zone/US38196-Save a New Zone/Add Edit Zone/zoneName'

2018-11-15 10:10:46 - [MESSAGE][PASSED] - Text of object 'Object Repository/F5140-Add Zone Functionalities/QA-US88570-Add Zone/US38196-Save a New Zone/Add Edit Zone/zoneNameErrorMessage' is: 'ALPHANUMERIC ONLY'

2018-11-15 10:10:46 - [MESSAGE][PASSED] - Actual object 'ALPHANUMERIC ONLY' and expected object 'ALPHANUMERIC ONLY' are equal

2018-11-15 10:10:46 - [MESSAGE][PASSED] - Attribute 'class' of object 'Object Repository/F5140-Add Zone Functionalities/QA-US88570-Add Zone/US38196-Save a New Zone/Add Edit Zone/zoneSaveButton' is: 'btn btn--call-to-action btn--disabled u-ml'

2018-11-15 10:10:46 - [MESSAGE][PASSED] - Actual object 'true' and expected object 'true' are equal

2018-11-15 10:10:46 - [MESSAGE][PASSED] - Execute JavaScript 'document.querySelector('#zone-type').shadowRoot.querySelector('#trigger').click()' successfully

2018-11-15 10:10:46 - [MESSAGE][PASSED] - Execute JavaScript 'return document.querySelector('#zone-type').shadowRoot.querySelector('#content').shadowRoot.querySelectorAll('#selector > div').length' successfully

2018-11-15 10:10:46 - [MESSAGE][PASSED] - Execute JavaScript 'document.querySelector('#zone-type').shadowRoot.querySelector('#content').shadowRoot.querySelector('#selector > div:nth-child(2)').click()' successfully

2018-11-15 10:10:46 - [MESSAGE][PASSED] - Execute JavaScript 'document.querySelector('#zone-type').shadowRoot.querySelector('#trigger').click()' successfully

2018-11-15 10:10:46 - [MESSAGE][PASSED] - Execute JavaScript 'document.querySelector('#zone-type').shadowRoot.querySelector('#trigger').shadowRoot.querySelector('px-icon').click()' successfully

2018-11-15 10:10:46 - [MESSAGE][PASSED] - Text of object 'Object Repository/F5140-Add Zone Functionalities/QA-US88570-Add Zone/US38196-Save a New Zone/Add Edit Zone/zoneTypeDeselectErrorMessage' is: 'ZONE TYPE CANNOT BE EMPTY'

2018-11-15 10:10:46 - [MESSAGE][PASSED] - Actual object 'ZONE TYPE CANNOT BE EMPTY' and expected object 'ZONE TYPE CANNOT BE EMPTY' are equal

2018-11-15 10:10:46 - [MESSAGE][PASSED] - Attribute 'class' of object 'Object Repository/F5140-Add Zone Functionalities/QA-US88570-Add Zone/US38196-Save a New Zone/Add Edit Zone/zoneSaveButton' is: 'btn btn--call-to-action btn--disabled u-ml'

2018-11-15 10:10:46 - [MESSAGE][PASSED] - Actual object 'true' and expected object 'true' are equal

2018-11-15 10:10:46 - [MESSAGE][PASSED] - com.ge.tms.railroad.RailroadVerification.verifyZoneMandatoryFields is PASSED

2018-11-15 10:10:46 - [TEST_STEP][PASSED] - Statement - actions.clickOnZoneCancelButton(): Delayed 1 second(s)

2018-11-15 10:10:46 - [MESSAGE][PASSED] - Object: 'Object Repository/F5140-Add Zone Functionalities/QA-US88570-Add Zone/US38196-Save a New Zone/Add Edit Zone/zoneCancelButton' is clicked on

2018-11-15 10:10:47 - [MESSAGE][PASSED] - Delayed 1 second(s)

2018-11-15 10:10:47 - [TEST_STEP][PASSED] - com.ge.tms.commonactions.RailroadActions.clickOnZoneActionMenu: com.ge.tms.commonactions.RailroadActions.clickOnZoneActionMenu is PASSED

2018-11-15 10:10:47 - [MESSAGE][PASSED] - Send request successfully

2018-11-15 10:10:47 - [MESSAGE][PASSED] - Send request successfully

2018-11-15 10:10:47 - [MESSAGE][PASSED] - Send request successfully

2018-11-15 10:10:47 - [MESSAGE][PASSED] - Send request successfully

2018-11-15 10:10:47 - [MESSAGE][PASSED] - Execute JavaScript 'document.querySelector('#zone-actions-dropdown').shadowRoot.querySelector('#trigger').click()' successfully

2018-11-15 10:10:48 - [MESSAGE][PASSED] - Delayed 1 second(s)

2018-11-15 10:10:48 - [MESSAGE][PASSED] - com.ge.tms.commonactions.RailroadActions.clickOnZoneActionMenu is PASSED

2018-11-15 10:10:48 - [TEST_STEP][PASSED] - com.ge.tms.commonactions.RailroadActions.clickOnDeleteAction: com.ge.tms.commonactions.RailroadActions.clickOnDeleteAction is PASSED

2018-11-15 10:10:48 - [MESSAGE][PASSED] - Send request successfully

2018-11-15 10:10:48 - [MESSAGE][PASSED] - Send request successfully

2018-11-15 10:10:48 - [MESSAGE][PASSED] - Send request successfully

2018-11-15 10:10:49 - [MESSAGE][PASSED] - Send request successfully

2018-11-15 10:10:49 - [MESSAGE][PASSED] - Execute JavaScript 'document.querySelector('#zone-actions-dropdown').shadowRoot.querySelector('#content').shadowRoot.querySelector('#selector > div:nth-child(2)').click()' successfully

2018-11-15 10:10:49 - [MESSAGE][PASSED] - com.ge.tms.commonactions.RailroadActions.clickOnDeleteAction is PASSED

2018-11-15 10:10:49 - [TEST_STEP][PASSED] - delay: Delayed 1 second(s)

2018-11-15 10:10:50 - [MESSAGE][PASSED] - Delayed 1 second(s)

2018-11-15 10:10:50 - [TEST_STEP][PASSED] - Statement - deleteYesButtonObj = com.kms.katalon.core.testobject.ObjectRepository.findTestObject(Object Repository/F5140-Add Zone Functionalities/QA-US88570-Add Zone/US38196-Save a New Zone/Delete Zone/deleteYesButton): Finding Test Object with id 'Object Repository/F5140-Add Zone Functionalities/QA-US88570-Add Zone/US38196-Save a New Zone/Delete Zone/deleteYesButton'

2018-11-15 10:10:50 - [TEST_STEP][PASSED] - com.ge.tms.commonactions.RailroadActions.clickOnTestObject: com.ge.tms.commonactions.RailroadActions.clickOnTestObject is PASSED

2018-11-15 10:10:50 - [MESSAGE][PASSED] - Send request successfully

2018-11-15 10:10:50 - [MESSAGE][PASSED] - Send request successfully

2018-11-15 10:10:50 - [MESSAGE][PASSED] - Send request successfully

2018-11-15 10:10:50 - [MESSAGE][PASSED] - Send request successfully

2018-11-15 10:10:50 - [MESSAGE][PASSED] - Object: 'Object Repository/F5140-Add Zone Functionalities/QA-US88570-Add Zone/US38196-Save a New Zone/Delete Zone/deleteYesButton' is clicked on

2018-11-15 10:10:50 - [MESSAGE][PASSED] - com.ge.tms.commonactions.RailroadActions.clickOnTestObject is PASSED

2018-11-15 10:10:50 - [TEST_STEP][PASSED] - delay: Delayed 1 second(s)

2018-11-15 10:10:51 - [MESSAGE][PASSED] - Delayed 1 second(s)

2018-11-15 10:10:51 - [TEST_STEP][PASSED] - com.ge.tms.commonactions.RailroadActions.clickOnStationActionMenu: com.ge.tms.commonactions.RailroadActions.clickOnStationActionMenu is PASSED

2018-11-15 10:10:51 - [MESSAGE][PASSED] - Send request successfully

2018-11-15 10:10:51 - [MESSAGE][PASSED] - Send request successfully

2018-11-15 10:10:51 - [MESSAGE][PASSED] - Send request successfully

2018-11-15 10:10:51 - [MESSAGE][PASSED] - Send request successfully

2018-11-15 10:10:51 - [MESSAGE][PASSED] - Execute JavaScript 'document.querySelector('#station-actions-dropdown').shadowRoot.querySelector('#trigger').click()' successfully

2018-11-15 10:10:52 - [MESSAGE][PASSED] - Delayed 1 second(s)

2018-11-15 10:10:52 - [MESSAGE][PASSED] - com.ge.tms.commonactions.RailroadActions.clickOnStationActionMenu is PASSED

2018-11-15 10:10:52 - [TEST_STEP][PASSED] - com.ge.tms.commonactions.RailroadActions.clickOnDeleteStationButton: com.ge.tms.commonactions.RailroadActions.clickOnDeleteStationButton is PASSED

2018-11-15 10:10:52 - [MESSAGE][PASSED] - Send request successfully

2018-11-15 10:10:52 - [MESSAGE][PASSED] - Send request successfully

2018-11-15 10:10:52 - [MESSAGE][PASSED] - Send request successfully

2018-11-15 10:10:52 - [MESSAGE][PASSED] - Send request successfully

2018-11-15 10:10:52 - [MESSAGE][PASSED] - Execute JavaScript 'document.querySelector('#station-actions-dropdown').shadowRoot.querySelector('#content').shadowRoot.querySelector('#selector > div:nth-child(2)').click()' successfully

2018-11-15 10:10:52 - [MESSAGE][PASSED] - com.ge.tms.commonactions.RailroadActions.clickOnDeleteStationButton is PASSED

2018-11-15 10:10:52 - [TEST_STEP][PASSED] - Statement - deleteYesButtonObj = com.kms.katalon.core.testobject.ObjectRepository.findTestObject(Object Repository/F11822-Configure and Manage Stations/deleteConfirmationYesButton): Finding Test Object with id 'Object Repository/F11822-Configure and Manage Stations/deleteConfirmationYesButton'

2018-11-15 10:10:52 - [TEST_STEP][PASSED] - com.ge.tms.commonactions.RailroadActions.clickOnTestObject: com.ge.tms.commonactions.RailroadActions.clickOnTestObject is PASSED

2018-11-15 10:10:52 - [MESSAGE][PASSED] - Send request successfully

2018-11-15 10:10:52 - [MESSAGE][PASSED] - Send request successfully

2018-11-15 10:10:52 - [MESSAGE][PASSED] - Send request successfully

2018-11-15 10:10:52 - [MESSAGE][PASSED] - Send request successfully

2018-11-15 10:10:52 - [MESSAGE][PASSED] - Object: 'Object Repository/F11822-Configure and Manage Stations/deleteConfirmationYesButton' is clicked on

2018-11-15 10:10:52 - [MESSAGE][PASSED] - com.ge.tms.commonactions.RailroadActions.clickOnTestObject is PASSED

2018-11-15 10:10:52 - [TEST_STEP][PASSED] - delay: Delayed 1 second(s)

2018-11-15 10:10:53 - [MESSAGE][PASSED] - Delayed 1 second(s)

2018-11-15 10:10:53 - [TEST_STEP][PASSED] - com.ge.tms.railroad.RailroadVerification.verifyDeletedItemNotPresentInSearchView: com.ge.tms.railroad.RailroadVerification.verifyDeletedItemNotPresentInSearchView is PASSED

2018-11-15 10:10:53 - [MESSAGE][PASSED] - Send request successfully

2018-11-15 10:10:53 - [MESSAGE][PASSED] - Send request successfully

2018-11-15 10:10:53 - [MESSAGE][PASSED] - Send request successfully

2018-11-15 10:10:53 - [MESSAGE][PASSED] - Send request successfully

2018-11-15 10:10:53 - [MESSAGE][PASSED] - Send request successfully

2018-11-15 10:10:53 - [MESSAGE][PASSED] - Send request successfully

2018-11-15 10:10:53 - [MESSAGE][PASSED] - Send request successfully

2018-11-15 10:10:53 - [MESSAGE][PASSED] - Send request successfully

2018-11-15 10:10:53 - [MESSAGE][PASSED] - Text 'AAUR9ET' is set on object 'Object Repository/CommonObjects/searchTextBoxLeftNav'

2018-11-15 10:10:55 - [MESSAGE][PASSED] - Delayed 2 second(s)

2018-11-15 10:10:55 - [MESSAGE][PASSED] - Text of object 'Object Repository/CommonObjects/noSearchResultMessageLeftNav' is: 'No stations or zones found.'

2018-11-15 10:10:55 - [MESSAGE][PASSED] - Actual object 'No stations or zones found.' and expected object 'No stations or zones found.' are equal

2018-11-15 10:10:55 - [MESSAGE][PASSED] - com.ge.tms.railroad.RailroadVerification.verifyDeletedItemNotPresentInSearchView is PASSED

2018-11-15 10:10:55 - [TEST_STEP][PASSED] - Start listener action : closeBrowserForTestCasse: Navigate to 'http://localhost:8080/home' successfully

2018-11-15 10:10:55 - [TEST_STEP][PASSED] - Statement - If (isTestSuitEnable == true): null

2018-11-15 10:10:55 - [TEST_STEP][PASSED] - Statement - beforeTestCaseExecute(): null

2018-11-15 10:10:55 - [TEST_STEP][PASSED] - Statement - If (isTestSuitEnable == true): Navigate to 'http://localhost:8080/home' successfully

2018-11-15 10:10:55 - [TEST_STEP][PASSED] - navigateToUrl: Navigate to 'http://localhost:8080/home' successfully

2018-11-15 10:10:56 - [MESSAGE][PASSED] - Navigate to 'http://localhost:8080/home' successfully

2018-11-15 10:10:56 - [TEST_STEP][PASSED] - Start listener action : afterTestCase: Invoke 'com.kms.katalon.core.annotation.AfterTestCase' method: 'TmsTestListner.afterTestCase(...)' completed.

2018-11-15 10:10:56 - [TEST_STEP][PASSED] - Statement - If (java.lang.System.getProperties().containsKey("updateRally")): Invoke 'com.kms.katalon.core.annotation.AfterTestCase' method: 'TmsTestListner.afterTestCase(...)' completed.]]></system-out>
         <system-err><![CDATA[]]></system-err>
      </testcase>
      <testcase name="Test Cases/Railroad/F5525 - Edit Zone functionalities/QA-US88423-Edit Zone/US38376- Edit Selected Zone/TC64396 - Successfully Edit a Zone" classname="Test Cases/Railroad/F5525 - Edit Zone functionalities/QA-US88423-Edit Zone/US38376- Edit Selected Zone/TC64396 - Successfully Edit a Zone" status="PASSED">
         <system-out><![CDATA[2018-11-15 10:10:56 - [TEST_CASE][PASSED] - Test Cases/Railroad/F5525 - Edit Zone functionalities/QA-US88423-Edit Zone/US38376- Edit Selected Zone/TC64396 - Successfully Edit a Zone: Test Cases/Railroad/F5525 - Edit Zone functionalities/QA-US88423-Edit Zone/US38376- Edit Selected Zone/TC64396 - Successfully Edit a Zone

2018-11-15 10:10:56 - [TEST_STEP][PASSED] - Start listener action : beforeTestCaseExecute: Navigate to 'http://localhost:8080/home' successfully

2018-11-15 10:10:56 - [TEST_STEP][PASSED] - Statement - If (isTestSuitEnable == true): Navigate to 'http://localhost:8080/home' successfully

2018-11-15 10:10:56 - [TEST_STEP][PASSED] - navigateToUrl: Navigate to 'http://localhost:8080/home' successfully

2018-11-15 10:10:57 - [MESSAGE][PASSED] - Navigate to 'http://localhost:8080/home' successfully

2018-11-15 10:10:57 - [TEST_STEP][PASSED] - Statement - util = new com.ge.tms.util.CommonUtilities(): Send request successfully

2018-11-15 10:10:57 - [MESSAGE][PASSED] - Send request successfully

2018-11-15 10:10:57 - [MESSAGE][PASSED] - Send request successfully

2018-11-15 10:10:57 - [MESSAGE][PASSED] - Send request successfully

2018-11-15 10:10:57 - [MESSAGE][PASSED] - Send request successfully

2018-11-15 10:10:57 - [TEST_STEP][PASSED] - Statement - actions = new com.ge.tms.commonactions.RailroadActions(): Send request successfully

2018-11-15 10:10:57 - [MESSAGE][PASSED] - Send request successfully

2018-11-15 10:10:57 - [MESSAGE][PASSED] - Send request successfully

2018-11-15 10:10:57 - [MESSAGE][PASSED] - Send request successfully

2018-11-15 10:10:57 - [MESSAGE][PASSED] - Send request successfully

2018-11-15 10:10:57 - [TEST_STEP][PASSED] - com.ge.tms.commonactions.CommonClickEvents.clickOnRailroadSetup: com.ge.tms.commonactions.CommonClickEvents.clickOnRailroadSetup is PASSED

2018-11-15 10:10:57 - [MESSAGE][PASSED] - Execute JavaScript 'document.querySelector('px-app-nav').shadowRoot.querySelector('#items > px-app-nav-group:nth-child(13) > px-app-nav-subitem:nth-child(1)').click()' successfully

2018-11-15 10:10:59 - [MESSAGE][PASSED] - Delayed 2 second(s)

2018-11-15 10:10:59 - [MESSAGE][PASSED] - com.ge.tms.commonactions.CommonClickEvents.clickOnRailroadSetup is PASSED

2018-11-15 10:10:59 - [TEST_STEP][PASSED] - com.ge.tms.commonactions.RailroadActions.clickOnSelectRailroadDropdown: com.ge.tms.commonactions.RailroadActions.clickOnSelectRailroadDropdown is PASSED

2018-11-15 10:10:59 - [MESSAGE][PASSED] - Send request successfully

2018-11-15 10:10:59 - [MESSAGE][PASSED] - Send request successfully

2018-11-15 10:10:59 - [MESSAGE][PASSED] - Send request successfully

2018-11-15 10:10:59 - [MESSAGE][PASSED] - Send request successfully

2018-11-15 10:10:59 - [MESSAGE][PASSED] - Execute JavaScript 'document.querySelector('#railroads-select-dropdown').shadowRoot.querySelector('#trigger').click()' successfully

2018-11-15 10:11:02 - [MESSAGE][PASSED] - Delayed 3 second(s)

2018-11-15 10:11:02 - [MESSAGE][PASSED] - com.ge.tms.commonactions.RailroadActions.clickOnSelectRailroadDropdown is PASSED

2018-11-15 10:11:02 - [TEST_STEP][PASSED] - com.ge.tms.commonactions.RailroadActions.selectRandomRailRoad: com.ge.tms.commonactions.RailroadActions.selectRandomRailRoad is PASSED

2018-11-15 10:11:02 - [MESSAGE][PASSED] - Send request successfully

2018-11-15 10:11:02 - [MESSAGE][PASSED] - Send request successfully

2018-11-15 10:11:02 - [MESSAGE][PASSED] - Send request successfully

2018-11-15 10:11:02 - [MESSAGE][PASSED] - Send request successfully

2018-11-15 10:11:02 - [MESSAGE][PASSED] - Execute JavaScript 'let railRoadList=[]; document.querySelector('#railroads-select-dropdown').shadowRoot.querySelector('#content').shadowRoot.querySelectorAll('#selector > div.dropdown-option').forEach(node => { railRoadList.push(node.getAttribute('title')) }); return railRoadList' successfully

2018-11-15 10:11:02 - [MESSAGE][PASSED] - Execute JavaScript 'return document.querySelector('#railroads-select-dropdown').shadowRoot.querySelector('#content').shadowRoot.querySelector('#selector > div:nth-child(1) span').innerHTML' successfully

2018-11-15 10:11:02 - [MESSAGE][PASSED] - Execute JavaScript 'return document.querySelector('#railroads-select-dropdown').shadowRoot.querySelector('#content').shadowRoot.querySelector('#selector > div:nth-child(1) span').click()' successfully

2018-11-15 10:11:02 - [MESSAGE][PASSED] - com.ge.tms.commonactions.RailroadActions.selectRandomRailRoad is PASSED

2018-11-15 10:11:02 - [TEST_STEP][PASSED] - delay: Delayed 2 second(s)

2018-11-15 10:11:04 - [MESSAGE][PASSED] - Delayed 2 second(s)

2018-11-15 10:11:04 - [TEST_STEP][PASSED] - Statement - setStationId = <not implemented yet for class: org.codehaus.groovy.ast.expr.EmptyExpression>: null

2018-11-15 10:11:04 - [TEST_STEP][PASSED] - Statement - actions.addStationMandatotyFields(setStationId): Delayed 3 second(s)

2018-11-15 10:11:05 - [MESSAGE][PASSED] - Object: 'Object Repository/F11822-Configure and Manage Stations/Add_New_Station_Button' is clicked on

2018-11-15 10:11:05 - [MESSAGE][PASSED] - Text 'CBUNAX0' is set on object 'Object Repository/F11822-Configure and Manage Stations/station_id'

2018-11-15 10:11:05 - [MESSAGE][PASSED] - Text 'PMPTDAF' is set on object 'Object Repository/F11822-Configure and Manage Stations/station_name'

2018-11-15 10:11:05 - [MESSAGE][PASSED] - Execute JavaScript 'document.querySelector('#splc').shadowRoot.querySelector('#trigger').shadowRoot.querySelector('#trigger').click()' successfully

2018-11-15 10:11:05 - [MESSAGE][PASSED] - Execute JavaScript 'return document.querySelector('#splc').shadowRoot.querySelector('px-overlay-content > #content').shadowRoot.querySelectorAll('#dropdown > div > #selector > div').length' successfully

2018-11-15 10:11:05 - [MESSAGE][PASSED] - Execute JavaScript 'document.querySelector('#splc').shadowRoot.querySelector('px-overlay-content > #content').shadowRoot.querySelector('#dropdown > div > #selector > div:nth-child(1)').click()' successfully

2018-11-15 10:11:05 - [MESSAGE][PASSED] - Execute JavaScript 'return document.querySelector('#fsac').shadowRoot.querySelector('px-overlay-content > #content').shadowRoot.querySelectorAll('#dropdown > div > #selector > div').length' successfully

2018-11-15 10:11:05 - [MESSAGE][PASSED] - Execute JavaScript 'document.querySelector('#fsac').shadowRoot.querySelector('px-overlay-content > #content').shadowRoot.querySelector('#dropdown > div > #selector > div:nth-child(1)').click()' successfully

2018-11-15 10:11:05 - [MESSAGE][PASSED] - Execute JavaScript 'return document.querySelector('#station-timezone-qualifier').shadowRoot.querySelector('px-overlay-content > #content').shadowRoot.querySelectorAll('#dropdown > div > #selector > div').length' successfully

2018-11-15 10:11:05 - [MESSAGE][PASSED] - Execute JavaScript 'document.querySelector('#station-timezone-qualifier').shadowRoot.querySelector('px-overlay-content > #content').shadowRoot.querySelector('#dropdown > div > #selector > div:nth-child(7)').click()' successfully

2018-11-15 10:11:05 - [MESSAGE][PASSED] - Execute JavaScript 'return document.querySelector('#country').shadowRoot.querySelector('px-overlay-content > #content').shadowRoot.querySelectorAll('#dropdown > div > #selector > div').length' successfully

2018-11-15 10:11:05 - [MESSAGE][PASSED] - Execute JavaScript 'document.querySelector('#country').shadowRoot.querySelector('px-overlay-content > #content').shadowRoot.querySelector('#dropdown > div > #selector > div:nth-child(1)').click()' successfully

2018-11-15 10:11:05 - [MESSAGE][PASSED] - Execute JavaScript 'return document.querySelector('#state').shadowRoot.querySelector('px-overlay-content > #content').shadowRoot.querySelectorAll('#dropdown > div > #selector > div').length' successfully

2018-11-15 10:11:05 - [MESSAGE][PASSED] - Execute JavaScript 'document.querySelector('#state').shadowRoot.querySelector('px-overlay-content > #content').shadowRoot.querySelector('#dropdown > div > #selector > div:nth-child(28)').click()' successfully

2018-11-15 10:11:05 - [MESSAGE][PASSED] - Object: 'Object Repository/F11822-Configure and Manage Stations/station_save_button' is clicked on

2018-11-15 10:11:08 - [MESSAGE][PASSED] - Delayed 3 second(s)

2018-11-15 10:11:08 - [TEST_STEP][PASSED] - delay: Delayed 2 second(s)

2018-11-15 10:11:10 - [MESSAGE][PASSED] - Delayed 2 second(s)

2018-11-15 10:11:10 - [TEST_STEP][PASSED] - Statement - setZoneId = <not implemented yet for class: org.codehaus.groovy.ast.expr.EmptyExpression>: null

2018-11-15 10:11:10 - [TEST_STEP][PASSED] - Statement - actions.addZone(setZoneId): Execute JavaScript 'document.querySelector('#zone-type').shadowRoot.querySelector('#content').shadowRoot.querySelector('#selector > div:nth-child(3)').click()' successfully

2018-11-15 10:11:11 - [MESSAGE][PASSED] - Object: 'Object Repository/F5140-Add Zone Functionalities/QA-US88570-Add Zone/US38196-Save a New Zone/Add Edit Zone/addNewZoneButton' is clicked on

2018-11-15 10:11:14 - [MESSAGE][PASSED] - Delayed 3 second(s)

2018-11-15 10:11:14 - [MESSAGE][PASSED] - Text '8POPX' is set on object 'Object Repository/F5140-Add Zone Functionalities/QA-US88570-Add Zone/US38196-Save a New Zone/Add Edit Zone/zoneID'

2018-11-15 10:11:14 - [MESSAGE][PASSED] - Text 'OZKOJCV' is set on object 'Object Repository/F5140-Add Zone Functionalities/QA-US88570-Add Zone/US38196-Save a New Zone/Add Edit Zone/zoneName'

2018-11-15 10:11:14 - [MESSAGE][PASSED] - Execute JavaScript 'document.querySelector('#zone-type').shadowRoot.querySelector('#trigger').click()' successfully

2018-11-15 10:11:14 - [MESSAGE][PASSED] - Execute JavaScript 'return document.querySelector('#zone-type').shadowRoot.querySelector('#content').shadowRoot.querySelectorAll('#selector > div').length' successfully

2018-11-15 10:11:14 - [MESSAGE][PASSED] - Execute JavaScript 'document.querySelector('#zone-type').shadowRoot.querySelector('#content').shadowRoot.querySelector('#selector > div:nth-child(3)').click()' successfully

2018-11-15 10:11:14 - [TEST_STEP][PASSED] - com.ge.tms.commonactions.RailroadActions.clickOnZoneSaveButton: com.ge.tms.commonactions.RailroadActions.clickOnZoneSaveButton is PASSED

2018-11-15 10:11:14 - [MESSAGE][PASSED] - Send request successfully

2018-11-15 10:11:14 - [MESSAGE][PASSED] - Send request successfully

2018-11-15 10:11:14 - [MESSAGE][PASSED] - Send request successfully

2018-11-15 10:11:14 - [MESSAGE][PASSED] - Send request successfully

2018-11-15 10:11:14 - [MESSAGE][PASSED] - Object: 'Object Repository/F5140-Add Zone Functionalities/QA-US88570-Add Zone/US38196-Save a New Zone/Add Edit Zone/zoneSaveButton' is clicked on

2018-11-15 10:11:17 - [MESSAGE][PASSED] - Delayed 3 second(s)

2018-11-15 10:11:17 - [MESSAGE][PASSED] - com.ge.tms.commonactions.RailroadActions.clickOnZoneSaveButton is PASSED

2018-11-15 10:11:17 - [TEST_STEP][PASSED] - com.ge.tms.railroad.RailroadVerification.verifyNewZoneCreatedSuccessfully: com.ge.tms.railroad.RailroadVerification.verifyNewZoneCreatedSuccessfully is PASSED

2018-11-15 10:11:17 - [MESSAGE][PASSED] - Send request successfully

2018-11-15 10:11:17 - [MESSAGE][PASSED] - Send request successfully

2018-11-15 10:11:17 - [MESSAGE][PASSED] - Send request successfully

2018-11-15 10:11:17 - [MESSAGE][PASSED] - Send request successfully

2018-11-15 10:11:17 - [MESSAGE][PASSED] - Send request successfully

2018-11-15 10:11:17 - [MESSAGE][PASSED] - Send request successfully

2018-11-15 10:11:17 - [MESSAGE][PASSED] - Send request successfully

2018-11-15 10:11:17 - [MESSAGE][PASSED] - Send request successfully

2018-11-15 10:11:17 - [MESSAGE][PASSED] - Text of object 'Object Repository/F5140-Add Zone Functionalities/QA-US88570-Add Zone/US38196-Save a New Zone/Add Edit Zone/viewZoneId' is: '8POPX'

2018-11-15 10:11:17 - [MESSAGE][PASSED] - Actual object '8POPX' and expected object '8POPX' are equal

2018-11-15 10:11:17 - [MESSAGE][PASSED] - Text of object 'Object Repository/F5140-Add Zone Functionalities/QA-US88570-Add Zone/US38196-Save a New Zone/Add Edit Zone/ViewZoneName' is: 'OZKOJCV'

2018-11-15 10:11:17 - [MESSAGE][PASSED] - Actual object 'OZKOJCV' and expected object 'OZKOJCV' are equal

2018-11-15 10:11:17 - [MESSAGE][PASSED] - com.ge.tms.railroad.RailroadVerification.verifyNewZoneCreatedSuccessfully is PASSED

2018-11-15 10:11:17 - [TEST_STEP][PASSED] - com.ge.tms.commonactions.RailroadActions.clickOnZoneActionMenu: com.ge.tms.commonactions.RailroadActions.clickOnZoneActionMenu is PASSED

2018-11-15 10:11:17 - [MESSAGE][PASSED] - Send request successfully

2018-11-15 10:11:17 - [MESSAGE][PASSED] - Send request successfully

2018-11-15 10:11:17 - [MESSAGE][PASSED] - Send request successfully

2018-11-15 10:11:17 - [MESSAGE][PASSED] - Send request successfully

2018-11-15 10:11:17 - [MESSAGE][PASSED] - Execute JavaScript 'document.querySelector('#zone-actions-dropdown').shadowRoot.querySelector('#trigger').click()' successfully

2018-11-15 10:11:18 - [MESSAGE][PASSED] - Delayed 1 second(s)

2018-11-15 10:11:18 - [MESSAGE][PASSED] - com.ge.tms.commonactions.RailroadActions.clickOnZoneActionMenu is PASSED

2018-11-15 10:11:18 - [TEST_STEP][PASSED] - com.ge.tms.commonactions.RailroadActions.clickOnEditZoneButton: com.ge.tms.commonactions.RailroadActions.clickOnEditZoneButton is PASSED

2018-11-15 10:11:18 - [MESSAGE][PASSED] - Send request successfully

2018-11-15 10:11:18 - [MESSAGE][PASSED] - Send request successfully

2018-11-15 10:11:18 - [MESSAGE][PASSED] - Send request successfully

2018-11-15 10:11:18 - [MESSAGE][PASSED] - Send request successfully

2018-11-15 10:11:18 - [MESSAGE][PASSED] - Execute JavaScript 'document.querySelector('#zone-actions-dropdown').shadowRoot.querySelector('#content').shadowRoot.querySelector('#selector > div:nth-child(1)').click()' successfully

2018-11-15 10:11:19 - [MESSAGE][PASSED] - Delayed 1 second(s)

2018-11-15 10:11:19 - [MESSAGE][PASSED] - com.ge.tms.commonactions.RailroadActions.clickOnEditZoneButton is PASSED

2018-11-15 10:11:19 - [TEST_STEP][PASSED] - Statement - actions.editZone(): Delayed 3 second(s)

2018-11-15 10:11:19 - [MESSAGE][PASSED] - Object: 'Object Repository/F5140-Add Zone Functionalities/QA-US88570-Add Zone/US38196-Save a New Zone/Add Edit Zone/zoneName' is clicked on

2018-11-15 10:11:19 - [MESSAGE][PASSED] - Text of object 'Object Repository/F5140-Add Zone Functionalities/QA-US88570-Add Zone/US38196-Save a New Zone/Add Edit Zone/zoneName' is cleared

2018-11-15 10:11:20 - [MESSAGE][PASSED] - Delayed 1 second(s)

2018-11-15 10:11:20 - [MESSAGE][PASSED] - Text '9LUUT' is set on object 'Object Repository/F5140-Add Zone Functionalities/QA-US88570-Add Zone/US38196-Save a New Zone/Add Edit Zone/zoneName'

2018-11-15 10:11:20 - [MESSAGE][PASSED] - Execute JavaScript 'return document.querySelector('#zone-type').shadowRoot.querySelector('#content').shadowRoot.querySelectorAll('#selector > div').length' successfully

2018-11-15 10:11:20 - [MESSAGE][PASSED] - Execute JavaScript 'document.querySelector('#zone-type').shadowRoot.querySelector('#content').shadowRoot.querySelector('#selector > div:nth-child(4)').click()' successfully

2018-11-15 10:11:20 - [MESSAGE][PASSED] - Execute JavaScript 'return document.querySelector('#zone-type').shadowRoot.querySelector('#trigger').shadowRoot.querySelector('#label').innerHTML' successfully

2018-11-15 10:11:20 - [MESSAGE][PASSED] - Object: 'Object Repository/F5140-Add Zone Functionalities/QA-US88570-Add Zone/US38196-Save a New Zone/Add Edit Zone/zoneSaveButton' is clicked on

2018-11-15 10:11:23 - [MESSAGE][PASSED] - Delayed 3 second(s)

2018-11-15 10:11:23 - [TEST_STEP][PASSED] - com.ge.tms.railroad.RailroadVerification.verifyEditedZone: com.ge.tms.railroad.RailroadVerification.verifyEditedZone is PASSED

2018-11-15 10:11:23 - [MESSAGE][PASSED] - Send request successfully

2018-11-15 10:11:23 - [MESSAGE][PASSED] - Send request successfully

2018-11-15 10:11:23 - [MESSAGE][PASSED] - Send request successfully

2018-11-15 10:11:24 - [MESSAGE][PASSED] - Send request successfully

2018-11-15 10:11:24 - [MESSAGE][PASSED] - Send request successfully

2018-11-15 10:11:24 - [MESSAGE][PASSED] - Send request successfully

2018-11-15 10:11:24 - [MESSAGE][PASSED] - Send request successfully

2018-11-15 10:11:24 - [MESSAGE][PASSED] - Send request successfully

2018-11-15 10:11:24 - [MESSAGE][PASSED] - Text of object 'Object Repository/F5140-Add Zone Functionalities/QA-US88570-Add Zone/US38196-Save a New Zone/Add Edit Zone/ViewZoneName' is: '9LUUT'

2018-11-15 10:11:24 - [MESSAGE][PASSED] - Actual object '9LUUT' and expected object '9LUUT' are equal

2018-11-15 10:11:24 - [MESSAGE][PASSED] - Text of object 'Object Repository/F5140-Add Zone Functionalities/QA-US88570-Add Zone/US38196-Save a New Zone/Add Edit Zone/ViewZoneTypeLabel' is: 'Y'

2018-11-15 10:11:24 - [MESSAGE][PASSED] - Actual object 'Y' and expected object 'Y' are equal

2018-11-15 10:11:24 - [MESSAGE][PASSED] - com.ge.tms.railroad.RailroadVerification.verifyEditedZone is PASSED

2018-11-15 10:11:24 - [TEST_STEP][PASSED] - com.ge.tms.commonactions.RailroadActions.clickOnZoneActionMenu: com.ge.tms.commonactions.RailroadActions.clickOnZoneActionMenu is PASSED

2018-11-15 10:11:24 - [MESSAGE][PASSED] - Send request successfully

2018-11-15 10:11:24 - [MESSAGE][PASSED] - Send request successfully

2018-11-15 10:11:24 - [MESSAGE][PASSED] - Send request successfully

2018-11-15 10:11:24 - [MESSAGE][PASSED] - Send request successfully

2018-11-15 10:11:24 - [MESSAGE][PASSED] - Execute JavaScript 'document.querySelector('#zone-actions-dropdown').shadowRoot.querySelector('#trigger').click()' successfully

2018-11-15 10:11:25 - [MESSAGE][PASSED] - Delayed 1 second(s)

2018-11-15 10:11:25 - [MESSAGE][PASSED] - com.ge.tms.commonactions.RailroadActions.clickOnZoneActionMenu is PASSED

2018-11-15 10:11:25 - [TEST_STEP][PASSED] - com.ge.tms.commonactions.RailroadActions.clickOnDeleteAction: com.ge.tms.commonactions.RailroadActions.clickOnDeleteAction is PASSED

2018-11-15 10:11:25 - [MESSAGE][PASSED] - Send request successfully

2018-11-15 10:11:25 - [MESSAGE][PASSED] - Send request successfully

2018-11-15 10:11:25 - [MESSAGE][PASSED] - Send request successfully

2018-11-15 10:11:25 - [MESSAGE][PASSED] - Send request successfully

2018-11-15 10:11:25 - [MESSAGE][PASSED] - Execute JavaScript 'document.querySelector('#zone-actions-dropdown').shadowRoot.querySelector('#content').shadowRoot.querySelector('#selector > div:nth-child(2)').click()' successfully

2018-11-15 10:11:25 - [MESSAGE][PASSED] - com.ge.tms.commonactions.RailroadActions.clickOnDeleteAction is PASSED

2018-11-15 10:11:25 - [TEST_STEP][PASSED] - delay: Delayed 1 second(s)

2018-11-15 10:11:26 - [MESSAGE][PASSED] - Delayed 1 second(s)

2018-11-15 10:11:26 - [TEST_STEP][PASSED] - Statement - deleteYesButtonObj = com.kms.katalon.core.testobject.ObjectRepository.findTestObject(Object Repository/F5140-Add Zone Functionalities/QA-US88570-Add Zone/US38196-Save a New Zone/Delete Zone/deleteYesButton): Finding Test Object with id 'Object Repository/F5140-Add Zone Functionalities/QA-US88570-Add Zone/US38196-Save a New Zone/Delete Zone/deleteYesButton'

2018-11-15 10:11:26 - [TEST_STEP][PASSED] - com.ge.tms.commonactions.RailroadActions.clickOnTestObject: com.ge.tms.commonactions.RailroadActions.clickOnTestObject is PASSED

2018-11-15 10:11:26 - [MESSAGE][PASSED] - Send request successfully

2018-11-15 10:11:26 - [MESSAGE][PASSED] - Send request successfully

2018-11-15 10:11:26 - [MESSAGE][PASSED] - Send request successfully

2018-11-15 10:11:26 - [MESSAGE][PASSED] - Send request successfully

2018-11-15 10:11:26 - [MESSAGE][PASSED] - Object: 'Object Repository/F5140-Add Zone Functionalities/QA-US88570-Add Zone/US38196-Save a New Zone/Delete Zone/deleteYesButton' is clicked on

2018-11-15 10:11:26 - [MESSAGE][PASSED] - com.ge.tms.commonactions.RailroadActions.clickOnTestObject is PASSED

2018-11-15 10:11:26 - [TEST_STEP][PASSED] - delay: Delayed 1 second(s)

2018-11-15 10:11:27 - [MESSAGE][PASSED] - Delayed 1 second(s)

2018-11-15 10:11:27 - [TEST_STEP][PASSED] - com.ge.tms.commonactions.RailroadActions.clickOnStationActionMenu: com.ge.tms.commonactions.RailroadActions.clickOnStationActionMenu is PASSED

2018-11-15 10:11:27 - [MESSAGE][PASSED] - Send request successfully

2018-11-15 10:11:27 - [MESSAGE][PASSED] - Send request successfully

2018-11-15 10:11:27 - [MESSAGE][PASSED] - Send request successfully

2018-11-15 10:11:27 - [MESSAGE][PASSED] - Send request successfully

2018-11-15 10:11:27 - [MESSAGE][PASSED] - Execute JavaScript 'document.querySelector('#station-actions-dropdown').shadowRoot.querySelector('#trigger').click()' successfully

2018-11-15 10:11:28 - [MESSAGE][PASSED] - Delayed 1 second(s)

2018-11-15 10:11:28 - [MESSAGE][PASSED] - com.ge.tms.commonactions.RailroadActions.clickOnStationActionMenu is PASSED

2018-11-15 10:11:28 - [TEST_STEP][PASSED] - com.ge.tms.commonactions.RailroadActions.clickOnDeleteStationButton: com.ge.tms.commonactions.RailroadActions.clickOnDeleteStationButton is PASSED

2018-11-15 10:11:28 - [MESSAGE][PASSED] - Send request successfully

2018-11-15 10:11:28 - [MESSAGE][PASSED] - Send request successfully

2018-11-15 10:11:28 - [MESSAGE][PASSED] - Send request successfully

2018-11-15 10:11:28 - [MESSAGE][PASSED] - Send request successfully

2018-11-15 10:11:28 - [MESSAGE][PASSED] - Execute JavaScript 'document.querySelector('#station-actions-dropdown').shadowRoot.querySelector('#content').shadowRoot.querySelector('#selector > div:nth-child(2)').click()' successfully

2018-11-15 10:11:28 - [MESSAGE][PASSED] - com.ge.tms.commonactions.RailroadActions.clickOnDeleteStationButton is PASSED

2018-11-15 10:11:28 - [TEST_STEP][PASSED] - Statement - deleteYesButtonObj = com.kms.katalon.core.testobject.ObjectRepository.findTestObject(Object Repository/F11822-Configure and Manage Stations/deleteConfirmationYesButton): Finding Test Object with id 'Object Repository/F11822-Configure and Manage Stations/deleteConfirmationYesButton'

2018-11-15 10:11:28 - [TEST_STEP][PASSED] - com.ge.tms.commonactions.RailroadActions.clickOnTestObject: com.ge.tms.commonactions.RailroadActions.clickOnTestObject is PASSED

2018-11-15 10:11:28 - [MESSAGE][PASSED] - Send request successfully

2018-11-15 10:11:28 - [MESSAGE][PASSED] - Send request successfully

2018-11-15 10:11:28 - [MESSAGE][PASSED] - Send request successfully

2018-11-15 10:11:28 - [MESSAGE][PASSED] - Send request successfully

2018-11-15 10:11:28 - [MESSAGE][PASSED] - Object: 'Object Repository/F11822-Configure and Manage Stations/deleteConfirmationYesButton' is clicked on

2018-11-15 10:11:28 - [MESSAGE][PASSED] - com.ge.tms.commonactions.RailroadActions.clickOnTestObject is PASSED

2018-11-15 10:11:28 - [TEST_STEP][PASSED] - delay: Delayed 1 second(s)

2018-11-15 10:11:29 - [MESSAGE][PASSED] - Delayed 1 second(s)

2018-11-15 10:11:29 - [TEST_STEP][PASSED] - com.ge.tms.railroad.RailroadVerification.verifyDeletedItemNotPresentInSearchView: com.ge.tms.railroad.RailroadVerification.verifyDeletedItemNotPresentInSearchView is PASSED

2018-11-15 10:11:29 - [MESSAGE][PASSED] - Send request successfully

2018-11-15 10:11:29 - [MESSAGE][PASSED] - Send request successfully

2018-11-15 10:11:29 - [MESSAGE][PASSED] - Send request successfully

2018-11-15 10:11:29 - [MESSAGE][PASSED] - Send request successfully

2018-11-15 10:11:29 - [MESSAGE][PASSED] - Send request successfully

2018-11-15 10:11:29 - [MESSAGE][PASSED] - Send request successfully

2018-11-15 10:11:29 - [MESSAGE][PASSED] - Send request successfully

2018-11-15 10:11:29 - [MESSAGE][PASSED] - Send request successfully

2018-11-15 10:11:29 - [MESSAGE][PASSED] - Text 'CBUNAX0' is set on object 'Object Repository/CommonObjects/searchTextBoxLeftNav'

2018-11-15 10:11:31 - [MESSAGE][PASSED] - Delayed 2 second(s)

2018-11-15 10:11:31 - [MESSAGE][PASSED] - Text of object 'Object Repository/CommonObjects/noSearchResultMessageLeftNav' is: 'No stations or zones found.'

2018-11-15 10:11:31 - [MESSAGE][PASSED] - Actual object 'No stations or zones found.' and expected object 'No stations or zones found.' are equal

2018-11-15 10:11:31 - [MESSAGE][PASSED] - com.ge.tms.railroad.RailroadVerification.verifyDeletedItemNotPresentInSearchView is PASSED

2018-11-15 10:11:31 - [TEST_STEP][PASSED] - Start listener action : closeBrowserForTestCasse: Navigate to 'http://localhost:8080/home' successfully

2018-11-15 10:11:31 - [TEST_STEP][PASSED] - Statement - If (isTestSuitEnable == true): null

2018-11-15 10:11:31 - [TEST_STEP][PASSED] - Statement - beforeTestCaseExecute(): null

2018-11-15 10:11:31 - [TEST_STEP][PASSED] - Statement - If (isTestSuitEnable == true): Navigate to 'http://localhost:8080/home' successfully

2018-11-15 10:11:31 - [TEST_STEP][PASSED] - navigateToUrl: Navigate to 'http://localhost:8080/home' successfully

2018-11-15 10:11:33 - [MESSAGE][PASSED] - Navigate to 'http://localhost:8080/home' successfully

2018-11-15 10:11:33 - [TEST_STEP][PASSED] - Start listener action : afterTestCase: Invoke 'com.kms.katalon.core.annotation.AfterTestCase' method: 'TmsTestListner.afterTestCase(...)' completed.

2018-11-15 10:11:33 - [TEST_STEP][PASSED] - Statement - If (java.lang.System.getProperties().containsKey("updateRally")): Invoke 'com.kms.katalon.core.annotation.AfterTestCase' method: 'TmsTestListner.afterTestCase(...)' completed.]]></system-out>
         <system-err><![CDATA[]]></system-err>
      </testcase>
      <testcase name="Test Cases/Railroad/F5140-Add Zone Functionalities/QA-US92242-Search Station and Zone/TC66150-Search Station And Zone" classname="Test Cases/Railroad/F5140-Add Zone Functionalities/QA-US92242-Search Station and Zone/TC66150-Search Station And Zone" status="PASSED">
         <system-out><![CDATA[2018-11-15 10:11:33 - [TEST_CASE][PASSED] - Test Cases/Railroad/F5140-Add Zone Functionalities/QA-US92242-Search Station and Zone/TC66150-Search Station And Zone: Test Cases/Railroad/F5140-Add Zone Functionalities/QA-US92242-Search Station and Zone/TC66150-Search Station And Zone

2018-11-15 10:11:33 - [TEST_STEP][PASSED] - Start listener action : beforeTestCaseExecute: Navigate to 'http://localhost:8080/home' successfully

2018-11-15 10:11:33 - [TEST_STEP][PASSED] - Statement - If (isTestSuitEnable == true): Navigate to 'http://localhost:8080/home' successfully

2018-11-15 10:11:33 - [TEST_STEP][PASSED] - navigateToUrl: Navigate to 'http://localhost:8080/home' successfully

2018-11-15 10:11:33 - [MESSAGE][PASSED] - Navigate to 'http://localhost:8080/home' successfully

2018-11-15 10:11:34 - [TEST_STEP][PASSED] - Statement - util = new com.ge.tms.util.CommonUtilities(): Send request successfully

2018-11-15 10:11:34 - [MESSAGE][PASSED] - Send request successfully

2018-11-15 10:11:34 - [MESSAGE][PASSED] - Send request successfully

2018-11-15 10:11:34 - [MESSAGE][PASSED] - Send request successfully

2018-11-15 10:11:34 - [MESSAGE][PASSED] - Send request successfully

2018-11-15 10:11:34 - [TEST_STEP][PASSED] - Statement - actions = new com.ge.tms.commonactions.RailroadActions(): Send request successfully

2018-11-15 10:11:34 - [MESSAGE][PASSED] - Send request successfully

2018-11-15 10:11:34 - [MESSAGE][PASSED] - Send request successfully

2018-11-15 10:11:34 - [MESSAGE][PASSED] - Send request successfully

2018-11-15 10:11:34 - [MESSAGE][PASSED] - Send request successfully

2018-11-15 10:11:34 - [TEST_STEP][PASSED] - com.ge.tms.commonactions.CommonClickEvents.clickOnRailroadSetup: com.ge.tms.commonactions.CommonClickEvents.clickOnRailroadSetup is PASSED

2018-11-15 10:11:34 - [MESSAGE][PASSED] - Execute JavaScript 'document.querySelector('px-app-nav').shadowRoot.querySelector('#items > px-app-nav-group:nth-child(13) > px-app-nav-subitem:nth-child(1)').click()' successfully

2018-11-15 10:11:36 - [MESSAGE][PASSED] - Delayed 2 second(s)

2018-11-15 10:11:36 - [MESSAGE][PASSED] - com.ge.tms.commonactions.CommonClickEvents.clickOnRailroadSetup is PASSED

2018-11-15 10:11:36 - [TEST_STEP][PASSED] - com.ge.tms.commonactions.RailroadActions.clickOnSelectRailroadDropdown: com.ge.tms.commonactions.RailroadActions.clickOnSelectRailroadDropdown is PASSED

2018-11-15 10:11:36 - [MESSAGE][PASSED] - Send request successfully

2018-11-15 10:11:36 - [MESSAGE][PASSED] - Send request successfully

2018-11-15 10:11:36 - [MESSAGE][PASSED] - Send request successfully

2018-11-15 10:11:36 - [MESSAGE][PASSED] - Send request successfully

2018-11-15 10:11:36 - [MESSAGE][PASSED] - Execute JavaScript 'document.querySelector('#railroads-select-dropdown').shadowRoot.querySelector('#trigger').click()' successfully

2018-11-15 10:11:39 - [MESSAGE][PASSED] - Delayed 3 second(s)

2018-11-15 10:11:39 - [MESSAGE][PASSED] - com.ge.tms.commonactions.RailroadActions.clickOnSelectRailroadDropdown is PASSED

2018-11-15 10:11:39 - [TEST_STEP][PASSED] - com.ge.tms.commonactions.RailroadActions.selectRandomRailRoad: com.ge.tms.commonactions.RailroadActions.selectRandomRailRoad is PASSED

2018-11-15 10:11:39 - [MESSAGE][PASSED] - Send request successfully

2018-11-15 10:11:39 - [MESSAGE][PASSED] - Send request successfully

2018-11-15 10:11:39 - [MESSAGE][PASSED] - Send request successfully

2018-11-15 10:11:39 - [MESSAGE][PASSED] - Send request successfully

2018-11-15 10:11:39 - [MESSAGE][PASSED] - Execute JavaScript 'let railRoadList=[]; document.querySelector('#railroads-select-dropdown').shadowRoot.querySelector('#content').shadowRoot.querySelectorAll('#selector > div.dropdown-option').forEach(node => { railRoadList.push(node.getAttribute('title')) }); return railRoadList' successfully

2018-11-15 10:11:39 - [MESSAGE][PASSED] - Execute JavaScript 'return document.querySelector('#railroads-select-dropdown').shadowRoot.querySelector('#content').shadowRoot.querySelector('#selector > div:nth-child(1) span').innerHTML' successfully

2018-11-15 10:11:39 - [MESSAGE][PASSED] - Execute JavaScript 'return document.querySelector('#railroads-select-dropdown').shadowRoot.querySelector('#content').shadowRoot.querySelector('#selector > div:nth-child(1) span').click()' successfully

2018-11-15 10:11:39 - [MESSAGE][PASSED] - com.ge.tms.commonactions.RailroadActions.selectRandomRailRoad is PASSED

2018-11-15 10:11:39 - [TEST_STEP][PASSED] - delay: Delayed 4 second(s)

2018-11-15 10:11:43 - [MESSAGE][PASSED] - Delayed 4 second(s)

2018-11-15 10:11:43 - [TEST_STEP][PASSED] - Statement - setStationId = <not implemented yet for class: org.codehaus.groovy.ast.expr.EmptyExpression>: null

2018-11-15 10:11:43 - [TEST_STEP][PASSED] - Statement - actions.addStationMandatotyFields(setStationId): Delayed 3 second(s)

2018-11-15 10:11:43 - [MESSAGE][PASSED] - Object: 'Object Repository/F11822-Configure and Manage Stations/Add_New_Station_Button' is clicked on

2018-11-15 10:11:43 - [MESSAGE][PASSED] - Text 'A3KUKEG' is set on object 'Object Repository/F11822-Configure and Manage Stations/station_id'

2018-11-15 10:11:44 - [MESSAGE][PASSED] - Text 'SMAQW2W' is set on object 'Object Repository/F11822-Configure and Manage Stations/station_name'

2018-11-15 10:11:44 - [MESSAGE][PASSED] - Execute JavaScript 'document.querySelector('#splc').shadowRoot.querySelector('#trigger').shadowRoot.querySelector('#trigger').click()' successfully

2018-11-15 10:11:44 - [MESSAGE][PASSED] - Execute JavaScript 'return document.querySelector('#splc').shadowRoot.querySelector('px-overlay-content > #content').shadowRoot.querySelectorAll('#dropdown > div > #selector > div').length' successfully

2018-11-15 10:11:44 - [MESSAGE][PASSED] - Execute JavaScript 'document.querySelector('#splc').shadowRoot.querySelector('px-overlay-content > #content').shadowRoot.querySelector('#dropdown > div > #selector > div:nth-child(1)').click()' successfully

2018-11-15 10:11:44 - [MESSAGE][PASSED] - Execute JavaScript 'return document.querySelector('#fsac').shadowRoot.querySelector('px-overlay-content > #content').shadowRoot.querySelectorAll('#dropdown > div > #selector > div').length' successfully

2018-11-15 10:11:44 - [MESSAGE][PASSED] - Execute JavaScript 'document.querySelector('#fsac').shadowRoot.querySelector('px-overlay-content > #content').shadowRoot.querySelector('#dropdown > div > #selector > div:nth-child(1)').click()' successfully

2018-11-15 10:11:44 - [MESSAGE][PASSED] - Execute JavaScript 'return document.querySelector('#station-timezone-qualifier').shadowRoot.querySelector('px-overlay-content > #content').shadowRoot.querySelectorAll('#dropdown > div > #selector > div').length' successfully

2018-11-15 10:11:44 - [MESSAGE][PASSED] - Execute JavaScript 'document.querySelector('#station-timezone-qualifier').shadowRoot.querySelector('px-overlay-content > #content').shadowRoot.querySelector('#dropdown > div > #selector > div:nth-child(5)').click()' successfully

2018-11-15 10:11:44 - [MESSAGE][PASSED] - Execute JavaScript 'return document.querySelector('#country').shadowRoot.querySelector('px-overlay-content > #content').shadowRoot.querySelectorAll('#dropdown > div > #selector > div').length' successfully

2018-11-15 10:11:44 - [MESSAGE][PASSED] - Execute JavaScript 'document.querySelector('#country').shadowRoot.querySelector('px-overlay-content > #content').shadowRoot.querySelector('#dropdown > div > #selector > div:nth-child(1)').click()' successfully

2018-11-15 10:11:44 - [MESSAGE][PASSED] - Execute JavaScript 'return document.querySelector('#state').shadowRoot.querySelector('px-overlay-content > #content').shadowRoot.querySelectorAll('#dropdown > div > #selector > div').length' successfully

2018-11-15 10:11:44 - [MESSAGE][PASSED] - Execute JavaScript 'document.querySelector('#state').shadowRoot.querySelector('px-overlay-content > #content').shadowRoot.querySelector('#dropdown > div > #selector > div:nth-child(1)').click()' successfully

2018-11-15 10:11:44 - [MESSAGE][PASSED] - Object: 'Object Repository/F11822-Configure and Manage Stations/station_save_button' is clicked on

2018-11-15 10:11:47 - [MESSAGE][PASSED] - Delayed 3 second(s)

2018-11-15 10:11:47 - [TEST_STEP][PASSED] - delay: Delayed 3 second(s)

2018-11-15 10:11:50 - [MESSAGE][PASSED] - Delayed 3 second(s)

2018-11-15 10:11:50 - [TEST_STEP][PASSED] - Statement - setZoneId = <not implemented yet for class: org.codehaus.groovy.ast.expr.EmptyExpression>: null

2018-11-15 10:11:50 - [TEST_STEP][PASSED] - Statement - actions.addZone(setZoneId): Execute JavaScript 'document.querySelector('#zone-type').shadowRoot.querySelector('#content').shadowRoot.querySelector('#selector > div:nth-child(4)').click()' successfully

2018-11-15 10:11:50 - [MESSAGE][PASSED] - Object: 'Object Repository/F5140-Add Zone Functionalities/QA-US88570-Add Zone/US38196-Save a New Zone/Add Edit Zone/addNewZoneButton' is clicked on

2018-11-15 10:11:53 - [MESSAGE][PASSED] - Delayed 3 second(s)

2018-11-15 10:11:53 - [MESSAGE][PASSED] - Text '5XIBW' is set on object 'Object Repository/F5140-Add Zone Functionalities/QA-US88570-Add Zone/US38196-Save a New Zone/Add Edit Zone/zoneID'

2018-11-15 10:11:53 - [MESSAGE][PASSED] - Text 'W6UYQLW' is set on object 'Object Repository/F5140-Add Zone Functionalities/QA-US88570-Add Zone/US38196-Save a New Zone/Add Edit Zone/zoneName'

2018-11-15 10:11:53 - [MESSAGE][PASSED] - Execute JavaScript 'document.querySelector('#zone-type').shadowRoot.querySelector('#trigger').click()' successfully

2018-11-15 10:11:53 - [MESSAGE][PASSED] - Execute JavaScript 'return document.querySelector('#zone-type').shadowRoot.querySelector('#content').shadowRoot.querySelectorAll('#selector > div').length' successfully

2018-11-15 10:11:53 - [MESSAGE][PASSED] - Execute JavaScript 'document.querySelector('#zone-type').shadowRoot.querySelector('#content').shadowRoot.querySelector('#selector > div:nth-child(4)').click()' successfully

2018-11-15 10:11:53 - [TEST_STEP][PASSED] - com.ge.tms.commonactions.RailroadActions.clickOnZoneSaveButton: com.ge.tms.commonactions.RailroadActions.clickOnZoneSaveButton is PASSED

2018-11-15 10:11:53 - [MESSAGE][PASSED] - Send request successfully

2018-11-15 10:11:53 - [MESSAGE][PASSED] - Send request successfully

2018-11-15 10:11:53 - [MESSAGE][PASSED] - Send request successfully

2018-11-15 10:11:53 - [MESSAGE][PASSED] - Send request successfully

2018-11-15 10:11:53 - [MESSAGE][PASSED] - Object: 'Object Repository/F5140-Add Zone Functionalities/QA-US88570-Add Zone/US38196-Save a New Zone/Add Edit Zone/zoneSaveButton' is clicked on

2018-11-15 10:11:56 - [MESSAGE][PASSED] - Delayed 3 second(s)

2018-11-15 10:11:56 - [MESSAGE][PASSED] - com.ge.tms.commonactions.RailroadActions.clickOnZoneSaveButton is PASSED

2018-11-15 10:11:56 - [TEST_STEP][PASSED] - Statement - actions.setStaionForZonezoneSearchField(): Text '5XIBW' is set on object 'Object Repository/CommonObjects/searchTextBoxLeftNav'

2018-11-15 10:11:57 - [MESSAGE][PASSED] - Text '5XIBW' is set on object 'Object Repository/CommonObjects/searchTextBoxLeftNav'

2018-11-15 10:11:57 - [TEST_STEP][PASSED] - com.ge.tms.railroad.RailroadVerification.verifyZoneSearchWithZone: com.ge.tms.railroad.RailroadVerification.verifyZoneSearchWithZone is PASSED

2018-11-15 10:11:57 - [MESSAGE][PASSED] - Send request successfully

2018-11-15 10:11:57 - [MESSAGE][PASSED] - Send request successfully

2018-11-15 10:11:57 - [MESSAGE][PASSED] - Send request successfully

2018-11-15 10:11:57 - [MESSAGE][PASSED] - Send request successfully

2018-11-15 10:11:57 - [MESSAGE][PASSED] - Send request successfully

2018-11-15 10:11:57 - [MESSAGE][PASSED] - Send request successfully

2018-11-15 10:11:57 - [MESSAGE][PASSED] - Send request successfully

2018-11-15 10:11:57 - [MESSAGE][PASSED] - Send request successfully

2018-11-15 10:11:57 - [MESSAGE][PASSED] - Actual object 'true' and expected object 'true' are equal

2018-11-15 10:11:57 - [MESSAGE][PASSED] - Actual object 'true' and expected object 'true' are equal

2018-11-15 10:11:57 - [MESSAGE][PASSED] - com.ge.tms.railroad.RailroadVerification.verifyZoneSearchWithZone is PASSED

2018-11-15 10:11:57 - [TEST_STEP][PASSED] - com.ge.tms.commonactions.RailroadActions.clickOnZoneActionMenu: com.ge.tms.commonactions.RailroadActions.clickOnZoneActionMenu is PASSED

2018-11-15 10:11:57 - [MESSAGE][PASSED] - Send request successfully

2018-11-15 10:11:57 - [MESSAGE][PASSED] - Send request successfully

2018-11-15 10:11:57 - [MESSAGE][PASSED] - Send request successfully

2018-11-15 10:11:57 - [MESSAGE][PASSED] - Send request successfully

2018-11-15 10:11:57 - [MESSAGE][PASSED] - Execute JavaScript 'document.querySelector('#zone-actions-dropdown').shadowRoot.querySelector('#trigger').click()' successfully

2018-11-15 10:11:58 - [MESSAGE][PASSED] - Delayed 1 second(s)

2018-11-15 10:11:58 - [MESSAGE][PASSED] - com.ge.tms.commonactions.RailroadActions.clickOnZoneActionMenu is PASSED

2018-11-15 10:11:58 - [TEST_STEP][PASSED] - com.ge.tms.commonactions.RailroadActions.clickOnDeleteAction: com.ge.tms.commonactions.RailroadActions.clickOnDeleteAction is PASSED

2018-11-15 10:11:58 - [MESSAGE][PASSED] - Send request successfully

2018-11-15 10:11:58 - [MESSAGE][PASSED] - Send request successfully

2018-11-15 10:11:58 - [MESSAGE][PASSED] - Send request successfully

2018-11-15 10:11:58 - [MESSAGE][PASSED] - Send request successfully

2018-11-15 10:11:58 - [MESSAGE][PASSED] - Execute JavaScript 'document.querySelector('#zone-actions-dropdown').shadowRoot.querySelector('#content').shadowRoot.querySelector('#selector > div:nth-child(2)').click()' successfully

2018-11-15 10:11:58 - [MESSAGE][PASSED] - com.ge.tms.commonactions.RailroadActions.clickOnDeleteAction is PASSED

2018-11-15 10:11:58 - [TEST_STEP][PASSED] - delay: Delayed 1 second(s)

2018-11-15 10:11:59 - [MESSAGE][PASSED] - Delayed 1 second(s)

2018-11-15 10:11:59 - [TEST_STEP][PASSED] - Statement - deleteYesButtonObj = com.kms.katalon.core.testobject.ObjectRepository.findTestObject(Object Repository/F5140-Add Zone Functionalities/QA-US88570-Add Zone/US38196-Save a New Zone/Delete Zone/deleteYesButton): Finding Test Object with id 'Object Repository/F5140-Add Zone Functionalities/QA-US88570-Add Zone/US38196-Save a New Zone/Delete Zone/deleteYesButton'

2018-11-15 10:11:59 - [TEST_STEP][PASSED] - com.ge.tms.commonactions.RailroadActions.clickOnTestObject: com.ge.tms.commonactions.RailroadActions.clickOnTestObject is PASSED

2018-11-15 10:11:59 - [MESSAGE][PASSED] - Send request successfully

2018-11-15 10:11:59 - [MESSAGE][PASSED] - Send request successfully

2018-11-15 10:11:59 - [MESSAGE][PASSED] - Send request successfully

2018-11-15 10:11:59 - [MESSAGE][PASSED] - Send request successfully

2018-11-15 10:11:59 - [MESSAGE][PASSED] - Object: 'Object Repository/F5140-Add Zone Functionalities/QA-US88570-Add Zone/US38196-Save a New Zone/Delete Zone/deleteYesButton' is clicked on

2018-11-15 10:11:59 - [MESSAGE][PASSED] - com.ge.tms.commonactions.RailroadActions.clickOnTestObject is PASSED

2018-11-15 10:11:59 - [TEST_STEP][PASSED] - delay: Delayed 2 second(s)

2018-11-15 10:12:01 - [MESSAGE][PASSED] - Delayed 2 second(s)

2018-11-15 10:12:01 - [TEST_STEP][PASSED] - Statement - actions.clearStationzoneSearchField(): Text of object 'Object Repository/CommonObjects/searchTextBoxLeftNav' is cleared

2018-11-15 10:12:01 - [MESSAGE][PASSED] - Text of object 'Object Repository/CommonObjects/searchTextBoxLeftNav' is cleared

2018-11-15 10:12:01 - [TEST_STEP][PASSED] - Statement - actions.setStaionForStationzoneSearchField(): Text 'A3KUKEG' is set on object 'Object Repository/CommonObjects/searchTextBoxLeftNav'

2018-11-15 10:12:02 - [MESSAGE][PASSED] - Text 'A3KUKEG' is set on object 'Object Repository/CommonObjects/searchTextBoxLeftNav'

2018-11-15 10:12:02 - [TEST_STEP][PASSED] - delay: Delayed 4 second(s)

2018-11-15 10:12:06 - [MESSAGE][PASSED] - Delayed 4 second(s)

2018-11-15 10:12:06 - [TEST_STEP][PASSED] - com.ge.tms.railroad.RailroadVerification.verifyStationSearchWithStation: com.ge.tms.railroad.RailroadVerification.verifyStationSearchWithStation is PASSED

2018-11-15 10:12:06 - [MESSAGE][PASSED] - Send request successfully

2018-11-15 10:12:06 - [MESSAGE][PASSED] - Send request successfully

2018-11-15 10:12:06 - [MESSAGE][PASSED] - Send request successfully

2018-11-15 10:12:06 - [MESSAGE][PASSED] - Send request successfully

2018-11-15 10:12:06 - [MESSAGE][PASSED] - Send request successfully

2018-11-15 10:12:06 - [MESSAGE][PASSED] - Send request successfully

2018-11-15 10:12:06 - [MESSAGE][PASSED] - Send request successfully

2018-11-15 10:12:06 - [MESSAGE][PASSED] - Send request successfully

2018-11-15 10:12:06 - [MESSAGE][PASSED] - Actual object 'true' and expected object 'true' are equal

2018-11-15 10:12:06 - [MESSAGE][PASSED] - com.ge.tms.railroad.RailroadVerification.verifyStationSearchWithStation is PASSED

2018-11-15 10:12:06 - [TEST_STEP][PASSED] - delay: Delayed 2 second(s)

2018-11-15 10:12:08 - [MESSAGE][PASSED] - Delayed 2 second(s)

2018-11-15 10:12:08 - [TEST_STEP][PASSED] - com.ge.tms.commonactions.RailroadActions.clickOnStationActionMenu: com.ge.tms.commonactions.RailroadActions.clickOnStationActionMenu is PASSED

2018-11-15 10:12:08 - [MESSAGE][PASSED] - Send request successfully

2018-11-15 10:12:08 - [MESSAGE][PASSED] - Send request successfully

2018-11-15 10:12:08 - [MESSAGE][PASSED] - Send request successfully

2018-11-15 10:12:08 - [MESSAGE][PASSED] - Send request successfully

2018-11-15 10:12:08 - [MESSAGE][PASSED] - Execute JavaScript 'document.querySelector('#station-actions-dropdown').shadowRoot.querySelector('#trigger').click()' successfully

2018-11-15 10:12:09 - [MESSAGE][PASSED] - Delayed 1 second(s)

2018-11-15 10:12:09 - [MESSAGE][PASSED] - com.ge.tms.commonactions.RailroadActions.clickOnStationActionMenu is PASSED

2018-11-15 10:12:09 - [TEST_STEP][PASSED] - com.ge.tms.commonactions.RailroadActions.clickOnDeleteStationButton: com.ge.tms.commonactions.RailroadActions.clickOnDeleteStationButton is PASSED

2018-11-15 10:12:09 - [MESSAGE][PASSED] - Send request successfully

2018-11-15 10:12:09 - [MESSAGE][PASSED] - Send request successfully

2018-11-15 10:12:09 - [MESSAGE][PASSED] - Send request successfully

2018-11-15 10:12:09 - [MESSAGE][PASSED] - Send request successfully

2018-11-15 10:12:09 - [MESSAGE][PASSED] - Execute JavaScript 'document.querySelector('#station-actions-dropdown').shadowRoot.querySelector('#content').shadowRoot.querySelector('#selector > div:nth-child(2)').click()' successfully

2018-11-15 10:12:09 - [MESSAGE][PASSED] - com.ge.tms.commonactions.RailroadActions.clickOnDeleteStationButton is PASSED

2018-11-15 10:12:09 - [TEST_STEP][PASSED] - Statement - deleteButtonObj = com.kms.katalon.core.testobject.ObjectRepository.findTestObject(Object Repository/F11822-Configure and Manage Stations/deleteConfirmationYesButton): Finding Test Object with id 'Object Repository/F11822-Configure and Manage Stations/deleteConfirmationYesButton'

2018-11-15 10:12:09 - [TEST_STEP][PASSED] - com.ge.tms.commonactions.RailroadActions.clickOnTestObject: com.ge.tms.commonactions.RailroadActions.clickOnTestObject is PASSED

2018-11-15 10:12:09 - [MESSAGE][PASSED] - Send request successfully

2018-11-15 10:12:09 - [MESSAGE][PASSED] - Send request successfully

2018-11-15 10:12:09 - [MESSAGE][PASSED] - Send request successfully

2018-11-15 10:12:09 - [MESSAGE][PASSED] - Send request successfully

2018-11-15 10:12:09 - [MESSAGE][PASSED] - Object: 'Object Repository/F11822-Configure and Manage Stations/deleteConfirmationYesButton' is clicked on

2018-11-15 10:12:09 - [MESSAGE][PASSED] - com.ge.tms.commonactions.RailroadActions.clickOnTestObject is PASSED

2018-11-15 10:12:09 - [TEST_STEP][PASSED] - delay: Delayed 1 second(s)

2018-11-15 10:12:10 - [MESSAGE][PASSED] - Delayed 1 second(s)

2018-11-15 10:12:10 - [TEST_STEP][PASSED] - com.ge.tms.railroad.RailroadVerification.verifyDeletedItemNotPresentInSearchView: com.ge.tms.railroad.RailroadVerification.verifyDeletedItemNotPresentInSearchView is PASSED

2018-11-15 10:12:10 - [MESSAGE][PASSED] - Send request successfully

2018-11-15 10:12:10 - [MESSAGE][PASSED] - Send request successfully

2018-11-15 10:12:10 - [MESSAGE][PASSED] - Send request successfully

2018-11-15 10:12:10 - [MESSAGE][PASSED] - Send request successfully

2018-11-15 10:12:10 - [MESSAGE][PASSED] - Send request successfully

2018-11-15 10:12:10 - [MESSAGE][PASSED] - Send request successfully

2018-11-15 10:12:10 - [MESSAGE][PASSED] - Send request successfully

2018-11-15 10:12:10 - [MESSAGE][PASSED] - Send request successfully

2018-11-15 10:12:10 - [MESSAGE][PASSED] - Text 'A3KUKEG' is set on object 'Object Repository/CommonObjects/searchTextBoxLeftNav'

2018-11-15 10:12:12 - [MESSAGE][PASSED] - Delayed 2 second(s)

2018-11-15 10:12:12 - [MESSAGE][PASSED] - Text of object 'Object Repository/CommonObjects/noSearchResultMessageLeftNav' is: 'No stations or zones found.'

2018-11-15 10:12:12 - [MESSAGE][PASSED] - Actual object 'No stations or zones found.' and expected object 'No stations or zones found.' are equal

2018-11-15 10:12:12 - [MESSAGE][PASSED] - com.ge.tms.railroad.RailroadVerification.verifyDeletedItemNotPresentInSearchView is PASSED

2018-11-15 10:12:12 - [TEST_STEP][PASSED] - Start listener action : closeBrowserForTestCasse: Navigate to 'http://localhost:8080/home' successfully

2018-11-15 10:12:12 - [TEST_STEP][PASSED] - Statement - If (isTestSuitEnable == true): null

2018-11-15 10:12:12 - [TEST_STEP][PASSED] - Statement - beforeTestCaseExecute(): null

2018-11-15 10:12:12 - [TEST_STEP][PASSED] - Statement - If (isTestSuitEnable == true): Navigate to 'http://localhost:8080/home' successfully

2018-11-15 10:12:12 - [TEST_STEP][PASSED] - navigateToUrl: Navigate to 'http://localhost:8080/home' successfully

2018-11-15 10:12:13 - [MESSAGE][PASSED] - Navigate to 'http://localhost:8080/home' successfully

2018-11-15 10:12:13 - [TEST_STEP][PASSED] - Start listener action : afterTestCase: Invoke 'com.kms.katalon.core.annotation.AfterTestCase' method: 'TmsTestListner.afterTestCase(...)' completed.

2018-11-15 10:12:13 - [TEST_STEP][PASSED] - Statement - If (java.lang.System.getProperties().containsKey("updateRally")): Invoke 'com.kms.katalon.core.annotation.AfterTestCase' method: 'TmsTestListner.afterTestCase(...)' completed.]]></system-out>
         <system-err><![CDATA[]]></system-err>
      </testcase>
      <testcase name="Test Cases/Railroad/F5140-Add Zone Functionalities/QA-US92242-Search Station and Zone/TC66151-Verify message Search_Zone not existed" classname="Test Cases/Railroad/F5140-Add Zone Functionalities/QA-US92242-Search Station and Zone/TC66151-Verify message Search_Zone not existed" status="PASSED">
         <system-out><![CDATA[2018-11-15 10:12:13 - [TEST_CASE][PASSED] - Test Cases/Railroad/F5140-Add Zone Functionalities/QA-US92242-Search Station and Zone/TC66151-Verify message Search_Zone not existed: Test Cases/Railroad/F5140-Add Zone Functionalities/QA-US92242-Search Station and Zone/TC66151-Verify message Search_Zone not existed

2018-11-15 10:12:13 - [TEST_STEP][PASSED] - Start listener action : beforeTestCaseExecute: Navigate to 'http://localhost:8080/home' successfully

2018-11-15 10:12:13 - [TEST_STEP][PASSED] - Statement - If (isTestSuitEnable == true): Navigate to 'http://localhost:8080/home' successfully

2018-11-15 10:12:13 - [TEST_STEP][PASSED] - navigateToUrl: Navigate to 'http://localhost:8080/home' successfully

2018-11-15 10:12:14 - [MESSAGE][PASSED] - Navigate to 'http://localhost:8080/home' successfully

2018-11-15 10:12:14 - [TEST_STEP][PASSED] - Statement - util = new com.ge.tms.util.CommonUtilities(): Send request successfully

2018-11-15 10:12:14 - [MESSAGE][PASSED] - Send request successfully

2018-11-15 10:12:14 - [MESSAGE][PASSED] - Send request successfully

2018-11-15 10:12:14 - [MESSAGE][PASSED] - Send request successfully

2018-11-15 10:12:14 - [MESSAGE][PASSED] - Send request successfully

2018-11-15 10:12:14 - [TEST_STEP][PASSED] - Statement - rverify = new com.ge.tms.railroad.RailroadVerification(): Send request successfully

2018-11-15 10:12:14 - [MESSAGE][PASSED] - Send request successfully

2018-11-15 10:12:14 - [MESSAGE][PASSED] - Send request successfully

2018-11-15 10:12:14 - [MESSAGE][PASSED] - Send request successfully

2018-11-15 10:12:14 - [MESSAGE][PASSED] - Send request successfully

2018-11-15 10:12:14 - [MESSAGE][PASSED] - Send request successfully

2018-11-15 10:12:14 - [MESSAGE][PASSED] - Send request successfully

2018-11-15 10:12:14 - [MESSAGE][PASSED] - Send request successfully

2018-11-15 10:12:14 - [MESSAGE][PASSED] - Send request successfully

2018-11-15 10:12:14 - [TEST_STEP][PASSED] - Statement - actions = new com.ge.tms.commonactions.RailroadActions(): Send request successfully

2018-11-15 10:12:14 - [MESSAGE][PASSED] - Send request successfully

2018-11-15 10:12:14 - [MESSAGE][PASSED] - Send request successfully

2018-11-15 10:12:14 - [MESSAGE][PASSED] - Send request successfully

2018-11-15 10:12:14 - [MESSAGE][PASSED] - Send request successfully

2018-11-15 10:12:14 - [TEST_STEP][PASSED] - com.ge.tms.commonactions.CommonClickEvents.clickOnRailroadSetup: com.ge.tms.commonactions.CommonClickEvents.clickOnRailroadSetup is PASSED

2018-11-15 10:12:14 - [MESSAGE][PASSED] - Execute JavaScript 'document.querySelector('px-app-nav').shadowRoot.querySelector('#items > px-app-nav-group:nth-child(13) > px-app-nav-subitem:nth-child(1)').click()' successfully

2018-11-15 10:12:16 - [MESSAGE][PASSED] - Delayed 2 second(s)

2018-11-15 10:12:16 - [MESSAGE][PASSED] - com.ge.tms.commonactions.CommonClickEvents.clickOnRailroadSetup is PASSED

2018-11-15 10:12:16 - [TEST_STEP][PASSED] - com.ge.tms.commonactions.RailroadActions.clickOnSelectRailroadDropdown: com.ge.tms.commonactions.RailroadActions.clickOnSelectRailroadDropdown is PASSED

2018-11-15 10:12:16 - [MESSAGE][PASSED] - Send request successfully

2018-11-15 10:12:16 - [MESSAGE][PASSED] - Send request successfully

2018-11-15 10:12:16 - [MESSAGE][PASSED] - Send request successfully

2018-11-15 10:12:16 - [MESSAGE][PASSED] - Send request successfully

2018-11-15 10:12:16 - [MESSAGE][PASSED] - Execute JavaScript 'document.querySelector('#railroads-select-dropdown').shadowRoot.querySelector('#trigger').click()' successfully

2018-11-15 10:12:19 - [MESSAGE][PASSED] - Delayed 3 second(s)

2018-11-15 10:12:19 - [MESSAGE][PASSED] - com.ge.tms.commonactions.RailroadActions.clickOnSelectRailroadDropdown is PASSED

2018-11-15 10:12:19 - [TEST_STEP][PASSED] - com.ge.tms.commonactions.RailroadActions.selectRandomRailRoad: com.ge.tms.commonactions.RailroadActions.selectRandomRailRoad is PASSED

2018-11-15 10:12:19 - [MESSAGE][PASSED] - Send request successfully

2018-11-15 10:12:19 - [MESSAGE][PASSED] - Send request successfully

2018-11-15 10:12:19 - [MESSAGE][PASSED] - Send request successfully

2018-11-15 10:12:19 - [MESSAGE][PASSED] - Send request successfully

2018-11-15 10:12:19 - [MESSAGE][PASSED] - Execute JavaScript 'let railRoadList=[]; document.querySelector('#railroads-select-dropdown').shadowRoot.querySelector('#content').shadowRoot.querySelectorAll('#selector > div.dropdown-option').forEach(node => { railRoadList.push(node.getAttribute('title')) }); return railRoadList' successfully

2018-11-15 10:12:19 - [MESSAGE][PASSED] - Execute JavaScript 'return document.querySelector('#railroads-select-dropdown').shadowRoot.querySelector('#content').shadowRoot.querySelector('#selector > div:nth-child(1) span').innerHTML' successfully

2018-11-15 10:12:19 - [MESSAGE][PASSED] - Execute JavaScript 'return document.querySelector('#railroads-select-dropdown').shadowRoot.querySelector('#content').shadowRoot.querySelector('#selector > div:nth-child(1) span').click()' successfully

2018-11-15 10:12:19 - [MESSAGE][PASSED] - com.ge.tms.commonactions.RailroadActions.selectRandomRailRoad is PASSED

2018-11-15 10:12:19 - [TEST_STEP][PASSED] - delay: Delayed 2 second(s)

2018-11-15 10:12:21 - [MESSAGE][PASSED] - Delayed 2 second(s)

2018-11-15 10:12:21 - [TEST_STEP][PASSED] - Statement - actions.setInvalidtxtForStationzoneSearchField(): Text '1111111111111' is set on object 'Object Repository/CommonObjects/searchTextBoxLeftNav'

2018-11-15 10:12:22 - [MESSAGE][PASSED] - Text '1111111111111' is set on object 'Object Repository/CommonObjects/searchTextBoxLeftNav'

2018-11-15 10:12:22 - [TEST_STEP][PASSED] - com.ge.tms.railroad.RailroadVerification.verifyMessagewhennoStationandZoneAvailable: com.ge.tms.railroad.RailroadVerification.verifyMessagewhennoStationandZoneAvailable is PASSED

2018-11-15 10:12:22 - [MESSAGE][PASSED] - Text of object 'Object Repository/CommonObjects/noSearchResultMessageLeftNav' is: 'No stations or zones found.'

2018-11-15 10:12:22 - [MESSAGE][PASSED] - Send request successfully

2018-11-15 10:12:22 - [MESSAGE][PASSED] - Send request successfully

2018-11-15 10:12:22 - [MESSAGE][PASSED] - Send request successfully

2018-11-15 10:12:22 - [MESSAGE][PASSED] - Send request successfully

2018-11-15 10:12:22 - [MESSAGE][PASSED] - Send request successfully

2018-11-15 10:12:22 - [MESSAGE][PASSED] - Send request successfully

2018-11-15 10:12:22 - [MESSAGE][PASSED] - Send request successfully

2018-11-15 10:12:22 - [MESSAGE][PASSED] - Send request successfully

2018-11-15 10:12:22 - [MESSAGE][PASSED] - Actual object 'true' and expected object 'true' are equal

2018-11-15 10:12:22 - [MESSAGE][PASSED] - com.ge.tms.railroad.RailroadVerification.verifyMessagewhennoStationandZoneAvailable is PASSED

2018-11-15 10:12:22 - [TEST_STEP][PASSED] - delay: Delayed 2 second(s)

2018-11-15 10:12:24 - [MESSAGE][PASSED] - Delayed 2 second(s)

2018-11-15 10:12:24 - [TEST_STEP][PASSED] - Start listener action : closeBrowserForTestCasse: Navigate to 'http://localhost:8080/home' successfully

2018-11-15 10:12:24 - [TEST_STEP][PASSED] - Statement - If (isTestSuitEnable == true): null

2018-11-15 10:12:24 - [TEST_STEP][PASSED] - Statement - beforeTestCaseExecute(): null

2018-11-15 10:12:24 - [TEST_STEP][PASSED] - Statement - If (isTestSuitEnable == true): Navigate to 'http://localhost:8080/home' successfully

2018-11-15 10:12:24 - [TEST_STEP][PASSED] - navigateToUrl: Navigate to 'http://localhost:8080/home' successfully

2018-11-15 10:12:25 - [MESSAGE][PASSED] - Navigate to 'http://localhost:8080/home' successfully

2018-11-15 10:12:25 - [TEST_STEP][PASSED] - Start listener action : afterTestCase: Invoke 'com.kms.katalon.core.annotation.AfterTestCase' method: 'TmsTestListner.afterTestCase(...)' completed.

2018-11-15 10:12:25 - [TEST_STEP][PASSED] - Statement - If (java.lang.System.getProperties().containsKey("updateRally")): Invoke 'com.kms.katalon.core.annotation.AfterTestCase' method: 'TmsTestListner.afterTestCase(...)' completed.]]></system-out>
         <system-err><![CDATA[]]></system-err>
      </testcase>
      <testcase name="Test Cases/Railroad/F5362 - Configure and manage track/QA - US92819/US39512 - Add track from station/TC66184 - Add track from station" classname="Test Cases/Railroad/F5362 - Configure and manage track/QA - US92819/US39512 - Add track from station/TC66184 - Add track from station" status="PASSED">
         <system-out><![CDATA[2018-11-15 10:12:25 - [TEST_CASE][PASSED] - Test Cases/Railroad/F5362 - Configure and manage track/QA - US92819/US39512 - Add track from station/TC66184 - Add track from station: Test Cases/Railroad/F5362 - Configure and manage track/QA - US92819/US39512 - Add track from station/TC66184 - Add track from station

2018-11-15 10:12:25 - [TEST_STEP][PASSED] - Start listener action : beforeTestCaseExecute: Navigate to 'http://localhost:8080/home' successfully

2018-11-15 10:12:25 - [TEST_STEP][PASSED] - Statement - If (isTestSuitEnable == true): Navigate to 'http://localhost:8080/home' successfully

2018-11-15 10:12:25 - [TEST_STEP][PASSED] - navigateToUrl: Navigate to 'http://localhost:8080/home' successfully

2018-11-15 10:12:25 - [MESSAGE][PASSED] - Navigate to 'http://localhost:8080/home' successfully

2018-11-15 10:12:25 - [TEST_STEP][PASSED] - Statement - util = new com.ge.tms.util.CommonUtilities(): Send request successfully

2018-11-15 10:12:25 - [MESSAGE][PASSED] - Send request successfully

2018-11-15 10:12:25 - [MESSAGE][PASSED] - Send request successfully

2018-11-15 10:12:25 - [MESSAGE][PASSED] - Send request successfully

2018-11-15 10:12:25 - [MESSAGE][PASSED] - Send request successfully

2018-11-15 10:12:25 - [TEST_STEP][PASSED] - Statement - actions = new com.ge.tms.commonactions.RailroadActions(): Send request successfully

2018-11-15 10:12:25 - [MESSAGE][PASSED] - Send request successfully

2018-11-15 10:12:25 - [MESSAGE][PASSED] - Send request successfully

2018-11-15 10:12:25 - [MESSAGE][PASSED] - Send request successfully

2018-11-15 10:12:25 - [MESSAGE][PASSED] - Send request successfully

2018-11-15 10:12:25 - [TEST_STEP][PASSED] - Statement - empty = <not implemented yet for class: org.codehaus.groovy.ast.expr.EmptyExpression>: null

2018-11-15 10:12:25 - [TEST_STEP][PASSED] - com.ge.tms.commonactions.CommonClickEvents.clickOnRailroadSetup: com.ge.tms.commonactions.CommonClickEvents.clickOnRailroadSetup is PASSED

2018-11-15 10:12:26 - [MESSAGE][PASSED] - Execute JavaScript 'document.querySelector('px-app-nav').shadowRoot.querySelector('#items > px-app-nav-group:nth-child(13) > px-app-nav-subitem:nth-child(1)').click()' successfully

2018-11-15 10:12:28 - [MESSAGE][PASSED] - Delayed 2 second(s)

2018-11-15 10:12:28 - [MESSAGE][PASSED] - com.ge.tms.commonactions.CommonClickEvents.clickOnRailroadSetup is PASSED

2018-11-15 10:12:28 - [TEST_STEP][PASSED] - com.ge.tms.commonactions.RailroadActions.clickOnSelectRailroadDropdown: com.ge.tms.commonactions.RailroadActions.clickOnSelectRailroadDropdown is PASSED

2018-11-15 10:12:28 - [MESSAGE][PASSED] - Send request successfully

2018-11-15 10:12:28 - [MESSAGE][PASSED] - Send request successfully

2018-11-15 10:12:28 - [MESSAGE][PASSED] - Send request successfully

2018-11-15 10:12:28 - [MESSAGE][PASSED] - Send request successfully

2018-11-15 10:12:28 - [MESSAGE][PASSED] - Execute JavaScript 'document.querySelector('#railroads-select-dropdown').shadowRoot.querySelector('#trigger').click()' successfully

2018-11-15 10:12:31 - [MESSAGE][PASSED] - Delayed 3 second(s)

2018-11-15 10:12:31 - [MESSAGE][PASSED] - com.ge.tms.commonactions.RailroadActions.clickOnSelectRailroadDropdown is PASSED

2018-11-15 10:12:31 - [TEST_STEP][PASSED] - com.ge.tms.commonactions.RailroadActions.selectRandomRailRoad: com.ge.tms.commonactions.RailroadActions.selectRandomRailRoad is PASSED

2018-11-15 10:12:31 - [MESSAGE][PASSED] - Send request successfully

2018-11-15 10:12:31 - [MESSAGE][PASSED] - Send request successfully

2018-11-15 10:12:31 - [MESSAGE][PASSED] - Send request successfully

2018-11-15 10:12:31 - [MESSAGE][PASSED] - Send request successfully

2018-11-15 10:12:31 - [MESSAGE][PASSED] - Execute JavaScript 'let railRoadList=[]; document.querySelector('#railroads-select-dropdown').shadowRoot.querySelector('#content').shadowRoot.querySelectorAll('#selector > div.dropdown-option').forEach(node => { railRoadList.push(node.getAttribute('title')) }); return railRoadList' successfully

2018-11-15 10:12:31 - [MESSAGE][PASSED] - Execute JavaScript 'return document.querySelector('#railroads-select-dropdown').shadowRoot.querySelector('#content').shadowRoot.querySelector('#selector > div:nth-child(1) span').innerHTML' successfully

2018-11-15 10:12:31 - [MESSAGE][PASSED] - Execute JavaScript 'return document.querySelector('#railroads-select-dropdown').shadowRoot.querySelector('#content').shadowRoot.querySelector('#selector > div:nth-child(1) span').click()' successfully

2018-11-15 10:12:31 - [MESSAGE][PASSED] - com.ge.tms.commonactions.RailroadActions.selectRandomRailRoad is PASSED

2018-11-15 10:12:31 - [TEST_STEP][PASSED] - delay: Delayed 2 second(s)

2018-11-15 10:12:33 - [MESSAGE][PASSED] - Delayed 2 second(s)

2018-11-15 10:12:33 - [TEST_STEP][PASSED] - Statement - actions.addStationMandatotyFields(empty): Delayed 3 second(s)

2018-11-15 10:12:33 - [MESSAGE][PASSED] - Object: 'Object Repository/F11822-Configure and Manage Stations/Add_New_Station_Button' is clicked on

2018-11-15 10:12:33 - [MESSAGE][PASSED] - Text 'KWHXLLS' is set on object 'Object Repository/F11822-Configure and Manage Stations/station_id'

2018-11-15 10:12:33 - [MESSAGE][PASSED] - Text 'MTSFMEF' is set on object 'Object Repository/F11822-Configure and Manage Stations/station_name'

2018-11-15 10:12:33 - [MESSAGE][PASSED] - Execute JavaScript 'document.querySelector('#splc').shadowRoot.querySelector('#trigger').shadowRoot.querySelector('#trigger').click()' successfully

2018-11-15 10:12:33 - [MESSAGE][PASSED] - Execute JavaScript 'return document.querySelector('#splc').shadowRoot.querySelector('px-overlay-content > #content').shadowRoot.querySelectorAll('#dropdown > div > #selector > div').length' successfully

2018-11-15 10:12:33 - [MESSAGE][PASSED] - Execute JavaScript 'document.querySelector('#splc').shadowRoot.querySelector('px-overlay-content > #content').shadowRoot.querySelector('#dropdown > div > #selector > div:nth-child(1)').click()' successfully

2018-11-15 10:12:34 - [MESSAGE][PASSED] - Execute JavaScript 'return document.querySelector('#fsac').shadowRoot.querySelector('px-overlay-content > #content').shadowRoot.querySelectorAll('#dropdown > div > #selector > div').length' successfully

2018-11-15 10:12:34 - [MESSAGE][PASSED] - Execute JavaScript 'document.querySelector('#fsac').shadowRoot.querySelector('px-overlay-content > #content').shadowRoot.querySelector('#dropdown > div > #selector > div:nth-child(1)').click()' successfully

2018-11-15 10:12:34 - [MESSAGE][PASSED] - Execute JavaScript 'return document.querySelector('#station-timezone-qualifier').shadowRoot.querySelector('px-overlay-content > #content').shadowRoot.querySelectorAll('#dropdown > div > #selector > div').length' successfully

2018-11-15 10:12:34 - [MESSAGE][PASSED] - Execute JavaScript 'document.querySelector('#station-timezone-qualifier').shadowRoot.querySelector('px-overlay-content > #content').shadowRoot.querySelector('#dropdown > div > #selector > div:nth-child(3)').click()' successfully

2018-11-15 10:12:34 - [MESSAGE][PASSED] - Execute JavaScript 'return document.querySelector('#country').shadowRoot.querySelector('px-overlay-content > #content').shadowRoot.querySelectorAll('#dropdown > div > #selector > div').length' successfully

2018-11-15 10:12:34 - [MESSAGE][PASSED] - Execute JavaScript 'document.querySelector('#country').shadowRoot.querySelector('px-overlay-content > #content').shadowRoot.querySelector('#dropdown > div > #selector > div:nth-child(2)').click()' successfully

2018-11-15 10:12:34 - [MESSAGE][PASSED] - Execute JavaScript 'return document.querySelector('#state').shadowRoot.querySelector('px-overlay-content > #content').shadowRoot.querySelectorAll('#dropdown > div > #selector > div').length' successfully

2018-11-15 10:12:34 - [MESSAGE][PASSED] - Execute JavaScript 'document.querySelector('#state').shadowRoot.querySelector('px-overlay-content > #content').shadowRoot.querySelector('#dropdown > div > #selector > div:nth-child(9)').click()' successfully

2018-11-15 10:12:34 - [MESSAGE][PASSED] - Object: 'Object Repository/F11822-Configure and Manage Stations/station_save_button' is clicked on

2018-11-15 10:12:37 - [MESSAGE][PASSED] - Delayed 3 second(s)

2018-11-15 10:12:37 - [TEST_STEP][PASSED] - delay: Delayed 2 second(s)

2018-11-15 10:12:39 - [MESSAGE][PASSED] - Delayed 2 second(s)

2018-11-15 10:12:39 - [TEST_STEP][PASSED] - Statement - actions.addZone(empty): Execute JavaScript 'document.querySelector('#zone-type').shadowRoot.querySelector('#content').shadowRoot.querySelector('#selector > div:nth-child(2)').click()' successfully

2018-11-15 10:12:39 - [MESSAGE][PASSED] - Object: 'Object Repository/F5140-Add Zone Functionalities/QA-US88570-Add Zone/US38196-Save a New Zone/Add Edit Zone/addNewZoneButton' is clicked on

2018-11-15 10:12:42 - [MESSAGE][PASSED] - Delayed 3 second(s)

2018-11-15 10:12:42 - [MESSAGE][PASSED] - Text 'VACLO' is set on object 'Object Repository/F5140-Add Zone Functionalities/QA-US88570-Add Zone/US38196-Save a New Zone/Add Edit Zone/zoneID'

2018-11-15 10:12:42 - [MESSAGE][PASSED] - Text 'PDM6P6G' is set on object 'Object Repository/F5140-Add Zone Functionalities/QA-US88570-Add Zone/US38196-Save a New Zone/Add Edit Zone/zoneName'

2018-11-15 10:12:42 - [MESSAGE][PASSED] - Execute JavaScript 'document.querySelector('#zone-type').shadowRoot.querySelector('#trigger').click()' successfully

2018-11-15 10:12:42 - [MESSAGE][PASSED] - Execute JavaScript 'return document.querySelector('#zone-type').shadowRoot.querySelector('#content').shadowRoot.querySelectorAll('#selector > div').length' successfully

2018-11-15 10:12:42 - [MESSAGE][PASSED] - Execute JavaScript 'document.querySelector('#zone-type').shadowRoot.querySelector('#content').shadowRoot.querySelector('#selector > div:nth-child(2)').click()' successfully

2018-11-15 10:12:42 - [TEST_STEP][PASSED] - com.ge.tms.commonactions.RailroadActions.clickOnZoneSaveButton: com.ge.tms.commonactions.RailroadActions.clickOnZoneSaveButton is PASSED

2018-11-15 10:12:42 - [MESSAGE][PASSED] - Send request successfully

2018-11-15 10:12:42 - [MESSAGE][PASSED] - Send request successfully

2018-11-15 10:12:42 - [MESSAGE][PASSED] - Send request successfully

2018-11-15 10:12:42 - [MESSAGE][PASSED] - Send request successfully

2018-11-15 10:12:42 - [MESSAGE][PASSED] - Object: 'Object Repository/F5140-Add Zone Functionalities/QA-US88570-Add Zone/US38196-Save a New Zone/Add Edit Zone/zoneSaveButton' is clicked on

2018-11-15 10:12:45 - [MESSAGE][PASSED] - Delayed 3 second(s)

2018-11-15 10:12:45 - [MESSAGE][PASSED] - com.ge.tms.commonactions.RailroadActions.clickOnZoneSaveButton is PASSED

2018-11-15 10:12:45 - [TEST_STEP][PASSED] - Statement - actions.setStaionForStationzoneSearchField(): Text 'KWHXLLS' is set on object 'Object Repository/CommonObjects/searchTextBoxLeftNav'

2018-11-15 10:12:46 - [MESSAGE][PASSED] - Text 'KWHXLLS' is set on object 'Object Repository/CommonObjects/searchTextBoxLeftNav'

2018-11-15 10:12:46 - [TEST_STEP][PASSED] - delay: Delayed 1 second(s)

2018-11-15 10:12:47 - [MESSAGE][PASSED] - Delayed 1 second(s)

2018-11-15 10:12:47 - [TEST_STEP][PASSED] - Statement - actions.setValuesAddTrackFromStation(empty): Execute JavaScript 'document.querySelector('#zoneId').shadowRoot.querySelector('px-overlay-content > #content').shadowRoot.querySelector('#dropdown > div > #selector > div:nth-child(1)').click()' successfully

2018-11-15 10:12:47 - [MESSAGE][PASSED] - Execute JavaScript 'document.querySelector('px-tree').shadowRoot.querySelector('px-tree-node').shadowRoot.querySelector('li').click()' successfully

2018-11-15 10:12:47 - [MESSAGE][PASSED] - Object: 'Object Repository/F5362 - Configure and Manage Track/AddTrackButton' is clicked on

2018-11-15 10:12:48 - [MESSAGE][PASSED] - Delayed 1 second(s)

2018-11-15 10:12:48 - [MESSAGE][PASSED] - Text 'L8JYXN' is set on object 'Object Repository/F5362 - Configure and Manage Track/Track_id_input'

2018-11-15 10:12:48 - [MESSAGE][PASSED] - Text 'M5Q866MLTK' is set on object 'Object Repository/F5362 - Configure and Manage Track/Track_Description_input'

2018-11-15 10:12:48 - [MESSAGE][PASSED] - Execute JavaScript 'return document.querySelector('#trackType').shadowRoot.querySelector('px-overlay-content > #content').shadowRoot.querySelectorAll('#dropdown > div > #selector > div').length' successfully

2018-11-15 10:12:48 - [MESSAGE][PASSED] - Execute JavaScript 'document.querySelector('#trackType').shadowRoot.querySelector('px-overlay-content > #content').shadowRoot.querySelector('#dropdown > div > #selector > div:nth-child(6)').click()' successfully

2018-11-15 10:12:48 - [MESSAGE][PASSED] - Text '3' is set on object 'Object Repository/F5362 - Configure and Manage Track/Track_Length_input'

2018-11-15 10:12:48 - [MESSAGE][PASSED] - Text '2' is set on object 'Object Repository/F5362 - Configure and Manage Track/Car_Capacity_input'

2018-11-15 10:12:48 - [MESSAGE][PASSED] - Execute JavaScript 'return document.querySelector('#trackConditionCode').shadowRoot.querySelector('px-overlay-content > #content').shadowRoot.querySelectorAll('#dropdown > div > #selector > div').length' successfully

2018-11-15 10:12:48 - [MESSAGE][PASSED] - Execute JavaScript 'document.querySelector('#trackConditionCode').shadowRoot.querySelector('px-overlay-content > #content').shadowRoot.querySelector('#dropdown > div > #selector > div:nth-child(1)').click()' successfully

2018-11-15 10:12:48 - [MESSAGE][PASSED] - Execute JavaScript 'document.querySelector('#zoneId').shadowRoot.querySelector('#trigger').shadowRoot.querySelector('#trigger').click()' successfully

2018-11-15 10:12:48 - [MESSAGE][PASSED] - Execute JavaScript 'return document.querySelector('#zoneId').shadowRoot.querySelector('px-overlay-content > #content').shadowRoot.querySelectorAll('#dropdown > div > #selector > div').length' successfully

2018-11-15 10:12:48 - [MESSAGE][PASSED] - Execute JavaScript 'document.querySelector('#zoneId').shadowRoot.querySelector('px-overlay-content > #content').shadowRoot.querySelector('#dropdown > div > #selector > div:nth-child(1)').click()' successfully

2018-11-15 10:12:48 - [TEST_STEP][PASSED] - Statement - actions.saveTrack(): Delayed 1 second(s)

2018-11-15 10:12:49 - [MESSAGE][PASSED] - Object: 'Object Repository/F5362 - Configure and Manage Track/SaveTrackButton' is clicked on

2018-11-15 10:12:50 - [MESSAGE][PASSED] - Delayed 1 second(s)

2018-11-15 10:12:50 - [TEST_STEP][PASSED] - delay: Delayed 2 second(s)

2018-11-15 10:12:52 - [MESSAGE][PASSED] - Delayed 2 second(s)

2018-11-15 10:12:52 - [TEST_STEP][PASSED] - Statement - actions.clickZoneUnderStation(): Execute JavaScript 'document.querySelector('px-tree').shadowRoot.querySelector('px-tree-node').shadowRoot.querySelector('#collapse > div > px-tree-node').shadowRoot.querySelector('li').click()' successfully

2018-11-15 10:12:52 - [MESSAGE][PASSED] - Execute JavaScript 'document.querySelector('px-tree').shadowRoot.querySelector('px-tree-node').shadowRoot.querySelector('#collapse > div > px-tree-node').shadowRoot.querySelector('li').click()' successfully

2018-11-15 10:12:52 - [TEST_STEP][PASSED] - com.ge.tms.railroad.RailroadVerification.verifyNewlyAddedTrack: com.ge.tms.railroad.RailroadVerification.verifyNewlyAddedTrack is PASSED

2018-11-15 10:12:52 - [MESSAGE][PASSED] - Send request successfully

2018-11-15 10:12:52 - [MESSAGE][PASSED] - Send request successfully

2018-11-15 10:12:52 - [MESSAGE][PASSED] - Send request successfully

2018-11-15 10:12:52 - [MESSAGE][PASSED] - Send request successfully

2018-11-15 10:12:52 - [MESSAGE][PASSED] - Send request successfully

2018-11-15 10:12:52 - [MESSAGE][PASSED] - Send request successfully

2018-11-15 10:12:52 - [MESSAGE][PASSED] - Send request successfully

2018-11-15 10:12:52 - [MESSAGE][PASSED] - Send request successfully

2018-11-15 10:12:52 - [MESSAGE][PASSED] - Text of object 'Object Repository/F5362 - Configure and Manage Track/Track_First_row_column_trackid' is: 'L8JYXN'

2018-11-15 10:12:52 - [MESSAGE][PASSED] - Text 'L8JYXN' is set on object 'Object Repository/F5362 - Configure and Manage Track/Track_search_field_row1_trackid'

2018-11-15 10:12:52 - [MESSAGE][PASSED] - Actual object 'L8JYXN' and expected object 'L8JYXN' are equal

2018-11-15 10:12:52 - [MESSAGE][PASSED] - com.ge.tms.railroad.RailroadVerification.verifyNewlyAddedTrack is PASSED

2018-11-15 10:12:52 - [TEST_STEP][PASSED] - com.ge.tms.commonactions.RailroadActions.clickOnDeleteTrack: com.ge.tms.commonactions.RailroadActions.clickOnDeleteTrack is PASSED

2018-11-15 10:12:52 - [MESSAGE][PASSED] - Send request successfully

2018-11-15 10:12:52 - [MESSAGE][PASSED] - Send request successfully

2018-11-15 10:12:52 - [MESSAGE][PASSED] - Send request successfully

2018-11-15 10:12:52 - [MESSAGE][PASSED] - Send request successfully

2018-11-15 10:12:52 - [MESSAGE][PASSED] - Object: 'Object Repository/F5362 - Configure and Manage Track/deleteTrackButton' is clicked on

2018-11-15 10:12:52 - [MESSAGE][PASSED] - com.ge.tms.commonactions.RailroadActions.clickOnDeleteTrack is PASSED

2018-11-15 10:12:52 - [TEST_STEP][PASSED] - Statement - deleteYesButtonObj = com.kms.katalon.core.testobject.ObjectRepository.findTestObject(Object Repository/F5362 - Configure and Manage Track/deleteTrackYesButton): Finding Test Object with id 'Object Repository/F5362 - Configure and Manage Track/deleteTrackYesButton'

2018-11-15 10:12:52 - [TEST_STEP][PASSED] - com.ge.tms.commonactions.RailroadActions.clickOnTestObject: com.ge.tms.commonactions.RailroadActions.clickOnTestObject is PASSED

2018-11-15 10:12:52 - [MESSAGE][PASSED] - Send request successfully

2018-11-15 10:12:52 - [MESSAGE][PASSED] - Send request successfully

2018-11-15 10:12:52 - [MESSAGE][PASSED] - Send request successfully

2018-11-15 10:12:52 - [MESSAGE][PASSED] - Send request successfully

2018-11-15 10:12:52 - [MESSAGE][PASSED] - Object: 'Object Repository/F5362 - Configure and Manage Track/deleteTrackYesButton' is clicked on

2018-11-15 10:12:52 - [MESSAGE][PASSED] - com.ge.tms.commonactions.RailroadActions.clickOnTestObject is PASSED

2018-11-15 10:12:52 - [TEST_STEP][PASSED] - com.ge.tms.railroad.RailroadVerification.verifyNoTracksFoundInSearch: com.ge.tms.railroad.RailroadVerification.verifyNoTracksFoundInSearch is PASSED

2018-11-15 10:12:52 - [MESSAGE][PASSED] - Send request successfully

2018-11-15 10:12:52 - [MESSAGE][PASSED] - Send request successfully

2018-11-15 10:12:52 - [MESSAGE][PASSED] - Send request successfully

2018-11-15 10:12:52 - [MESSAGE][PASSED] - Send request successfully

2018-11-15 10:12:52 - [MESSAGE][PASSED] - Send request successfully

2018-11-15 10:12:52 - [MESSAGE][PASSED] - Send request successfully

2018-11-15 10:12:52 - [MESSAGE][PASSED] - Send request successfully

2018-11-15 10:12:52 - [MESSAGE][PASSED] - Send request successfully

2018-11-15 10:12:53 - [MESSAGE][PASSED] - Text 'L8JYXN' is set on object 'Object Repository/F5362 - Configure and Manage Track/Track_search_field_row1_trackid'

2018-11-15 10:12:53 - [MESSAGE][PASSED] - Text of object 'Object Repository/F5362 - Configure and Manage Track/noRowsfound' is: 'No rows found'

2018-11-15 10:12:53 - [MESSAGE][PASSED] - Actual object 'No rows found' and expected object 'No rows found' are equal

2018-11-15 10:12:53 - [MESSAGE][PASSED] - com.ge.tms.railroad.RailroadVerification.verifyNoTracksFoundInSearch is PASSED

2018-11-15 10:12:53 - [TEST_STEP][PASSED] - delay: Delayed 2 second(s)

2018-11-15 10:12:55 - [MESSAGE][PASSED] - Delayed 2 second(s)

2018-11-15 10:12:55 - [TEST_STEP][PASSED] - com.ge.tms.commonactions.RailroadActions.clickOnZoneActionMenu: com.ge.tms.commonactions.RailroadActions.clickOnZoneActionMenu is PASSED

2018-11-15 10:12:55 - [MESSAGE][PASSED] - Send request successfully

2018-11-15 10:12:55 - [MESSAGE][PASSED] - Send request successfully

2018-11-15 10:12:55 - [MESSAGE][PASSED] - Send request successfully

2018-11-15 10:12:55 - [MESSAGE][PASSED] - Send request successfully

2018-11-15 10:12:55 - [MESSAGE][PASSED] - Execute JavaScript 'document.querySelector('#zone-actions-dropdown').shadowRoot.querySelector('#trigger').click()' successfully

2018-11-15 10:12:56 - [MESSAGE][PASSED] - Delayed 1 second(s)

2018-11-15 10:12:56 - [MESSAGE][PASSED] - com.ge.tms.commonactions.RailroadActions.clickOnZoneActionMenu is PASSED

2018-11-15 10:12:56 - [TEST_STEP][PASSED] - com.ge.tms.commonactions.RailroadActions.clickOnDeleteAction: com.ge.tms.commonactions.RailroadActions.clickOnDeleteAction is PASSED

2018-11-15 10:12:56 - [MESSAGE][PASSED] - Send request successfully

2018-11-15 10:12:56 - [MESSAGE][PASSED] - Send request successfully

2018-11-15 10:12:56 - [MESSAGE][PASSED] - Send request successfully

2018-11-15 10:12:56 - [MESSAGE][PASSED] - Send request successfully

2018-11-15 10:12:56 - [MESSAGE][PASSED] - Execute JavaScript 'document.querySelector('#zone-actions-dropdown').shadowRoot.querySelector('#content').shadowRoot.querySelector('#selector > div:nth-child(2)').click()' successfully

2018-11-15 10:12:56 - [MESSAGE][PASSED] - com.ge.tms.commonactions.RailroadActions.clickOnDeleteAction is PASSED

2018-11-15 10:12:56 - [TEST_STEP][PASSED] - delay: Delayed 1 second(s)

2018-11-15 10:12:57 - [MESSAGE][PASSED] - Delayed 1 second(s)

2018-11-15 10:12:57 - [TEST_STEP][PASSED] - Statement - deleteYesButtonObj = com.kms.katalon.core.testobject.ObjectRepository.findTestObject(Object Repository/F5140-Add Zone Functionalities/QA-US88570-Add Zone/US38196-Save a New Zone/Delete Zone/deleteYesButton): Finding Test Object with id 'Object Repository/F5140-Add Zone Functionalities/QA-US88570-Add Zone/US38196-Save a New Zone/Delete Zone/deleteYesButton'

2018-11-15 10:12:57 - [TEST_STEP][PASSED] - com.ge.tms.commonactions.RailroadActions.clickOnTestObject: com.ge.tms.commonactions.RailroadActions.clickOnTestObject is PASSED

2018-11-15 10:12:57 - [MESSAGE][PASSED] - Send request successfully

2018-11-15 10:12:57 - [MESSAGE][PASSED] - Send request successfully

2018-11-15 10:12:57 - [MESSAGE][PASSED] - Send request successfully

2018-11-15 10:12:57 - [MESSAGE][PASSED] - Send request successfully

2018-11-15 10:12:57 - [MESSAGE][PASSED] - Object: 'Object Repository/F5140-Add Zone Functionalities/QA-US88570-Add Zone/US38196-Save a New Zone/Delete Zone/deleteYesButton' is clicked on

2018-11-15 10:12:57 - [MESSAGE][PASSED] - com.ge.tms.commonactions.RailroadActions.clickOnTestObject is PASSED

2018-11-15 10:12:57 - [TEST_STEP][PASSED] - delay: Delayed 1 second(s)

2018-11-15 10:12:58 - [MESSAGE][PASSED] - Delayed 1 second(s)

2018-11-15 10:12:58 - [TEST_STEP][PASSED] - com.ge.tms.railroad.RailroadVerification.verifyViewStationIdAfterZoneDeletion: com.ge.tms.railroad.RailroadVerification.verifyViewStationIdAfterZoneDeletion is PASSED

2018-11-15 10:12:58 - [MESSAGE][PASSED] - Send request successfully

2018-11-15 10:12:58 - [MESSAGE][PASSED] - Send request successfully

2018-11-15 10:12:58 - [MESSAGE][PASSED] - Send request successfully

2018-11-15 10:12:58 - [MESSAGE][PASSED] - Send request successfully

2018-11-15 10:12:58 - [MESSAGE][PASSED] - Send request successfully

2018-11-15 10:12:58 - [MESSAGE][PASSED] - Send request successfully

2018-11-15 10:12:58 - [MESSAGE][PASSED] - Send request successfully

2018-11-15 10:12:58 - [MESSAGE][PASSED] - Send request successfully

2018-11-15 10:12:58 - [MESSAGE][PASSED] - Text of object 'Object Repository/F11822-Configure and Manage Stations/QA-US87586-View Stations/US84086-View Station Details/View Stations/div_StationCode' is: 'KWHXLLS'

2018-11-15 10:12:58 - [MESSAGE][PASSED] - Actual object 'KWHXLLS' and expected object 'KWHXLLS' are equal

2018-11-15 10:12:58 - [MESSAGE][PASSED] - com.ge.tms.railroad.RailroadVerification.verifyViewStationIdAfterZoneDeletion is PASSED

2018-11-15 10:12:58 - [TEST_STEP][PASSED] - com.ge.tms.commonactions.RailroadActions.clickOnStationActionMenu: com.ge.tms.commonactions.RailroadActions.clickOnStationActionMenu is PASSED

2018-11-15 10:12:58 - [MESSAGE][PASSED] - Send request successfully

2018-11-15 10:12:58 - [MESSAGE][PASSED] - Send request successfully

2018-11-15 10:12:58 - [MESSAGE][PASSED] - Send request successfully

2018-11-15 10:12:58 - [MESSAGE][PASSED] - Send request successfully

2018-11-15 10:12:58 - [MESSAGE][PASSED] - Execute JavaScript 'document.querySelector('#station-actions-dropdown').shadowRoot.querySelector('#trigger').click()' successfully

2018-11-15 10:12:59 - [MESSAGE][PASSED] - Delayed 1 second(s)

2018-11-15 10:12:59 - [MESSAGE][PASSED] - com.ge.tms.commonactions.RailroadActions.clickOnStationActionMenu is PASSED

2018-11-15 10:12:59 - [TEST_STEP][PASSED] - com.ge.tms.commonactions.RailroadActions.clickOnDeleteStationButton: com.ge.tms.commonactions.RailroadActions.clickOnDeleteStationButton is PASSED

2018-11-15 10:12:59 - [MESSAGE][PASSED] - Send request successfully

2018-11-15 10:12:59 - [MESSAGE][PASSED] - Send request successfully

2018-11-15 10:12:59 - [MESSAGE][PASSED] - Send request successfully

2018-11-15 10:12:59 - [MESSAGE][PASSED] - Send request successfully

2018-11-15 10:12:59 - [MESSAGE][PASSED] - Execute JavaScript 'document.querySelector('#station-actions-dropdown').shadowRoot.querySelector('#content').shadowRoot.querySelector('#selector > div:nth-child(2)').click()' successfully

2018-11-15 10:12:59 - [MESSAGE][PASSED] - com.ge.tms.commonactions.RailroadActions.clickOnDeleteStationButton is PASSED

2018-11-15 10:12:59 - [TEST_STEP][PASSED] - Statement - deleteYesButtonObj = com.kms.katalon.core.testobject.ObjectRepository.findTestObject(Object Repository/F11822-Configure and Manage Stations/deleteConfirmationYesButton): Finding Test Object with id 'Object Repository/F11822-Configure and Manage Stations/deleteConfirmationYesButton'

2018-11-15 10:12:59 - [TEST_STEP][PASSED] - com.ge.tms.commonactions.RailroadActions.clickOnTestObject: com.ge.tms.commonactions.RailroadActions.clickOnTestObject is PASSED

2018-11-15 10:12:59 - [MESSAGE][PASSED] - Send request successfully

2018-11-15 10:12:59 - [MESSAGE][PASSED] - Send request successfully

2018-11-15 10:12:59 - [MESSAGE][PASSED] - Send request successfully

2018-11-15 10:12:59 - [MESSAGE][PASSED] - Send request successfully

2018-11-15 10:12:59 - [MESSAGE][PASSED] - Object: 'Object Repository/F11822-Configure and Manage Stations/deleteConfirmationYesButton' is clicked on

2018-11-15 10:12:59 - [MESSAGE][PASSED] - com.ge.tms.commonactions.RailroadActions.clickOnTestObject is PASSED

2018-11-15 10:12:59 - [TEST_STEP][PASSED] - delay: Delayed 1 second(s)

2018-11-15 10:13:00 - [MESSAGE][PASSED] - Delayed 1 second(s)

2018-11-15 10:13:00 - [TEST_STEP][PASSED] - com.ge.tms.railroad.RailroadVerification.verifyDeletedItemNotPresentInSearchView: com.ge.tms.railroad.RailroadVerification.verifyDeletedItemNotPresentInSearchView is PASSED

2018-11-15 10:13:00 - [MESSAGE][PASSED] - Send request successfully

2018-11-15 10:13:00 - [MESSAGE][PASSED] - Send request successfully

2018-11-15 10:13:00 - [MESSAGE][PASSED] - Send request successfully

2018-11-15 10:13:00 - [MESSAGE][PASSED] - Send request successfully

2018-11-15 10:13:00 - [MESSAGE][PASSED] - Send request successfully

2018-11-15 10:13:00 - [MESSAGE][PASSED] - Send request successfully

2018-11-15 10:13:00 - [MESSAGE][PASSED] - Send request successfully

2018-11-15 10:13:00 - [MESSAGE][PASSED] - Send request successfully

2018-11-15 10:13:00 - [MESSAGE][PASSED] - Text 'KWHXLLS' is set on object 'Object Repository/CommonObjects/searchTextBoxLeftNav'

2018-11-15 10:13:02 - [MESSAGE][PASSED] - Delayed 2 second(s)

2018-11-15 10:13:02 - [MESSAGE][PASSED] - Text of object 'Object Repository/CommonObjects/noSearchResultMessageLeftNav' is: 'No stations or zones found.'

2018-11-15 10:13:02 - [MESSAGE][PASSED] - Actual object 'No stations or zones found.' and expected object 'No stations or zones found.' are equal

2018-11-15 10:13:02 - [MESSAGE][PASSED] - com.ge.tms.railroad.RailroadVerification.verifyDeletedItemNotPresentInSearchView is PASSED

2018-11-15 10:13:02 - [TEST_STEP][PASSED] - Start listener action : closeBrowserForTestCasse: Navigate to 'http://localhost:8080/home' successfully

2018-11-15 10:13:02 - [TEST_STEP][PASSED] - Statement - If (isTestSuitEnable == true): null

2018-11-15 10:13:02 - [TEST_STEP][PASSED] - Statement - beforeTestCaseExecute(): null

2018-11-15 10:13:02 - [TEST_STEP][PASSED] - Statement - If (isTestSuitEnable == true): Navigate to 'http://localhost:8080/home' successfully

2018-11-15 10:13:02 - [TEST_STEP][PASSED] - navigateToUrl: Navigate to 'http://localhost:8080/home' successfully

2018-11-15 10:13:03 - [MESSAGE][PASSED] - Navigate to 'http://localhost:8080/home' successfully

2018-11-15 10:13:03 - [TEST_STEP][PASSED] - Start listener action : afterTestCase: Invoke 'com.kms.katalon.core.annotation.AfterTestCase' method: 'TmsTestListner.afterTestCase(...)' completed.

2018-11-15 10:13:03 - [TEST_STEP][PASSED] - Statement - If (java.lang.System.getProperties().containsKey("updateRally")): Invoke 'com.kms.katalon.core.annotation.AfterTestCase' method: 'TmsTestListner.afterTestCase(...)' completed.]]></system-out>
         <system-err><![CDATA[]]></system-err>
      </testcase>
      <testcase name="Test Cases/Railroad/F5362 - Configure and manage track/QA - US92237/US39513 - Add track from zone/TC65592 - Add track from zone" classname="Test Cases/Railroad/F5362 - Configure and manage track/QA - US92237/US39513 - Add track from zone/TC65592 - Add track from zone" status="PASSED">
         <system-out><![CDATA[2018-11-15 10:13:03 - [TEST_CASE][PASSED] - Test Cases/Railroad/F5362 - Configure and manage track/QA - US92237/US39513 - Add track from zone/TC65592 - Add track from zone: Test Cases/Railroad/F5362 - Configure and manage track/QA - US92237/US39513 - Add track from zone/TC65592 - Add track from zone

2018-11-15 10:13:04 - [TEST_STEP][PASSED] - Start listener action : beforeTestCaseExecute: Navigate to 'http://localhost:8080/home' successfully

2018-11-15 10:13:04 - [TEST_STEP][PASSED] - Statement - If (isTestSuitEnable == true): Navigate to 'http://localhost:8080/home' successfully

2018-11-15 10:13:04 - [TEST_STEP][PASSED] - navigateToUrl: Navigate to 'http://localhost:8080/home' successfully

2018-11-15 10:13:04 - [MESSAGE][PASSED] - Navigate to 'http://localhost:8080/home' successfully

2018-11-15 10:13:04 - [TEST_STEP][PASSED] - Statement - util = new com.ge.tms.util.CommonUtilities(): Send request successfully

2018-11-15 10:13:04 - [MESSAGE][PASSED] - Send request successfully

2018-11-15 10:13:04 - [MESSAGE][PASSED] - Send request successfully

2018-11-15 10:13:04 - [MESSAGE][PASSED] - Send request successfully

2018-11-15 10:13:04 - [MESSAGE][PASSED] - Send request successfully

2018-11-15 10:13:04 - [TEST_STEP][PASSED] - Statement - actions = new com.ge.tms.commonactions.RailroadActions(): Send request successfully

2018-11-15 10:13:04 - [MESSAGE][PASSED] - Send request successfully

2018-11-15 10:13:04 - [MESSAGE][PASSED] - Send request successfully

2018-11-15 10:13:04 - [MESSAGE][PASSED] - Send request successfully

2018-11-15 10:13:04 - [MESSAGE][PASSED] - Send request successfully

2018-11-15 10:13:04 - [TEST_STEP][PASSED] - com.ge.tms.commonactions.CommonClickEvents.clickOnRailroadSetup: com.ge.tms.commonactions.CommonClickEvents.clickOnRailroadSetup is PASSED

2018-11-15 10:13:04 - [MESSAGE][PASSED] - Execute JavaScript 'document.querySelector('px-app-nav').shadowRoot.querySelector('#items > px-app-nav-group:nth-child(13) > px-app-nav-subitem:nth-child(1)').click()' successfully

2018-11-15 10:13:07 - [MESSAGE][PASSED] - Delayed 2 second(s)

2018-11-15 10:13:07 - [MESSAGE][PASSED] - com.ge.tms.commonactions.CommonClickEvents.clickOnRailroadSetup is PASSED

2018-11-15 10:13:07 - [TEST_STEP][PASSED] - com.ge.tms.commonactions.RailroadActions.clickOnSelectRailroadDropdown: com.ge.tms.commonactions.RailroadActions.clickOnSelectRailroadDropdown is PASSED

2018-11-15 10:13:07 - [MESSAGE][PASSED] - Send request successfully

2018-11-15 10:13:07 - [MESSAGE][PASSED] - Send request successfully

2018-11-15 10:13:07 - [MESSAGE][PASSED] - Send request successfully

2018-11-15 10:13:07 - [MESSAGE][PASSED] - Send request successfully

2018-11-15 10:13:07 - [MESSAGE][PASSED] - Execute JavaScript 'document.querySelector('#railroads-select-dropdown').shadowRoot.querySelector('#trigger').click()' successfully

2018-11-15 10:13:10 - [MESSAGE][PASSED] - Delayed 3 second(s)

2018-11-15 10:13:10 - [MESSAGE][PASSED] - com.ge.tms.commonactions.RailroadActions.clickOnSelectRailroadDropdown is PASSED

2018-11-15 10:13:10 - [TEST_STEP][PASSED] - com.ge.tms.commonactions.RailroadActions.selectRandomRailRoad: com.ge.tms.commonactions.RailroadActions.selectRandomRailRoad is PASSED

2018-11-15 10:13:10 - [MESSAGE][PASSED] - Send request successfully

2018-11-15 10:13:10 - [MESSAGE][PASSED] - Send request successfully

2018-11-15 10:13:10 - [MESSAGE][PASSED] - Send request successfully

2018-11-15 10:13:10 - [MESSAGE][PASSED] - Send request successfully

2018-11-15 10:13:10 - [MESSAGE][PASSED] - Execute JavaScript 'let railRoadList=[]; document.querySelector('#railroads-select-dropdown').shadowRoot.querySelector('#content').shadowRoot.querySelectorAll('#selector > div.dropdown-option').forEach(node => { railRoadList.push(node.getAttribute('title')) }); return railRoadList' successfully

2018-11-15 10:13:10 - [MESSAGE][PASSED] - Execute JavaScript 'return document.querySelector('#railroads-select-dropdown').shadowRoot.querySelector('#content').shadowRoot.querySelector('#selector > div:nth-child(1) span').innerHTML' successfully

2018-11-15 10:13:10 - [MESSAGE][PASSED] - Execute JavaScript 'return document.querySelector('#railroads-select-dropdown').shadowRoot.querySelector('#content').shadowRoot.querySelector('#selector > div:nth-child(1) span').click()' successfully

2018-11-15 10:13:10 - [MESSAGE][PASSED] - com.ge.tms.commonactions.RailroadActions.selectRandomRailRoad is PASSED

2018-11-15 10:13:10 - [TEST_STEP][PASSED] - delay: Delayed 2 second(s)

2018-11-15 10:13:12 - [MESSAGE][PASSED] - Delayed 2 second(s)

2018-11-15 10:13:12 - [TEST_STEP][PASSED] - Statement - setStationId = <not implemented yet for class: org.codehaus.groovy.ast.expr.EmptyExpression>: null

2018-11-15 10:13:12 - [TEST_STEP][PASSED] - Statement - actions.addStationMandatotyFields(setStationId): Delayed 3 second(s)

2018-11-15 10:13:12 - [MESSAGE][PASSED] - Object: 'Object Repository/F11822-Configure and Manage Stations/Add_New_Station_Button' is clicked on

2018-11-15 10:13:12 - [MESSAGE][PASSED] - Text 'VHMSFHK' is set on object 'Object Repository/F11822-Configure and Manage Stations/station_id'

2018-11-15 10:13:12 - [MESSAGE][PASSED] - Text 'RPYGNQM' is set on object 'Object Repository/F11822-Configure and Manage Stations/station_name'

2018-11-15 10:13:12 - [MESSAGE][PASSED] - Execute JavaScript 'document.querySelector('#splc').shadowRoot.querySelector('#trigger').shadowRoot.querySelector('#trigger').click()' successfully

2018-11-15 10:13:12 - [MESSAGE][PASSED] - Execute JavaScript 'return document.querySelector('#splc').shadowRoot.querySelector('px-overlay-content > #content').shadowRoot.querySelectorAll('#dropdown > div > #selector > div').length' successfully

2018-11-15 10:13:12 - [MESSAGE][PASSED] - Execute JavaScript 'document.querySelector('#splc').shadowRoot.querySelector('px-overlay-content > #content').shadowRoot.querySelector('#dropdown > div > #selector > div:nth-child(1)').click()' successfully

2018-11-15 10:13:12 - [MESSAGE][PASSED] - Execute JavaScript 'return document.querySelector('#fsac').shadowRoot.querySelector('px-overlay-content > #content').shadowRoot.querySelectorAll('#dropdown > div > #selector > div').length' successfully

2018-11-15 10:13:13 - [MESSAGE][PASSED] - Execute JavaScript 'document.querySelector('#fsac').shadowRoot.querySelector('px-overlay-content > #content').shadowRoot.querySelector('#dropdown > div > #selector > div:nth-child(1)').click()' successfully

2018-11-15 10:13:13 - [MESSAGE][PASSED] - Execute JavaScript 'return document.querySelector('#station-timezone-qualifier').shadowRoot.querySelector('px-overlay-content > #content').shadowRoot.querySelectorAll('#dropdown > div > #selector > div').length' successfully

2018-11-15 10:13:13 - [MESSAGE][PASSED] - Execute JavaScript 'document.querySelector('#station-timezone-qualifier').shadowRoot.querySelector('px-overlay-content > #content').shadowRoot.querySelector('#dropdown > div > #selector > div:nth-child(5)').click()' successfully

2018-11-15 10:13:13 - [MESSAGE][PASSED] - Execute JavaScript 'return document.querySelector('#country').shadowRoot.querySelector('px-overlay-content > #content').shadowRoot.querySelectorAll('#dropdown > div > #selector > div').length' successfully

2018-11-15 10:13:13 - [MESSAGE][PASSED] - Execute JavaScript 'document.querySelector('#country').shadowRoot.querySelector('px-overlay-content > #content').shadowRoot.querySelector('#dropdown > div > #selector > div:nth-child(1)').click()' successfully

2018-11-15 10:13:13 - [MESSAGE][PASSED] - Execute JavaScript 'return document.querySelector('#state').shadowRoot.querySelector('px-overlay-content > #content').shadowRoot.querySelectorAll('#dropdown > div > #selector > div').length' successfully

2018-11-15 10:13:13 - [MESSAGE][PASSED] - Execute JavaScript 'document.querySelector('#state').shadowRoot.querySelector('px-overlay-content > #content').shadowRoot.querySelector('#dropdown > div > #selector > div:nth-child(34)').click()' successfully

2018-11-15 10:13:13 - [MESSAGE][PASSED] - Object: 'Object Repository/F11822-Configure and Manage Stations/station_save_button' is clicked on

2018-11-15 10:13:16 - [MESSAGE][PASSED] - Delayed 3 second(s)

2018-11-15 10:13:16 - [TEST_STEP][PASSED] - delay: Delayed 2 second(s)

2018-11-15 10:13:18 - [MESSAGE][PASSED] - Delayed 2 second(s)

2018-11-15 10:13:18 - [TEST_STEP][PASSED] - Statement - setZoneId = <not implemented yet for class: org.codehaus.groovy.ast.expr.EmptyExpression>: null

2018-11-15 10:13:18 - [TEST_STEP][PASSED] - Statement - actions.addZone(setZoneId): Execute JavaScript 'document.querySelector('#zone-type').shadowRoot.querySelector('#content').shadowRoot.querySelector('#selector > div:nth-child(1)').click()' successfully

2018-11-15 10:13:18 - [MESSAGE][PASSED] - Object: 'Object Repository/F5140-Add Zone Functionalities/QA-US88570-Add Zone/US38196-Save a New Zone/Add Edit Zone/addNewZoneButton' is clicked on

2018-11-15 10:13:21 - [MESSAGE][PASSED] - Delayed 3 second(s)

2018-11-15 10:13:21 - [MESSAGE][PASSED] - Text 'ZKUIP' is set on object 'Object Repository/F5140-Add Zone Functionalities/QA-US88570-Add Zone/US38196-Save a New Zone/Add Edit Zone/zoneID'

2018-11-15 10:13:21 - [MESSAGE][PASSED] - Text '88X5PCI' is set on object 'Object Repository/F5140-Add Zone Functionalities/QA-US88570-Add Zone/US38196-Save a New Zone/Add Edit Zone/zoneName'

2018-11-15 10:13:21 - [MESSAGE][PASSED] - Execute JavaScript 'document.querySelector('#zone-type').shadowRoot.querySelector('#trigger').click()' successfully

2018-11-15 10:13:21 - [MESSAGE][PASSED] - Execute JavaScript 'return document.querySelector('#zone-type').shadowRoot.querySelector('#content').shadowRoot.querySelectorAll('#selector > div').length' successfully

2018-11-15 10:13:21 - [MESSAGE][PASSED] - Execute JavaScript 'document.querySelector('#zone-type').shadowRoot.querySelector('#content').shadowRoot.querySelector('#selector > div:nth-child(1)').click()' successfully

2018-11-15 10:13:21 - [TEST_STEP][PASSED] - com.ge.tms.commonactions.RailroadActions.clickOnZoneSaveButton: com.ge.tms.commonactions.RailroadActions.clickOnZoneSaveButton is PASSED

2018-11-15 10:13:21 - [MESSAGE][PASSED] - Send request successfully

2018-11-15 10:13:21 - [MESSAGE][PASSED] - Send request successfully

2018-11-15 10:13:21 - [MESSAGE][PASSED] - Send request successfully

2018-11-15 10:13:21 - [MESSAGE][PASSED] - Send request successfully

2018-11-15 10:13:21 - [MESSAGE][PASSED] - Object: 'Object Repository/F5140-Add Zone Functionalities/QA-US88570-Add Zone/US38196-Save a New Zone/Add Edit Zone/zoneSaveButton' is clicked on

2018-11-15 10:13:24 - [MESSAGE][PASSED] - Delayed 3 second(s)

2018-11-15 10:13:24 - [MESSAGE][PASSED] - com.ge.tms.commonactions.RailroadActions.clickOnZoneSaveButton is PASSED

2018-11-15 10:13:24 - [TEST_STEP][PASSED] - Statement - setTrackId = <not implemented yet for class: org.codehaus.groovy.ast.expr.EmptyExpression>: null

2018-11-15 10:13:24 - [TEST_STEP][PASSED] - Statement - actions.saveNewTrackRecord(setTrackId): Execute JavaScript 'document.querySelector('#trackConditionCode').shadowRoot.querySelector('px-overlay-content > #content').shadowRoot.querySelector('#dropdown > div > #selector > div:nth-child(2)').click()' successfully

2018-11-15 10:13:24 - [MESSAGE][PASSED] - Object: 'Object Repository/F5362 - Configure and Manage Track/AddTrackButton' is clicked on

2018-11-15 10:13:25 - [MESSAGE][PASSED] - Delayed 1 second(s)

2018-11-15 10:13:25 - [MESSAGE][PASSED] - Text 'M3NVM1' is set on object 'Object Repository/F5362 - Configure and Manage Track/Track_id_input'

2018-11-15 10:13:26 - [MESSAGE][PASSED] - Text 'O74AQ7CTG8' is set on object 'Object Repository/F5362 - Configure and Manage Track/Track_Description_input'

2018-11-15 10:13:26 - [MESSAGE][PASSED] - Execute JavaScript 'return document.querySelector('#trackType').shadowRoot.querySelector('px-overlay-content > #content').shadowRoot.querySelectorAll('#dropdown > div > #selector > div').length' successfully

2018-11-15 10:13:26 - [MESSAGE][PASSED] - Execute JavaScript 'document.querySelector('#trackType').shadowRoot.querySelector('px-overlay-content > #content').shadowRoot.querySelector('#dropdown > div > #selector > div:nth-child(3)').click()' successfully

2018-11-15 10:13:26 - [MESSAGE][PASSED] - Text '1' is set on object 'Object Repository/F5362 - Configure and Manage Track/Track_Length_input'

2018-11-15 10:13:26 - [MESSAGE][PASSED] - Text '3' is set on object 'Object Repository/F5362 - Configure and Manage Track/Car_Capacity_input'

2018-11-15 10:13:26 - [MESSAGE][PASSED] - Execute JavaScript 'return document.querySelector('#trackConditionCode').shadowRoot.querySelector('px-overlay-content > #content').shadowRoot.querySelectorAll('#dropdown > div > #selector > div').length' successfully

2018-11-15 10:13:26 - [MESSAGE][PASSED] - Execute JavaScript 'document.querySelector('#trackConditionCode').shadowRoot.querySelector('px-overlay-content > #content').shadowRoot.querySelector('#dropdown > div > #selector > div:nth-child(2)').click()' successfully

2018-11-15 10:13:26 - [TEST_STEP][PASSED] - Statement - actions.saveTrack(): Delayed 1 second(s)

2018-11-15 10:13:26 - [MESSAGE][PASSED] - Object: 'Object Repository/F5362 - Configure and Manage Track/SaveTrackButton' is clicked on

2018-11-15 10:13:27 - [MESSAGE][PASSED] - Delayed 1 second(s)

2018-11-15 10:13:27 - [TEST_STEP][PASSED] - com.ge.tms.railroad.RailroadVerification.verifyNewlyAddedTrack: com.ge.tms.railroad.RailroadVerification.verifyNewlyAddedTrack is PASSED

2018-11-15 10:13:27 - [MESSAGE][PASSED] - Send request successfully

2018-11-15 10:13:27 - [MESSAGE][PASSED] - Send request successfully

2018-11-15 10:13:27 - [MESSAGE][PASSED] - Send request successfully

2018-11-15 10:13:27 - [MESSAGE][PASSED] - Send request successfully

2018-11-15 10:13:27 - [MESSAGE][PASSED] - Send request successfully

2018-11-15 10:13:27 - [MESSAGE][PASSED] - Send request successfully

2018-11-15 10:13:27 - [MESSAGE][PASSED] - Send request successfully

2018-11-15 10:13:27 - [MESSAGE][PASSED] - Send request successfully

2018-11-15 10:13:27 - [MESSAGE][PASSED] - Text of object 'Object Repository/F5362 - Configure and Manage Track/Track_First_row_column_trackid' is: 'M3NVM1'

2018-11-15 10:13:27 - [MESSAGE][PASSED] - Text 'M3NVM1' is set on object 'Object Repository/F5362 - Configure and Manage Track/Track_search_field_row1_trackid'

2018-11-15 10:13:27 - [MESSAGE][PASSED] - Actual object 'M3NVM1' and expected object 'M3NVM1' are equal

2018-11-15 10:13:27 - [MESSAGE][PASSED] - com.ge.tms.railroad.RailroadVerification.verifyNewlyAddedTrack is PASSED

2018-11-15 10:13:27 - [TEST_STEP][PASSED] - com.ge.tms.commonactions.RailroadActions.clickOnDeleteTrack: com.ge.tms.commonactions.RailroadActions.clickOnDeleteTrack is PASSED

2018-11-15 10:13:27 - [MESSAGE][PASSED] - Send request successfully

2018-11-15 10:13:27 - [MESSAGE][PASSED] - Send request successfully

2018-11-15 10:13:27 - [MESSAGE][PASSED] - Send request successfully

2018-11-15 10:13:27 - [MESSAGE][PASSED] - Send request successfully

2018-11-15 10:13:27 - [MESSAGE][PASSED] - Object: 'Object Repository/F5362 - Configure and Manage Track/deleteTrackButton' is clicked on

2018-11-15 10:13:27 - [MESSAGE][PASSED] - com.ge.tms.commonactions.RailroadActions.clickOnDeleteTrack is PASSED

2018-11-15 10:13:27 - [TEST_STEP][PASSED] - Statement - deleteYesButtonObj = com.kms.katalon.core.testobject.ObjectRepository.findTestObject(Object Repository/F5362 - Configure and Manage Track/deleteTrackYesButton): Finding Test Object with id 'Object Repository/F5362 - Configure and Manage Track/deleteTrackYesButton'

2018-11-15 10:13:27 - [TEST_STEP][PASSED] - com.ge.tms.commonactions.RailroadActions.clickOnTestObject: com.ge.tms.commonactions.RailroadActions.clickOnTestObject is PASSED

2018-11-15 10:13:27 - [MESSAGE][PASSED] - Send request successfully

2018-11-15 10:13:27 - [MESSAGE][PASSED] - Send request successfully

2018-11-15 10:13:27 - [MESSAGE][PASSED] - Send request successfully

2018-11-15 10:13:27 - [MESSAGE][PASSED] - Send request successfully

2018-11-15 10:13:28 - [MESSAGE][PASSED] - Object: 'Object Repository/F5362 - Configure and Manage Track/deleteTrackYesButton' is clicked on

2018-11-15 10:13:28 - [MESSAGE][PASSED] - com.ge.tms.commonactions.RailroadActions.clickOnTestObject is PASSED

2018-11-15 10:13:28 - [TEST_STEP][PASSED] - com.ge.tms.railroad.RailroadVerification.verifyNoTracksFoundInSearch: com.ge.tms.railroad.RailroadVerification.verifyNoTracksFoundInSearch is PASSED

2018-11-15 10:13:28 - [MESSAGE][PASSED] - Send request successfully

2018-11-15 10:13:28 - [MESSAGE][PASSED] - Send request successfully

2018-11-15 10:13:28 - [MESSAGE][PASSED] - Send request successfully

2018-11-15 10:13:28 - [MESSAGE][PASSED] - Send request successfully

2018-11-15 10:13:28 - [MESSAGE][PASSED] - Send request successfully

2018-11-15 10:13:28 - [MESSAGE][PASSED] - Send request successfully

2018-11-15 10:13:28 - [MESSAGE][PASSED] - Send request successfully

2018-11-15 10:13:28 - [MESSAGE][PASSED] - Send request successfully

2018-11-15 10:13:28 - [MESSAGE][PASSED] - Text 'M3NVM1' is set on object 'Object Repository/F5362 - Configure and Manage Track/Track_search_field_row1_trackid'

2018-11-15 10:13:28 - [MESSAGE][PASSED] - Text of object 'Object Repository/F5362 - Configure and Manage Track/noRowsfound' is: 'No rows found'

2018-11-15 10:13:28 - [MESSAGE][PASSED] - Actual object 'No rows found' and expected object 'No rows found' are equal

2018-11-15 10:13:28 - [MESSAGE][PASSED] - com.ge.tms.railroad.RailroadVerification.verifyNoTracksFoundInSearch is PASSED

2018-11-15 10:13:28 - [TEST_STEP][PASSED] - delay: Delayed 2 second(s)

2018-11-15 10:13:30 - [MESSAGE][PASSED] - Delayed 2 second(s)

2018-11-15 10:13:30 - [TEST_STEP][PASSED] - com.ge.tms.commonactions.RailroadActions.clickOnZoneActionMenu: com.ge.tms.commonactions.RailroadActions.clickOnZoneActionMenu is PASSED

2018-11-15 10:13:30 - [MESSAGE][PASSED] - Send request successfully

2018-11-15 10:13:30 - [MESSAGE][PASSED] - Send request successfully

2018-11-15 10:13:30 - [MESSAGE][PASSED] - Send request successfully

2018-11-15 10:13:30 - [MESSAGE][PASSED] - Send request successfully

2018-11-15 10:13:30 - [MESSAGE][PASSED] - Execute JavaScript 'document.querySelector('#zone-actions-dropdown').shadowRoot.querySelector('#trigger').click()' successfully

2018-11-15 10:13:31 - [MESSAGE][PASSED] - Delayed 1 second(s)

2018-11-15 10:13:31 - [MESSAGE][PASSED] - com.ge.tms.commonactions.RailroadActions.clickOnZoneActionMenu is PASSED

2018-11-15 10:13:31 - [TEST_STEP][PASSED] - com.ge.tms.commonactions.RailroadActions.clickOnDeleteAction: com.ge.tms.commonactions.RailroadActions.clickOnDeleteAction is PASSED

2018-11-15 10:13:31 - [MESSAGE][PASSED] - Send request successfully

2018-11-15 10:13:31 - [MESSAGE][PASSED] - Send request successfully

2018-11-15 10:13:31 - [MESSAGE][PASSED] - Send request successfully

2018-11-15 10:13:31 - [MESSAGE][PASSED] - Send request successfully

2018-11-15 10:13:31 - [MESSAGE][PASSED] - Execute JavaScript 'document.querySelector('#zone-actions-dropdown').shadowRoot.querySelector('#content').shadowRoot.querySelector('#selector > div:nth-child(2)').click()' successfully

2018-11-15 10:13:31 - [MESSAGE][PASSED] - com.ge.tms.commonactions.RailroadActions.clickOnDeleteAction is PASSED

2018-11-15 10:13:31 - [TEST_STEP][PASSED] - delay: Delayed 1 second(s)

2018-11-15 10:13:32 - [MESSAGE][PASSED] - Delayed 1 second(s)

2018-11-15 10:13:32 - [TEST_STEP][PASSED] - Statement - deleteYesButtonObj = com.kms.katalon.core.testobject.ObjectRepository.findTestObject(Object Repository/F5140-Add Zone Functionalities/QA-US88570-Add Zone/US38196-Save a New Zone/Delete Zone/deleteYesButton): Finding Test Object with id 'Object Repository/F5140-Add Zone Functionalities/QA-US88570-Add Zone/US38196-Save a New Zone/Delete Zone/deleteYesButton'

2018-11-15 10:13:32 - [TEST_STEP][PASSED] - com.ge.tms.commonactions.RailroadActions.clickOnTestObject: com.ge.tms.commonactions.RailroadActions.clickOnTestObject is PASSED

2018-11-15 10:13:32 - [MESSAGE][PASSED] - Send request successfully

2018-11-15 10:13:32 - [MESSAGE][PASSED] - Send request successfully

2018-11-15 10:13:32 - [MESSAGE][PASSED] - Send request successfully

2018-11-15 10:13:32 - [MESSAGE][PASSED] - Send request successfully

2018-11-15 10:13:32 - [MESSAGE][PASSED] - Object: 'Object Repository/F5140-Add Zone Functionalities/QA-US88570-Add Zone/US38196-Save a New Zone/Delete Zone/deleteYesButton' is clicked on

2018-11-15 10:13:32 - [MESSAGE][PASSED] - com.ge.tms.commonactions.RailroadActions.clickOnTestObject is PASSED

2018-11-15 10:13:32 - [TEST_STEP][PASSED] - delay: Delayed 1 second(s)

2018-11-15 10:13:33 - [MESSAGE][PASSED] - Delayed 1 second(s)

2018-11-15 10:13:33 - [TEST_STEP][PASSED] - com.ge.tms.railroad.RailroadVerification.verifyViewStationIdAfterZoneDeletion: com.ge.tms.railroad.RailroadVerification.verifyViewStationIdAfterZoneDeletion is PASSED

2018-11-15 10:13:33 - [MESSAGE][PASSED] - Send request successfully

2018-11-15 10:13:33 - [MESSAGE][PASSED] - Send request successfully

2018-11-15 10:13:33 - [MESSAGE][PASSED] - Send request successfully

2018-11-15 10:13:33 - [MESSAGE][PASSED] - Send request successfully

2018-11-15 10:13:33 - [MESSAGE][PASSED] - Send request successfully

2018-11-15 10:13:33 - [MESSAGE][PASSED] - Send request successfully

2018-11-15 10:13:33 - [MESSAGE][PASSED] - Send request successfully

2018-11-15 10:13:33 - [MESSAGE][PASSED] - Send request successfully

2018-11-15 10:13:33 - [MESSAGE][PASSED] - Text of object 'Object Repository/F11822-Configure and Manage Stations/QA-US87586-View Stations/US84086-View Station Details/View Stations/div_StationCode' is: 'VHMSFHK'

2018-11-15 10:13:33 - [MESSAGE][PASSED] - Actual object 'VHMSFHK' and expected object 'VHMSFHK' are equal

2018-11-15 10:13:33 - [MESSAGE][PASSED] - com.ge.tms.railroad.RailroadVerification.verifyViewStationIdAfterZoneDeletion is PASSED

2018-11-15 10:13:33 - [TEST_STEP][PASSED] - com.ge.tms.commonactions.RailroadActions.clickOnStationActionMenu: com.ge.tms.commonactions.RailroadActions.clickOnStationActionMenu is PASSED

2018-11-15 10:13:33 - [MESSAGE][PASSED] - Send request successfully

2018-11-15 10:13:33 - [MESSAGE][PASSED] - Send request successfully

2018-11-15 10:13:33 - [MESSAGE][PASSED] - Send request successfully

2018-11-15 10:13:33 - [MESSAGE][PASSED] - Send request successfully

2018-11-15 10:13:33 - [MESSAGE][PASSED] - Execute JavaScript 'document.querySelector('#station-actions-dropdown').shadowRoot.querySelector('#trigger').click()' successfully

2018-11-15 10:13:34 - [MESSAGE][PASSED] - Delayed 1 second(s)

2018-11-15 10:13:34 - [MESSAGE][PASSED] - com.ge.tms.commonactions.RailroadActions.clickOnStationActionMenu is PASSED

2018-11-15 10:13:34 - [TEST_STEP][PASSED] - com.ge.tms.commonactions.RailroadActions.clickOnDeleteStationButton: com.ge.tms.commonactions.RailroadActions.clickOnDeleteStationButton is PASSED

2018-11-15 10:13:34 - [MESSAGE][PASSED] - Send request successfully

2018-11-15 10:13:34 - [MESSAGE][PASSED] - Send request successfully

2018-11-15 10:13:34 - [MESSAGE][PASSED] - Send request successfully

2018-11-15 10:13:34 - [MESSAGE][PASSED] - Send request successfully

2018-11-15 10:13:34 - [MESSAGE][PASSED] - Execute JavaScript 'document.querySelector('#station-actions-dropdown').shadowRoot.querySelector('#content').shadowRoot.querySelector('#selector > div:nth-child(2)').click()' successfully

2018-11-15 10:13:34 - [MESSAGE][PASSED] - com.ge.tms.commonactions.RailroadActions.clickOnDeleteStationButton is PASSED

2018-11-15 10:13:34 - [TEST_STEP][PASSED] - Statement - deleteYesButtonObj = com.kms.katalon.core.testobject.ObjectRepository.findTestObject(Object Repository/F11822-Configure and Manage Stations/deleteConfirmationYesButton): Finding Test Object with id 'Object Repository/F11822-Configure and Manage Stations/deleteConfirmationYesButton'

2018-11-15 10:13:34 - [TEST_STEP][PASSED] - com.ge.tms.commonactions.RailroadActions.clickOnTestObject: com.ge.tms.commonactions.RailroadActions.clickOnTestObject is PASSED

2018-11-15 10:13:34 - [MESSAGE][PASSED] - Send request successfully

2018-11-15 10:13:34 - [MESSAGE][PASSED] - Send request successfully

2018-11-15 10:13:34 - [MESSAGE][PASSED] - Send request successfully

2018-11-15 10:13:34 - [MESSAGE][PASSED] - Send request successfully

2018-11-15 10:13:34 - [MESSAGE][PASSED] - Object: 'Object Repository/F11822-Configure and Manage Stations/deleteConfirmationYesButton' is clicked on

2018-11-15 10:13:34 - [MESSAGE][PASSED] - com.ge.tms.commonactions.RailroadActions.clickOnTestObject is PASSED

2018-11-15 10:13:34 - [TEST_STEP][PASSED] - delay: Delayed 1 second(s)

2018-11-15 10:13:35 - [MESSAGE][PASSED] - Delayed 1 second(s)

2018-11-15 10:13:35 - [TEST_STEP][PASSED] - com.ge.tms.railroad.RailroadVerification.verifyDeletedItemNotPresentInSearchView: com.ge.tms.railroad.RailroadVerification.verifyDeletedItemNotPresentInSearchView is PASSED

2018-11-15 10:13:35 - [MESSAGE][PASSED] - Send request successfully

2018-11-15 10:13:35 - [MESSAGE][PASSED] - Send request successfully

2018-11-15 10:13:35 - [MESSAGE][PASSED] - Send request successfully

2018-11-15 10:13:35 - [MESSAGE][PASSED] - Send request successfully

2018-11-15 10:13:35 - [MESSAGE][PASSED] - Send request successfully

2018-11-15 10:13:35 - [MESSAGE][PASSED] - Send request successfully

2018-11-15 10:13:35 - [MESSAGE][PASSED] - Send request successfully

2018-11-15 10:13:35 - [MESSAGE][PASSED] - Send request successfully

2018-11-15 10:13:36 - [MESSAGE][PASSED] - Text 'VHMSFHK' is set on object 'Object Repository/CommonObjects/searchTextBoxLeftNav'

2018-11-15 10:13:38 - [MESSAGE][PASSED] - Delayed 2 second(s)

2018-11-15 10:13:38 - [MESSAGE][PASSED] - Text of object 'Object Repository/CommonObjects/noSearchResultMessageLeftNav' is: 'No stations or zones found.'

2018-11-15 10:13:38 - [MESSAGE][PASSED] - Actual object 'No stations or zones found.' and expected object 'No stations or zones found.' are equal

2018-11-15 10:13:38 - [MESSAGE][PASSED] - com.ge.tms.railroad.RailroadVerification.verifyDeletedItemNotPresentInSearchView is PASSED

2018-11-15 10:13:38 - [TEST_STEP][PASSED] - Start listener action : closeBrowserForTestCasse: Navigate to 'http://localhost:8080/home' successfully

2018-11-15 10:13:38 - [TEST_STEP][PASSED] - Statement - If (isTestSuitEnable == true): null

2018-11-15 10:13:38 - [TEST_STEP][PASSED] - Statement - beforeTestCaseExecute(): null

2018-11-15 10:13:38 - [TEST_STEP][PASSED] - Statement - If (isTestSuitEnable == true): Navigate to 'http://localhost:8080/home' successfully

2018-11-15 10:13:38 - [TEST_STEP][PASSED] - navigateToUrl: Navigate to 'http://localhost:8080/home' successfully

2018-11-15 10:13:39 - [MESSAGE][PASSED] - Navigate to 'http://localhost:8080/home' successfully

2018-11-15 10:13:39 - [TEST_STEP][PASSED] - Start listener action : afterTestCase: Invoke 'com.kms.katalon.core.annotation.AfterTestCase' method: 'TmsTestListner.afterTestCase(...)' completed.

2018-11-15 10:13:39 - [TEST_STEP][PASSED] - Statement - If (java.lang.System.getProperties().containsKey("updateRally")): Invoke 'com.kms.katalon.core.annotation.AfterTestCase' method: 'TmsTestListner.afterTestCase(...)' completed.]]></system-out>
         <system-err><![CDATA[]]></system-err>
      </testcase>
      <testcase name="Test Cases/Railroad/F5362 - Configure and manage track/QA - US88424/US39526 - Edit Track details/TC65864 - Edit Track and save" classname="Test Cases/Railroad/F5362 - Configure and manage track/QA - US88424/US39526 - Edit Track details/TC65864 - Edit Track and save" status="FAILED">
         <failure type="FAILED" message="Unable to click on object 'Object Repository/F5362 - Configure and Manage Track/SaveTrackButton' (Root cause: org.openqa.selenium.WebDriverException: unknown error: Element &lt;button id=&quot;&quot; class=&quot;btn btn--disabled btn--call-to-action float--right&quot; type=&quot;submit&quot; data-testid=&quot;save-track&quot;>...&lt;/button> is not clickable at point (905, 454). Other element would receive the click: &lt;div class=&quot;box&quot;>...&lt;/div>
  (Session info: chrome=70.0.3538.102)
  (Driver info: chromedriver=2.35.528157 (4429ca2590d6988c0745c24c8858745aaaec01ef),platform=Mac OS X 10.12.6 x86_64) (WARNING: The server did not provide any stacktrace information)
Command duration or timeout: 0 milliseconds
Build info: version: '3.7.1', revision: '8a0099a', time: '2017-11-06T21:07:36.161Z'
System info: host: 'GC02PH6QYG3QDE', ip: '192.168.0.3', os.name: 'Mac OS X', os.arch: 'x86_64', os.version: '10.12.6', java.version: '1.8.0_102'
Driver info: com.kms.katalon.selenium.driver.CChromeDriver
Capabilities {acceptInsecureCerts: false, acceptSslCerts: false, applicationCacheEnabled: false, browserConnectionEnabled: false, browserName: chrome, chrome: {chromedriverVersion: 2.35.528157 (4429ca2590d698..., userDataDir: /var/folders/nf/ztgg1f9j5db...}, cssSelectorsEnabled: true, databaseEnabled: false, handlesAlerts: true, hasTouchScreen: false, javascriptEnabled: true, locationContextEnabled: true, mobileEmulationEnabled: false, nativeEvents: true, networkConnectionEnabled: false, pageLoadStrategy: normal, platform: MAC, platformName: MAC, rotatable: false, setWindowRect: true, takesHeapSnapshot: true, takesScreenshot: true, unexpectedAlertBehaviour: , unhandledPromptBehavior: , version: 70.0.3538.102, webStorageEnabled: true}
Session ID: 7410f7a56468c4cb03382fc1637268f6)"/>
         <system-out><![CDATA[2018-11-15 10:13:39 - [TEST_CASE][FAILED] - Test Cases/Railroad/F5362 - Configure and manage track/QA - US88424/US39526 - Edit Track details/TC65864 - Edit Track and save: Test Cases/Railroad/F5362 - Configure and manage track/QA - US88424/US39526 - Edit Track details/TC65864 - Edit Track and save FAILED because (of) Unable to click on object 'Object Repository/F5362 - Configure and Manage Track/SaveTrackButton' (Root cause: org.openqa.selenium.WebDriverException: unknown error: Element <button id="" class="btn btn--disabled btn--call-to-action float--right" type="submit" data-testid="save-track">...</button> is not clickable at point (905, 454). Other element would receive the click: <div class="box">...</div>
  (Session info: chrome=70.0.3538.102)
  (Driver info: chromedriver=2.35.528157 (4429ca2590d6988c0745c24c8858745aaaec01ef),platform=Mac OS X 10.12.6 x86_64) (WARNING: The server did not provide any stacktrace information)
Command duration or timeout: 0 milliseconds
Build info: version: '3.7.1', revision: '8a0099a', time: '2017-11-06T21:07:36.161Z'
System info: host: 'GC02PH6QYG3QDE', ip: '192.168.0.3', os.name: 'Mac OS X', os.arch: 'x86_64', os.version: '10.12.6', java.version: '1.8.0_102'
Driver info: com.kms.katalon.selenium.driver.CChromeDriver
Capabilities {acceptInsecureCerts: false, acceptSslCerts: false, applicationCacheEnabled: false, browserConnectionEnabled: false, browserName: chrome, chrome: {chromedriverVersion: 2.35.528157 (4429ca2590d698..., userDataDir: /var/folders/nf/ztgg1f9j5db...}, cssSelectorsEnabled: true, databaseEnabled: false, handlesAlerts: true, hasTouchScreen: false, javascriptEnabled: true, locationContextEnabled: true, mobileEmulationEnabled: false, nativeEvents: true, networkConnectionEnabled: false, pageLoadStrategy: normal, platform: MAC, platformName: MAC, rotatable: false, setWindowRect: true, takesHeapSnapshot: true, takesScreenshot: true, unexpectedAlertBehaviour: , unhandledPromptBehavior: , version: 70.0.3538.102, webStorageEnabled: true}
Session ID: 7410f7a56468c4cb03382fc1637268f6)

2018-11-15 10:13:39 - [TEST_STEP][PASSED] - Start listener action : beforeTestCaseExecute: Navigate to 'http://localhost:8080/home' successfully

2018-11-15 10:13:39 - [TEST_STEP][PASSED] - Statement - If (isTestSuitEnable == true): Navigate to 'http://localhost:8080/home' successfully

2018-11-15 10:13:39 - [TEST_STEP][PASSED] - navigateToUrl: Navigate to 'http://localhost:8080/home' successfully

2018-11-15 10:13:39 - [MESSAGE][PASSED] - Navigate to 'http://localhost:8080/home' successfully

2018-11-15 10:13:40 - [TEST_STEP][PASSED] - Statement - util = new com.ge.tms.util.CommonUtilities(): Send request successfully

2018-11-15 10:13:40 - [MESSAGE][PASSED] - Send request successfully

2018-11-15 10:13:40 - [MESSAGE][PASSED] - Send request successfully

2018-11-15 10:13:40 - [MESSAGE][PASSED] - Send request successfully

2018-11-15 10:13:40 - [MESSAGE][PASSED] - Send request successfully

2018-11-15 10:13:40 - [TEST_STEP][PASSED] - Statement - actions = new com.ge.tms.commonactions.RailroadActions(): Send request successfully

2018-11-15 10:13:40 - [MESSAGE][PASSED] - Send request successfully

2018-11-15 10:13:40 - [MESSAGE][PASSED] - Send request successfully

2018-11-15 10:13:40 - [MESSAGE][PASSED] - Send request successfully

2018-11-15 10:13:40 - [MESSAGE][PASSED] - Send request successfully

2018-11-15 10:13:40 - [TEST_STEP][PASSED] - com.ge.tms.commonactions.CommonClickEvents.clickOnRailroadSetup: com.ge.tms.commonactions.CommonClickEvents.clickOnRailroadSetup is PASSED

2018-11-15 10:13:40 - [MESSAGE][PASSED] - Execute JavaScript 'document.querySelector('px-app-nav').shadowRoot.querySelector('#items > px-app-nav-group:nth-child(13) > px-app-nav-subitem:nth-child(1)').click()' successfully

2018-11-15 10:13:42 - [MESSAGE][PASSED] - Delayed 2 second(s)

2018-11-15 10:13:42 - [MESSAGE][PASSED] - com.ge.tms.commonactions.CommonClickEvents.clickOnRailroadSetup is PASSED

2018-11-15 10:13:42 - [TEST_STEP][PASSED] - com.ge.tms.commonactions.RailroadActions.clickOnSelectRailroadDropdown: com.ge.tms.commonactions.RailroadActions.clickOnSelectRailroadDropdown is PASSED

2018-11-15 10:13:42 - [MESSAGE][PASSED] - Send request successfully

2018-11-15 10:13:42 - [MESSAGE][PASSED] - Send request successfully

2018-11-15 10:13:42 - [MESSAGE][PASSED] - Send request successfully

2018-11-15 10:13:42 - [MESSAGE][PASSED] - Send request successfully

2018-11-15 10:13:42 - [MESSAGE][PASSED] - Execute JavaScript 'document.querySelector('#railroads-select-dropdown').shadowRoot.querySelector('#trigger').click()' successfully

2018-11-15 10:13:45 - [MESSAGE][PASSED] - Delayed 3 second(s)

2018-11-15 10:13:45 - [MESSAGE][PASSED] - com.ge.tms.commonactions.RailroadActions.clickOnSelectRailroadDropdown is PASSED

2018-11-15 10:13:45 - [TEST_STEP][PASSED] - com.ge.tms.commonactions.RailroadActions.selectRandomRailRoad: com.ge.tms.commonactions.RailroadActions.selectRandomRailRoad is PASSED

2018-11-15 10:13:45 - [MESSAGE][PASSED] - Send request successfully

2018-11-15 10:13:45 - [MESSAGE][PASSED] - Send request successfully

2018-11-15 10:13:45 - [MESSAGE][PASSED] - Send request successfully

2018-11-15 10:13:45 - [MESSAGE][PASSED] - Send request successfully

2018-11-15 10:13:45 - [MESSAGE][PASSED] - Execute JavaScript 'let railRoadList=[]; document.querySelector('#railroads-select-dropdown').shadowRoot.querySelector('#content').shadowRoot.querySelectorAll('#selector > div.dropdown-option').forEach(node => { railRoadList.push(node.getAttribute('title')) }); return railRoadList' successfully

2018-11-15 10:13:45 - [MESSAGE][PASSED] - Execute JavaScript 'return document.querySelector('#railroads-select-dropdown').shadowRoot.querySelector('#content').shadowRoot.querySelector('#selector > div:nth-child(1) span').innerHTML' successfully

2018-11-15 10:13:45 - [MESSAGE][PASSED] - Execute JavaScript 'return document.querySelector('#railroads-select-dropdown').shadowRoot.querySelector('#content').shadowRoot.querySelector('#selector > div:nth-child(1) span').click()' successfully

2018-11-15 10:13:45 - [MESSAGE][PASSED] - com.ge.tms.commonactions.RailroadActions.selectRandomRailRoad is PASSED

2018-11-15 10:13:45 - [TEST_STEP][PASSED] - delay: Delayed 2 second(s)

2018-11-15 10:13:47 - [MESSAGE][PASSED] - Delayed 2 second(s)

2018-11-15 10:13:47 - [TEST_STEP][PASSED] - Statement - setStationId = <not implemented yet for class: org.codehaus.groovy.ast.expr.EmptyExpression>: null

2018-11-15 10:13:47 - [TEST_STEP][PASSED] - Statement - actions.addStationMandatotyFields(setStationId): Delayed 3 second(s)

2018-11-15 10:13:47 - [MESSAGE][PASSED] - Object: 'Object Repository/F11822-Configure and Manage Stations/Add_New_Station_Button' is clicked on

2018-11-15 10:13:47 - [MESSAGE][PASSED] - Text 'CPDFROU' is set on object 'Object Repository/F11822-Configure and Manage Stations/station_id'

2018-11-15 10:13:48 - [MESSAGE][PASSED] - Text 'SAZUPMB' is set on object 'Object Repository/F11822-Configure and Manage Stations/station_name'

2018-11-15 10:13:48 - [MESSAGE][PASSED] - Execute JavaScript 'document.querySelector('#splc').shadowRoot.querySelector('#trigger').shadowRoot.querySelector('#trigger').click()' successfully

2018-11-15 10:13:48 - [MESSAGE][PASSED] - Execute JavaScript 'return document.querySelector('#splc').shadowRoot.querySelector('px-overlay-content > #content').shadowRoot.querySelectorAll('#dropdown > div > #selector > div').length' successfully

2018-11-15 10:13:48 - [MESSAGE][PASSED] - Execute JavaScript 'document.querySelector('#splc').shadowRoot.querySelector('px-overlay-content > #content').shadowRoot.querySelector('#dropdown > div > #selector > div:nth-child(1)').click()' successfully

2018-11-15 10:13:48 - [MESSAGE][PASSED] - Execute JavaScript 'return document.querySelector('#fsac').shadowRoot.querySelector('px-overlay-content > #content').shadowRoot.querySelectorAll('#dropdown > div > #selector > div').length' successfully

2018-11-15 10:13:48 - [MESSAGE][PASSED] - Execute JavaScript 'document.querySelector('#fsac').shadowRoot.querySelector('px-overlay-content > #content').shadowRoot.querySelector('#dropdown > div > #selector > div:nth-child(1)').click()' successfully

2018-11-15 10:13:48 - [MESSAGE][PASSED] - Execute JavaScript 'return document.querySelector('#station-timezone-qualifier').shadowRoot.querySelector('px-overlay-content > #content').shadowRoot.querySelectorAll('#dropdown > div > #selector > div').length' successfully

2018-11-15 10:13:48 - [MESSAGE][PASSED] - Execute JavaScript 'document.querySelector('#station-timezone-qualifier').shadowRoot.querySelector('px-overlay-content > #content').shadowRoot.querySelector('#dropdown > div > #selector > div:nth-child(6)').click()' successfully

2018-11-15 10:13:48 - [MESSAGE][PASSED] - Execute JavaScript 'return document.querySelector('#country').shadowRoot.querySelector('px-overlay-content > #content').shadowRoot.querySelectorAll('#dropdown > div > #selector > div').length' successfully

2018-11-15 10:13:48 - [MESSAGE][PASSED] - Execute JavaScript 'document.querySelector('#country').shadowRoot.querySelector('px-overlay-content > #content').shadowRoot.querySelector('#dropdown > div > #selector > div:nth-child(1)').click()' successfully

2018-11-15 10:13:48 - [MESSAGE][PASSED] - Execute JavaScript 'return document.querySelector('#state').shadowRoot.querySelector('px-overlay-content > #content').shadowRoot.querySelectorAll('#dropdown > div > #selector > div').length' successfully

2018-11-15 10:13:48 - [MESSAGE][PASSED] - Execute JavaScript 'document.querySelector('#state').shadowRoot.querySelector('px-overlay-content > #content').shadowRoot.querySelector('#dropdown > div > #selector > div:nth-child(44)').click()' successfully

2018-11-15 10:13:48 - [MESSAGE][PASSED] - Object: 'Object Repository/F11822-Configure and Manage Stations/station_save_button' is clicked on

2018-11-15 10:13:51 - [MESSAGE][PASSED] - Delayed 3 second(s)

2018-11-15 10:13:51 - [TEST_STEP][PASSED] - delay: Delayed 2 second(s)

2018-11-15 10:13:53 - [MESSAGE][PASSED] - Delayed 2 second(s)

2018-11-15 10:13:53 - [TEST_STEP][PASSED] - Statement - setZoneId = <not implemented yet for class: org.codehaus.groovy.ast.expr.EmptyExpression>: null

2018-11-15 10:13:53 - [TEST_STEP][PASSED] - Statement - actions.addZone(setZoneId): Execute JavaScript 'document.querySelector('#zone-type').shadowRoot.querySelector('#content').shadowRoot.querySelector('#selector > div:nth-child(1)').click()' successfully

2018-11-15 10:13:53 - [MESSAGE][PASSED] - Object: 'Object Repository/F5140-Add Zone Functionalities/QA-US88570-Add Zone/US38196-Save a New Zone/Add Edit Zone/addNewZoneButton' is clicked on

2018-11-15 10:13:56 - [MESSAGE][PASSED] - Delayed 3 second(s)

2018-11-15 10:13:56 - [MESSAGE][PASSED] - Text 'XBNWE' is set on object 'Object Repository/F5140-Add Zone Functionalities/QA-US88570-Add Zone/US38196-Save a New Zone/Add Edit Zone/zoneID'

2018-11-15 10:13:56 - [MESSAGE][PASSED] - Text 'MOKEIJQ' is set on object 'Object Repository/F5140-Add Zone Functionalities/QA-US88570-Add Zone/US38196-Save a New Zone/Add Edit Zone/zoneName'

2018-11-15 10:13:56 - [MESSAGE][PASSED] - Execute JavaScript 'document.querySelector('#zone-type').shadowRoot.querySelector('#trigger').click()' successfully

2018-11-15 10:13:56 - [MESSAGE][PASSED] - Execute JavaScript 'return document.querySelector('#zone-type').shadowRoot.querySelector('#content').shadowRoot.querySelectorAll('#selector > div').length' successfully

2018-11-15 10:13:56 - [MESSAGE][PASSED] - Execute JavaScript 'document.querySelector('#zone-type').shadowRoot.querySelector('#content').shadowRoot.querySelector('#selector > div:nth-child(1)').click()' successfully

2018-11-15 10:13:56 - [TEST_STEP][PASSED] - com.ge.tms.commonactions.RailroadActions.clickOnZoneSaveButton: com.ge.tms.commonactions.RailroadActions.clickOnZoneSaveButton is PASSED

2018-11-15 10:13:56 - [MESSAGE][PASSED] - Send request successfully

2018-11-15 10:13:56 - [MESSAGE][PASSED] - Send request successfully

2018-11-15 10:13:56 - [MESSAGE][PASSED] - Send request successfully

2018-11-15 10:13:56 - [MESSAGE][PASSED] - Send request successfully

2018-11-15 10:13:56 - [MESSAGE][PASSED] - Object: 'Object Repository/F5140-Add Zone Functionalities/QA-US88570-Add Zone/US38196-Save a New Zone/Add Edit Zone/zoneSaveButton' is clicked on

2018-11-15 10:13:59 - [MESSAGE][PASSED] - Delayed 3 second(s)

2018-11-15 10:13:59 - [MESSAGE][PASSED] - com.ge.tms.commonactions.RailroadActions.clickOnZoneSaveButton is PASSED

2018-11-15 10:13:59 - [TEST_STEP][PASSED] - delay: Delayed 2 second(s)

2018-11-15 10:14:01 - [MESSAGE][PASSED] - Delayed 2 second(s)

2018-11-15 10:14:01 - [TEST_STEP][PASSED] - Statement - setTrackId = <not implemented yet for class: org.codehaus.groovy.ast.expr.EmptyExpression>: null

2018-11-15 10:14:01 - [TEST_STEP][PASSED] - Statement - actions.saveNewTrackRecord(setTrackId): Execute JavaScript 'document.querySelector('#trackConditionCode').shadowRoot.querySelector('px-overlay-content > #content').shadowRoot.querySelector('#dropdown > div > #selector > div:nth-child(1)').click()' successfully

2018-11-15 10:14:02 - [MESSAGE][PASSED] - Object: 'Object Repository/F5362 - Configure and Manage Track/AddTrackButton' is clicked on

2018-11-15 10:14:03 - [MESSAGE][PASSED] - Delayed 1 second(s)

2018-11-15 10:14:03 - [MESSAGE][PASSED] - Text 'AP71NF' is set on object 'Object Repository/F5362 - Configure and Manage Track/Track_id_input'

2018-11-15 10:14:03 - [MESSAGE][PASSED] - Text 'FM5TEYJU6N' is set on object 'Object Repository/F5362 - Configure and Manage Track/Track_Description_input'

2018-11-15 10:14:03 - [MESSAGE][PASSED] - Execute JavaScript 'return document.querySelector('#trackType').shadowRoot.querySelector('px-overlay-content > #content').shadowRoot.querySelectorAll('#dropdown > div > #selector > div').length' successfully

2018-11-15 10:14:03 - [MESSAGE][PASSED] - Execute JavaScript 'document.querySelector('#trackType').shadowRoot.querySelector('px-overlay-content > #content').shadowRoot.querySelector('#dropdown > div > #selector > div:nth-child(5)').click()' successfully

2018-11-15 10:14:03 - [MESSAGE][PASSED] - Text '3' is set on object 'Object Repository/F5362 - Configure and Manage Track/Track_Length_input'

2018-11-15 10:14:04 - [MESSAGE][PASSED] - Text '2' is set on object 'Object Repository/F5362 - Configure and Manage Track/Car_Capacity_input'

2018-11-15 10:14:04 - [MESSAGE][PASSED] - Execute JavaScript 'return document.querySelector('#trackConditionCode').shadowRoot.querySelector('px-overlay-content > #content').shadowRoot.querySelectorAll('#dropdown > div > #selector > div').length' successfully

2018-11-15 10:14:04 - [MESSAGE][PASSED] - Execute JavaScript 'document.querySelector('#trackConditionCode').shadowRoot.querySelector('px-overlay-content > #content').shadowRoot.querySelector('#dropdown > div > #selector > div:nth-child(1)').click()' successfully

2018-11-15 10:14:04 - [TEST_STEP][PASSED] - Statement - actions.saveTrack(): Delayed 1 second(s)

2018-11-15 10:14:04 - [MESSAGE][PASSED] - Object: 'Object Repository/F5362 - Configure and Manage Track/SaveTrackButton' is clicked on

2018-11-15 10:14:05 - [MESSAGE][PASSED] - Delayed 1 second(s)

2018-11-15 10:14:05 - [TEST_STEP][PASSED] - delay: Delayed 1 second(s)

2018-11-15 10:14:06 - [MESSAGE][PASSED] - Delayed 1 second(s)

2018-11-15 10:14:06 - [TEST_STEP][PASSED] - Statement - actions.editTrackLength(): Delayed 1 second(s)

2018-11-15 10:14:06 - [MESSAGE][PASSED] - Object: 'Object Repository/F5362 - Configure and Manage Track/edit_track_icon' is clicked on

2018-11-15 10:14:06 - [MESSAGE][PASSED] - Text '3' is set on object 'Object Repository/F5362 - Configure and Manage Track/Track_Length_input'

2018-11-15 10:14:07 - [MESSAGE][PASSED] - Delayed 1 second(s)

2018-11-15 10:14:07 - [TEST_STEP][FAILED] - Statement - actions.saveTrack(): Unable to click on object 'Object Repository/F5362 - Configure and Manage Track/SaveTrackButton' (Root cause: org.openqa.selenium.WebDriverException: unknown error: Element <button id="" class="btn btn--disabled btn--call-to-action float--right" type="submit" data-testid="save-track">...</button> is not clickable at point (905, 454). Other element would receive the click: <div class="box">...</div>
  (Session info: chrome=70.0.3538.102)
  (Driver info: chromedriver=2.35.528157 (4429ca2590d6988c0745c24c8858745aaaec01ef),platform=Mac OS X 10.12.6 x86_64) (WARNING: The server did not provide any stacktrace information)
Command duration or timeout: 0 milliseconds
Build info: version: '3.7.1', revision: '8a0099a', time: '2017-11-06T21:07:36.161Z'
System info: host: 'GC02PH6QYG3QDE', ip: '192.168.0.3', os.name: 'Mac OS X', os.arch: 'x86_64', os.version: '10.12.6', java.version: '1.8.0_102'
Driver info: com.kms.katalon.selenium.driver.CChromeDriver
Capabilities {acceptInsecureCerts: false, acceptSslCerts: false, applicationCacheEnabled: false, browserConnectionEnabled: false, browserName: chrome, chrome: {chromedriverVersion: 2.35.528157 (4429ca2590d698..., userDataDir: /var/folders/nf/ztgg1f9j5db...}, cssSelectorsEnabled: true, databaseEnabled: false, handlesAlerts: true, hasTouchScreen: false, javascriptEnabled: true, locationContextEnabled: true, mobileEmulationEnabled: false, nativeEvents: true, networkConnectionEnabled: false, pageLoadStrategy: normal, platform: MAC, platformName: MAC, rotatable: false, setWindowRect: true, takesHeapSnapshot: true, takesScreenshot: true, unexpectedAlertBehaviour: , unhandledPromptBehavior: , version: 70.0.3538.102, webStorageEnabled: true}
Session ID: 7410f7a56468c4cb03382fc1637268f6)

2018-11-15 10:14:07 - [MESSAGE][FAILED] - Unable to click on object 'Object Repository/F5362 - Configure and Manage Track/SaveTrackButton' (Root cause: org.openqa.selenium.WebDriverException: unknown error: Element <button id="" class="btn btn--disabled btn--call-to-action float--right" type="submit" data-testid="save-track">...</button> is not clickable at point (905, 454). Other element would receive the click: <div class="box">...</div>
  (Session info: chrome=70.0.3538.102)
  (Driver info: chromedriver=2.35.528157 (4429ca2590d6988c0745c24c8858745aaaec01ef),platform=Mac OS X 10.12.6 x86_64) (WARNING: The server did not provide any stacktrace information)
Command duration or timeout: 0 milliseconds
Build info: version: '3.7.1', revision: '8a0099a', time: '2017-11-06T21:07:36.161Z'
System info: host: 'GC02PH6QYG3QDE', ip: '192.168.0.3', os.name: 'Mac OS X', os.arch: 'x86_64', os.version: '10.12.6', java.version: '1.8.0_102'
Driver info: com.kms.katalon.selenium.driver.CChromeDriver
Capabilities {acceptInsecureCerts: false, acceptSslCerts: false, applicationCacheEnabled: false, browserConnectionEnabled: false, browserName: chrome, chrome: {chromedriverVersion: 2.35.528157 (4429ca2590d698..., userDataDir: /var/folders/nf/ztgg1f9j5db...}, cssSelectorsEnabled: true, databaseEnabled: false, handlesAlerts: true, hasTouchScreen: false, javascriptEnabled: true, locationContextEnabled: true, mobileEmulationEnabled: false, nativeEvents: true, networkConnectionEnabled: false, pageLoadStrategy: normal, platform: MAC, platformName: MAC, rotatable: false, setWindowRect: true, takesHeapSnapshot: true, takesScreenshot: true, unexpectedAlertBehaviour: , unhandledPromptBehavior: , version: 70.0.3538.102, webStorageEnabled: true}
Session ID: 7410f7a56468c4cb03382fc1637268f6)
[[ATTACHMENT|/Users/ramesh/Documents/automation/Automation-14112018/tms-qa-automation/TMSLiteRegressionAutomation/Reports/Regression/RailRoad Setup Test Suite/20181115_100733/1542257047463.png]]

2018-11-15 10:14:07 - [TEST_STEP][PASSED] - Start listener action : closeBrowserForTestCasse: Navigate to 'http://localhost:8080/home' successfully

2018-11-15 10:14:07 - [TEST_STEP][PASSED] - Statement - If (isTestSuitEnable == true): null

2018-11-15 10:14:07 - [TEST_STEP][PASSED] - Statement - beforeTestCaseExecute(): null

2018-11-15 10:14:07 - [TEST_STEP][PASSED] - Statement - If (isTestSuitEnable == true): Navigate to 'http://localhost:8080/home' successfully

2018-11-15 10:14:07 - [TEST_STEP][PASSED] - navigateToUrl: Navigate to 'http://localhost:8080/home' successfully

2018-11-15 10:14:09 - [MESSAGE][PASSED] - Navigate to 'http://localhost:8080/home' successfully

2018-11-15 10:14:09 - [TEST_STEP][PASSED] - Start listener action : afterTestCase: Invoke 'com.kms.katalon.core.annotation.AfterTestCase' method: 'TmsTestListner.afterTestCase(...)' completed.

2018-11-15 10:14:09 - [TEST_STEP][PASSED] - Statement - If (java.lang.System.getProperties().containsKey("updateRally")): Invoke 'com.kms.katalon.core.annotation.AfterTestCase' method: 'TmsTestListner.afterTestCase(...)' completed.]]></system-out>
         <system-err><![CDATA[2018-11-15 10:13:39 - [TEST_CASE][FAILED] - Test Cases/Railroad/F5362 - Configure and manage track/QA - US88424/US39526 - Edit Track details/TC65864 - Edit Track and save: Test Cases/Railroad/F5362 - Configure and manage track/QA - US88424/US39526 - Edit Track details/TC65864 - Edit Track and save FAILED because (of) Unable to click on object 'Object Repository/F5362 - Configure and Manage Track/SaveTrackButton' (Root cause: org.openqa.selenium.WebDriverException: unknown error: Element <button id="" class="btn btn--disabled btn--call-to-action float--right" type="submit" data-testid="save-track">...</button> is not clickable at point (905, 454). Other element would receive the click: <div class="box">...</div>
  (Session info: chrome=70.0.3538.102)
  (Driver info: chromedriver=2.35.528157 (4429ca2590d6988c0745c24c8858745aaaec01ef),platform=Mac OS X 10.12.6 x86_64) (WARNING: The server did not provide any stacktrace information)
Command duration or timeout: 0 milliseconds
Build info: version: '3.7.1', revision: '8a0099a', time: '2017-11-06T21:07:36.161Z'
System info: host: 'GC02PH6QYG3QDE', ip: '192.168.0.3', os.name: 'Mac OS X', os.arch: 'x86_64', os.version: '10.12.6', java.version: '1.8.0_102'
Driver info: com.kms.katalon.selenium.driver.CChromeDriver
Capabilities {acceptInsecureCerts: false, acceptSslCerts: false, applicationCacheEnabled: false, browserConnectionEnabled: false, browserName: chrome, chrome: {chromedriverVersion: 2.35.528157 (4429ca2590d698..., userDataDir: /var/folders/nf/ztgg1f9j5db...}, cssSelectorsEnabled: true, databaseEnabled: false, handlesAlerts: true, hasTouchScreen: false, javascriptEnabled: true, locationContextEnabled: true, mobileEmulationEnabled: false, nativeEvents: true, networkConnectionEnabled: false, pageLoadStrategy: normal, platform: MAC, platformName: MAC, rotatable: false, setWindowRect: true, takesHeapSnapshot: true, takesScreenshot: true, unexpectedAlertBehaviour: , unhandledPromptBehavior: , version: 70.0.3538.102, webStorageEnabled: true}
Session ID: 7410f7a56468c4cb03382fc1637268f6)]]></system-err>
      </testcase>
      <testcase name="Test Cases/Railroad/F5362 - Configure and manage track/QA - US92237/US39513 - Add track from zone/TC65769 - Add track from zone - validations" classname="Test Cases/Railroad/F5362 - Configure and manage track/QA - US92237/US39513 - Add track from zone/TC65769 - Add track from zone - validations" status="PASSED">
         <system-out><![CDATA[2018-11-15 10:14:09 - [TEST_CASE][PASSED] - Test Cases/Railroad/F5362 - Configure and manage track/QA - US92237/US39513 - Add track from zone/TC65769 - Add track from zone - validations: Test Cases/Railroad/F5362 - Configure and manage track/QA - US92237/US39513 - Add track from zone/TC65769 - Add track from zone - validations

2018-11-15 10:14:09 - [TEST_STEP][PASSED] - Start listener action : beforeTestCaseExecute: Navigate to 'http://localhost:8080/home' successfully

2018-11-15 10:14:09 - [TEST_STEP][PASSED] - Statement - If (isTestSuitEnable == true): Navigate to 'http://localhost:8080/home' successfully

2018-11-15 10:14:09 - [TEST_STEP][PASSED] - navigateToUrl: Navigate to 'http://localhost:8080/home' successfully

2018-11-15 10:14:10 - [MESSAGE][PASSED] - Navigate to 'http://localhost:8080/home' successfully

2018-11-15 10:14:10 - [TEST_STEP][PASSED] - Statement - util = new com.ge.tms.util.CommonUtilities(): Send request successfully

2018-11-15 10:14:10 - [MESSAGE][PASSED] - Send request successfully

2018-11-15 10:14:10 - [MESSAGE][PASSED] - Send request successfully

2018-11-15 10:14:10 - [MESSAGE][PASSED] - Send request successfully

2018-11-15 10:14:10 - [MESSAGE][PASSED] - Send request successfully

2018-11-15 10:14:10 - [TEST_STEP][PASSED] - Statement - actions = new com.ge.tms.commonactions.RailroadActions(): Send request successfully

2018-11-15 10:14:10 - [MESSAGE][PASSED] - Send request successfully

2018-11-15 10:14:10 - [MESSAGE][PASSED] - Send request successfully

2018-11-15 10:14:10 - [MESSAGE][PASSED] - Send request successfully

2018-11-15 10:14:10 - [MESSAGE][PASSED] - Send request successfully

2018-11-15 10:14:10 - [TEST_STEP][PASSED] - com.ge.tms.commonactions.CommonClickEvents.clickOnRailroadSetup: com.ge.tms.commonactions.CommonClickEvents.clickOnRailroadSetup is PASSED

2018-11-15 10:14:10 - [MESSAGE][PASSED] - Execute JavaScript 'document.querySelector('px-app-nav').shadowRoot.querySelector('#items > px-app-nav-group:nth-child(13) > px-app-nav-subitem:nth-child(1)').click()' successfully

2018-11-15 10:14:12 - [MESSAGE][PASSED] - Delayed 2 second(s)

2018-11-15 10:14:12 - [MESSAGE][PASSED] - com.ge.tms.commonactions.CommonClickEvents.clickOnRailroadSetup is PASSED

2018-11-15 10:14:12 - [TEST_STEP][PASSED] - com.ge.tms.commonactions.RailroadActions.clickOnSelectRailroadDropdown: com.ge.tms.commonactions.RailroadActions.clickOnSelectRailroadDropdown is PASSED

2018-11-15 10:14:12 - [MESSAGE][PASSED] - Send request successfully

2018-11-15 10:14:12 - [MESSAGE][PASSED] - Send request successfully

2018-11-15 10:14:12 - [MESSAGE][PASSED] - Send request successfully

2018-11-15 10:14:12 - [MESSAGE][PASSED] - Send request successfully

2018-11-15 10:14:12 - [MESSAGE][PASSED] - Execute JavaScript 'document.querySelector('#railroads-select-dropdown').shadowRoot.querySelector('#trigger').click()' successfully

2018-11-15 10:14:15 - [MESSAGE][PASSED] - Delayed 3 second(s)

2018-11-15 10:14:15 - [MESSAGE][PASSED] - com.ge.tms.commonactions.RailroadActions.clickOnSelectRailroadDropdown is PASSED

2018-11-15 10:14:15 - [TEST_STEP][PASSED] - com.ge.tms.commonactions.RailroadActions.selectRandomRailRoad: com.ge.tms.commonactions.RailroadActions.selectRandomRailRoad is PASSED

2018-11-15 10:14:15 - [MESSAGE][PASSED] - Send request successfully

2018-11-15 10:14:15 - [MESSAGE][PASSED] - Send request successfully

2018-11-15 10:14:15 - [MESSAGE][PASSED] - Send request successfully

2018-11-15 10:14:15 - [MESSAGE][PASSED] - Send request successfully

2018-11-15 10:14:15 - [MESSAGE][PASSED] - Execute JavaScript 'let railRoadList=[]; document.querySelector('#railroads-select-dropdown').shadowRoot.querySelector('#content').shadowRoot.querySelectorAll('#selector > div.dropdown-option').forEach(node => { railRoadList.push(node.getAttribute('title')) }); return railRoadList' successfully

2018-11-15 10:14:15 - [MESSAGE][PASSED] - Execute JavaScript 'return document.querySelector('#railroads-select-dropdown').shadowRoot.querySelector('#content').shadowRoot.querySelector('#selector > div:nth-child(1) span').innerHTML' successfully

2018-11-15 10:14:15 - [MESSAGE][PASSED] - Execute JavaScript 'return document.querySelector('#railroads-select-dropdown').shadowRoot.querySelector('#content').shadowRoot.querySelector('#selector > div:nth-child(1) span').click()' successfully

2018-11-15 10:14:15 - [MESSAGE][PASSED] - com.ge.tms.commonactions.RailroadActions.selectRandomRailRoad is PASSED

2018-11-15 10:14:15 - [TEST_STEP][PASSED] - delay: Delayed 2 second(s)

2018-11-15 10:14:17 - [MESSAGE][PASSED] - Delayed 2 second(s)

2018-11-15 10:14:17 - [TEST_STEP][PASSED] - Statement - setStationId = <not implemented yet for class: org.codehaus.groovy.ast.expr.EmptyExpression>: null

2018-11-15 10:14:17 - [TEST_STEP][PASSED] - Statement - actions.addStationMandatotyFields(setStationId): Delayed 3 second(s)

2018-11-15 10:14:17 - [MESSAGE][PASSED] - Object: 'Object Repository/F11822-Configure and Manage Stations/Add_New_Station_Button' is clicked on

2018-11-15 10:14:18 - [MESSAGE][PASSED] - Text 'N5SWARD' is set on object 'Object Repository/F11822-Configure and Manage Stations/station_id'

2018-11-15 10:14:18 - [MESSAGE][PASSED] - Text 'SCJR8M8' is set on object 'Object Repository/F11822-Configure and Manage Stations/station_name'

2018-11-15 10:14:18 - [MESSAGE][PASSED] - Execute JavaScript 'document.querySelector('#splc').shadowRoot.querySelector('#trigger').shadowRoot.querySelector('#trigger').click()' successfully

2018-11-15 10:14:18 - [MESSAGE][PASSED] - Execute JavaScript 'return document.querySelector('#splc').shadowRoot.querySelector('px-overlay-content > #content').shadowRoot.querySelectorAll('#dropdown > div > #selector > div').length' successfully

2018-11-15 10:14:18 - [MESSAGE][PASSED] - Execute JavaScript 'document.querySelector('#splc').shadowRoot.querySelector('px-overlay-content > #content').shadowRoot.querySelector('#dropdown > div > #selector > div:nth-child(1)').click()' successfully

2018-11-15 10:14:18 - [MESSAGE][PASSED] - Execute JavaScript 'return document.querySelector('#fsac').shadowRoot.querySelector('px-overlay-content > #content').shadowRoot.querySelectorAll('#dropdown > div > #selector > div').length' successfully

2018-11-15 10:14:18 - [MESSAGE][PASSED] - Execute JavaScript 'document.querySelector('#fsac').shadowRoot.querySelector('px-overlay-content > #content').shadowRoot.querySelector('#dropdown > div > #selector > div:nth-child(1)').click()' successfully

2018-11-15 10:14:18 - [MESSAGE][PASSED] - Execute JavaScript 'return document.querySelector('#station-timezone-qualifier').shadowRoot.querySelector('px-overlay-content > #content').shadowRoot.querySelectorAll('#dropdown > div > #selector > div').length' successfully

2018-11-15 10:14:18 - [MESSAGE][PASSED] - Execute JavaScript 'document.querySelector('#station-timezone-qualifier').shadowRoot.querySelector('px-overlay-content > #content').shadowRoot.querySelector('#dropdown > div > #selector > div:nth-child(7)').click()' successfully

2018-11-15 10:14:18 - [MESSAGE][PASSED] - Execute JavaScript 'return document.querySelector('#country').shadowRoot.querySelector('px-overlay-content > #content').shadowRoot.querySelectorAll('#dropdown > div > #selector > div').length' successfully

2018-11-15 10:14:18 - [MESSAGE][PASSED] - Execute JavaScript 'document.querySelector('#country').shadowRoot.querySelector('px-overlay-content > #content').shadowRoot.querySelector('#dropdown > div > #selector > div:nth-child(2)').click()' successfully

2018-11-15 10:14:18 - [MESSAGE][PASSED] - Execute JavaScript 'return document.querySelector('#state').shadowRoot.querySelector('px-overlay-content > #content').shadowRoot.querySelectorAll('#dropdown > div > #selector > div').length' successfully

2018-11-15 10:14:18 - [MESSAGE][PASSED] - Execute JavaScript 'document.querySelector('#state').shadowRoot.querySelector('px-overlay-content > #content').shadowRoot.querySelector('#dropdown > div > #selector > div:nth-child(5)').click()' successfully

2018-11-15 10:14:18 - [MESSAGE][PASSED] - Object: 'Object Repository/F11822-Configure and Manage Stations/station_save_button' is clicked on

2018-11-15 10:14:21 - [MESSAGE][PASSED] - Delayed 3 second(s)

2018-11-15 10:14:21 - [TEST_STEP][PASSED] - delay: Delayed 2 second(s)

2018-11-15 10:14:23 - [MESSAGE][PASSED] - Delayed 2 second(s)

2018-11-15 10:14:23 - [TEST_STEP][PASSED] - Statement - setZoneId = <not implemented yet for class: org.codehaus.groovy.ast.expr.EmptyExpression>: null

2018-11-15 10:14:23 - [TEST_STEP][PASSED] - Statement - actions.addZone(setZoneId): Execute JavaScript 'document.querySelector('#zone-type').shadowRoot.querySelector('#content').shadowRoot.querySelector('#selector > div:nth-child(1)').click()' successfully

2018-11-15 10:14:23 - [MESSAGE][PASSED] - Object: 'Object Repository/F5140-Add Zone Functionalities/QA-US88570-Add Zone/US38196-Save a New Zone/Add Edit Zone/addNewZoneButton' is clicked on

2018-11-15 10:14:26 - [MESSAGE][PASSED] - Delayed 3 second(s)

2018-11-15 10:14:26 - [MESSAGE][PASSED] - Text 'HMZQZ' is set on object 'Object Repository/F5140-Add Zone Functionalities/QA-US88570-Add Zone/US38196-Save a New Zone/Add Edit Zone/zoneID'

2018-11-15 10:14:27 - [MESSAGE][PASSED] - Text 'SKSQFQT' is set on object 'Object Repository/F5140-Add Zone Functionalities/QA-US88570-Add Zone/US38196-Save a New Zone/Add Edit Zone/zoneName'

2018-11-15 10:14:27 - [MESSAGE][PASSED] - Execute JavaScript 'document.querySelector('#zone-type').shadowRoot.querySelector('#trigger').click()' successfully

2018-11-15 10:14:27 - [MESSAGE][PASSED] - Execute JavaScript 'return document.querySelector('#zone-type').shadowRoot.querySelector('#content').shadowRoot.querySelectorAll('#selector > div').length' successfully

2018-11-15 10:14:27 - [MESSAGE][PASSED] - Execute JavaScript 'document.querySelector('#zone-type').shadowRoot.querySelector('#content').shadowRoot.querySelector('#selector > div:nth-child(1)').click()' successfully

2018-11-15 10:14:27 - [TEST_STEP][PASSED] - com.ge.tms.commonactions.RailroadActions.clickOnZoneSaveButton: com.ge.tms.commonactions.RailroadActions.clickOnZoneSaveButton is PASSED

2018-11-15 10:14:27 - [MESSAGE][PASSED] - Send request successfully

2018-11-15 10:14:27 - [MESSAGE][PASSED] - Send request successfully

2018-11-15 10:14:27 - [MESSAGE][PASSED] - Send request successfully

2018-11-15 10:14:27 - [MESSAGE][PASSED] - Send request successfully

2018-11-15 10:14:27 - [MESSAGE][PASSED] - Object: 'Object Repository/F5140-Add Zone Functionalities/QA-US88570-Add Zone/US38196-Save a New Zone/Add Edit Zone/zoneSaveButton' is clicked on

2018-11-15 10:14:30 - [MESSAGE][PASSED] - Delayed 3 second(s)

2018-11-15 10:14:30 - [MESSAGE][PASSED] - com.ge.tms.commonactions.RailroadActions.clickOnZoneSaveButton is PASSED

2018-11-15 10:14:30 - [TEST_STEP][PASSED] - Statement - actions.clickOnAddNewTrackButton(): Delayed 1 second(s)

2018-11-15 10:14:30 - [MESSAGE][PASSED] - Object: 'Object Repository/F5362 - Configure and Manage Track/AddTrackButton' is clicked on

2018-11-15 10:14:31 - [MESSAGE][PASSED] - Delayed 1 second(s)

2018-11-15 10:14:31 - [TEST_STEP][PASSED] - com.ge.tms.railroad.RailroadVerification.verifyTrackErrorMessages: com.ge.tms.railroad.RailroadVerification.verifyTrackErrorMessages is PASSED

2018-11-15 10:14:31 - [MESSAGE][PASSED] - Send request successfully

2018-11-15 10:14:31 - [MESSAGE][PASSED] - Send request successfully

2018-11-15 10:14:31 - [MESSAGE][PASSED] - Send request successfully

2018-11-15 10:14:31 - [MESSAGE][PASSED] - Send request successfully

2018-11-15 10:14:31 - [MESSAGE][PASSED] - Send request successfully

2018-11-15 10:14:31 - [MESSAGE][PASSED] - Send request successfully

2018-11-15 10:14:31 - [MESSAGE][PASSED] - Send request successfully

2018-11-15 10:14:31 - [MESSAGE][PASSED] - Send request successfully

2018-11-15 10:14:31 - [MESSAGE][PASSED] - Object: 'Object Repository/F5362 - Configure and Manage Track/Track_id_input' is clicked on

2018-11-15 10:14:31 - [MESSAGE][PASSED] - Keys '	' sent to object: 'Object Repository/F5362 - Configure and Manage Track/Track_id_input'

2018-11-15 10:14:31 - [MESSAGE][PASSED] - Text of object 'Object Repository/F5362 - Configure and Manage Track/Track_Id_Error_Message' is: 'TRACK ID CANNOT BE EMPTY'

2018-11-15 10:14:31 - [MESSAGE][PASSED] - Actual object 'TRACK ID CANNOT BE EMPTY' and expected object 'TRACK ID CANNOT BE EMPTY' are equal

2018-11-15 10:14:31 - [MESSAGE][PASSED] - Attribute 'class' of object 'Object Repository/F5362 - Configure and Manage Track/SaveTrackButton' is: 'btn btn--disabled btn--call-to-action float--right'

2018-11-15 10:14:31 - [MESSAGE][PASSED] - Actual object 'true' and expected object 'true' are equal

2018-11-15 10:14:31 - [MESSAGE][PASSED] - Text 'A*@T&!' is set on object 'Object Repository/F5362 - Configure and Manage Track/Track_id_input'

2018-11-15 10:14:31 - [MESSAGE][PASSED] - Text of object 'Object Repository/F5362 - Configure and Manage Track/Track_Id_Error_Message' is: 'ALPHANUMERIC ONLY'

2018-11-15 10:14:31 - [MESSAGE][PASSED] - Actual object 'ALPHANUMERIC ONLY' and expected object 'ALPHANUMERIC ONLY' are equal

2018-11-15 10:14:31 - [MESSAGE][PASSED] - Attribute 'class' of object 'Object Repository/F5362 - Configure and Manage Track/SaveTrackButton' is: 'btn btn--disabled btn--call-to-action float--right'

2018-11-15 10:14:31 - [MESSAGE][PASSED] - Actual object 'true' and expected object 'true' are equal

2018-11-15 10:14:31 - [MESSAGE][PASSED] - Text of object 'Object Repository/F5362 - Configure and Manage Track/Track_Length_input' is cleared

2018-11-15 10:14:31 - [MESSAGE][PASSED] - Keys '	' sent to object: 'Object Repository/F5362 - Configure and Manage Track/Track_Length_input'

2018-11-15 10:14:31 - [MESSAGE][PASSED] - Text of object 'Object Repository/F5362 - Configure and Manage Track/Track_Length_Error_message' is: 'TRACK LENGTH CANNOT BE EMPTY'

2018-11-15 10:14:31 - [MESSAGE][PASSED] - Actual object 'TRACK LENGTH CANNOT BE EMPTY' and expected object 'TRACK LENGTH CANNOT BE EMPTY' are equal

2018-11-15 10:14:31 - [MESSAGE][PASSED] - Attribute 'class' of object 'Object Repository/F5362 - Configure and Manage Track/SaveTrackButton' is: 'btn btn--disabled btn--call-to-action float--right'

2018-11-15 10:14:31 - [MESSAGE][PASSED] - Actual object 'true' and expected object 'true' are equal

2018-11-15 10:14:31 - [MESSAGE][PASSED] - Object: 'Object Repository/F5362 - Configure and Manage Track/Track_Description_input' is clicked on

2018-11-15 10:14:31 - [MESSAGE][PASSED] - Keys '	' sent to object: 'Object Repository/F5362 - Configure and Manage Track/Track_Description_input'

2018-11-15 10:14:31 - [MESSAGE][PASSED] - Text of object 'Object Repository/F5362 - Configure and Manage Track/Track_Desc_Error_Message' is: 'TRACK DESCRIPTION CANNOT BE EMPTY'

2018-11-15 10:14:31 - [MESSAGE][PASSED] - Actual object 'TRACK DESCRIPTION CANNOT BE EMPTY' and expected object 'TRACK DESCRIPTION CANNOT BE EMPTY' are equal

2018-11-15 10:14:31 - [MESSAGE][PASSED] - Attribute 'class' of object 'Object Repository/F5362 - Configure and Manage Track/SaveTrackButton' is: 'btn btn--disabled btn--call-to-action float--right'

2018-11-15 10:14:31 - [MESSAGE][PASSED] - Actual object 'true' and expected object 'true' are equal

2018-11-15 10:14:31 - [MESSAGE][PASSED] - Execute JavaScript 'return document.querySelector('#trackType').shadowRoot.querySelector('px-overlay-content > #content').shadowRoot.querySelectorAll('#dropdown > div > #selector > div').length' successfully

2018-11-15 10:14:31 - [MESSAGE][PASSED] - Execute JavaScript 'document.querySelector('#trackType').shadowRoot.querySelector('px-overlay-content > #content').shadowRoot.querySelector('#dropdown > div > #selector > div:nth-child(4)').click()' successfully

2018-11-15 10:14:31 - [MESSAGE][PASSED] - Execute JavaScript 'document.querySelector('#trackType').shadowRoot.querySelector('#trigger').shadowRoot.querySelector('#trigger').click()' successfully

2018-11-15 10:14:32 - [MESSAGE][PASSED] - Execute JavaScript 'document.querySelector('#trackType').shadowRoot.querySelector('#trigger').shadowRoot.querySelector('px-icon').click()' successfully

2018-11-15 10:14:32 - [MESSAGE][PASSED] - Text of object 'Object Repository/F5362 - Configure and Manage Track/Track_Type_Error_Message' is: 'TRACK TYPE CANNOT BE EMPTY'

2018-11-15 10:14:32 - [MESSAGE][PASSED] - Actual object 'TRACK TYPE CANNOT BE EMPTY' and expected object 'TRACK TYPE CANNOT BE EMPTY' are equal

2018-11-15 10:14:32 - [MESSAGE][PASSED] - Attribute 'class' of object 'Object Repository/F5362 - Configure and Manage Track/SaveTrackButton' is: 'btn btn--disabled btn--call-to-action float--right'

2018-11-15 10:14:32 - [MESSAGE][PASSED] - Actual object 'true' and expected object 'true' are equal

2018-11-15 10:14:32 - [MESSAGE][PASSED] - com.ge.tms.railroad.RailroadVerification.verifyTrackErrorMessages is PASSED

2018-11-15 10:14:32 - [TEST_STEP][PASSED] - Statement - actions.clickCancelTrack(): Object: 'Object Repository/F5362 - Configure and Manage Track/CancelTrackButton' is clicked on

2018-11-15 10:14:32 - [MESSAGE][PASSED] - Object: 'Object Repository/F5362 - Configure and Manage Track/CancelTrackButton' is clicked on

2018-11-15 10:14:32 - [TEST_STEP][PASSED] - delay: Delayed 1 second(s)

2018-11-15 10:14:33 - [MESSAGE][PASSED] - Delayed 1 second(s)

2018-11-15 10:14:33 - [TEST_STEP][PASSED] - com.ge.tms.commonactions.RailroadActions.clickOnZoneActionMenu: com.ge.tms.commonactions.RailroadActions.clickOnZoneActionMenu is PASSED

2018-11-15 10:14:33 - [MESSAGE][PASSED] - Send request successfully

2018-11-15 10:14:33 - [MESSAGE][PASSED] - Send request successfully

2018-11-15 10:14:33 - [MESSAGE][PASSED] - Send request successfully

2018-11-15 10:14:33 - [MESSAGE][PASSED] - Send request successfully

2018-11-15 10:14:33 - [MESSAGE][PASSED] - Execute JavaScript 'document.querySelector('#zone-actions-dropdown').shadowRoot.querySelector('#trigger').click()' successfully

2018-11-15 10:14:34 - [MESSAGE][PASSED] - Delayed 1 second(s)

2018-11-15 10:14:34 - [MESSAGE][PASSED] - com.ge.tms.commonactions.RailroadActions.clickOnZoneActionMenu is PASSED

2018-11-15 10:14:34 - [TEST_STEP][PASSED] - com.ge.tms.commonactions.RailroadActions.clickOnDeleteAction: com.ge.tms.commonactions.RailroadActions.clickOnDeleteAction is PASSED

2018-11-15 10:14:34 - [MESSAGE][PASSED] - Send request successfully

2018-11-15 10:14:34 - [MESSAGE][PASSED] - Send request successfully

2018-11-15 10:14:34 - [MESSAGE][PASSED] - Send request successfully

2018-11-15 10:14:34 - [MESSAGE][PASSED] - Send request successfully

2018-11-15 10:14:34 - [MESSAGE][PASSED] - Execute JavaScript 'document.querySelector('#zone-actions-dropdown').shadowRoot.querySelector('#content').shadowRoot.querySelector('#selector > div:nth-child(2)').click()' successfully

2018-11-15 10:14:34 - [MESSAGE][PASSED] - com.ge.tms.commonactions.RailroadActions.clickOnDeleteAction is PASSED

2018-11-15 10:14:34 - [TEST_STEP][PASSED] - delay: Delayed 1 second(s)

2018-11-15 10:14:35 - [MESSAGE][PASSED] - Delayed 1 second(s)

2018-11-15 10:14:35 - [TEST_STEP][PASSED] - Statement - deleteYesButtonObj = com.kms.katalon.core.testobject.ObjectRepository.findTestObject(Object Repository/F5140-Add Zone Functionalities/QA-US88570-Add Zone/US38196-Save a New Zone/Delete Zone/deleteYesButton): Finding Test Object with id 'Object Repository/F5140-Add Zone Functionalities/QA-US88570-Add Zone/US38196-Save a New Zone/Delete Zone/deleteYesButton'

2018-11-15 10:14:35 - [TEST_STEP][PASSED] - com.ge.tms.commonactions.RailroadActions.clickOnTestObject: com.ge.tms.commonactions.RailroadActions.clickOnTestObject is PASSED

2018-11-15 10:14:35 - [MESSAGE][PASSED] - Send request successfully

2018-11-15 10:14:35 - [MESSAGE][PASSED] - Send request successfully

2018-11-15 10:14:35 - [MESSAGE][PASSED] - Send request successfully

2018-11-15 10:14:35 - [MESSAGE][PASSED] - Send request successfully

2018-11-15 10:14:35 - [MESSAGE][PASSED] - Object: 'Object Repository/F5140-Add Zone Functionalities/QA-US88570-Add Zone/US38196-Save a New Zone/Delete Zone/deleteYesButton' is clicked on

2018-11-15 10:14:35 - [MESSAGE][PASSED] - com.ge.tms.commonactions.RailroadActions.clickOnTestObject is PASSED

2018-11-15 10:14:35 - [TEST_STEP][PASSED] - delay: Delayed 1 second(s)

2018-11-15 10:14:36 - [MESSAGE][PASSED] - Delayed 1 second(s)

2018-11-15 10:14:36 - [TEST_STEP][PASSED] - com.ge.tms.railroad.RailroadVerification.verifyViewStationIdAfterZoneDeletion: com.ge.tms.railroad.RailroadVerification.verifyViewStationIdAfterZoneDeletion is PASSED

2018-11-15 10:14:36 - [MESSAGE][PASSED] - Send request successfully

2018-11-15 10:14:36 - [MESSAGE][PASSED] - Send request successfully

2018-11-15 10:14:36 - [MESSAGE][PASSED] - Send request successfully

2018-11-15 10:14:36 - [MESSAGE][PASSED] - Send request successfully

2018-11-15 10:14:36 - [MESSAGE][PASSED] - Send request successfully

2018-11-15 10:14:36 - [MESSAGE][PASSED] - Send request successfully

2018-11-15 10:14:36 - [MESSAGE][PASSED] - Send request successfully

2018-11-15 10:14:36 - [MESSAGE][PASSED] - Send request successfully

2018-11-15 10:14:36 - [MESSAGE][PASSED] - Text of object 'Object Repository/F11822-Configure and Manage Stations/QA-US87586-View Stations/US84086-View Station Details/View Stations/div_StationCode' is: 'N5SWARD'

2018-11-15 10:14:36 - [MESSAGE][PASSED] - Actual object 'N5SWARD' and expected object 'N5SWARD' are equal

2018-11-15 10:14:36 - [MESSAGE][PASSED] - com.ge.tms.railroad.RailroadVerification.verifyViewStationIdAfterZoneDeletion is PASSED

2018-11-15 10:14:36 - [TEST_STEP][PASSED] - com.ge.tms.commonactions.RailroadActions.clickOnStationActionMenu: com.ge.tms.commonactions.RailroadActions.clickOnStationActionMenu is PASSED

2018-11-15 10:14:36 - [MESSAGE][PASSED] - Send request successfully

2018-11-15 10:14:36 - [MESSAGE][PASSED] - Send request successfully

2018-11-15 10:14:36 - [MESSAGE][PASSED] - Send request successfully

2018-11-15 10:14:36 - [MESSAGE][PASSED] - Send request successfully

2018-11-15 10:14:36 - [MESSAGE][PASSED] - Execute JavaScript 'document.querySelector('#station-actions-dropdown').shadowRoot.querySelector('#trigger').click()' successfully

2018-11-15 10:14:37 - [MESSAGE][PASSED] - Delayed 1 second(s)

2018-11-15 10:14:37 - [MESSAGE][PASSED] - com.ge.tms.commonactions.RailroadActions.clickOnStationActionMenu is PASSED

2018-11-15 10:14:37 - [TEST_STEP][PASSED] - com.ge.tms.commonactions.RailroadActions.clickOnDeleteStationButton: com.ge.tms.commonactions.RailroadActions.clickOnDeleteStationButton is PASSED

2018-11-15 10:14:37 - [MESSAGE][PASSED] - Send request successfully

2018-11-15 10:14:37 - [MESSAGE][PASSED] - Send request successfully

2018-11-15 10:14:37 - [MESSAGE][PASSED] - Send request successfully

2018-11-15 10:14:37 - [MESSAGE][PASSED] - Send request successfully

2018-11-15 10:14:37 - [MESSAGE][PASSED] - Execute JavaScript 'document.querySelector('#station-actions-dropdown').shadowRoot.querySelector('#content').shadowRoot.querySelector('#selector > div:nth-child(2)').click()' successfully

2018-11-15 10:14:37 - [MESSAGE][PASSED] - com.ge.tms.commonactions.RailroadActions.clickOnDeleteStationButton is PASSED

2018-11-15 10:14:37 - [TEST_STEP][PASSED] - Statement - deleteYesButtonObj = com.kms.katalon.core.testobject.ObjectRepository.findTestObject(Object Repository/F11822-Configure and Manage Stations/deleteConfirmationYesButton): Finding Test Object with id 'Object Repository/F11822-Configure and Manage Stations/deleteConfirmationYesButton'

2018-11-15 10:14:37 - [TEST_STEP][PASSED] - com.ge.tms.commonactions.RailroadActions.clickOnTestObject: com.ge.tms.commonactions.RailroadActions.clickOnTestObject is PASSED

2018-11-15 10:14:37 - [MESSAGE][PASSED] - Send request successfully

2018-11-15 10:14:37 - [MESSAGE][PASSED] - Send request successfully

2018-11-15 10:14:37 - [MESSAGE][PASSED] - Send request successfully

2018-11-15 10:14:37 - [MESSAGE][PASSED] - Send request successfully

2018-11-15 10:14:37 - [MESSAGE][PASSED] - Object: 'Object Repository/F11822-Configure and Manage Stations/deleteConfirmationYesButton' is clicked on

2018-11-15 10:14:37 - [MESSAGE][PASSED] - com.ge.tms.commonactions.RailroadActions.clickOnTestObject is PASSED

2018-11-15 10:14:37 - [TEST_STEP][PASSED] - delay: Delayed 1 second(s)

2018-11-15 10:14:38 - [MESSAGE][PASSED] - Delayed 1 second(s)

2018-11-15 10:14:38 - [TEST_STEP][PASSED] - com.ge.tms.railroad.RailroadVerification.verifyDeletedItemNotPresentInSearchView: com.ge.tms.railroad.RailroadVerification.verifyDeletedItemNotPresentInSearchView is PASSED

2018-11-15 10:14:38 - [MESSAGE][PASSED] - Send request successfully

2018-11-15 10:14:38 - [MESSAGE][PASSED] - Send request successfully

2018-11-15 10:14:38 - [MESSAGE][PASSED] - Send request successfully

2018-11-15 10:14:38 - [MESSAGE][PASSED] - Send request successfully

2018-11-15 10:14:38 - [MESSAGE][PASSED] - Send request successfully

2018-11-15 10:14:38 - [MESSAGE][PASSED] - Send request successfully

2018-11-15 10:14:38 - [MESSAGE][PASSED] - Send request successfully

2018-11-15 10:14:38 - [MESSAGE][PASSED] - Send request successfully

2018-11-15 10:14:39 - [MESSAGE][PASSED] - Text 'N5SWARD' is set on object 'Object Repository/CommonObjects/searchTextBoxLeftNav'

2018-11-15 10:14:41 - [MESSAGE][PASSED] - Delayed 2 second(s)

2018-11-15 10:14:41 - [MESSAGE][PASSED] - Text of object 'Object Repository/CommonObjects/noSearchResultMessageLeftNav' is: 'No stations or zones found.'

2018-11-15 10:14:41 - [MESSAGE][PASSED] - Actual object 'No stations or zones found.' and expected object 'No stations or zones found.' are equal

2018-11-15 10:14:41 - [MESSAGE][PASSED] - com.ge.tms.railroad.RailroadVerification.verifyDeletedItemNotPresentInSearchView is PASSED

2018-11-15 10:14:41 - [TEST_STEP][PASSED] - Start listener action : closeBrowserForTestCasse: Navigate to 'http://localhost:8080/home' successfully

2018-11-15 10:14:41 - [TEST_STEP][PASSED] - Statement - If (isTestSuitEnable == true): null

2018-11-15 10:14:41 - [TEST_STEP][PASSED] - Statement - beforeTestCaseExecute(): null

2018-11-15 10:14:41 - [TEST_STEP][PASSED] - Statement - If (isTestSuitEnable == true): Navigate to 'http://localhost:8080/home' successfully

2018-11-15 10:14:41 - [TEST_STEP][PASSED] - navigateToUrl: Navigate to 'http://localhost:8080/home' successfully

2018-11-15 10:14:42 - [MESSAGE][PASSED] - Navigate to 'http://localhost:8080/home' successfully

2018-11-15 10:14:42 - [TEST_STEP][PASSED] - Start listener action : afterTestCase: Invoke 'com.kms.katalon.core.annotation.AfterTestCase' method: 'TmsTestListner.afterTestCase(...)' completed.

2018-11-15 10:14:42 - [TEST_STEP][PASSED] - Statement - If (java.lang.System.getProperties().containsKey("updateRally")): Invoke 'com.kms.katalon.core.annotation.AfterTestCase' method: 'TmsTestListner.afterTestCase(...)' completed.]]></system-out>
         <system-err><![CDATA[]]></system-err>
      </testcase>
      <testcase name="Test Cases/Railroad/F5362 - Configure and manage track/QA - US88424/US39526 - Edit Track details/TC65865 - Edit Track with validations" classname="Test Cases/Railroad/F5362 - Configure and manage track/QA - US88424/US39526 - Edit Track details/TC65865 - Edit Track with validations" status="PASSED">
         <system-out><![CDATA[2018-11-15 10:14:42 - [TEST_CASE][PASSED] - Test Cases/Railroad/F5362 - Configure and manage track/QA - US88424/US39526 - Edit Track details/TC65865 - Edit Track with validations: Test Cases/Railroad/F5362 - Configure and manage track/QA - US88424/US39526 - Edit Track details/TC65865 - Edit Track with validations

2018-11-15 10:14:42 - [TEST_STEP][PASSED] - Start listener action : beforeTestCaseExecute: Navigate to 'http://localhost:8080/home' successfully

2018-11-15 10:14:42 - [TEST_STEP][PASSED] - Statement - If (isTestSuitEnable == true): Navigate to 'http://localhost:8080/home' successfully

2018-11-15 10:14:42 - [TEST_STEP][PASSED] - navigateToUrl: Navigate to 'http://localhost:8080/home' successfully

2018-11-15 10:14:42 - [MESSAGE][PASSED] - Navigate to 'http://localhost:8080/home' successfully

2018-11-15 10:14:42 - [TEST_STEP][PASSED] - Statement - util = new com.ge.tms.util.CommonUtilities(): Send request successfully

2018-11-15 10:14:42 - [MESSAGE][PASSED] - Send request successfully

2018-11-15 10:14:42 - [MESSAGE][PASSED] - Send request successfully

2018-11-15 10:14:42 - [MESSAGE][PASSED] - Send request successfully

2018-11-15 10:14:42 - [MESSAGE][PASSED] - Send request successfully

2018-11-15 10:14:42 - [TEST_STEP][PASSED] - Statement - actions = new com.ge.tms.commonactions.RailroadActions(): Send request successfully

2018-11-15 10:14:42 - [MESSAGE][PASSED] - Send request successfully

2018-11-15 10:14:42 - [MESSAGE][PASSED] - Send request successfully

2018-11-15 10:14:42 - [MESSAGE][PASSED] - Send request successfully

2018-11-15 10:14:43 - [MESSAGE][PASSED] - Send request successfully

2018-11-15 10:14:43 - [TEST_STEP][PASSED] - com.ge.tms.commonactions.CommonClickEvents.clickOnRailroadSetup: com.ge.tms.commonactions.CommonClickEvents.clickOnRailroadSetup is PASSED

2018-11-15 10:14:43 - [MESSAGE][PASSED] - Execute JavaScript 'document.querySelector('px-app-nav').shadowRoot.querySelector('#items > px-app-nav-group:nth-child(13) > px-app-nav-subitem:nth-child(1)').click()' successfully

2018-11-15 10:14:45 - [MESSAGE][PASSED] - Delayed 2 second(s)

2018-11-15 10:14:45 - [MESSAGE][PASSED] - com.ge.tms.commonactions.CommonClickEvents.clickOnRailroadSetup is PASSED

2018-11-15 10:14:45 - [TEST_STEP][PASSED] - com.ge.tms.commonactions.RailroadActions.clickOnSelectRailroadDropdown: com.ge.tms.commonactions.RailroadActions.clickOnSelectRailroadDropdown is PASSED

2018-11-15 10:14:45 - [MESSAGE][PASSED] - Send request successfully

2018-11-15 10:14:45 - [MESSAGE][PASSED] - Send request successfully

2018-11-15 10:14:45 - [MESSAGE][PASSED] - Send request successfully

2018-11-15 10:14:45 - [MESSAGE][PASSED] - Send request successfully

2018-11-15 10:14:45 - [MESSAGE][PASSED] - Execute JavaScript 'document.querySelector('#railroads-select-dropdown').shadowRoot.querySelector('#trigger').click()' successfully

2018-11-15 10:14:48 - [MESSAGE][PASSED] - Delayed 3 second(s)

2018-11-15 10:14:48 - [MESSAGE][PASSED] - com.ge.tms.commonactions.RailroadActions.clickOnSelectRailroadDropdown is PASSED

2018-11-15 10:14:48 - [TEST_STEP][PASSED] - com.ge.tms.commonactions.RailroadActions.selectRandomRailRoad: com.ge.tms.commonactions.RailroadActions.selectRandomRailRoad is PASSED

2018-11-15 10:14:48 - [MESSAGE][PASSED] - Send request successfully

2018-11-15 10:14:48 - [MESSAGE][PASSED] - Send request successfully

2018-11-15 10:14:48 - [MESSAGE][PASSED] - Send request successfully

2018-11-15 10:14:48 - [MESSAGE][PASSED] - Send request successfully

2018-11-15 10:14:48 - [MESSAGE][PASSED] - Execute JavaScript 'let railRoadList=[]; document.querySelector('#railroads-select-dropdown').shadowRoot.querySelector('#content').shadowRoot.querySelectorAll('#selector > div.dropdown-option').forEach(node => { railRoadList.push(node.getAttribute('title')) }); return railRoadList' successfully

2018-11-15 10:14:48 - [MESSAGE][PASSED] - Execute JavaScript 'return document.querySelector('#railroads-select-dropdown').shadowRoot.querySelector('#content').shadowRoot.querySelector('#selector > div:nth-child(1) span').innerHTML' successfully

2018-11-15 10:14:48 - [MESSAGE][PASSED] - Execute JavaScript 'return document.querySelector('#railroads-select-dropdown').shadowRoot.querySelector('#content').shadowRoot.querySelector('#selector > div:nth-child(1) span').click()' successfully

2018-11-15 10:14:48 - [MESSAGE][PASSED] - com.ge.tms.commonactions.RailroadActions.selectRandomRailRoad is PASSED

2018-11-15 10:14:48 - [TEST_STEP][PASSED] - delay: Delayed 2 second(s)

2018-11-15 10:14:50 - [MESSAGE][PASSED] - Delayed 2 second(s)

2018-11-15 10:14:50 - [TEST_STEP][PASSED] - Statement - setStationId = <not implemented yet for class: org.codehaus.groovy.ast.expr.EmptyExpression>: null

2018-11-15 10:14:50 - [TEST_STEP][PASSED] - Statement - actions.addStationMandatotyFields(setStationId): Delayed 3 second(s)

2018-11-15 10:14:50 - [MESSAGE][PASSED] - Object: 'Object Repository/F11822-Configure and Manage Stations/Add_New_Station_Button' is clicked on

2018-11-15 10:14:50 - [MESSAGE][PASSED] - Text 'X75LBOM' is set on object 'Object Repository/F11822-Configure and Manage Stations/station_id'

2018-11-15 10:14:50 - [MESSAGE][PASSED] - Text '12IFMW0' is set on object 'Object Repository/F11822-Configure and Manage Stations/station_name'

2018-11-15 10:14:50 - [MESSAGE][PASSED] - Execute JavaScript 'document.querySelector('#splc').shadowRoot.querySelector('#trigger').shadowRoot.querySelector('#trigger').click()' successfully

2018-11-15 10:14:50 - [MESSAGE][PASSED] - Execute JavaScript 'return document.querySelector('#splc').shadowRoot.querySelector('px-overlay-content > #content').shadowRoot.querySelectorAll('#dropdown > div > #selector > div').length' successfully

2018-11-15 10:14:51 - [MESSAGE][PASSED] - Execute JavaScript 'document.querySelector('#splc').shadowRoot.querySelector('px-overlay-content > #content').shadowRoot.querySelector('#dropdown > div > #selector > div:nth-child(1)').click()' successfully

2018-11-15 10:14:51 - [MESSAGE][PASSED] - Execute JavaScript 'return document.querySelector('#fsac').shadowRoot.querySelector('px-overlay-content > #content').shadowRoot.querySelectorAll('#dropdown > div > #selector > div').length' successfully

2018-11-15 10:14:51 - [MESSAGE][PASSED] - Execute JavaScript 'document.querySelector('#fsac').shadowRoot.querySelector('px-overlay-content > #content').shadowRoot.querySelector('#dropdown > div > #selector > div:nth-child(1)').click()' successfully

2018-11-15 10:14:51 - [MESSAGE][PASSED] - Execute JavaScript 'return document.querySelector('#station-timezone-qualifier').shadowRoot.querySelector('px-overlay-content > #content').shadowRoot.querySelectorAll('#dropdown > div > #selector > div').length' successfully

2018-11-15 10:14:51 - [MESSAGE][PASSED] - Execute JavaScript 'document.querySelector('#station-timezone-qualifier').shadowRoot.querySelector('px-overlay-content > #content').shadowRoot.querySelector('#dropdown > div > #selector > div:nth-child(4)').click()' successfully

2018-11-15 10:14:51 - [MESSAGE][PASSED] - Execute JavaScript 'return document.querySelector('#country').shadowRoot.querySelector('px-overlay-content > #content').shadowRoot.querySelectorAll('#dropdown > div > #selector > div').length' successfully

2018-11-15 10:14:51 - [MESSAGE][PASSED] - Execute JavaScript 'document.querySelector('#country').shadowRoot.querySelector('px-overlay-content > #content').shadowRoot.querySelector('#dropdown > div > #selector > div:nth-child(2)').click()' successfully

2018-11-15 10:14:51 - [MESSAGE][PASSED] - Execute JavaScript 'return document.querySelector('#state').shadowRoot.querySelector('px-overlay-content > #content').shadowRoot.querySelectorAll('#dropdown > div > #selector > div').length' successfully

2018-11-15 10:14:51 - [MESSAGE][PASSED] - Execute JavaScript 'document.querySelector('#state').shadowRoot.querySelector('px-overlay-content > #content').shadowRoot.querySelector('#dropdown > div > #selector > div:nth-child(1)').click()' successfully

2018-11-15 10:14:51 - [MESSAGE][PASSED] - Object: 'Object Repository/F11822-Configure and Manage Stations/station_save_button' is clicked on

2018-11-15 10:14:54 - [MESSAGE][PASSED] - Delayed 3 second(s)

2018-11-15 10:14:54 - [TEST_STEP][PASSED] - delay: Delayed 2 second(s)

2018-11-15 10:14:56 - [MESSAGE][PASSED] - Delayed 2 second(s)

2018-11-15 10:14:56 - [TEST_STEP][PASSED] - Statement - setZoneId = <not implemented yet for class: org.codehaus.groovy.ast.expr.EmptyExpression>: null

2018-11-15 10:14:56 - [TEST_STEP][PASSED] - Statement - actions.addZone(setZoneId): Execute JavaScript 'document.querySelector('#zone-type').shadowRoot.querySelector('#content').shadowRoot.querySelector('#selector > div:nth-child(4)').click()' successfully

2018-11-15 10:14:56 - [MESSAGE][PASSED] - Object: 'Object Repository/F5140-Add Zone Functionalities/QA-US88570-Add Zone/US38196-Save a New Zone/Add Edit Zone/addNewZoneButton' is clicked on

2018-11-15 10:14:59 - [MESSAGE][PASSED] - Delayed 3 second(s)

2018-11-15 10:14:59 - [MESSAGE][PASSED] - Text 'XXTME' is set on object 'Object Repository/F5140-Add Zone Functionalities/QA-US88570-Add Zone/US38196-Save a New Zone/Add Edit Zone/zoneID'

2018-11-15 10:14:59 - [MESSAGE][PASSED] - Text 'MQVV1DM' is set on object 'Object Repository/F5140-Add Zone Functionalities/QA-US88570-Add Zone/US38196-Save a New Zone/Add Edit Zone/zoneName'

2018-11-15 10:14:59 - [MESSAGE][PASSED] - Execute JavaScript 'document.querySelector('#zone-type').shadowRoot.querySelector('#trigger').click()' successfully

2018-11-15 10:14:59 - [MESSAGE][PASSED] - Execute JavaScript 'return document.querySelector('#zone-type').shadowRoot.querySelector('#content').shadowRoot.querySelectorAll('#selector > div').length' successfully

2018-11-15 10:14:59 - [MESSAGE][PASSED] - Execute JavaScript 'document.querySelector('#zone-type').shadowRoot.querySelector('#content').shadowRoot.querySelector('#selector > div:nth-child(4)').click()' successfully

2018-11-15 10:14:59 - [TEST_STEP][PASSED] - com.ge.tms.commonactions.RailroadActions.clickOnZoneSaveButton: com.ge.tms.commonactions.RailroadActions.clickOnZoneSaveButton is PASSED

2018-11-15 10:14:59 - [MESSAGE][PASSED] - Send request successfully

2018-11-15 10:14:59 - [MESSAGE][PASSED] - Send request successfully

2018-11-15 10:14:59 - [MESSAGE][PASSED] - Send request successfully

2018-11-15 10:14:59 - [MESSAGE][PASSED] - Send request successfully

2018-11-15 10:14:59 - [MESSAGE][PASSED] - Object: 'Object Repository/F5140-Add Zone Functionalities/QA-US88570-Add Zone/US38196-Save a New Zone/Add Edit Zone/zoneSaveButton' is clicked on

2018-11-15 10:15:02 - [MESSAGE][PASSED] - Delayed 3 second(s)

2018-11-15 10:15:02 - [MESSAGE][PASSED] - com.ge.tms.commonactions.RailroadActions.clickOnZoneSaveButton is PASSED

2018-11-15 10:15:02 - [TEST_STEP][PASSED] - delay: Delayed 2 second(s)

2018-11-15 10:15:04 - [MESSAGE][PASSED] - Delayed 2 second(s)

2018-11-15 10:15:04 - [TEST_STEP][PASSED] - Statement - setTrackId = <not implemented yet for class: org.codehaus.groovy.ast.expr.EmptyExpression>: null

2018-11-15 10:15:04 - [TEST_STEP][PASSED] - Statement - actions.saveNewTrackRecord(setTrackId): Execute JavaScript 'document.querySelector('#trackConditionCode').shadowRoot.querySelector('px-overlay-content > #content').shadowRoot.querySelector('#dropdown > div > #selector > div:nth-child(3)').click()' successfully

2018-11-15 10:15:04 - [MESSAGE][PASSED] - Object: 'Object Repository/F5362 - Configure and Manage Track/AddTrackButton' is clicked on

2018-11-15 10:15:05 - [MESSAGE][PASSED] - Delayed 1 second(s)

2018-11-15 10:15:06 - [MESSAGE][PASSED] - Text 'WXUY7C' is set on object 'Object Repository/F5362 - Configure and Manage Track/Track_id_input'

2018-11-15 10:15:06 - [MESSAGE][PASSED] - Text 'VYWFKEFC6V' is set on object 'Object Repository/F5362 - Configure and Manage Track/Track_Description_input'

2018-11-15 10:15:06 - [MESSAGE][PASSED] - Execute JavaScript 'return document.querySelector('#trackType').shadowRoot.querySelector('px-overlay-content > #content').shadowRoot.querySelectorAll('#dropdown > div > #selector > div').length' successfully

2018-11-15 10:15:06 - [MESSAGE][PASSED] - Execute JavaScript 'document.querySelector('#trackType').shadowRoot.querySelector('px-overlay-content > #content').shadowRoot.querySelector('#dropdown > div > #selector > div:nth-child(2)').click()' successfully

2018-11-15 10:15:06 - [MESSAGE][PASSED] - Text '3' is set on object 'Object Repository/F5362 - Configure and Manage Track/Track_Length_input'

2018-11-15 10:15:06 - [MESSAGE][PASSED] - Text '3' is set on object 'Object Repository/F5362 - Configure and Manage Track/Car_Capacity_input'

2018-11-15 10:15:06 - [MESSAGE][PASSED] - Execute JavaScript 'return document.querySelector('#trackConditionCode').shadowRoot.querySelector('px-overlay-content > #content').shadowRoot.querySelectorAll('#dropdown > div > #selector > div').length' successfully

2018-11-15 10:15:06 - [MESSAGE][PASSED] - Execute JavaScript 'document.querySelector('#trackConditionCode').shadowRoot.querySelector('px-overlay-content > #content').shadowRoot.querySelector('#dropdown > div > #selector > div:nth-child(3)').click()' successfully

2018-11-15 10:15:06 - [TEST_STEP][PASSED] - delay: Delayed 2 second(s)

2018-11-15 10:15:08 - [MESSAGE][PASSED] - Delayed 2 second(s)

2018-11-15 10:15:08 - [TEST_STEP][PASSED] - Statement - actions.saveTrack(): Delayed 1 second(s)

2018-11-15 10:15:08 - [MESSAGE][PASSED] - Object: 'Object Repository/F5362 - Configure and Manage Track/SaveTrackButton' is clicked on

2018-11-15 10:15:09 - [MESSAGE][PASSED] - Delayed 1 second(s)

2018-11-15 10:15:09 - [TEST_STEP][PASSED] - delay: Delayed 2 second(s)

2018-11-15 10:15:11 - [MESSAGE][PASSED] - Delayed 2 second(s)

2018-11-15 10:15:11 - [TEST_STEP][PASSED] - Statement - actions.clickEditIconTrack(): Object: 'Object Repository/F5362 - Configure and Manage Track/edit_track_icon' is clicked on

2018-11-15 10:15:11 - [MESSAGE][PASSED] - Object: 'Object Repository/F5362 - Configure and Manage Track/edit_track_icon' is clicked on

2018-11-15 10:15:11 - [TEST_STEP][PASSED] - com.ge.tms.railroad.RailroadVerification.verifyTrackErrorMessages: com.ge.tms.railroad.RailroadVerification.verifyTrackErrorMessages is PASSED

2018-11-15 10:15:11 - [MESSAGE][PASSED] - Send request successfully

2018-11-15 10:15:11 - [MESSAGE][PASSED] - Send request successfully

2018-11-15 10:15:11 - [MESSAGE][PASSED] - Send request successfully

2018-11-15 10:15:11 - [MESSAGE][PASSED] - Send request successfully

2018-11-15 10:15:11 - [MESSAGE][PASSED] - Send request successfully

2018-11-15 10:15:11 - [MESSAGE][PASSED] - Send request successfully

2018-11-15 10:15:11 - [MESSAGE][PASSED] - Send request successfully

2018-11-15 10:15:11 - [MESSAGE][PASSED] - Send request successfully

2018-11-15 10:15:11 - [MESSAGE][PASSED] - Object 'Object Repository/F5362 - Configure and Manage Track/Track_id_input' is NOT clickable

2018-11-15 10:15:11 - [MESSAGE][PASSED] - Actual object 'true' and expected object 'true' are equal

2018-11-15 10:15:11 - [MESSAGE][PASSED] - Attribute 'class' of object 'Object Repository/F5362 - Configure and Manage Track/SaveTrackButton' is: 'btn btn--disabled btn--call-to-action float--right'

2018-11-15 10:15:11 - [MESSAGE][PASSED] - Actual object 'true' and expected object 'true' are equal

2018-11-15 10:15:12 - [MESSAGE][PASSED] - Text 'A*@T&!' is set on object 'Object Repository/F5362 - Configure and Manage Track/Track_Description_input'

2018-11-15 10:15:12 - [MESSAGE][PASSED] - Keys '	' sent to object: 'Object Repository/F5362 - Configure and Manage Track/Track_Description_input'

2018-11-15 10:15:12 - [MESSAGE][PASSED] - Text of object 'Object Repository/F5362 - Configure and Manage Track/Track_Desc_Error_Message' is: 'ALPHANUMERIC ONLY'

2018-11-15 10:15:12 - [MESSAGE][PASSED] - Actual object 'ALPHANUMERIC ONLY' and expected object 'ALPHANUMERIC ONLY' are equal

2018-11-15 10:15:12 - [MESSAGE][PASSED] - Attribute 'class' of object 'Object Repository/F5362 - Configure and Manage Track/SaveTrackButton' is: 'btn btn--disabled btn--call-to-action float--right'

2018-11-15 10:15:12 - [MESSAGE][PASSED] - Actual object 'true' and expected object 'true' are equal

2018-11-15 10:15:12 - [MESSAGE][PASSED] - Text of object 'Object Repository/F5362 - Configure and Manage Track/Track_Description_input' is cleared

2018-11-15 10:15:12 - [MESSAGE][PASSED] - Keys ' ' sent to object: 'Object Repository/F5362 - Configure and Manage Track/Track_Description_input'

2018-11-15 10:15:14 - [MESSAGE][PASSED] - Delayed 2 second(s)

2018-11-15 10:15:14 - [MESSAGE][PASSED] - Keys '	' sent to object: 'Object Repository/F5362 - Configure and Manage Track/Track_Description_input'

2018-11-15 10:15:14 - [MESSAGE][PASSED] - Text of object 'Object Repository/F5362 - Configure and Manage Track/Track_Desc_Error_Message' is: 'TRACK DESCRIPTION CANNOT BE EMPTY'

2018-11-15 10:15:14 - [MESSAGE][PASSED] - Actual object 'TRACK DESCRIPTION CANNOT BE EMPTY' and expected object 'TRACK DESCRIPTION CANNOT BE EMPTY' are equal

2018-11-15 10:15:14 - [MESSAGE][PASSED] - Attribute 'class' of object 'Object Repository/F5362 - Configure and Manage Track/SaveTrackButton' is: 'btn btn--disabled btn--call-to-action float--right'

2018-11-15 10:15:14 - [MESSAGE][PASSED] - Actual object 'true' and expected object 'true' are equal

2018-11-15 10:15:14 - [MESSAGE][PASSED] - Execute JavaScript 'return document.querySelector('#trackType').shadowRoot.querySelector('px-overlay-content > #content').shadowRoot.querySelectorAll('#dropdown > div > #selector > div').length' successfully

2018-11-15 10:15:14 - [MESSAGE][PASSED] - Execute JavaScript 'document.querySelector('#trackType').shadowRoot.querySelector('px-overlay-content > #content').shadowRoot.querySelector('#dropdown > div > #selector > div:nth-child(2)').click()' successfully

2018-11-15 10:15:14 - [MESSAGE][PASSED] - Execute JavaScript 'document.querySelector('#trackType').shadowRoot.querySelector('#trigger').shadowRoot.querySelector('#trigger').click()' successfully

2018-11-15 10:15:14 - [MESSAGE][PASSED] - Execute JavaScript 'document.querySelector('#trackType').shadowRoot.querySelector('#trigger').shadowRoot.querySelector('px-icon').click()' successfully

2018-11-15 10:15:14 - [MESSAGE][PASSED] - Text of object 'Object Repository/F5362 - Configure and Manage Track/Track_Type_Error_Message' is: 'TRACK TYPE CANNOT BE EMPTY'

2018-11-15 10:15:14 - [MESSAGE][PASSED] - Actual object 'TRACK TYPE CANNOT BE EMPTY' and expected object 'TRACK TYPE CANNOT BE EMPTY' are equal

2018-11-15 10:15:14 - [MESSAGE][PASSED] - Attribute 'class' of object 'Object Repository/F5362 - Configure and Manage Track/SaveTrackButton' is: 'btn btn--disabled btn--call-to-action float--right'

2018-11-15 10:15:14 - [MESSAGE][PASSED] - Actual object 'true' and expected object 'true' are equal

2018-11-15 10:15:14 - [MESSAGE][PASSED] - com.ge.tms.railroad.RailroadVerification.verifyTrackErrorMessages is PASSED

2018-11-15 10:15:14 - [TEST_STEP][PASSED] - Statement - actions.clickCancelTrack(): Object: 'Object Repository/F5362 - Configure and Manage Track/CancelTrackButton' is clicked on

2018-11-15 10:15:14 - [MESSAGE][PASSED] - Object: 'Object Repository/F5362 - Configure and Manage Track/CancelTrackButton' is clicked on

2018-11-15 10:15:14 - [TEST_STEP][PASSED] - com.ge.tms.commonactions.RailroadActions.clickOnDeleteTrack: com.ge.tms.commonactions.RailroadActions.clickOnDeleteTrack is PASSED

2018-11-15 10:15:14 - [MESSAGE][PASSED] - Send request successfully

2018-11-15 10:15:14 - [MESSAGE][PASSED] - Send request successfully

2018-11-15 10:15:14 - [MESSAGE][PASSED] - Send request successfully

2018-11-15 10:15:14 - [MESSAGE][PASSED] - Send request successfully

2018-11-15 10:15:14 - [MESSAGE][PASSED] - Object: 'Object Repository/F5362 - Configure and Manage Track/deleteTrackButton' is clicked on

2018-11-15 10:15:14 - [MESSAGE][PASSED] - com.ge.tms.commonactions.RailroadActions.clickOnDeleteTrack is PASSED

2018-11-15 10:15:14 - [TEST_STEP][PASSED] - Statement - deleteYesButtonObj = com.kms.katalon.core.testobject.ObjectRepository.findTestObject(Object Repository/F5362 - Configure and Manage Track/deleteTrackYesButton): Finding Test Object with id 'Object Repository/F5362 - Configure and Manage Track/deleteTrackYesButton'

2018-11-15 10:15:14 - [TEST_STEP][PASSED] - com.ge.tms.commonactions.RailroadActions.clickOnTestObject: com.ge.tms.commonactions.RailroadActions.clickOnTestObject is PASSED

2018-11-15 10:15:14 - [MESSAGE][PASSED] - Send request successfully

2018-11-15 10:15:14 - [MESSAGE][PASSED] - Send request successfully

2018-11-15 10:15:14 - [MESSAGE][PASSED] - Send request successfully

2018-11-15 10:15:14 - [MESSAGE][PASSED] - Send request successfully

2018-11-15 10:15:14 - [MESSAGE][PASSED] - Object: 'Object Repository/F5362 - Configure and Manage Track/deleteTrackYesButton' is clicked on

2018-11-15 10:15:14 - [MESSAGE][PASSED] - com.ge.tms.commonactions.RailroadActions.clickOnTestObject is PASSED

2018-11-15 10:15:14 - [TEST_STEP][PASSED] - com.ge.tms.railroad.RailroadVerification.verifyNoTracksFoundInSearch: com.ge.tms.railroad.RailroadVerification.verifyNoTracksFoundInSearch is PASSED

2018-11-15 10:15:14 - [MESSAGE][PASSED] - Send request successfully

2018-11-15 10:15:14 - [MESSAGE][PASSED] - Send request successfully

2018-11-15 10:15:14 - [MESSAGE][PASSED] - Send request successfully

2018-11-15 10:15:14 - [MESSAGE][PASSED] - Send request successfully

2018-11-15 10:15:14 - [MESSAGE][PASSED] - Send request successfully

2018-11-15 10:15:14 - [MESSAGE][PASSED] - Send request successfully

2018-11-15 10:15:14 - [MESSAGE][PASSED] - Send request successfully

2018-11-15 10:15:14 - [MESSAGE][PASSED] - Send request successfully

2018-11-15 10:15:14 - [MESSAGE][PASSED] - Text 'WXUY7C' is set on object 'Object Repository/F5362 - Configure and Manage Track/Track_search_field_row1_trackid'

2018-11-15 10:15:14 - [MESSAGE][PASSED] - Text of object 'Object Repository/F5362 - Configure and Manage Track/noRowsfound' is: 'No rows found'

2018-11-15 10:15:14 - [MESSAGE][PASSED] - Actual object 'No rows found' and expected object 'No rows found' are equal

2018-11-15 10:15:14 - [MESSAGE][PASSED] - com.ge.tms.railroad.RailroadVerification.verifyNoTracksFoundInSearch is PASSED

2018-11-15 10:15:14 - [TEST_STEP][PASSED] - delay: Delayed 2 second(s)

2018-11-15 10:15:16 - [MESSAGE][PASSED] - Delayed 2 second(s)

2018-11-15 10:15:16 - [TEST_STEP][PASSED] - com.ge.tms.commonactions.RailroadActions.clickOnZoneActionMenu: com.ge.tms.commonactions.RailroadActions.clickOnZoneActionMenu is PASSED

2018-11-15 10:15:16 - [MESSAGE][PASSED] - Send request successfully

2018-11-15 10:15:16 - [MESSAGE][PASSED] - Send request successfully

2018-11-15 10:15:16 - [MESSAGE][PASSED] - Send request successfully

2018-11-15 10:15:16 - [MESSAGE][PASSED] - Send request successfully

2018-11-15 10:15:17 - [MESSAGE][PASSED] - Execute JavaScript 'document.querySelector('#zone-actions-dropdown').shadowRoot.querySelector('#trigger').click()' successfully

2018-11-15 10:15:18 - [MESSAGE][PASSED] - Delayed 1 second(s)

2018-11-15 10:15:18 - [MESSAGE][PASSED] - com.ge.tms.commonactions.RailroadActions.clickOnZoneActionMenu is PASSED

2018-11-15 10:15:18 - [TEST_STEP][PASSED] - com.ge.tms.commonactions.RailroadActions.clickOnDeleteAction: com.ge.tms.commonactions.RailroadActions.clickOnDeleteAction is PASSED

2018-11-15 10:15:18 - [MESSAGE][PASSED] - Send request successfully

2018-11-15 10:15:18 - [MESSAGE][PASSED] - Send request successfully

2018-11-15 10:15:18 - [MESSAGE][PASSED] - Send request successfully

2018-11-15 10:15:18 - [MESSAGE][PASSED] - Send request successfully

2018-11-15 10:15:18 - [MESSAGE][PASSED] - Execute JavaScript 'document.querySelector('#zone-actions-dropdown').shadowRoot.querySelector('#content').shadowRoot.querySelector('#selector > div:nth-child(2)').click()' successfully

2018-11-15 10:15:18 - [MESSAGE][PASSED] - com.ge.tms.commonactions.RailroadActions.clickOnDeleteAction is PASSED

2018-11-15 10:15:18 - [TEST_STEP][PASSED] - delay: Delayed 1 second(s)

2018-11-15 10:15:19 - [MESSAGE][PASSED] - Delayed 1 second(s)

2018-11-15 10:15:19 - [TEST_STEP][PASSED] - Statement - deleteYesButtonObj = com.kms.katalon.core.testobject.ObjectRepository.findTestObject(Object Repository/F5140-Add Zone Functionalities/QA-US88570-Add Zone/US38196-Save a New Zone/Delete Zone/deleteYesButton): Finding Test Object with id 'Object Repository/F5140-Add Zone Functionalities/QA-US88570-Add Zone/US38196-Save a New Zone/Delete Zone/deleteYesButton'

2018-11-15 10:15:19 - [TEST_STEP][PASSED] - com.ge.tms.commonactions.RailroadActions.clickOnTestObject: com.ge.tms.commonactions.RailroadActions.clickOnTestObject is PASSED

2018-11-15 10:15:19 - [MESSAGE][PASSED] - Send request successfully

2018-11-15 10:15:19 - [MESSAGE][PASSED] - Send request successfully

2018-11-15 10:15:19 - [MESSAGE][PASSED] - Send request successfully

2018-11-15 10:15:19 - [MESSAGE][PASSED] - Send request successfully

2018-11-15 10:15:19 - [MESSAGE][PASSED] - Object: 'Object Repository/F5140-Add Zone Functionalities/QA-US88570-Add Zone/US38196-Save a New Zone/Delete Zone/deleteYesButton' is clicked on

2018-11-15 10:15:19 - [MESSAGE][PASSED] - com.ge.tms.commonactions.RailroadActions.clickOnTestObject is PASSED

2018-11-15 10:15:19 - [TEST_STEP][PASSED] - delay: Delayed 1 second(s)

2018-11-15 10:15:20 - [MESSAGE][PASSED] - Delayed 1 second(s)

2018-11-15 10:15:20 - [TEST_STEP][PASSED] - com.ge.tms.railroad.RailroadVerification.verifyViewStationIdAfterZoneDeletion: com.ge.tms.railroad.RailroadVerification.verifyViewStationIdAfterZoneDeletion is PASSED

2018-11-15 10:15:20 - [MESSAGE][PASSED] - Send request successfully

2018-11-15 10:15:20 - [MESSAGE][PASSED] - Send request successfully

2018-11-15 10:15:20 - [MESSAGE][PASSED] - Send request successfully

2018-11-15 10:15:20 - [MESSAGE][PASSED] - Send request successfully

2018-11-15 10:15:20 - [MESSAGE][PASSED] - Send request successfully

2018-11-15 10:15:20 - [MESSAGE][PASSED] - Send request successfully

2018-11-15 10:15:20 - [MESSAGE][PASSED] - Send request successfully

2018-11-15 10:15:20 - [MESSAGE][PASSED] - Send request successfully

2018-11-15 10:15:20 - [MESSAGE][PASSED] - Text of object 'Object Repository/F11822-Configure and Manage Stations/QA-US87586-View Stations/US84086-View Station Details/View Stations/div_StationCode' is: 'X75LBOM'

2018-11-15 10:15:20 - [MESSAGE][PASSED] - Actual object 'X75LBOM' and expected object 'X75LBOM' are equal

2018-11-15 10:15:20 - [MESSAGE][PASSED] - com.ge.tms.railroad.RailroadVerification.verifyViewStationIdAfterZoneDeletion is PASSED

2018-11-15 10:15:20 - [TEST_STEP][PASSED] - com.ge.tms.commonactions.RailroadActions.clickOnStationActionMenu: com.ge.tms.commonactions.RailroadActions.clickOnStationActionMenu is PASSED

2018-11-15 10:15:20 - [MESSAGE][PASSED] - Send request successfully

2018-11-15 10:15:20 - [MESSAGE][PASSED] - Send request successfully

2018-11-15 10:15:20 - [MESSAGE][PASSED] - Send request successfully

2018-11-15 10:15:20 - [MESSAGE][PASSED] - Send request successfully

2018-11-15 10:15:20 - [MESSAGE][PASSED] - Execute JavaScript 'document.querySelector('#station-actions-dropdown').shadowRoot.querySelector('#trigger').click()' successfully

2018-11-15 10:15:21 - [MESSAGE][PASSED] - Delayed 1 second(s)

2018-11-15 10:15:21 - [MESSAGE][PASSED] - com.ge.tms.commonactions.RailroadActions.clickOnStationActionMenu is PASSED

2018-11-15 10:15:21 - [TEST_STEP][PASSED] - com.ge.tms.commonactions.RailroadActions.clickOnDeleteStationButton: com.ge.tms.commonactions.RailroadActions.clickOnDeleteStationButton is PASSED

2018-11-15 10:15:21 - [MESSAGE][PASSED] - Send request successfully

2018-11-15 10:15:21 - [MESSAGE][PASSED] - Send request successfully

2018-11-15 10:15:21 - [MESSAGE][PASSED] - Send request successfully

2018-11-15 10:15:21 - [MESSAGE][PASSED] - Send request successfully

2018-11-15 10:15:21 - [MESSAGE][PASSED] - Execute JavaScript 'document.querySelector('#station-actions-dropdown').shadowRoot.querySelector('#content').shadowRoot.querySelector('#selector > div:nth-child(2)').click()' successfully

2018-11-15 10:15:21 - [MESSAGE][PASSED] - com.ge.tms.commonactions.RailroadActions.clickOnDeleteStationButton is PASSED

2018-11-15 10:15:21 - [TEST_STEP][PASSED] - Statement - deleteYesButtonObj = com.kms.katalon.core.testobject.ObjectRepository.findTestObject(Object Repository/F11822-Configure and Manage Stations/deleteConfirmationYesButton): Finding Test Object with id 'Object Repository/F11822-Configure and Manage Stations/deleteConfirmationYesButton'

2018-11-15 10:15:21 - [TEST_STEP][PASSED] - com.ge.tms.commonactions.RailroadActions.clickOnTestObject: com.ge.tms.commonactions.RailroadActions.clickOnTestObject is PASSED

2018-11-15 10:15:21 - [MESSAGE][PASSED] - Send request successfully

2018-11-15 10:15:21 - [MESSAGE][PASSED] - Send request successfully

2018-11-15 10:15:21 - [MESSAGE][PASSED] - Send request successfully

2018-11-15 10:15:21 - [MESSAGE][PASSED] - Send request successfully

2018-11-15 10:15:21 - [MESSAGE][PASSED] - Object: 'Object Repository/F11822-Configure and Manage Stations/deleteConfirmationYesButton' is clicked on

2018-11-15 10:15:21 - [MESSAGE][PASSED] - com.ge.tms.commonactions.RailroadActions.clickOnTestObject is PASSED

2018-11-15 10:15:21 - [TEST_STEP][PASSED] - delay: Delayed 1 second(s)

2018-11-15 10:15:22 - [MESSAGE][PASSED] - Delayed 1 second(s)

2018-11-15 10:15:22 - [TEST_STEP][PASSED] - com.ge.tms.railroad.RailroadVerification.verifyDeletedItemNotPresentInSearchView: com.ge.tms.railroad.RailroadVerification.verifyDeletedItemNotPresentInSearchView is PASSED

2018-11-15 10:15:22 - [MESSAGE][PASSED] - Send request successfully

2018-11-15 10:15:22 - [MESSAGE][PASSED] - Send request successfully

2018-11-15 10:15:22 - [MESSAGE][PASSED] - Send request successfully

2018-11-15 10:15:22 - [MESSAGE][PASSED] - Send request successfully

2018-11-15 10:15:22 - [MESSAGE][PASSED] - Send request successfully

2018-11-15 10:15:22 - [MESSAGE][PASSED] - Send request successfully

2018-11-15 10:15:22 - [MESSAGE][PASSED] - Send request successfully

2018-11-15 10:15:22 - [MESSAGE][PASSED] - Send request successfully

2018-11-15 10:15:22 - [MESSAGE][PASSED] - Text 'X75LBOM' is set on object 'Object Repository/CommonObjects/searchTextBoxLeftNav'

2018-11-15 10:15:24 - [MESSAGE][PASSED] - Delayed 2 second(s)

2018-11-15 10:15:24 - [MESSAGE][PASSED] - Text of object 'Object Repository/CommonObjects/noSearchResultMessageLeftNav' is: 'No stations or zones found.'

2018-11-15 10:15:24 - [MESSAGE][PASSED] - Actual object 'No stations or zones found.' and expected object 'No stations or zones found.' are equal

2018-11-15 10:15:24 - [MESSAGE][PASSED] - com.ge.tms.railroad.RailroadVerification.verifyDeletedItemNotPresentInSearchView is PASSED

2018-11-15 10:15:24 - [TEST_STEP][PASSED] - Start listener action : closeBrowserForTestCasse: Navigate to 'http://localhost:8080/home' successfully

2018-11-15 10:15:24 - [TEST_STEP][PASSED] - Statement - If (isTestSuitEnable == true): null

2018-11-15 10:15:24 - [TEST_STEP][PASSED] - Statement - beforeTestCaseExecute(): null

2018-11-15 10:15:24 - [TEST_STEP][PASSED] - Statement - If (isTestSuitEnable == true): Navigate to 'http://localhost:8080/home' successfully

2018-11-15 10:15:24 - [TEST_STEP][PASSED] - navigateToUrl: Navigate to 'http://localhost:8080/home' successfully

2018-11-15 10:15:25 - [MESSAGE][PASSED] - Navigate to 'http://localhost:8080/home' successfully

2018-11-15 10:15:25 - [TEST_STEP][PASSED] - Start listener action : afterTestCase: Invoke 'com.kms.katalon.core.annotation.AfterTestCase' method: 'TmsTestListner.afterTestCase(...)' completed.

2018-11-15 10:15:25 - [TEST_STEP][PASSED] - Statement - If (java.lang.System.getProperties().containsKey("updateRally")): Invoke 'com.kms.katalon.core.annotation.AfterTestCase' method: 'TmsTestListner.afterTestCase(...)' completed.]]></system-out>
         <system-err><![CDATA[]]></system-err>
      </testcase>
      <testcase name="Test Cases/Railroad/F5362 - Configure and manage track/QA - US88424/US39526 - Edit Track details/TC65866 - Edit Track - cancel button" classname="Test Cases/Railroad/F5362 - Configure and manage track/QA - US88424/US39526 - Edit Track details/TC65866 - Edit Track - cancel button" status="PASSED">
         <system-out><![CDATA[2018-11-15 10:15:25 - [TEST_CASE][PASSED] - Test Cases/Railroad/F5362 - Configure and manage track/QA - US88424/US39526 - Edit Track details/TC65866 - Edit Track - cancel button: Test Cases/Railroad/F5362 - Configure and manage track/QA - US88424/US39526 - Edit Track details/TC65866 - Edit Track - cancel button

2018-11-15 10:15:25 - [TEST_STEP][PASSED] - Start listener action : beforeTestCaseExecute: Navigate to 'http://localhost:8080/home' successfully

2018-11-15 10:15:25 - [TEST_STEP][PASSED] - Statement - If (isTestSuitEnable == true): Navigate to 'http://localhost:8080/home' successfully

2018-11-15 10:15:25 - [TEST_STEP][PASSED] - navigateToUrl: Navigate to 'http://localhost:8080/home' successfully

2018-11-15 10:15:26 - [MESSAGE][PASSED] - Navigate to 'http://localhost:8080/home' successfully

2018-11-15 10:15:26 - [TEST_STEP][PASSED] - Statement - util = new com.ge.tms.util.CommonUtilities(): Send request successfully

2018-11-15 10:15:26 - [MESSAGE][PASSED] - Send request successfully

2018-11-15 10:15:26 - [MESSAGE][PASSED] - Send request successfully

2018-11-15 10:15:26 - [MESSAGE][PASSED] - Send request successfully

2018-11-15 10:15:26 - [MESSAGE][PASSED] - Send request successfully

2018-11-15 10:15:26 - [TEST_STEP][PASSED] - Statement - actions = new com.ge.tms.commonactions.RailroadActions(): Send request successfully

2018-11-15 10:15:26 - [MESSAGE][PASSED] - Send request successfully

2018-11-15 10:15:26 - [MESSAGE][PASSED] - Send request successfully

2018-11-15 10:15:26 - [MESSAGE][PASSED] - Send request successfully

2018-11-15 10:15:26 - [MESSAGE][PASSED] - Send request successfully

2018-11-15 10:15:26 - [TEST_STEP][PASSED] - com.ge.tms.commonactions.CommonClickEvents.clickOnRailroadSetup: com.ge.tms.commonactions.CommonClickEvents.clickOnRailroadSetup is PASSED

2018-11-15 10:15:26 - [MESSAGE][PASSED] - Execute JavaScript 'document.querySelector('px-app-nav').shadowRoot.querySelector('#items > px-app-nav-group:nth-child(13) > px-app-nav-subitem:nth-child(1)').click()' successfully

2018-11-15 10:15:28 - [MESSAGE][PASSED] - Delayed 2 second(s)

2018-11-15 10:15:28 - [MESSAGE][PASSED] - com.ge.tms.commonactions.CommonClickEvents.clickOnRailroadSetup is PASSED

2018-11-15 10:15:28 - [TEST_STEP][PASSED] - com.ge.tms.commonactions.RailroadActions.clickOnSelectRailroadDropdown: com.ge.tms.commonactions.RailroadActions.clickOnSelectRailroadDropdown is PASSED

2018-11-15 10:15:28 - [MESSAGE][PASSED] - Send request successfully

2018-11-15 10:15:28 - [MESSAGE][PASSED] - Send request successfully

2018-11-15 10:15:28 - [MESSAGE][PASSED] - Send request successfully

2018-11-15 10:15:28 - [MESSAGE][PASSED] - Send request successfully

2018-11-15 10:15:28 - [MESSAGE][PASSED] - Execute JavaScript 'document.querySelector('#railroads-select-dropdown').shadowRoot.querySelector('#trigger').click()' successfully

2018-11-15 10:15:31 - [MESSAGE][PASSED] - Delayed 3 second(s)

2018-11-15 10:15:31 - [MESSAGE][PASSED] - com.ge.tms.commonactions.RailroadActions.clickOnSelectRailroadDropdown is PASSED

2018-11-15 10:15:31 - [TEST_STEP][PASSED] - com.ge.tms.commonactions.RailroadActions.selectRandomRailRoad: com.ge.tms.commonactions.RailroadActions.selectRandomRailRoad is PASSED

2018-11-15 10:15:31 - [MESSAGE][PASSED] - Send request successfully

2018-11-15 10:15:31 - [MESSAGE][PASSED] - Send request successfully

2018-11-15 10:15:31 - [MESSAGE][PASSED] - Send request successfully

2018-11-15 10:15:31 - [MESSAGE][PASSED] - Send request successfully

2018-11-15 10:15:31 - [MESSAGE][PASSED] - Execute JavaScript 'let railRoadList=[]; document.querySelector('#railroads-select-dropdown').shadowRoot.querySelector('#content').shadowRoot.querySelectorAll('#selector > div.dropdown-option').forEach(node => { railRoadList.push(node.getAttribute('title')) }); return railRoadList' successfully

2018-11-15 10:15:31 - [MESSAGE][PASSED] - Execute JavaScript 'return document.querySelector('#railroads-select-dropdown').shadowRoot.querySelector('#content').shadowRoot.querySelector('#selector > div:nth-child(1) span').innerHTML' successfully

2018-11-15 10:15:31 - [MESSAGE][PASSED] - Execute JavaScript 'return document.querySelector('#railroads-select-dropdown').shadowRoot.querySelector('#content').shadowRoot.querySelector('#selector > div:nth-child(1) span').click()' successfully

2018-11-15 10:15:31 - [MESSAGE][PASSED] - com.ge.tms.commonactions.RailroadActions.selectRandomRailRoad is PASSED

2018-11-15 10:15:31 - [TEST_STEP][PASSED] - delay: Delayed 2 second(s)

2018-11-15 10:15:33 - [MESSAGE][PASSED] - Delayed 2 second(s)

2018-11-15 10:15:33 - [TEST_STEP][PASSED] - Statement - setStationId = <not implemented yet for class: org.codehaus.groovy.ast.expr.EmptyExpression>: null

2018-11-15 10:15:33 - [TEST_STEP][PASSED] - Statement - actions.addStationMandatotyFields(setStationId): Delayed 3 second(s)

2018-11-15 10:15:34 - [MESSAGE][PASSED] - Object: 'Object Repository/F11822-Configure and Manage Stations/Add_New_Station_Button' is clicked on

2018-11-15 10:15:34 - [MESSAGE][PASSED] - Text 'WSAZADC' is set on object 'Object Repository/F11822-Configure and Manage Stations/station_id'

2018-11-15 10:15:34 - [MESSAGE][PASSED] - Text '1ACQOW6' is set on object 'Object Repository/F11822-Configure and Manage Stations/station_name'

2018-11-15 10:15:34 - [MESSAGE][PASSED] - Execute JavaScript 'document.querySelector('#splc').shadowRoot.querySelector('#trigger').shadowRoot.querySelector('#trigger').click()' successfully

2018-11-15 10:15:34 - [MESSAGE][PASSED] - Execute JavaScript 'return document.querySelector('#splc').shadowRoot.querySelector('px-overlay-content > #content').shadowRoot.querySelectorAll('#dropdown > div > #selector > div').length' successfully

2018-11-15 10:15:34 - [MESSAGE][PASSED] - Execute JavaScript 'document.querySelector('#splc').shadowRoot.querySelector('px-overlay-content > #content').shadowRoot.querySelector('#dropdown > div > #selector > div:nth-child(1)').click()' successfully

2018-11-15 10:15:34 - [MESSAGE][PASSED] - Execute JavaScript 'return document.querySelector('#fsac').shadowRoot.querySelector('px-overlay-content > #content').shadowRoot.querySelectorAll('#dropdown > div > #selector > div').length' successfully

2018-11-15 10:15:34 - [MESSAGE][PASSED] - Execute JavaScript 'document.querySelector('#fsac').shadowRoot.querySelector('px-overlay-content > #content').shadowRoot.querySelector('#dropdown > div > #selector > div:nth-child(1)').click()' successfully

2018-11-15 10:15:34 - [MESSAGE][PASSED] - Execute JavaScript 'return document.querySelector('#station-timezone-qualifier').shadowRoot.querySelector('px-overlay-content > #content').shadowRoot.querySelectorAll('#dropdown > div > #selector > div').length' successfully

2018-11-15 10:15:34 - [MESSAGE][PASSED] - Execute JavaScript 'document.querySelector('#station-timezone-qualifier').shadowRoot.querySelector('px-overlay-content > #content').shadowRoot.querySelector('#dropdown > div > #selector > div:nth-child(4)').click()' successfully

2018-11-15 10:15:34 - [MESSAGE][PASSED] - Execute JavaScript 'return document.querySelector('#country').shadowRoot.querySelector('px-overlay-content > #content').shadowRoot.querySelectorAll('#dropdown > div > #selector > div').length' successfully

2018-11-15 10:15:35 - [MESSAGE][PASSED] - Execute JavaScript 'document.querySelector('#country').shadowRoot.querySelector('px-overlay-content > #content').shadowRoot.querySelector('#dropdown > div > #selector > div:nth-child(2)').click()' successfully

2018-11-15 10:15:35 - [MESSAGE][PASSED] - Execute JavaScript 'return document.querySelector('#state').shadowRoot.querySelector('px-overlay-content > #content').shadowRoot.querySelectorAll('#dropdown > div > #selector > div').length' successfully

2018-11-15 10:15:35 - [MESSAGE][PASSED] - Execute JavaScript 'document.querySelector('#state').shadowRoot.querySelector('px-overlay-content > #content').shadowRoot.querySelector('#dropdown > div > #selector > div:nth-child(11)').click()' successfully

2018-11-15 10:15:35 - [MESSAGE][PASSED] - Object: 'Object Repository/F11822-Configure and Manage Stations/station_save_button' is clicked on

2018-11-15 10:15:38 - [MESSAGE][PASSED] - Delayed 3 second(s)

2018-11-15 10:15:38 - [TEST_STEP][PASSED] - delay: Delayed 2 second(s)

2018-11-15 10:15:40 - [MESSAGE][PASSED] - Delayed 2 second(s)

2018-11-15 10:15:40 - [TEST_STEP][PASSED] - Statement - setZoneId = <not implemented yet for class: org.codehaus.groovy.ast.expr.EmptyExpression>: null

2018-11-15 10:15:40 - [TEST_STEP][PASSED] - Statement - actions.addZone(setZoneId): Execute JavaScript 'document.querySelector('#zone-type').shadowRoot.querySelector('#content').shadowRoot.querySelector('#selector > div:nth-child(1)').click()' successfully

2018-11-15 10:15:40 - [MESSAGE][PASSED] - Object: 'Object Repository/F5140-Add Zone Functionalities/QA-US88570-Add Zone/US38196-Save a New Zone/Add Edit Zone/addNewZoneButton' is clicked on

2018-11-15 10:15:43 - [MESSAGE][PASSED] - Delayed 3 second(s)

2018-11-15 10:15:43 - [MESSAGE][PASSED] - Text 'VN4JH' is set on object 'Object Repository/F5140-Add Zone Functionalities/QA-US88570-Add Zone/US38196-Save a New Zone/Add Edit Zone/zoneID'

2018-11-15 10:15:43 - [MESSAGE][PASSED] - Text 'DJS6EX6' is set on object 'Object Repository/F5140-Add Zone Functionalities/QA-US88570-Add Zone/US38196-Save a New Zone/Add Edit Zone/zoneName'

2018-11-15 10:15:43 - [MESSAGE][PASSED] - Execute JavaScript 'document.querySelector('#zone-type').shadowRoot.querySelector('#trigger').click()' successfully

2018-11-15 10:15:43 - [MESSAGE][PASSED] - Execute JavaScript 'return document.querySelector('#zone-type').shadowRoot.querySelector('#content').shadowRoot.querySelectorAll('#selector > div').length' successfully

2018-11-15 10:15:43 - [MESSAGE][PASSED] - Execute JavaScript 'document.querySelector('#zone-type').shadowRoot.querySelector('#content').shadowRoot.querySelector('#selector > div:nth-child(1)').click()' successfully

2018-11-15 10:15:43 - [TEST_STEP][PASSED] - com.ge.tms.commonactions.RailroadActions.clickOnZoneSaveButton: com.ge.tms.commonactions.RailroadActions.clickOnZoneSaveButton is PASSED

2018-11-15 10:15:43 - [MESSAGE][PASSED] - Send request successfully

2018-11-15 10:15:43 - [MESSAGE][PASSED] - Send request successfully

2018-11-15 10:15:43 - [MESSAGE][PASSED] - Send request successfully

2018-11-15 10:15:43 - [MESSAGE][PASSED] - Send request successfully

2018-11-15 10:15:43 - [MESSAGE][PASSED] - Object: 'Object Repository/F5140-Add Zone Functionalities/QA-US88570-Add Zone/US38196-Save a New Zone/Add Edit Zone/zoneSaveButton' is clicked on

2018-11-15 10:15:46 - [MESSAGE][PASSED] - Delayed 3 second(s)

2018-11-15 10:15:46 - [MESSAGE][PASSED] - com.ge.tms.commonactions.RailroadActions.clickOnZoneSaveButton is PASSED

2018-11-15 10:15:46 - [TEST_STEP][PASSED] - delay: Delayed 2 second(s)

2018-11-15 10:15:48 - [MESSAGE][PASSED] - Delayed 2 second(s)

2018-11-15 10:15:48 - [TEST_STEP][PASSED] - Statement - setTrackId = <not implemented yet for class: org.codehaus.groovy.ast.expr.EmptyExpression>: null

2018-11-15 10:15:48 - [TEST_STEP][PASSED] - Statement - actions.saveNewTrackRecord(setTrackId): Execute JavaScript 'document.querySelector('#trackConditionCode').shadowRoot.querySelector('px-overlay-content > #content').shadowRoot.querySelector('#dropdown > div > #selector > div:nth-child(3)').click()' successfully

2018-11-15 10:15:48 - [MESSAGE][PASSED] - Object: 'Object Repository/F5362 - Configure and Manage Track/AddTrackButton' is clicked on

2018-11-15 10:15:49 - [MESSAGE][PASSED] - Delayed 1 second(s)

2018-11-15 10:15:50 - [MESSAGE][PASSED] - Text 'AEHI87' is set on object 'Object Repository/F5362 - Configure and Manage Track/Track_id_input'

2018-11-15 10:15:50 - [MESSAGE][PASSED] - Text '0FKI8ESCNO' is set on object 'Object Repository/F5362 - Configure and Manage Track/Track_Description_input'

2018-11-15 10:15:50 - [MESSAGE][PASSED] - Execute JavaScript 'return document.querySelector('#trackType').shadowRoot.querySelector('px-overlay-content > #content').shadowRoot.querySelectorAll('#dropdown > div > #selector > div').length' successfully

2018-11-15 10:15:50 - [MESSAGE][PASSED] - Execute JavaScript 'document.querySelector('#trackType').shadowRoot.querySelector('px-overlay-content > #content').shadowRoot.querySelector('#dropdown > div > #selector > div:nth-child(6)').click()' successfully

2018-11-15 10:15:50 - [MESSAGE][PASSED] - Text '2' is set on object 'Object Repository/F5362 - Configure and Manage Track/Track_Length_input'

2018-11-15 10:15:50 - [MESSAGE][PASSED] - Text '3' is set on object 'Object Repository/F5362 - Configure and Manage Track/Car_Capacity_input'

2018-11-15 10:15:50 - [MESSAGE][PASSED] - Execute JavaScript 'return document.querySelector('#trackConditionCode').shadowRoot.querySelector('px-overlay-content > #content').shadowRoot.querySelectorAll('#dropdown > div > #selector > div').length' successfully

2018-11-15 10:15:50 - [MESSAGE][PASSED] - Execute JavaScript 'document.querySelector('#trackConditionCode').shadowRoot.querySelector('px-overlay-content > #content').shadowRoot.querySelector('#dropdown > div > #selector > div:nth-child(3)').click()' successfully

2018-11-15 10:15:50 - [TEST_STEP][PASSED] - Statement - actions.saveTrack(): Delayed 1 second(s)

2018-11-15 10:15:50 - [MESSAGE][PASSED] - Object: 'Object Repository/F5362 - Configure and Manage Track/SaveTrackButton' is clicked on

2018-11-15 10:15:51 - [MESSAGE][PASSED] - Delayed 1 second(s)

2018-11-15 10:15:51 - [TEST_STEP][PASSED] - delay: Delayed 1 second(s)

2018-11-15 10:15:52 - [MESSAGE][PASSED] - Delayed 1 second(s)

2018-11-15 10:15:52 - [TEST_STEP][PASSED] - com.ge.tms.railroad.RailroadVerification.verifyEditedTrackLengthNotSaved: com.ge.tms.railroad.RailroadVerification.verifyEditedTrackLengthNotSaved is PASSED

2018-11-15 10:15:52 - [MESSAGE][PASSED] - Send request successfully

2018-11-15 10:15:52 - [MESSAGE][PASSED] - Send request successfully

2018-11-15 10:15:52 - [MESSAGE][PASSED] - Send request successfully

2018-11-15 10:15:52 - [MESSAGE][PASSED] - Send request successfully

2018-11-15 10:15:52 - [MESSAGE][PASSED] - Send request successfully

2018-11-15 10:15:52 - [MESSAGE][PASSED] - Send request successfully

2018-11-15 10:15:52 - [MESSAGE][PASSED] - Send request successfully

2018-11-15 10:15:52 - [MESSAGE][PASSED] - Send request successfully

2018-11-15 10:15:52 - [MESSAGE][PASSED] - Object: 'Object Repository/F5362 - Configure and Manage Track/edit_track_icon' is clicked on

2018-11-15 10:15:54 - [MESSAGE][PASSED] - Delayed 2 second(s)

2018-11-15 10:15:54 - [MESSAGE][PASSED] - Text of object 'Object Repository/F5362 - Configure and Manage Track/Track_Length_input' is cleared

2018-11-15 10:15:56 - [MESSAGE][PASSED] - Delayed 2 second(s)

2018-11-15 10:15:56 - [MESSAGE][PASSED] - Text '3' is set on object 'Object Repository/F5362 - Configure and Manage Track/Track_Length_input'

2018-11-15 10:15:56 - [MESSAGE][PASSED] - Object: 'Object Repository/F5362 - Configure and Manage Track/CancelTrackButton' is clicked on

2018-11-15 10:15:57 - [MESSAGE][PASSED] - Text 'AEHI87' is set on object 'Object Repository/F5362 - Configure and Manage Track/Track_search_field_row1_trackid'

2018-11-15 10:15:57 - [MESSAGE][PASSED] - Text of object 'Object Repository/F5362 - Configure and Manage Track/Track_First_row_column_length' is: '2'

2018-11-15 10:15:57 - [MESSAGE][PASSED] - Actual object '3' and expected object '2' are not equal

2018-11-15 10:15:57 - [MESSAGE][PASSED] - com.ge.tms.railroad.RailroadVerification.verifyEditedTrackLengthNotSaved is PASSED

2018-11-15 10:15:57 - [TEST_STEP][PASSED] - com.ge.tms.commonactions.RailroadActions.clickOnDeleteTrack: com.ge.tms.commonactions.RailroadActions.clickOnDeleteTrack is PASSED

2018-11-15 10:15:57 - [MESSAGE][PASSED] - Send request successfully

2018-11-15 10:15:57 - [MESSAGE][PASSED] - Send request successfully

2018-11-15 10:15:57 - [MESSAGE][PASSED] - Send request successfully

2018-11-15 10:15:57 - [MESSAGE][PASSED] - Send request successfully

2018-11-15 10:15:57 - [MESSAGE][PASSED] - Object: 'Object Repository/F5362 - Configure and Manage Track/deleteTrackButton' is clicked on

2018-11-15 10:15:57 - [MESSAGE][PASSED] - com.ge.tms.commonactions.RailroadActions.clickOnDeleteTrack is PASSED

2018-11-15 10:15:57 - [TEST_STEP][PASSED] - Statement - deleteYesButtonObj = com.kms.katalon.core.testobject.ObjectRepository.findTestObject(Object Repository/F5362 - Configure and Manage Track/deleteTrackYesButton): Finding Test Object with id 'Object Repository/F5362 - Configure and Manage Track/deleteTrackYesButton'

2018-11-15 10:15:57 - [TEST_STEP][PASSED] - com.ge.tms.commonactions.RailroadActions.clickOnTestObject: com.ge.tms.commonactions.RailroadActions.clickOnTestObject is PASSED

2018-11-15 10:15:57 - [MESSAGE][PASSED] - Send request successfully

2018-11-15 10:15:57 - [MESSAGE][PASSED] - Send request successfully

2018-11-15 10:15:57 - [MESSAGE][PASSED] - Send request successfully

2018-11-15 10:15:57 - [MESSAGE][PASSED] - Send request successfully

2018-11-15 10:15:57 - [MESSAGE][PASSED] - Object: 'Object Repository/F5362 - Configure and Manage Track/deleteTrackYesButton' is clicked on

2018-11-15 10:15:57 - [MESSAGE][PASSED] - com.ge.tms.commonactions.RailroadActions.clickOnTestObject is PASSED

2018-11-15 10:15:57 - [TEST_STEP][PASSED] - com.ge.tms.railroad.RailroadVerification.verifyNoTracksFoundInSearch: com.ge.tms.railroad.RailroadVerification.verifyNoTracksFoundInSearch is PASSED

2018-11-15 10:15:57 - [MESSAGE][PASSED] - Send request successfully

2018-11-15 10:15:57 - [MESSAGE][PASSED] - Send request successfully

2018-11-15 10:15:57 - [MESSAGE][PASSED] - Send request successfully

2018-11-15 10:15:57 - [MESSAGE][PASSED] - Send request successfully

2018-11-15 10:15:57 - [MESSAGE][PASSED] - Send request successfully

2018-11-15 10:15:57 - [MESSAGE][PASSED] - Send request successfully

2018-11-15 10:15:57 - [MESSAGE][PASSED] - Send request successfully

2018-11-15 10:15:57 - [MESSAGE][PASSED] - Send request successfully

2018-11-15 10:15:57 - [MESSAGE][PASSED] - Text 'AEHI87' is set on object 'Object Repository/F5362 - Configure and Manage Track/Track_search_field_row1_trackid'

2018-11-15 10:15:57 - [MESSAGE][PASSED] - Text of object 'Object Repository/F5362 - Configure and Manage Track/noRowsfound' is: 'No rows found'

2018-11-15 10:15:57 - [MESSAGE][PASSED] - Actual object 'No rows found' and expected object 'No rows found' are equal

2018-11-15 10:15:57 - [MESSAGE][PASSED] - com.ge.tms.railroad.RailroadVerification.verifyNoTracksFoundInSearch is PASSED

2018-11-15 10:15:57 - [TEST_STEP][PASSED] - delay: Delayed 2 second(s)

2018-11-15 10:15:59 - [MESSAGE][PASSED] - Delayed 2 second(s)

2018-11-15 10:15:59 - [TEST_STEP][PASSED] - com.ge.tms.commonactions.RailroadActions.clickOnZoneActionMenu: com.ge.tms.commonactions.RailroadActions.clickOnZoneActionMenu is PASSED

2018-11-15 10:15:59 - [MESSAGE][PASSED] - Send request successfully

2018-11-15 10:15:59 - [MESSAGE][PASSED] - Send request successfully

2018-11-15 10:15:59 - [MESSAGE][PASSED] - Send request successfully

2018-11-15 10:15:59 - [MESSAGE][PASSED] - Send request successfully

2018-11-15 10:15:59 - [MESSAGE][PASSED] - Execute JavaScript 'document.querySelector('#zone-actions-dropdown').shadowRoot.querySelector('#trigger').click()' successfully

2018-11-15 10:16:00 - [MESSAGE][PASSED] - Delayed 1 second(s)

2018-11-15 10:16:00 - [MESSAGE][PASSED] - com.ge.tms.commonactions.RailroadActions.clickOnZoneActionMenu is PASSED

2018-11-15 10:16:00 - [TEST_STEP][PASSED] - com.ge.tms.commonactions.RailroadActions.clickOnDeleteAction: com.ge.tms.commonactions.RailroadActions.clickOnDeleteAction is PASSED

2018-11-15 10:16:00 - [MESSAGE][PASSED] - Send request successfully

2018-11-15 10:16:00 - [MESSAGE][PASSED] - Send request successfully

2018-11-15 10:16:00 - [MESSAGE][PASSED] - Send request successfully

2018-11-15 10:16:00 - [MESSAGE][PASSED] - Send request successfully

2018-11-15 10:16:00 - [MESSAGE][PASSED] - Execute JavaScript 'document.querySelector('#zone-actions-dropdown').shadowRoot.querySelector('#content').shadowRoot.querySelector('#selector > div:nth-child(2)').click()' successfully

2018-11-15 10:16:00 - [MESSAGE][PASSED] - com.ge.tms.commonactions.RailroadActions.clickOnDeleteAction is PASSED

2018-11-15 10:16:00 - [TEST_STEP][PASSED] - delay: Delayed 1 second(s)

2018-11-15 10:16:01 - [MESSAGE][PASSED] - Delayed 1 second(s)

2018-11-15 10:16:01 - [TEST_STEP][PASSED] - Statement - deleteYesButtonObj = com.kms.katalon.core.testobject.ObjectRepository.findTestObject(Object Repository/F5140-Add Zone Functionalities/QA-US88570-Add Zone/US38196-Save a New Zone/Delete Zone/deleteYesButton): Finding Test Object with id 'Object Repository/F5140-Add Zone Functionalities/QA-US88570-Add Zone/US38196-Save a New Zone/Delete Zone/deleteYesButton'

2018-11-15 10:16:01 - [TEST_STEP][PASSED] - com.ge.tms.commonactions.RailroadActions.clickOnTestObject: com.ge.tms.commonactions.RailroadActions.clickOnTestObject is PASSED

2018-11-15 10:16:01 - [MESSAGE][PASSED] - Send request successfully

2018-11-15 10:16:01 - [MESSAGE][PASSED] - Send request successfully

2018-11-15 10:16:01 - [MESSAGE][PASSED] - Send request successfully

2018-11-15 10:16:01 - [MESSAGE][PASSED] - Send request successfully

2018-11-15 10:16:01 - [MESSAGE][PASSED] - Object: 'Object Repository/F5140-Add Zone Functionalities/QA-US88570-Add Zone/US38196-Save a New Zone/Delete Zone/deleteYesButton' is clicked on

2018-11-15 10:16:01 - [MESSAGE][PASSED] - com.ge.tms.commonactions.RailroadActions.clickOnTestObject is PASSED

2018-11-15 10:16:01 - [TEST_STEP][PASSED] - delay: Delayed 1 second(s)

2018-11-15 10:16:02 - [MESSAGE][PASSED] - Delayed 1 second(s)

2018-11-15 10:16:02 - [TEST_STEP][PASSED] - com.ge.tms.railroad.RailroadVerification.verifyViewStationIdAfterZoneDeletion: com.ge.tms.railroad.RailroadVerification.verifyViewStationIdAfterZoneDeletion is PASSED

2018-11-15 10:16:02 - [MESSAGE][PASSED] - Send request successfully

2018-11-15 10:16:02 - [MESSAGE][PASSED] - Send request successfully

2018-11-15 10:16:02 - [MESSAGE][PASSED] - Send request successfully

2018-11-15 10:16:02 - [MESSAGE][PASSED] - Send request successfully

2018-11-15 10:16:02 - [MESSAGE][PASSED] - Send request successfully

2018-11-15 10:16:02 - [MESSAGE][PASSED] - Send request successfully

2018-11-15 10:16:02 - [MESSAGE][PASSED] - Send request successfully

2018-11-15 10:16:02 - [MESSAGE][PASSED] - Send request successfully

2018-11-15 10:16:02 - [MESSAGE][PASSED] - Text of object 'Object Repository/F11822-Configure and Manage Stations/QA-US87586-View Stations/US84086-View Station Details/View Stations/div_StationCode' is: 'WSAZADC'

2018-11-15 10:16:02 - [MESSAGE][PASSED] - Actual object 'WSAZADC' and expected object 'WSAZADC' are equal

2018-11-15 10:16:02 - [MESSAGE][PASSED] - com.ge.tms.railroad.RailroadVerification.verifyViewStationIdAfterZoneDeletion is PASSED

2018-11-15 10:16:02 - [TEST_STEP][PASSED] - com.ge.tms.commonactions.RailroadActions.clickOnStationActionMenu: com.ge.tms.commonactions.RailroadActions.clickOnStationActionMenu is PASSED

2018-11-15 10:16:02 - [MESSAGE][PASSED] - Send request successfully

2018-11-15 10:16:02 - [MESSAGE][PASSED] - Send request successfully

2018-11-15 10:16:02 - [MESSAGE][PASSED] - Send request successfully

2018-11-15 10:16:02 - [MESSAGE][PASSED] - Send request successfully

2018-11-15 10:16:02 - [MESSAGE][PASSED] - Execute JavaScript 'document.querySelector('#station-actions-dropdown').shadowRoot.querySelector('#trigger').click()' successfully

2018-11-15 10:16:03 - [MESSAGE][PASSED] - Delayed 1 second(s)

2018-11-15 10:16:03 - [MESSAGE][PASSED] - com.ge.tms.commonactions.RailroadActions.clickOnStationActionMenu is PASSED

2018-11-15 10:16:03 - [TEST_STEP][PASSED] - com.ge.tms.commonactions.RailroadActions.clickOnDeleteStationButton: com.ge.tms.commonactions.RailroadActions.clickOnDeleteStationButton is PASSED

2018-11-15 10:16:03 - [MESSAGE][PASSED] - Send request successfully

2018-11-15 10:16:03 - [MESSAGE][PASSED] - Send request successfully

2018-11-15 10:16:04 - [MESSAGE][PASSED] - Send request successfully

2018-11-15 10:16:04 - [MESSAGE][PASSED] - Send request successfully

2018-11-15 10:16:04 - [MESSAGE][PASSED] - Execute JavaScript 'document.querySelector('#station-actions-dropdown').shadowRoot.querySelector('#content').shadowRoot.querySelector('#selector > div:nth-child(2)').click()' successfully

2018-11-15 10:16:04 - [MESSAGE][PASSED] - com.ge.tms.commonactions.RailroadActions.clickOnDeleteStationButton is PASSED

2018-11-15 10:16:04 - [TEST_STEP][PASSED] - Statement - deleteYesButtonObj = com.kms.katalon.core.testobject.ObjectRepository.findTestObject(Object Repository/F11822-Configure and Manage Stations/deleteConfirmationYesButton): Finding Test Object with id 'Object Repository/F11822-Configure and Manage Stations/deleteConfirmationYesButton'

2018-11-15 10:16:04 - [TEST_STEP][PASSED] - com.ge.tms.commonactions.RailroadActions.clickOnTestObject: com.ge.tms.commonactions.RailroadActions.clickOnTestObject is PASSED

2018-11-15 10:16:04 - [MESSAGE][PASSED] - Send request successfully

2018-11-15 10:16:04 - [MESSAGE][PASSED] - Send request successfully

2018-11-15 10:16:04 - [MESSAGE][PASSED] - Send request successfully

2018-11-15 10:16:04 - [MESSAGE][PASSED] - Send request successfully

2018-11-15 10:16:04 - [MESSAGE][PASSED] - Object: 'Object Repository/F11822-Configure and Manage Stations/deleteConfirmationYesButton' is clicked on

2018-11-15 10:16:04 - [MESSAGE][PASSED] - com.ge.tms.commonactions.RailroadActions.clickOnTestObject is PASSED

2018-11-15 10:16:04 - [TEST_STEP][PASSED] - delay: Delayed 1 second(s)

2018-11-15 10:16:05 - [MESSAGE][PASSED] - Delayed 1 second(s)

2018-11-15 10:16:05 - [TEST_STEP][PASSED] - com.ge.tms.railroad.RailroadVerification.verifyDeletedItemNotPresentInSearchView: com.ge.tms.railroad.RailroadVerification.verifyDeletedItemNotPresentInSearchView is PASSED

2018-11-15 10:16:05 - [MESSAGE][PASSED] - Send request successfully

2018-11-15 10:16:05 - [MESSAGE][PASSED] - Send request successfully

2018-11-15 10:16:05 - [MESSAGE][PASSED] - Send request successfully

2018-11-15 10:16:05 - [MESSAGE][PASSED] - Send request successfully

2018-11-15 10:16:05 - [MESSAGE][PASSED] - Send request successfully

2018-11-15 10:16:05 - [MESSAGE][PASSED] - Send request successfully

2018-11-15 10:16:05 - [MESSAGE][PASSED] - Send request successfully

2018-11-15 10:16:05 - [MESSAGE][PASSED] - Send request successfully

2018-11-15 10:16:05 - [MESSAGE][PASSED] - Text 'WSAZADC' is set on object 'Object Repository/CommonObjects/searchTextBoxLeftNav'

2018-11-15 10:16:07 - [MESSAGE][PASSED] - Delayed 2 second(s)

2018-11-15 10:16:07 - [MESSAGE][PASSED] - Text of object 'Object Repository/CommonObjects/noSearchResultMessageLeftNav' is: 'No stations or zones found.'

2018-11-15 10:16:07 - [MESSAGE][PASSED] - Actual object 'No stations or zones found.' and expected object 'No stations or zones found.' are equal

2018-11-15 10:16:07 - [MESSAGE][PASSED] - com.ge.tms.railroad.RailroadVerification.verifyDeletedItemNotPresentInSearchView is PASSED

2018-11-15 10:16:07 - [TEST_STEP][PASSED] - Start listener action : closeBrowserForTestCasse: Navigate to 'http://localhost:8080/home' successfully

2018-11-15 10:16:07 - [TEST_STEP][PASSED] - Statement - If (isTestSuitEnable == true): null

2018-11-15 10:16:07 - [TEST_STEP][PASSED] - Statement - beforeTestCaseExecute(): null

2018-11-15 10:16:07 - [TEST_STEP][PASSED] - Statement - If (isTestSuitEnable == true): Navigate to 'http://localhost:8080/home' successfully

2018-11-15 10:16:07 - [TEST_STEP][PASSED] - navigateToUrl: Navigate to 'http://localhost:8080/home' successfully

2018-11-15 10:16:08 - [MESSAGE][PASSED] - Navigate to 'http://localhost:8080/home' successfully

2018-11-15 10:16:08 - [TEST_STEP][PASSED] - Start listener action : afterTestCase: Invoke 'com.kms.katalon.core.annotation.AfterTestCase' method: 'TmsTestListner.afterTestCase(...)' completed.

2018-11-15 10:16:08 - [TEST_STEP][PASSED] - Statement - If (java.lang.System.getProperties().containsKey("updateRally")): Invoke 'com.kms.katalon.core.annotation.AfterTestCase' method: 'TmsTestListner.afterTestCase(...)' completed.]]></system-out>
         <system-err><![CDATA[]]></system-err>
      </testcase>
      <testcase name="Test Cases/Railroad/F5362 - Configure and manage track/QA - US92819/US39512 - Add track from station/TC66202 - Add Track from Station and cancel" classname="Test Cases/Railroad/F5362 - Configure and manage track/QA - US92819/US39512 - Add track from station/TC66202 - Add Track from Station and cancel" status="PASSED">
         <system-out><![CDATA[2018-11-15 10:16:08 - [TEST_CASE][PASSED] - Test Cases/Railroad/F5362 - Configure and manage track/QA - US92819/US39512 - Add track from station/TC66202 - Add Track from Station and cancel: Test Cases/Railroad/F5362 - Configure and manage track/QA - US92819/US39512 - Add track from station/TC66202 - Add Track from Station and cancel

2018-11-15 10:16:08 - [TEST_STEP][PASSED] - Start listener action : beforeTestCaseExecute: Navigate to 'http://localhost:8080/home' successfully

2018-11-15 10:16:08 - [TEST_STEP][PASSED] - Statement - If (isTestSuitEnable == true): Navigate to 'http://localhost:8080/home' successfully

2018-11-15 10:16:08 - [TEST_STEP][PASSED] - navigateToUrl: Navigate to 'http://localhost:8080/home' successfully

2018-11-15 10:16:09 - [MESSAGE][PASSED] - Navigate to 'http://localhost:8080/home' successfully

2018-11-15 10:16:09 - [TEST_STEP][PASSED] - Statement - util = new com.ge.tms.util.CommonUtilities(): Send request successfully

2018-11-15 10:16:09 - [MESSAGE][PASSED] - Send request successfully

2018-11-15 10:16:09 - [MESSAGE][PASSED] - Send request successfully

2018-11-15 10:16:09 - [MESSAGE][PASSED] - Send request successfully

2018-11-15 10:16:09 - [MESSAGE][PASSED] - Send request successfully

2018-11-15 10:16:09 - [TEST_STEP][PASSED] - Statement - actions = new com.ge.tms.commonactions.RailroadActions(): Send request successfully

2018-11-15 10:16:09 - [MESSAGE][PASSED] - Send request successfully

2018-11-15 10:16:09 - [MESSAGE][PASSED] - Send request successfully

2018-11-15 10:16:09 - [MESSAGE][PASSED] - Send request successfully

2018-11-15 10:16:09 - [MESSAGE][PASSED] - Send request successfully

2018-11-15 10:16:09 - [TEST_STEP][PASSED] - Statement - empty = <not implemented yet for class: org.codehaus.groovy.ast.expr.EmptyExpression>: null

2018-11-15 10:16:09 - [TEST_STEP][PASSED] - com.ge.tms.commonactions.CommonClickEvents.clickOnRailroadSetup: com.ge.tms.commonactions.CommonClickEvents.clickOnRailroadSetup is PASSED

2018-11-15 10:16:09 - [MESSAGE][PASSED] - Execute JavaScript 'document.querySelector('px-app-nav').shadowRoot.querySelector('#items > px-app-nav-group:nth-child(13) > px-app-nav-subitem:nth-child(1)').click()' successfully

2018-11-15 10:16:11 - [MESSAGE][PASSED] - Delayed 2 second(s)

2018-11-15 10:16:11 - [MESSAGE][PASSED] - com.ge.tms.commonactions.CommonClickEvents.clickOnRailroadSetup is PASSED

2018-11-15 10:16:11 - [TEST_STEP][PASSED] - com.ge.tms.commonactions.RailroadActions.clickOnSelectRailroadDropdown: com.ge.tms.commonactions.RailroadActions.clickOnSelectRailroadDropdown is PASSED

2018-11-15 10:16:11 - [MESSAGE][PASSED] - Send request successfully

2018-11-15 10:16:11 - [MESSAGE][PASSED] - Send request successfully

2018-11-15 10:16:11 - [MESSAGE][PASSED] - Send request successfully

2018-11-15 10:16:11 - [MESSAGE][PASSED] - Send request successfully

2018-11-15 10:16:11 - [MESSAGE][PASSED] - Execute JavaScript 'document.querySelector('#railroads-select-dropdown').shadowRoot.querySelector('#trigger').click()' successfully

2018-11-15 10:16:14 - [MESSAGE][PASSED] - Delayed 3 second(s)

2018-11-15 10:16:14 - [MESSAGE][PASSED] - com.ge.tms.commonactions.RailroadActions.clickOnSelectRailroadDropdown is PASSED

2018-11-15 10:16:14 - [TEST_STEP][PASSED] - com.ge.tms.commonactions.RailroadActions.selectRandomRailRoad: com.ge.tms.commonactions.RailroadActions.selectRandomRailRoad is PASSED

2018-11-15 10:16:14 - [MESSAGE][PASSED] - Send request successfully

2018-11-15 10:16:14 - [MESSAGE][PASSED] - Send request successfully

2018-11-15 10:16:14 - [MESSAGE][PASSED] - Send request successfully

2018-11-15 10:16:14 - [MESSAGE][PASSED] - Send request successfully

2018-11-15 10:16:14 - [MESSAGE][PASSED] - Execute JavaScript 'let railRoadList=[]; document.querySelector('#railroads-select-dropdown').shadowRoot.querySelector('#content').shadowRoot.querySelectorAll('#selector > div.dropdown-option').forEach(node => { railRoadList.push(node.getAttribute('title')) }); return railRoadList' successfully

2018-11-15 10:16:14 - [MESSAGE][PASSED] - Execute JavaScript 'return document.querySelector('#railroads-select-dropdown').shadowRoot.querySelector('#content').shadowRoot.querySelector('#selector > div:nth-child(1) span').innerHTML' successfully

2018-11-15 10:16:14 - [MESSAGE][PASSED] - Execute JavaScript 'return document.querySelector('#railroads-select-dropdown').shadowRoot.querySelector('#content').shadowRoot.querySelector('#selector > div:nth-child(1) span').click()' successfully

2018-11-15 10:16:14 - [MESSAGE][PASSED] - com.ge.tms.commonactions.RailroadActions.selectRandomRailRoad is PASSED

2018-11-15 10:16:14 - [TEST_STEP][PASSED] - delay: Delayed 2 second(s)

2018-11-15 10:16:16 - [MESSAGE][PASSED] - Delayed 2 second(s)

2018-11-15 10:16:16 - [TEST_STEP][PASSED] - Statement - actions.addStationMandatotyFields(empty): Delayed 3 second(s)

2018-11-15 10:16:16 - [MESSAGE][PASSED] - Object: 'Object Repository/F11822-Configure and Manage Stations/Add_New_Station_Button' is clicked on

2018-11-15 10:16:17 - [MESSAGE][PASSED] - Text '8S5W2VT' is set on object 'Object Repository/F11822-Configure and Manage Stations/station_id'

2018-11-15 10:16:17 - [MESSAGE][PASSED] - Text 'YGF1JW8' is set on object 'Object Repository/F11822-Configure and Manage Stations/station_name'

2018-11-15 10:16:17 - [MESSAGE][PASSED] - Execute JavaScript 'document.querySelector('#splc').shadowRoot.querySelector('#trigger').shadowRoot.querySelector('#trigger').click()' successfully

2018-11-15 10:16:17 - [MESSAGE][PASSED] - Execute JavaScript 'return document.querySelector('#splc').shadowRoot.querySelector('px-overlay-content > #content').shadowRoot.querySelectorAll('#dropdown > div > #selector > div').length' successfully

2018-11-15 10:16:17 - [MESSAGE][PASSED] - Execute JavaScript 'document.querySelector('#splc').shadowRoot.querySelector('px-overlay-content > #content').shadowRoot.querySelector('#dropdown > div > #selector > div:nth-child(1)').click()' successfully

2018-11-15 10:16:17 - [MESSAGE][PASSED] - Execute JavaScript 'return document.querySelector('#fsac').shadowRoot.querySelector('px-overlay-content > #content').shadowRoot.querySelectorAll('#dropdown > div > #selector > div').length' successfully

2018-11-15 10:16:17 - [MESSAGE][PASSED] - Execute JavaScript 'document.querySelector('#fsac').shadowRoot.querySelector('px-overlay-content > #content').shadowRoot.querySelector('#dropdown > div > #selector > div:nth-child(1)').click()' successfully

2018-11-15 10:16:17 - [MESSAGE][PASSED] - Execute JavaScript 'return document.querySelector('#station-timezone-qualifier').shadowRoot.querySelector('px-overlay-content > #content').shadowRoot.querySelectorAll('#dropdown > div > #selector > div').length' successfully

2018-11-15 10:16:17 - [MESSAGE][PASSED] - Execute JavaScript 'document.querySelector('#station-timezone-qualifier').shadowRoot.querySelector('px-overlay-content > #content').shadowRoot.querySelector('#dropdown > div > #selector > div:nth-child(5)').click()' successfully

2018-11-15 10:16:17 - [MESSAGE][PASSED] - Execute JavaScript 'return document.querySelector('#country').shadowRoot.querySelector('px-overlay-content > #content').shadowRoot.querySelectorAll('#dropdown > div > #selector > div').length' successfully

2018-11-15 10:16:17 - [MESSAGE][PASSED] - Execute JavaScript 'document.querySelector('#country').shadowRoot.querySelector('px-overlay-content > #content').shadowRoot.querySelector('#dropdown > div > #selector > div:nth-child(1)').click()' successfully

2018-11-15 10:16:17 - [MESSAGE][PASSED] - Execute JavaScript 'return document.querySelector('#state').shadowRoot.querySelector('px-overlay-content > #content').shadowRoot.querySelectorAll('#dropdown > div > #selector > div').length' successfully

2018-11-15 10:16:17 - [MESSAGE][PASSED] - Execute JavaScript 'document.querySelector('#state').shadowRoot.querySelector('px-overlay-content > #content').shadowRoot.querySelector('#dropdown > div > #selector > div:nth-child(35)').click()' successfully

2018-11-15 10:16:17 - [MESSAGE][PASSED] - Object: 'Object Repository/F11822-Configure and Manage Stations/station_save_button' is clicked on

2018-11-15 10:16:20 - [MESSAGE][PASSED] - Delayed 3 second(s)

2018-11-15 10:16:20 - [TEST_STEP][PASSED] - delay: Delayed 2 second(s)

2018-11-15 10:16:22 - [MESSAGE][PASSED] - Delayed 2 second(s)

2018-11-15 10:16:22 - [TEST_STEP][PASSED] - Statement - actions.addZone(empty): Execute JavaScript 'document.querySelector('#zone-type').shadowRoot.querySelector('#content').shadowRoot.querySelector('#selector > div:nth-child(4)').click()' successfully

2018-11-15 10:16:22 - [MESSAGE][PASSED] - Object: 'Object Repository/F5140-Add Zone Functionalities/QA-US88570-Add Zone/US38196-Save a New Zone/Add Edit Zone/addNewZoneButton' is clicked on

2018-11-15 10:16:25 - [MESSAGE][PASSED] - Delayed 3 second(s)

2018-11-15 10:16:25 - [MESSAGE][PASSED] - Text 'SRERC' is set on object 'Object Repository/F5140-Add Zone Functionalities/QA-US88570-Add Zone/US38196-Save a New Zone/Add Edit Zone/zoneID'

2018-11-15 10:16:26 - [MESSAGE][PASSED] - Text 'SGEWSUC' is set on object 'Object Repository/F5140-Add Zone Functionalities/QA-US88570-Add Zone/US38196-Save a New Zone/Add Edit Zone/zoneName'

2018-11-15 10:16:26 - [MESSAGE][PASSED] - Execute JavaScript 'document.querySelector('#zone-type').shadowRoot.querySelector('#trigger').click()' successfully

2018-11-15 10:16:26 - [MESSAGE][PASSED] - Execute JavaScript 'return document.querySelector('#zone-type').shadowRoot.querySelector('#content').shadowRoot.querySelectorAll('#selector > div').length' successfully

2018-11-15 10:16:26 - [MESSAGE][PASSED] - Execute JavaScript 'document.querySelector('#zone-type').shadowRoot.querySelector('#content').shadowRoot.querySelector('#selector > div:nth-child(4)').click()' successfully

2018-11-15 10:16:26 - [TEST_STEP][PASSED] - com.ge.tms.commonactions.RailroadActions.clickOnZoneSaveButton: com.ge.tms.commonactions.RailroadActions.clickOnZoneSaveButton is PASSED

2018-11-15 10:16:26 - [MESSAGE][PASSED] - Send request successfully

2018-11-15 10:16:26 - [MESSAGE][PASSED] - Send request successfully

2018-11-15 10:16:26 - [MESSAGE][PASSED] - Send request successfully

2018-11-15 10:16:26 - [MESSAGE][PASSED] - Send request successfully

2018-11-15 10:16:26 - [MESSAGE][PASSED] - Object: 'Object Repository/F5140-Add Zone Functionalities/QA-US88570-Add Zone/US38196-Save a New Zone/Add Edit Zone/zoneSaveButton' is clicked on

2018-11-15 10:16:29 - [MESSAGE][PASSED] - Delayed 3 second(s)

2018-11-15 10:16:29 - [MESSAGE][PASSED] - com.ge.tms.commonactions.RailroadActions.clickOnZoneSaveButton is PASSED

2018-11-15 10:16:29 - [TEST_STEP][PASSED] - Statement - actions.setStaionForStationzoneSearchField(): Text '8S5W2VT' is set on object 'Object Repository/CommonObjects/searchTextBoxLeftNav'

2018-11-15 10:16:29 - [MESSAGE][PASSED] - Text '8S5W2VT' is set on object 'Object Repository/CommonObjects/searchTextBoxLeftNav'

2018-11-15 10:16:29 - [TEST_STEP][PASSED] - delay: Delayed 1 second(s)

2018-11-15 10:16:30 - [MESSAGE][PASSED] - Delayed 1 second(s)

2018-11-15 10:16:30 - [TEST_STEP][PASSED] - Statement - actions.setValuesAddTrackFromStation(empty): Execute JavaScript 'document.querySelector('#zoneId').shadowRoot.querySelector('px-overlay-content > #content').shadowRoot.querySelector('#dropdown > div > #selector > div:nth-child(1)').click()' successfully

2018-11-15 10:16:30 - [MESSAGE][PASSED] - Execute JavaScript 'document.querySelector('px-tree').shadowRoot.querySelector('px-tree-node').shadowRoot.querySelector('li').click()' successfully

2018-11-15 10:16:30 - [MESSAGE][PASSED] - Object: 'Object Repository/F5362 - Configure and Manage Track/AddTrackButton' is clicked on

2018-11-15 10:16:31 - [MESSAGE][PASSED] - Delayed 1 second(s)

2018-11-15 10:16:31 - [MESSAGE][PASSED] - Text 'MWIS5I' is set on object 'Object Repository/F5362 - Configure and Manage Track/Track_id_input'

2018-11-15 10:16:31 - [MESSAGE][PASSED] - Text 'YN7AVOQWYA' is set on object 'Object Repository/F5362 - Configure and Manage Track/Track_Description_input'

2018-11-15 10:16:31 - [MESSAGE][PASSED] - Execute JavaScript 'return document.querySelector('#trackType').shadowRoot.querySelector('px-overlay-content > #content').shadowRoot.querySelectorAll('#dropdown > div > #selector > div').length' successfully

2018-11-15 10:16:31 - [MESSAGE][PASSED] - Execute JavaScript 'document.querySelector('#trackType').shadowRoot.querySelector('px-overlay-content > #content').shadowRoot.querySelector('#dropdown > div > #selector > div:nth-child(1)').click()' successfully

2018-11-15 10:16:32 - [MESSAGE][PASSED] - Text '1' is set on object 'Object Repository/F5362 - Configure and Manage Track/Track_Length_input'

2018-11-15 10:16:32 - [MESSAGE][PASSED] - Text '3' is set on object 'Object Repository/F5362 - Configure and Manage Track/Car_Capacity_input'

2018-11-15 10:16:32 - [MESSAGE][PASSED] - Execute JavaScript 'return document.querySelector('#trackConditionCode').shadowRoot.querySelector('px-overlay-content > #content').shadowRoot.querySelectorAll('#dropdown > div > #selector > div').length' successfully

2018-11-15 10:16:32 - [MESSAGE][PASSED] - Execute JavaScript 'document.querySelector('#trackConditionCode').shadowRoot.querySelector('px-overlay-content > #content').shadowRoot.querySelector('#dropdown > div > #selector > div:nth-child(3)').click()' successfully

2018-11-15 10:16:32 - [MESSAGE][PASSED] - Execute JavaScript 'document.querySelector('#zoneId').shadowRoot.querySelector('#trigger').shadowRoot.querySelector('#trigger').click()' successfully

2018-11-15 10:16:32 - [MESSAGE][PASSED] - Execute JavaScript 'return document.querySelector('#zoneId').shadowRoot.querySelector('px-overlay-content > #content').shadowRoot.querySelectorAll('#dropdown > div > #selector > div').length' successfully

2018-11-15 10:16:32 - [MESSAGE][PASSED] - Execute JavaScript 'document.querySelector('#zoneId').shadowRoot.querySelector('px-overlay-content > #content').shadowRoot.querySelector('#dropdown > div > #selector > div:nth-child(1)').click()' successfully

2018-11-15 10:16:32 - [TEST_STEP][PASSED] - Statement - actions.clickCancelTrack(): Object: 'Object Repository/F5362 - Configure and Manage Track/CancelTrackButton' is clicked on

2018-11-15 10:16:32 - [MESSAGE][PASSED] - Object: 'Object Repository/F5362 - Configure and Manage Track/CancelTrackButton' is clicked on

2018-11-15 10:16:32 - [TEST_STEP][PASSED] - Statement - actions.clickZoneUnderStation(): Execute JavaScript 'document.querySelector('px-tree').shadowRoot.querySelector('px-tree-node').shadowRoot.querySelector('#collapse > div > px-tree-node').shadowRoot.querySelector('li').click()' successfully

2018-11-15 10:16:32 - [MESSAGE][PASSED] - Execute JavaScript 'document.querySelector('px-tree').shadowRoot.querySelector('px-tree-node').shadowRoot.querySelector('#collapse > div > px-tree-node').shadowRoot.querySelector('li').click()' successfully

2018-11-15 10:16:32 - [TEST_STEP][PASSED] - com.ge.tms.railroad.RailroadVerification.verifyNoTracksFound: com.ge.tms.railroad.RailroadVerification.verifyNoTracksFound is PASSED

2018-11-15 10:16:32 - [MESSAGE][PASSED] - Send request successfully

2018-11-15 10:16:32 - [MESSAGE][PASSED] - Send request successfully

2018-11-15 10:16:32 - [MESSAGE][PASSED] - Send request successfully

2018-11-15 10:16:32 - [MESSAGE][PASSED] - Send request successfully

2018-11-15 10:16:32 - [MESSAGE][PASSED] - Send request successfully

2018-11-15 10:16:32 - [MESSAGE][PASSED] - Send request successfully

2018-11-15 10:16:32 - [MESSAGE][PASSED] - Send request successfully

2018-11-15 10:16:32 - [MESSAGE][PASSED] - Send request successfully

2018-11-15 10:16:32 - [MESSAGE][PASSED] - Text 'MWIS5I' is set on object 'Object Repository/F5362 - Configure and Manage Track/Track_search_field_row1_trackid'

2018-11-15 10:16:32 - [MESSAGE][PASSED] - Text of object 'Object Repository/F5362 - Configure and Manage Track/noRowsfound' is: 'No rows found'

2018-11-15 10:16:32 - [MESSAGE][PASSED] - Actual object 'No rows found' and expected object 'No rows found' are equal

2018-11-15 10:16:32 - [MESSAGE][PASSED] - com.ge.tms.railroad.RailroadVerification.verifyNoTracksFound is PASSED

2018-11-15 10:16:32 - [TEST_STEP][PASSED] - com.ge.tms.commonactions.RailroadActions.clickOnZoneActionMenu: com.ge.tms.commonactions.RailroadActions.clickOnZoneActionMenu is PASSED

2018-11-15 10:16:32 - [MESSAGE][PASSED] - Send request successfully

2018-11-15 10:16:32 - [MESSAGE][PASSED] - Send request successfully

2018-11-15 10:16:32 - [MESSAGE][PASSED] - Send request successfully

2018-11-15 10:16:32 - [MESSAGE][PASSED] - Send request successfully

2018-11-15 10:16:32 - [MESSAGE][PASSED] - Execute JavaScript 'document.querySelector('#zone-actions-dropdown').shadowRoot.querySelector('#trigger').click()' successfully

2018-11-15 10:16:33 - [MESSAGE][PASSED] - Delayed 1 second(s)

2018-11-15 10:16:33 - [MESSAGE][PASSED] - com.ge.tms.commonactions.RailroadActions.clickOnZoneActionMenu is PASSED

2018-11-15 10:16:33 - [TEST_STEP][PASSED] - com.ge.tms.commonactions.RailroadActions.clickOnDeleteAction: com.ge.tms.commonactions.RailroadActions.clickOnDeleteAction is PASSED

2018-11-15 10:16:33 - [MESSAGE][PASSED] - Send request successfully

2018-11-15 10:16:33 - [MESSAGE][PASSED] - Send request successfully

2018-11-15 10:16:33 - [MESSAGE][PASSED] - Send request successfully

2018-11-15 10:16:33 - [MESSAGE][PASSED] - Send request successfully

2018-11-15 10:16:33 - [MESSAGE][PASSED] - Execute JavaScript 'document.querySelector('#zone-actions-dropdown').shadowRoot.querySelector('#content').shadowRoot.querySelector('#selector > div:nth-child(2)').click()' successfully

2018-11-15 10:16:33 - [MESSAGE][PASSED] - com.ge.tms.commonactions.RailroadActions.clickOnDeleteAction is PASSED

2018-11-15 10:16:33 - [TEST_STEP][PASSED] - delay: Delayed 1 second(s)

2018-11-15 10:16:34 - [MESSAGE][PASSED] - Delayed 1 second(s)

2018-11-15 10:16:34 - [TEST_STEP][PASSED] - Statement - deleteYesButtonObj = com.kms.katalon.core.testobject.ObjectRepository.findTestObject(Object Repository/F5140-Add Zone Functionalities/QA-US88570-Add Zone/US38196-Save a New Zone/Delete Zone/deleteYesButton): Finding Test Object with id 'Object Repository/F5140-Add Zone Functionalities/QA-US88570-Add Zone/US38196-Save a New Zone/Delete Zone/deleteYesButton'

2018-11-15 10:16:34 - [TEST_STEP][PASSED] - com.ge.tms.commonactions.RailroadActions.clickOnTestObject: com.ge.tms.commonactions.RailroadActions.clickOnTestObject is PASSED

2018-11-15 10:16:34 - [MESSAGE][PASSED] - Send request successfully

2018-11-15 10:16:34 - [MESSAGE][PASSED] - Send request successfully

2018-11-15 10:16:34 - [MESSAGE][PASSED] - Send request successfully

2018-11-15 10:16:34 - [MESSAGE][PASSED] - Send request successfully

2018-11-15 10:16:34 - [MESSAGE][PASSED] - Object: 'Object Repository/F5140-Add Zone Functionalities/QA-US88570-Add Zone/US38196-Save a New Zone/Delete Zone/deleteYesButton' is clicked on

2018-11-15 10:16:34 - [MESSAGE][PASSED] - com.ge.tms.commonactions.RailroadActions.clickOnTestObject is PASSED

2018-11-15 10:16:34 - [TEST_STEP][PASSED] - delay: Delayed 1 second(s)

2018-11-15 10:16:35 - [MESSAGE][PASSED] - Delayed 1 second(s)

2018-11-15 10:16:35 - [TEST_STEP][PASSED] - com.ge.tms.railroad.RailroadVerification.verifyViewStationIdAfterZoneDeletion: com.ge.tms.railroad.RailroadVerification.verifyViewStationIdAfterZoneDeletion is PASSED

2018-11-15 10:16:35 - [MESSAGE][PASSED] - Send request successfully

2018-11-15 10:16:35 - [MESSAGE][PASSED] - Send request successfully

2018-11-15 10:16:35 - [MESSAGE][PASSED] - Send request successfully

2018-11-15 10:16:35 - [MESSAGE][PASSED] - Send request successfully

2018-11-15 10:16:35 - [MESSAGE][PASSED] - Send request successfully

2018-11-15 10:16:35 - [MESSAGE][PASSED] - Send request successfully

2018-11-15 10:16:35 - [MESSAGE][PASSED] - Send request successfully

2018-11-15 10:16:35 - [MESSAGE][PASSED] - Send request successfully

2018-11-15 10:16:35 - [MESSAGE][PASSED] - Text of object 'Object Repository/F11822-Configure and Manage Stations/QA-US87586-View Stations/US84086-View Station Details/View Stations/div_StationCode' is: '8S5W2VT'

2018-11-15 10:16:35 - [MESSAGE][PASSED] - Actual object '8S5W2VT' and expected object '8S5W2VT' are equal

2018-11-15 10:16:35 - [MESSAGE][PASSED] - com.ge.tms.railroad.RailroadVerification.verifyViewStationIdAfterZoneDeletion is PASSED

2018-11-15 10:16:35 - [TEST_STEP][PASSED] - com.ge.tms.commonactions.RailroadActions.clickOnStationActionMenu: com.ge.tms.commonactions.RailroadActions.clickOnStationActionMenu is PASSED

2018-11-15 10:16:35 - [MESSAGE][PASSED] - Send request successfully

2018-11-15 10:16:35 - [MESSAGE][PASSED] - Send request successfully

2018-11-15 10:16:35 - [MESSAGE][PASSED] - Send request successfully

2018-11-15 10:16:35 - [MESSAGE][PASSED] - Send request successfully

2018-11-15 10:16:35 - [MESSAGE][PASSED] - Execute JavaScript 'document.querySelector('#station-actions-dropdown').shadowRoot.querySelector('#trigger').click()' successfully

2018-11-15 10:16:36 - [MESSAGE][PASSED] - Delayed 1 second(s)

2018-11-15 10:16:36 - [MESSAGE][PASSED] - com.ge.tms.commonactions.RailroadActions.clickOnStationActionMenu is PASSED

2018-11-15 10:16:36 - [TEST_STEP][PASSED] - com.ge.tms.commonactions.RailroadActions.clickOnDeleteStationButton: com.ge.tms.commonactions.RailroadActions.clickOnDeleteStationButton is PASSED

2018-11-15 10:16:37 - [MESSAGE][PASSED] - Send request successfully

2018-11-15 10:16:37 - [MESSAGE][PASSED] - Send request successfully

2018-11-15 10:16:37 - [MESSAGE][PASSED] - Send request successfully

2018-11-15 10:16:37 - [MESSAGE][PASSED] - Send request successfully

2018-11-15 10:16:37 - [MESSAGE][PASSED] - Execute JavaScript 'document.querySelector('#station-actions-dropdown').shadowRoot.querySelector('#content').shadowRoot.querySelector('#selector > div:nth-child(2)').click()' successfully

2018-11-15 10:16:37 - [MESSAGE][PASSED] - com.ge.tms.commonactions.RailroadActions.clickOnDeleteStationButton is PASSED

2018-11-15 10:16:37 - [TEST_STEP][PASSED] - Statement - deleteYesButtonObj = com.kms.katalon.core.testobject.ObjectRepository.findTestObject(Object Repository/F11822-Configure and Manage Stations/deleteConfirmationYesButton): Finding Test Object with id 'Object Repository/F11822-Configure and Manage Stations/deleteConfirmationYesButton'

2018-11-15 10:16:37 - [TEST_STEP][PASSED] - com.ge.tms.commonactions.RailroadActions.clickOnTestObject: com.ge.tms.commonactions.RailroadActions.clickOnTestObject is PASSED

2018-11-15 10:16:37 - [MESSAGE][PASSED] - Send request successfully

2018-11-15 10:16:37 - [MESSAGE][PASSED] - Send request successfully

2018-11-15 10:16:37 - [MESSAGE][PASSED] - Send request successfully

2018-11-15 10:16:37 - [MESSAGE][PASSED] - Send request successfully

2018-11-15 10:16:37 - [MESSAGE][PASSED] - Object: 'Object Repository/F11822-Configure and Manage Stations/deleteConfirmationYesButton' is clicked on

2018-11-15 10:16:37 - [MESSAGE][PASSED] - com.ge.tms.commonactions.RailroadActions.clickOnTestObject is PASSED

2018-11-15 10:16:37 - [TEST_STEP][PASSED] - delay: Delayed 1 second(s)

2018-11-15 10:16:38 - [MESSAGE][PASSED] - Delayed 1 second(s)

2018-11-15 10:16:38 - [TEST_STEP][PASSED] - com.ge.tms.railroad.RailroadVerification.verifyDeletedItemNotPresentInSearchView: com.ge.tms.railroad.RailroadVerification.verifyDeletedItemNotPresentInSearchView is PASSED

2018-11-15 10:16:38 - [MESSAGE][PASSED] - Send request successfully

2018-11-15 10:16:38 - [MESSAGE][PASSED] - Send request successfully

2018-11-15 10:16:38 - [MESSAGE][PASSED] - Send request successfully

2018-11-15 10:16:38 - [MESSAGE][PASSED] - Send request successfully

2018-11-15 10:16:38 - [MESSAGE][PASSED] - Send request successfully

2018-11-15 10:16:38 - [MESSAGE][PASSED] - Send request successfully

2018-11-15 10:16:38 - [MESSAGE][PASSED] - Send request successfully

2018-11-15 10:16:38 - [MESSAGE][PASSED] - Send request successfully

2018-11-15 10:16:38 - [MESSAGE][PASSED] - Text '8S5W2VT' is set on object 'Object Repository/CommonObjects/searchTextBoxLeftNav'

2018-11-15 10:16:40 - [MESSAGE][PASSED] - Delayed 2 second(s)

2018-11-15 10:16:40 - [MESSAGE][PASSED] - Text of object 'Object Repository/CommonObjects/noSearchResultMessageLeftNav' is: 'No stations or zones found.'

2018-11-15 10:16:40 - [MESSAGE][PASSED] - Actual object 'No stations or zones found.' and expected object 'No stations or zones found.' are equal

2018-11-15 10:16:40 - [MESSAGE][PASSED] - com.ge.tms.railroad.RailroadVerification.verifyDeletedItemNotPresentInSearchView is PASSED

2018-11-15 10:16:40 - [TEST_STEP][PASSED] - Start listener action : closeBrowserForTestCasse: Navigate to 'http://localhost:8080/home' successfully

2018-11-15 10:16:40 - [TEST_STEP][PASSED] - Statement - If (isTestSuitEnable == true): null

2018-11-15 10:16:40 - [TEST_STEP][PASSED] - Statement - beforeTestCaseExecute(): null

2018-11-15 10:16:40 - [TEST_STEP][PASSED] - Statement - If (isTestSuitEnable == true): Navigate to 'http://localhost:8080/home' successfully

2018-11-15 10:16:40 - [TEST_STEP][PASSED] - navigateToUrl: Navigate to 'http://localhost:8080/home' successfully

2018-11-15 10:16:41 - [MESSAGE][PASSED] - Navigate to 'http://localhost:8080/home' successfully

2018-11-15 10:16:41 - [TEST_STEP][PASSED] - Start listener action : afterTestCase: Invoke 'com.kms.katalon.core.annotation.AfterTestCase' method: 'TmsTestListner.afterTestCase(...)' completed.

2018-11-15 10:16:41 - [TEST_STEP][PASSED] - Statement - If (java.lang.System.getProperties().containsKey("updateRally")): Invoke 'com.kms.katalon.core.annotation.AfterTestCase' method: 'TmsTestListner.afterTestCase(...)' completed.]]></system-out>
         <system-err><![CDATA[]]></system-err>
      </testcase>
      <testcase name="Test Cases/Railroad/F5362 - Configure and manage track/QA - US92819/US39512 - Add track from station/TC66203 - Duplicate Track record -error message" classname="Test Cases/Railroad/F5362 - Configure and manage track/QA - US92819/US39512 - Add track from station/TC66203 - Duplicate Track record -error message" status="PASSED">
         <system-out><![CDATA[2018-11-15 10:16:41 - [TEST_CASE][PASSED] - Test Cases/Railroad/F5362 - Configure and manage track/QA - US92819/US39512 - Add track from station/TC66203 - Duplicate Track record -error message: Test Cases/Railroad/F5362 - Configure and manage track/QA - US92819/US39512 - Add track from station/TC66203 - Duplicate Track record -error message

2018-11-15 10:16:41 - [TEST_STEP][PASSED] - Start listener action : beforeTestCaseExecute: Navigate to 'http://localhost:8080/home' successfully

2018-11-15 10:16:41 - [TEST_STEP][PASSED] - Statement - If (isTestSuitEnable == true): Navigate to 'http://localhost:8080/home' successfully

2018-11-15 10:16:41 - [TEST_STEP][PASSED] - navigateToUrl: Navigate to 'http://localhost:8080/home' successfully

2018-11-15 10:16:42 - [MESSAGE][PASSED] - Navigate to 'http://localhost:8080/home' successfully

2018-11-15 10:16:42 - [TEST_STEP][PASSED] - Statement - util = new com.ge.tms.util.CommonUtilities(): Send request successfully

2018-11-15 10:16:42 - [MESSAGE][PASSED] - Send request successfully

2018-11-15 10:16:42 - [MESSAGE][PASSED] - Send request successfully

2018-11-15 10:16:42 - [MESSAGE][PASSED] - Send request successfully

2018-11-15 10:16:42 - [MESSAGE][PASSED] - Send request successfully

2018-11-15 10:16:42 - [TEST_STEP][PASSED] - Statement - actions = new com.ge.tms.commonactions.RailroadActions(): Send request successfully

2018-11-15 10:16:42 - [MESSAGE][PASSED] - Send request successfully

2018-11-15 10:16:42 - [MESSAGE][PASSED] - Send request successfully

2018-11-15 10:16:42 - [MESSAGE][PASSED] - Send request successfully

2018-11-15 10:16:42 - [MESSAGE][PASSED] - Send request successfully

2018-11-15 10:16:42 - [TEST_STEP][PASSED] - Statement - empty = <not implemented yet for class: org.codehaus.groovy.ast.expr.EmptyExpression>: null

2018-11-15 10:16:42 - [TEST_STEP][PASSED] - com.ge.tms.commonactions.CommonClickEvents.clickOnRailroadSetup: com.ge.tms.commonactions.CommonClickEvents.clickOnRailroadSetup is PASSED

2018-11-15 10:16:42 - [MESSAGE][PASSED] - Execute JavaScript 'document.querySelector('px-app-nav').shadowRoot.querySelector('#items > px-app-nav-group:nth-child(13) > px-app-nav-subitem:nth-child(1)').click()' successfully

2018-11-15 10:16:44 - [MESSAGE][PASSED] - Delayed 2 second(s)

2018-11-15 10:16:44 - [MESSAGE][PASSED] - com.ge.tms.commonactions.CommonClickEvents.clickOnRailroadSetup is PASSED

2018-11-15 10:16:44 - [TEST_STEP][PASSED] - com.ge.tms.commonactions.RailroadActions.clickOnSelectRailroadDropdown: com.ge.tms.commonactions.RailroadActions.clickOnSelectRailroadDropdown is PASSED

2018-11-15 10:16:44 - [MESSAGE][PASSED] - Send request successfully

2018-11-15 10:16:44 - [MESSAGE][PASSED] - Send request successfully

2018-11-15 10:16:44 - [MESSAGE][PASSED] - Send request successfully

2018-11-15 10:16:44 - [MESSAGE][PASSED] - Send request successfully

2018-11-15 10:16:44 - [MESSAGE][PASSED] - Execute JavaScript 'document.querySelector('#railroads-select-dropdown').shadowRoot.querySelector('#trigger').click()' successfully

2018-11-15 10:16:47 - [MESSAGE][PASSED] - Delayed 3 second(s)

2018-11-15 10:16:47 - [MESSAGE][PASSED] - com.ge.tms.commonactions.RailroadActions.clickOnSelectRailroadDropdown is PASSED

2018-11-15 10:16:47 - [TEST_STEP][PASSED] - com.ge.tms.commonactions.RailroadActions.selectRandomRailRoad: com.ge.tms.commonactions.RailroadActions.selectRandomRailRoad is PASSED

2018-11-15 10:16:47 - [MESSAGE][PASSED] - Send request successfully

2018-11-15 10:16:47 - [MESSAGE][PASSED] - Send request successfully

2018-11-15 10:16:47 - [MESSAGE][PASSED] - Send request successfully

2018-11-15 10:16:47 - [MESSAGE][PASSED] - Send request successfully

2018-11-15 10:16:47 - [MESSAGE][PASSED] - Execute JavaScript 'let railRoadList=[]; document.querySelector('#railroads-select-dropdown').shadowRoot.querySelector('#content').shadowRoot.querySelectorAll('#selector > div.dropdown-option').forEach(node => { railRoadList.push(node.getAttribute('title')) }); return railRoadList' successfully

2018-11-15 10:16:47 - [MESSAGE][PASSED] - Execute JavaScript 'return document.querySelector('#railroads-select-dropdown').shadowRoot.querySelector('#content').shadowRoot.querySelector('#selector > div:nth-child(1) span').innerHTML' successfully

2018-11-15 10:16:47 - [MESSAGE][PASSED] - Execute JavaScript 'return document.querySelector('#railroads-select-dropdown').shadowRoot.querySelector('#content').shadowRoot.querySelector('#selector > div:nth-child(1) span').click()' successfully

2018-11-15 10:16:47 - [MESSAGE][PASSED] - com.ge.tms.commonactions.RailroadActions.selectRandomRailRoad is PASSED

2018-11-15 10:16:47 - [TEST_STEP][PASSED] - delay: Delayed 2 second(s)

2018-11-15 10:16:49 - [MESSAGE][PASSED] - Delayed 2 second(s)

2018-11-15 10:16:49 - [TEST_STEP][PASSED] - Statement - actions.addStationMandatotyFields(empty): Delayed 3 second(s)

2018-11-15 10:16:49 - [MESSAGE][PASSED] - Object: 'Object Repository/F11822-Configure and Manage Stations/Add_New_Station_Button' is clicked on

2018-11-15 10:16:50 - [MESSAGE][PASSED] - Text 'KO7AQKM' is set on object 'Object Repository/F11822-Configure and Manage Stations/station_id'

2018-11-15 10:16:50 - [MESSAGE][PASSED] - Text 'K3XEE0Z' is set on object 'Object Repository/F11822-Configure and Manage Stations/station_name'

2018-11-15 10:16:50 - [MESSAGE][PASSED] - Execute JavaScript 'document.querySelector('#splc').shadowRoot.querySelector('#trigger').shadowRoot.querySelector('#trigger').click()' successfully

2018-11-15 10:16:50 - [MESSAGE][PASSED] - Execute JavaScript 'return document.querySelector('#splc').shadowRoot.querySelector('px-overlay-content > #content').shadowRoot.querySelectorAll('#dropdown > div > #selector > div').length' successfully

2018-11-15 10:16:50 - [MESSAGE][PASSED] - Execute JavaScript 'document.querySelector('#splc').shadowRoot.querySelector('px-overlay-content > #content').shadowRoot.querySelector('#dropdown > div > #selector > div:nth-child(1)').click()' successfully

2018-11-15 10:16:50 - [MESSAGE][PASSED] - Execute JavaScript 'return document.querySelector('#fsac').shadowRoot.querySelector('px-overlay-content > #content').shadowRoot.querySelectorAll('#dropdown > div > #selector > div').length' successfully

2018-11-15 10:16:50 - [MESSAGE][PASSED] - Execute JavaScript 'document.querySelector('#fsac').shadowRoot.querySelector('px-overlay-content > #content').shadowRoot.querySelector('#dropdown > div > #selector > div:nth-child(1)').click()' successfully

2018-11-15 10:16:50 - [MESSAGE][PASSED] - Execute JavaScript 'return document.querySelector('#station-timezone-qualifier').shadowRoot.querySelector('px-overlay-content > #content').shadowRoot.querySelectorAll('#dropdown > div > #selector > div').length' successfully

2018-11-15 10:16:50 - [MESSAGE][PASSED] - Execute JavaScript 'document.querySelector('#station-timezone-qualifier').shadowRoot.querySelector('px-overlay-content > #content').shadowRoot.querySelector('#dropdown > div > #selector > div:nth-child(7)').click()' successfully

2018-11-15 10:16:50 - [MESSAGE][PASSED] - Execute JavaScript 'return document.querySelector('#country').shadowRoot.querySelector('px-overlay-content > #content').shadowRoot.querySelectorAll('#dropdown > div > #selector > div').length' successfully

2018-11-15 10:16:50 - [MESSAGE][PASSED] - Execute JavaScript 'document.querySelector('#country').shadowRoot.querySelector('px-overlay-content > #content').shadowRoot.querySelector('#dropdown > div > #selector > div:nth-child(1)').click()' successfully

2018-11-15 10:16:50 - [MESSAGE][PASSED] - Execute JavaScript 'return document.querySelector('#state').shadowRoot.querySelector('px-overlay-content > #content').shadowRoot.querySelectorAll('#dropdown > div > #selector > div').length' successfully

2018-11-15 10:16:50 - [MESSAGE][PASSED] - Execute JavaScript 'document.querySelector('#state').shadowRoot.querySelector('px-overlay-content > #content').shadowRoot.querySelector('#dropdown > div > #selector > div:nth-child(43)').click()' successfully

2018-11-15 10:16:50 - [MESSAGE][PASSED] - Object: 'Object Repository/F11822-Configure and Manage Stations/station_save_button' is clicked on

2018-11-15 10:16:53 - [MESSAGE][PASSED] - Delayed 3 second(s)

2018-11-15 10:16:53 - [TEST_STEP][PASSED] - delay: Delayed 2 second(s)

2018-11-15 10:16:55 - [MESSAGE][PASSED] - Delayed 2 second(s)

2018-11-15 10:16:55 - [TEST_STEP][PASSED] - Statement - actions.addZone(empty): Execute JavaScript 'document.querySelector('#zone-type').shadowRoot.querySelector('#content').shadowRoot.querySelector('#selector > div:nth-child(4)').click()' successfully

2018-11-15 10:16:55 - [MESSAGE][PASSED] - Object: 'Object Repository/F5140-Add Zone Functionalities/QA-US88570-Add Zone/US38196-Save a New Zone/Add Edit Zone/addNewZoneButton' is clicked on

2018-11-15 10:16:58 - [MESSAGE][PASSED] - Delayed 3 second(s)

2018-11-15 10:16:58 - [MESSAGE][PASSED] - Text 'C1SV6' is set on object 'Object Repository/F5140-Add Zone Functionalities/QA-US88570-Add Zone/US38196-Save a New Zone/Add Edit Zone/zoneID'

2018-11-15 10:16:58 - [MESSAGE][PASSED] - Text 'ZRIWAWF' is set on object 'Object Repository/F5140-Add Zone Functionalities/QA-US88570-Add Zone/US38196-Save a New Zone/Add Edit Zone/zoneName'

2018-11-15 10:16:58 - [MESSAGE][PASSED] - Execute JavaScript 'document.querySelector('#zone-type').shadowRoot.querySelector('#trigger').click()' successfully

2018-11-15 10:16:58 - [MESSAGE][PASSED] - Execute JavaScript 'return document.querySelector('#zone-type').shadowRoot.querySelector('#content').shadowRoot.querySelectorAll('#selector > div').length' successfully

2018-11-15 10:16:58 - [MESSAGE][PASSED] - Execute JavaScript 'document.querySelector('#zone-type').shadowRoot.querySelector('#content').shadowRoot.querySelector('#selector > div:nth-child(4)').click()' successfully

2018-11-15 10:16:58 - [TEST_STEP][PASSED] - com.ge.tms.commonactions.RailroadActions.clickOnZoneSaveButton: com.ge.tms.commonactions.RailroadActions.clickOnZoneSaveButton is PASSED

2018-11-15 10:16:58 - [MESSAGE][PASSED] - Send request successfully

2018-11-15 10:16:58 - [MESSAGE][PASSED] - Send request successfully

2018-11-15 10:16:58 - [MESSAGE][PASSED] - Send request successfully

2018-11-15 10:16:58 - [MESSAGE][PASSED] - Send request successfully

2018-11-15 10:16:59 - [MESSAGE][PASSED] - Object: 'Object Repository/F5140-Add Zone Functionalities/QA-US88570-Add Zone/US38196-Save a New Zone/Add Edit Zone/zoneSaveButton' is clicked on

2018-11-15 10:17:02 - [MESSAGE][PASSED] - Delayed 3 second(s)

2018-11-15 10:17:02 - [MESSAGE][PASSED] - com.ge.tms.commonactions.RailroadActions.clickOnZoneSaveButton is PASSED

2018-11-15 10:17:02 - [TEST_STEP][PASSED] - Statement - actions.setStaionForStationzoneSearchField(): Text 'KO7AQKM' is set on object 'Object Repository/CommonObjects/searchTextBoxLeftNav'

2018-11-15 10:17:02 - [MESSAGE][PASSED] - Text 'KO7AQKM' is set on object 'Object Repository/CommonObjects/searchTextBoxLeftNav'

2018-11-15 10:17:02 - [TEST_STEP][PASSED] - delay: Delayed 1 second(s)

2018-11-15 10:17:03 - [MESSAGE][PASSED] - Delayed 1 second(s)

2018-11-15 10:17:03 - [TEST_STEP][PASSED] - Statement - actions.setValuesAddTrackFromStation(empty): Execute JavaScript 'document.querySelector('#zoneId').shadowRoot.querySelector('px-overlay-content > #content').shadowRoot.querySelector('#dropdown > div > #selector > div:nth-child(1)').click()' successfully

2018-11-15 10:17:03 - [MESSAGE][PASSED] - Execute JavaScript 'document.querySelector('px-tree').shadowRoot.querySelector('px-tree-node').shadowRoot.querySelector('li').click()' successfully

2018-11-15 10:17:03 - [MESSAGE][PASSED] - Object: 'Object Repository/F5362 - Configure and Manage Track/AddTrackButton' is clicked on

2018-11-15 10:17:04 - [MESSAGE][PASSED] - Delayed 1 second(s)

2018-11-15 10:17:04 - [MESSAGE][PASSED] - Text 'XS5YZV' is set on object 'Object Repository/F5362 - Configure and Manage Track/Track_id_input'

2018-11-15 10:17:04 - [MESSAGE][PASSED] - Text 'P1GTT9CNMF' is set on object 'Object Repository/F5362 - Configure and Manage Track/Track_Description_input'

2018-11-15 10:17:04 - [MESSAGE][PASSED] - Execute JavaScript 'return document.querySelector('#trackType').shadowRoot.querySelector('px-overlay-content > #content').shadowRoot.querySelectorAll('#dropdown > div > #selector > div').length' successfully

2018-11-15 10:17:04 - [MESSAGE][PASSED] - Execute JavaScript 'document.querySelector('#trackType').shadowRoot.querySelector('px-overlay-content > #content').shadowRoot.querySelector('#dropdown > div > #selector > div:nth-child(6)').click()' successfully

2018-11-15 10:17:04 - [MESSAGE][PASSED] - Text '1' is set on object 'Object Repository/F5362 - Configure and Manage Track/Track_Length_input'

2018-11-15 10:17:05 - [MESSAGE][PASSED] - Text '2' is set on object 'Object Repository/F5362 - Configure and Manage Track/Car_Capacity_input'

2018-11-15 10:17:05 - [MESSAGE][PASSED] - Execute JavaScript 'return document.querySelector('#trackConditionCode').shadowRoot.querySelector('px-overlay-content > #content').shadowRoot.querySelectorAll('#dropdown > div > #selector > div').length' successfully

2018-11-15 10:17:05 - [MESSAGE][PASSED] - Execute JavaScript 'document.querySelector('#trackConditionCode').shadowRoot.querySelector('px-overlay-content > #content').shadowRoot.querySelector('#dropdown > div > #selector > div:nth-child(2)').click()' successfully

2018-11-15 10:17:05 - [MESSAGE][PASSED] - Execute JavaScript 'document.querySelector('#zoneId').shadowRoot.querySelector('#trigger').shadowRoot.querySelector('#trigger').click()' successfully

2018-11-15 10:17:05 - [MESSAGE][PASSED] - Execute JavaScript 'return document.querySelector('#zoneId').shadowRoot.querySelector('px-overlay-content > #content').shadowRoot.querySelectorAll('#dropdown > div > #selector > div').length' successfully

2018-11-15 10:17:05 - [MESSAGE][PASSED] - Execute JavaScript 'document.querySelector('#zoneId').shadowRoot.querySelector('px-overlay-content > #content').shadowRoot.querySelector('#dropdown > div > #selector > div:nth-child(1)').click()' successfully

2018-11-15 10:17:05 - [TEST_STEP][PASSED] - Statement - actions.saveTrack(): Delayed 1 second(s)

2018-11-15 10:17:05 - [MESSAGE][PASSED] - Object: 'Object Repository/F5362 - Configure and Manage Track/SaveTrackButton' is clicked on

2018-11-15 10:17:06 - [MESSAGE][PASSED] - Delayed 1 second(s)

2018-11-15 10:17:06 - [TEST_STEP][PASSED] - delay: Delayed 2 second(s)

2018-11-15 10:17:08 - [MESSAGE][PASSED] - Delayed 2 second(s)

2018-11-15 10:17:08 - [TEST_STEP][PASSED] - Statement - actions.clickZoneUnderStation(): Execute JavaScript 'document.querySelector('px-tree').shadowRoot.querySelector('px-tree-node').shadowRoot.querySelector('#collapse > div > px-tree-node').shadowRoot.querySelector('li').click()' successfully

2018-11-15 10:17:08 - [MESSAGE][PASSED] - Execute JavaScript 'document.querySelector('px-tree').shadowRoot.querySelector('px-tree-node').shadowRoot.querySelector('#collapse > div > px-tree-node').shadowRoot.querySelector('li').click()' successfully

2018-11-15 10:17:08 - [TEST_STEP][PASSED] - com.ge.tms.railroad.RailroadVerification.verifyDuplicateTrackIDErrorMessage: com.ge.tms.railroad.RailroadVerification.verifyDuplicateTrackIDErrorMessage is PASSED

2018-11-15 10:17:08 - [MESSAGE][PASSED] - Send request successfully

2018-11-15 10:17:08 - [MESSAGE][PASSED] - Send request successfully

2018-11-15 10:17:08 - [MESSAGE][PASSED] - Send request successfully

2018-11-15 10:17:08 - [MESSAGE][PASSED] - Send request successfully

2018-11-15 10:17:08 - [MESSAGE][PASSED] - Send request successfully

2018-11-15 10:17:08 - [MESSAGE][PASSED] - Send request successfully

2018-11-15 10:17:08 - [MESSAGE][PASSED] - Send request successfully

2018-11-15 10:17:08 - [MESSAGE][PASSED] - Send request successfully

2018-11-15 10:17:08 - [MESSAGE][PASSED] - Object: 'Object Repository/F5362 - Configure and Manage Track/AddTrackButton' is clicked on

2018-11-15 10:17:09 - [MESSAGE][PASSED] - Delayed 1 second(s)

2018-11-15 10:17:09 - [MESSAGE][PASSED] - Text 'XS5YZV' is set on object 'Object Repository/F5362 - Configure and Manage Track/Track_id_input'

2018-11-15 10:17:09 - [MESSAGE][PASSED] - Keys '	' sent to object: 'Object Repository/F5362 - Configure and Manage Track/Track_id_input'

2018-11-15 10:17:09 - [MESSAGE][PASSED] - Text of object 'Object Repository/F5362 - Configure and Manage Track/Track_Id_Error_Message' is: 'TRACK ID ALREADY EXISTS'

2018-11-15 10:17:09 - [MESSAGE][PASSED] - Actual object 'TRACK ID ALREADY EXISTS' and expected object 'TRACK ID ALREADY EXISTS' are equal

2018-11-15 10:17:09 - [MESSAGE][PASSED] - Attribute 'class' of object 'Object Repository/F5362 - Configure and Manage Track/SaveTrackButton' is: 'btn btn--disabled btn--call-to-action float--right'

2018-11-15 10:17:09 - [MESSAGE][PASSED] - Actual object 'true' and expected object 'true' are equal

2018-11-15 10:17:09 - [MESSAGE][PASSED] - com.ge.tms.railroad.RailroadVerification.verifyDuplicateTrackIDErrorMessage is PASSED

2018-11-15 10:17:09 - [TEST_STEP][PASSED] - Statement - actions.clickCancelTrack(): Object: 'Object Repository/F5362 - Configure and Manage Track/CancelTrackButton' is clicked on

2018-11-15 10:17:09 - [MESSAGE][PASSED] - Object: 'Object Repository/F5362 - Configure and Manage Track/CancelTrackButton' is clicked on

2018-11-15 10:17:09 - [TEST_STEP][PASSED] - com.ge.tms.commonactions.RailroadActions.clickOnDeleteTrack: com.ge.tms.commonactions.RailroadActions.clickOnDeleteTrack is PASSED

2018-11-15 10:17:09 - [MESSAGE][PASSED] - Send request successfully

2018-11-15 10:17:09 - [MESSAGE][PASSED] - Send request successfully

2018-11-15 10:17:09 - [MESSAGE][PASSED] - Send request successfully

2018-11-15 10:17:09 - [MESSAGE][PASSED] - Send request successfully

2018-11-15 10:17:09 - [MESSAGE][PASSED] - Object: 'Object Repository/F5362 - Configure and Manage Track/deleteTrackButton' is clicked on

2018-11-15 10:17:09 - [MESSAGE][PASSED] - com.ge.tms.commonactions.RailroadActions.clickOnDeleteTrack is PASSED

2018-11-15 10:17:09 - [TEST_STEP][PASSED] - Statement - deleteYesButtonObj = com.kms.katalon.core.testobject.ObjectRepository.findTestObject(Object Repository/F5362 - Configure and Manage Track/deleteTrackYesButton): Finding Test Object with id 'Object Repository/F5362 - Configure and Manage Track/deleteTrackYesButton'

2018-11-15 10:17:09 - [TEST_STEP][PASSED] - com.ge.tms.commonactions.RailroadActions.clickOnTestObject: com.ge.tms.commonactions.RailroadActions.clickOnTestObject is PASSED

2018-11-15 10:17:09 - [MESSAGE][PASSED] - Send request successfully

2018-11-15 10:17:09 - [MESSAGE][PASSED] - Send request successfully

2018-11-15 10:17:09 - [MESSAGE][PASSED] - Send request successfully

2018-11-15 10:17:09 - [MESSAGE][PASSED] - Send request successfully

2018-11-15 10:17:09 - [MESSAGE][PASSED] - Object: 'Object Repository/F5362 - Configure and Manage Track/deleteTrackYesButton' is clicked on

2018-11-15 10:17:09 - [MESSAGE][PASSED] - com.ge.tms.commonactions.RailroadActions.clickOnTestObject is PASSED

2018-11-15 10:17:09 - [TEST_STEP][PASSED] - delay: Delayed 1 second(s)

2018-11-15 10:17:10 - [MESSAGE][PASSED] - Delayed 1 second(s)

2018-11-15 10:17:10 - [TEST_STEP][PASSED] - com.ge.tms.commonactions.RailroadActions.clickOnZoneActionMenu: com.ge.tms.commonactions.RailroadActions.clickOnZoneActionMenu is PASSED

2018-11-15 10:17:10 - [MESSAGE][PASSED] - Send request successfully

2018-11-15 10:17:10 - [MESSAGE][PASSED] - Send request successfully

2018-11-15 10:17:10 - [MESSAGE][PASSED] - Send request successfully

2018-11-15 10:17:10 - [MESSAGE][PASSED] - Send request successfully

2018-11-15 10:17:10 - [MESSAGE][PASSED] - Execute JavaScript 'document.querySelector('#zone-actions-dropdown').shadowRoot.querySelector('#trigger').click()' successfully

2018-11-15 10:17:11 - [MESSAGE][PASSED] - Delayed 1 second(s)

2018-11-15 10:17:11 - [MESSAGE][PASSED] - com.ge.tms.commonactions.RailroadActions.clickOnZoneActionMenu is PASSED

2018-11-15 10:17:11 - [TEST_STEP][PASSED] - com.ge.tms.commonactions.RailroadActions.clickOnDeleteAction: com.ge.tms.commonactions.RailroadActions.clickOnDeleteAction is PASSED

2018-11-15 10:17:11 - [MESSAGE][PASSED] - Send request successfully

2018-11-15 10:17:11 - [MESSAGE][PASSED] - Send request successfully

2018-11-15 10:17:11 - [MESSAGE][PASSED] - Send request successfully

2018-11-15 10:17:11 - [MESSAGE][PASSED] - Send request successfully

2018-11-15 10:17:11 - [MESSAGE][PASSED] - Execute JavaScript 'document.querySelector('#zone-actions-dropdown').shadowRoot.querySelector('#content').shadowRoot.querySelector('#selector > div:nth-child(2)').click()' successfully

2018-11-15 10:17:11 - [MESSAGE][PASSED] - com.ge.tms.commonactions.RailroadActions.clickOnDeleteAction is PASSED

2018-11-15 10:17:11 - [TEST_STEP][PASSED] - delay: Delayed 1 second(s)

2018-11-15 10:17:12 - [MESSAGE][PASSED] - Delayed 1 second(s)

2018-11-15 10:17:12 - [TEST_STEP][PASSED] - Statement - deleteYesButtonObj = com.kms.katalon.core.testobject.ObjectRepository.findTestObject(Object Repository/F5140-Add Zone Functionalities/QA-US88570-Add Zone/US38196-Save a New Zone/Delete Zone/deleteYesButton): Finding Test Object with id 'Object Repository/F5140-Add Zone Functionalities/QA-US88570-Add Zone/US38196-Save a New Zone/Delete Zone/deleteYesButton'

2018-11-15 10:17:12 - [TEST_STEP][PASSED] - com.ge.tms.commonactions.RailroadActions.clickOnTestObject: com.ge.tms.commonactions.RailroadActions.clickOnTestObject is PASSED

2018-11-15 10:17:12 - [MESSAGE][PASSED] - Send request successfully

2018-11-15 10:17:12 - [MESSAGE][PASSED] - Send request successfully

2018-11-15 10:17:12 - [MESSAGE][PASSED] - Send request successfully

2018-11-15 10:17:12 - [MESSAGE][PASSED] - Send request successfully

2018-11-15 10:17:13 - [MESSAGE][PASSED] - Object: 'Object Repository/F5140-Add Zone Functionalities/QA-US88570-Add Zone/US38196-Save a New Zone/Delete Zone/deleteYesButton' is clicked on

2018-11-15 10:17:13 - [MESSAGE][PASSED] - com.ge.tms.commonactions.RailroadActions.clickOnTestObject is PASSED

2018-11-15 10:17:13 - [TEST_STEP][PASSED] - delay: Delayed 1 second(s)

2018-11-15 10:17:14 - [MESSAGE][PASSED] - Delayed 1 second(s)

2018-11-15 10:17:14 - [TEST_STEP][PASSED] - com.ge.tms.commonactions.RailroadActions.clickOnStationActionMenu: com.ge.tms.commonactions.RailroadActions.clickOnStationActionMenu is PASSED

2018-11-15 10:17:14 - [MESSAGE][PASSED] - Send request successfully

2018-11-15 10:17:14 - [MESSAGE][PASSED] - Send request successfully

2018-11-15 10:17:14 - [MESSAGE][PASSED] - Send request successfully

2018-11-15 10:17:14 - [MESSAGE][PASSED] - Send request successfully

2018-11-15 10:17:14 - [MESSAGE][PASSED] - Execute JavaScript 'document.querySelector('#station-actions-dropdown').shadowRoot.querySelector('#trigger').click()' successfully

2018-11-15 10:17:15 - [MESSAGE][PASSED] - Delayed 1 second(s)

2018-11-15 10:17:15 - [MESSAGE][PASSED] - com.ge.tms.commonactions.RailroadActions.clickOnStationActionMenu is PASSED

2018-11-15 10:17:15 - [TEST_STEP][PASSED] - com.ge.tms.commonactions.RailroadActions.clickOnDeleteStationButton: com.ge.tms.commonactions.RailroadActions.clickOnDeleteStationButton is PASSED

2018-11-15 10:17:15 - [MESSAGE][PASSED] - Send request successfully

2018-11-15 10:17:15 - [MESSAGE][PASSED] - Send request successfully

2018-11-15 10:17:15 - [MESSAGE][PASSED] - Send request successfully

2018-11-15 10:17:15 - [MESSAGE][PASSED] - Send request successfully

2018-11-15 10:17:15 - [MESSAGE][PASSED] - Execute JavaScript 'document.querySelector('#station-actions-dropdown').shadowRoot.querySelector('#content').shadowRoot.querySelector('#selector > div:nth-child(2)').click()' successfully

2018-11-15 10:17:15 - [MESSAGE][PASSED] - com.ge.tms.commonactions.RailroadActions.clickOnDeleteStationButton is PASSED

2018-11-15 10:17:15 - [TEST_STEP][PASSED] - Statement - deleteYesButtonObj = com.kms.katalon.core.testobject.ObjectRepository.findTestObject(Object Repository/F11822-Configure and Manage Stations/deleteConfirmationYesButton): Finding Test Object with id 'Object Repository/F11822-Configure and Manage Stations/deleteConfirmationYesButton'

2018-11-15 10:17:15 - [TEST_STEP][PASSED] - com.ge.tms.commonactions.RailroadActions.clickOnTestObject: com.ge.tms.commonactions.RailroadActions.clickOnTestObject is PASSED

2018-11-15 10:17:15 - [MESSAGE][PASSED] - Send request successfully

2018-11-15 10:17:15 - [MESSAGE][PASSED] - Send request successfully

2018-11-15 10:17:15 - [MESSAGE][PASSED] - Send request successfully

2018-11-15 10:17:15 - [MESSAGE][PASSED] - Send request successfully

2018-11-15 10:17:15 - [MESSAGE][PASSED] - Object: 'Object Repository/F11822-Configure and Manage Stations/deleteConfirmationYesButton' is clicked on

2018-11-15 10:17:15 - [MESSAGE][PASSED] - com.ge.tms.commonactions.RailroadActions.clickOnTestObject is PASSED

2018-11-15 10:17:15 - [TEST_STEP][PASSED] - delay: Delayed 1 second(s)

2018-11-15 10:17:16 - [MESSAGE][PASSED] - Delayed 1 second(s)

2018-11-15 10:17:16 - [TEST_STEP][PASSED] - com.ge.tms.railroad.RailroadVerification.verifyDeletedItemNotPresentInSearchView: com.ge.tms.railroad.RailroadVerification.verifyDeletedItemNotPresentInSearchView is PASSED

2018-11-15 10:17:16 - [MESSAGE][PASSED] - Send request successfully

2018-11-15 10:17:16 - [MESSAGE][PASSED] - Send request successfully

2018-11-15 10:17:16 - [MESSAGE][PASSED] - Send request successfully

2018-11-15 10:17:16 - [MESSAGE][PASSED] - Send request successfully

2018-11-15 10:17:16 - [MESSAGE][PASSED] - Send request successfully

2018-11-15 10:17:16 - [MESSAGE][PASSED] - Send request successfully

2018-11-15 10:17:16 - [MESSAGE][PASSED] - Send request successfully

2018-11-15 10:17:16 - [MESSAGE][PASSED] - Send request successfully

2018-11-15 10:17:16 - [MESSAGE][PASSED] - Text 'KO7AQKM' is set on object 'Object Repository/CommonObjects/searchTextBoxLeftNav'

2018-11-15 10:17:18 - [MESSAGE][PASSED] - Delayed 2 second(s)

2018-11-15 10:17:18 - [MESSAGE][PASSED] - Text of object 'Object Repository/CommonObjects/noSearchResultMessageLeftNav' is: 'No stations or zones found.'

2018-11-15 10:17:18 - [MESSAGE][PASSED] - Actual object 'No stations or zones found.' and expected object 'No stations or zones found.' are equal

2018-11-15 10:17:18 - [MESSAGE][PASSED] - com.ge.tms.railroad.RailroadVerification.verifyDeletedItemNotPresentInSearchView is PASSED

2018-11-15 10:17:18 - [TEST_STEP][PASSED] - Start listener action : closeBrowserForTestCasse: Navigate to 'http://localhost:8080/home' successfully

2018-11-15 10:17:18 - [TEST_STEP][PASSED] - Statement - If (isTestSuitEnable == true): null

2018-11-15 10:17:18 - [TEST_STEP][PASSED] - Statement - beforeTestCaseExecute(): null

2018-11-15 10:17:18 - [TEST_STEP][PASSED] - Statement - If (isTestSuitEnable == true): Navigate to 'http://localhost:8080/home' successfully

2018-11-15 10:17:18 - [TEST_STEP][PASSED] - navigateToUrl: Navigate to 'http://localhost:8080/home' successfully

2018-11-15 10:17:19 - [MESSAGE][PASSED] - Navigate to 'http://localhost:8080/home' successfully

2018-11-15 10:17:19 - [TEST_STEP][PASSED] - Start listener action : afterTestCase: Invoke 'com.kms.katalon.core.annotation.AfterTestCase' method: 'TmsTestListner.afterTestCase(...)' completed.

2018-11-15 10:17:19 - [TEST_STEP][PASSED] - Statement - If (java.lang.System.getProperties().containsKey("updateRally")): Invoke 'com.kms.katalon.core.annotation.AfterTestCase' method: 'TmsTestListner.afterTestCase(...)' completed.]]></system-out>
         <system-err><![CDATA[]]></system-err>
      </testcase>
      <testcase name="Test Cases/Railroad/F5524 - Delete Zone functionalities/QA-US92240/US38198-Delete zone with no tracks/TC65662- Delete a zone with no tracks" classname="Test Cases/Railroad/F5524 - Delete Zone functionalities/QA-US92240/US38198-Delete zone with no tracks/TC65662- Delete a zone with no tracks" status="PASSED">
         <system-out><![CDATA[2018-11-15 10:17:19 - [TEST_CASE][PASSED] - Test Cases/Railroad/F5524 - Delete Zone functionalities/QA-US92240/US38198-Delete zone with no tracks/TC65662- Delete a zone with no tracks: Test Cases/Railroad/F5524 - Delete Zone functionalities/QA-US92240/US38198-Delete zone with no tracks/TC65662- Delete a zone with no tracks

2018-11-15 10:17:19 - [TEST_STEP][PASSED] - Start listener action : beforeTestCaseExecute: Navigate to 'http://localhost:8080/home' successfully

2018-11-15 10:17:19 - [TEST_STEP][PASSED] - Statement - If (isTestSuitEnable == true): Navigate to 'http://localhost:8080/home' successfully

2018-11-15 10:17:19 - [TEST_STEP][PASSED] - navigateToUrl: Navigate to 'http://localhost:8080/home' successfully

2018-11-15 10:17:20 - [MESSAGE][PASSED] - Navigate to 'http://localhost:8080/home' successfully

2018-11-15 10:17:20 - [TEST_STEP][PASSED] - Statement - util = new com.ge.tms.util.CommonUtilities(): Send request successfully

2018-11-15 10:17:20 - [MESSAGE][PASSED] - Send request successfully

2018-11-15 10:17:20 - [MESSAGE][PASSED] - Send request successfully

2018-11-15 10:17:20 - [MESSAGE][PASSED] - Send request successfully

2018-11-15 10:17:20 - [MESSAGE][PASSED] - Send request successfully

2018-11-15 10:17:20 - [TEST_STEP][PASSED] - Statement - actions = new com.ge.tms.commonactions.RailroadActions(): Send request successfully

2018-11-15 10:17:20 - [MESSAGE][PASSED] - Send request successfully

2018-11-15 10:17:20 - [MESSAGE][PASSED] - Send request successfully

2018-11-15 10:17:20 - [MESSAGE][PASSED] - Send request successfully

2018-11-15 10:17:20 - [MESSAGE][PASSED] - Send request successfully

2018-11-15 10:17:20 - [TEST_STEP][PASSED] - com.ge.tms.commonactions.CommonClickEvents.clickOnRailroadSetup: com.ge.tms.commonactions.CommonClickEvents.clickOnRailroadSetup is PASSED

2018-11-15 10:17:20 - [MESSAGE][PASSED] - Execute JavaScript 'document.querySelector('px-app-nav').shadowRoot.querySelector('#items > px-app-nav-group:nth-child(13) > px-app-nav-subitem:nth-child(1)').click()' successfully

2018-11-15 10:17:22 - [MESSAGE][PASSED] - Delayed 2 second(s)

2018-11-15 10:17:22 - [MESSAGE][PASSED] - com.ge.tms.commonactions.CommonClickEvents.clickOnRailroadSetup is PASSED

2018-11-15 10:17:22 - [TEST_STEP][PASSED] - com.ge.tms.commonactions.RailroadActions.clickOnSelectRailroadDropdown: com.ge.tms.commonactions.RailroadActions.clickOnSelectRailroadDropdown is PASSED

2018-11-15 10:17:22 - [MESSAGE][PASSED] - Send request successfully

2018-11-15 10:17:22 - [MESSAGE][PASSED] - Send request successfully

2018-11-15 10:17:22 - [MESSAGE][PASSED] - Send request successfully

2018-11-15 10:17:22 - [MESSAGE][PASSED] - Send request successfully

2018-11-15 10:17:22 - [MESSAGE][PASSED] - Execute JavaScript 'document.querySelector('#railroads-select-dropdown').shadowRoot.querySelector('#trigger').click()' successfully

2018-11-15 10:17:25 - [MESSAGE][PASSED] - Delayed 3 second(s)

2018-11-15 10:17:25 - [MESSAGE][PASSED] - com.ge.tms.commonactions.RailroadActions.clickOnSelectRailroadDropdown is PASSED

2018-11-15 10:17:25 - [TEST_STEP][PASSED] - com.ge.tms.commonactions.RailroadActions.selectRandomRailRoad: com.ge.tms.commonactions.RailroadActions.selectRandomRailRoad is PASSED

2018-11-15 10:17:25 - [MESSAGE][PASSED] - Send request successfully

2018-11-15 10:17:25 - [MESSAGE][PASSED] - Send request successfully

2018-11-15 10:17:25 - [MESSAGE][PASSED] - Send request successfully

2018-11-15 10:17:25 - [MESSAGE][PASSED] - Send request successfully

2018-11-15 10:17:25 - [MESSAGE][PASSED] - Execute JavaScript 'let railRoadList=[]; document.querySelector('#railroads-select-dropdown').shadowRoot.querySelector('#content').shadowRoot.querySelectorAll('#selector > div.dropdown-option').forEach(node => { railRoadList.push(node.getAttribute('title')) }); return railRoadList' successfully

2018-11-15 10:17:25 - [MESSAGE][PASSED] - Execute JavaScript 'return document.querySelector('#railroads-select-dropdown').shadowRoot.querySelector('#content').shadowRoot.querySelector('#selector > div:nth-child(1) span').innerHTML' successfully

2018-11-15 10:17:25 - [MESSAGE][PASSED] - Execute JavaScript 'return document.querySelector('#railroads-select-dropdown').shadowRoot.querySelector('#content').shadowRoot.querySelector('#selector > div:nth-child(1) span').click()' successfully

2018-11-15 10:17:25 - [MESSAGE][PASSED] - com.ge.tms.commonactions.RailroadActions.selectRandomRailRoad is PASSED

2018-11-15 10:17:25 - [TEST_STEP][PASSED] - delay: Delayed 2 second(s)

2018-11-15 10:17:27 - [MESSAGE][PASSED] - Delayed 2 second(s)

2018-11-15 10:17:27 - [TEST_STEP][PASSED] - Statement - setStationId = <not implemented yet for class: org.codehaus.groovy.ast.expr.EmptyExpression>: null

2018-11-15 10:17:27 - [TEST_STEP][PASSED] - Statement - actions.addStationMandatotyFields(setStationId): Delayed 3 second(s)

2018-11-15 10:17:27 - [MESSAGE][PASSED] - Object: 'Object Repository/F11822-Configure and Manage Stations/Add_New_Station_Button' is clicked on

2018-11-15 10:17:28 - [MESSAGE][PASSED] - Text 'FDDRWLP' is set on object 'Object Repository/F11822-Configure and Manage Stations/station_id'

2018-11-15 10:17:28 - [MESSAGE][PASSED] - Text 'JJBNTNY' is set on object 'Object Repository/F11822-Configure and Manage Stations/station_name'

2018-11-15 10:17:28 - [MESSAGE][PASSED] - Execute JavaScript 'document.querySelector('#splc').shadowRoot.querySelector('#trigger').shadowRoot.querySelector('#trigger').click()' successfully

2018-11-15 10:17:28 - [MESSAGE][PASSED] - Execute JavaScript 'return document.querySelector('#splc').shadowRoot.querySelector('px-overlay-content > #content').shadowRoot.querySelectorAll('#dropdown > div > #selector > div').length' successfully

2018-11-15 10:17:28 - [MESSAGE][PASSED] - Execute JavaScript 'document.querySelector('#splc').shadowRoot.querySelector('px-overlay-content > #content').shadowRoot.querySelector('#dropdown > div > #selector > div:nth-child(1)').click()' successfully

2018-11-15 10:17:28 - [MESSAGE][PASSED] - Execute JavaScript 'return document.querySelector('#fsac').shadowRoot.querySelector('px-overlay-content > #content').shadowRoot.querySelectorAll('#dropdown > div > #selector > div').length' successfully

2018-11-15 10:17:28 - [MESSAGE][PASSED] - Execute JavaScript 'document.querySelector('#fsac').shadowRoot.querySelector('px-overlay-content > #content').shadowRoot.querySelector('#dropdown > div > #selector > div:nth-child(1)').click()' successfully

2018-11-15 10:17:28 - [MESSAGE][PASSED] - Execute JavaScript 'return document.querySelector('#station-timezone-qualifier').shadowRoot.querySelector('px-overlay-content > #content').shadowRoot.querySelectorAll('#dropdown > div > #selector > div').length' successfully

2018-11-15 10:17:28 - [MESSAGE][PASSED] - Execute JavaScript 'document.querySelector('#station-timezone-qualifier').shadowRoot.querySelector('px-overlay-content > #content').shadowRoot.querySelector('#dropdown > div > #selector > div:nth-child(2)').click()' successfully

2018-11-15 10:17:28 - [MESSAGE][PASSED] - Execute JavaScript 'return document.querySelector('#country').shadowRoot.querySelector('px-overlay-content > #content').shadowRoot.querySelectorAll('#dropdown > div > #selector > div').length' successfully

2018-11-15 10:17:28 - [MESSAGE][PASSED] - Execute JavaScript 'document.querySelector('#country').shadowRoot.querySelector('px-overlay-content > #content').shadowRoot.querySelector('#dropdown > div > #selector > div:nth-child(1)').click()' successfully

2018-11-15 10:17:28 - [MESSAGE][PASSED] - Execute JavaScript 'return document.querySelector('#state').shadowRoot.querySelector('px-overlay-content > #content').shadowRoot.querySelectorAll('#dropdown > div > #selector > div').length' successfully

2018-11-15 10:17:28 - [MESSAGE][PASSED] - Execute JavaScript 'document.querySelector('#state').shadowRoot.querySelector('px-overlay-content > #content').shadowRoot.querySelector('#dropdown > div > #selector > div:nth-child(33)').click()' successfully

2018-11-15 10:17:28 - [MESSAGE][PASSED] - Object: 'Object Repository/F11822-Configure and Manage Stations/station_save_button' is clicked on

2018-11-15 10:17:31 - [MESSAGE][PASSED] - Delayed 3 second(s)

2018-11-15 10:17:31 - [TEST_STEP][PASSED] - delay: Delayed 2 second(s)

2018-11-15 10:17:33 - [MESSAGE][PASSED] - Delayed 2 second(s)

2018-11-15 10:17:33 - [TEST_STEP][PASSED] - Statement - setZoneId = <not implemented yet for class: org.codehaus.groovy.ast.expr.EmptyExpression>: null

2018-11-15 10:17:33 - [TEST_STEP][PASSED] - Statement - actions.addZone(setZoneId): Execute JavaScript 'document.querySelector('#zone-type').shadowRoot.querySelector('#content').shadowRoot.querySelector('#selector > div:nth-child(1)').click()' successfully

2018-11-15 10:17:33 - [MESSAGE][PASSED] - Object: 'Object Repository/F5140-Add Zone Functionalities/QA-US88570-Add Zone/US38196-Save a New Zone/Add Edit Zone/addNewZoneButton' is clicked on

2018-11-15 10:17:36 - [MESSAGE][PASSED] - Delayed 3 second(s)

2018-11-15 10:17:36 - [MESSAGE][PASSED] - Text 'TO0XV' is set on object 'Object Repository/F5140-Add Zone Functionalities/QA-US88570-Add Zone/US38196-Save a New Zone/Add Edit Zone/zoneID'

2018-11-15 10:17:36 - [MESSAGE][PASSED] - Text 'ERMLNI3' is set on object 'Object Repository/F5140-Add Zone Functionalities/QA-US88570-Add Zone/US38196-Save a New Zone/Add Edit Zone/zoneName'

2018-11-15 10:17:36 - [MESSAGE][PASSED] - Execute JavaScript 'document.querySelector('#zone-type').shadowRoot.querySelector('#trigger').click()' successfully

2018-11-15 10:17:36 - [MESSAGE][PASSED] - Execute JavaScript 'return document.querySelector('#zone-type').shadowRoot.querySelector('#content').shadowRoot.querySelectorAll('#selector > div').length' successfully

2018-11-15 10:17:36 - [MESSAGE][PASSED] - Execute JavaScript 'document.querySelector('#zone-type').shadowRoot.querySelector('#content').shadowRoot.querySelector('#selector > div:nth-child(1)').click()' successfully

2018-11-15 10:17:36 - [TEST_STEP][PASSED] - com.ge.tms.commonactions.RailroadActions.clickOnZoneSaveButton: com.ge.tms.commonactions.RailroadActions.clickOnZoneSaveButton is PASSED

2018-11-15 10:17:36 - [MESSAGE][PASSED] - Send request successfully

2018-11-15 10:17:36 - [MESSAGE][PASSED] - Send request successfully

2018-11-15 10:17:37 - [MESSAGE][PASSED] - Send request successfully

2018-11-15 10:17:37 - [MESSAGE][PASSED] - Send request successfully

2018-11-15 10:17:37 - [MESSAGE][PASSED] - Object: 'Object Repository/F5140-Add Zone Functionalities/QA-US88570-Add Zone/US38196-Save a New Zone/Add Edit Zone/zoneSaveButton' is clicked on

2018-11-15 10:17:40 - [MESSAGE][PASSED] - Delayed 3 second(s)

2018-11-15 10:17:40 - [MESSAGE][PASSED] - com.ge.tms.commonactions.RailroadActions.clickOnZoneSaveButton is PASSED

2018-11-15 10:17:40 - [TEST_STEP][PASSED] - com.ge.tms.commonactions.RailroadActions.clickOnZoneActionMenu: com.ge.tms.commonactions.RailroadActions.clickOnZoneActionMenu is PASSED

2018-11-15 10:17:40 - [MESSAGE][PASSED] - Send request successfully

2018-11-15 10:17:40 - [MESSAGE][PASSED] - Send request successfully

2018-11-15 10:17:40 - [MESSAGE][PASSED] - Send request successfully

2018-11-15 10:17:40 - [MESSAGE][PASSED] - Send request successfully

2018-11-15 10:17:40 - [MESSAGE][PASSED] - Execute JavaScript 'document.querySelector('#zone-actions-dropdown').shadowRoot.querySelector('#trigger').click()' successfully

2018-11-15 10:17:41 - [MESSAGE][PASSED] - Delayed 1 second(s)

2018-11-15 10:17:41 - [MESSAGE][PASSED] - com.ge.tms.commonactions.RailroadActions.clickOnZoneActionMenu is PASSED

2018-11-15 10:17:41 - [TEST_STEP][PASSED] - com.ge.tms.commonactions.RailroadActions.clickOnDeleteAction: com.ge.tms.commonactions.RailroadActions.clickOnDeleteAction is PASSED

2018-11-15 10:17:41 - [MESSAGE][PASSED] - Send request successfully

2018-11-15 10:17:41 - [MESSAGE][PASSED] - Send request successfully

2018-11-15 10:17:41 - [MESSAGE][PASSED] - Send request successfully

2018-11-15 10:17:41 - [MESSAGE][PASSED] - Send request successfully

2018-11-15 10:17:41 - [MESSAGE][PASSED] - Execute JavaScript 'document.querySelector('#zone-actions-dropdown').shadowRoot.querySelector('#content').shadowRoot.querySelector('#selector > div:nth-child(2)').click()' successfully

2018-11-15 10:17:41 - [MESSAGE][PASSED] - com.ge.tms.commonactions.RailroadActions.clickOnDeleteAction is PASSED

2018-11-15 10:17:41 - [TEST_STEP][PASSED] - delay: Delayed 1 second(s)

2018-11-15 10:17:42 - [MESSAGE][PASSED] - Delayed 1 second(s)

2018-11-15 10:17:42 - [TEST_STEP][PASSED] - Statement - deleteMessageObj = com.kms.katalon.core.testobject.ObjectRepository.findTestObject(Object Repository/F5140-Add Zone Functionalities/QA-US88570-Add Zone/US38196-Save a New Zone/Delete Zone/deleteConfirmationMessage): Finding Test Object with id 'Object Repository/F5140-Add Zone Functionalities/QA-US88570-Add Zone/US38196-Save a New Zone/Delete Zone/deleteConfirmationMessage'

2018-11-15 10:17:42 - [TEST_STEP][PASSED] - com.ge.tms.railroad.RailroadVerification.verifyDeleteConfirmationMessage: com.ge.tms.railroad.RailroadVerification.verifyDeleteConfirmationMessage is PASSED

2018-11-15 10:17:42 - [MESSAGE][PASSED] - Send request successfully

2018-11-15 10:17:42 - [MESSAGE][PASSED] - Send request successfully

2018-11-15 10:17:42 - [MESSAGE][PASSED] - Send request successfully

2018-11-15 10:17:42 - [MESSAGE][PASSED] - Send request successfully

2018-11-15 10:17:42 - [MESSAGE][PASSED] - Send request successfully

2018-11-15 10:17:42 - [MESSAGE][PASSED] - Send request successfully

2018-11-15 10:17:42 - [MESSAGE][PASSED] - Send request successfully

2018-11-15 10:17:42 - [MESSAGE][PASSED] - Send request successfully

2018-11-15 10:17:42 - [MESSAGE][PASSED] - Text of object 'Object Repository/F5140-Add Zone Functionalities/QA-US88570-Add Zone/US38196-Save a New Zone/Delete Zone/deleteConfirmationMessage' is: 'Are you sure you want to delete TO0XV?'

2018-11-15 10:17:42 - [MESSAGE][PASSED] - com.ge.tms.railroad.RailroadVerification.verifyDeleteConfirmationMessage is PASSED

2018-11-15 10:17:42 - [TEST_STEP][PASSED] - Statement - deleteYesButtonObj = com.kms.katalon.core.testobject.ObjectRepository.findTestObject(Object Repository/F5140-Add Zone Functionalities/QA-US88570-Add Zone/US38196-Save a New Zone/Delete Zone/deleteYesButton): Finding Test Object with id 'Object Repository/F5140-Add Zone Functionalities/QA-US88570-Add Zone/US38196-Save a New Zone/Delete Zone/deleteYesButton'

2018-11-15 10:17:42 - [TEST_STEP][PASSED] - com.ge.tms.commonactions.RailroadActions.clickOnTestObject: com.ge.tms.commonactions.RailroadActions.clickOnTestObject is PASSED

2018-11-15 10:17:42 - [MESSAGE][PASSED] - Send request successfully

2018-11-15 10:17:42 - [MESSAGE][PASSED] - Send request successfully

2018-11-15 10:17:42 - [MESSAGE][PASSED] - Send request successfully

2018-11-15 10:17:42 - [MESSAGE][PASSED] - Send request successfully

2018-11-15 10:17:42 - [MESSAGE][PASSED] - Object: 'Object Repository/F5140-Add Zone Functionalities/QA-US88570-Add Zone/US38196-Save a New Zone/Delete Zone/deleteYesButton' is clicked on

2018-11-15 10:17:42 - [MESSAGE][PASSED] - com.ge.tms.commonactions.RailroadActions.clickOnTestObject is PASSED

2018-11-15 10:17:42 - [TEST_STEP][PASSED] - delay: Delayed 2 second(s)

2018-11-15 10:17:44 - [MESSAGE][PASSED] - Delayed 2 second(s)

2018-11-15 10:17:44 - [TEST_STEP][PASSED] - com.ge.tms.railroad.RailroadVerification.verifyViewStationIdAfterZoneDeletion: com.ge.tms.railroad.RailroadVerification.verifyViewStationIdAfterZoneDeletion is PASSED

2018-11-15 10:17:44 - [MESSAGE][PASSED] - Send request successfully

2018-11-15 10:17:44 - [MESSAGE][PASSED] - Send request successfully

2018-11-15 10:17:44 - [MESSAGE][PASSED] - Send request successfully

2018-11-15 10:17:44 - [MESSAGE][PASSED] - Send request successfully

2018-11-15 10:17:44 - [MESSAGE][PASSED] - Send request successfully

2018-11-15 10:17:44 - [MESSAGE][PASSED] - Send request successfully

2018-11-15 10:17:44 - [MESSAGE][PASSED] - Send request successfully

2018-11-15 10:17:44 - [MESSAGE][PASSED] - Send request successfully

2018-11-15 10:17:44 - [MESSAGE][PASSED] - Text of object 'Object Repository/F11822-Configure and Manage Stations/QA-US87586-View Stations/US84086-View Station Details/View Stations/div_StationCode' is: 'FDDRWLP'

2018-11-15 10:17:44 - [MESSAGE][PASSED] - Actual object 'FDDRWLP' and expected object 'FDDRWLP' are equal

2018-11-15 10:17:44 - [MESSAGE][PASSED] - com.ge.tms.railroad.RailroadVerification.verifyViewStationIdAfterZoneDeletion is PASSED

2018-11-15 10:17:44 - [TEST_STEP][PASSED] - com.ge.tms.railroad.RailroadVerification.verifyDeletedItemNotPresentInSearchView: com.ge.tms.railroad.RailroadVerification.verifyDeletedItemNotPresentInSearchView is PASSED

2018-11-15 10:17:44 - [MESSAGE][PASSED] - Send request successfully

2018-11-15 10:17:44 - [MESSAGE][PASSED] - Send request successfully

2018-11-15 10:17:44 - [MESSAGE][PASSED] - Send request successfully

2018-11-15 10:17:44 - [MESSAGE][PASSED] - Send request successfully

2018-11-15 10:17:44 - [MESSAGE][PASSED] - Send request successfully

2018-11-15 10:17:44 - [MESSAGE][PASSED] - Send request successfully

2018-11-15 10:17:44 - [MESSAGE][PASSED] - Send request successfully

2018-11-15 10:17:44 - [MESSAGE][PASSED] - Send request successfully

2018-11-15 10:17:44 - [MESSAGE][PASSED] - Text 'TO0XV' is set on object 'Object Repository/CommonObjects/searchTextBoxLeftNav'

2018-11-15 10:17:46 - [MESSAGE][PASSED] - Delayed 2 second(s)

2018-11-15 10:17:46 - [MESSAGE][PASSED] - Text of object 'Object Repository/CommonObjects/noSearchResultMessageLeftNav' is: 'No stations or zones found.'

2018-11-15 10:17:46 - [MESSAGE][PASSED] - Actual object 'No stations or zones found.' and expected object 'No stations or zones found.' are equal

2018-11-15 10:17:46 - [MESSAGE][PASSED] - com.ge.tms.railroad.RailroadVerification.verifyDeletedItemNotPresentInSearchView is PASSED

2018-11-15 10:17:46 - [TEST_STEP][PASSED] - Statement - actions.clearStationzoneSearchField(): Text of object 'Object Repository/CommonObjects/searchTextBoxLeftNav' is cleared

2018-11-15 10:17:46 - [MESSAGE][PASSED] - Text of object 'Object Repository/CommonObjects/searchTextBoxLeftNav' is cleared

2018-11-15 10:17:46 - [TEST_STEP][PASSED] - Statement - actions.setTextForSearchInLeftNav(stationId): Text 'FDDRWLP' is set on object 'Object Repository/CommonObjects/searchTextBoxLeftNav'

2018-11-15 10:17:47 - [MESSAGE][PASSED] - Text 'FDDRWLP' is set on object 'Object Repository/CommonObjects/searchTextBoxLeftNav'

2018-11-15 10:17:47 - [TEST_STEP][PASSED] - delay: Delayed 2 second(s)

2018-11-15 10:17:49 - [MESSAGE][PASSED] - Delayed 2 second(s)

2018-11-15 10:17:49 - [TEST_STEP][PASSED] - com.ge.tms.commonactions.RailroadActions.clickOnStationActionMenu: com.ge.tms.commonactions.RailroadActions.clickOnStationActionMenu is PASSED

2018-11-15 10:17:49 - [MESSAGE][PASSED] - Send request successfully

2018-11-15 10:17:49 - [MESSAGE][PASSED] - Send request successfully

2018-11-15 10:17:49 - [MESSAGE][PASSED] - Send request successfully

2018-11-15 10:17:49 - [MESSAGE][PASSED] - Send request successfully

2018-11-15 10:17:49 - [MESSAGE][PASSED] - Execute JavaScript 'document.querySelector('#station-actions-dropdown').shadowRoot.querySelector('#trigger').click()' successfully

2018-11-15 10:17:50 - [MESSAGE][PASSED] - Delayed 1 second(s)

2018-11-15 10:17:50 - [MESSAGE][PASSED] - com.ge.tms.commonactions.RailroadActions.clickOnStationActionMenu is PASSED

2018-11-15 10:17:50 - [TEST_STEP][PASSED] - com.ge.tms.commonactions.RailroadActions.clickOnDeleteStationButton: com.ge.tms.commonactions.RailroadActions.clickOnDeleteStationButton is PASSED

2018-11-15 10:17:50 - [MESSAGE][PASSED] - Send request successfully

2018-11-15 10:17:50 - [MESSAGE][PASSED] - Send request successfully

2018-11-15 10:17:50 - [MESSAGE][PASSED] - Send request successfully

2018-11-15 10:17:50 - [MESSAGE][PASSED] - Send request successfully

2018-11-15 10:17:50 - [MESSAGE][PASSED] - Execute JavaScript 'document.querySelector('#station-actions-dropdown').shadowRoot.querySelector('#content').shadowRoot.querySelector('#selector > div:nth-child(2)').click()' successfully

2018-11-15 10:17:50 - [MESSAGE][PASSED] - com.ge.tms.commonactions.RailroadActions.clickOnDeleteStationButton is PASSED

2018-11-15 10:17:50 - [TEST_STEP][PASSED] - Statement - deleteYesButtonObj = com.kms.katalon.core.testobject.ObjectRepository.findTestObject(Object Repository/F11822-Configure and Manage Stations/deleteConfirmationYesButton): Finding Test Object with id 'Object Repository/F11822-Configure and Manage Stations/deleteConfirmationYesButton'

2018-11-15 10:17:50 - [TEST_STEP][PASSED] - com.ge.tms.commonactions.RailroadActions.clickOnTestObject: com.ge.tms.commonactions.RailroadActions.clickOnTestObject is PASSED

2018-11-15 10:17:50 - [MESSAGE][PASSED] - Send request successfully

2018-11-15 10:17:50 - [MESSAGE][PASSED] - Send request successfully

2018-11-15 10:17:50 - [MESSAGE][PASSED] - Send request successfully

2018-11-15 10:17:50 - [MESSAGE][PASSED] - Send request successfully

2018-11-15 10:17:50 - [MESSAGE][PASSED] - Object: 'Object Repository/F11822-Configure and Manage Stations/deleteConfirmationYesButton' is clicked on

2018-11-15 10:17:50 - [MESSAGE][PASSED] - com.ge.tms.commonactions.RailroadActions.clickOnTestObject is PASSED

2018-11-15 10:17:50 - [TEST_STEP][PASSED] - delay: Delayed 1 second(s)

2018-11-15 10:17:51 - [MESSAGE][PASSED] - Delayed 1 second(s)

2018-11-15 10:17:51 - [TEST_STEP][PASSED] - com.ge.tms.railroad.RailroadVerification.verifyDeletedItemNotPresentInSearchView: com.ge.tms.railroad.RailroadVerification.verifyDeletedItemNotPresentInSearchView is PASSED

2018-11-15 10:17:51 - [MESSAGE][PASSED] - Send request successfully

2018-11-15 10:17:51 - [MESSAGE][PASSED] - Send request successfully

2018-11-15 10:17:51 - [MESSAGE][PASSED] - Send request successfully

2018-11-15 10:17:51 - [MESSAGE][PASSED] - Send request successfully

2018-11-15 10:17:51 - [MESSAGE][PASSED] - Send request successfully

2018-11-15 10:17:51 - [MESSAGE][PASSED] - Send request successfully

2018-11-15 10:17:51 - [MESSAGE][PASSED] - Send request successfully

2018-11-15 10:17:51 - [MESSAGE][PASSED] - Send request successfully

2018-11-15 10:17:51 - [MESSAGE][PASSED] - Text 'FDDRWLP' is set on object 'Object Repository/CommonObjects/searchTextBoxLeftNav'

2018-11-15 10:17:53 - [MESSAGE][PASSED] - Delayed 2 second(s)

2018-11-15 10:17:53 - [MESSAGE][PASSED] - Text of object 'Object Repository/CommonObjects/noSearchResultMessageLeftNav' is: 'No stations or zones found.'

2018-11-15 10:17:53 - [MESSAGE][PASSED] - Actual object 'No stations or zones found.' and expected object 'No stations or zones found.' are equal

2018-11-15 10:17:53 - [MESSAGE][PASSED] - com.ge.tms.railroad.RailroadVerification.verifyDeletedItemNotPresentInSearchView is PASSED

2018-11-15 10:17:53 - [TEST_STEP][PASSED] - Start listener action : closeBrowserForTestCasse: Navigate to 'http://localhost:8080/home' successfully

2018-11-15 10:17:53 - [TEST_STEP][PASSED] - Statement - If (isTestSuitEnable == true): null

2018-11-15 10:17:53 - [TEST_STEP][PASSED] - Statement - beforeTestCaseExecute(): null

2018-11-15 10:17:53 - [TEST_STEP][PASSED] - Statement - If (isTestSuitEnable == true): Navigate to 'http://localhost:8080/home' successfully

2018-11-15 10:17:53 - [TEST_STEP][PASSED] - navigateToUrl: Navigate to 'http://localhost:8080/home' successfully

2018-11-15 10:17:54 - [MESSAGE][PASSED] - Navigate to 'http://localhost:8080/home' successfully

2018-11-15 10:17:54 - [TEST_STEP][PASSED] - Start listener action : afterTestCase: Invoke 'com.kms.katalon.core.annotation.AfterTestCase' method: 'TmsTestListner.afterTestCase(...)' completed.

2018-11-15 10:17:54 - [TEST_STEP][PASSED] - Statement - If (java.lang.System.getProperties().containsKey("updateRally")): Invoke 'com.kms.katalon.core.annotation.AfterTestCase' method: 'TmsTestListner.afterTestCase(...)' completed.]]></system-out>
         <system-err><![CDATA[]]></system-err>
      </testcase>
      <testcase name="Test Cases/Railroad/F11822-Configure and Manage Stations/QA-US87586-View Stations/US84086-View Station Details/TC63095-View Station" classname="Test Cases/Railroad/F11822-Configure and Manage Stations/QA-US87586-View Stations/US84086-View Station Details/TC63095-View Station" status="PASSED">
         <system-out><![CDATA[2018-11-15 10:17:54 - [TEST_CASE][PASSED] - Test Cases/Railroad/F11822-Configure and Manage Stations/QA-US87586-View Stations/US84086-View Station Details/TC63095-View Station: Test Cases/Railroad/F11822-Configure and Manage Stations/QA-US87586-View Stations/US84086-View Station Details/TC63095-View Station

2018-11-15 10:17:54 - [TEST_STEP][PASSED] - Start listener action : beforeTestCaseExecute: Navigate to 'http://localhost:8080/home' successfully

2018-11-15 10:17:54 - [TEST_STEP][PASSED] - Statement - If (isTestSuitEnable == true): Navigate to 'http://localhost:8080/home' successfully

2018-11-15 10:17:54 - [TEST_STEP][PASSED] - navigateToUrl: Navigate to 'http://localhost:8080/home' successfully

2018-11-15 10:17:55 - [MESSAGE][PASSED] - Navigate to 'http://localhost:8080/home' successfully

2018-11-15 10:17:55 - [TEST_STEP][PASSED] - com.ge.tms.commonactions.CommonClickEvents.clickOnRailroadSetup: com.ge.tms.commonactions.CommonClickEvents.clickOnRailroadSetup is PASSED

2018-11-15 10:17:55 - [MESSAGE][PASSED] - Execute JavaScript 'document.querySelector('px-app-nav').shadowRoot.querySelector('#items > px-app-nav-group:nth-child(13) > px-app-nav-subitem:nth-child(1)').click()' successfully

2018-11-15 10:17:57 - [MESSAGE][PASSED] - Delayed 2 second(s)

2018-11-15 10:17:57 - [MESSAGE][PASSED] - com.ge.tms.commonactions.CommonClickEvents.clickOnRailroadSetup is PASSED

2018-11-15 10:17:57 - [TEST_STEP][PASSED] - com.ge.tms.commonactions.RailroadActions.clickOnSelectRailroadDropdown: com.ge.tms.commonactions.RailroadActions.clickOnSelectRailroadDropdown is PASSED

2018-11-15 10:17:57 - [MESSAGE][PASSED] - Send request successfully

2018-11-15 10:17:57 - [MESSAGE][PASSED] - Send request successfully

2018-11-15 10:17:57 - [MESSAGE][PASSED] - Send request successfully

2018-11-15 10:17:57 - [MESSAGE][PASSED] - Send request successfully

2018-11-15 10:17:57 - [MESSAGE][PASSED] - Execute JavaScript 'document.querySelector('#railroads-select-dropdown').shadowRoot.querySelector('#trigger').click()' successfully

2018-11-15 10:18:00 - [MESSAGE][PASSED] - Delayed 3 second(s)

2018-11-15 10:18:00 - [MESSAGE][PASSED] - com.ge.tms.commonactions.RailroadActions.clickOnSelectRailroadDropdown is PASSED

2018-11-15 10:18:00 - [TEST_STEP][PASSED] - com.ge.tms.commonactions.RailroadActions.selectRandomRailRoad: com.ge.tms.commonactions.RailroadActions.selectRandomRailRoad is PASSED

2018-11-15 10:18:00 - [MESSAGE][PASSED] - Send request successfully

2018-11-15 10:18:00 - [MESSAGE][PASSED] - Send request successfully

2018-11-15 10:18:00 - [MESSAGE][PASSED] - Send request successfully

2018-11-15 10:18:00 - [MESSAGE][PASSED] - Send request successfully

2018-11-15 10:18:00 - [MESSAGE][PASSED] - Execute JavaScript 'let railRoadList=[]; document.querySelector('#railroads-select-dropdown').shadowRoot.querySelector('#content').shadowRoot.querySelectorAll('#selector > div.dropdown-option').forEach(node => { railRoadList.push(node.getAttribute('title')) }); return railRoadList' successfully

2018-11-15 10:18:00 - [MESSAGE][PASSED] - Execute JavaScript 'return document.querySelector('#railroads-select-dropdown').shadowRoot.querySelector('#content').shadowRoot.querySelector('#selector > div:nth-child(1) span').innerHTML' successfully

2018-11-15 10:18:00 - [MESSAGE][PASSED] - Execute JavaScript 'return document.querySelector('#railroads-select-dropdown').shadowRoot.querySelector('#content').shadowRoot.querySelector('#selector > div:nth-child(1) span').click()' successfully

2018-11-15 10:18:00 - [MESSAGE][PASSED] - com.ge.tms.commonactions.RailroadActions.selectRandomRailRoad is PASSED

2018-11-15 10:18:00 - [TEST_STEP][PASSED] - delay: Delayed 2 second(s)

2018-11-15 10:18:02 - [MESSAGE][PASSED] - Delayed 2 second(s)

2018-11-15 10:18:02 - [TEST_STEP][PASSED] - Statement - station = CustomKeywords.com.ge.tms.commonactions.RailroadActions.selectRandomStationByName(): com.ge.tms.commonactions.RailroadActions.selectRandomStationByName is PASSED

2018-11-15 10:18:02 - [MESSAGE][PASSED] - Send request successfully

2018-11-15 10:18:02 - [MESSAGE][PASSED] - Send request successfully

2018-11-15 10:18:02 - [MESSAGE][PASSED] - Send request successfully

2018-11-15 10:18:02 - [MESSAGE][PASSED] - Send request successfully

2018-11-15 10:18:02 - [MESSAGE][PASSED] - Execute JavaScript 'return document.querySelector('px-tree').shadowRoot.querySelectorAll('px-tree-node').length' successfully

2018-11-15 10:18:02 - [MESSAGE][PASSED] - Execute JavaScript 'document.querySelector('px-tree').shadowRoot.querySelectorAll('px-tree-node')[40].click()' successfully

2018-11-15 10:18:04 - [MESSAGE][PASSED] - Delayed 2 second(s)

2018-11-15 10:18:04 - [MESSAGE][PASSED] - Execute JavaScript 'return document.querySelector('px-tree').shadowRoot.querySelector('ul > px-tree-node:nth-child(41)').shadowRoot.querySelector('li.tree__branch.active.selected > span').innerHTML' successfully

2018-11-15 10:18:04 - [MESSAGE][PASSED] - com.ge.tms.commonactions.RailroadActions.selectRandomStationByName is PASSED

2018-11-15 10:18:04 - [TEST_STEP][PASSED] - com.ge.tms.railroad.RailroadVerification.verifySelectedStationWithHeaderDetails: com.ge.tms.railroad.RailroadVerification.verifySelectedStationWithHeaderDetails is PASSED

2018-11-15 10:18:04 - [MESSAGE][PASSED] - Send request successfully

2018-11-15 10:18:04 - [MESSAGE][PASSED] - Send request successfully

2018-11-15 10:18:04 - [MESSAGE][PASSED] - Send request successfully

2018-11-15 10:18:04 - [MESSAGE][PASSED] - Send request successfully

2018-11-15 10:18:04 - [MESSAGE][PASSED] - Send request successfully

2018-11-15 10:18:04 - [MESSAGE][PASSED] - Send request successfully

2018-11-15 10:18:04 - [MESSAGE][PASSED] - Send request successfully

2018-11-15 10:18:04 - [MESSAGE][PASSED] - Send request successfully

2018-11-15 10:18:04 - [MESSAGE][PASSED] - Execute JavaScript 'return document.querySelector('#railroads-select-dropdown').shadowRoot.querySelector('#trigger').shadowRoot.querySelector('#label').innerHTML' successfully

2018-11-15 10:18:04 - [MESSAGE][PASSED] - Send request successfully

2018-11-15 10:18:04 - [MESSAGE][PASSED] - Text of object 'Object Repository/F11822-Configure and Manage Stations/QA-US87586-View Stations/US84086-View Station Details/View Stations/div_StationCode' is: 'ERQ2MLN'

2018-11-15 10:18:04 - [MESSAGE][PASSED] - Text of object 'Object Repository/F11822-Configure and Manage Stations/QA-US87586-View Stations/US84086-View Station Details/View Stations/p_StationName' is: 'LYEHVHE'

2018-11-15 10:18:04 - [MESSAGE][PASSED] - Text of object 'Object Repository/F11822-Configure and Manage Stations/QA-US87586-View Stations/US84086-View Station Details/View Stations/span_RailroadCode' is: 'AA'

2018-11-15 10:18:04 - [MESSAGE][PASSED] - Actual object 'ERQ2MLN' and expected object 'ERQ2MLN' are equal

2018-11-15 10:18:04 - [MESSAGE][PASSED] - Actual object 'LYEHVHE' and expected object 'LYEHVHE' are equal

2018-11-15 10:18:04 - [MESSAGE][PASSED] - Actual object 'AA' and expected object 'AA' are equal

2018-11-15 10:18:04 - [MESSAGE][PASSED] - com.ge.tms.railroad.RailroadVerification.verifySelectedStationWithHeaderDetails is PASSED

2018-11-15 10:18:04 - [TEST_STEP][PASSED] - com.ge.tms.railroad.RailroadVerification.verifySelectedStationDetailsInRightPane: com.ge.tms.railroad.RailroadVerification.verifySelectedStationDetailsInRightPane is PASSED

2018-11-15 10:18:04 - [MESSAGE][PASSED] - Send request successfully

2018-11-15 10:18:04 - [MESSAGE][PASSED] - Send request successfully

2018-11-15 10:18:04 - [MESSAGE][PASSED] - Send request successfully

2018-11-15 10:18:04 - [MESSAGE][PASSED] - Send request successfully

2018-11-15 10:18:04 - [MESSAGE][PASSED] - Send request successfully

2018-11-15 10:18:04 - [MESSAGE][PASSED] - Send request successfully

2018-11-15 10:18:04 - [MESSAGE][PASSED] - Send request successfully

2018-11-15 10:18:04 - [MESSAGE][PASSED] - Send request successfully

2018-11-15 10:18:04 - [MESSAGE][PASSED] - Execute JavaScript 'return document.querySelector('#railroads-select-dropdown').shadowRoot.querySelector('#trigger').shadowRoot.querySelector('#label').innerHTML' successfully

2018-11-15 10:18:04 - [MESSAGE][PASSED] - Send request successfully

2018-11-15 10:18:04 - [MESSAGE][PASSED] - Text of object 'Object Repository/F11822-Configure and Manage Stations/QA-US87586-View Stations/US84086-View Station Details/View Stations/span_SPLC' is: '343100'

2018-11-15 10:18:04 - [MESSAGE][PASSED] - Text of object 'Object Repository/F11822-Configure and Manage Stations/QA-US87586-View Stations/US84086-View Station Details/View Stations/span_FSAC' is: '2'

2018-11-15 10:18:04 - [MESSAGE][PASSED] - Text of object 'Object Repository/F11822-Configure and Manage Stations/QA-US87586-View Stations/US84086-View Station Details/View Stations/span_DefaultTrack' is: '--'

2018-11-15 10:18:05 - [MESSAGE][PASSED] - Text of object 'Object Repository/F11822-Configure and Manage Stations/QA-US87586-View Stations/US84086-View Station Details/View Stations/span_Junction' is: '--'

2018-11-15 10:18:05 - [MESSAGE][PASSED] - Text of object 'Object Repository/F11822-Configure and Manage Stations/QA-US87586-View Stations/US84086-View Station Details/View Stations/span_SwitchingTrack' is: '--'

2018-11-15 10:18:05 - [MESSAGE][PASSED] - Text of object 'Object Repository/F11822-Configure and Manage Stations/QA-US87586-View Stations/US84086-View Station Details/View Stations/span_Classification' is: '--'

2018-11-15 10:18:05 - [MESSAGE][PASSED] - Text of object 'Object Repository/F11822-Configure and Manage Stations/QA-US87586-View Stations/US84086-View Station Details/View Stations/span_OriginalBillFsac' is: '--'

2018-11-15 10:18:05 - [MESSAGE][PASSED] - Text of object 'Object Repository/F11822-Configure and Manage Stations/QA-US87586-View Stations/US84086-View Station Details/View Stations/span_USEntryPort' is: '--'

2018-11-15 10:18:05 - [MESSAGE][PASSED] - Text of object 'Object Repository/F11822-Configure and Manage Stations/QA-US87586-View Stations/US84086-View Station Details/View Stations/span_CanadaEntry' is: '--'

2018-11-15 10:18:05 - [MESSAGE][PASSED] - Text of object 'Object Repository/F11822-Configure and Manage Stations/QA-US87586-View Stations/US84086-View Station Details/View Stations/span_InterchangeRoads' is: '--'

2018-11-15 10:18:05 - [MESSAGE][PASSED] - Text of object 'Object Repository/F11822-Configure and Manage Stations/QA-US87586-View Stations/US84086-View Station Details/View Stations/span_Milepost' is: '--'

2018-11-15 10:18:05 - [MESSAGE][PASSED] - Text of object 'Object Repository/F11822-Configure and Manage Stations/QA-US87586-View Stations/US84086-View Station Details/View Stations/span_Timezone' is: 'EST'

2018-11-15 10:18:05 - [MESSAGE][PASSED] - Text of object 'Object Repository/F11822-Configure and Manage Stations/QA-US87586-View Stations/US84086-View Station Details/View Stations/span_Country' is: 'USA'

2018-11-15 10:18:05 - [MESSAGE][PASSED] - Text of object 'Object Repository/F11822-Configure and Manage Stations/QA-US87586-View Stations/US84086-View Station Details/View Stations/span_State' is: 'OK'

2018-11-15 10:18:05 - [MESSAGE][PASSED] - Text of object 'Object Repository/F11822-Configure and Manage Stations/QA-US87586-View Stations/US84086-View Station Details/View Stations/span_DaylightSavings' is: 'No'

2018-11-15 10:18:05 - [MESSAGE][PASSED] - Text of object 'Object Repository/F11822-Configure and Manage Stations/QA-US87586-View Stations/US84086-View Station Details/View Stations/span_Lattitude' is: '--'

2018-11-15 10:18:05 - [MESSAGE][PASSED] - Text of object 'Object Repository/F11822-Configure and Manage Stations/QA-US87586-View Stations/US84086-View Station Details/View Stations/span_Longitude' is: '--'

2018-11-15 10:18:05 - [MESSAGE][PASSED] - Actual object '343100' and expected object '343,100' are equal

2018-11-15 10:18:05 - [MESSAGE][PASSED] - Actual object '2' and expected object '2' are equal

2018-11-15 10:18:05 - [MESSAGE][PASSED] - Actual object '--' and expected object '--' are equal

2018-11-15 10:18:05 - [MESSAGE][PASSED] - Actual object '--' and expected object '--' are equal

2018-11-15 10:18:05 - [MESSAGE][PASSED] - Actual object '--' and expected object '--' are equal

2018-11-15 10:18:05 - [MESSAGE][PASSED] - Actual object '--' and expected object '--' are equal

2018-11-15 10:18:05 - [MESSAGE][PASSED] - Actual object '--' and expected object '--' are equal

2018-11-15 10:18:05 - [MESSAGE][PASSED] - Actual object '--' and expected object '--' are equal

2018-11-15 10:18:05 - [MESSAGE][PASSED] - Actual object '--' and expected object '--' are equal

2018-11-15 10:18:05 - [MESSAGE][PASSED] - Actual object '--' and expected object '--' are equal

2018-11-15 10:18:05 - [MESSAGE][PASSED] - Actual object 'EST' and expected object 'EST' are equal

2018-11-15 10:18:05 - [MESSAGE][PASSED] - Actual object 'USA' and expected object 'USA' are equal

2018-11-15 10:18:05 - [MESSAGE][PASSED] - Actual object 'OK' and expected object 'OK' are equal

2018-11-15 10:18:05 - [MESSAGE][PASSED] - Actual object 'No' and expected object 'No' are equal

2018-11-15 10:18:05 - [MESSAGE][PASSED] - Actual object '--' and expected object '--' are equal

2018-11-15 10:18:05 - [MESSAGE][PASSED] - Actual object '--' and expected object '--' are equal

2018-11-15 10:18:05 - [MESSAGE][PASSED] - com.ge.tms.railroad.RailroadVerification.verifySelectedStationDetailsInRightPane is PASSED

2018-11-15 10:18:05 - [TEST_STEP][PASSED] - delay: Delayed 2 second(s)

2018-11-15 10:18:07 - [MESSAGE][PASSED] - Delayed 2 second(s)

2018-11-15 10:18:07 - [TEST_STEP][PASSED] - Start listener action : closeBrowserForTestCasse: Navigate to 'http://localhost:8080/home' successfully

2018-11-15 10:18:07 - [TEST_STEP][PASSED] - Statement - If (isTestSuitEnable == true): null

2018-11-15 10:18:07 - [TEST_STEP][PASSED] - Statement - beforeTestCaseExecute(): null

2018-11-15 10:18:07 - [TEST_STEP][PASSED] - Statement - If (isTestSuitEnable == true): Navigate to 'http://localhost:8080/home' successfully

2018-11-15 10:18:07 - [TEST_STEP][PASSED] - navigateToUrl: Navigate to 'http://localhost:8080/home' successfully

2018-11-15 10:18:08 - [MESSAGE][PASSED] - Navigate to 'http://localhost:8080/home' successfully

2018-11-15 10:18:08 - [TEST_STEP][PASSED] - Start listener action : afterTestCase: Invoke 'com.kms.katalon.core.annotation.AfterTestCase' method: 'TmsTestListner.afterTestCase(...)' completed.

2018-11-15 10:18:08 - [TEST_STEP][PASSED] - Statement - If (java.lang.System.getProperties().containsKey("updateRally")): Invoke 'com.kms.katalon.core.annotation.AfterTestCase' method: 'TmsTestListner.afterTestCase(...)' completed.]]></system-out>
         <system-err><![CDATA[]]></system-err>
      </testcase>
      <system-out><![CDATA[2018-11-15 10:07:35 - [TEST_SUITE][FAILED] - RailRoad Setup Test Suite: Test Cases/Railroad/F5362 - Configure and manage track/QA - US88424/US39526 - Edit Track details/TC65864 - Edit Track and save FAILED because (of) Unable to click on object 'Object Repository/F5362 - Configure and Manage Track/SaveTrackButton' (Root cause: org.openqa.selenium.WebDriverException: unknown error: Element <button id="" class="btn btn--disabled btn--call-to-action float--right" type="submit" data-testid="save-track">...</button> is not clickable at point (905, 454). Other element would receive the click: <div class="box">...</div>
  (Session info: chrome=70.0.3538.102)
  (Driver info: chromedriver=2.35.528157 (4429ca2590d6988c0745c24c8858745aaaec01ef),platform=Mac OS X 10.12.6 x86_64) (WARNING: The server did not provide any stacktrace information)
Command duration or timeout: 0 milliseconds
Build info: version: '3.7.1', revision: '8a0099a', time: '2017-11-06T21:07:36.161Z'
System info: host: 'GC02PH6QYG3QDE', ip: '192.168.0.3', os.name: 'Mac OS X', os.arch: 'x86_64', os.version: '10.12.6', java.version: '1.8.0_102'
Driver info: com.kms.katalon.selenium.driver.CChromeDriver
Capabilities {acceptInsecureCerts: false, acceptSslCerts: false, applicationCacheEnabled: false, browserConnectionEnabled: false, browserName: chrome, chrome: {chromedriverVersion: 2.35.528157 (4429ca2590d698..., userDataDir: /var/folders/nf/ztgg1f9j5db...}, cssSelectorsEnabled: true, databaseEnabled: false, handlesAlerts: true, hasTouchScreen: false, javascriptEnabled: true, locationContextEnabled: true, mobileEmulationEnabled: false, nativeEvents: true, networkConnectionEnabled: false, pageLoadStrategy: normal, platform: MAC, platformName: MAC, rotatable: false, setWindowRect: true, takesHeapSnapshot: true, takesScreenshot: true, unexpectedAlertBehaviour: , unhandledPromptBehavior: , version: 70.0.3538.102, webStorageEnabled: true}
Session ID: 7410f7a56468c4cb03382fc1637268f6)]]></system-out>
      <system-err><![CDATA[2018-11-15 10:07:35 - [TEST_SUITE][FAILED] - RailRoad Setup Test Suite: Test Cases/Railroad/F5362 - Configure and manage track/QA - US88424/US39526 - Edit Track details/TC65864 - Edit Track and save FAILED because (of) Unable to click on object 'Object Repository/F5362 - Configure and Manage Track/SaveTrackButton' (Root cause: org.openqa.selenium.WebDriverException: unknown error: Element <button id="" class="btn btn--disabled btn--call-to-action float--right" type="submit" data-testid="save-track">...</button> is not clickable at point (905, 454). Other element would receive the click: <div class="box">...</div>
  (Session info: chrome=70.0.3538.102)
  (Driver info: chromedriver=2.35.528157 (4429ca2590d6988c0745c24c8858745aaaec01ef),platform=Mac OS X 10.12.6 x86_64) (WARNING: The server did not provide any stacktrace information)
Command duration or timeout: 0 milliseconds
Build info: version: '3.7.1', revision: '8a0099a', time: '2017-11-06T21:07:36.161Z'
System info: host: 'GC02PH6QYG3QDE', ip: '192.168.0.3', os.name: 'Mac OS X', os.arch: 'x86_64', os.version: '10.12.6', java.version: '1.8.0_102'
Driver info: com.kms.katalon.selenium.driver.CChromeDriver
Capabilities {acceptInsecureCerts: false, acceptSslCerts: false, applicationCacheEnabled: false, browserConnectionEnabled: false, browserName: chrome, chrome: {chromedriverVersion: 2.35.528157 (4429ca2590d698..., userDataDir: /var/folders/nf/ztgg1f9j5db...}, cssSelectorsEnabled: true, databaseEnabled: false, handlesAlerts: true, hasTouchScreen: false, javascriptEnabled: true, locationContextEnabled: true, mobileEmulationEnabled: false, nativeEvents: true, networkConnectionEnabled: false, pageLoadStrategy: normal, platform: MAC, platformName: MAC, rotatable: false, setWindowRect: true, takesHeapSnapshot: true, takesScreenshot: true, unexpectedAlertBehaviour: , unhandledPromptBehavior: , version: 70.0.3538.102, webStorageEnabled: true}
Session ID: 7410f7a56468c4cb03382fc1637268f6)]]></system-err>
   </testsuite>
</testsuites>
