<?xml version="1.0" encoding="UTF-8"?>
<testsuites name="Manage Waybill Test Suite" time="130" tests="0" failures="5" errors="1">
   <testsuite name="Manage Waybill Test Suite" tests="0" failures="5" errors="1" time="130" timestamp="2018-11-15 10:14:03" hostname="ramesh - 192.168.0.3" id="Test Suites/Regression/Manage Waybill Test Suite">
      <properties>
         <property name="deviceName" value=""/>
         <property name="devicePlatform" value=""/>
         <property name="logFolder" value="/Users/ramesh/Documents/automation/Automation-14112018/tms-qa-automation/TMSLiteRegressionAutomation/Reports/Regression/Manage Waybill Test Suite/20181115_101401"/>
         <property name="logFiles" value="/Users/ramesh/Documents/automation/Automation-14112018/tms-qa-automation/TMSLiteRegressionAutomation/Reports/Regression/Manage Waybill Test Suite/20181115_101401/execution0.log"/>
         <property name="attachments" value="/Users/ramesh/Documents/automation/Automation-14112018/tms-qa-automation/TMSLiteRegressionAutomation/Reports/Regression/Manage Waybill Test Suite/20181115_101401/1542257122766.png"/>
         <property name="hostName" value="ramesh - 192.168.0.3"/>
         <property name="os" value="Mac OS X 64bit"/>
         <property name="katalonVersion" value="5.4.1.1"/>
         <property name="browser" value="Chrome 70.0.3538.102"/>
         <property name="hostAddress" value="192.168.0.3"/>
         <property name="sessionId" value="fdaea61afcde867cdc4c8f60648da8d1"/>
         <property name="seleniumVersion" value="3.7.1"/>
         <property name="proxyInformation" value="ProxyInformation{proxyOption=USE_SYSTEM, proxyServerType=HTTP, password=, proxyServerAddress=, proxyServerPort=0}"/>
         <property name="platform" value="Mac OS X"/>
      </properties>
      <testcase name="Test Cases/Waybill/F10684-View Waybill/QA-US83752/US80788-View Waybills in a List/TC61049 - Verification of fields in view waybill" classname="Test Cases/Waybill/F10684-View Waybill/QA-US83752/US80788-View Waybills in a List/TC61049 - Verification of fields in view waybill" status="ERROR">
         <error type="ERROR" message="Test Cases/Waybill/F10684-View Waybill/QA-US83752/US80788-View Waybills in a List/TC61049 - Verification of fields in view waybill FAILED because (of) java.lang.NullPointerException: Cannot get property 'referenceInformation' on null object"/>
         <system-out><![CDATA[2018-11-15 10:14:29 - [TEST_CASE][ERROR] - Test Cases/Waybill/F10684-View Waybill/QA-US83752/US80788-View Waybills in a List/TC61049 - Verification of fields in view waybill: Test Cases/Waybill/F10684-View Waybill/QA-US83752/US80788-View Waybills in a List/TC61049 - Verification of fields in view waybill FAILED because (of) java.lang.NullPointerException: Cannot get property 'referenceInformation' on null object

2018-11-15 10:14:29 - [TEST_STEP][PASSED] - Start listener action : beforeTestCaseExecute: Navigate to 'http://localhost:8080/home' successfully

2018-11-15 10:14:29 - [TEST_STEP][PASSED] - Statement - If (isTestSuitEnable == true): Navigate to 'http://localhost:8080/home' successfully

2018-11-15 10:14:29 - [TEST_STEP][PASSED] - navigateToUrl: Navigate to 'http://localhost:8080/home' successfully

2018-11-15 10:14:30 - [MESSAGE][PASSED] - Navigate to 'http://localhost:8080/home' successfully

2018-11-15 10:14:30 - [TEST_STEP][PASSED] - com.ge.tms.commonactions.CommonClickEvents.clickOnViewWayBillInManagementTab: com.ge.tms.commonactions.CommonClickEvents.clickOnViewWayBillInManagementTab is PASSED

2018-11-15 10:14:30 - [MESSAGE][PASSED] - Execute JavaScript 'document.querySelector('px-app-nav').shadowRoot.querySelector('#items > px-app-nav-group:nth-child(10) > px-app-nav-subitem:nth-child(1)').shadowRoot.querySelector('p').click()' successfully

2018-11-15 10:14:32 - [MESSAGE][PASSED] - Delayed 2 second(s)

2018-11-15 10:14:32 - [MESSAGE][PASSED] - com.ge.tms.commonactions.CommonClickEvents.clickOnViewWayBillInManagementTab is PASSED

2018-11-15 10:14:32 - [TEST_STEP][PASSED] - delay: Delayed 2 second(s)

2018-11-15 10:14:34 - [MESSAGE][PASSED] - Delayed 2 second(s)

2018-11-15 10:14:34 - [TEST_STEP][PASSED] - Statement - waybillVerification = new com.ge.tms.waybillVerify.WaybillVerification(): Send request successfully

2018-11-15 10:14:34 - [MESSAGE][PASSED] - Text of object 'Object Repository/F10684-View Waybill/QA-US83597/US80788- View Waybills in a List/ViewWaybill/Page_Waybill/waybillNumber_rightpane' is: '808404'

2018-11-15 10:14:34 - [MESSAGE][PASSED] - Send request successfully

2018-11-15 10:14:34 - [MESSAGE][PASSED] - Send request successfully

2018-11-15 10:14:34 - [MESSAGE][PASSED] - Send request successfully

2018-11-15 10:14:34 - [MESSAGE][PASSED] - Send request successfully

2018-11-15 10:14:35 - [MESSAGE][PASSED] - Send request successfully

2018-11-15 10:14:35 - [MESSAGE][PASSED] - Send request successfully

2018-11-15 10:14:35 - [MESSAGE][PASSED] - Send request successfully

2018-11-15 10:14:35 - [MESSAGE][PASSED] - Send request successfully

2018-11-15 10:14:35 - [TEST_STEP][PASSED] - Statement - waybillData = com.kms.katalon.core.webservice.keyword.WSBuiltInKeywords.sendRequest(com.kms.katalon.core.testobject.ObjectRepository.findTestObject(Object Repository/WayBillServices/GETPARTICULARWAYBILL, [waybillnumber:waybillVerification.actualWaybillNumber])): Send request successfully

2018-11-15 10:14:35 - [MESSAGE][PASSED] - Send request successfully

2018-11-15 10:14:35 - [TEST_STEP][PASSED] - com.ge.tms.waybillVerify.WaybillVerification.verifyWaybillSize: com.ge.tms.waybillVerify.WaybillVerification.verifyWaybillSize is PASSED

2018-11-15 10:14:35 - [MESSAGE][PASSED] - Text of object 'Object Repository/F10684-View Waybill/QA-US83597/US80788- View Waybills in a List/ViewWaybill/Page_Waybill/waybillNumber_rightpane' is: '808404'

2018-11-15 10:14:35 - [MESSAGE][PASSED] - Send request successfully

2018-11-15 10:14:35 - [MESSAGE][PASSED] - Send request successfully

2018-11-15 10:14:35 - [MESSAGE][PASSED] - Send request successfully

2018-11-15 10:14:35 - [MESSAGE][PASSED] - Send request successfully

2018-11-15 10:14:35 - [MESSAGE][PASSED] - Send request successfully

2018-11-15 10:14:35 - [MESSAGE][PASSED] - Send request successfully

2018-11-15 10:14:35 - [MESSAGE][PASSED] - Send request successfully

2018-11-15 10:14:35 - [MESSAGE][PASSED] - Send request successfully

2018-11-15 10:14:35 - [MESSAGE][PASSED] - com.ge.tms.waybillVerify.WaybillVerification.verifyWaybillSize is PASSED

2018-11-15 10:14:35 - [TEST_STEP][ERROR] - com.ge.tms.waybillVerify.WaybillVerification.verifyWaybillOverViewTabDetails: Cannot get property 'referenceInformation' on null object

2018-11-15 10:14:35 - [MESSAGE][PASSED] - Text of object 'Object Repository/F10684-View Waybill/QA-US83597/US80788- View Waybills in a List/ViewWaybill/Page_Waybill/waybillNumber_rightpane' is: '808404'

2018-11-15 10:14:35 - [MESSAGE][PASSED] - Send request successfully

2018-11-15 10:14:35 - [MESSAGE][PASSED] - Send request successfully

2018-11-15 10:14:35 - [MESSAGE][PASSED] - Send request successfully

2018-11-15 10:14:35 - [MESSAGE][PASSED] - Send request successfully

2018-11-15 10:14:35 - [MESSAGE][PASSED] - Send request successfully

2018-11-15 10:14:35 - [MESSAGE][PASSED] - Send request successfully

2018-11-15 10:14:35 - [MESSAGE][PASSED] - Send request successfully

2018-11-15 10:14:35 - [MESSAGE][PASSED] - Send request successfully

2018-11-15 10:14:35 - [MESSAGE][ERROR] - Cannot get property 'referenceInformation' on null object

2018-11-15 10:14:35 - [TEST_STEP][PASSED] - Start listener action : closeBrowserForTestCasse: Navigate to 'http://localhost:8080/home' successfully

2018-11-15 10:14:35 - [TEST_STEP][PASSED] - Statement - If (isTestSuitEnable == true): null

2018-11-15 10:14:35 - [TEST_STEP][PASSED] - Statement - beforeTestCaseExecute(): null

2018-11-15 10:14:35 - [TEST_STEP][PASSED] - Statement - If (isTestSuitEnable == true): Navigate to 'http://localhost:8080/home' successfully

2018-11-15 10:14:35 - [TEST_STEP][PASSED] - navigateToUrl: Navigate to 'http://localhost:8080/home' successfully

2018-11-15 10:14:36 - [MESSAGE][PASSED] - Navigate to 'http://localhost:8080/home' successfully

2018-11-15 10:14:36 - [TEST_STEP][PASSED] - Start listener action : afterTestCase: Invoke 'com.kms.katalon.core.annotation.AfterTestCase' method: 'TmsTestListner.afterTestCase(...)' completed.

2018-11-15 10:14:36 - [TEST_STEP][PASSED] - Statement - If (java.lang.System.getProperties().containsKey("updateRally")): Invoke 'com.kms.katalon.core.annotation.AfterTestCase' method: 'TmsTestListner.afterTestCase(...)' completed.]]></system-out>
         <system-err><![CDATA[2018-11-15 10:14:29 - [TEST_CASE][ERROR] - Test Cases/Waybill/F10684-View Waybill/QA-US83752/US80788-View Waybills in a List/TC61049 - Verification of fields in view waybill: Test Cases/Waybill/F10684-View Waybill/QA-US83752/US80788-View Waybills in a List/TC61049 - Verification of fields in view waybill FAILED because (of) java.lang.NullPointerException: Cannot get property 'referenceInformation' on null object]]></system-err>
      </testcase>
      <testcase name="Test Cases/Waybill/F10684-View Waybill/QA-US83754/US80803-Enable Waybill Actions dropdown/TC59595-Waybill Actions" classname="Test Cases/Waybill/F10684-View Waybill/QA-US83754/US80803-Enable Waybill Actions dropdown/TC59595-Waybill Actions" status="FAILED">
         <failure type="FAILED" message="Unable to verify match between actual text 'Edit' and expected text 'Load Car' (Root cause: Actual text 'Edit' and expected text 'Load Car' are not matched)"/>
         <system-out><![CDATA[2018-11-15 10:14:36 - [TEST_CASE][FAILED] - Test Cases/Waybill/F10684-View Waybill/QA-US83754/US80803-Enable Waybill Actions dropdown/TC59595-Waybill Actions: Test Cases/Waybill/F10684-View Waybill/QA-US83754/US80803-Enable Waybill Actions dropdown/TC59595-Waybill Actions FAILED because (of) Unable to verify match between actual text 'Edit' and expected text 'Load Car' (Root cause: Actual text 'Edit' and expected text 'Load Car' are not matched)

2018-11-15 10:14:36 - [TEST_STEP][PASSED] - Start listener action : beforeTestCaseExecute: Navigate to 'http://localhost:8080/home' successfully

2018-11-15 10:14:36 - [TEST_STEP][PASSED] - Statement - If (isTestSuitEnable == true): Navigate to 'http://localhost:8080/home' successfully

2018-11-15 10:14:36 - [TEST_STEP][PASSED] - navigateToUrl: Navigate to 'http://localhost:8080/home' successfully

2018-11-15 10:14:37 - [MESSAGE][PASSED] - Navigate to 'http://localhost:8080/home' successfully

2018-11-15 10:14:37 - [TEST_STEP][PASSED] - com.ge.tms.commonactions.CommonClickEvents.clickOnViewWayBillInManagementTab: com.ge.tms.commonactions.CommonClickEvents.clickOnViewWayBillInManagementTab is PASSED

2018-11-15 10:14:37 - [MESSAGE][PASSED] - Execute JavaScript 'document.querySelector('px-app-nav').shadowRoot.querySelector('#items > px-app-nav-group:nth-child(10) > px-app-nav-subitem:nth-child(1)').shadowRoot.querySelector('p').click()' successfully

2018-11-15 10:14:39 - [MESSAGE][PASSED] - Delayed 2 second(s)

2018-11-15 10:14:39 - [MESSAGE][PASSED] - com.ge.tms.commonactions.CommonClickEvents.clickOnViewWayBillInManagementTab is PASSED

2018-11-15 10:14:39 - [TEST_STEP][PASSED] - com.ge.tms.commonactions.CommonClickEvents.clickOnWaybillActionsDropdown: com.ge.tms.commonactions.CommonClickEvents.clickOnWaybillActionsDropdown is PASSED

2018-11-15 10:14:39 - [MESSAGE][PASSED] - Execute JavaScript 'document.querySelectorAll("#root px-dropdown")[2].shadowRoot.querySelector("#trigger").click()' successfully

2018-11-15 10:14:39 - [MESSAGE][PASSED] - com.ge.tms.commonactions.CommonClickEvents.clickOnWaybillActionsDropdown is PASSED

2018-11-15 10:14:39 - [TEST_STEP][FAILED] - com.ge.tms.waybillVerify.WaybillVerification.verifyWaybillActionsDropdown: Unable to verify match between actual text 'Edit' and expected text 'Load Car' (Root cause: Actual text 'Edit' and expected text 'Load Car' are not matched)

2018-11-15 10:14:39 - [MESSAGE][PASSED] - Text of object 'Object Repository/F10684-View Waybill/QA-US83597/US80788- View Waybills in a List/ViewWaybill/Page_Waybill/waybillNumber_rightpane' is: '808404'

2018-11-15 10:14:39 - [MESSAGE][PASSED] - Send request successfully

2018-11-15 10:14:39 - [MESSAGE][PASSED] - Send request successfully

2018-11-15 10:14:39 - [MESSAGE][PASSED] - Send request successfully

2018-11-15 10:14:39 - [MESSAGE][PASSED] - Send request successfully

2018-11-15 10:14:39 - [MESSAGE][PASSED] - Send request successfully

2018-11-15 10:14:39 - [MESSAGE][PASSED] - Send request successfully

2018-11-15 10:14:39 - [MESSAGE][PASSED] - Send request successfully

2018-11-15 10:14:39 - [MESSAGE][PASSED] - Send request successfully

2018-11-15 10:14:39 - [MESSAGE][PASSED] - Execute JavaScript 'return document.querySelectorAll("#root px-dropdown")[2].shadowRoot.querySelector("#content").shadowRoot.querySelector("#selector > div:nth-child(1) > span").innerHTML' successfully

2018-11-15 10:14:39 - [MESSAGE][FAILED] - Unable to verify match between actual text 'Edit' and expected text 'Load Car' (Root cause: Actual text 'Edit' and expected text 'Load Car' are not matched)

2018-11-15 10:14:39 - [MESSAGE][FAILED] - Unable to verify match between actual text 'Edit' and expected text 'Load Car' (Root cause: Actual text 'Edit' and expected text 'Load Car' are not matched)

2018-11-15 10:14:39 - [TEST_STEP][PASSED] - Start listener action : closeBrowserForTestCasse: Navigate to 'http://localhost:8080/home' successfully

2018-11-15 10:14:39 - [TEST_STEP][PASSED] - Statement - If (isTestSuitEnable == true): null

2018-11-15 10:14:39 - [TEST_STEP][PASSED] - Statement - beforeTestCaseExecute(): null

2018-11-15 10:14:39 - [TEST_STEP][PASSED] - Statement - If (isTestSuitEnable == true): Navigate to 'http://localhost:8080/home' successfully

2018-11-15 10:14:39 - [TEST_STEP][PASSED] - navigateToUrl: Navigate to 'http://localhost:8080/home' successfully

2018-11-15 10:14:40 - [MESSAGE][PASSED] - Navigate to 'http://localhost:8080/home' successfully

2018-11-15 10:14:40 - [TEST_STEP][PASSED] - Start listener action : afterTestCase: Invoke 'com.kms.katalon.core.annotation.AfterTestCase' method: 'TmsTestListner.afterTestCase(...)' completed.

2018-11-15 10:14:40 - [TEST_STEP][PASSED] - Statement - If (java.lang.System.getProperties().containsKey("updateRally")): Invoke 'com.kms.katalon.core.annotation.AfterTestCase' method: 'TmsTestListner.afterTestCase(...)' completed.]]></system-out>
         <system-err><![CDATA[2018-11-15 10:14:36 - [TEST_CASE][FAILED] - Test Cases/Waybill/F10684-View Waybill/QA-US83754/US80803-Enable Waybill Actions dropdown/TC59595-Waybill Actions: Test Cases/Waybill/F10684-View Waybill/QA-US83754/US80803-Enable Waybill Actions dropdown/TC59595-Waybill Actions FAILED because (of) Unable to verify match between actual text 'Edit' and expected text 'Load Car' (Root cause: Actual text 'Edit' and expected text 'Load Car' are not matched)]]></system-err>
      </testcase>
      <testcase name="Test Cases/Waybill/F10724-Search and Filter Waybills/QA-US84159/US80793 - Search Waybill/TC59661 - Search Waybill" classname="Test Cases/Waybill/F10724-Search and Filter Waybills/QA-US84159/US80793 - Search Waybill/TC59661 - Search Waybill" status="FAILED">
         <failure type="FAILED" message="Unable to get text of object 'Object Repository/F10724-Search and Filter Waybills/QA-US84159/US80793 - Search Waybill/waybill_carId_leftpane' (Root cause: com.kms.katalon.core.webui.exception.WebElementNotFoundException: Web element with id: 'Object Repository/F10724-Search and Filter Waybills/QA-US84159/US80793 - Search Waybill/waybill_carId_leftpane' located by 'By.xpath: //*[contains(@data-testid,'waybill-item-')]//following::span[1]' not found)"/>
         <system-out><![CDATA[2018-11-15 10:14:40 - [TEST_CASE][FAILED] - Test Cases/Waybill/F10724-Search and Filter Waybills/QA-US84159/US80793 - Search Waybill/TC59661 - Search Waybill: Test Cases/Waybill/F10724-Search and Filter Waybills/QA-US84159/US80793 - Search Waybill/TC59661 - Search Waybill FAILED because (of) Unable to get text of object 'Object Repository/F10724-Search and Filter Waybills/QA-US84159/US80793 - Search Waybill/waybill_carId_leftpane' (Root cause: com.kms.katalon.core.webui.exception.WebElementNotFoundException: Web element with id: 'Object Repository/F10724-Search and Filter Waybills/QA-US84159/US80793 - Search Waybill/waybill_carId_leftpane' located by 'By.xpath: //*[contains(@data-testid,'waybill-item-')]//following::span[1]' not found)

2018-11-15 10:14:40 - [TEST_STEP][PASSED] - Start listener action : beforeTestCaseExecute: Navigate to 'http://localhost:8080/home' successfully

2018-11-15 10:14:40 - [TEST_STEP][PASSED] - Statement - If (isTestSuitEnable == true): Navigate to 'http://localhost:8080/home' successfully

2018-11-15 10:14:40 - [TEST_STEP][PASSED] - navigateToUrl: Navigate to 'http://localhost:8080/home' successfully

2018-11-15 10:14:41 - [MESSAGE][PASSED] - Navigate to 'http://localhost:8080/home' successfully

2018-11-15 10:14:41 - [TEST_STEP][PASSED] - com.ge.tms.commonactions.CommonClickEvents.clickOnViewWayBillInManagementTab: com.ge.tms.commonactions.CommonClickEvents.clickOnViewWayBillInManagementTab is PASSED

2018-11-15 10:14:41 - [MESSAGE][PASSED] - Execute JavaScript 'document.querySelector('px-app-nav').shadowRoot.querySelector('#items > px-app-nav-group:nth-child(10) > px-app-nav-subitem:nth-child(1)').shadowRoot.querySelector('p').click()' successfully

2018-11-15 10:14:43 - [MESSAGE][PASSED] - Delayed 2 second(s)

2018-11-15 10:14:43 - [MESSAGE][PASSED] - com.ge.tms.commonactions.CommonClickEvents.clickOnViewWayBillInManagementTab is PASSED

2018-11-15 10:14:43 - [TEST_STEP][PASSED] - delay: Delayed 2 second(s)

2018-11-15 10:14:45 - [MESSAGE][PASSED] - Delayed 2 second(s)

2018-11-15 10:14:45 - [TEST_STEP][PASSED] - com.ge.tms.commonactions.CommonClickEvents.clickWayBillManagementTabInMainMenu: com.ge.tms.commonactions.CommonClickEvents.clickWayBillManagementTabInMainMenu is PASSED

2018-11-15 10:14:45 - [MESSAGE][PASSED] - Execute JavaScript 'document.querySelector('px-app-nav').shadowRoot.querySelector('#items > px-app-nav-group:nth-child(10) > px-app-nav-subitem:nth-child(1)').shadowRoot.querySelector('p').click()' successfully

2018-11-15 10:14:47 - [MESSAGE][PASSED] - Delayed 2 second(s)

2018-11-15 10:14:47 - [MESSAGE][PASSED] - com.ge.tms.commonactions.CommonClickEvents.clickWayBillManagementTabInMainMenu is PASSED

2018-11-15 10:14:47 - [TEST_STEP][PASSED] - Statement - actions = new com.ge.tms.commonactions.WaybillActions(): Send request successfully

2018-11-15 10:14:47 - [MESSAGE][PASSED] - Send request successfully

2018-11-15 10:14:47 - [MESSAGE][PASSED] - Send request successfully

2018-11-15 10:14:47 - [MESSAGE][PASSED] - Send request successfully

2018-11-15 10:14:47 - [MESSAGE][PASSED] - Send request successfully

2018-11-15 10:14:47 - [TEST_STEP][PASSED] - Statement - actions.removeActiveFilter(): Object: 'Object Repository/F10684-View Waybill/QA-US83597/US80788- View Waybills in a List/ViewWaybill/Page_Waybill/waybill_remove_active_filter' is clicked on

2018-11-15 10:14:47 - [MESSAGE][PASSED] - Object: 'Object Repository/F10684-View Waybill/QA-US83597/US80788- View Waybills in a List/ViewWaybill/Page_Waybill/waybill_remove_active_filter' is clicked on

2018-11-15 10:14:47 - [TEST_STEP][PASSED] - delay: Delayed 2 second(s)

2018-11-15 10:14:49 - [MESSAGE][PASSED] - Delayed 2 second(s)

2018-11-15 10:14:49 - [TEST_STEP][PASSED] - Statement - actions.clickOnFirstRecord(): Object: 'Object Repository/F10684-View Waybill/QA-US83597/US80788- View Waybills in a List/ViewWaybill/Page_Waybill/waybill_firstrecord_leftpane' is clicked on

2018-11-15 10:14:49 - [MESSAGE][PASSED] - Object: 'Object Repository/F10684-View Waybill/QA-US83597/US80788- View Waybills in a List/ViewWaybill/Page_Waybill/waybill_firstrecord_leftpane' is clicked on

2018-11-15 10:14:49 - [TEST_STEP][PASSED] - executeJavaScript: Execute JavaScript 'document.querySelector("#search-criteria-dropdown").shadowRoot.querySelector("#trigger").shadowRoot.querySelector("#trigger").click()' successfully

2018-11-15 10:14:49 - [MESSAGE][PASSED] - Execute JavaScript 'document.querySelector("#search-criteria-dropdown").shadowRoot.querySelector("#trigger").shadowRoot.querySelector("#trigger").click()' successfully

2018-11-15 10:14:49 - [TEST_STEP][PASSED] - executeJavaScript: Execute JavaScript 'document.querySelector('#search-criteria-dropdown').shadowRoot.querySelector('#content').shadowRoot.querySelector('#dropdown > div #selector > div').click()' successfully

2018-11-15 10:14:49 - [MESSAGE][PASSED] - Execute JavaScript 'document.querySelector('#search-criteria-dropdown').shadowRoot.querySelector('#content').shadowRoot.querySelector('#dropdown > div #selector > div').click()' successfully

2018-11-15 10:14:49 - [TEST_STEP][PASSED] - Statement - actions.setTextForSearch(CustomKeywords.com.ge.tms.util.CommonUtilities.getFirstCarIDFromAPI()): Text 'null' is set on object 'Object Repository/F10724-Search and Filter Waybills/QA-US84159/US80793 - Search Waybill/serachfield_waybill_id'

2018-11-15 10:14:49 - [MESSAGE][PASSED] - Send request successfully

2018-11-15 10:14:49 - [MESSAGE][PASSED] - Send request successfully

2018-11-15 10:14:49 - [MESSAGE][PASSED] - Send request successfully

2018-11-15 10:14:49 - [MESSAGE][PASSED] - Send request successfully

2018-11-15 10:14:49 - [MESSAGE][PASSED] - com.ge.tms.util.CommonUtilities.getFirstCarIDFromAPI is PASSED

2018-11-15 10:14:49 - [MESSAGE][PASSED] - Text 'null' is set on object 'Object Repository/F10724-Search and Filter Waybills/QA-US84159/US80793 - Search Waybill/serachfield_waybill_id'

2018-11-15 10:14:49 - [TEST_STEP][PASSED] - delay: Delayed 2 second(s)

2018-11-15 10:14:51 - [MESSAGE][PASSED] - Delayed 2 second(s)

2018-11-15 10:14:51 - [TEST_STEP][FAILED] - com.ge.tms.waybillVerify.WaybillVerification.verifyCarIDFirstRecord: Unable to get text of object 'Object Repository/F10724-Search and Filter Waybills/QA-US84159/US80793 - Search Waybill/waybill_carId_leftpane' (Root cause: com.kms.katalon.core.webui.exception.WebElementNotFoundException: Web element with id: 'Object Repository/F10724-Search and Filter Waybills/QA-US84159/US80793 - Search Waybill/waybill_carId_leftpane' located by 'By.xpath: //*[contains(@data-testid,'waybill-item-')]//following::span[1]' not found)

2018-11-15 10:14:51 - [MESSAGE][PASSED] - Send request successfully

2018-11-15 10:14:51 - [MESSAGE][PASSED] - Send request successfully

2018-11-15 10:14:51 - [MESSAGE][PASSED] - Send request successfully

2018-11-15 10:14:51 - [MESSAGE][PASSED] - Send request successfully

2018-11-15 10:14:51 - [MESSAGE][PASSED] - com.ge.tms.util.CommonUtilities.getFirstCarIDFromAPI is PASSED

2018-11-15 10:14:51 - [MESSAGE][PASSED] - Text of object 'Object Repository/F10684-View Waybill/QA-US83597/US80788- View Waybills in a List/ViewWaybill/Page_Waybill/waybillNumber_rightpane' is: '--'

2018-11-15 10:14:51 - [MESSAGE][PASSED] - Send request successfully

2018-11-15 10:14:51 - [MESSAGE][PASSED] - Send request successfully

2018-11-15 10:14:51 - [MESSAGE][PASSED] - Send request successfully

2018-11-15 10:14:51 - [MESSAGE][PASSED] - Send request successfully

2018-11-15 10:14:51 - [MESSAGE][PASSED] - Send request successfully

2018-11-15 10:14:51 - [MESSAGE][PASSED] - Send request successfully

2018-11-15 10:14:51 - [MESSAGE][PASSED] - Send request successfully

2018-11-15 10:14:51 - [MESSAGE][PASSED] - Send request successfully

2018-11-15 10:15:23 - [MESSAGE][FAILED] - Unable to get text of object 'Object Repository/F10724-Search and Filter Waybills/QA-US84159/US80793 - Search Waybill/waybill_carId_leftpane' (Root cause: com.kms.katalon.core.webui.exception.WebElementNotFoundException: Web element with id: 'Object Repository/F10724-Search and Filter Waybills/QA-US84159/US80793 - Search Waybill/waybill_carId_leftpane' located by 'By.xpath: //*[contains(@data-testid,'waybill-item-')]//following::span[1]' not found)
[[ATTACHMENT|/Users/ramesh/Documents/automation/Automation-14112018/tms-qa-automation/TMSLiteRegressionAutomation/Reports/Regression/Manage Waybill Test Suite/20181115_101401/1542257122766.png]]

2018-11-15 10:15:23 - [MESSAGE][FAILED] - Unable to get text of object 'Object Repository/F10724-Search and Filter Waybills/QA-US84159/US80793 - Search Waybill/waybill_carId_leftpane' (Root cause: com.kms.katalon.core.webui.exception.WebElementNotFoundException: Web element with id: 'Object Repository/F10724-Search and Filter Waybills/QA-US84159/US80793 - Search Waybill/waybill_carId_leftpane' located by 'By.xpath: //*[contains(@data-testid,'waybill-item-')]//following::span[1]' not found)

2018-11-15 10:15:23 - [TEST_STEP][PASSED] - Start listener action : closeBrowserForTestCasse: Navigate to 'http://localhost:8080/home' successfully

2018-11-15 10:15:23 - [TEST_STEP][PASSED] - Statement - If (isTestSuitEnable == true): null

2018-11-15 10:15:23 - [TEST_STEP][PASSED] - Statement - beforeTestCaseExecute(): null

2018-11-15 10:15:23 - [TEST_STEP][PASSED] - Statement - If (isTestSuitEnable == true): Navigate to 'http://localhost:8080/home' successfully

2018-11-15 10:15:23 - [TEST_STEP][PASSED] - navigateToUrl: Navigate to 'http://localhost:8080/home' successfully

2018-11-15 10:15:24 - [MESSAGE][PASSED] - Navigate to 'http://localhost:8080/home' successfully

2018-11-15 10:15:24 - [TEST_STEP][PASSED] - Start listener action : afterTestCase: Invoke 'com.kms.katalon.core.annotation.AfterTestCase' method: 'TmsTestListner.afterTestCase(...)' completed.

2018-11-15 10:15:24 - [TEST_STEP][PASSED] - Statement - If (java.lang.System.getProperties().containsKey("updateRally")): Invoke 'com.kms.katalon.core.annotation.AfterTestCase' method: 'TmsTestListner.afterTestCase(...)' completed.]]></system-out>
         <system-err><![CDATA[2018-11-15 10:14:40 - [TEST_CASE][FAILED] - Test Cases/Waybill/F10724-Search and Filter Waybills/QA-US84159/US80793 - Search Waybill/TC59661 - Search Waybill: Test Cases/Waybill/F10724-Search and Filter Waybills/QA-US84159/US80793 - Search Waybill/TC59661 - Search Waybill FAILED because (of) Unable to get text of object 'Object Repository/F10724-Search and Filter Waybills/QA-US84159/US80793 - Search Waybill/waybill_carId_leftpane' (Root cause: com.kms.katalon.core.webui.exception.WebElementNotFoundException: Web element with id: 'Object Repository/F10724-Search and Filter Waybills/QA-US84159/US80793 - Search Waybill/waybill_carId_leftpane' located by 'By.xpath: //*[contains(@data-testid,'waybill-item-')]//following::span[1]' not found)]]></system-err>
      </testcase>
      <testcase name="Test Cases/Waybill/F10724-Search and Filter Waybills/QA-US85913/US80796-Sort WayBills in a List/TC60446 - SortWaybill" classname="Test Cases/Waybill/F10724-Search and Filter Waybills/QA-US85913/US80796-Sort WayBills in a List/TC60446 - SortWaybill" status="FAILED">
         <failure type="FAILED" message="Unable to verify equal between actual object 'true' and expected object 'false' (Root cause: Actual object 'true' and expected object 'false' are not equal)"/>
         <system-out><![CDATA[2018-11-15 10:15:24 - [TEST_CASE][FAILED] - Test Cases/Waybill/F10724-Search and Filter Waybills/QA-US85913/US80796-Sort WayBills in a List/TC60446 - SortWaybill: Test Cases/Waybill/F10724-Search and Filter Waybills/QA-US85913/US80796-Sort WayBills in a List/TC60446 - SortWaybill FAILED because (of) Unable to verify equal between actual object 'true' and expected object 'false' (Root cause: Actual object 'true' and expected object 'false' are not equal)

2018-11-15 10:15:24 - [TEST_STEP][PASSED] - Start listener action : beforeTestCaseExecute: Navigate to 'http://localhost:8080/home' successfully

2018-11-15 10:15:24 - [TEST_STEP][PASSED] - Statement - If (isTestSuitEnable == true): Navigate to 'http://localhost:8080/home' successfully

2018-11-15 10:15:24 - [TEST_STEP][PASSED] - navigateToUrl: Navigate to 'http://localhost:8080/home' successfully

2018-11-15 10:15:25 - [MESSAGE][PASSED] - Navigate to 'http://localhost:8080/home' successfully

2018-11-15 10:15:25 - [TEST_STEP][PASSED] - com.ge.tms.commonactions.CommonClickEvents.clickOnViewWayBillInManagementTab: com.ge.tms.commonactions.CommonClickEvents.clickOnViewWayBillInManagementTab is PASSED

2018-11-15 10:15:25 - [MESSAGE][PASSED] - Execute JavaScript 'document.querySelector('px-app-nav').shadowRoot.querySelector('#items > px-app-nav-group:nth-child(10) > px-app-nav-subitem:nth-child(1)').shadowRoot.querySelector('p').click()' successfully

2018-11-15 10:15:27 - [MESSAGE][PASSED] - Delayed 2 second(s)

2018-11-15 10:15:27 - [MESSAGE][PASSED] - com.ge.tms.commonactions.CommonClickEvents.clickOnViewWayBillInManagementTab is PASSED

2018-11-15 10:15:27 - [TEST_STEP][PASSED] - executeJavaScript: Execute JavaScript 'document.querySelectorAll("#root px-dropdown")[1].shadowRoot.querySelector("#trigger").click()' successfully

2018-11-15 10:15:27 - [MESSAGE][PASSED] - Execute JavaScript 'document.querySelectorAll("#root px-dropdown")[1].shadowRoot.querySelector("#trigger").click()' successfully

2018-11-15 10:15:27 - [TEST_STEP][PASSED] - executeJavaScript: Execute JavaScript 'document.querySelectorAll("#root px-dropdown")[1].shadowRoot.querySelector("#content").shadowRoot.querySelector("#selector > div:nth-child(2) > span").click()' successfully

2018-11-15 10:15:27 - [MESSAGE][PASSED] - Execute JavaScript 'document.querySelectorAll("#root px-dropdown")[1].shadowRoot.querySelector("#content").shadowRoot.querySelector("#selector > div:nth-child(2) > span").click()' successfully

2018-11-15 10:15:27 - [TEST_STEP][PASSED] - delay: Delayed 2 second(s)

2018-11-15 10:15:29 - [MESSAGE][PASSED] - Delayed 2 second(s)

2018-11-15 10:15:29 - [TEST_STEP][PASSED] - com.ge.tms.waybillVerify.WaybillVerification.verifyWaybillNumberSort: com.ge.tms.waybillVerify.WaybillVerification.verifyWaybillNumberSort is PASSED

2018-11-15 10:15:29 - [MESSAGE][PASSED] - Text of object 'Object Repository/F10684-View Waybill/QA-US83597/US80788- View Waybills in a List/ViewWaybill/Page_Waybill/waybillNumber_rightpane' is: '808404'

2018-11-15 10:15:29 - [MESSAGE][PASSED] - Send request successfully

2018-11-15 10:15:29 - [MESSAGE][PASSED] - Send request successfully

2018-11-15 10:15:29 - [MESSAGE][PASSED] - Send request successfully

2018-11-15 10:15:29 - [MESSAGE][PASSED] - Send request successfully

2018-11-15 10:15:29 - [MESSAGE][PASSED] - Send request successfully

2018-11-15 10:15:29 - [MESSAGE][PASSED] - Send request successfully

2018-11-15 10:15:29 - [MESSAGE][PASSED] - Send request successfully

2018-11-15 10:15:29 - [MESSAGE][PASSED] - Send request successfully

2018-11-15 10:15:29 - [MESSAGE][PASSED] - Actual object 'true' and expected object 'true' are equal

2018-11-15 10:15:29 - [MESSAGE][PASSED] - com.ge.tms.waybillVerify.WaybillVerification.verifyWaybillNumberSort is PASSED

2018-11-15 10:15:29 - [TEST_STEP][PASSED] - click: Object: 'Object Repository/F10724-Search and Filter Waybills/QA- US85913/US80796 - Sort WayBills in a List/Ascending_Descending_Button_waybill' is clicked on

2018-11-15 10:15:29 - [MESSAGE][PASSED] - Object: 'Object Repository/F10724-Search and Filter Waybills/QA- US85913/US80796 - Sort WayBills in a List/Ascending_Descending_Button_waybill' is clicked on

2018-11-15 10:15:29 - [TEST_STEP][PASSED] - delay: Delayed 2 second(s)

2018-11-15 10:15:31 - [MESSAGE][PASSED] - Delayed 2 second(s)

2018-11-15 10:15:31 - [TEST_STEP][PASSED] - com.ge.tms.waybillVerify.WaybillVerification.verifyWaybillNumberSort: com.ge.tms.waybillVerify.WaybillVerification.verifyWaybillNumberSort is PASSED

2018-11-15 10:15:31 - [MESSAGE][PASSED] - Text of object 'Object Repository/F10684-View Waybill/QA-US83597/US80788- View Waybills in a List/ViewWaybill/Page_Waybill/waybillNumber_rightpane' is: '808404'

2018-11-15 10:15:32 - [MESSAGE][PASSED] - Send request successfully

2018-11-15 10:15:32 - [MESSAGE][PASSED] - Send request successfully

2018-11-15 10:15:32 - [MESSAGE][PASSED] - Send request successfully

2018-11-15 10:15:32 - [MESSAGE][PASSED] - Send request successfully

2018-11-15 10:15:32 - [MESSAGE][PASSED] - Send request successfully

2018-11-15 10:15:32 - [MESSAGE][PASSED] - Send request successfully

2018-11-15 10:15:32 - [MESSAGE][PASSED] - Send request successfully

2018-11-15 10:15:32 - [MESSAGE][PASSED] - Send request successfully

2018-11-15 10:15:32 - [MESSAGE][PASSED] - Actual object 'true' and expected object 'true' are equal

2018-11-15 10:15:32 - [MESSAGE][PASSED] - com.ge.tms.waybillVerify.WaybillVerification.verifyWaybillNumberSort is PASSED

2018-11-15 10:15:32 - [TEST_STEP][PASSED] - executeJavaScript: Execute JavaScript 'document.querySelectorAll("#root px-dropdown")[1].shadowRoot.querySelector("#content").shadowRoot.querySelector("#selector > div:nth-child(4) > span").click()' successfully

2018-11-15 10:15:32 - [MESSAGE][PASSED] - Execute JavaScript 'document.querySelectorAll("#root px-dropdown")[1].shadowRoot.querySelector("#content").shadowRoot.querySelector("#selector > div:nth-child(4) > span").click()' successfully

2018-11-15 10:15:32 - [TEST_STEP][PASSED] - com.ge.tms.waybillVerify.WaybillVerification.verifyCommoditySort: com.ge.tms.waybillVerify.WaybillVerification.verifyCommoditySort is PASSED

2018-11-15 10:15:32 - [MESSAGE][PASSED] - Text of object 'Object Repository/F10684-View Waybill/QA-US83597/US80788- View Waybills in a List/ViewWaybill/Page_Waybill/waybillNumber_rightpane' is: '808404'

2018-11-15 10:15:32 - [MESSAGE][PASSED] - Send request successfully

2018-11-15 10:15:32 - [MESSAGE][PASSED] - Send request successfully

2018-11-15 10:15:32 - [MESSAGE][PASSED] - Send request successfully

2018-11-15 10:15:32 - [MESSAGE][PASSED] - Send request successfully

2018-11-15 10:15:32 - [MESSAGE][PASSED] - Send request successfully

2018-11-15 10:15:32 - [MESSAGE][PASSED] - Send request successfully

2018-11-15 10:15:32 - [MESSAGE][PASSED] - Send request successfully

2018-11-15 10:15:32 - [MESSAGE][PASSED] - Send request successfully

2018-11-15 10:15:32 - [MESSAGE][PASSED] - Actual object 'true' and expected object 'true' are equal

2018-11-15 10:15:32 - [MESSAGE][PASSED] - com.ge.tms.waybillVerify.WaybillVerification.verifyCommoditySort is PASSED

2018-11-15 10:15:32 - [TEST_STEP][PASSED] - click: Object: 'Object Repository/F10724-Search and Filter Waybills/QA- US85913/US80796 - Sort WayBills in a List/Ascending_Descending_Button_waybill' is clicked on

2018-11-15 10:15:32 - [MESSAGE][PASSED] - Object: 'Object Repository/F10724-Search and Filter Waybills/QA- US85913/US80796 - Sort WayBills in a List/Ascending_Descending_Button_waybill' is clicked on

2018-11-15 10:15:32 - [TEST_STEP][PASSED] - delay: Delayed 2 second(s)

2018-11-15 10:15:34 - [MESSAGE][PASSED] - Delayed 2 second(s)

2018-11-15 10:15:34 - [TEST_STEP][PASSED] - com.ge.tms.waybillVerify.WaybillVerification.verifyCommoditySort: com.ge.tms.waybillVerify.WaybillVerification.verifyCommoditySort is PASSED

2018-11-15 10:15:34 - [MESSAGE][PASSED] - Text of object 'Object Repository/F10684-View Waybill/QA-US83597/US80788- View Waybills in a List/ViewWaybill/Page_Waybill/waybillNumber_rightpane' is: '808404'

2018-11-15 10:15:34 - [MESSAGE][PASSED] - Send request successfully

2018-11-15 10:15:34 - [MESSAGE][PASSED] - Send request successfully

2018-11-15 10:15:34 - [MESSAGE][PASSED] - Send request successfully

2018-11-15 10:15:34 - [MESSAGE][PASSED] - Send request successfully

2018-11-15 10:15:34 - [MESSAGE][PASSED] - Send request successfully

2018-11-15 10:15:34 - [MESSAGE][PASSED] - Send request successfully

2018-11-15 10:15:34 - [MESSAGE][PASSED] - Send request successfully

2018-11-15 10:15:34 - [MESSAGE][PASSED] - Send request successfully

2018-11-15 10:15:34 - [MESSAGE][PASSED] - Actual object 'true' and expected object 'true' are equal

2018-11-15 10:15:34 - [MESSAGE][PASSED] - com.ge.tms.waybillVerify.WaybillVerification.verifyCommoditySort is PASSED

2018-11-15 10:15:34 - [TEST_STEP][PASSED] - executeJavaScript: Execute JavaScript 'document.querySelectorAll("#root px-dropdown")[1].shadowRoot.querySelector("#content").shadowRoot.querySelector("#selector > div:nth-child(3) > span").click()' successfully

2018-11-15 10:15:34 - [MESSAGE][PASSED] - Execute JavaScript 'document.querySelectorAll("#root px-dropdown")[1].shadowRoot.querySelector("#content").shadowRoot.querySelector("#selector > div:nth-child(3) > span").click()' successfully

2018-11-15 10:15:34 - [TEST_STEP][PASSED] - delay: Delayed 1 second(s)

2018-11-15 10:15:35 - [MESSAGE][PASSED] - Delayed 1 second(s)

2018-11-15 10:15:35 - [TEST_STEP][FAILED] - com.ge.tms.waybillVerify.WaybillVerification.verifyCarIdSort: Unable to verify equal between actual object 'true' and expected object 'false' (Root cause: Actual object 'true' and expected object 'false' are not equal)

2018-11-15 10:15:35 - [MESSAGE][PASSED] - Text of object 'Object Repository/F10684-View Waybill/QA-US83597/US80788- View Waybills in a List/ViewWaybill/Page_Waybill/waybillNumber_rightpane' is: '808404'

2018-11-15 10:15:35 - [MESSAGE][PASSED] - Send request successfully

2018-11-15 10:15:35 - [MESSAGE][PASSED] - Send request successfully

2018-11-15 10:15:35 - [MESSAGE][PASSED] - Send request successfully

2018-11-15 10:15:35 - [MESSAGE][PASSED] - Send request successfully

2018-11-15 10:15:35 - [MESSAGE][PASSED] - Send request successfully

2018-11-15 10:15:35 - [MESSAGE][PASSED] - Send request successfully

2018-11-15 10:15:35 - [MESSAGE][PASSED] - Send request successfully

2018-11-15 10:15:35 - [MESSAGE][PASSED] - Send request successfully

2018-11-15 10:15:35 - [MESSAGE][FAILED] - Unable to verify equal between actual object 'true' and expected object 'false' (Root cause: Actual object 'true' and expected object 'false' are not equal)

2018-11-15 10:15:35 - [MESSAGE][FAILED] - Unable to verify equal between actual object 'true' and expected object 'false' (Root cause: Actual object 'true' and expected object 'false' are not equal)

2018-11-15 10:15:35 - [TEST_STEP][PASSED] - Start listener action : closeBrowserForTestCasse: Navigate to 'http://localhost:8080/home' successfully

2018-11-15 10:15:35 - [TEST_STEP][PASSED] - Statement - If (isTestSuitEnable == true): null

2018-11-15 10:15:35 - [TEST_STEP][PASSED] - Statement - beforeTestCaseExecute(): null

2018-11-15 10:15:35 - [TEST_STEP][PASSED] - Statement - If (isTestSuitEnable == true): Navigate to 'http://localhost:8080/home' successfully

2018-11-15 10:15:35 - [TEST_STEP][PASSED] - navigateToUrl: Navigate to 'http://localhost:8080/home' successfully

2018-11-15 10:15:36 - [MESSAGE][PASSED] - Navigate to 'http://localhost:8080/home' successfully

2018-11-15 10:15:36 - [TEST_STEP][PASSED] - Start listener action : afterTestCase: Invoke 'com.kms.katalon.core.annotation.AfterTestCase' method: 'TmsTestListner.afterTestCase(...)' completed.

2018-11-15 10:15:36 - [TEST_STEP][PASSED] - Statement - If (java.lang.System.getProperties().containsKey("updateRally")): Invoke 'com.kms.katalon.core.annotation.AfterTestCase' method: 'TmsTestListner.afterTestCase(...)' completed.]]></system-out>
         <system-err><![CDATA[2018-11-15 10:15:24 - [TEST_CASE][FAILED] - Test Cases/Waybill/F10724-Search and Filter Waybills/QA-US85913/US80796-Sort WayBills in a List/TC60446 - SortWaybill: Test Cases/Waybill/F10724-Search and Filter Waybills/QA-US85913/US80796-Sort WayBills in a List/TC60446 - SortWaybill FAILED because (of) Unable to verify equal between actual object 'true' and expected object 'false' (Root cause: Actual object 'true' and expected object 'false' are not equal)]]></system-err>
      </testcase>
      <testcase name="Test Cases/Waybill/F10724-Search and Filter Waybills/QA-US88052/TC66897-Additional Search for waybill" classname="Test Cases/Waybill/F10724-Search and Filter Waybills/QA-US88052/TC66897-Additional Search for waybill" status="FAILED">
         <failure type="FAILED" message="Unable to verify equal between actual object '#817108' and expected object '' (Root cause: Actual object '#817108' and expected object '' are not equal)"/>
         <system-out><![CDATA[2018-11-15 10:15:36 - [TEST_CASE][FAILED] - Test Cases/Waybill/F10724-Search and Filter Waybills/QA-US88052/TC66897-Additional Search for waybill: Test Cases/Waybill/F10724-Search and Filter Waybills/QA-US88052/TC66897-Additional Search for waybill FAILED because (of) Unable to verify equal between actual object '#817108' and expected object '' (Root cause: Actual object '#817108' and expected object '' are not equal)

2018-11-15 10:15:36 - [TEST_STEP][PASSED] - Start listener action : beforeTestCaseExecute: Navigate to 'http://localhost:8080/home' successfully

2018-11-15 10:15:36 - [TEST_STEP][PASSED] - Statement - If (isTestSuitEnable == true): Navigate to 'http://localhost:8080/home' successfully

2018-11-15 10:15:36 - [TEST_STEP][PASSED] - navigateToUrl: Navigate to 'http://localhost:8080/home' successfully

2018-11-15 10:15:37 - [MESSAGE][PASSED] - Navigate to 'http://localhost:8080/home' successfully

2018-11-15 10:15:37 - [TEST_STEP][PASSED] - com.ge.tms.commonactions.CommonClickEvents.clickOnViewWayBillInManagementTab: com.ge.tms.commonactions.CommonClickEvents.clickOnViewWayBillInManagementTab is PASSED

2018-11-15 10:15:37 - [MESSAGE][PASSED] - Execute JavaScript 'document.querySelector('px-app-nav').shadowRoot.querySelector('#items > px-app-nav-group:nth-child(10) > px-app-nav-subitem:nth-child(1)').shadowRoot.querySelector('p').click()' successfully

2018-11-15 10:15:39 - [MESSAGE][PASSED] - Delayed 2 second(s)

2018-11-15 10:15:39 - [MESSAGE][PASSED] - com.ge.tms.commonactions.CommonClickEvents.clickOnViewWayBillInManagementTab is PASSED

2018-11-15 10:15:39 - [TEST_STEP][PASSED] - Statement - actions = new com.ge.tms.commonactions.WaybillActions(): Send request successfully

2018-11-15 10:15:39 - [MESSAGE][PASSED] - Send request successfully

2018-11-15 10:15:39 - [MESSAGE][PASSED] - Send request successfully

2018-11-15 10:15:39 - [MESSAGE][PASSED] - Send request successfully

2018-11-15 10:15:39 - [MESSAGE][PASSED] - Send request successfully

2018-11-15 10:15:39 - [TEST_STEP][PASSED] - delay: Delayed 2 second(s)

2018-11-15 10:15:41 - [MESSAGE][PASSED] - Delayed 2 second(s)

2018-11-15 10:15:41 - [TEST_STEP][PASSED] - Statement - actions.removeActiveFilter(): Object: 'Object Repository/F10684-View Waybill/QA-US83597/US80788- View Waybills in a List/ViewWaybill/Page_Waybill/waybill_remove_active_filter' is clicked on

2018-11-15 10:15:41 - [MESSAGE][PASSED] - Object: 'Object Repository/F10684-View Waybill/QA-US83597/US80788- View Waybills in a List/ViewWaybill/Page_Waybill/waybill_remove_active_filter' is clicked on

2018-11-15 10:15:41 - [TEST_STEP][PASSED] - delay: Delayed 2 second(s)

2018-11-15 10:15:43 - [MESSAGE][PASSED] - Delayed 2 second(s)

2018-11-15 10:15:43 - [TEST_STEP][PASSED] - Statement - actions.clickOnFirstRecord(): Object: 'Object Repository/F10684-View Waybill/QA-US83597/US80788- View Waybills in a List/ViewWaybill/Page_Waybill/waybill_firstrecord_leftpane' is clicked on

2018-11-15 10:15:43 - [MESSAGE][PASSED] - Object: 'Object Repository/F10684-View Waybill/QA-US83597/US80788- View Waybills in a List/ViewWaybill/Page_Waybill/waybill_firstrecord_leftpane' is clicked on

2018-11-15 10:15:43 - [TEST_STEP][PASSED] - Statement - actions.clickWaybillSearchDropdown(): Execute JavaScript 'document.querySelectorAll("#root px-dropdown")[0].shadowRoot.querySelector("#trigger").click()' successfully

2018-11-15 10:15:44 - [MESSAGE][PASSED] - Execute JavaScript 'document.querySelectorAll("#root px-dropdown")[0].shadowRoot.querySelector("#trigger").click()' successfully

2018-11-15 10:15:44 - [TEST_STEP][PASSED] - delay: Delayed 2 second(s)

2018-11-15 10:15:46 - [MESSAGE][PASSED] - Delayed 2 second(s)

2018-11-15 10:15:46 - [TEST_STEP][PASSED] - Statement - actions.clickWaybillSearchCarID(): Execute JavaScript 'document.querySelectorAll("#root px-dropdown")[0].shadowRoot.querySelector("#content").shadowRoot.querySelector("#selector > div:nth-child(1) > span").click()' successfully

2018-11-15 10:15:46 - [MESSAGE][PASSED] - Execute JavaScript 'document.querySelectorAll("#root px-dropdown")[0].shadowRoot.querySelector("#content").shadowRoot.querySelector("#selector > div:nth-child(1) > span").click()' successfully

2018-11-15 10:15:46 - [TEST_STEP][PASSED] - Statement - actions.setRandomCarIDForSearch(): Text '' is set on object 'Object Repository/CommonObjects/searchTextBoxLeftNav'

2018-11-15 10:15:46 - [MESSAGE][PASSED] - Text '' is set on object 'Object Repository/CommonObjects/searchTextBoxLeftNav'

2018-11-15 10:15:46 - [TEST_STEP][PASSED] - delay: Delayed 2 second(s)

2018-11-15 10:15:48 - [MESSAGE][PASSED] - Delayed 2 second(s)

2018-11-15 10:15:48 - [TEST_STEP][PASSED] - Statement - actions.clickWaybillFilter(): null

2018-11-15 10:15:48 - [TEST_STEP][PASSED] - delay: Delayed 2 second(s)

2018-11-15 10:15:50 - [MESSAGE][PASSED] - Delayed 2 second(s)

2018-11-15 10:15:50 - [TEST_STEP][PASSED] - Statement - actions.selectEmptyfromwaybillLE(): Execute JavaScript 'document.querySelector('#' + CSS.escape('equipmentDetails.loadStatus')).shadowRoot.querySelectorAll('#content')[0].shadowRoot.querySelector('#selector > div:nth-child(2)').click()' successfully

2018-11-15 10:15:50 - [MESSAGE][PASSED] - Execute JavaScript 'document.querySelector('#' + CSS.escape('equipmentDetails.loadStatus')).shadowRoot.querySelectorAll('#content')[0].shadowRoot.querySelector('#selector > div:nth-child(2)').click()' successfully

2018-11-15 10:15:50 - [TEST_STEP][PASSED] - Statement - actions.clickWaybillFilterApply(): Object: 'Object Repository/F10724-Search and Filter Waybills/QA-US92238/US80797-Select and Apply Filter/applyButton' is clicked on

2018-11-15 10:15:50 - [MESSAGE][PASSED] - Object: 'Object Repository/F10724-Search and Filter Waybills/QA-US92238/US80797-Select and Apply Filter/applyButton' is clicked on

2018-11-15 10:15:50 - [TEST_STEP][PASSED] - delay: Delayed 2 second(s)

2018-11-15 10:15:52 - [MESSAGE][PASSED] - Delayed 2 second(s)

2018-11-15 10:15:52 - [TEST_STEP][PASSED] - Statement - If (actions.GetNoresultText() != WAYBILL_MESSAGE_NO_SEARCH_CRITERIA): com.ge.tms.waybillVerify.WaybillVerification.verifyWaybillFilterLoadEmpty is PASSED

2018-11-15 10:15:52 - [TEST_STEP][PASSED] - Statement - actions.clickOnFirstRecord(): Object: 'Object Repository/F10684-View Waybill/QA-US83597/US80788- View Waybills in a List/ViewWaybill/Page_Waybill/waybill_firstrecord_leftpane' is clicked on

2018-11-15 10:15:52 - [MESSAGE][PASSED] - Object: 'Object Repository/F10684-View Waybill/QA-US83597/US80788- View Waybills in a List/ViewWaybill/Page_Waybill/waybill_firstrecord_leftpane' is clicked on

2018-11-15 10:15:52 - [TEST_STEP][PASSED] - delay: Delayed 2 second(s)

2018-11-15 10:15:54 - [MESSAGE][PASSED] - Delayed 2 second(s)

2018-11-15 10:15:54 - [TEST_STEP][PASSED] - com.ge.tms.waybillVerify.WaybillVerification.verifyWaybillFilterLoadEmpty: com.ge.tms.waybillVerify.WaybillVerification.verifyWaybillFilterLoadEmpty is PASSED

2018-11-15 10:15:54 - [MESSAGE][PASSED] - Text of object 'Object Repository/F10684-View Waybill/QA-US83597/US80788- View Waybills in a List/ViewWaybill/Page_Waybill/waybillNumber_rightpane' is: '808404'

2018-11-15 10:15:54 - [MESSAGE][PASSED] - Send request successfully

2018-11-15 10:15:54 - [MESSAGE][PASSED] - Send request successfully

2018-11-15 10:15:54 - [MESSAGE][PASSED] - Send request successfully

2018-11-15 10:15:54 - [MESSAGE][PASSED] - Send request successfully

2018-11-15 10:15:54 - [MESSAGE][PASSED] - Send request successfully

2018-11-15 10:15:54 - [MESSAGE][PASSED] - Send request successfully

2018-11-15 10:15:54 - [MESSAGE][PASSED] - Send request successfully

2018-11-15 10:15:54 - [MESSAGE][PASSED] - Send request successfully

2018-11-15 10:15:54 - [MESSAGE][PASSED] - Actual object 'EMPTY' and expected object 'EMPTY' are equal

2018-11-15 10:15:54 - [MESSAGE][PASSED] - Actual object 'EMPTY' and expected object 'EMPTY' are equal

2018-11-15 10:15:54 - [MESSAGE][PASSED] - Actual object 'EMPTY' and expected object 'EMPTY' are equal

2018-11-15 10:15:54 - [MESSAGE][PASSED] - com.ge.tms.waybillVerify.WaybillVerification.verifyWaybillFilterLoadEmpty is PASSED

2018-11-15 10:15:54 - [TEST_STEP][PASSED] - Statement - actions.clickWaybillSortdropdown(): Execute JavaScript 'document.querySelectorAll("#root px-dropdown")[1].shadowRoot.querySelector("#trigger").click()' successfully

2018-11-15 10:15:54 - [MESSAGE][PASSED] - Execute JavaScript 'document.querySelectorAll("#root px-dropdown")[1].shadowRoot.querySelector("#trigger").click()' successfully

2018-11-15 10:15:54 - [TEST_STEP][PASSED] - delay: Delayed 2 second(s)

2018-11-15 10:15:56 - [MESSAGE][PASSED] - Delayed 2 second(s)

2018-11-15 10:15:56 - [TEST_STEP][PASSED] - Statement - actions.setWaybillnumbersortdropdown(): Execute JavaScript 'document.querySelectorAll("#root px-dropdown")[1].shadowRoot.querySelector("#content").shadowRoot.querySelector("#selector > div:nth-child(2) > span").click()' successfully

2018-11-15 10:15:56 - [MESSAGE][PASSED] - Execute JavaScript 'document.querySelectorAll("#root px-dropdown")[1].shadowRoot.querySelector("#content").shadowRoot.querySelector("#selector > div:nth-child(2) > span").click()' successfully

2018-11-15 10:15:56 - [TEST_STEP][PASSED] - delay: Delayed 2 second(s)

2018-11-15 10:15:58 - [MESSAGE][PASSED] - Delayed 2 second(s)

2018-11-15 10:15:58 - [TEST_STEP][PASSED] - com.ge.tms.waybillVerify.WaybillVerification.verifyWaybillNumberSort: com.ge.tms.waybillVerify.WaybillVerification.verifyWaybillNumberSort is PASSED

2018-11-15 10:15:58 - [MESSAGE][PASSED] - Text of object 'Object Repository/F10684-View Waybill/QA-US83597/US80788- View Waybills in a List/ViewWaybill/Page_Waybill/waybillNumber_rightpane' is: '808404'

2018-11-15 10:15:58 - [MESSAGE][PASSED] - Send request successfully

2018-11-15 10:15:58 - [MESSAGE][PASSED] - Send request successfully

2018-11-15 10:15:58 - [MESSAGE][PASSED] - Send request successfully

2018-11-15 10:15:58 - [MESSAGE][PASSED] - Send request successfully

2018-11-15 10:15:58 - [MESSAGE][PASSED] - Send request successfully

2018-11-15 10:15:58 - [MESSAGE][PASSED] - Send request successfully

2018-11-15 10:15:58 - [MESSAGE][PASSED] - Send request successfully

2018-11-15 10:15:58 - [MESSAGE][PASSED] - Send request successfully

2018-11-15 10:15:58 - [MESSAGE][PASSED] - Actual object 'true' and expected object 'true' are equal

2018-11-15 10:15:58 - [MESSAGE][PASSED] - com.ge.tms.waybillVerify.WaybillVerification.verifyWaybillNumberSort is PASSED

2018-11-15 10:15:58 - [TEST_STEP][FAILED] - com.ge.tms.waybillVerify.WaybillVerification.verifyCarIDFirstRecord: Unable to verify equal between actual object '#817108' and expected object '' (Root cause: Actual object '#817108' and expected object '' are not equal)

2018-11-15 10:15:59 - [MESSAGE][PASSED] - Text of object 'Object Repository/F10684-View Waybill/QA-US83597/US80788- View Waybills in a List/ViewWaybill/Page_Waybill/waybillNumber_rightpane' is: '808404'

2018-11-15 10:15:59 - [MESSAGE][PASSED] - Send request successfully

2018-11-15 10:15:59 - [MESSAGE][PASSED] - Send request successfully

2018-11-15 10:15:59 - [MESSAGE][PASSED] - Send request successfully

2018-11-15 10:15:59 - [MESSAGE][PASSED] - Send request successfully

2018-11-15 10:15:59 - [MESSAGE][PASSED] - Send request successfully

2018-11-15 10:15:59 - [MESSAGE][PASSED] - Send request successfully

2018-11-15 10:15:59 - [MESSAGE][PASSED] - Send request successfully

2018-11-15 10:15:59 - [MESSAGE][PASSED] - Send request successfully

2018-11-15 10:15:59 - [MESSAGE][PASSED] - Text of object 'Object Repository/F10724-Search and Filter Waybills/QA-US84159/US80793 - Search Waybill/waybill_carId_leftpane' is: '#817108'

2018-11-15 10:15:59 - [MESSAGE][PASSED] - Text of object 'Object Repository/F10724-Search and Filter Waybills/QA-US84159/US80793 - Search Waybill/waybill_carid_rightpane' is: '--'

2018-11-15 10:15:59 - [MESSAGE][FAILED] - Unable to verify equal between actual object '#817108' and expected object '' (Root cause: Actual object '#817108' and expected object '' are not equal)

2018-11-15 10:15:59 - [MESSAGE][FAILED] - Unable to verify equal between actual object '#817108' and expected object '' (Root cause: Actual object '#817108' and expected object '' are not equal)

2018-11-15 10:15:59 - [TEST_STEP][PASSED] - Start listener action : closeBrowserForTestCasse: Navigate to 'http://localhost:8080/home' successfully

2018-11-15 10:15:59 - [TEST_STEP][PASSED] - Statement - If (isTestSuitEnable == true): null

2018-11-15 10:15:59 - [TEST_STEP][PASSED] - Statement - beforeTestCaseExecute(): null

2018-11-15 10:15:59 - [TEST_STEP][PASSED] - Statement - If (isTestSuitEnable == true): Navigate to 'http://localhost:8080/home' successfully

2018-11-15 10:15:59 - [TEST_STEP][PASSED] - navigateToUrl: Navigate to 'http://localhost:8080/home' successfully

2018-11-15 10:16:00 - [MESSAGE][PASSED] - Navigate to 'http://localhost:8080/home' successfully

2018-11-15 10:16:00 - [TEST_STEP][PASSED] - Start listener action : afterTestCase: Invoke 'com.kms.katalon.core.annotation.AfterTestCase' method: 'TmsTestListner.afterTestCase(...)' completed.

2018-11-15 10:16:00 - [TEST_STEP][PASSED] - Statement - If (java.lang.System.getProperties().containsKey("updateRally")): Invoke 'com.kms.katalon.core.annotation.AfterTestCase' method: 'TmsTestListner.afterTestCase(...)' completed.]]></system-out>
         <system-err><![CDATA[2018-11-15 10:15:36 - [TEST_CASE][FAILED] - Test Cases/Waybill/F10724-Search and Filter Waybills/QA-US88052/TC66897-Additional Search for waybill: Test Cases/Waybill/F10724-Search and Filter Waybills/QA-US88052/TC66897-Additional Search for waybill FAILED because (of) Unable to verify equal between actual object '#817108' and expected object '' (Root cause: Actual object '#817108' and expected object '' are not equal)]]></system-err>
      </testcase>
      <testcase name="Test Cases/Waybill/F10724-Search and Filter Waybills/QA-US92238/US80797-Select and Apply Filter/TC65847-FilterWaybill" classname="Test Cases/Waybill/F10724-Search and Filter Waybills/QA-US92238/US80797-Select and Apply Filter/TC65847-FilterWaybill" status="FAILED">
         <failure type="FAILED" message="Unable to verify equal between actual object 'LOADED' and expected object 'EMPTY' (Root cause: Actual object 'LOADED' and expected object 'EMPTY' are not equal)"/>
         <system-out><![CDATA[2018-11-15 10:16:00 - [TEST_CASE][FAILED] - Test Cases/Waybill/F10724-Search and Filter Waybills/QA-US92238/US80797-Select and Apply Filter/TC65847-FilterWaybill: Test Cases/Waybill/F10724-Search and Filter Waybills/QA-US92238/US80797-Select and Apply Filter/TC65847-FilterWaybill FAILED because (of) Unable to verify equal between actual object 'LOADED' and expected object 'EMPTY' (Root cause: Actual object 'LOADED' and expected object 'EMPTY' are not equal)

2018-11-15 10:16:00 - [TEST_STEP][PASSED] - Start listener action : beforeTestCaseExecute: Navigate to 'http://localhost:8080/home' successfully

2018-11-15 10:16:00 - [TEST_STEP][PASSED] - Statement - If (isTestSuitEnable == true): Navigate to 'http://localhost:8080/home' successfully

2018-11-15 10:16:00 - [TEST_STEP][PASSED] - navigateToUrl: Navigate to 'http://localhost:8080/home' successfully

2018-11-15 10:16:00 - [MESSAGE][PASSED] - Navigate to 'http://localhost:8080/home' successfully

2018-11-15 10:16:01 - [TEST_STEP][PASSED] - com.ge.tms.commonactions.CommonClickEvents.clickOnViewWayBillInManagementTab: com.ge.tms.commonactions.CommonClickEvents.clickOnViewWayBillInManagementTab is PASSED

2018-11-15 10:16:01 - [MESSAGE][PASSED] - Execute JavaScript 'document.querySelector('px-app-nav').shadowRoot.querySelector('#items > px-app-nav-group:nth-child(10) > px-app-nav-subitem:nth-child(1)').shadowRoot.querySelector('p').click()' successfully

2018-11-15 10:16:03 - [MESSAGE][PASSED] - Delayed 2 second(s)

2018-11-15 10:16:03 - [MESSAGE][PASSED] - com.ge.tms.commonactions.CommonClickEvents.clickOnViewWayBillInManagementTab is PASSED

2018-11-15 10:16:03 - [TEST_STEP][PASSED] - Statement - actions = new com.ge.tms.commonactions.WaybillActions(): Send request successfully

2018-11-15 10:16:03 - [MESSAGE][PASSED] - Send request successfully

2018-11-15 10:16:03 - [MESSAGE][PASSED] - Send request successfully

2018-11-15 10:16:03 - [MESSAGE][PASSED] - Send request successfully

2018-11-15 10:16:03 - [MESSAGE][PASSED] - Send request successfully

2018-11-15 10:16:03 - [TEST_STEP][PASSED] - Statement - actions.removeActiveFilter(): Object: 'Object Repository/F10684-View Waybill/QA-US83597/US80788- View Waybills in a List/ViewWaybill/Page_Waybill/waybill_remove_active_filter' is clicked on

2018-11-15 10:16:03 - [MESSAGE][PASSED] - Object: 'Object Repository/F10684-View Waybill/QA-US83597/US80788- View Waybills in a List/ViewWaybill/Page_Waybill/waybill_remove_active_filter' is clicked on

2018-11-15 10:16:03 - [TEST_STEP][PASSED] - delay: Delayed 2 second(s)

2018-11-15 10:16:05 - [MESSAGE][PASSED] - Delayed 2 second(s)

2018-11-15 10:16:05 - [TEST_STEP][PASSED] - Statement - actions.clickOnFirstRecord(): Object: 'Object Repository/F10684-View Waybill/QA-US83597/US80788- View Waybills in a List/ViewWaybill/Page_Waybill/waybill_firstrecord_leftpane' is clicked on

2018-11-15 10:16:05 - [MESSAGE][PASSED] - Object: 'Object Repository/F10684-View Waybill/QA-US83597/US80788- View Waybills in a List/ViewWaybill/Page_Waybill/waybill_firstrecord_leftpane' is clicked on

2018-11-15 10:16:05 - [TEST_STEP][PASSED] - click: Object: 'Object Repository/F10724-Search and Filter Waybills/QA-US92238/US80797-Select and Apply Filter/filterIcon' is clicked on

2018-11-15 10:16:05 - [MESSAGE][PASSED] - Object: 'Object Repository/F10724-Search and Filter Waybills/QA-US92238/US80797-Select and Apply Filter/filterIcon' is clicked on

2018-11-15 10:16:05 - [TEST_STEP][PASSED] - executeJavaScript: Execute JavaScript 'document.querySelector('#' + CSS.escape('referenceInformation.waybillStatus')).shadowRoot.querySelectorAll('#content')[0].shadowRoot.querySelector('#selector > div:nth-child(1)').click()' successfully

2018-11-15 10:16:05 - [MESSAGE][PASSED] - Execute JavaScript 'document.querySelector('#' + CSS.escape('referenceInformation.waybillStatus')).shadowRoot.querySelectorAll('#content')[0].shadowRoot.querySelector('#selector > div:nth-child(1)').click()' successfully

2018-11-15 10:16:05 - [TEST_STEP][PASSED] - click: Object: 'Object Repository/F10724-Search and Filter Waybills/QA-US92238/US80797-Select and Apply Filter/applyButton' is clicked on

2018-11-15 10:16:05 - [MESSAGE][PASSED] - Object: 'Object Repository/F10724-Search and Filter Waybills/QA-US92238/US80797-Select and Apply Filter/applyButton' is clicked on

2018-11-15 10:16:05 - [TEST_STEP][PASSED] - Statement - actions.clickOnFirstRecord(): Object: 'Object Repository/F10684-View Waybill/QA-US83597/US80788- View Waybills in a List/ViewWaybill/Page_Waybill/waybill_firstrecord_leftpane' is clicked on

2018-11-15 10:16:05 - [MESSAGE][PASSED] - Object: 'Object Repository/F10684-View Waybill/QA-US83597/US80788- View Waybills in a List/ViewWaybill/Page_Waybill/waybill_firstrecord_leftpane' is clicked on

2018-11-15 10:16:05 - [TEST_STEP][PASSED] - delay: Delayed 2 second(s)

2018-11-15 10:16:07 - [MESSAGE][PASSED] - Delayed 2 second(s)

2018-11-15 10:16:07 - [TEST_STEP][PASSED] - com.ge.tms.waybillVerify.WaybillVerification.verifyWaybillFilterStatus: com.ge.tms.waybillVerify.WaybillVerification.verifyWaybillFilterStatus is PASSED

2018-11-15 10:16:07 - [MESSAGE][PASSED] - Text of object 'Object Repository/F10684-View Waybill/QA-US83597/US80788- View Waybills in a List/ViewWaybill/Page_Waybill/waybillNumber_rightpane' is: '808404'

2018-11-15 10:16:07 - [MESSAGE][PASSED] - Send request successfully

2018-11-15 10:16:07 - [MESSAGE][PASSED] - Send request successfully

2018-11-15 10:16:07 - [MESSAGE][PASSED] - Send request successfully

2018-11-15 10:16:07 - [MESSAGE][PASSED] - Send request successfully

2018-11-15 10:16:07 - [MESSAGE][PASSED] - Send request successfully

2018-11-15 10:16:07 - [MESSAGE][PASSED] - Send request successfully

2018-11-15 10:16:07 - [MESSAGE][PASSED] - Send request successfully

2018-11-15 10:16:07 - [MESSAGE][PASSED] - Send request successfully

2018-11-15 10:16:07 - [MESSAGE][PASSED] - Text of object 'Object Repository/F10724-Search and Filter Waybills/QA-US92238/US80797-Select and Apply Filter/activeDiv' is: 'Active'

2018-11-15 10:16:07 - [MESSAGE][PASSED] - Actual object 'Active' and expected object 'Active' are equal

2018-11-15 10:16:07 - [MESSAGE][PASSED] - com.ge.tms.waybillVerify.WaybillVerification.verifyWaybillFilterStatus is PASSED

2018-11-15 10:16:07 - [TEST_STEP][PASSED] - click: Object: 'Object Repository/F10724-Search and Filter Waybills/QA-US92238/US80797-Select and Apply Filter/filterIcon' is clicked on

2018-11-15 10:16:07 - [MESSAGE][PASSED] - Object: 'Object Repository/F10724-Search and Filter Waybills/QA-US92238/US80797-Select and Apply Filter/filterIcon' is clicked on

2018-11-15 10:16:07 - [TEST_STEP][PASSED] - executeJavaScript: Execute JavaScript 'document.querySelector('#' + CSS.escape('referenceInformation.waybillStatus')).shadowRoot.querySelectorAll('#content')[0].shadowRoot.querySelector('#selector > div:nth-child(2)').click()' successfully

2018-11-15 10:16:07 - [MESSAGE][PASSED] - Execute JavaScript 'document.querySelector('#' + CSS.escape('referenceInformation.waybillStatus')).shadowRoot.querySelectorAll('#content')[0].shadowRoot.querySelector('#selector > div:nth-child(2)').click()' successfully

2018-11-15 10:16:07 - [TEST_STEP][PASSED] - click: Object: 'Object Repository/F10724-Search and Filter Waybills/QA-US92238/US80797-Select and Apply Filter/applyButton' is clicked on

2018-11-15 10:16:08 - [MESSAGE][PASSED] - Object: 'Object Repository/F10724-Search and Filter Waybills/QA-US92238/US80797-Select and Apply Filter/applyButton' is clicked on

2018-11-15 10:16:08 - [TEST_STEP][PASSED] - click: Object: 'Object Repository/F10724-Search and Filter Waybills/QA-US92238/US80797-Select and Apply Filter/filterIcon' is clicked on

2018-11-15 10:16:08 - [MESSAGE][PASSED] - Object: 'Object Repository/F10724-Search and Filter Waybills/QA-US92238/US80797-Select and Apply Filter/filterIcon' is clicked on

2018-11-15 10:16:08 - [TEST_STEP][PASSED] - executeJavaScript: Execute JavaScript 'document.querySelector('#' + CSS.escape('referenceInformation.waybillStatus')).shadowRoot.querySelectorAll('#content')[0].shadowRoot.querySelector('#selector > div:nth-child(3)').click()' successfully

2018-11-15 10:16:08 - [MESSAGE][PASSED] - Execute JavaScript 'document.querySelector('#' + CSS.escape('referenceInformation.waybillStatus')).shadowRoot.querySelectorAll('#content')[0].shadowRoot.querySelector('#selector > div:nth-child(3)').click()' successfully

2018-11-15 10:16:08 - [TEST_STEP][PASSED] - click: Object: 'Object Repository/F10724-Search and Filter Waybills/QA-US92238/US80797-Select and Apply Filter/applyButton' is clicked on

2018-11-15 10:16:08 - [MESSAGE][PASSED] - Object: 'Object Repository/F10724-Search and Filter Waybills/QA-US92238/US80797-Select and Apply Filter/applyButton' is clicked on

2018-11-15 10:16:08 - [TEST_STEP][PASSED] - Statement - actions.clickOnFirstRecord(): Object: 'Object Repository/F10684-View Waybill/QA-US83597/US80788- View Waybills in a List/ViewWaybill/Page_Waybill/waybill_firstrecord_leftpane' is clicked on

2018-11-15 10:16:08 - [MESSAGE][PASSED] - Object: 'Object Repository/F10684-View Waybill/QA-US83597/US80788- View Waybills in a List/ViewWaybill/Page_Waybill/waybill_firstrecord_leftpane' is clicked on

2018-11-15 10:16:08 - [TEST_STEP][PASSED] - delay: Delayed 2 second(s)

2018-11-15 10:16:10 - [MESSAGE][PASSED] - Delayed 2 second(s)

2018-11-15 10:16:10 - [TEST_STEP][PASSED] - com.ge.tms.waybillVerify.WaybillVerification.verifyWaybillFilterStatus: com.ge.tms.waybillVerify.WaybillVerification.verifyWaybillFilterStatus is PASSED

2018-11-15 10:16:10 - [MESSAGE][PASSED] - Text of object 'Object Repository/F10684-View Waybill/QA-US83597/US80788- View Waybills in a List/ViewWaybill/Page_Waybill/waybillNumber_rightpane' is: '--'

2018-11-15 10:16:10 - [MESSAGE][PASSED] - Send request successfully

2018-11-15 10:16:10 - [MESSAGE][PASSED] - Send request successfully

2018-11-15 10:16:10 - [MESSAGE][PASSED] - Send request successfully

2018-11-15 10:16:10 - [MESSAGE][PASSED] - Send request successfully

2018-11-15 10:16:10 - [MESSAGE][PASSED] - Send request successfully

2018-11-15 10:16:10 - [MESSAGE][PASSED] - Send request successfully

2018-11-15 10:16:10 - [MESSAGE][PASSED] - Send request successfully

2018-11-15 10:16:10 - [MESSAGE][PASSED] - Send request successfully

2018-11-15 10:16:10 - [MESSAGE][PASSED] - Text of object 'Object Repository/F10724-Search and Filter Waybills/QA-US92238/US80797-Select and Apply Filter/activeDiv' is: 'Completed'

2018-11-15 10:16:10 - [MESSAGE][PASSED] - Actual object 'Completed' and expected object 'Completed' are equal

2018-11-15 10:16:10 - [MESSAGE][PASSED] - com.ge.tms.waybillVerify.WaybillVerification.verifyWaybillFilterStatus is PASSED

2018-11-15 10:16:10 - [TEST_STEP][PASSED] - click: Object: 'Object Repository/F10724-Search and Filter Waybills/QA-US92238/US80797-Select and Apply Filter/filterIcon' is clicked on

2018-11-15 10:16:10 - [MESSAGE][PASSED] - Object: 'Object Repository/F10724-Search and Filter Waybills/QA-US92238/US80797-Select and Apply Filter/filterIcon' is clicked on

2018-11-15 10:16:10 - [TEST_STEP][PASSED] - click: Object: 'Object Repository/F10724-Search and Filter Waybills/QA-US92238/US80797-Select and Apply Filter/clearFilterBtn' is clicked on

2018-11-15 10:16:10 - [MESSAGE][PASSED] - Object: 'Object Repository/F10724-Search and Filter Waybills/QA-US92238/US80797-Select and Apply Filter/clearFilterBtn' is clicked on

2018-11-15 10:16:10 - [TEST_STEP][PASSED] - click: Object: 'Object Repository/F10724-Search and Filter Waybills/QA-US92238/US80797-Select and Apply Filter/filterIcon' is clicked on

2018-11-15 10:16:10 - [MESSAGE][PASSED] - Object: 'Object Repository/F10724-Search and Filter Waybills/QA-US92238/US80797-Select and Apply Filter/filterIcon' is clicked on

2018-11-15 10:16:10 - [TEST_STEP][PASSED] - executeJavaScript: Execute JavaScript 'document.querySelector('#' + CSS.escape('equipmentDetails.loadStatus')).shadowRoot.querySelectorAll('#content')[0].shadowRoot.querySelector('#selector > div:nth-child(1)').click()' successfully

2018-11-15 10:16:10 - [MESSAGE][PASSED] - Execute JavaScript 'document.querySelector('#' + CSS.escape('equipmentDetails.loadStatus')).shadowRoot.querySelectorAll('#content')[0].shadowRoot.querySelector('#selector > div:nth-child(1)').click()' successfully

2018-11-15 10:16:10 - [TEST_STEP][PASSED] - click: Object: 'Object Repository/F10724-Search and Filter Waybills/QA-US92238/US80797-Select and Apply Filter/applyButton' is clicked on

2018-11-15 10:16:10 - [MESSAGE][PASSED] - Object: 'Object Repository/F10724-Search and Filter Waybills/QA-US92238/US80797-Select and Apply Filter/applyButton' is clicked on

2018-11-15 10:16:10 - [TEST_STEP][PASSED] - Statement - actions.clickOnFirstRecord(): Object: 'Object Repository/F10684-View Waybill/QA-US83597/US80788- View Waybills in a List/ViewWaybill/Page_Waybill/waybill_firstrecord_leftpane' is clicked on

2018-11-15 10:16:10 - [MESSAGE][PASSED] - Object: 'Object Repository/F10684-View Waybill/QA-US83597/US80788- View Waybills in a List/ViewWaybill/Page_Waybill/waybill_firstrecord_leftpane' is clicked on

2018-11-15 10:16:10 - [TEST_STEP][PASSED] - delay: Delayed 2 second(s)

2018-11-15 10:16:12 - [MESSAGE][PASSED] - Delayed 2 second(s)

2018-11-15 10:16:12 - [TEST_STEP][PASSED] - com.ge.tms.waybillVerify.WaybillVerification.verifyWaybillFilterLoadEmpty: com.ge.tms.waybillVerify.WaybillVerification.verifyWaybillFilterLoadEmpty is PASSED

2018-11-15 10:16:12 - [MESSAGE][PASSED] - Text of object 'Object Repository/F10684-View Waybill/QA-US83597/US80788- View Waybills in a List/ViewWaybill/Page_Waybill/waybillNumber_rightpane' is: '--'

2018-11-15 10:16:12 - [MESSAGE][PASSED] - Send request successfully

2018-11-15 10:16:12 - [MESSAGE][PASSED] - Send request successfully

2018-11-15 10:16:12 - [MESSAGE][PASSED] - Send request successfully

2018-11-15 10:16:12 - [MESSAGE][PASSED] - Send request successfully

2018-11-15 10:16:12 - [MESSAGE][PASSED] - Send request successfully

2018-11-15 10:16:12 - [MESSAGE][PASSED] - Send request successfully

2018-11-15 10:16:12 - [MESSAGE][PASSED] - Send request successfully

2018-11-15 10:16:12 - [MESSAGE][PASSED] - Send request successfully

2018-11-15 10:16:12 - [MESSAGE][PASSED] - Actual object 'LOADED' and expected object 'LOADED' are equal

2018-11-15 10:16:12 - [MESSAGE][PASSED] - com.ge.tms.waybillVerify.WaybillVerification.verifyWaybillFilterLoadEmpty is PASSED

2018-11-15 10:16:12 - [TEST_STEP][PASSED] - click: Object: 'Object Repository/F10724-Search and Filter Waybills/QA-US92238/US80797-Select and Apply Filter/filterIcon' is clicked on

2018-11-15 10:16:12 - [MESSAGE][PASSED] - Object: 'Object Repository/F10724-Search and Filter Waybills/QA-US92238/US80797-Select and Apply Filter/filterIcon' is clicked on

2018-11-15 10:16:12 - [TEST_STEP][PASSED] - executeJavaScript: Execute JavaScript 'document.querySelector('#' + CSS.escape('equipmentDetails.loadStatus')).shadowRoot.querySelectorAll('#content')[0].shadowRoot.querySelector('#selector > div:nth-child(2)').click()' successfully

2018-11-15 10:16:12 - [MESSAGE][PASSED] - Execute JavaScript 'document.querySelector('#' + CSS.escape('equipmentDetails.loadStatus')).shadowRoot.querySelectorAll('#content')[0].shadowRoot.querySelector('#selector > div:nth-child(2)').click()' successfully

2018-11-15 10:16:12 - [TEST_STEP][PASSED] - click: Object: 'Object Repository/F10724-Search and Filter Waybills/QA-US92238/US80797-Select and Apply Filter/applyButton' is clicked on

2018-11-15 10:16:13 - [MESSAGE][PASSED] - Object: 'Object Repository/F10724-Search and Filter Waybills/QA-US92238/US80797-Select and Apply Filter/applyButton' is clicked on

2018-11-15 10:16:13 - [TEST_STEP][PASSED] - Statement - actions.clickOnFirstRecord(): Object: 'Object Repository/F10684-View Waybill/QA-US83597/US80788- View Waybills in a List/ViewWaybill/Page_Waybill/waybill_firstrecord_leftpane' is clicked on

2018-11-15 10:16:13 - [MESSAGE][PASSED] - Object: 'Object Repository/F10684-View Waybill/QA-US83597/US80788- View Waybills in a List/ViewWaybill/Page_Waybill/waybill_firstrecord_leftpane' is clicked on

2018-11-15 10:16:13 - [TEST_STEP][FAILED] - com.ge.tms.waybillVerify.WaybillVerification.verifyWaybillFilterLoadEmpty: Unable to verify equal between actual object 'LOADED' and expected object 'EMPTY' (Root cause: Actual object 'LOADED' and expected object 'EMPTY' are not equal)

2018-11-15 10:16:13 - [MESSAGE][PASSED] - Text of object 'Object Repository/F10684-View Waybill/QA-US83597/US80788- View Waybills in a List/ViewWaybill/Page_Waybill/waybillNumber_rightpane' is: '949896'

2018-11-15 10:16:13 - [MESSAGE][PASSED] - Send request successfully

2018-11-15 10:16:13 - [MESSAGE][PASSED] - Send request successfully

2018-11-15 10:16:13 - [MESSAGE][PASSED] - Send request successfully

2018-11-15 10:16:13 - [MESSAGE][PASSED] - Send request successfully

2018-11-15 10:16:13 - [MESSAGE][PASSED] - Send request successfully

2018-11-15 10:16:13 - [MESSAGE][PASSED] - Send request successfully

2018-11-15 10:16:13 - [MESSAGE][PASSED] - Send request successfully

2018-11-15 10:16:13 - [MESSAGE][PASSED] - Send request successfully

2018-11-15 10:16:13 - [MESSAGE][FAILED] - Unable to verify equal between actual object 'LOADED' and expected object 'EMPTY' (Root cause: Actual object 'LOADED' and expected object 'EMPTY' are not equal)

2018-11-15 10:16:13 - [MESSAGE][FAILED] - Unable to verify equal between actual object 'LOADED' and expected object 'EMPTY' (Root cause: Actual object 'LOADED' and expected object 'EMPTY' are not equal)

2018-11-15 10:16:13 - [TEST_STEP][PASSED] - Start listener action : closeBrowserForTestCasse: Navigate to 'http://localhost:8080/home' successfully

2018-11-15 10:16:13 - [TEST_STEP][PASSED] - Statement - If (isTestSuitEnable == true): null

2018-11-15 10:16:13 - [TEST_STEP][PASSED] - Statement - beforeTestCaseExecute(): null

2018-11-15 10:16:13 - [TEST_STEP][PASSED] - Statement - If (isTestSuitEnable == true): Navigate to 'http://localhost:8080/home' successfully

2018-11-15 10:16:13 - [TEST_STEP][PASSED] - navigateToUrl: Navigate to 'http://localhost:8080/home' successfully

2018-11-15 10:16:14 - [MESSAGE][PASSED] - Navigate to 'http://localhost:8080/home' successfully

2018-11-15 10:16:14 - [TEST_STEP][PASSED] - Start listener action : afterTestCase: Invoke 'com.kms.katalon.core.annotation.AfterTestCase' method: 'TmsTestListner.afterTestCase(...)' completed.

2018-11-15 10:16:14 - [TEST_STEP][PASSED] - Statement - If (java.lang.System.getProperties().containsKey("updateRally")): Invoke 'com.kms.katalon.core.annotation.AfterTestCase' method: 'TmsTestListner.afterTestCase(...)' completed.]]></system-out>
         <system-err><![CDATA[2018-11-15 10:16:00 - [TEST_CASE][FAILED] - Test Cases/Waybill/F10724-Search and Filter Waybills/QA-US92238/US80797-Select and Apply Filter/TC65847-FilterWaybill: Test Cases/Waybill/F10724-Search and Filter Waybills/QA-US92238/US80797-Select and Apply Filter/TC65847-FilterWaybill FAILED because (of) Unable to verify equal between actual object 'LOADED' and expected object 'EMPTY' (Root cause: Actual object 'LOADED' and expected object 'EMPTY' are not equal)]]></system-err>
      </testcase>
      <system-out><![CDATA[2018-11-15 10:14:03 - [TEST_SUITE][ERROR] - Manage Waybill Test Suite: Test Cases/Waybill/F10684-View Waybill/QA-US83752/US80788-View Waybills in a List/TC61049 - Verification of fields in view waybill FAILED because (of) java.lang.NullPointerException: Cannot get property 'referenceInformation' on null object]]></system-out>
      <system-err><![CDATA[2018-11-15 10:14:03 - [TEST_SUITE][ERROR] - Manage Waybill Test Suite: Test Cases/Waybill/F10684-View Waybill/QA-US83752/US80788-View Waybills in a List/TC61049 - Verification of fields in view waybill FAILED because (of) java.lang.NullPointerException: Cannot get property 'referenceInformation' on null object]]></system-err>
   </testsuite>
</testsuites>
