<?xml version="1.0" encoding="UTF-8"?>
<testsuites name="Manage Customer Test Suite" time="111" tests="5" failures="2" errors="2">
   <testsuite name="Manage Customer Test Suite" tests="5" failures="2" errors="2" time="111" timestamp="2018-11-15 09:56:54" hostname="ramesh - 192.168.0.3" id="Test Suites/Regression/Manage Customer Test Suite">
      <properties>
         <property name="deviceName" value=""/>
         <property name="devicePlatform" value=""/>
         <property name="logFolder" value="/Users/ramesh/Documents/automation/Automation-14112018/tms-qa-automation/TMSLiteRegressionAutomation/Reports/Regression/Manage Customer Test Suite/20181115_095652"/>
         <property name="logFiles" value="/Users/ramesh/Documents/automation/Automation-14112018/tms-qa-automation/TMSLiteRegressionAutomation/Reports/Regression/Manage Customer Test Suite/20181115_095652/execution0.log"/>
         <property name="attachments" value=""/>
         <property name="hostName" value="ramesh - 192.168.0.3"/>
         <property name="os" value="Mac OS X 64bit"/>
         <property name="katalonVersion" value="5.4.1.1"/>
         <property name="browser" value="Chrome 70.0.3538.102"/>
         <property name="hostAddress" value="192.168.0.3"/>
         <property name="sessionId" value="2d1f56c4087152bcbfb7070c2503b625"/>
         <property name="seleniumVersion" value="3.7.1"/>
         <property name="proxyInformation" value="ProxyInformation{proxyOption=USE_SYSTEM, proxyServerType=HTTP, password=, proxyServerAddress=, proxyServerPort=0}"/>
         <property name="platform" value="Mac OS X"/>
      </properties>
      <testcase name="Test Cases/Customer/F11762-View Customer/QA-US84851/US83148-SearchCustomer/TC60100-Search-Customer" classname="Test Cases/Customer/F11762-View Customer/QA-US84851/US83148-SearchCustomer/TC60100-Search-Customer" status="ERROR">
         <error type="ERROR" message="Test Cases/Customer/F11762-View Customer/QA-US84851/US83148-SearchCustomer/TC60100-Search-Customer FAILED because (of) java.lang.StringIndexOutOfBoundsException: String index out of range: -1"/>
         <system-out><![CDATA[2018-11-15 09:57:21 - [TEST_CASE][ERROR] - Test Cases/Customer/F11762-View Customer/QA-US84851/US83148-SearchCustomer/TC60100-Search-Customer: Test Cases/Customer/F11762-View Customer/QA-US84851/US83148-SearchCustomer/TC60100-Search-Customer FAILED because (of) java.lang.StringIndexOutOfBoundsException: String index out of range: -1

2018-11-15 09:57:21 - [TEST_STEP][PASSED] - Start listener action : beforeTestCaseExecute: Navigate to 'http://localhost:8080/home' successfully

2018-11-15 09:57:21 - [TEST_STEP][PASSED] - Statement - If (isTestSuitEnable == true): Navigate to 'http://localhost:8080/home' successfully

2018-11-15 09:57:21 - [TEST_STEP][PASSED] - navigateToUrl: Navigate to 'http://localhost:8080/home' successfully

2018-11-15 09:57:22 - [MESSAGE][PASSED] - Navigate to 'http://localhost:8080/home' successfully

2018-11-15 09:57:22 - [TEST_STEP][PASSED] - com.ge.tms.commonactions.CommonClickEvents.clickOnManageCustomers: com.ge.tms.commonactions.CommonClickEvents.clickOnManageCustomers is PASSED

2018-11-15 09:57:22 - [MESSAGE][PASSED] - Execute JavaScript 'document.querySelector('px-app-nav').shadowRoot.querySelector('#items > px-app-nav-group:nth-child(13) > px-app-nav-subitem:nth-child(2)').click()' successfully

2018-11-15 09:57:23 - [MESSAGE][PASSED] - Delayed 1 second(s)

2018-11-15 09:57:23 - [MESSAGE][PASSED] - com.ge.tms.commonactions.CommonClickEvents.clickOnManageCustomers is PASSED

2018-11-15 09:57:23 - [TEST_STEP][PASSED] - com.ge.tms.customer.CustomerVerification.verifyCustomerPageHeader: com.ge.tms.customer.CustomerVerification.verifyCustomerPageHeader is PASSED

2018-11-15 09:57:23 - [MESSAGE][PASSED] - Send request successfully

2018-11-15 09:57:23 - [MESSAGE][PASSED] - Send request successfully

2018-11-15 09:57:23 - [MESSAGE][PASSED] - Send request successfully

2018-11-15 09:57:23 - [MESSAGE][PASSED] - Send request successfully

2018-11-15 09:57:23 - [MESSAGE][PASSED] - Send request successfully

2018-11-15 09:57:23 - [MESSAGE][PASSED] - Send request successfully

2018-11-15 09:57:23 - [MESSAGE][PASSED] - Send request successfully

2018-11-15 09:57:23 - [MESSAGE][PASSED] - Send request successfully

2018-11-15 09:57:23 - [MESSAGE][PASSED] - Send request successfully

2018-11-15 09:57:23 - [MESSAGE][PASSED] - Text of object 'Object Repository/F11762-View Customer/QA-US83146/US84104-View Customer/View Customer/CustomerPageObject/h1_Manage Customers' is: 'Customer Management'

2018-11-15 09:57:23 - [MESSAGE][PASSED] - Actual object 'Customer Management' and expected object 'Customer Management' are equal

2018-11-15 09:57:23 - [MESSAGE][PASSED] - com.ge.tms.customer.CustomerVerification.verifyCustomerPageHeader is PASSED

2018-11-15 09:57:23 - [TEST_STEP][PASSED] - Statement - customerToSearch = com.kms.katalon.core.webui.keyword.WebUiBuiltInKeywords.getText(com.kms.katalon.core.testobject.ObjectRepository.findTestObject(Object Repository/F11762-View Customer/QA-US84851/US83148-SearchCustomer/SearchCustomer/SearchSortCustomerPageObjects/firstCustomerInList)).split("-"): Text of object 'Object Repository/F11762-View Customer/QA-US84851/US83148-SearchCustomer/SearchCustomer/SearchSortCustomerPageObjects/firstCustomerInList' is: 'ADM-DEC'

2018-11-15 09:57:23 - [MESSAGE][PASSED] - Text of object 'Object Repository/F11762-View Customer/QA-US84851/US83148-SearchCustomer/SearchCustomer/SearchSortCustomerPageObjects/firstCustomerInList' is: 'ADM-DEC'

2018-11-15 09:57:23 - [TEST_STEP][PASSED] - Statement - customerId = customerToSearch[0]: null

2018-11-15 09:57:23 - [TEST_STEP][PASSED] - Statement - addressKey = customerToSearch[1]: null

2018-11-15 09:57:23 - [TEST_STEP][PASSED] - setText: Text 'ADM' is set on object 'Object Repository/F11762-View Customer/QA-US84851/US83148-SearchCustomer/SearchCustomer/SearchSortCustomerPageObjects/searchBox'

2018-11-15 09:57:24 - [MESSAGE][PASSED] - Text 'ADM' is set on object 'Object Repository/F11762-View Customer/QA-US84851/US83148-SearchCustomer/SearchCustomer/SearchSortCustomerPageObjects/searchBox'

2018-11-15 09:57:24 - [TEST_STEP][PASSED] - com.ge.tms.customer.CustomerVerification.verifyCustomerSearchWithCustomerId: com.ge.tms.customer.CustomerVerification.verifyCustomerSearchWithCustomerId is PASSED

2018-11-15 09:57:24 - [MESSAGE][PASSED] - Send request successfully

2018-11-15 09:57:24 - [MESSAGE][PASSED] - Send request successfully

2018-11-15 09:57:24 - [MESSAGE][PASSED] - Send request successfully

2018-11-15 09:57:24 - [MESSAGE][PASSED] - Send request successfully

2018-11-15 09:57:24 - [MESSAGE][PASSED] - Send request successfully

2018-11-15 09:57:24 - [MESSAGE][PASSED] - Send request successfully

2018-11-15 09:57:24 - [MESSAGE][PASSED] - Send request successfully

2018-11-15 09:57:24 - [MESSAGE][PASSED] - Send request successfully

2018-11-15 09:57:24 - [MESSAGE][PASSED] - Send request successfully

2018-11-15 09:57:24 - [MESSAGE][PASSED] - Actual object 'true' and expected object 'true' are equal

2018-11-15 09:57:24 - [MESSAGE][PASSED] - com.ge.tms.customer.CustomerVerification.verifyCustomerSearchWithCustomerId is PASSED

2018-11-15 09:57:24 - [TEST_STEP][PASSED] - clearText: Text of object 'Object Repository/F11762-View Customer/QA-US84851/US83148-SearchCustomer/SearchCustomer/SearchSortCustomerPageObjects/searchBox' is cleared

2018-11-15 09:57:24 - [MESSAGE][PASSED] - Text of object 'Object Repository/F11762-View Customer/QA-US84851/US83148-SearchCustomer/SearchCustomer/SearchSortCustomerPageObjects/searchBox' is cleared

2018-11-15 09:57:24 - [TEST_STEP][PASSED] - setText: Text 'DEC' is set on object 'Object Repository/F11762-View Customer/QA-US84851/US83148-SearchCustomer/SearchCustomer/SearchSortCustomerPageObjects/searchBox'

2018-11-15 09:57:24 - [MESSAGE][PASSED] - Text 'DEC' is set on object 'Object Repository/F11762-View Customer/QA-US84851/US83148-SearchCustomer/SearchCustomer/SearchSortCustomerPageObjects/searchBox'

2018-11-15 09:57:24 - [TEST_STEP][PASSED] - com.ge.tms.customer.CustomerVerification.verifyCustomerSearchWithAddressType: com.ge.tms.customer.CustomerVerification.verifyCustomerSearchWithAddressType is PASSED

2018-11-15 09:57:24 - [MESSAGE][PASSED] - Send request successfully

2018-11-15 09:57:24 - [MESSAGE][PASSED] - Send request successfully

2018-11-15 09:57:24 - [MESSAGE][PASSED] - Send request successfully

2018-11-15 09:57:24 - [MESSAGE][PASSED] - Send request successfully

2018-11-15 09:57:24 - [MESSAGE][PASSED] - Send request successfully

2018-11-15 09:57:24 - [MESSAGE][PASSED] - Send request successfully

2018-11-15 09:57:24 - [MESSAGE][PASSED] - Send request successfully

2018-11-15 09:57:24 - [MESSAGE][PASSED] - Send request successfully

2018-11-15 09:57:24 - [MESSAGE][PASSED] - Send request successfully

2018-11-15 09:57:24 - [MESSAGE][PASSED] - Actual object 'DEC' and expected object 'DEC' are equal

2018-11-15 09:57:24 - [MESSAGE][PASSED] - com.ge.tms.customer.CustomerVerification.verifyCustomerSearchWithAddressType is PASSED

2018-11-15 09:57:24 - [TEST_STEP][PASSED] - clearText: Text of object 'Object Repository/F11762-View Customer/QA-US84851/US83148-SearchCustomer/SearchCustomer/SearchSortCustomerPageObjects/searchBox' is cleared

2018-11-15 09:57:24 - [MESSAGE][PASSED] - Text of object 'Object Repository/F11762-View Customer/QA-US84851/US83148-SearchCustomer/SearchCustomer/SearchSortCustomerPageObjects/searchBox' is cleared

2018-11-15 09:57:24 - [TEST_STEP][PASSED] - Statement - partialText = customerId.substring(0, 3): null

2018-11-15 09:57:24 - [TEST_STEP][PASSED] - setText: Text 'ADM' is set on object 'Object Repository/F11762-View Customer/QA-US84851/US83148-SearchCustomer/SearchCustomer/SearchSortCustomerPageObjects/searchBox'

2018-11-15 09:57:24 - [MESSAGE][PASSED] - Text 'ADM' is set on object 'Object Repository/F11762-View Customer/QA-US84851/US83148-SearchCustomer/SearchCustomer/SearchSortCustomerPageObjects/searchBox'

2018-11-15 09:57:24 - [TEST_STEP][PASSED] - com.ge.tms.customer.CustomerVerification.verifyCustomerSearchWithPartialCustomerId: com.ge.tms.customer.CustomerVerification.verifyCustomerSearchWithPartialCustomerId is PASSED

2018-11-15 09:57:24 - [MESSAGE][PASSED] - Send request successfully

2018-11-15 09:57:24 - [MESSAGE][PASSED] - Send request successfully

2018-11-15 09:57:24 - [MESSAGE][PASSED] - Send request successfully

2018-11-15 09:57:24 - [MESSAGE][PASSED] - Send request successfully

2018-11-15 09:57:24 - [MESSAGE][PASSED] - Send request successfully

2018-11-15 09:57:24 - [MESSAGE][PASSED] - Send request successfully

2018-11-15 09:57:24 - [MESSAGE][PASSED] - Send request successfully

2018-11-15 09:57:24 - [MESSAGE][PASSED] - Send request successfully

2018-11-15 09:57:25 - [MESSAGE][PASSED] - Send request successfully

2018-11-15 09:57:25 - [MESSAGE][PASSED] - Actual object 'true' and expected object 'true' are equal

2018-11-15 09:57:25 - [MESSAGE][PASSED] - com.ge.tms.customer.CustomerVerification.verifyCustomerSearchWithPartialCustomerId is PASSED

2018-11-15 09:57:25 - [TEST_STEP][PASSED] - clearText: Text of object 'Object Repository/F11762-View Customer/QA-US84851/US83148-SearchCustomer/SearchCustomer/SearchSortCustomerPageObjects/searchBox' is cleared

2018-11-15 09:57:25 - [MESSAGE][PASSED] - Text of object 'Object Repository/F11762-View Customer/QA-US84851/US83148-SearchCustomer/SearchCustomer/SearchSortCustomerPageObjects/searchBox' is cleared

2018-11-15 09:57:25 - [TEST_STEP][PASSED] - Statement - lengthid = customerId.length() - 1: null

2018-11-15 09:57:25 - [TEST_STEP][PASSED] - Statement - partialTextSecond = customerId.substring(3, customerId.length() - 1): null

2018-11-15 09:57:25 - [TEST_STEP][PASSED] - Start listener action : closeBrowserForTestCasse: Navigate to 'http://localhost:8080/home' successfully

2018-11-15 09:57:25 - [TEST_STEP][PASSED] - Statement - If (isTestSuitEnable == true): null

2018-11-15 09:57:25 - [TEST_STEP][PASSED] - Statement - beforeTestCaseExecute(): null

2018-11-15 09:57:25 - [TEST_STEP][PASSED] - Statement - If (isTestSuitEnable == true): Navigate to 'http://localhost:8080/home' successfully

2018-11-15 09:57:25 - [TEST_STEP][PASSED] - navigateToUrl: Navigate to 'http://localhost:8080/home' successfully

2018-11-15 09:57:25 - [MESSAGE][PASSED] - Navigate to 'http://localhost:8080/home' successfully

2018-11-15 09:57:25 - [TEST_STEP][PASSED] - Start listener action : afterTestCase: Invoke 'com.kms.katalon.core.annotation.AfterTestCase' method: 'TmsTestListner.afterTestCase(...)' completed.

2018-11-15 09:57:25 - [TEST_STEP][PASSED] - Statement - If (java.lang.System.getProperties().containsKey("updateRally")): Invoke 'com.kms.katalon.core.annotation.AfterTestCase' method: 'TmsTestListner.afterTestCase(...)' completed.]]></system-out>
         <system-err><![CDATA[2018-11-15 09:57:21 - [TEST_CASE][ERROR] - Test Cases/Customer/F11762-View Customer/QA-US84851/US83148-SearchCustomer/TC60100-Search-Customer: Test Cases/Customer/F11762-View Customer/QA-US84851/US83148-SearchCustomer/TC60100-Search-Customer FAILED because (of) java.lang.StringIndexOutOfBoundsException: String index out of range: -1]]></system-err>
      </testcase>
      <testcase name="Test Cases/Customer/F11762-View Customer/QA-US83146/US84104-View Customer/TC59502-Verify Customer Page" classname="Test Cases/Customer/F11762-View Customer/QA-US83146/US84104-View Customer/TC59502-Verify Customer Page" status="FAILED">
         <failure type="FAILED" message="Unable to verify equal between actual object 'hghg -  Updated Updated Updated Updated Updated Updated Updated Updated' and expected object 'hghg - Updated Updated Updated Updated Updated Updated Updated Updated' (Root cause: Actual object 'hghg -  Updated Updated Updated Updated Updated Updated Updated Updated' and expected object 'hghg - Updated Updated Updated Updated Updated Updated Updated Updated' are not equal)"/>
         <system-out><![CDATA[2018-11-15 09:57:25 - [TEST_CASE][FAILED] - Test Cases/Customer/F11762-View Customer/QA-US83146/US84104-View Customer/TC59502-Verify Customer Page: Test Cases/Customer/F11762-View Customer/QA-US83146/US84104-View Customer/TC59502-Verify Customer Page FAILED because (of) Unable to verify equal between actual object 'hghg -  Updated Updated Updated Updated Updated Updated Updated Updated' and expected object 'hghg - Updated Updated Updated Updated Updated Updated Updated Updated' (Root cause: Actual object 'hghg -  Updated Updated Updated Updated Updated Updated Updated Updated' and expected object 'hghg - Updated Updated Updated Updated Updated Updated Updated Updated' are not equal)

2018-11-15 09:57:25 - [TEST_STEP][PASSED] - Start listener action : beforeTestCaseExecute: Navigate to 'http://localhost:8080/home' successfully

2018-11-15 09:57:25 - [TEST_STEP][PASSED] - Statement - If (isTestSuitEnable == true): Navigate to 'http://localhost:8080/home' successfully

2018-11-15 09:57:25 - [TEST_STEP][PASSED] - navigateToUrl: Navigate to 'http://localhost:8080/home' successfully

2018-11-15 09:57:26 - [MESSAGE][PASSED] - Navigate to 'http://localhost:8080/home' successfully

2018-11-15 09:57:26 - [TEST_STEP][PASSED] - com.ge.tms.commonactions.CommonClickEvents.clickOnManageCustomers: com.ge.tms.commonactions.CommonClickEvents.clickOnManageCustomers is PASSED

2018-11-15 09:57:26 - [MESSAGE][PASSED] - Execute JavaScript 'document.querySelector('px-app-nav').shadowRoot.querySelector('#items > px-app-nav-group:nth-child(13) > px-app-nav-subitem:nth-child(2)').click()' successfully

2018-11-15 09:57:27 - [MESSAGE][PASSED] - Delayed 1 second(s)

2018-11-15 09:57:27 - [MESSAGE][PASSED] - com.ge.tms.commonactions.CommonClickEvents.clickOnManageCustomers is PASSED

2018-11-15 09:57:27 - [TEST_STEP][PASSED] - com.ge.tms.customer.CustomerVerification.verifyCustomerPageHeader: com.ge.tms.customer.CustomerVerification.verifyCustomerPageHeader is PASSED

2018-11-15 09:57:27 - [MESSAGE][PASSED] - Send request successfully

2018-11-15 09:57:27 - [MESSAGE][PASSED] - Send request successfully

2018-11-15 09:57:27 - [MESSAGE][PASSED] - Send request successfully

2018-11-15 09:57:27 - [MESSAGE][PASSED] - Send request successfully

2018-11-15 09:57:28 - [MESSAGE][PASSED] - Send request successfully

2018-11-15 09:57:28 - [MESSAGE][PASSED] - Send request successfully

2018-11-15 09:57:28 - [MESSAGE][PASSED] - Send request successfully

2018-11-15 09:57:28 - [MESSAGE][PASSED] - Send request successfully

2018-11-15 09:57:28 - [MESSAGE][PASSED] - Send request successfully

2018-11-15 09:57:28 - [MESSAGE][PASSED] - Text of object 'Object Repository/F11762-View Customer/QA-US83146/US84104-View Customer/View Customer/CustomerPageObject/h1_Manage Customers' is: 'Customer Management'

2018-11-15 09:57:28 - [MESSAGE][PASSED] - Actual object 'Customer Management' and expected object 'Customer Management' are equal

2018-11-15 09:57:28 - [MESSAGE][PASSED] - com.ge.tms.customer.CustomerVerification.verifyCustomerPageHeader is PASSED

2018-11-15 09:57:28 - [TEST_STEP][PASSED] - Statement - customersData = com.kms.katalon.core.webservice.keyword.WSBuiltInKeywords.sendRequest(com.kms.katalon.core.testobject.ObjectRepository.findTestObject(customerServices/GET-AllCustomersData)): Send request successfully

2018-11-15 09:57:28 - [MESSAGE][PASSED] - Send request successfully

2018-11-15 09:57:28 - [TEST_STEP][PASSED] - com.ge.tms.customer.CustomerVerification.verifyCustomerSize: com.ge.tms.customer.CustomerVerification.verifyCustomerSize is PASSED

2018-11-15 09:57:28 - [MESSAGE][PASSED] - Send request successfully

2018-11-15 09:57:28 - [MESSAGE][PASSED] - Send request successfully

2018-11-15 09:57:28 - [MESSAGE][PASSED] - Send request successfully

2018-11-15 09:57:28 - [MESSAGE][PASSED] - Send request successfully

2018-11-15 09:57:28 - [MESSAGE][PASSED] - Send request successfully

2018-11-15 09:57:28 - [MESSAGE][PASSED] - Send request successfully

2018-11-15 09:57:28 - [MESSAGE][PASSED] - Send request successfully

2018-11-15 09:57:28 - [MESSAGE][PASSED] - Send request successfully

2018-11-15 09:57:28 - [MESSAGE][PASSED] - Send request successfully

2018-11-15 09:57:28 - [MESSAGE][PASSED] - Actual object '17' and expected object '17' are equal

2018-11-15 09:57:28 - [MESSAGE][PASSED] - com.ge.tms.customer.CustomerVerification.verifyCustomerSize is PASSED

2018-11-15 09:57:28 - [TEST_STEP][PASSED] - com.ge.tms.util.CommonUtilities.verifyDefualtSelectedBackground: com.ge.tms.util.CommonUtilities.verifyDefualtSelectedBackground is PASSED

2018-11-15 09:57:28 - [MESSAGE][PASSED] - Send request successfully

2018-11-15 09:57:28 - [MESSAGE][PASSED] - Send request successfully

2018-11-15 09:57:28 - [MESSAGE][PASSED] - Send request successfully

2018-11-15 09:57:28 - [MESSAGE][PASSED] - Send request successfully

2018-11-15 09:57:28 - [MESSAGE][PASSED] - Get CSS 'background-color' value on 'Object Repository/F11762-View Customer/QA-US83146/US84104-View Customer/View Customer/CustomerPageObject/ToCheckBgColor' successfully: 'rgba(9, 129, 156, 1)'.

2018-11-15 09:57:28 - [MESSAGE][PASSED] - Actual object 'rgba(9, 129, 156, 1)' and expected object 'rgba(9, 129, 156, 1)' are equal

2018-11-15 09:57:28 - [MESSAGE][PASSED] - com.ge.tms.util.CommonUtilities.verifyDefualtSelectedBackground is PASSED

2018-11-15 09:57:28 - [TEST_STEP][PASSED] - Statement - partronId = com.kms.katalon.core.webui.keyword.WebUiBuiltInKeywords.getText(com.kms.katalon.core.testobject.ObjectRepository.findTestObject(F11762-View Customer/QA-US83146/US84104-View Customer/View Customer/CustomerPageObject/button_Customer 4ABC)): Text of object 'Object Repository/F11762-View Customer/QA-US83146/US84104-View Customer/View Customer/CustomerPageObject/button_Customer 4ABC' is: 'ADM-DEC'

2018-11-15 09:57:28 - [MESSAGE][PASSED] - Text of object 'Object Repository/F11762-View Customer/QA-US83146/US84104-View Customer/View Customer/CustomerPageObject/button_Customer 4ABC' is: 'ADM-DEC'

2018-11-15 09:57:28 - [TEST_STEP][PASSED] - Statement - selectedCustomerData = com.kms.katalon.core.webservice.keyword.WSBuiltInKeywords.sendRequest(com.kms.katalon.core.testobject.ObjectRepository.findTestObject(customerServices/GET-SelectedCustomer, [custId:partronId.split(-)[0]])): Send request successfully

2018-11-15 09:57:28 - [MESSAGE][PASSED] - Send request successfully

2018-11-15 09:57:28 - [TEST_STEP][PASSED] - com.ge.tms.customer.CustomerVerification.verifyCustomerRightPageHeader: com.ge.tms.customer.CustomerVerification.verifyCustomerRightPageHeader is PASSED

2018-11-15 09:57:28 - [MESSAGE][PASSED] - Send request successfully

2018-11-15 09:57:28 - [MESSAGE][PASSED] - Send request successfully

2018-11-15 09:57:28 - [MESSAGE][PASSED] - Send request successfully

2018-11-15 09:57:28 - [MESSAGE][PASSED] - Send request successfully

2018-11-15 09:57:28 - [MESSAGE][PASSED] - Send request successfully

2018-11-15 09:57:28 - [MESSAGE][PASSED] - Send request successfully

2018-11-15 09:57:28 - [MESSAGE][PASSED] - Send request successfully

2018-11-15 09:57:28 - [MESSAGE][PASSED] - Send request successfully

2018-11-15 09:57:28 - [MESSAGE][PASSED] - Send request successfully

2018-11-15 09:57:28 - [MESSAGE][PASSED] - Text of object 'Object Repository/F11762-View Customer/QA-US83146/US84104-View Customer/View Customer/CustomerPageObject/div_Customer1' is: 'ADM GRAIN
ADM-DEC
11/14/2018 11:31 PM'

2018-11-15 09:57:28 - [MESSAGE][PASSED] - Actual object 'ADM GRAIN' and expected object 'ADM GRAIN' are equal

2018-11-15 09:57:28 - [MESSAGE][PASSED] - com.ge.tms.customer.CustomerVerification.verifyCustomerRightPageHeader is PASSED

2018-11-15 09:57:28 - [TEST_STEP][FAILED] - com.ge.tms.customer.CustomerVerification.verifyCustomerDetailsInRightPane: Unable to verify equal between actual object 'hghg -  Updated Updated Updated Updated Updated Updated Updated Updated' and expected object 'hghg - Updated Updated Updated Updated Updated Updated Updated Updated' (Root cause: Actual object 'hghg -  Updated Updated Updated Updated Updated Updated Updated Updated' and expected object 'hghg - Updated Updated Updated Updated Updated Updated Updated Updated' are not equal)

2018-11-15 09:57:28 - [MESSAGE][PASSED] - Send request successfully

2018-11-15 09:57:28 - [MESSAGE][PASSED] - Send request successfully

2018-11-15 09:57:28 - [MESSAGE][PASSED] - Send request successfully

2018-11-15 09:57:28 - [MESSAGE][PASSED] - Send request successfully

2018-11-15 09:57:28 - [MESSAGE][PASSED] - Send request successfully

2018-11-15 09:57:28 - [MESSAGE][PASSED] - Send request successfully

2018-11-15 09:57:28 - [MESSAGE][PASSED] - Send request successfully

2018-11-15 09:57:28 - [MESSAGE][PASSED] - Send request successfully

2018-11-15 09:57:28 - [MESSAGE][PASSED] - Send request successfully

2018-11-15 09:57:28 - [MESSAGE][PASSED] - Text of object 'Object Repository/F11762-View Customer/QA-US83146/US84104-View Customer/View Customer/CustomerPageObject/rightPane/type' is: 'Billing'

2018-11-15 09:57:28 - [MESSAGE][PASSED] - Text of object 'Object Repository/F11762-View Customer/QA-US83146/US84104-View Customer/View Customer/CustomerPageObject/rightPane/altCode' is: 'UpUpUpUpUpUp'

2018-11-15 09:57:28 - [MESSAGE][PASSED] - Text of object 'Object Repository/F11762-View Customer/QA-US83146/US84104-View Customer/View Customer/CustomerPageObject/rightPane/shortName' is: 'ADM'

2018-11-15 09:57:29 - [MESSAGE][PASSED] - Text of object 'Object Repository/F11762-View Customer/QA-US83146/US84104-View Customer/View Customer/CustomerPageObject/rightPane/parent' is: '--'

2018-11-15 09:57:29 - [MESSAGE][PASSED] - Text of object 'Object Repository/F11762-View Customer/QA-US83146/US84104-View Customer/View Customer/CustomerPageObject/rightPane/address' is: 'hghg - Updated Updated Updated Updated Updated Updated Updated Updated'

2018-11-15 09:57:29 - [MESSAGE][PASSED] - Text of object 'Object Repository/F11762-View Customer/QA-US83146/US84104-View Customer/View Customer/CustomerPageObject/rightPane/city' is: 'DECATUR'

2018-11-15 09:57:29 - [MESSAGE][PASSED] - Text of object 'Object Repository/F11762-View Customer/QA-US83146/US84104-View Customer/View Customer/CustomerPageObject/rightPane/state' is: 'IL'

2018-11-15 09:57:29 - [MESSAGE][PASSED] - Text of object 'Object Repository/F11762-View Customer/QA-US83146/US84104-View Customer/View Customer/CustomerPageObject/rightPane/country' is: 'USA'

2018-11-15 09:57:29 - [MESSAGE][PASSED] - Text of object 'Object Repository/F11762-View Customer/QA-US83146/US84104-View Customer/View Customer/CustomerPageObject/rightPane/zip' is: '--'

2018-11-15 09:57:29 - [MESSAGE][PASSED] - Text of object 'Object Repository/F11762-View Customer/QA-US83146/US84104-View Customer/View Customer/CustomerPageObject/rightPane/attention' is: 'Updated Updated Updated Updated Updated Updated Updated Updated'

2018-11-15 09:57:29 - [MESSAGE][PASSED] - Text of object 'Object Repository/F11762-View Customer/QA-US83146/US84104-View Customer/View Customer/CustomerPageObject/rightPane/phone' is: '--'

2018-11-15 09:57:29 - [MESSAGE][PASSED] - Text of object 'Object Repository/F11762-View Customer/QA-US83146/US84104-View Customer/View Customer/CustomerPageObject/rightPane/fax' is: '--'

2018-11-15 09:57:29 - [MESSAGE][PASSED] - Text of object 'Object Repository/F11762-View Customer/QA-US83146/US84104-View Customer/View Customer/CustomerPageObject/rightPane/stationZone' is: 'ROME - IND'

2018-11-15 09:57:29 - [MESSAGE][PASSED] - Text of object 'Object Repository/F11762-View Customer/QA-US83146/US84104-View Customer/View Customer/CustomerPageObject/rightPane/milepost' is: '--'

2018-11-15 09:57:29 - [MESSAGE][PASSED] - Text of object 'Object Repository/F11762-View Customer/QA-US83146/US84104-View Customer/View Customer/CustomerPageObject/rightPane/servingStation' is: 'ROME'

2018-11-15 09:57:29 - [MESSAGE][PASSED] - Text of object 'Object Repository/F11762-View Customer/QA-US83146/US84104-View Customer/View Customer/CustomerPageObject/rightPane/defaultStationTrack' is: 'C'

2018-11-15 09:57:29 - [MESSAGE][PASSED] - Actual object 'Billing' and expected object 'Billing' are equal

2018-11-15 09:57:29 - [MESSAGE][PASSED] - Actual object 'UpUpUpUpUpUp' and expected object 'UpUpUpUpUpUp' are equal

2018-11-15 09:57:29 - [MESSAGE][PASSED] - Actual object 'ADM' and expected object 'ADM' are equal

2018-11-15 09:57:29 - [MESSAGE][PASSED] - Actual object '--' and expected object '--' are equal

2018-11-15 09:57:29 - [MESSAGE][FAILED] - Unable to verify equal between actual object 'hghg -  Updated Updated Updated Updated Updated Updated Updated Updated' and expected object 'hghg - Updated Updated Updated Updated Updated Updated Updated Updated' (Root cause: Actual object 'hghg -  Updated Updated Updated Updated Updated Updated Updated Updated' and expected object 'hghg - Updated Updated Updated Updated Updated Updated Updated Updated' are not equal)

2018-11-15 09:57:29 - [MESSAGE][FAILED] - Unable to verify equal between actual object 'hghg -  Updated Updated Updated Updated Updated Updated Updated Updated' and expected object 'hghg - Updated Updated Updated Updated Updated Updated Updated Updated' (Root cause: Actual object 'hghg -  Updated Updated Updated Updated Updated Updated Updated Updated' and expected object 'hghg - Updated Updated Updated Updated Updated Updated Updated Updated' are not equal)

2018-11-15 09:57:29 - [TEST_STEP][PASSED] - Start listener action : closeBrowserForTestCasse: Navigate to 'http://localhost:8080/home' successfully

2018-11-15 09:57:29 - [TEST_STEP][PASSED] - Statement - If (isTestSuitEnable == true): null

2018-11-15 09:57:29 - [TEST_STEP][PASSED] - Statement - beforeTestCaseExecute(): null

2018-11-15 09:57:29 - [TEST_STEP][PASSED] - Statement - If (isTestSuitEnable == true): Navigate to 'http://localhost:8080/home' successfully

2018-11-15 09:57:29 - [TEST_STEP][PASSED] - navigateToUrl: Navigate to 'http://localhost:8080/home' successfully

2018-11-15 09:57:30 - [MESSAGE][PASSED] - Navigate to 'http://localhost:8080/home' successfully

2018-11-15 09:57:30 - [TEST_STEP][PASSED] - Start listener action : afterTestCase: Invoke 'com.kms.katalon.core.annotation.AfterTestCase' method: 'TmsTestListner.afterTestCase(...)' completed.

2018-11-15 09:57:30 - [TEST_STEP][PASSED] - Statement - If (java.lang.System.getProperties().containsKey("updateRally")): Invoke 'com.kms.katalon.core.annotation.AfterTestCase' method: 'TmsTestListner.afterTestCase(...)' completed.]]></system-out>
         <system-err><![CDATA[2018-11-15 09:57:25 - [TEST_CASE][FAILED] - Test Cases/Customer/F11762-View Customer/QA-US83146/US84104-View Customer/TC59502-Verify Customer Page: Test Cases/Customer/F11762-View Customer/QA-US83146/US84104-View Customer/TC59502-Verify Customer Page FAILED because (of) Unable to verify equal between actual object 'hghg -  Updated Updated Updated Updated Updated Updated Updated Updated' and expected object 'hghg - Updated Updated Updated Updated Updated Updated Updated Updated' (Root cause: Actual object 'hghg -  Updated Updated Updated Updated Updated Updated Updated Updated' and expected object 'hghg - Updated Updated Updated Updated Updated Updated Updated Updated' are not equal)]]></system-err>
      </testcase>
      <testcase name="Test Cases/Customer/F11762-View Customer/QA-US84851/US83148-SearchCustomer/TC60342-Verify Filters" classname="Test Cases/Customer/F11762-View Customer/QA-US84851/US83148-SearchCustomer/TC60342-Verify Filters" status="PASSED">
         <system-out><![CDATA[2018-11-15 09:57:30 - [TEST_CASE][PASSED] - Test Cases/Customer/F11762-View Customer/QA-US84851/US83148-SearchCustomer/TC60342-Verify Filters: Test Cases/Customer/F11762-View Customer/QA-US84851/US83148-SearchCustomer/TC60342-Verify Filters

2018-11-15 09:57:30 - [TEST_STEP][PASSED] - Start listener action : beforeTestCaseExecute: Navigate to 'http://localhost:8080/home' successfully

2018-11-15 09:57:30 - [TEST_STEP][PASSED] - Statement - If (isTestSuitEnable == true): Navigate to 'http://localhost:8080/home' successfully

2018-11-15 09:57:30 - [TEST_STEP][PASSED] - navigateToUrl: Navigate to 'http://localhost:8080/home' successfully

2018-11-15 09:57:31 - [MESSAGE][PASSED] - Navigate to 'http://localhost:8080/home' successfully

2018-11-15 09:57:31 - [TEST_STEP][PASSED] - com.ge.tms.commonactions.CommonClickEvents.clickOnManageCustomers: com.ge.tms.commonactions.CommonClickEvents.clickOnManageCustomers is PASSED

2018-11-15 09:57:31 - [MESSAGE][PASSED] - Execute JavaScript 'document.querySelector('px-app-nav').shadowRoot.querySelector('#items > px-app-nav-group:nth-child(13) > px-app-nav-subitem:nth-child(2)').click()' successfully

2018-11-15 09:57:32 - [MESSAGE][PASSED] - Delayed 1 second(s)

2018-11-15 09:57:32 - [MESSAGE][PASSED] - com.ge.tms.commonactions.CommonClickEvents.clickOnManageCustomers is PASSED

2018-11-15 09:57:32 - [TEST_STEP][PASSED] - com.ge.tms.customer.CustomerVerification.verifyCustomerPageHeader: com.ge.tms.customer.CustomerVerification.verifyCustomerPageHeader is PASSED

2018-11-15 09:57:32 - [MESSAGE][PASSED] - Send request successfully

2018-11-15 09:57:32 - [MESSAGE][PASSED] - Send request successfully

2018-11-15 09:57:32 - [MESSAGE][PASSED] - Send request successfully

2018-11-15 09:57:32 - [MESSAGE][PASSED] - Send request successfully

2018-11-15 09:57:32 - [MESSAGE][PASSED] - Send request successfully

2018-11-15 09:57:32 - [MESSAGE][PASSED] - Send request successfully

2018-11-15 09:57:32 - [MESSAGE][PASSED] - Send request successfully

2018-11-15 09:57:32 - [MESSAGE][PASSED] - Send request successfully

2018-11-15 09:57:32 - [MESSAGE][PASSED] - Send request successfully

2018-11-15 09:57:32 - [MESSAGE][PASSED] - Text of object 'Object Repository/F11762-View Customer/QA-US83146/US84104-View Customer/View Customer/CustomerPageObject/h1_Manage Customers' is: 'Customer Management'

2018-11-15 09:57:32 - [MESSAGE][PASSED] - Actual object 'Customer Management' and expected object 'Customer Management' are equal

2018-11-15 09:57:32 - [MESSAGE][PASSED] - com.ge.tms.customer.CustomerVerification.verifyCustomerPageHeader is PASSED

2018-11-15 09:57:32 - [TEST_STEP][PASSED] - click: Object: 'Object Repository/F11762-View Customer/QA-US83146/US84104-View Customer/View Customer/CustomerPageObject/filters/filterIcon' is clicked on

2018-11-15 09:57:32 - [MESSAGE][PASSED] - Object: 'Object Repository/F11762-View Customer/QA-US83146/US84104-View Customer/View Customer/CustomerPageObject/filters/filterIcon' is clicked on

2018-11-15 09:57:32 - [TEST_STEP][PASSED] - click: Object: 'Object Repository/F11762-View Customer/QA-US83146/US84104-View Customer/View Customer/CustomerPageObject/filters/billingCheckBox' is clicked on

2018-11-15 09:57:32 - [MESSAGE][PASSED] - Object: 'Object Repository/F11762-View Customer/QA-US83146/US84104-View Customer/View Customer/CustomerPageObject/filters/billingCheckBox' is clicked on

2018-11-15 09:57:32 - [TEST_STEP][PASSED] - click: Object: 'Object Repository/F11762-View Customer/QA-US83146/US84104-View Customer/View Customer/CustomerPageObject/filters/applyFilter' is clicked on

2018-11-15 09:57:32 - [MESSAGE][PASSED] - Object: 'Object Repository/F11762-View Customer/QA-US83146/US84104-View Customer/View Customer/CustomerPageObject/filters/applyFilter' is clicked on

2018-11-15 09:57:32 - [TEST_STEP][PASSED] - com.ge.tms.customer.CustomerVerification.verifyCustomerFilter: com.ge.tms.customer.CustomerVerification.verifyCustomerFilter is PASSED

2018-11-15 09:57:32 - [MESSAGE][PASSED] - Send request successfully

2018-11-15 09:57:32 - [MESSAGE][PASSED] - Send request successfully

2018-11-15 09:57:32 - [MESSAGE][PASSED] - Send request successfully

2018-11-15 09:57:32 - [MESSAGE][PASSED] - Send request successfully

2018-11-15 09:57:32 - [MESSAGE][PASSED] - Send request successfully

2018-11-15 09:57:32 - [MESSAGE][PASSED] - Send request successfully

2018-11-15 09:57:32 - [MESSAGE][PASSED] - Send request successfully

2018-11-15 09:57:32 - [MESSAGE][PASSED] - Send request successfully

2018-11-15 09:57:32 - [MESSAGE][PASSED] - Send request successfully

2018-11-15 09:57:34 - [MESSAGE][PASSED] - Delayed 2 second(s)

2018-11-15 09:57:34 - [MESSAGE][PASSED] - Object: 'Object Repository/F11762-View Customer/QA-US83146/US84104-View Customer/View Customer/CustomerPageObject/div_Customer1' is clicked on

2018-11-15 09:57:34 - [MESSAGE][PASSED] - Text of object 'Object Repository/F11762-View Customer/QA-US83146/US84104-View Customer/View Customer/CustomerPageObject/CustTypeValue' is: 'Billing'

2018-11-15 09:57:34 - [MESSAGE][PASSED] - Actual object 'Billing' and expected object 'Billing' are equal

2018-11-15 09:57:34 - [MESSAGE][PASSED] - com.ge.tms.customer.CustomerVerification.verifyCustomerFilter is PASSED

2018-11-15 09:57:34 - [TEST_STEP][PASSED] - click: Object: 'Object Repository/F11762-View Customer/QA-US83146/US84104-View Customer/View Customer/CustomerPageObject/filters/filterIcon' is clicked on

2018-11-15 09:57:34 - [MESSAGE][PASSED] - Object: 'Object Repository/F11762-View Customer/QA-US83146/US84104-View Customer/View Customer/CustomerPageObject/filters/filterIcon' is clicked on

2018-11-15 09:57:34 - [TEST_STEP][PASSED] - click: Object: 'Object Repository/F11762-View Customer/QA-US83146/US84104-View Customer/View Customer/CustomerPageObject/filters/billingCheckBox' is clicked on

2018-11-15 09:57:34 - [MESSAGE][PASSED] - Object: 'Object Repository/F11762-View Customer/QA-US83146/US84104-View Customer/View Customer/CustomerPageObject/filters/billingCheckBox' is clicked on

2018-11-15 09:57:34 - [TEST_STEP][PASSED] - click: Object: 'Object Repository/F11762-View Customer/QA-US83146/US84104-View Customer/View Customer/CustomerPageObject/filters/inactive' is clicked on

2018-11-15 09:57:35 - [MESSAGE][PASSED] - Object: 'Object Repository/F11762-View Customer/QA-US83146/US84104-View Customer/View Customer/CustomerPageObject/filters/inactive' is clicked on

2018-11-15 09:57:35 - [TEST_STEP][PASSED] - click: Object: 'Object Repository/F11762-View Customer/QA-US83146/US84104-View Customer/View Customer/CustomerPageObject/filters/applyFilter' is clicked on

2018-11-15 09:57:35 - [MESSAGE][PASSED] - Object: 'Object Repository/F11762-View Customer/QA-US83146/US84104-View Customer/View Customer/CustomerPageObject/filters/applyFilter' is clicked on

2018-11-15 09:57:35 - [TEST_STEP][PASSED] - com.ge.tms.customer.CustomerVerification.verifyCustomerFilter: com.ge.tms.customer.CustomerVerification.verifyCustomerFilter is PASSED

2018-11-15 09:57:35 - [MESSAGE][PASSED] - Send request successfully

2018-11-15 09:57:35 - [MESSAGE][PASSED] - Send request successfully

2018-11-15 09:57:35 - [MESSAGE][PASSED] - Send request successfully

2018-11-15 09:57:35 - [MESSAGE][PASSED] - Send request successfully

2018-11-15 09:57:35 - [MESSAGE][PASSED] - Send request successfully

2018-11-15 09:57:35 - [MESSAGE][PASSED] - Send request successfully

2018-11-15 09:57:35 - [MESSAGE][PASSED] - Send request successfully

2018-11-15 09:57:35 - [MESSAGE][PASSED] - Send request successfully

2018-11-15 09:57:35 - [MESSAGE][PASSED] - Send request successfully

2018-11-15 09:57:37 - [MESSAGE][PASSED] - Delayed 2 second(s)

2018-11-15 09:57:37 - [MESSAGE][PASSED] - Object: 'Object Repository/F11762-View Customer/QA-US83146/US84104-View Customer/View Customer/CustomerPageObject/div_Customer1' is clicked on

2018-11-15 09:57:37 - [MESSAGE][PASSED] - Text of object 'Object Repository/F11762-View Customer/QA-US83146/US84104-View Customer/View Customer/CustomerPageObject/CustTypeValue' is: 'Inactive'

2018-11-15 09:57:37 - [MESSAGE][PASSED] - Actual object 'Inactive' and expected object 'Inactive' are equal

2018-11-15 09:57:37 - [MESSAGE][PASSED] - com.ge.tms.customer.CustomerVerification.verifyCustomerFilter is PASSED

2018-11-15 09:57:37 - [TEST_STEP][PASSED] - click: Object: 'Object Repository/F11762-View Customer/QA-US83146/US84104-View Customer/View Customer/CustomerPageObject/filters/filterIcon' is clicked on

2018-11-15 09:57:37 - [MESSAGE][PASSED] - Object: 'Object Repository/F11762-View Customer/QA-US83146/US84104-View Customer/View Customer/CustomerPageObject/filters/filterIcon' is clicked on

2018-11-15 09:57:37 - [TEST_STEP][PASSED] - click: Object: 'Object Repository/F11762-View Customer/QA-US83146/US84104-View Customer/View Customer/CustomerPageObject/filters/inactive' is clicked on

2018-11-15 09:57:37 - [MESSAGE][PASSED] - Object: 'Object Repository/F11762-View Customer/QA-US83146/US84104-View Customer/View Customer/CustomerPageObject/filters/inactive' is clicked on

2018-11-15 09:57:37 - [TEST_STEP][PASSED] - click: Object: 'Object Repository/F11762-View Customer/QA-US83146/US84104-View Customer/View Customer/CustomerPageObject/filters/transportationCheckbox' is clicked on

2018-11-15 09:57:37 - [MESSAGE][PASSED] - Object: 'Object Repository/F11762-View Customer/QA-US83146/US84104-View Customer/View Customer/CustomerPageObject/filters/transportationCheckbox' is clicked on

2018-11-15 09:57:37 - [TEST_STEP][PASSED] - click: Object: 'Object Repository/F11762-View Customer/QA-US83146/US84104-View Customer/View Customer/CustomerPageObject/filters/applyFilter' is clicked on

2018-11-15 09:57:37 - [MESSAGE][PASSED] - Object: 'Object Repository/F11762-View Customer/QA-US83146/US84104-View Customer/View Customer/CustomerPageObject/filters/applyFilter' is clicked on

2018-11-15 09:57:37 - [TEST_STEP][PASSED] - com.ge.tms.customer.CustomerVerification.verifyCustomerFilter: com.ge.tms.customer.CustomerVerification.verifyCustomerFilter is PASSED

2018-11-15 09:57:37 - [MESSAGE][PASSED] - Send request successfully

2018-11-15 09:57:37 - [MESSAGE][PASSED] - Send request successfully

2018-11-15 09:57:37 - [MESSAGE][PASSED] - Send request successfully

2018-11-15 09:57:37 - [MESSAGE][PASSED] - Send request successfully

2018-11-15 09:57:37 - [MESSAGE][PASSED] - Send request successfully

2018-11-15 09:57:37 - [MESSAGE][PASSED] - Send request successfully

2018-11-15 09:57:37 - [MESSAGE][PASSED] - Send request successfully

2018-11-15 09:57:37 - [MESSAGE][PASSED] - Send request successfully

2018-11-15 09:57:37 - [MESSAGE][PASSED] - Send request successfully

2018-11-15 09:57:39 - [MESSAGE][PASSED] - Delayed 2 second(s)

2018-11-15 09:57:39 - [MESSAGE][PASSED] - Object: 'Object Repository/F11762-View Customer/QA-US83146/US84104-View Customer/View Customer/CustomerPageObject/div_Customer1' is clicked on

2018-11-15 09:57:39 - [MESSAGE][PASSED] - Text of object 'Object Repository/F11762-View Customer/QA-US83146/US84104-View Customer/View Customer/CustomerPageObject/CustTypeValue' is: 'Transportation'

2018-11-15 09:57:39 - [MESSAGE][PASSED] - Actual object 'Transportation' and expected object 'Transportation' are equal

2018-11-15 09:57:39 - [MESSAGE][PASSED] - com.ge.tms.customer.CustomerVerification.verifyCustomerFilter is PASSED

2018-11-15 09:57:39 - [TEST_STEP][PASSED] - click: Object: 'Object Repository/F11762-View Customer/QA-US83146/US84104-View Customer/View Customer/CustomerPageObject/filters/filterIcon' is clicked on

2018-11-15 09:57:39 - [MESSAGE][PASSED] - Object: 'Object Repository/F11762-View Customer/QA-US83146/US84104-View Customer/View Customer/CustomerPageObject/filters/filterIcon' is clicked on

2018-11-15 09:57:39 - [TEST_STEP][PASSED] - click: Object: 'Object Repository/F11762-View Customer/QA-US83146/US84104-View Customer/View Customer/CustomerPageObject/filters/billingCheckBox' is clicked on

2018-11-15 09:57:39 - [MESSAGE][PASSED] - Object: 'Object Repository/F11762-View Customer/QA-US83146/US84104-View Customer/View Customer/CustomerPageObject/filters/billingCheckBox' is clicked on

2018-11-15 09:57:39 - [TEST_STEP][PASSED] - click: Object: 'Object Repository/F11762-View Customer/QA-US83146/US84104-View Customer/View Customer/CustomerPageObject/filters/inactive' is clicked on

2018-11-15 09:57:39 - [MESSAGE][PASSED] - Object: 'Object Repository/F11762-View Customer/QA-US83146/US84104-View Customer/View Customer/CustomerPageObject/filters/inactive' is clicked on

2018-11-15 09:57:39 - [TEST_STEP][PASSED] - click: Object: 'Object Repository/F11762-View Customer/QA-US83146/US84104-View Customer/View Customer/CustomerPageObject/filters/transportationCheckbox' is clicked on

2018-11-15 09:57:40 - [MESSAGE][PASSED] - Object: 'Object Repository/F11762-View Customer/QA-US83146/US84104-View Customer/View Customer/CustomerPageObject/filters/transportationCheckbox' is clicked on

2018-11-15 09:57:40 - [TEST_STEP][PASSED] - click: Object: 'Object Repository/F11762-View Customer/QA-US83146/US84104-View Customer/View Customer/CustomerPageObject/filters/applyFilter' is clicked on

2018-11-15 09:57:40 - [MESSAGE][PASSED] - Object: 'Object Repository/F11762-View Customer/QA-US83146/US84104-View Customer/View Customer/CustomerPageObject/filters/applyFilter' is clicked on

2018-11-15 09:57:40 - [TEST_STEP][PASSED] - com.ge.tms.customer.CustomerVerification.verifyCustomerFilter: com.ge.tms.customer.CustomerVerification.verifyCustomerFilter is PASSED

2018-11-15 09:57:40 - [MESSAGE][PASSED] - Send request successfully

2018-11-15 09:57:40 - [MESSAGE][PASSED] - Send request successfully

2018-11-15 09:57:40 - [MESSAGE][PASSED] - Send request successfully

2018-11-15 09:57:40 - [MESSAGE][PASSED] - Send request successfully

2018-11-15 09:57:40 - [MESSAGE][PASSED] - Send request successfully

2018-11-15 09:57:40 - [MESSAGE][PASSED] - Send request successfully

2018-11-15 09:57:40 - [MESSAGE][PASSED] - Send request successfully

2018-11-15 09:57:40 - [MESSAGE][PASSED] - Send request successfully

2018-11-15 09:57:40 - [MESSAGE][PASSED] - Send request successfully

2018-11-15 09:57:42 - [MESSAGE][PASSED] - Delayed 2 second(s)

2018-11-15 09:57:42 - [MESSAGE][PASSED] - Object: 'Object Repository/F11762-View Customer/QA-US83146/US84104-View Customer/View Customer/CustomerPageObject/div_Customer1' is clicked on

2018-11-15 09:57:42 - [MESSAGE][PASSED] - Text of object 'Object Repository/F11762-View Customer/QA-US83146/US84104-View Customer/View Customer/CustomerPageObject/CustTypeValue' is: 'Billing'

2018-11-15 09:57:42 - [MESSAGE][PASSED] - Actual object 'true' and expected object 'true' are equal

2018-11-15 09:57:42 - [MESSAGE][PASSED] - com.ge.tms.customer.CustomerVerification.verifyCustomerFilter is PASSED

2018-11-15 09:57:42 - [TEST_STEP][PASSED] - click: Object: 'Object Repository/F11762-View Customer/QA-US83146/US84104-View Customer/View Customer/CustomerPageObject/filters/filterIcon' is clicked on

2018-11-15 09:57:42 - [MESSAGE][PASSED] - Object: 'Object Repository/F11762-View Customer/QA-US83146/US84104-View Customer/View Customer/CustomerPageObject/filters/filterIcon' is clicked on

2018-11-15 09:57:42 - [TEST_STEP][PASSED] - click: Object: 'Object Repository/F11762-View Customer/QA-US83146/US84104-View Customer/View Customer/CustomerPageObject/filters/clearBtn' is clicked on

2018-11-15 09:57:42 - [MESSAGE][PASSED] - Object: 'Object Repository/F11762-View Customer/QA-US83146/US84104-View Customer/View Customer/CustomerPageObject/filters/clearBtn' is clicked on

2018-11-15 09:57:42 - [TEST_STEP][PASSED] - com.ge.tms.customer.CustomerVerification.verifyClearFilters: com.ge.tms.customer.CustomerVerification.verifyClearFilters is PASSED

2018-11-15 09:57:42 - [MESSAGE][PASSED] - Send request successfully

2018-11-15 09:57:42 - [MESSAGE][PASSED] - Send request successfully

2018-11-15 09:57:42 - [MESSAGE][PASSED] - Send request successfully

2018-11-15 09:57:42 - [MESSAGE][PASSED] - Send request successfully

2018-11-15 09:57:42 - [MESSAGE][PASSED] - Send request successfully

2018-11-15 09:57:42 - [MESSAGE][PASSED] - Send request successfully

2018-11-15 09:57:42 - [MESSAGE][PASSED] - Send request successfully

2018-11-15 09:57:42 - [MESSAGE][PASSED] - Send request successfully

2018-11-15 09:57:42 - [MESSAGE][PASSED] - Send request successfully

2018-11-15 09:57:42 - [MESSAGE][PASSED] - Actual object '0' and expected object '0' are equal

2018-11-15 09:57:42 - [MESSAGE][PASSED] - com.ge.tms.customer.CustomerVerification.verifyClearFilters is PASSED

2018-11-15 09:57:42 - [TEST_STEP][PASSED] - Start listener action : closeBrowserForTestCasse: Navigate to 'http://localhost:8080/home' successfully

2018-11-15 09:57:42 - [TEST_STEP][PASSED] - Statement - If (isTestSuitEnable == true): null

2018-11-15 09:57:42 - [TEST_STEP][PASSED] - Statement - beforeTestCaseExecute(): null

2018-11-15 09:57:42 - [TEST_STEP][PASSED] - Statement - If (isTestSuitEnable == true): Navigate to 'http://localhost:8080/home' successfully

2018-11-15 09:57:42 - [TEST_STEP][PASSED] - navigateToUrl: Navigate to 'http://localhost:8080/home' successfully

2018-11-15 09:57:43 - [MESSAGE][PASSED] - Navigate to 'http://localhost:8080/home' successfully

2018-11-15 09:57:43 - [TEST_STEP][PASSED] - Start listener action : afterTestCase: Invoke 'com.kms.katalon.core.annotation.AfterTestCase' method: 'TmsTestListner.afterTestCase(...)' completed.

2018-11-15 09:57:43 - [TEST_STEP][PASSED] - Statement - If (java.lang.System.getProperties().containsKey("updateRally")): Invoke 'com.kms.katalon.core.annotation.AfterTestCase' method: 'TmsTestListner.afterTestCase(...)' completed.]]></system-out>
         <system-err><![CDATA[]]></system-err>
      </testcase>
      <testcase name="Test Cases/Customer/F11762-View Customer/QA-US84851/US84857-NegativeSearch/TC60122-CustomerSearchInvalid-Negative" classname="Test Cases/Customer/F11762-View Customer/QA-US84851/US84857-NegativeSearch/TC60122-CustomerSearchInvalid-Negative" status="PASSED">
         <system-out><![CDATA[2018-11-15 09:57:43 - [TEST_CASE][PASSED] - Test Cases/Customer/F11762-View Customer/QA-US84851/US84857-NegativeSearch/TC60122-CustomerSearchInvalid-Negative: Test Cases/Customer/F11762-View Customer/QA-US84851/US84857-NegativeSearch/TC60122-CustomerSearchInvalid-Negative

2018-11-15 09:57:43 - [TEST_STEP][PASSED] - Start listener action : beforeTestCaseExecute: Navigate to 'http://localhost:8080/home' successfully

2018-11-15 09:57:43 - [TEST_STEP][PASSED] - Statement - If (isTestSuitEnable == true): Navigate to 'http://localhost:8080/home' successfully

2018-11-15 09:57:43 - [TEST_STEP][PASSED] - navigateToUrl: Navigate to 'http://localhost:8080/home' successfully

2018-11-15 09:57:44 - [MESSAGE][PASSED] - Navigate to 'http://localhost:8080/home' successfully

2018-11-15 09:57:44 - [TEST_STEP][PASSED] - com.ge.tms.commonactions.CommonClickEvents.clickOnManageCustomers: com.ge.tms.commonactions.CommonClickEvents.clickOnManageCustomers is PASSED

2018-11-15 09:57:44 - [MESSAGE][PASSED] - Execute JavaScript 'document.querySelector('px-app-nav').shadowRoot.querySelector('#items > px-app-nav-group:nth-child(13) > px-app-nav-subitem:nth-child(2)').click()' successfully

2018-11-15 09:57:45 - [MESSAGE][PASSED] - Delayed 1 second(s)

2018-11-15 09:57:45 - [MESSAGE][PASSED] - com.ge.tms.commonactions.CommonClickEvents.clickOnManageCustomers is PASSED

2018-11-15 09:57:45 - [TEST_STEP][PASSED] - com.ge.tms.customer.CustomerVerification.verifyCustomerPageHeader: com.ge.tms.customer.CustomerVerification.verifyCustomerPageHeader is PASSED

2018-11-15 09:57:45 - [MESSAGE][PASSED] - Send request successfully

2018-11-15 09:57:45 - [MESSAGE][PASSED] - Send request successfully

2018-11-15 09:57:45 - [MESSAGE][PASSED] - Send request successfully

2018-11-15 09:57:45 - [MESSAGE][PASSED] - Send request successfully

2018-11-15 09:57:45 - [MESSAGE][PASSED] - Send request successfully

2018-11-15 09:57:45 - [MESSAGE][PASSED] - Send request successfully

2018-11-15 09:57:45 - [MESSAGE][PASSED] - Send request successfully

2018-11-15 09:57:45 - [MESSAGE][PASSED] - Send request successfully

2018-11-15 09:57:45 - [MESSAGE][PASSED] - Send request successfully

2018-11-15 09:57:45 - [MESSAGE][PASSED] - Text of object 'Object Repository/F11762-View Customer/QA-US83146/US84104-View Customer/View Customer/CustomerPageObject/h1_Manage Customers' is: 'Customer Management'

2018-11-15 09:57:45 - [MESSAGE][PASSED] - Actual object 'Customer Management' and expected object 'Customer Management' are equal

2018-11-15 09:57:45 - [MESSAGE][PASSED] - com.ge.tms.customer.CustomerVerification.verifyCustomerPageHeader is PASSED

2018-11-15 09:57:45 - [TEST_STEP][PASSED] - Statement - searchTextCustIdArr = SEARCH_TEXT_NEGATIVE: null

2018-11-15 09:57:45 - [TEST_STEP][PASSED] - Statement - For ([i = 0, i < length, (i++)]): Actual object 'No customers available' and expected object 'No customers available' are equal

2018-11-15 09:57:45 - [TEST_STEP][PASSED] - setText: Text '1ABC100Z' is set on object 'Object Repository/F11762-View Customer/QA-US84851/US83148-SearchCustomer/SearchCustomer/SearchSortCustomerPageObjects/searchBox'

2018-11-15 09:57:45 - [MESSAGE][PASSED] - Text '1ABC100Z' is set on object 'Object Repository/F11762-View Customer/QA-US84851/US83148-SearchCustomer/SearchCustomer/SearchSortCustomerPageObjects/searchBox'

2018-11-15 09:57:45 - [TEST_STEP][PASSED] - Statement - textDisplayed = com.kms.katalon.core.webui.keyword.WebUiBuiltInKeywords.getText(com.kms.katalon.core.testobject.ObjectRepository.findTestObject(Object Repository/F11762-View Customer/QA-US84851/US83148-SearchCustomer/SearchCustomer/SearchSortCustomerPageObjects/NoDataFoundSection)): Text of object 'Object Repository/F11762-View Customer/QA-US84851/US83148-SearchCustomer/SearchCustomer/SearchSortCustomerPageObjects/NoDataFoundSection' is: 'No customers available'

2018-11-15 09:57:45 - [MESSAGE][PASSED] - Text of object 'Object Repository/F11762-View Customer/QA-US84851/US83148-SearchCustomer/SearchCustomer/SearchSortCustomerPageObjects/NoDataFoundSection' is: 'No customers available'

2018-11-15 09:57:45 - [TEST_STEP][PASSED] - Statement - If (textDisplayed.equals(NO_CUSTOMER_FOUND)): Actual object 'No customers available' and expected object 'No customers available' are equal

2018-11-15 09:57:45 - [TEST_STEP][PASSED] - verifyEqual: Actual object 'No customers available' and expected object 'No customers available' are equal

2018-11-15 09:57:45 - [MESSAGE][PASSED] - Actual object 'No customers available' and expected object 'No customers available' are equal

2018-11-15 09:57:45 - [TEST_STEP][PASSED] - setText: Text '$%^^&19HAa' is set on object 'Object Repository/F11762-View Customer/QA-US84851/US83148-SearchCustomer/SearchCustomer/SearchSortCustomerPageObjects/searchBox'

2018-11-15 09:57:45 - [MESSAGE][PASSED] - Text '$%^^&19HAa' is set on object 'Object Repository/F11762-View Customer/QA-US84851/US83148-SearchCustomer/SearchCustomer/SearchSortCustomerPageObjects/searchBox'

2018-11-15 09:57:45 - [TEST_STEP][PASSED] - Statement - textDisplayed = com.kms.katalon.core.webui.keyword.WebUiBuiltInKeywords.getText(com.kms.katalon.core.testobject.ObjectRepository.findTestObject(Object Repository/F11762-View Customer/QA-US84851/US83148-SearchCustomer/SearchCustomer/SearchSortCustomerPageObjects/NoDataFoundSection)): Text of object 'Object Repository/F11762-View Customer/QA-US84851/US83148-SearchCustomer/SearchCustomer/SearchSortCustomerPageObjects/NoDataFoundSection' is: 'No customers available'

2018-11-15 09:57:45 - [MESSAGE][PASSED] - Text of object 'Object Repository/F11762-View Customer/QA-US84851/US83148-SearchCustomer/SearchCustomer/SearchSortCustomerPageObjects/NoDataFoundSection' is: 'No customers available'

2018-11-15 09:57:45 - [TEST_STEP][PASSED] - Statement - If (textDisplayed.equals(NO_CUSTOMER_FOUND)): Actual object 'No customers available' and expected object 'No customers available' are equal

2018-11-15 09:57:45 - [TEST_STEP][PASSED] - verifyEqual: Actual object 'No customers available' and expected object 'No customers available' are equal

2018-11-15 09:57:45 - [MESSAGE][PASSED] - Actual object 'No customers available' and expected object 'No customers available' are equal

2018-11-15 09:57:45 - [TEST_STEP][PASSED] - setText: Text 'kdhk119' is set on object 'Object Repository/F11762-View Customer/QA-US84851/US83148-SearchCustomer/SearchCustomer/SearchSortCustomerPageObjects/searchBox'

2018-11-15 09:57:45 - [MESSAGE][PASSED] - Text 'kdhk119' is set on object 'Object Repository/F11762-View Customer/QA-US84851/US83148-SearchCustomer/SearchCustomer/SearchSortCustomerPageObjects/searchBox'

2018-11-15 09:57:45 - [TEST_STEP][PASSED] - Statement - textDisplayed = com.kms.katalon.core.webui.keyword.WebUiBuiltInKeywords.getText(com.kms.katalon.core.testobject.ObjectRepository.findTestObject(Object Repository/F11762-View Customer/QA-US84851/US83148-SearchCustomer/SearchCustomer/SearchSortCustomerPageObjects/NoDataFoundSection)): Text of object 'Object Repository/F11762-View Customer/QA-US84851/US83148-SearchCustomer/SearchCustomer/SearchSortCustomerPageObjects/NoDataFoundSection' is: 'No customers available'

2018-11-15 09:57:46 - [MESSAGE][PASSED] - Text of object 'Object Repository/F11762-View Customer/QA-US84851/US83148-SearchCustomer/SearchCustomer/SearchSortCustomerPageObjects/NoDataFoundSection' is: 'No customers available'

2018-11-15 09:57:46 - [TEST_STEP][PASSED] - Statement - If (textDisplayed.equals(NO_CUSTOMER_FOUND)): Actual object 'No customers available' and expected object 'No customers available' are equal

2018-11-15 09:57:46 - [TEST_STEP][PASSED] - verifyEqual: Actual object 'No customers available' and expected object 'No customers available' are equal

2018-11-15 09:57:46 - [MESSAGE][PASSED] - Actual object 'No customers available' and expected object 'No customers available' are equal

2018-11-15 09:57:46 - [TEST_STEP][PASSED] - clearText: Text of object 'Object Repository/F11762-View Customer/QA-US84851/US83148-SearchCustomer/SearchCustomer/SearchSortCustomerPageObjects/searchBox' is cleared

2018-11-15 09:57:46 - [MESSAGE][PASSED] - Text of object 'Object Repository/F11762-View Customer/QA-US84851/US83148-SearchCustomer/SearchCustomer/SearchSortCustomerPageObjects/searchBox' is cleared

2018-11-15 09:57:46 - [TEST_STEP][PASSED] - delay: Delayed 3 second(s)

2018-11-15 09:57:49 - [MESSAGE][PASSED] - Delayed 3 second(s)

2018-11-15 09:57:49 - [TEST_STEP][PASSED] - Statement - searchTextAddressKeyArr = ["1ABC100Z", "$%^^&19HAa", "kdhk119"]: null

2018-11-15 09:57:49 - [TEST_STEP][PASSED] - Statement - For ([i = 0, i < length, (i++)]): Actual object 'No customers available' and expected object 'No customers available' are equal

2018-11-15 09:57:49 - [TEST_STEP][PASSED] - setText: Text '1ABC100Z' is set on object 'Object Repository/F11762-View Customer/QA-US84851/US83148-SearchCustomer/SearchCustomer/SearchSortCustomerPageObjects/searchBox'

2018-11-15 09:57:49 - [MESSAGE][PASSED] - Text '1ABC100Z' is set on object 'Object Repository/F11762-View Customer/QA-US84851/US83148-SearchCustomer/SearchCustomer/SearchSortCustomerPageObjects/searchBox'

2018-11-15 09:57:49 - [TEST_STEP][PASSED] - Statement - textDisplayed = com.kms.katalon.core.webui.keyword.WebUiBuiltInKeywords.getText(com.kms.katalon.core.testobject.ObjectRepository.findTestObject(Object Repository/F11762-View Customer/QA-US84851/US83148-SearchCustomer/SearchCustomer/SearchSortCustomerPageObjects/NoDataFoundSection)): Text of object 'Object Repository/F11762-View Customer/QA-US84851/US83148-SearchCustomer/SearchCustomer/SearchSortCustomerPageObjects/NoDataFoundSection' is: 'No customers available'

2018-11-15 09:57:49 - [MESSAGE][PASSED] - Text of object 'Object Repository/F11762-View Customer/QA-US84851/US83148-SearchCustomer/SearchCustomer/SearchSortCustomerPageObjects/NoDataFoundSection' is: 'No customers available'

2018-11-15 09:57:49 - [TEST_STEP][PASSED] - verifyEqual: Actual object 'No customers available' and expected object 'No customers available' are equal

2018-11-15 09:57:49 - [MESSAGE][PASSED] - Actual object 'No customers available' and expected object 'No customers available' are equal

2018-11-15 09:57:49 - [TEST_STEP][PASSED] - setText: Text '$%^^&19HAa' is set on object 'Object Repository/F11762-View Customer/QA-US84851/US83148-SearchCustomer/SearchCustomer/SearchSortCustomerPageObjects/searchBox'

2018-11-15 09:57:49 - [MESSAGE][PASSED] - Text '$%^^&19HAa' is set on object 'Object Repository/F11762-View Customer/QA-US84851/US83148-SearchCustomer/SearchCustomer/SearchSortCustomerPageObjects/searchBox'

2018-11-15 09:57:49 - [TEST_STEP][PASSED] - Statement - textDisplayed = com.kms.katalon.core.webui.keyword.WebUiBuiltInKeywords.getText(com.kms.katalon.core.testobject.ObjectRepository.findTestObject(Object Repository/F11762-View Customer/QA-US84851/US83148-SearchCustomer/SearchCustomer/SearchSortCustomerPageObjects/NoDataFoundSection)): Text of object 'Object Repository/F11762-View Customer/QA-US84851/US83148-SearchCustomer/SearchCustomer/SearchSortCustomerPageObjects/NoDataFoundSection' is: 'No customers available'

2018-11-15 09:57:49 - [MESSAGE][PASSED] - Text of object 'Object Repository/F11762-View Customer/QA-US84851/US83148-SearchCustomer/SearchCustomer/SearchSortCustomerPageObjects/NoDataFoundSection' is: 'No customers available'

2018-11-15 09:57:49 - [TEST_STEP][PASSED] - verifyEqual: Actual object 'No customers available' and expected object 'No customers available' are equal

2018-11-15 09:57:49 - [MESSAGE][PASSED] - Actual object 'No customers available' and expected object 'No customers available' are equal

2018-11-15 09:57:49 - [TEST_STEP][PASSED] - setText: Text 'kdhk119' is set on object 'Object Repository/F11762-View Customer/QA-US84851/US83148-SearchCustomer/SearchCustomer/SearchSortCustomerPageObjects/searchBox'

2018-11-15 09:57:49 - [MESSAGE][PASSED] - Text 'kdhk119' is set on object 'Object Repository/F11762-View Customer/QA-US84851/US83148-SearchCustomer/SearchCustomer/SearchSortCustomerPageObjects/searchBox'

2018-11-15 09:57:49 - [TEST_STEP][PASSED] - Statement - textDisplayed = com.kms.katalon.core.webui.keyword.WebUiBuiltInKeywords.getText(com.kms.katalon.core.testobject.ObjectRepository.findTestObject(Object Repository/F11762-View Customer/QA-US84851/US83148-SearchCustomer/SearchCustomer/SearchSortCustomerPageObjects/NoDataFoundSection)): Text of object 'Object Repository/F11762-View Customer/QA-US84851/US83148-SearchCustomer/SearchCustomer/SearchSortCustomerPageObjects/NoDataFoundSection' is: 'No customers available'

2018-11-15 09:57:49 - [MESSAGE][PASSED] - Text of object 'Object Repository/F11762-View Customer/QA-US84851/US83148-SearchCustomer/SearchCustomer/SearchSortCustomerPageObjects/NoDataFoundSection' is: 'No customers available'

2018-11-15 09:57:49 - [TEST_STEP][PASSED] - verifyEqual: Actual object 'No customers available' and expected object 'No customers available' are equal

2018-11-15 09:57:49 - [MESSAGE][PASSED] - Actual object 'No customers available' and expected object 'No customers available' are equal

2018-11-15 09:57:49 - [TEST_STEP][PASSED] - Start listener action : closeBrowserForTestCasse: Navigate to 'http://localhost:8080/home' successfully

2018-11-15 09:57:49 - [TEST_STEP][PASSED] - Statement - If (isTestSuitEnable == true): null

2018-11-15 09:57:49 - [TEST_STEP][PASSED] - Statement - beforeTestCaseExecute(): null

2018-11-15 09:57:49 - [TEST_STEP][PASSED] - Statement - If (isTestSuitEnable == true): Navigate to 'http://localhost:8080/home' successfully

2018-11-15 09:57:49 - [TEST_STEP][PASSED] - navigateToUrl: Navigate to 'http://localhost:8080/home' successfully

2018-11-15 09:57:50 - [MESSAGE][PASSED] - Navigate to 'http://localhost:8080/home' successfully

2018-11-15 09:57:50 - [TEST_STEP][PASSED] - Start listener action : afterTestCase: Invoke 'com.kms.katalon.core.annotation.AfterTestCase' method: 'TmsTestListner.afterTestCase(...)' completed.

2018-11-15 09:57:50 - [TEST_STEP][PASSED] - Statement - If (java.lang.System.getProperties().containsKey("updateRally")): Invoke 'com.kms.katalon.core.annotation.AfterTestCase' method: 'TmsTestListner.afterTestCase(...)' completed.]]></system-out>
         <system-err><![CDATA[]]></system-err>
      </testcase>
      <testcase name="Test Cases/Customer/F11762-View Customer/QA-Add Edit Customer/US-Add Edit Customer/TC60768-AddCustomer" classname="Test Cases/Customer/F11762-View Customer/QA-Add Edit Customer/US-Add Edit Customer/TC60768-AddCustomer" status="FAILED">
         <failure type="FAILED" message="Unable to verify equal between actual object '--' and expected object 'Billing' (Root cause: Actual object '--' and expected object 'Billing' are not equal)"/>
         <system-out><![CDATA[2018-11-15 09:57:50 - [TEST_CASE][FAILED] - Test Cases/Customer/F11762-View Customer/QA-Add Edit Customer/US-Add Edit Customer/TC60768-AddCustomer: Test Cases/Customer/F11762-View Customer/QA-Add Edit Customer/US-Add Edit Customer/TC60768-AddCustomer FAILED because (of) Unable to verify equal between actual object '--' and expected object 'Billing' (Root cause: Actual object '--' and expected object 'Billing' are not equal)

2018-11-15 09:57:50 - [TEST_STEP][PASSED] - Start listener action : beforeTestCaseExecute: Navigate to 'http://localhost:8080/home' successfully

2018-11-15 09:57:50 - [TEST_STEP][PASSED] - Statement - If (isTestSuitEnable == true): Navigate to 'http://localhost:8080/home' successfully

2018-11-15 09:57:50 - [TEST_STEP][PASSED] - navigateToUrl: Navigate to 'http://localhost:8080/home' successfully

2018-11-15 09:57:51 - [MESSAGE][PASSED] - Navigate to 'http://localhost:8080/home' successfully

2018-11-15 09:57:51 - [TEST_STEP][PASSED] - Statement - action = new com.ge.tms.customer.CustomerActions(): Send request successfully

2018-11-15 09:57:51 - [MESSAGE][PASSED] - Send request successfully

2018-11-15 09:57:51 - [MESSAGE][PASSED] - Send request successfully

2018-11-15 09:57:51 - [MESSAGE][PASSED] - Send request successfully

2018-11-15 09:57:51 - [MESSAGE][PASSED] - Send request successfully

2018-11-15 09:57:51 - [TEST_STEP][PASSED] - com.ge.tms.commonactions.CommonClickEvents.clickOnManageCustomers: com.ge.tms.commonactions.CommonClickEvents.clickOnManageCustomers is PASSED

2018-11-15 09:57:51 - [MESSAGE][PASSED] - Execute JavaScript 'document.querySelector('px-app-nav').shadowRoot.querySelector('#items > px-app-nav-group:nth-child(13) > px-app-nav-subitem:nth-child(2)').click()' successfully

2018-11-15 09:57:52 - [MESSAGE][PASSED] - Delayed 1 second(s)

2018-11-15 09:57:52 - [MESSAGE][PASSED] - com.ge.tms.commonactions.CommonClickEvents.clickOnManageCustomers is PASSED

2018-11-15 09:57:52 - [TEST_STEP][PASSED] - com.ge.tms.customer.CustomerVerification.verifyCustomerPageHeader: com.ge.tms.customer.CustomerVerification.verifyCustomerPageHeader is PASSED

2018-11-15 09:57:52 - [MESSAGE][PASSED] - Send request successfully

2018-11-15 09:57:52 - [MESSAGE][PASSED] - Send request successfully

2018-11-15 09:57:52 - [MESSAGE][PASSED] - Send request successfully

2018-11-15 09:57:52 - [MESSAGE][PASSED] - Send request successfully

2018-11-15 09:57:52 - [MESSAGE][PASSED] - Send request successfully

2018-11-15 09:57:52 - [MESSAGE][PASSED] - Send request successfully

2018-11-15 09:57:52 - [MESSAGE][PASSED] - Send request successfully

2018-11-15 09:57:52 - [MESSAGE][PASSED] - Send request successfully

2018-11-15 09:57:52 - [MESSAGE][PASSED] - Send request successfully

2018-11-15 09:57:52 - [MESSAGE][PASSED] - Text of object 'Object Repository/F11762-View Customer/QA-US83146/US84104-View Customer/View Customer/CustomerPageObject/h1_Manage Customers' is: 'Customer Management'

2018-11-15 09:57:52 - [MESSAGE][PASSED] - Actual object 'Customer Management' and expected object 'Customer Management' are equal

2018-11-15 09:57:52 - [MESSAGE][PASSED] - com.ge.tms.customer.CustomerVerification.verifyCustomerPageHeader is PASSED

2018-11-15 09:57:52 - [TEST_STEP][PASSED] - click: Object: 'Object Repository/F11762-View Customer/QA-US83146/US84104-View Customer/View Customer/CustomerPageObject/AddCustomer/AddCustomerButton' is clicked on

2018-11-15 09:57:53 - [MESSAGE][PASSED] - Object: 'Object Repository/F11762-View Customer/QA-US83146/US84104-View Customer/View Customer/CustomerPageObject/AddCustomer/AddCustomerButton' is clicked on

2018-11-15 09:57:53 - [TEST_STEP][PASSED] - delay: Delayed 2 second(s)

2018-11-15 09:57:55 - [MESSAGE][PASSED] - Delayed 2 second(s)

2018-11-15 09:57:55 - [TEST_STEP][PASSED] - com.ge.tms.customer.CustomerActions.addCustomer: com.ge.tms.customer.CustomerActions.addCustomer is PASSED

2018-11-15 09:57:55 - [MESSAGE][PASSED] - Send request successfully

2018-11-15 09:57:55 - [MESSAGE][PASSED] - Send request successfully

2018-11-15 09:57:55 - [MESSAGE][PASSED] - Send request successfully

2018-11-15 09:57:55 - [MESSAGE][PASSED] - Send request successfully

2018-11-15 09:57:55 - [MESSAGE][PASSED] - Text 'Billing Customer' is set on object 'Object Repository/F11762-View Customer/QA-US83146/US84104-View Customer/View Customer/CustomerPageObject/AddCustomer/customerName'

2018-11-15 09:57:55 - [MESSAGE][PASSED] - Text 'yhZ2' is set on object 'Object Repository/F11762-View Customer/QA-US83146/US84104-View Customer/View Customer/CustomerPageObject/AddCustomer/customerId'

2018-11-15 09:57:56 - [MESSAGE][PASSED] - Text 'LWF' is set on object 'Object Repository/F11762-View Customer/QA-US83146/US84104-View Customer/View Customer/CustomerPageObject/AddCustomer/AddressKey'

2018-11-15 09:57:56 - [MESSAGE][PASSED] - Text 'alt10' is set on object 'Object Repository/F11762-View Customer/QA-US83146/US84104-View Customer/View Customer/CustomerPageObject/AddCustomer/AltCode'

2018-11-15 09:57:56 - [MESSAGE][PASSED] - Text '#101-5-87' is set on object 'Object Repository/F11762-View Customer/QA-US83146/US84104-View Customer/View Customer/CustomerPageObject/AddCustomer/Address1'

2018-11-15 09:57:57 - [MESSAGE][PASSED] - Text 'downtown' is set on object 'Object Repository/F11762-View Customer/QA-US83146/US84104-View Customer/View Customer/CustomerPageObject/AddCustomer/AddressKey2'

2018-11-15 09:57:57 - [MESSAGE][PASSED] - Text 'chicago' is set on object 'Object Repository/F11762-View Customer/QA-US83146/US84104-View Customer/View Customer/CustomerPageObject/AddCustomer/city'

2018-11-15 09:57:57 - [MESSAGE][PASSED] - Text '61001' is set on object 'Object Repository/F11762-View Customer/QA-US83146/US84104-View Customer/View Customer/CustomerPageObject/AddCustomer/ZipCode'

2018-11-15 09:57:58 - [MESSAGE][PASSED] - Text 'Attention' is set on object 'Object Repository/F11762-View Customer/QA-US83146/US84104-View Customer/View Customer/CustomerPageObject/AddCustomer/Attention'

2018-11-15 09:57:58 - [MESSAGE][PASSED] - Text '100' is set on object 'Object Repository/F11762-View Customer/QA-US83146/US84104-View Customer/View Customer/CustomerPageObject/AddCustomer/MilePost'

2018-11-15 09:57:58 - [MESSAGE][PASSED] - Execute JavaScript 'document.querySelector("#customer-type").shadowRoot.querySelector("#content").shadowRoot.querySelector("#selector > div:nth-child(1)").click()' successfully

2018-11-15 09:57:58 - [MESSAGE][PASSED] - Execute JavaScript 'return document.querySelector("#country").shadowRoot.querySelector("#content").shadowRoot.querySelector("#selector > div").click()' successfully

2018-11-15 09:57:58 - [MESSAGE][PASSED] - Execute JavaScript 'return document.querySelector("#state").shadowRoot.querySelector("#content").shadowRoot.querySelector("#selector > div:nth-child(1)").click()' successfully

2018-11-15 09:57:58 - [MESSAGE][PASSED] - Execute JavaScript 'document.querySelector("#online-station").shadowRoot.querySelector("#trigger").click' successfully

2018-11-15 09:57:58 - [MESSAGE][PASSED] - Execute JavaScript 'return document.querySelector('#online-station').shadowRoot.querySelector('#content').shadowRoot.querySelectorAll('#dropdown > div > #selector > div').length' successfully

2018-11-15 09:57:58 - [MESSAGE][PASSED] - Execute JavaScript 'document.querySelector('#online-station').shadowRoot.querySelector('#content').shadowRoot.querySelector('#selector > div:nth-child(1)').click()' successfully

2018-11-15 09:57:58 - [MESSAGE][PASSED] - Execute JavaScript 'return document.querySelector('#zone').shadowRoot.querySelector('#content').shadowRoot.querySelectorAll('#dropdown > div > #selector > div').length' successfully

2018-11-15 09:57:58 - [MESSAGE][PASSED] - Execute JavaScript 'document.querySelector('#online-station').shadowRoot.querySelector('#content').shadowRoot.querySelector('#selector > div:nth-child(2)').click()' successfully

2018-11-15 09:57:58 - [MESSAGE][PASSED] - Execute JavaScript 'return document.querySelector('#zone').shadowRoot.querySelector('#content').shadowRoot.querySelectorAll('#dropdown > div > #selector > div').length' successfully

2018-11-15 09:57:58 - [MESSAGE][PASSED] - Execute JavaScript 'document.querySelector('#online-station').shadowRoot.querySelector('#content').shadowRoot.querySelector('#selector > div:nth-child(3)').click()' successfully

2018-11-15 09:57:58 - [MESSAGE][PASSED] - Execute JavaScript 'return document.querySelector('#zone').shadowRoot.querySelector('#content').shadowRoot.querySelectorAll('#dropdown > div > #selector > div').length' successfully

2018-11-15 09:57:58 - [MESSAGE][PASSED] - Execute JavaScript 'document.querySelector('#online-station').shadowRoot.querySelector('#content').shadowRoot.querySelector('#selector > div:nth-child(4)').click()' successfully

2018-11-15 09:57:58 - [MESSAGE][PASSED] - Execute JavaScript 'return document.querySelector('#zone').shadowRoot.querySelector('#content').shadowRoot.querySelectorAll('#dropdown > div > #selector > div').length' successfully

2018-11-15 09:57:58 - [MESSAGE][PASSED] - Execute JavaScript 'document.querySelector('#online-station').shadowRoot.querySelector('#content').shadowRoot.querySelector('#selector > div:nth-child(5)').click()' successfully

2018-11-15 09:57:58 - [MESSAGE][PASSED] - Execute JavaScript 'return document.querySelector('#zone').shadowRoot.querySelector('#content').shadowRoot.querySelectorAll('#dropdown > div > #selector > div').length' successfully

2018-11-15 09:57:58 - [MESSAGE][PASSED] - Execute JavaScript 'document.querySelector('#online-station').shadowRoot.querySelector('#content').shadowRoot.querySelector('#selector > div:nth-child(6)').click()' successfully

2018-11-15 09:57:58 - [MESSAGE][PASSED] - Execute JavaScript 'return document.querySelector('#zone').shadowRoot.querySelector('#content').shadowRoot.querySelectorAll('#dropdown > div > #selector > div').length' successfully

2018-11-15 09:57:59 - [MESSAGE][PASSED] - Execute JavaScript 'document.querySelector('#online-station').shadowRoot.querySelector('#content').shadowRoot.querySelector('#selector > div:nth-child(7)').click()' successfully

2018-11-15 09:57:59 - [MESSAGE][PASSED] - Execute JavaScript 'return document.querySelector('#zone').shadowRoot.querySelector('#content').shadowRoot.querySelectorAll('#dropdown > div > #selector > div').length' successfully

2018-11-15 09:57:59 - [MESSAGE][PASSED] - Execute JavaScript 'document.querySelector('#online-station').shadowRoot.querySelector('#content').shadowRoot.querySelector('#selector > div:nth-child(8)').click()' successfully

2018-11-15 09:57:59 - [MESSAGE][PASSED] - Execute JavaScript 'return document.querySelector('#zone').shadowRoot.querySelector('#content').shadowRoot.querySelectorAll('#dropdown > div > #selector > div').length' successfully

2018-11-15 09:57:59 - [MESSAGE][PASSED] - Execute JavaScript 'document.querySelector('#zone').shadowRoot.querySelector('#content').shadowRoot.querySelector('#selector > div:nth-child(1)').click()' successfully

2018-11-15 09:57:59 - [MESSAGE][PASSED] - Execute JavaScript 'document.querySelector("#default-station").shadowRoot.querySelector("#trigger")' successfully

2018-11-15 09:57:59 - [MESSAGE][PASSED] - Execute JavaScript 'return document.querySelector('#default-station').shadowRoot.querySelector('#content').shadowRoot.querySelectorAll('#dropdown > div > #selector > div').length' successfully

2018-11-15 09:57:59 - [MESSAGE][PASSED] - Execute JavaScript 'document.querySelector('#default-station').shadowRoot.querySelector('#content').shadowRoot.querySelector('#selector > div:nth-child(1)').click()' successfully

2018-11-15 09:57:59 - [MESSAGE][PASSED] - Execute JavaScript 'return document.querySelector('#default-track').shadowRoot.querySelector('#content').shadowRoot.querySelectorAll('#dropdown > div > #selector > div').length' successfully

2018-11-15 09:57:59 - [MESSAGE][PASSED] - Execute JavaScript 'document.querySelector('#default-station').shadowRoot.querySelector('#content').shadowRoot.querySelector('#selector > div:nth-child(2)').click()' successfully

2018-11-15 09:57:59 - [MESSAGE][PASSED] - Execute JavaScript 'return document.querySelector('#default-track').shadowRoot.querySelector('#content').shadowRoot.querySelectorAll('#dropdown > div > #selector > div').length' successfully

2018-11-15 09:57:59 - [MESSAGE][PASSED] - Execute JavaScript 'document.querySelector('#default-station').shadowRoot.querySelector('#content').shadowRoot.querySelector('#selector > div:nth-child(3)').click()' successfully

2018-11-15 09:57:59 - [MESSAGE][PASSED] - Execute JavaScript 'return document.querySelector('#default-track').shadowRoot.querySelector('#content').shadowRoot.querySelectorAll('#dropdown > div > #selector > div').length' successfully

2018-11-15 09:57:59 - [MESSAGE][PASSED] - Execute JavaScript 'document.querySelector('#default-station').shadowRoot.querySelector('#content').shadowRoot.querySelector('#selector > div:nth-child(4)').click()' successfully

2018-11-15 09:57:59 - [MESSAGE][PASSED] - Execute JavaScript 'return document.querySelector('#default-track').shadowRoot.querySelector('#content').shadowRoot.querySelectorAll('#dropdown > div > #selector > div').length' successfully

2018-11-15 09:57:59 - [MESSAGE][PASSED] - Execute JavaScript 'document.querySelector('#default-station').shadowRoot.querySelector('#content').shadowRoot.querySelector('#selector > div:nth-child(5)').click()' successfully

2018-11-15 09:57:59 - [MESSAGE][PASSED] - Execute JavaScript 'return document.querySelector('#default-track').shadowRoot.querySelector('#content').shadowRoot.querySelectorAll('#dropdown > div > #selector > div').length' successfully

2018-11-15 09:57:59 - [MESSAGE][PASSED] - Execute JavaScript 'document.querySelector('#default-station').shadowRoot.querySelector('#content').shadowRoot.querySelector('#selector > div:nth-child(6)').click()' successfully

2018-11-15 09:57:59 - [MESSAGE][PASSED] - Execute JavaScript 'return document.querySelector('#default-track').shadowRoot.querySelector('#content').shadowRoot.querySelectorAll('#dropdown > div > #selector > div').length' successfully

2018-11-15 09:57:59 - [MESSAGE][PASSED] - Execute JavaScript 'document.querySelector('#default-station').shadowRoot.querySelector('#content').shadowRoot.querySelector('#selector > div:nth-child(7)').click()' successfully

2018-11-15 09:57:59 - [MESSAGE][PASSED] - Execute JavaScript 'return document.querySelector('#default-track').shadowRoot.querySelector('#content').shadowRoot.querySelectorAll('#dropdown > div > #selector > div').length' successfully

2018-11-15 09:57:59 - [MESSAGE][PASSED] - Execute JavaScript 'document.querySelector('#default-station').shadowRoot.querySelector('#content').shadowRoot.querySelector('#selector > div:nth-child(8)').click()' successfully

2018-11-15 09:57:59 - [MESSAGE][PASSED] - Execute JavaScript 'return document.querySelector('#default-track').shadowRoot.querySelector('#content').shadowRoot.querySelectorAll('#dropdown > div > #selector > div').length' successfully

2018-11-15 09:57:59 - [MESSAGE][PASSED] - Execute JavaScript 'document.querySelector('#default-station').shadowRoot.querySelector('#content').shadowRoot.querySelector('#selector > div:nth-child(9)').click()' successfully

2018-11-15 09:57:59 - [MESSAGE][PASSED] - Execute JavaScript 'return document.querySelector('#default-track').shadowRoot.querySelector('#content').shadowRoot.querySelectorAll('#dropdown > div > #selector > div').length' successfully

2018-11-15 09:57:59 - [MESSAGE][PASSED] - Execute JavaScript 'document.querySelector('#default-station').shadowRoot.querySelector('#content').shadowRoot.querySelector('#selector > div:nth-child(10)').click()' successfully

2018-11-15 09:57:59 - [MESSAGE][PASSED] - Execute JavaScript 'return document.querySelector('#default-track').shadowRoot.querySelector('#content').shadowRoot.querySelectorAll('#dropdown > div > #selector > div').length' successfully

2018-11-15 09:57:59 - [MESSAGE][PASSED] - Execute JavaScript 'document.querySelector('#default-station').shadowRoot.querySelector('#content').shadowRoot.querySelector('#selector > div:nth-child(11)').click()' successfully

2018-11-15 09:58:00 - [MESSAGE][PASSED] - Execute JavaScript 'return document.querySelector('#default-track').shadowRoot.querySelector('#content').shadowRoot.querySelectorAll('#dropdown > div > #selector > div').length' successfully

2018-11-15 09:58:00 - [MESSAGE][PASSED] - Execute JavaScript 'document.querySelector('#default-station').shadowRoot.querySelector('#content').shadowRoot.querySelector('#selector > div:nth-child(12)').click()' successfully

2018-11-15 09:58:00 - [MESSAGE][PASSED] - Execute JavaScript 'return document.querySelector('#default-track').shadowRoot.querySelector('#content').shadowRoot.querySelectorAll('#dropdown > div > #selector > div').length' successfully

2018-11-15 09:58:00 - [MESSAGE][PASSED] - Execute JavaScript 'document.querySelector('#default-station').shadowRoot.querySelector('#content').shadowRoot.querySelector('#selector > div:nth-child(13)').click()' successfully

2018-11-15 09:58:00 - [MESSAGE][PASSED] - Execute JavaScript 'return document.querySelector('#default-track').shadowRoot.querySelector('#content').shadowRoot.querySelectorAll('#dropdown > div > #selector > div').length' successfully

2018-11-15 09:58:00 - [MESSAGE][PASSED] - Execute JavaScript 'document.querySelector('#default-station').shadowRoot.querySelector('#content').shadowRoot.querySelector('#selector > div:nth-child(14)').click()' successfully

2018-11-15 09:58:00 - [MESSAGE][PASSED] - Execute JavaScript 'return document.querySelector('#default-track').shadowRoot.querySelector('#content').shadowRoot.querySelectorAll('#dropdown > div > #selector > div').length' successfully

2018-11-15 09:58:00 - [MESSAGE][PASSED] - Execute JavaScript 'document.querySelector('#default-station').shadowRoot.querySelector('#content').shadowRoot.querySelector('#selector > div:nth-child(15)').click()' successfully

2018-11-15 09:58:00 - [MESSAGE][PASSED] - Execute JavaScript 'return document.querySelector('#default-track').shadowRoot.querySelector('#content').shadowRoot.querySelectorAll('#dropdown > div > #selector > div').length' successfully

2018-11-15 09:58:00 - [MESSAGE][PASSED] - Execute JavaScript 'document.querySelector('#default-station').shadowRoot.querySelector('#content').shadowRoot.querySelector('#selector > div:nth-child(16)').click()' successfully

2018-11-15 09:58:00 - [MESSAGE][PASSED] - Execute JavaScript 'return document.querySelector('#default-track').shadowRoot.querySelector('#content').shadowRoot.querySelectorAll('#dropdown > div > #selector > div').length' successfully

2018-11-15 09:58:00 - [MESSAGE][PASSED] - Execute JavaScript 'document.querySelector('#default-station').shadowRoot.querySelector('#content').shadowRoot.querySelector('#selector > div:nth-child(17)').click()' successfully

2018-11-15 09:58:00 - [MESSAGE][PASSED] - Execute JavaScript 'return document.querySelector('#default-track').shadowRoot.querySelector('#content').shadowRoot.querySelectorAll('#dropdown > div > #selector > div').length' successfully

2018-11-15 09:58:00 - [MESSAGE][PASSED] - Execute JavaScript 'document.querySelector('#default-station').shadowRoot.querySelector('#content').shadowRoot.querySelector('#selector > div:nth-child(18)').click()' successfully

2018-11-15 09:58:00 - [MESSAGE][PASSED] - Execute JavaScript 'return document.querySelector('#default-track').shadowRoot.querySelector('#content').shadowRoot.querySelectorAll('#dropdown > div > #selector > div').length' successfully

2018-11-15 09:58:00 - [MESSAGE][PASSED] - Execute JavaScript 'document.querySelector('#default-station').shadowRoot.querySelector('#content').shadowRoot.querySelector('#selector > div:nth-child(19)').click()' successfully

2018-11-15 09:58:00 - [MESSAGE][PASSED] - Execute JavaScript 'return document.querySelector('#default-track').shadowRoot.querySelector('#content').shadowRoot.querySelectorAll('#dropdown > div > #selector > div').length' successfully

2018-11-15 09:58:00 - [MESSAGE][PASSED] - Execute JavaScript 'document.querySelector('#default-station').shadowRoot.querySelector('#content').shadowRoot.querySelector('#selector > div:nth-child(20)').click()' successfully

2018-11-15 09:58:00 - [MESSAGE][PASSED] - Execute JavaScript 'return document.querySelector('#default-track').shadowRoot.querySelector('#content').shadowRoot.querySelectorAll('#dropdown > div > #selector > div').length' successfully

2018-11-15 09:58:00 - [MESSAGE][PASSED] - Execute JavaScript 'document.querySelector('#default-station').shadowRoot.querySelector('#content').shadowRoot.querySelector('#selector > div:nth-child(21)').click()' successfully

2018-11-15 09:58:00 - [MESSAGE][PASSED] - Execute JavaScript 'return document.querySelector('#default-track').shadowRoot.querySelector('#content').shadowRoot.querySelectorAll('#dropdown > div > #selector > div').length' successfully

2018-11-15 09:58:00 - [MESSAGE][PASSED] - Execute JavaScript 'document.querySelector('#default-station').shadowRoot.querySelector('#content').shadowRoot.querySelector('#selector > div:nth-child(22)').click()' successfully

2018-11-15 09:58:00 - [MESSAGE][PASSED] - Execute JavaScript 'return document.querySelector('#default-track').shadowRoot.querySelector('#content').shadowRoot.querySelectorAll('#dropdown > div > #selector > div').length' successfully

2018-11-15 09:58:00 - [MESSAGE][PASSED] - Execute JavaScript 'document.querySelector('#default-station').shadowRoot.querySelector('#content').shadowRoot.querySelector('#selector > div:nth-child(23)').click()' successfully

2018-11-15 09:58:00 - [MESSAGE][PASSED] - Execute JavaScript 'return document.querySelector('#default-track').shadowRoot.querySelector('#content').shadowRoot.querySelectorAll('#dropdown > div > #selector > div').length' successfully

2018-11-15 09:58:01 - [MESSAGE][PASSED] - Execute JavaScript 'document.querySelector('#default-station').shadowRoot.querySelector('#content').shadowRoot.querySelector('#selector > div:nth-child(24)').click()' successfully

2018-11-15 09:58:01 - [MESSAGE][PASSED] - Execute JavaScript 'return document.querySelector('#default-track').shadowRoot.querySelector('#content').shadowRoot.querySelectorAll('#dropdown > div > #selector > div').length' successfully

2018-11-15 09:58:01 - [MESSAGE][PASSED] - Execute JavaScript 'document.querySelector('#default-station').shadowRoot.querySelector('#content').shadowRoot.querySelector('#selector > div:nth-child(25)').click()' successfully

2018-11-15 09:58:01 - [MESSAGE][PASSED] - Execute JavaScript 'return document.querySelector('#default-track').shadowRoot.querySelector('#content').shadowRoot.querySelectorAll('#dropdown > div > #selector > div').length' successfully

2018-11-15 09:58:01 - [MESSAGE][PASSED] - Execute JavaScript 'document.querySelector('#default-station').shadowRoot.querySelector('#content').shadowRoot.querySelector('#selector > div:nth-child(26)').click()' successfully

2018-11-15 09:58:01 - [MESSAGE][PASSED] - Execute JavaScript 'return document.querySelector('#default-track').shadowRoot.querySelector('#content').shadowRoot.querySelectorAll('#dropdown > div > #selector > div').length' successfully

2018-11-15 09:58:01 - [MESSAGE][PASSED] - Execute JavaScript 'document.querySelector('#default-station').shadowRoot.querySelector('#content').shadowRoot.querySelector('#selector > div:nth-child(27)').click()' successfully

2018-11-15 09:58:01 - [MESSAGE][PASSED] - Execute JavaScript 'return document.querySelector('#default-track').shadowRoot.querySelector('#content').shadowRoot.querySelectorAll('#dropdown > div > #selector > div').length' successfully

2018-11-15 09:58:01 - [MESSAGE][PASSED] - Execute JavaScript 'document.querySelector('#default-station').shadowRoot.querySelector('#content').shadowRoot.querySelector('#selector > div:nth-child(28)').click()' successfully

2018-11-15 09:58:01 - [MESSAGE][PASSED] - Execute JavaScript 'return document.querySelector('#default-track').shadowRoot.querySelector('#content').shadowRoot.querySelectorAll('#dropdown > div > #selector > div').length' successfully

2018-11-15 09:58:01 - [MESSAGE][PASSED] - Execute JavaScript 'document.querySelector('#default-station').shadowRoot.querySelector('#content').shadowRoot.querySelector('#selector > div:nth-child(29)').click()' successfully

2018-11-15 09:58:01 - [MESSAGE][PASSED] - Execute JavaScript 'return document.querySelector('#default-track').shadowRoot.querySelector('#content').shadowRoot.querySelectorAll('#dropdown > div > #selector > div').length' successfully

2018-11-15 09:58:01 - [MESSAGE][PASSED] - Execute JavaScript 'document.querySelector('#default-station').shadowRoot.querySelector('#content').shadowRoot.querySelector('#selector > div:nth-child(30)').click()' successfully

2018-11-15 09:58:01 - [MESSAGE][PASSED] - Execute JavaScript 'return document.querySelector('#default-track').shadowRoot.querySelector('#content').shadowRoot.querySelectorAll('#dropdown > div > #selector > div').length' successfully

2018-11-15 09:58:01 - [MESSAGE][PASSED] - Execute JavaScript 'document.querySelector('#default-station').shadowRoot.querySelector('#content').shadowRoot.querySelector('#selector > div:nth-child(31)').click()' successfully

2018-11-15 09:58:01 - [MESSAGE][PASSED] - Execute JavaScript 'return document.querySelector('#default-track').shadowRoot.querySelector('#content').shadowRoot.querySelectorAll('#dropdown > div > #selector > div').length' successfully

2018-11-15 09:58:01 - [MESSAGE][PASSED] - Execute JavaScript 'document.querySelector('#default-station').shadowRoot.querySelector('#content').shadowRoot.querySelector('#selector > div:nth-child(32)').click()' successfully

2018-11-15 09:58:01 - [MESSAGE][PASSED] - Execute JavaScript 'return document.querySelector('#default-track').shadowRoot.querySelector('#content').shadowRoot.querySelectorAll('#dropdown > div > #selector > div').length' successfully

2018-11-15 09:58:01 - [MESSAGE][PASSED] - Execute JavaScript 'document.querySelector('#default-station').shadowRoot.querySelector('#content').shadowRoot.querySelector('#selector > div:nth-child(33)').click()' successfully

2018-11-15 09:58:01 - [MESSAGE][PASSED] - Execute JavaScript 'return document.querySelector('#default-track').shadowRoot.querySelector('#content').shadowRoot.querySelectorAll('#dropdown > div > #selector > div').length' successfully

2018-11-15 09:58:01 - [MESSAGE][PASSED] - Execute JavaScript 'document.querySelector('#default-station').shadowRoot.querySelector('#content').shadowRoot.querySelector('#selector > div:nth-child(34)').click()' successfully

2018-11-15 09:58:01 - [MESSAGE][PASSED] - Execute JavaScript 'return document.querySelector('#default-track').shadowRoot.querySelector('#content').shadowRoot.querySelectorAll('#dropdown > div > #selector > div').length' successfully

2018-11-15 09:58:01 - [MESSAGE][PASSED] - Execute JavaScript 'document.querySelector('#default-station').shadowRoot.querySelector('#content').shadowRoot.querySelector('#selector > div:nth-child(35)').click()' successfully

2018-11-15 09:58:01 - [MESSAGE][PASSED] - Execute JavaScript 'return document.querySelector('#default-track').shadowRoot.querySelector('#content').shadowRoot.querySelectorAll('#dropdown > div > #selector > div').length' successfully

2018-11-15 09:58:02 - [MESSAGE][PASSED] - Execute JavaScript 'document.querySelector('#default-station').shadowRoot.querySelector('#content').shadowRoot.querySelector('#selector > div:nth-child(36)').click()' successfully

2018-11-15 09:58:02 - [MESSAGE][PASSED] - Execute JavaScript 'return document.querySelector('#default-track').shadowRoot.querySelector('#content').shadowRoot.querySelectorAll('#dropdown > div > #selector > div').length' successfully

2018-11-15 09:58:02 - [MESSAGE][PASSED] - Execute JavaScript 'document.querySelector('#default-station').shadowRoot.querySelector('#content').shadowRoot.querySelector('#selector > div:nth-child(37)').click()' successfully

2018-11-15 09:58:02 - [MESSAGE][PASSED] - Execute JavaScript 'return document.querySelector('#default-track').shadowRoot.querySelector('#content').shadowRoot.querySelectorAll('#dropdown > div > #selector > div').length' successfully

2018-11-15 09:58:02 - [MESSAGE][PASSED] - Execute JavaScript 'document.querySelector('#default-station').shadowRoot.querySelector('#content').shadowRoot.querySelector('#selector > div:nth-child(38)').click()' successfully

2018-11-15 09:58:02 - [MESSAGE][PASSED] - Execute JavaScript 'return document.querySelector('#default-track').shadowRoot.querySelector('#content').shadowRoot.querySelectorAll('#dropdown > div > #selector > div').length' successfully

2018-11-15 09:58:02 - [MESSAGE][PASSED] - Execute JavaScript 'document.querySelector('#default-station').shadowRoot.querySelector('#content').shadowRoot.querySelector('#selector > div:nth-child(39)').click()' successfully

2018-11-15 09:58:02 - [MESSAGE][PASSED] - Execute JavaScript 'return document.querySelector('#default-track').shadowRoot.querySelector('#content').shadowRoot.querySelectorAll('#dropdown > div > #selector > div').length' successfully

2018-11-15 09:58:02 - [MESSAGE][PASSED] - Execute JavaScript 'document.querySelector('#default-station').shadowRoot.querySelector('#content').shadowRoot.querySelector('#selector > div:nth-child(40)').click()' successfully

2018-11-15 09:58:02 - [MESSAGE][PASSED] - Execute JavaScript 'return document.querySelector('#default-track').shadowRoot.querySelector('#content').shadowRoot.querySelectorAll('#dropdown > div > #selector > div').length' successfully

2018-11-15 09:58:02 - [MESSAGE][PASSED] - Execute JavaScript 'document.querySelector('#default-station').shadowRoot.querySelector('#content').shadowRoot.querySelector('#selector > div:nth-child(41)').click()' successfully

2018-11-15 09:58:02 - [MESSAGE][PASSED] - Execute JavaScript 'return document.querySelector('#default-track').shadowRoot.querySelector('#content').shadowRoot.querySelectorAll('#dropdown > div > #selector > div').length' successfully

2018-11-15 09:58:02 - [MESSAGE][PASSED] - Execute JavaScript 'document.querySelector('#default-station').shadowRoot.querySelector('#content').shadowRoot.querySelector('#selector > div:nth-child(42)').click()' successfully

2018-11-15 09:58:02 - [MESSAGE][PASSED] - Execute JavaScript 'return document.querySelector('#default-track').shadowRoot.querySelector('#content').shadowRoot.querySelectorAll('#dropdown > div > #selector > div').length' successfully

2018-11-15 09:58:02 - [MESSAGE][PASSED] - Execute JavaScript 'document.querySelector('#default-station').shadowRoot.querySelector('#content').shadowRoot.querySelector('#selector > div:nth-child(43)').click()' successfully

2018-11-15 09:58:02 - [MESSAGE][PASSED] - Execute JavaScript 'return document.querySelector('#default-track').shadowRoot.querySelector('#content').shadowRoot.querySelectorAll('#dropdown > div > #selector > div').length' successfully

2018-11-15 09:58:02 - [MESSAGE][PASSED] - Execute JavaScript 'document.querySelector('#default-station').shadowRoot.querySelector('#content').shadowRoot.querySelector('#selector > div:nth-child(44)').click()' successfully

2018-11-15 09:58:02 - [MESSAGE][PASSED] - Execute JavaScript 'return document.querySelector('#default-track').shadowRoot.querySelector('#content').shadowRoot.querySelectorAll('#dropdown > div > #selector > div').length' successfully

2018-11-15 09:58:02 - [MESSAGE][PASSED] - Execute JavaScript 'document.querySelector('#default-station').shadowRoot.querySelector('#content').shadowRoot.querySelector('#selector > div:nth-child(45)').click()' successfully

2018-11-15 09:58:02 - [MESSAGE][PASSED] - Execute JavaScript 'return document.querySelector('#default-track').shadowRoot.querySelector('#content').shadowRoot.querySelectorAll('#dropdown > div > #selector > div').length' successfully

2018-11-15 09:58:02 - [MESSAGE][PASSED] - Execute JavaScript 'document.querySelector('#default-station').shadowRoot.querySelector('#content').shadowRoot.querySelector('#selector > div:nth-child(46)').click()' successfully

2018-11-15 09:58:02 - [MESSAGE][PASSED] - Execute JavaScript 'return document.querySelector('#default-track').shadowRoot.querySelector('#content').shadowRoot.querySelectorAll('#dropdown > div > #selector > div').length' successfully

2018-11-15 09:58:02 - [MESSAGE][PASSED] - Execute JavaScript 'document.querySelector('#default-station').shadowRoot.querySelector('#content').shadowRoot.querySelector('#selector > div:nth-child(47)').click()' successfully

2018-11-15 09:58:03 - [MESSAGE][PASSED] - Execute JavaScript 'return document.querySelector('#default-track').shadowRoot.querySelector('#content').shadowRoot.querySelectorAll('#dropdown > div > #selector > div').length' successfully

2018-11-15 09:58:03 - [MESSAGE][PASSED] - Execute JavaScript 'document.querySelector('#default-station').shadowRoot.querySelector('#content').shadowRoot.querySelector('#selector > div:nth-child(48)').click()' successfully

2018-11-15 09:58:03 - [MESSAGE][PASSED] - Execute JavaScript 'return document.querySelector('#default-track').shadowRoot.querySelector('#content').shadowRoot.querySelectorAll('#dropdown > div > #selector > div').length' successfully

2018-11-15 09:58:03 - [MESSAGE][PASSED] - Execute JavaScript 'document.querySelector('#default-station').shadowRoot.querySelector('#content').shadowRoot.querySelector('#selector > div:nth-child(49)').click()' successfully

2018-11-15 09:58:03 - [MESSAGE][PASSED] - Execute JavaScript 'return document.querySelector('#default-track').shadowRoot.querySelector('#content').shadowRoot.querySelectorAll('#dropdown > div > #selector > div').length' successfully

2018-11-15 09:58:03 - [MESSAGE][PASSED] - Execute JavaScript 'document.querySelector('#default-station').shadowRoot.querySelector('#content').shadowRoot.querySelector('#selector > div:nth-child(50)').click()' successfully

2018-11-15 09:58:03 - [MESSAGE][PASSED] - Execute JavaScript 'return document.querySelector('#default-track').shadowRoot.querySelector('#content').shadowRoot.querySelectorAll('#dropdown > div > #selector > div').length' successfully

2018-11-15 09:58:03 - [MESSAGE][PASSED] - Execute JavaScript 'document.querySelector('#default-station').shadowRoot.querySelector('#content').shadowRoot.querySelector('#selector > div:nth-child(51)').click()' successfully

2018-11-15 09:58:03 - [MESSAGE][PASSED] - Execute JavaScript 'return document.querySelector('#default-track').shadowRoot.querySelector('#content').shadowRoot.querySelectorAll('#dropdown > div > #selector > div').length' successfully

2018-11-15 09:58:03 - [MESSAGE][PASSED] - Execute JavaScript 'document.querySelector('#default-station').shadowRoot.querySelector('#content').shadowRoot.querySelector('#selector > div:nth-child(52)').click()' successfully

2018-11-15 09:58:03 - [MESSAGE][PASSED] - Execute JavaScript 'return document.querySelector('#default-track').shadowRoot.querySelector('#content').shadowRoot.querySelectorAll('#dropdown > div > #selector > div').length' successfully

2018-11-15 09:58:03 - [MESSAGE][PASSED] - Execute JavaScript 'document.querySelector('#default-station').shadowRoot.querySelector('#content').shadowRoot.querySelector('#selector > div:nth-child(53)').click()' successfully

2018-11-15 09:58:03 - [MESSAGE][PASSED] - Execute JavaScript 'return document.querySelector('#default-track').shadowRoot.querySelector('#content').shadowRoot.querySelectorAll('#dropdown > div > #selector > div').length' successfully

2018-11-15 09:58:03 - [MESSAGE][PASSED] - Execute JavaScript 'document.querySelector('#default-station').shadowRoot.querySelector('#content').shadowRoot.querySelector('#selector > div:nth-child(54)').click()' successfully

2018-11-15 09:58:03 - [MESSAGE][PASSED] - Execute JavaScript 'return document.querySelector('#default-track').shadowRoot.querySelector('#content').shadowRoot.querySelectorAll('#dropdown > div > #selector > div').length' successfully

2018-11-15 09:58:03 - [MESSAGE][PASSED] - Execute JavaScript 'document.querySelector('#default-station').shadowRoot.querySelector('#content').shadowRoot.querySelector('#selector > div:nth-child(55)').click()' successfully

2018-11-15 09:58:03 - [MESSAGE][PASSED] - Execute JavaScript 'return document.querySelector('#default-track').shadowRoot.querySelector('#content').shadowRoot.querySelectorAll('#dropdown > div > #selector > div').length' successfully

2018-11-15 09:58:03 - [MESSAGE][PASSED] - Execute JavaScript 'document.querySelector('#default-station').shadowRoot.querySelector('#content').shadowRoot.querySelector('#selector > div:nth-child(56)').click()' successfully

2018-11-15 09:58:03 - [MESSAGE][PASSED] - Execute JavaScript 'return document.querySelector('#default-track').shadowRoot.querySelector('#content').shadowRoot.querySelectorAll('#dropdown > div > #selector > div').length' successfully

2018-11-15 09:58:03 - [MESSAGE][PASSED] - Execute JavaScript 'document.querySelector('#default-station').shadowRoot.querySelector('#content').shadowRoot.querySelector('#selector > div:nth-child(57)').click()' successfully

2018-11-15 09:58:03 - [MESSAGE][PASSED] - Execute JavaScript 'return document.querySelector('#default-track').shadowRoot.querySelector('#content').shadowRoot.querySelectorAll('#dropdown > div > #selector > div').length' successfully

2018-11-15 09:58:03 - [MESSAGE][PASSED] - Execute JavaScript 'document.querySelector('#default-station').shadowRoot.querySelector('#content').shadowRoot.querySelector('#selector > div:nth-child(58)').click()' successfully

2018-11-15 09:58:03 - [MESSAGE][PASSED] - Execute JavaScript 'return document.querySelector('#default-track').shadowRoot.querySelector('#content').shadowRoot.querySelectorAll('#dropdown > div > #selector > div').length' successfully

2018-11-15 09:58:04 - [MESSAGE][PASSED] - Execute JavaScript 'document.querySelector('#default-station').shadowRoot.querySelector('#content').shadowRoot.querySelector('#selector > div:nth-child(59)').click()' successfully

2018-11-15 09:58:04 - [MESSAGE][PASSED] - Execute JavaScript 'return document.querySelector('#default-track').shadowRoot.querySelector('#content').shadowRoot.querySelectorAll('#dropdown > div > #selector > div').length' successfully

2018-11-15 09:58:04 - [MESSAGE][PASSED] - Execute JavaScript 'document.querySelector('#default-station').shadowRoot.querySelector('#content').shadowRoot.querySelector('#selector > div:nth-child(60)').click()' successfully

2018-11-15 09:58:04 - [MESSAGE][PASSED] - Execute JavaScript 'return document.querySelector('#default-track').shadowRoot.querySelector('#content').shadowRoot.querySelectorAll('#dropdown > div > #selector > div').length' successfully

2018-11-15 09:58:04 - [MESSAGE][PASSED] - Execute JavaScript 'document.querySelector('#default-station').shadowRoot.querySelector('#content').shadowRoot.querySelector('#selector > div:nth-child(61)').click()' successfully

2018-11-15 09:58:04 - [MESSAGE][PASSED] - Execute JavaScript 'return document.querySelector('#default-track').shadowRoot.querySelector('#content').shadowRoot.querySelectorAll('#dropdown > div > #selector > div').length' successfully

2018-11-15 09:58:04 - [MESSAGE][PASSED] - Execute JavaScript 'document.querySelector('#default-station').shadowRoot.querySelector('#content').shadowRoot.querySelector('#selector > div:nth-child(62)').click()' successfully

2018-11-15 09:58:04 - [MESSAGE][PASSED] - Execute JavaScript 'return document.querySelector('#default-track').shadowRoot.querySelector('#content').shadowRoot.querySelectorAll('#dropdown > div > #selector > div').length' successfully

2018-11-15 09:58:04 - [MESSAGE][PASSED] - Execute JavaScript 'document.querySelector('#default-station').shadowRoot.querySelector('#content').shadowRoot.querySelector('#selector > div:nth-child(63)').click()' successfully

2018-11-15 09:58:04 - [MESSAGE][PASSED] - Execute JavaScript 'return document.querySelector('#default-track').shadowRoot.querySelector('#content').shadowRoot.querySelectorAll('#dropdown > div > #selector > div').length' successfully

2018-11-15 09:58:04 - [MESSAGE][PASSED] - Execute JavaScript 'document.querySelector('#default-station').shadowRoot.querySelector('#content').shadowRoot.querySelector('#selector > div:nth-child(64)').click()' successfully

2018-11-15 09:58:04 - [MESSAGE][PASSED] - Execute JavaScript 'return document.querySelector('#default-track').shadowRoot.querySelector('#content').shadowRoot.querySelectorAll('#dropdown > div > #selector > div').length' successfully

2018-11-15 09:58:04 - [MESSAGE][PASSED] - Execute JavaScript 'document.querySelector('#default-station').shadowRoot.querySelector('#content').shadowRoot.querySelector('#selector > div:nth-child(65)').click()' successfully

2018-11-15 09:58:04 - [MESSAGE][PASSED] - Execute JavaScript 'return document.querySelector('#default-track').shadowRoot.querySelector('#content').shadowRoot.querySelectorAll('#dropdown > div > #selector > div').length' successfully

2018-11-15 09:58:04 - [MESSAGE][PASSED] - Execute JavaScript 'document.querySelector('#default-station').shadowRoot.querySelector('#content').shadowRoot.querySelector('#selector > div:nth-child(66)').click()' successfully

2018-11-15 09:58:04 - [MESSAGE][PASSED] - Execute JavaScript 'return document.querySelector('#default-track').shadowRoot.querySelector('#content').shadowRoot.querySelectorAll('#dropdown > div > #selector > div').length' successfully

2018-11-15 09:58:04 - [MESSAGE][PASSED] - Execute JavaScript 'document.querySelector('#default-station').shadowRoot.querySelector('#content').shadowRoot.querySelector('#selector > div:nth-child(67)').click()' successfully

2018-11-15 09:58:04 - [MESSAGE][PASSED] - Execute JavaScript 'return document.querySelector('#default-track').shadowRoot.querySelector('#content').shadowRoot.querySelectorAll('#dropdown > div > #selector > div').length' successfully

2018-11-15 09:58:04 - [MESSAGE][PASSED] - Execute JavaScript 'document.querySelector('#default-station').shadowRoot.querySelector('#content').shadowRoot.querySelector('#selector > div:nth-child(68)').click()' successfully

2018-11-15 09:58:04 - [MESSAGE][PASSED] - Execute JavaScript 'return document.querySelector('#default-track').shadowRoot.querySelector('#content').shadowRoot.querySelectorAll('#dropdown > div > #selector > div').length' successfully

2018-11-15 09:58:04 - [MESSAGE][PASSED] - Execute JavaScript 'document.querySelector('#default-station').shadowRoot.querySelector('#content').shadowRoot.querySelector('#selector > div:nth-child(69)').click()' successfully

2018-11-15 09:58:04 - [MESSAGE][PASSED] - Execute JavaScript 'return document.querySelector('#default-track').shadowRoot.querySelector('#content').shadowRoot.querySelectorAll('#dropdown > div > #selector > div').length' successfully

2018-11-15 09:58:04 - [MESSAGE][PASSED] - Execute JavaScript 'document.querySelector('#default-station').shadowRoot.querySelector('#content').shadowRoot.querySelector('#selector > div:nth-child(70)').click()' successfully

2018-11-15 09:58:04 - [MESSAGE][PASSED] - Execute JavaScript 'return document.querySelector('#default-track').shadowRoot.querySelector('#content').shadowRoot.querySelectorAll('#dropdown > div > #selector > div').length' successfully

2018-11-15 09:58:04 - [MESSAGE][PASSED] - Execute JavaScript 'document.querySelector('#default-station').shadowRoot.querySelector('#content').shadowRoot.querySelector('#selector > div:nth-child(71)').click()' successfully

2018-11-15 09:58:04 - [MESSAGE][PASSED] - Execute JavaScript 'return document.querySelector('#default-track').shadowRoot.querySelector('#content').shadowRoot.querySelectorAll('#dropdown > div > #selector > div').length' successfully

2018-11-15 09:58:05 - [MESSAGE][PASSED] - Execute JavaScript 'document.querySelector('#default-station').shadowRoot.querySelector('#content').shadowRoot.querySelector('#selector > div:nth-child(72)').click()' successfully

2018-11-15 09:58:05 - [MESSAGE][PASSED] - Execute JavaScript 'return document.querySelector('#default-track').shadowRoot.querySelector('#content').shadowRoot.querySelectorAll('#dropdown > div > #selector > div').length' successfully

2018-11-15 09:58:05 - [MESSAGE][PASSED] - Execute JavaScript 'document.querySelector('#default-station').shadowRoot.querySelector('#content').shadowRoot.querySelector('#selector > div:nth-child(73)').click()' successfully

2018-11-15 09:58:05 - [MESSAGE][PASSED] - Execute JavaScript 'return document.querySelector('#default-track').shadowRoot.querySelector('#content').shadowRoot.querySelectorAll('#dropdown > div > #selector > div').length' successfully

2018-11-15 09:58:05 - [MESSAGE][PASSED] - Execute JavaScript 'document.querySelector('#default-station').shadowRoot.querySelector('#content').shadowRoot.querySelector('#selector > div:nth-child(74)').click()' successfully

2018-11-15 09:58:05 - [MESSAGE][PASSED] - Execute JavaScript 'return document.querySelector('#default-track').shadowRoot.querySelector('#content').shadowRoot.querySelectorAll('#dropdown > div > #selector > div').length' successfully

2018-11-15 09:58:05 - [MESSAGE][PASSED] - Execute JavaScript 'document.querySelector('#default-station').shadowRoot.querySelector('#content').shadowRoot.querySelector('#selector > div:nth-child(75)').click()' successfully

2018-11-15 09:58:05 - [MESSAGE][PASSED] - Execute JavaScript 'return document.querySelector('#default-track').shadowRoot.querySelector('#content').shadowRoot.querySelectorAll('#dropdown > div > #selector > div').length' successfully

2018-11-15 09:58:05 - [MESSAGE][PASSED] - Execute JavaScript 'document.querySelector('#default-station').shadowRoot.querySelector('#content').shadowRoot.querySelector('#selector > div:nth-child(76)').click()' successfully

2018-11-15 09:58:05 - [MESSAGE][PASSED] - Execute JavaScript 'return document.querySelector('#default-track').shadowRoot.querySelector('#content').shadowRoot.querySelectorAll('#dropdown > div > #selector > div').length' successfully

2018-11-15 09:58:05 - [MESSAGE][PASSED] - Execute JavaScript 'document.querySelector('#default-station').shadowRoot.querySelector('#content').shadowRoot.querySelector('#selector > div:nth-child(77)').click()' successfully

2018-11-15 09:58:05 - [MESSAGE][PASSED] - Execute JavaScript 'return document.querySelector('#default-track').shadowRoot.querySelector('#content').shadowRoot.querySelectorAll('#dropdown > div > #selector > div').length' successfully

2018-11-15 09:58:05 - [MESSAGE][PASSED] - Execute JavaScript 'document.querySelector('#default-station').shadowRoot.querySelector('#content').shadowRoot.querySelector('#selector > div:nth-child(78)').click()' successfully

2018-11-15 09:58:05 - [MESSAGE][PASSED] - Execute JavaScript 'return document.querySelector('#default-track').shadowRoot.querySelector('#content').shadowRoot.querySelectorAll('#dropdown > div > #selector > div').length' successfully

2018-11-15 09:58:05 - [MESSAGE][PASSED] - Execute JavaScript 'document.querySelector('#default-station').shadowRoot.querySelector('#content').shadowRoot.querySelector('#selector > div:nth-child(79)').click()' successfully

2018-11-15 09:58:05 - [MESSAGE][PASSED] - Execute JavaScript 'return document.querySelector('#default-track').shadowRoot.querySelector('#content').shadowRoot.querySelectorAll('#dropdown > div > #selector > div').length' successfully

2018-11-15 09:58:05 - [MESSAGE][PASSED] - Execute JavaScript 'document.querySelector('#default-station').shadowRoot.querySelector('#content').shadowRoot.querySelector('#selector > div:nth-child(80)').click()' successfully

2018-11-15 09:58:05 - [MESSAGE][PASSED] - Execute JavaScript 'return document.querySelector('#default-track').shadowRoot.querySelector('#content').shadowRoot.querySelectorAll('#dropdown > div > #selector > div').length' successfully

2018-11-15 09:58:05 - [MESSAGE][PASSED] - Execute JavaScript 'document.querySelector('#default-station').shadowRoot.querySelector('#content').shadowRoot.querySelector('#selector > div:nth-child(81)').click()' successfully

2018-11-15 09:58:05 - [MESSAGE][PASSED] - Execute JavaScript 'return document.querySelector('#default-track').shadowRoot.querySelector('#content').shadowRoot.querySelectorAll('#dropdown > div > #selector > div').length' successfully

2018-11-15 09:58:05 - [MESSAGE][PASSED] - Execute JavaScript 'document.querySelector('#default-station').shadowRoot.querySelector('#content').shadowRoot.querySelector('#selector > div:nth-child(82)').click()' successfully

2018-11-15 09:58:05 - [MESSAGE][PASSED] - Execute JavaScript 'return document.querySelector('#default-track').shadowRoot.querySelector('#content').shadowRoot.querySelectorAll('#dropdown > div > #selector > div').length' successfully

2018-11-15 09:58:06 - [MESSAGE][PASSED] - Execute JavaScript 'document.querySelector('#default-station').shadowRoot.querySelector('#content').shadowRoot.querySelector('#selector > div:nth-child(83)').click()' successfully

2018-11-15 09:58:06 - [MESSAGE][PASSED] - Execute JavaScript 'return document.querySelector('#default-track').shadowRoot.querySelector('#content').shadowRoot.querySelectorAll('#dropdown > div > #selector > div').length' successfully

2018-11-15 09:58:06 - [MESSAGE][PASSED] - Execute JavaScript 'document.querySelector('#default-station').shadowRoot.querySelector('#content').shadowRoot.querySelector('#selector > div:nth-child(84)').click()' successfully

2018-11-15 09:58:06 - [MESSAGE][PASSED] - Execute JavaScript 'return document.querySelector('#default-track').shadowRoot.querySelector('#content').shadowRoot.querySelectorAll('#dropdown > div > #selector > div').length' successfully

2018-11-15 09:58:06 - [MESSAGE][PASSED] - Execute JavaScript 'document.querySelector('#default-station').shadowRoot.querySelector('#content').shadowRoot.querySelector('#selector > div:nth-child(85)').click()' successfully

2018-11-15 09:58:06 - [MESSAGE][PASSED] - Execute JavaScript 'return document.querySelector('#default-track').shadowRoot.querySelector('#content').shadowRoot.querySelectorAll('#dropdown > div > #selector > div').length' successfully

2018-11-15 09:58:06 - [MESSAGE][PASSED] - Execute JavaScript 'document.querySelector('#default-station').shadowRoot.querySelector('#content').shadowRoot.querySelector('#selector > div:nth-child(86)').click()' successfully

2018-11-15 09:58:06 - [MESSAGE][PASSED] - Execute JavaScript 'return document.querySelector('#default-track').shadowRoot.querySelector('#content').shadowRoot.querySelectorAll('#dropdown > div > #selector > div').length' successfully

2018-11-15 09:58:06 - [MESSAGE][PASSED] - Execute JavaScript 'document.querySelector('#default-station').shadowRoot.querySelector('#content').shadowRoot.querySelector('#selector > div:nth-child(87)').click()' successfully

2018-11-15 09:58:06 - [MESSAGE][PASSED] - Execute JavaScript 'return document.querySelector('#default-track').shadowRoot.querySelector('#content').shadowRoot.querySelectorAll('#dropdown > div > #selector > div').length' successfully

2018-11-15 09:58:06 - [MESSAGE][PASSED] - Execute JavaScript 'document.querySelector('#default-station').shadowRoot.querySelector('#content').shadowRoot.querySelector('#selector > div:nth-child(88)').click()' successfully

2018-11-15 09:58:06 - [MESSAGE][PASSED] - Execute JavaScript 'return document.querySelector('#default-track').shadowRoot.querySelector('#content').shadowRoot.querySelectorAll('#dropdown > div > #selector > div').length' successfully

2018-11-15 09:58:06 - [MESSAGE][PASSED] - Execute JavaScript 'document.querySelector('#default-station').shadowRoot.querySelector('#content').shadowRoot.querySelector('#selector > div:nth-child(89)').click()' successfully

2018-11-15 09:58:06 - [MESSAGE][PASSED] - Execute JavaScript 'return document.querySelector('#default-track').shadowRoot.querySelector('#content').shadowRoot.querySelectorAll('#dropdown > div > #selector > div').length' successfully

2018-11-15 09:58:06 - [MESSAGE][PASSED] - Execute JavaScript 'document.querySelector('#default-station').shadowRoot.querySelector('#content').shadowRoot.querySelector('#selector > div:nth-child(90)').click()' successfully

2018-11-15 09:58:06 - [MESSAGE][PASSED] - Execute JavaScript 'return document.querySelector('#default-track').shadowRoot.querySelector('#content').shadowRoot.querySelectorAll('#dropdown > div > #selector > div').length' successfully

2018-11-15 09:58:06 - [MESSAGE][PASSED] - Execute JavaScript 'document.querySelector('#default-station').shadowRoot.querySelector('#content').shadowRoot.querySelector('#selector > div:nth-child(91)').click()' successfully

2018-11-15 09:58:06 - [MESSAGE][PASSED] - Execute JavaScript 'return document.querySelector('#default-track').shadowRoot.querySelector('#content').shadowRoot.querySelectorAll('#dropdown > div > #selector > div').length' successfully

2018-11-15 09:58:06 - [MESSAGE][PASSED] - Execute JavaScript 'document.querySelector('#default-station').shadowRoot.querySelector('#content').shadowRoot.querySelector('#selector > div:nth-child(92)').click()' successfully

2018-11-15 09:58:06 - [MESSAGE][PASSED] - Execute JavaScript 'return document.querySelector('#default-track').shadowRoot.querySelector('#content').shadowRoot.querySelectorAll('#dropdown > div > #selector > div').length' successfully

2018-11-15 09:58:06 - [MESSAGE][PASSED] - Execute JavaScript 'document.querySelector('#default-station').shadowRoot.querySelector('#content').shadowRoot.querySelector('#selector > div:nth-child(93)').click()' successfully

2018-11-15 09:58:06 - [MESSAGE][PASSED] - Execute JavaScript 'return document.querySelector('#default-track').shadowRoot.querySelector('#content').shadowRoot.querySelectorAll('#dropdown > div > #selector > div').length' successfully

2018-11-15 09:58:07 - [MESSAGE][PASSED] - Execute JavaScript 'document.querySelector('#default-station').shadowRoot.querySelector('#content').shadowRoot.querySelector('#selector > div:nth-child(94)').click()' successfully

2018-11-15 09:58:07 - [MESSAGE][PASSED] - Execute JavaScript 'return document.querySelector('#default-track').shadowRoot.querySelector('#content').shadowRoot.querySelectorAll('#dropdown > div > #selector > div').length' successfully

2018-11-15 09:58:07 - [MESSAGE][PASSED] - Execute JavaScript 'document.querySelector('#default-station').shadowRoot.querySelector('#content').shadowRoot.querySelector('#selector > div:nth-child(95)').click()' successfully

2018-11-15 09:58:07 - [MESSAGE][PASSED] - Execute JavaScript 'return document.querySelector('#default-track').shadowRoot.querySelector('#content').shadowRoot.querySelectorAll('#dropdown > div > #selector > div').length' successfully

2018-11-15 09:58:07 - [MESSAGE][PASSED] - Execute JavaScript 'document.querySelector('#default-station').shadowRoot.querySelector('#content').shadowRoot.querySelector('#selector > div:nth-child(96)').click()' successfully

2018-11-15 09:58:07 - [MESSAGE][PASSED] - Execute JavaScript 'return document.querySelector('#default-track').shadowRoot.querySelector('#content').shadowRoot.querySelectorAll('#dropdown > div > #selector > div').length' successfully

2018-11-15 09:58:07 - [MESSAGE][PASSED] - Execute JavaScript 'document.querySelector('#default-station').shadowRoot.querySelector('#content').shadowRoot.querySelector('#selector > div:nth-child(97)').click()' successfully

2018-11-15 09:58:07 - [MESSAGE][PASSED] - Execute JavaScript 'return document.querySelector('#default-track').shadowRoot.querySelector('#content').shadowRoot.querySelectorAll('#dropdown > div > #selector > div').length' successfully

2018-11-15 09:58:07 - [MESSAGE][PASSED] - Execute JavaScript 'document.querySelector('#default-station').shadowRoot.querySelector('#content').shadowRoot.querySelector('#selector > div:nth-child(98)').click()' successfully

2018-11-15 09:58:07 - [MESSAGE][PASSED] - Execute JavaScript 'return document.querySelector('#default-track').shadowRoot.querySelector('#content').shadowRoot.querySelectorAll('#dropdown > div > #selector > div').length' successfully

2018-11-15 09:58:07 - [MESSAGE][PASSED] - Execute JavaScript 'document.querySelector('#default-station').shadowRoot.querySelector('#content').shadowRoot.querySelector('#selector > div:nth-child(99)').click()' successfully

2018-11-15 09:58:07 - [MESSAGE][PASSED] - Execute JavaScript 'return document.querySelector('#default-track').shadowRoot.querySelector('#content').shadowRoot.querySelectorAll('#dropdown > div > #selector > div').length' successfully

2018-11-15 09:58:07 - [MESSAGE][PASSED] - Execute JavaScript 'document.querySelector('#default-station').shadowRoot.querySelector('#content').shadowRoot.querySelector('#selector > div:nth-child(100)').click()' successfully

2018-11-15 09:58:07 - [MESSAGE][PASSED] - Execute JavaScript 'return document.querySelector('#default-track').shadowRoot.querySelector('#content').shadowRoot.querySelectorAll('#dropdown > div > #selector > div').length' successfully

2018-11-15 09:58:07 - [MESSAGE][PASSED] - Execute JavaScript 'document.querySelector('#default-station').shadowRoot.querySelector('#content').shadowRoot.querySelector('#selector > div:nth-child(101)').click()' successfully

2018-11-15 09:58:07 - [MESSAGE][PASSED] - Execute JavaScript 'return document.querySelector('#default-track').shadowRoot.querySelector('#content').shadowRoot.querySelectorAll('#dropdown > div > #selector > div').length' successfully

2018-11-15 09:58:07 - [MESSAGE][PASSED] - Execute JavaScript 'document.querySelector('#default-station').shadowRoot.querySelector('#content').shadowRoot.querySelector('#selector > div:nth-child(102)').click()' successfully

2018-11-15 09:58:07 - [MESSAGE][PASSED] - Execute JavaScript 'return document.querySelector('#default-track').shadowRoot.querySelector('#content').shadowRoot.querySelectorAll('#dropdown > div > #selector > div').length' successfully

2018-11-15 09:58:07 - [MESSAGE][PASSED] - Execute JavaScript 'document.querySelector('#default-station').shadowRoot.querySelector('#content').shadowRoot.querySelector('#selector > div:nth-child(103)').click()' successfully

2018-11-15 09:58:07 - [MESSAGE][PASSED] - Execute JavaScript 'return document.querySelector('#default-track').shadowRoot.querySelector('#content').shadowRoot.querySelectorAll('#dropdown > div > #selector > div').length' successfully

2018-11-15 09:58:07 - [MESSAGE][PASSED] - Execute JavaScript 'document.querySelector('#default-station').shadowRoot.querySelector('#content').shadowRoot.querySelector('#selector > div:nth-child(104)').click()' successfully

2018-11-15 09:58:07 - [MESSAGE][PASSED] - Execute JavaScript 'return document.querySelector('#default-track').shadowRoot.querySelector('#content').shadowRoot.querySelectorAll('#dropdown > div > #selector > div').length' successfully

2018-11-15 09:58:08 - [MESSAGE][PASSED] - Execute JavaScript 'document.querySelector('#default-station').shadowRoot.querySelector('#content').shadowRoot.querySelector('#selector > div:nth-child(105)').click()' successfully

2018-11-15 09:58:08 - [MESSAGE][PASSED] - Execute JavaScript 'return document.querySelector('#default-track').shadowRoot.querySelector('#content').shadowRoot.querySelectorAll('#dropdown > div > #selector > div').length' successfully

2018-11-15 09:58:08 - [MESSAGE][PASSED] - Execute JavaScript 'document.querySelector('#default-station').shadowRoot.querySelector('#content').shadowRoot.querySelector('#selector > div:nth-child(106)').click()' successfully

2018-11-15 09:58:08 - [MESSAGE][PASSED] - Execute JavaScript 'return document.querySelector('#default-track').shadowRoot.querySelector('#content').shadowRoot.querySelectorAll('#dropdown > div > #selector > div').length' successfully

2018-11-15 09:58:08 - [MESSAGE][PASSED] - Execute JavaScript 'document.querySelector('#default-station').shadowRoot.querySelector('#content').shadowRoot.querySelector('#selector > div:nth-child(107)').click()' successfully

2018-11-15 09:58:08 - [MESSAGE][PASSED] - Execute JavaScript 'return document.querySelector('#default-track').shadowRoot.querySelector('#content').shadowRoot.querySelectorAll('#dropdown > div > #selector > div').length' successfully

2018-11-15 09:58:08 - [MESSAGE][PASSED] - Execute JavaScript 'document.querySelector('#default-station').shadowRoot.querySelector('#content').shadowRoot.querySelector('#selector > div:nth-child(108)').click()' successfully

2018-11-15 09:58:08 - [MESSAGE][PASSED] - Execute JavaScript 'return document.querySelector('#default-track').shadowRoot.querySelector('#content').shadowRoot.querySelectorAll('#dropdown > div > #selector > div').length' successfully

2018-11-15 09:58:08 - [MESSAGE][PASSED] - Execute JavaScript 'document.querySelector('#default-station').shadowRoot.querySelector('#content').shadowRoot.querySelector('#selector > div:nth-child(109)').click()' successfully

2018-11-15 09:58:08 - [MESSAGE][PASSED] - Execute JavaScript 'return document.querySelector('#default-track').shadowRoot.querySelector('#content').shadowRoot.querySelectorAll('#dropdown > div > #selector > div').length' successfully

2018-11-15 09:58:08 - [MESSAGE][PASSED] - Execute JavaScript 'document.querySelector('#default-station').shadowRoot.querySelector('#content').shadowRoot.querySelector('#selector > div:nth-child(110)').click()' successfully

2018-11-15 09:58:08 - [MESSAGE][PASSED] - Execute JavaScript 'return document.querySelector('#default-track').shadowRoot.querySelector('#content').shadowRoot.querySelectorAll('#dropdown > div > #selector > div').length' successfully

2018-11-15 09:58:08 - [MESSAGE][PASSED] - Execute JavaScript 'document.querySelector('#default-station').shadowRoot.querySelector('#content').shadowRoot.querySelector('#selector > div:nth-child(111)').click()' successfully

2018-11-15 09:58:08 - [MESSAGE][PASSED] - Execute JavaScript 'return document.querySelector('#default-track').shadowRoot.querySelector('#content').shadowRoot.querySelectorAll('#dropdown > div > #selector > div').length' successfully

2018-11-15 09:58:08 - [MESSAGE][PASSED] - Execute JavaScript 'document.querySelector('#default-station').shadowRoot.querySelector('#content').shadowRoot.querySelector('#selector > div:nth-child(112)').click()' successfully

2018-11-15 09:58:08 - [MESSAGE][PASSED] - Execute JavaScript 'return document.querySelector('#default-track').shadowRoot.querySelector('#content').shadowRoot.querySelectorAll('#dropdown > div > #selector > div').length' successfully

2018-11-15 09:58:08 - [MESSAGE][PASSED] - Execute JavaScript 'document.querySelector('#default-station').shadowRoot.querySelector('#content').shadowRoot.querySelector('#selector > div:nth-child(113)').click()' successfully

2018-11-15 09:58:08 - [MESSAGE][PASSED] - Execute JavaScript 'return document.querySelector('#default-track').shadowRoot.querySelector('#content').shadowRoot.querySelectorAll('#dropdown > div > #selector > div').length' successfully

2018-11-15 09:58:08 - [MESSAGE][PASSED] - Execute JavaScript 'document.querySelector('#default-station').shadowRoot.querySelector('#content').shadowRoot.querySelector('#selector > div:nth-child(114)').click()' successfully

2018-11-15 09:58:08 - [MESSAGE][PASSED] - Execute JavaScript 'return document.querySelector('#default-track').shadowRoot.querySelector('#content').shadowRoot.querySelectorAll('#dropdown > div > #selector > div').length' successfully

2018-11-15 09:58:08 - [MESSAGE][PASSED] - Execute JavaScript 'document.querySelector('#default-station').shadowRoot.querySelector('#content').shadowRoot.querySelector('#selector > div:nth-child(115)').click()' successfully

2018-11-15 09:58:09 - [MESSAGE][PASSED] - Execute JavaScript 'return document.querySelector('#default-track').shadowRoot.querySelector('#content').shadowRoot.querySelectorAll('#dropdown > div > #selector > div').length' successfully

2018-11-15 09:58:09 - [MESSAGE][PASSED] - Execute JavaScript 'document.querySelector('#default-station').shadowRoot.querySelector('#content').shadowRoot.querySelector('#selector > div:nth-child(116)').click()' successfully

2018-11-15 09:58:09 - [MESSAGE][PASSED] - Execute JavaScript 'return document.querySelector('#default-track').shadowRoot.querySelector('#content').shadowRoot.querySelectorAll('#dropdown > div > #selector > div').length' successfully

2018-11-15 09:58:09 - [MESSAGE][PASSED] - Execute JavaScript 'document.querySelector('#default-station').shadowRoot.querySelector('#content').shadowRoot.querySelector('#selector > div:nth-child(117)').click()' successfully

2018-11-15 09:58:09 - [MESSAGE][PASSED] - Execute JavaScript 'return document.querySelector('#default-track').shadowRoot.querySelector('#content').shadowRoot.querySelectorAll('#dropdown > div > #selector > div').length' successfully

2018-11-15 09:58:09 - [MESSAGE][PASSED] - Execute JavaScript 'document.querySelector('#default-station').shadowRoot.querySelector('#content').shadowRoot.querySelector('#selector > div:nth-child(118)').click()' successfully

2018-11-15 09:58:09 - [MESSAGE][PASSED] - Execute JavaScript 'return document.querySelector('#default-track').shadowRoot.querySelector('#content').shadowRoot.querySelectorAll('#dropdown > div > #selector > div').length' successfully

2018-11-15 09:58:09 - [MESSAGE][PASSED] - Execute JavaScript 'document.querySelector('#default-station').shadowRoot.querySelector('#content').shadowRoot.querySelector('#selector > div:nth-child(119)').click()' successfully

2018-11-15 09:58:09 - [MESSAGE][PASSED] - Execute JavaScript 'return document.querySelector('#default-track').shadowRoot.querySelector('#content').shadowRoot.querySelectorAll('#dropdown > div > #selector > div').length' successfully

2018-11-15 09:58:09 - [MESSAGE][PASSED] - Execute JavaScript 'document.querySelector('#default-station').shadowRoot.querySelector('#content').shadowRoot.querySelector('#selector > div:nth-child(120)').click()' successfully

2018-11-15 09:58:09 - [MESSAGE][PASSED] - Execute JavaScript 'return document.querySelector('#default-track').shadowRoot.querySelector('#content').shadowRoot.querySelectorAll('#dropdown > div > #selector > div').length' successfully

2018-11-15 09:58:09 - [MESSAGE][PASSED] - Execute JavaScript 'document.querySelector('#default-station').shadowRoot.querySelector('#content').shadowRoot.querySelector('#selector > div:nth-child(121)').click()' successfully

2018-11-15 09:58:09 - [MESSAGE][PASSED] - Execute JavaScript 'return document.querySelector('#default-track').shadowRoot.querySelector('#content').shadowRoot.querySelectorAll('#dropdown > div > #selector > div').length' successfully

2018-11-15 09:58:09 - [MESSAGE][PASSED] - Execute JavaScript 'document.querySelector('#default-station').shadowRoot.querySelector('#content').shadowRoot.querySelector('#selector > div:nth-child(122)').click()' successfully

2018-11-15 09:58:09 - [MESSAGE][PASSED] - Execute JavaScript 'return document.querySelector('#default-track').shadowRoot.querySelector('#content').shadowRoot.querySelectorAll('#dropdown > div > #selector > div').length' successfully

2018-11-15 09:58:09 - [MESSAGE][PASSED] - Execute JavaScript 'document.querySelector('#default-track').shadowRoot.querySelector('#content').shadowRoot.querySelector('#selector > div:nth-child(1)').click()' successfully

2018-11-15 09:58:09 - [MESSAGE][PASSED] - com.ge.tms.customer.CustomerActions.addCustomer is PASSED

2018-11-15 09:58:09 - [TEST_STEP][PASSED] - click: Object: 'Object Repository/F11762-View Customer/QA-US83146/US84104-View Customer/View Customer/CustomerPageObject/AddCustomer/SaveButton' is clicked on

2018-11-15 09:58:09 - [MESSAGE][PASSED] - Object: 'Object Repository/F11762-View Customer/QA-US83146/US84104-View Customer/View Customer/CustomerPageObject/AddCustomer/SaveButton' is clicked on

2018-11-15 09:58:09 - [TEST_STEP][FAILED] - com.ge.tms.customer.CustomerVerification.verifyCustomerDetailsInRightPane: Unable to verify equal between actual object '--' and expected object 'Billing' (Root cause: Actual object '--' and expected object 'Billing' are not equal)

2018-11-15 09:58:09 - [MESSAGE][PASSED] - Send request successfully

2018-11-15 09:58:09 - [MESSAGE][PASSED] - Send request successfully

2018-11-15 09:58:09 - [MESSAGE][PASSED] - Send request successfully

2018-11-15 09:58:09 - [MESSAGE][PASSED] - Send request successfully

2018-11-15 09:58:09 - [MESSAGE][PASSED] - Send request successfully

2018-11-15 09:58:09 - [MESSAGE][PASSED] - Send request successfully

2018-11-15 09:58:09 - [MESSAGE][PASSED] - Send request successfully

2018-11-15 09:58:09 - [MESSAGE][PASSED] - Send request successfully

2018-11-15 09:58:09 - [MESSAGE][PASSED] - Send request successfully

2018-11-15 09:58:10 - [MESSAGE][PASSED] - Text of object 'Object Repository/F11762-View Customer/QA-US83146/US84104-View Customer/View Customer/CustomerPageObject/rightPane/type' is: 'Billing'

2018-11-15 09:58:10 - [MESSAGE][PASSED] - Text of object 'Object Repository/F11762-View Customer/QA-US83146/US84104-View Customer/View Customer/CustomerPageObject/rightPane/altCode' is: 'alt10'

2018-11-15 09:58:10 - [MESSAGE][PASSED] - Text of object 'Object Repository/F11762-View Customer/QA-US83146/US84104-View Customer/View Customer/CustomerPageObject/rightPane/shortName' is: 'yhZ2LWF'

2018-11-15 09:58:10 - [MESSAGE][PASSED] - Text of object 'Object Repository/F11762-View Customer/QA-US83146/US84104-View Customer/View Customer/CustomerPageObject/rightPane/parent' is: '--'

2018-11-15 09:58:10 - [MESSAGE][PASSED] - Text of object 'Object Repository/F11762-View Customer/QA-US83146/US84104-View Customer/View Customer/CustomerPageObject/rightPane/address' is: '#101-5-87 - downtown'

2018-11-15 09:58:10 - [MESSAGE][PASSED] - Text of object 'Object Repository/F11762-View Customer/QA-US83146/US84104-View Customer/View Customer/CustomerPageObject/rightPane/city' is: 'chicago'

2018-11-15 09:58:10 - [MESSAGE][PASSED] - Text of object 'Object Repository/F11762-View Customer/QA-US83146/US84104-View Customer/View Customer/CustomerPageObject/rightPane/state' is: 'AK'

2018-11-15 09:58:10 - [MESSAGE][PASSED] - Text of object 'Object Repository/F11762-View Customer/QA-US83146/US84104-View Customer/View Customer/CustomerPageObject/rightPane/country' is: 'USA'

2018-11-15 09:58:10 - [MESSAGE][PASSED] - Text of object 'Object Repository/F11762-View Customer/QA-US83146/US84104-View Customer/View Customer/CustomerPageObject/rightPane/zip' is: '61001'

2018-11-15 09:58:10 - [MESSAGE][PASSED] - Text of object 'Object Repository/F11762-View Customer/QA-US83146/US84104-View Customer/View Customer/CustomerPageObject/rightPane/attention' is: 'Attention'

2018-11-15 09:58:10 - [MESSAGE][PASSED] - Text of object 'Object Repository/F11762-View Customer/QA-US83146/US84104-View Customer/View Customer/CustomerPageObject/rightPane/phone' is: '--'

2018-11-15 09:58:10 - [MESSAGE][PASSED] - Text of object 'Object Repository/F11762-View Customer/QA-US83146/US84104-View Customer/View Customer/CustomerPageObject/rightPane/fax' is: '--'

2018-11-15 09:58:10 - [MESSAGE][PASSED] - Text of object 'Object Repository/F11762-View Customer/QA-US83146/US84104-View Customer/View Customer/CustomerPageObject/rightPane/stationZone' is: 'TOLED - TY'

2018-11-15 09:58:10 - [MESSAGE][PASSED] - Text of object 'Object Repository/F11762-View Customer/QA-US83146/US84104-View Customer/View Customer/CustomerPageObject/rightPane/milepost' is: '100'

2018-11-15 09:58:10 - [MESSAGE][PASSED] - Text of object 'Object Repository/F11762-View Customer/QA-US83146/US84104-View Customer/View Customer/CustomerPageObject/rightPane/servingStation' is: '--'

2018-11-15 09:58:10 - [MESSAGE][PASSED] - Text of object 'Object Repository/F11762-View Customer/QA-US83146/US84104-View Customer/View Customer/CustomerPageObject/rightPane/defaultStationTrack' is: 'ECKD06C - LMRDRL'

2018-11-15 09:58:10 - [MESSAGE][FAILED] - Unable to verify equal between actual object '--' and expected object 'Billing' (Root cause: Actual object '--' and expected object 'Billing' are not equal)

2018-11-15 09:58:10 - [MESSAGE][FAILED] - Unable to verify equal between actual object '--' and expected object 'Billing' (Root cause: Actual object '--' and expected object 'Billing' are not equal)

2018-11-15 09:58:10 - [TEST_STEP][PASSED] - Start listener action : closeBrowserForTestCasse: Navigate to 'http://localhost:8080/home' successfully

2018-11-15 09:58:10 - [TEST_STEP][PASSED] - Statement - If (isTestSuitEnable == true): null

2018-11-15 09:58:10 - [TEST_STEP][PASSED] - Statement - beforeTestCaseExecute(): null

2018-11-15 09:58:10 - [TEST_STEP][PASSED] - Statement - If (isTestSuitEnable == true): Navigate to 'http://localhost:8080/home' successfully

2018-11-15 09:58:10 - [TEST_STEP][PASSED] - navigateToUrl: Navigate to 'http://localhost:8080/home' successfully

2018-11-15 09:58:12 - [MESSAGE][PASSED] - Navigate to 'http://localhost:8080/home' successfully

2018-11-15 09:58:12 - [TEST_STEP][PASSED] - Start listener action : afterTestCase: Invoke 'com.kms.katalon.core.annotation.AfterTestCase' method: 'TmsTestListner.afterTestCase(...)' completed.

2018-11-15 09:58:12 - [TEST_STEP][PASSED] - Statement - If (java.lang.System.getProperties().containsKey("updateRally")): Invoke 'com.kms.katalon.core.annotation.AfterTestCase' method: 'TmsTestListner.afterTestCase(...)' completed.]]></system-out>
         <system-err><![CDATA[2018-11-15 09:57:50 - [TEST_CASE][FAILED] - Test Cases/Customer/F11762-View Customer/QA-Add Edit Customer/US-Add Edit Customer/TC60768-AddCustomer: Test Cases/Customer/F11762-View Customer/QA-Add Edit Customer/US-Add Edit Customer/TC60768-AddCustomer FAILED because (of) Unable to verify equal between actual object '--' and expected object 'Billing' (Root cause: Actual object '--' and expected object 'Billing' are not equal)]]></system-err>
      </testcase>
      <testcase name="Test Cases/Customer/F11762-View Customer/QA-Add Edit Customer/US-Add Edit Customer/TC60523-Edit Customer" classname="Test Cases/Customer/F11762-View Customer/QA-Add Edit Customer/US-Add Edit Customer/TC60523-Edit Customer" status="PASSED">
         <system-out><![CDATA[2018-11-15 09:58:12 - [TEST_CASE][PASSED] - Test Cases/Customer/F11762-View Customer/QA-Add Edit Customer/US-Add Edit Customer/TC60523-Edit Customer: Test Cases/Customer/F11762-View Customer/QA-Add Edit Customer/US-Add Edit Customer/TC60523-Edit Customer

2018-11-15 09:58:12 - [TEST_STEP][PASSED] - Start listener action : beforeTestCaseExecute: Navigate to 'http://localhost:8080/home' successfully

2018-11-15 09:58:12 - [TEST_STEP][PASSED] - Statement - If (isTestSuitEnable == true): Navigate to 'http://localhost:8080/home' successfully

2018-11-15 09:58:12 - [TEST_STEP][PASSED] - navigateToUrl: Navigate to 'http://localhost:8080/home' successfully

2018-11-15 09:58:13 - [MESSAGE][PASSED] - Navigate to 'http://localhost:8080/home' successfully

2018-11-15 09:58:13 - [TEST_STEP][PASSED] - Statement - action = new com.ge.tms.customer.CustomerActions(): Send request successfully

2018-11-15 09:58:13 - [MESSAGE][PASSED] - Send request successfully

2018-11-15 09:58:13 - [MESSAGE][PASSED] - Send request successfully

2018-11-15 09:58:13 - [MESSAGE][PASSED] - Send request successfully

2018-11-15 09:58:13 - [MESSAGE][PASSED] - Send request successfully

2018-11-15 09:58:13 - [TEST_STEP][PASSED] - delay: Delayed 3 second(s)

2018-11-15 09:58:16 - [MESSAGE][PASSED] - Delayed 3 second(s)

2018-11-15 09:58:16 - [TEST_STEP][PASSED] - com.ge.tms.commonactions.CommonClickEvents.clickOnManageCustomers: com.ge.tms.commonactions.CommonClickEvents.clickOnManageCustomers is PASSED

2018-11-15 09:58:16 - [MESSAGE][PASSED] - Execute JavaScript 'document.querySelector('px-app-nav').shadowRoot.querySelector('#items > px-app-nav-group:nth-child(13) > px-app-nav-subitem:nth-child(2)').click()' successfully

2018-11-15 09:58:17 - [MESSAGE][PASSED] - Delayed 1 second(s)

2018-11-15 09:58:17 - [MESSAGE][PASSED] - com.ge.tms.commonactions.CommonClickEvents.clickOnManageCustomers is PASSED

2018-11-15 09:58:17 - [TEST_STEP][PASSED] - com.ge.tms.customer.CustomerVerification.verifyCustomerPageHeader: com.ge.tms.customer.CustomerVerification.verifyCustomerPageHeader is PASSED

2018-11-15 09:58:17 - [MESSAGE][PASSED] - Send request successfully

2018-11-15 09:58:17 - [MESSAGE][PASSED] - Send request successfully

2018-11-15 09:58:17 - [MESSAGE][PASSED] - Send request successfully

2018-11-15 09:58:17 - [MESSAGE][PASSED] - Send request successfully

2018-11-15 09:58:17 - [MESSAGE][PASSED] - Send request successfully

2018-11-15 09:58:17 - [MESSAGE][PASSED] - Send request successfully

2018-11-15 09:58:17 - [MESSAGE][PASSED] - Send request successfully

2018-11-15 09:58:17 - [MESSAGE][PASSED] - Send request successfully

2018-11-15 09:58:17 - [MESSAGE][PASSED] - Send request successfully

2018-11-15 09:58:17 - [MESSAGE][PASSED] - Text of object 'Object Repository/F11762-View Customer/QA-US83146/US84104-View Customer/View Customer/CustomerPageObject/h1_Manage Customers' is: 'Customer Management'

2018-11-15 09:58:17 - [MESSAGE][PASSED] - Actual object 'Customer Management' and expected object 'Customer Management' are equal

2018-11-15 09:58:17 - [MESSAGE][PASSED] - com.ge.tms.customer.CustomerVerification.verifyCustomerPageHeader is PASSED

2018-11-15 09:58:17 - [TEST_STEP][PASSED] - com.ge.tms.customer.CustomerActions.selectNewlyCreatedCustomer: com.ge.tms.customer.CustomerActions.selectNewlyCreatedCustomer is PASSED

2018-11-15 09:58:17 - [MESSAGE][PASSED] - Send request successfully

2018-11-15 09:58:17 - [MESSAGE][PASSED] - Send request successfully

2018-11-15 09:58:17 - [MESSAGE][PASSED] - Send request successfully

2018-11-15 09:58:17 - [MESSAGE][PASSED] - Send request successfully

2018-11-15 09:58:17 - [MESSAGE][PASSED] - com.ge.tms.customer.CustomerActions.selectNewlyCreatedCustomer is PASSED

2018-11-15 09:58:17 - [TEST_STEP][PASSED] - com.ge.tms.commonactions.CommonClickEvents.clickOnCustomerActionsDropdown: com.ge.tms.commonactions.CommonClickEvents.clickOnCustomerActionsDropdown is PASSED

2018-11-15 09:58:17 - [MESSAGE][PASSED] - Execute JavaScript 'document.querySelector("#customer-actions-dropdown").shadowRoot.querySelector("#trigger").click()' successfully

2018-11-15 09:58:17 - [MESSAGE][PASSED] - com.ge.tms.commonactions.CommonClickEvents.clickOnCustomerActionsDropdown is PASSED

2018-11-15 09:58:17 - [TEST_STEP][PASSED] - executeJavaScript: Execute JavaScript 'return document.querySelectorAll("#root px-dropdown")[1].shadowRoot.querySelector("#content").shadowRoot.querySelector("#selector > div:nth-child(1) > span").click()' successfully

2018-11-15 09:58:18 - [MESSAGE][PASSED] - Execute JavaScript 'return document.querySelectorAll("#root px-dropdown")[1].shadowRoot.querySelector("#content").shadowRoot.querySelector("#selector > div:nth-child(1) > span").click()' successfully

2018-11-15 09:58:18 - [TEST_STEP][PASSED] - delay: Delayed 1 second(s)

2018-11-15 09:58:19 - [MESSAGE][PASSED] - Delayed 1 second(s)

2018-11-15 09:58:19 - [TEST_STEP][PASSED] - clearText: Text of object 'Object Repository/F11762-View Customer/QA-US83146/US84104-View Customer/View Customer/CustomerPageObject/AddCustomer/AltCode' is cleared

2018-11-15 09:58:19 - [MESSAGE][PASSED] - Text of object 'Object Repository/F11762-View Customer/QA-US83146/US84104-View Customer/View Customer/CustomerPageObject/AddCustomer/AltCode' is cleared

2018-11-15 09:58:19 - [TEST_STEP][PASSED] - Statement - alternateCodeToUpdate = "Update Code": null

2018-11-15 09:58:19 - [TEST_STEP][PASSED] - setText: Text 'Update Code' is set on object 'Object Repository/F11762-View Customer/QA-US83146/US84104-View Customer/View Customer/CustomerPageObject/AddCustomer/AltCode'

2018-11-15 09:58:19 - [MESSAGE][PASSED] - Text 'Update Code' is set on object 'Object Repository/F11762-View Customer/QA-US83146/US84104-View Customer/View Customer/CustomerPageObject/AddCustomer/AltCode'

2018-11-15 09:58:19 - [TEST_STEP][PASSED] - clearText: Text of object 'Object Repository/F11762-View Customer/QA-US83146/US84104-View Customer/View Customer/CustomerPageObject/AddCustomer/Attention' is cleared

2018-11-15 09:58:19 - [MESSAGE][PASSED] - Text of object 'Object Repository/F11762-View Customer/QA-US83146/US84104-View Customer/View Customer/CustomerPageObject/AddCustomer/Attention' is cleared

2018-11-15 09:58:19 - [TEST_STEP][PASSED] - Statement - attentionToUpdate = "Update Attention": null

2018-11-15 09:58:19 - [TEST_STEP][PASSED] - setText: Text 'Update Attention' is set on object 'Object Repository/F11762-View Customer/QA-US83146/US84104-View Customer/View Customer/CustomerPageObject/AddCustomer/Attention'

2018-11-15 09:58:20 - [MESSAGE][PASSED] - Text 'Update Attention' is set on object 'Object Repository/F11762-View Customer/QA-US83146/US84104-View Customer/View Customer/CustomerPageObject/AddCustomer/Attention'

2018-11-15 09:58:20 - [TEST_STEP][PASSED] - clearText: Text of object 'Object Repository/F11762-View Customer/QA-US83146/US84104-View Customer/View Customer/CustomerPageObject/AddCustomer/AddressKey2' is cleared

2018-11-15 09:58:20 - [MESSAGE][PASSED] - Text of object 'Object Repository/F11762-View Customer/QA-US83146/US84104-View Customer/View Customer/CustomerPageObject/AddCustomer/AddressKey2' is cleared

2018-11-15 09:58:20 - [TEST_STEP][PASSED] - Statement - address2ToUpdate = "Update Address 2": null

2018-11-15 09:58:20 - [TEST_STEP][PASSED] - setText: Text 'Update Address 2' is set on object 'Object Repository/F11762-View Customer/QA-US83146/US84104-View Customer/View Customer/CustomerPageObject/AddCustomer/AddressKey2'

2018-11-15 09:58:20 - [MESSAGE][PASSED] - Text 'Update Address 2' is set on object 'Object Repository/F11762-View Customer/QA-US83146/US84104-View Customer/View Customer/CustomerPageObject/AddCustomer/AddressKey2'

2018-11-15 09:58:20 - [TEST_STEP][PASSED] - clearText: Text of object 'Object Repository/F11762-View Customer/QA-US83146/US84104-View Customer/View Customer/CustomerPageObject/AddCustomer/MilePost' is cleared

2018-11-15 09:58:20 - [MESSAGE][PASSED] - Text of object 'Object Repository/F11762-View Customer/QA-US83146/US84104-View Customer/View Customer/CustomerPageObject/AddCustomer/MilePost' is cleared

2018-11-15 09:58:20 - [TEST_STEP][PASSED] - Statement - milePostToUpdate = action.randomMilePost(): null

2018-11-15 09:58:20 - [TEST_STEP][PASSED] - setText: Text '2535' is set on object 'Object Repository/F11762-View Customer/QA-US83146/US84104-View Customer/View Customer/CustomerPageObject/AddCustomer/MilePost'

2018-11-15 09:58:21 - [MESSAGE][PASSED] - Text '2535' is set on object 'Object Repository/F11762-View Customer/QA-US83146/US84104-View Customer/View Customer/CustomerPageObject/AddCustomer/MilePost'

2018-11-15 09:58:21 - [TEST_STEP][PASSED] - click: Object: 'Object Repository/F11762-View Customer/QA-US83146/US84104-View Customer/View Customer/CustomerPageObject/AddCustomer/SaveButton' is clicked on

2018-11-15 09:58:21 - [MESSAGE][PASSED] - Object: 'Object Repository/F11762-View Customer/QA-US83146/US84104-View Customer/View Customer/CustomerPageObject/AddCustomer/SaveButton' is clicked on

2018-11-15 09:58:21 - [TEST_STEP][PASSED] - delay: Delayed 1 second(s)

2018-11-15 09:58:22 - [MESSAGE][PASSED] - Delayed 1 second(s)

2018-11-15 09:58:22 - [TEST_STEP][PASSED] - Statement - alternateCodeModified = com.kms.katalon.core.webui.keyword.WebUiBuiltInKeywords.getText(com.kms.katalon.core.testobject.ObjectRepository.findTestObject(Object Repository/F11762-View Customer/QA-US83146/US84104-View Customer/View Customer/CustomerPageObject/rightPane/altCode)): Text of object 'Object Repository/F11762-View Customer/QA-US83146/US84104-View Customer/View Customer/CustomerPageObject/rightPane/altCode' is: 'Update Code'

2018-11-15 09:58:22 - [MESSAGE][PASSED] - Text of object 'Object Repository/F11762-View Customer/QA-US83146/US84104-View Customer/View Customer/CustomerPageObject/rightPane/altCode' is: 'Update Code'

2018-11-15 09:58:22 - [TEST_STEP][PASSED] - Statement - attentionModified = com.kms.katalon.core.webui.keyword.WebUiBuiltInKeywords.getText(com.kms.katalon.core.testobject.ObjectRepository.findTestObject(Object Repository/F11762-View Customer/QA-US83146/US84104-View Customer/View Customer/CustomerPageObject/rightPane/attention)): Text of object 'Object Repository/F11762-View Customer/QA-US83146/US84104-View Customer/View Customer/CustomerPageObject/rightPane/attention' is: 'Update Attention'

2018-11-15 09:58:22 - [MESSAGE][PASSED] - Text of object 'Object Repository/F11762-View Customer/QA-US83146/US84104-View Customer/View Customer/CustomerPageObject/rightPane/attention' is: 'Update Attention'

2018-11-15 09:58:22 - [TEST_STEP][PASSED] - Statement - address2Modified = com.kms.katalon.core.webui.keyword.WebUiBuiltInKeywords.getText(com.kms.katalon.core.testobject.ObjectRepository.findTestObject(Object Repository/F11762-View Customer/QA-US83146/US84104-View Customer/View Customer/CustomerPageObject/rightPane/address)): Text of object 'Object Repository/F11762-View Customer/QA-US83146/US84104-View Customer/View Customer/CustomerPageObject/rightPane/address' is: 'hghg - Update Address 2'

2018-11-15 09:58:22 - [MESSAGE][PASSED] - Text of object 'Object Repository/F11762-View Customer/QA-US83146/US84104-View Customer/View Customer/CustomerPageObject/rightPane/address' is: 'hghg - Update Address 2'

2018-11-15 09:58:22 - [TEST_STEP][PASSED] - Statement - milePostModified = com.kms.katalon.core.webui.keyword.WebUiBuiltInKeywords.getText(com.kms.katalon.core.testobject.ObjectRepository.findTestObject(Object Repository/F11762-View Customer/QA-US83146/US84104-View Customer/View Customer/CustomerPageObject/rightPane/milepost)): Text of object 'Object Repository/F11762-View Customer/QA-US83146/US84104-View Customer/View Customer/CustomerPageObject/rightPane/milepost' is: '2535'

2018-11-15 09:58:22 - [MESSAGE][PASSED] - Text of object 'Object Repository/F11762-View Customer/QA-US83146/US84104-View Customer/View Customer/CustomerPageObject/rightPane/milepost' is: '2535'

2018-11-15 09:58:22 - [TEST_STEP][PASSED] - verifyEqual: Actual object 'Update Code' and expected object 'Update Code' are equal

2018-11-15 09:58:22 - [MESSAGE][PASSED] - Actual object 'Update Code' and expected object 'Update Code' are equal

2018-11-15 09:58:22 - [TEST_STEP][PASSED] - verifyEqual: Actual object 'Update Attention' and expected object 'Update Attention' are equal

2018-11-15 09:58:22 - [MESSAGE][PASSED] - Actual object 'Update Attention' and expected object 'Update Attention' are equal

2018-11-15 09:58:22 - [TEST_STEP][PASSED] - verifyEqual: Actual object '2535' and expected object '2535' are equal

2018-11-15 09:58:22 - [MESSAGE][PASSED] - Actual object '2535' and expected object '2535' are equal

2018-11-15 09:58:22 - [TEST_STEP][PASSED] - Start listener action : closeBrowserForTestCasse: Navigate to 'http://localhost:8080/home' successfully

2018-11-15 09:58:22 - [TEST_STEP][PASSED] - Statement - If (isTestSuitEnable == true): null

2018-11-15 09:58:22 - [TEST_STEP][PASSED] - Statement - beforeTestCaseExecute(): null

2018-11-15 09:58:22 - [TEST_STEP][PASSED] - Statement - If (isTestSuitEnable == true): Navigate to 'http://localhost:8080/home' successfully

2018-11-15 09:58:22 - [TEST_STEP][PASSED] - navigateToUrl: Navigate to 'http://localhost:8080/home' successfully

2018-11-15 09:58:23 - [MESSAGE][PASSED] - Navigate to 'http://localhost:8080/home' successfully

2018-11-15 09:58:23 - [TEST_STEP][PASSED] - Start listener action : afterTestCase: Invoke 'com.kms.katalon.core.annotation.AfterTestCase' method: 'TmsTestListner.afterTestCase(...)' completed.

2018-11-15 09:58:23 - [TEST_STEP][PASSED] - Statement - If (java.lang.System.getProperties().containsKey("updateRally")): Invoke 'com.kms.katalon.core.annotation.AfterTestCase' method: 'TmsTestListner.afterTestCase(...)' completed.]]></system-out>
         <system-err><![CDATA[]]></system-err>
      </testcase>
      <testcase name="Test Cases/Customer/F11762-View Customer/QA-Add Edit Customer/US-Add Edit Customer/TC60946-AddCustomerValidations" classname="Test Cases/Customer/F11762-View Customer/QA-Add Edit Customer/US-Add Edit Customer/TC60946-AddCustomerValidations" status="ERROR">
         <error type="ERROR" message="Test Cases/Customer/F11762-View Customer/QA-Add Edit Customer/US-Add Edit Customer/TC60946-AddCustomerValidations FAILED because (of) groovy.json.JsonException: Unable to determine the current character, it is not a string, number, array, or object

The current character read is '&lt;' with an int value of 60
Unable to determine the current character, it is not a string, number, array, or object
line number 1
index number 0
&lt;html>&lt;body>&lt;h1>Whitelabel Error Page&lt;/h1>&lt;p>This application has no configured error view, so you are seeing this as a fallback.&lt;/p>&lt;div id='created'>Thu Nov 15 09:58:31 IST 2018&lt;/div>&lt;div>There was an unexpected error (type=Internal Server Error, status=500).&lt;/div>&lt;div>No enum constant com.cd.track.TrackType.T&lt;/div>&lt;/body>&lt;/html>
^"/>
         <system-out><![CDATA[2018-11-15 09:58:23 - [TEST_CASE][ERROR] - Test Cases/Customer/F11762-View Customer/QA-Add Edit Customer/US-Add Edit Customer/TC60946-AddCustomerValidations: Test Cases/Customer/F11762-View Customer/QA-Add Edit Customer/US-Add Edit Customer/TC60946-AddCustomerValidations FAILED because (of) groovy.json.JsonException: Unable to determine the current character, it is not a string, number, array, or object

The current character read is '<' with an int value of 60
Unable to determine the current character, it is not a string, number, array, or object
line number 1
index number 0
<html><body><h1>Whitelabel Error Page</h1><p>This application has no configured error view, so you are seeing this as a fallback.</p><div id='created'>Thu Nov 15 09:58:31 IST 2018</div><div>There was an unexpected error (type=Internal Server Error, status=500).</div><div>No enum constant com.cd.track.TrackType.T</div></body></html>
^

2018-11-15 09:58:23 - [TEST_STEP][PASSED] - Start listener action : beforeTestCaseExecute: Navigate to 'http://localhost:8080/home' successfully

2018-11-15 09:58:23 - [TEST_STEP][PASSED] - Statement - If (isTestSuitEnable == true): Navigate to 'http://localhost:8080/home' successfully

2018-11-15 09:58:23 - [TEST_STEP][PASSED] - navigateToUrl: Navigate to 'http://localhost:8080/home' successfully

2018-11-15 09:58:24 - [MESSAGE][PASSED] - Navigate to 'http://localhost:8080/home' successfully

2018-11-15 09:58:24 - [TEST_STEP][PASSED] - com.ge.tms.commonactions.CommonClickEvents.clickOnManageCustomers: com.ge.tms.commonactions.CommonClickEvents.clickOnManageCustomers is PASSED

2018-11-15 09:58:24 - [MESSAGE][PASSED] - Execute JavaScript 'document.querySelector('px-app-nav').shadowRoot.querySelector('#items > px-app-nav-group:nth-child(13) > px-app-nav-subitem:nth-child(2)').click()' successfully

2018-11-15 09:58:25 - [MESSAGE][PASSED] - Delayed 1 second(s)

2018-11-15 09:58:25 - [MESSAGE][PASSED] - com.ge.tms.commonactions.CommonClickEvents.clickOnManageCustomers is PASSED

2018-11-15 09:58:25 - [TEST_STEP][PASSED] - com.ge.tms.customer.CustomerVerification.verifyCustomerPageHeader: com.ge.tms.customer.CustomerVerification.verifyCustomerPageHeader is PASSED

2018-11-15 09:58:25 - [MESSAGE][PASSED] - Send request successfully

2018-11-15 09:58:25 - [MESSAGE][PASSED] - Send request successfully

2018-11-15 09:58:25 - [MESSAGE][PASSED] - Send request successfully

2018-11-15 09:58:25 - [MESSAGE][PASSED] - Send request successfully

2018-11-15 09:58:25 - [MESSAGE][PASSED] - Send request successfully

2018-11-15 09:58:25 - [MESSAGE][PASSED] - Send request successfully

2018-11-15 09:58:25 - [MESSAGE][PASSED] - Send request successfully

2018-11-15 09:58:25 - [MESSAGE][PASSED] - Send request successfully

2018-11-15 09:58:25 - [MESSAGE][PASSED] - Send request successfully

2018-11-15 09:58:25 - [MESSAGE][PASSED] - Text of object 'Object Repository/F11762-View Customer/QA-US83146/US84104-View Customer/View Customer/CustomerPageObject/h1_Manage Customers' is: 'Customer Management'

2018-11-15 09:58:25 - [MESSAGE][PASSED] - Actual object 'Customer Management' and expected object 'Customer Management' are equal

2018-11-15 09:58:25 - [MESSAGE][PASSED] - com.ge.tms.customer.CustomerVerification.verifyCustomerPageHeader is PASSED

2018-11-15 09:58:25 - [TEST_STEP][PASSED] - click: Object: 'Object Repository/F11762-View Customer/QA-US83146/US84104-View Customer/View Customer/CustomerPageObject/AddCustomer/AddCustomerButton' is clicked on

2018-11-15 09:58:25 - [MESSAGE][PASSED] - Object: 'Object Repository/F11762-View Customer/QA-US83146/US84104-View Customer/View Customer/CustomerPageObject/AddCustomer/AddCustomerButton' is clicked on

2018-11-15 09:58:25 - [TEST_STEP][PASSED] - delay: Delayed 1 second(s)

2018-11-15 09:58:26 - [MESSAGE][PASSED] - Delayed 1 second(s)

2018-11-15 09:58:26 - [TEST_STEP][PASSED] - Statement - saveButtonObject = com.kms.katalon.core.testobject.ObjectRepository.findTestObject(Object Repository/F11762-View Customer/QA-US83146/US84104-View Customer/View Customer/CustomerPageObject/AddCustomer/SaveButton): Finding Test Object with id 'Object Repository/F11762-View Customer/QA-US83146/US84104-View Customer/View Customer/CustomerPageObject/AddCustomer/SaveButton'

2018-11-15 09:58:26 - [TEST_STEP][PASSED] - com.ge.tms.customer.CustomerVerification.verifySaveButtonDisabled: com.ge.tms.customer.CustomerVerification.verifySaveButtonDisabled is PASSED

2018-11-15 09:58:26 - [MESSAGE][PASSED] - Send request successfully

2018-11-15 09:58:26 - [MESSAGE][PASSED] - Send request successfully

2018-11-15 09:58:26 - [MESSAGE][PASSED] - Send request successfully

2018-11-15 09:58:26 - [MESSAGE][PASSED] - Send request successfully

2018-11-15 09:58:27 - [MESSAGE][PASSED] - Send request successfully

2018-11-15 09:58:27 - [MESSAGE][PASSED] - Send request successfully

2018-11-15 09:58:27 - [MESSAGE][PASSED] - Send request successfully

2018-11-15 09:58:27 - [MESSAGE][PASSED] - Send request successfully

2018-11-15 09:58:27 - [MESSAGE][PASSED] - Send request successfully

2018-11-15 09:58:27 - [MESSAGE][PASSED] - Attribute 'class' of object 'Object Repository/F11762-View Customer/QA-US83146/US84104-View Customer/View Customer/CustomerPageObject/AddCustomer/SaveButton' is: 'btn btn--disabled btn--call-to-action float--right u-mr'

2018-11-15 09:58:27 - [MESSAGE][PASSED] - Actual object 'true' and expected object 'true' are equal

2018-11-15 09:58:27 - [MESSAGE][PASSED] - com.ge.tms.customer.CustomerVerification.verifySaveButtonDisabled is PASSED

2018-11-15 09:58:27 - [TEST_STEP][PASSED] - Statement - cancelButtonText = com.kms.katalon.core.webui.keyword.WebUiBuiltInKeywords.getText(com.kms.katalon.core.testobject.ObjectRepository.findTestObject(Object Repository/F11762-View Customer/QA-US83146/US84104-View Customer/View Customer/CustomerPageObject/AddCustomer/CancelButton)): Text of object 'Object Repository/F11762-View Customer/QA-US83146/US84104-View Customer/View Customer/CustomerPageObject/AddCustomer/CancelButton' is: 'Cancel'

2018-11-15 09:58:27 - [MESSAGE][PASSED] - Text of object 'Object Repository/F11762-View Customer/QA-US83146/US84104-View Customer/View Customer/CustomerPageObject/AddCustomer/CancelButton' is: 'Cancel'

2018-11-15 09:58:27 - [TEST_STEP][PASSED] - verifyEqual: Actual object 'Cancel' and expected object 'Cancel' are equal

2018-11-15 09:58:27 - [MESSAGE][PASSED] - Actual object 'Cancel' and expected object 'Cancel' are equal

2018-11-15 09:58:27 - [TEST_STEP][PASSED] - com.ge.tms.customer.CustomerVerification.verifyMandatoryFieldsErrorMessages: com.ge.tms.customer.CustomerVerification.verifyMandatoryFieldsErrorMessages is PASSED

2018-11-15 09:58:27 - [MESSAGE][PASSED] - Send request successfully

2018-11-15 09:58:27 - [MESSAGE][PASSED] - Send request successfully

2018-11-15 09:58:27 - [MESSAGE][PASSED] - Send request successfully

2018-11-15 09:58:27 - [MESSAGE][PASSED] - Send request successfully

2018-11-15 09:58:27 - [MESSAGE][PASSED] - Send request successfully

2018-11-15 09:58:27 - [MESSAGE][PASSED] - Send request successfully

2018-11-15 09:58:27 - [MESSAGE][PASSED] - Send request successfully

2018-11-15 09:58:27 - [MESSAGE][PASSED] - Send request successfully

2018-11-15 09:58:27 - [MESSAGE][PASSED] - Send request successfully

2018-11-15 09:58:27 - [MESSAGE][PASSED] - Text 'a' is set on object 'Object Repository/F11762-View Customer/QA-US83146/US84104-View Customer/View Customer/CustomerPageObject/AddCustomer/customerName'

2018-11-15 09:58:27 - [MESSAGE][PASSED] - Keys '' sent to object: 'Object Repository/F11762-View Customer/QA-US83146/US84104-View Customer/View Customer/CustomerPageObject/AddCustomer/customerName'

2018-11-15 09:58:27 - [MESSAGE][PASSED] - Text '1' is set on object 'Object Repository/F11762-View Customer/QA-US83146/US84104-View Customer/View Customer/CustomerPageObject/AddCustomer/customerId'

2018-11-15 09:58:27 - [MESSAGE][PASSED] - Keys '' sent to object: 'Object Repository/F11762-View Customer/QA-US83146/US84104-View Customer/View Customer/CustomerPageObject/AddCustomer/customerId'

2018-11-15 09:58:27 - [MESSAGE][PASSED] - Text 'a' is set on object 'Object Repository/F11762-View Customer/QA-US83146/US84104-View Customer/View Customer/CustomerPageObject/AddCustomer/AddressKey'

2018-11-15 09:58:27 - [MESSAGE][PASSED] - Keys '' sent to object: 'Object Repository/F11762-View Customer/QA-US83146/US84104-View Customer/View Customer/CustomerPageObject/AddCustomer/AddressKey'

2018-11-15 09:58:27 - [MESSAGE][PASSED] - Execute JavaScript 'document.querySelector("#customer-type").shadowRoot.querySelector("#content").shadowRoot.querySelector("#selector > div:nth-child(1)").click()' successfully

2018-11-15 09:58:28 - [MESSAGE][PASSED] - Execute JavaScript 'document.querySelector("#customer-type").shadowRoot.querySelector("#trigger").click()' successfully

2018-11-15 09:58:28 - [MESSAGE][PASSED] - Execute JavaScript 'document.querySelector("#customer-type").shadowRoot.querySelector("#trigger").shadowRoot.querySelector("#trigger > px-icon:nth-child(4)").click()' successfully

2018-11-15 09:58:28 - [MESSAGE][PASSED] - Keys '	' sent to object: 'Object Repository/F11762-View Customer/QA-US83146/US84104-View Customer/View Customer/CustomerPageObject/AddCustomer/AddressKey'

2018-11-15 09:58:30 - [MESSAGE][PASSED] - Delayed 2 second(s)

2018-11-15 09:58:30 - [MESSAGE][PASSED] - Text of object 'Object Repository/F11762-View Customer/QA-US83146/US84104-View Customer/View Customer/CustomerPageObject/AddCustomer/custNameErrorMsg' is: 'CUSTOMER NAME CANNOT BE EMPTY'

2018-11-15 09:58:30 - [MESSAGE][PASSED] - Text of object 'Object Repository/F11762-View Customer/QA-US83146/US84104-View Customer/View Customer/CustomerPageObject/AddCustomer/customerIdErrorMsg' is: 'CUSTOMER ID CANNOT BE EMPTY'

2018-11-15 09:58:30 - [MESSAGE][PASSED] - Text of object 'Object Repository/F11762-View Customer/QA-US83146/US84104-View Customer/View Customer/CustomerPageObject/AddCustomer/addressKeyErrorMsg' is: 'CUSTOMER ADDRESS TYPE CANNOT BE EMPTY'

2018-11-15 09:58:30 - [MESSAGE][PASSED] - Text of object 'Object Repository/F11762-View Customer/QA-US83146/US84104-View Customer/View Customer/CustomerPageObject/AddCustomer/customerTypeErrorMsg' is: 'CUSTOMER TYPE CANNOT BE EMPTY'

2018-11-15 09:58:30 - [MESSAGE][PASSED] - Actual object 'CUSTOMER NAME CANNOT BE EMPTY' and expected object 'CUSTOMER NAME CANNOT BE EMPTY' are equal

2018-11-15 09:58:30 - [MESSAGE][PASSED] - Actual object 'CUSTOMER ID CANNOT BE EMPTY' and expected object 'CUSTOMER ID CANNOT BE EMPTY' are equal

2018-11-15 09:58:30 - [MESSAGE][PASSED] - Actual object 'CUSTOMER ADDRESS TYPE CANNOT BE EMPTY' and expected object 'CUSTOMER ADDRESS TYPE CANNOT BE EMPTY' are equal

2018-11-15 09:58:30 - [MESSAGE][PASSED] - Actual object 'CUSTOMER TYPE CANNOT BE EMPTY' and expected object 'CUSTOMER TYPE CANNOT BE EMPTY' are equal

2018-11-15 09:58:30 - [MESSAGE][PASSED] - Text '@' is set on object 'Object Repository/F11762-View Customer/QA-US83146/US84104-View Customer/View Customer/CustomerPageObject/AddCustomer/customerId'

2018-11-15 09:58:30 - [MESSAGE][PASSED] - Keys '	' sent to object: 'Object Repository/F11762-View Customer/QA-US83146/US84104-View Customer/View Customer/CustomerPageObject/AddCustomer/customerId'

2018-11-15 09:58:30 - [MESSAGE][PASSED] - Text of object 'Object Repository/F11762-View Customer/QA-US83146/US84104-View Customer/View Customer/CustomerPageObject/AddCustomer/customerIdErrorMsg' is: 'ALPHANUMERIC ONLY'

2018-11-15 09:58:30 - [MESSAGE][PASSED] - Actual object 'ALPHANUMERIC ONLY' and expected object 'ALPHANUMERIC ONLY' are equal

2018-11-15 09:58:30 - [MESSAGE][PASSED] - Keys '' sent to object: 'Object Repository/F11762-View Customer/QA-US83146/US84104-View Customer/View Customer/CustomerPageObject/AddCustomer/customerId'

2018-11-15 09:58:30 - [MESSAGE][PASSED] - com.ge.tms.customer.CustomerVerification.verifyMandatoryFieldsErrorMessages is PASSED

2018-11-15 09:58:30 - [TEST_STEP][PASSED] - executeJavaScript: Execute JavaScript 'document.querySelector("#online-station").shadowRoot.querySelector("#content").shadowRoot.querySelector("#selector > div:nth-child(2)").click()' successfully

2018-11-15 09:58:30 - [MESSAGE][PASSED] - Execute JavaScript 'document.querySelector("#online-station").shadowRoot.querySelector("#content").shadowRoot.querySelector("#selector > div:nth-child(2)").click()' successfully

2018-11-15 09:58:30 - [TEST_STEP][PASSED] - Statement - stationsObject = com.kms.katalon.core.webservice.keyword.WSBuiltInKeywords.sendRequest(com.kms.katalon.core.testobject.ObjectRepository.findTestObject(Object Repository/customerServices/GET-AllStations)): Send request successfully

2018-11-15 09:58:30 - [MESSAGE][PASSED] - Send request successfully

2018-11-15 09:58:30 - [TEST_STEP][PASSED] - Statement - expectedStationsSize = com.kms.katalon.core.webui.keyword.WebUiBuiltInKeywords.executeJavaScript(STATION_DROPDOWN_SIZE, null): Execute JavaScript 'return document.querySelector("#online-station").shadowRoot.querySelector("#content").shadowRoot.querySelectorAll("#selector > div").length' successfully

2018-11-15 09:58:30 - [MESSAGE][PASSED] - Execute JavaScript 'return document.querySelector("#online-station").shadowRoot.querySelector("#content").shadowRoot.querySelectorAll("#selector > div").length' successfully

2018-11-15 09:58:30 - [TEST_STEP][PASSED] - com.ge.tms.customer.CustomerVerification.verifyStationsInCustomer: com.ge.tms.customer.CustomerVerification.verifyStationsInCustomer is PASSED

2018-11-15 09:58:30 - [MESSAGE][PASSED] - Send request successfully

2018-11-15 09:58:30 - [MESSAGE][PASSED] - Send request successfully

2018-11-15 09:58:30 - [MESSAGE][PASSED] - Send request successfully

2018-11-15 09:58:30 - [MESSAGE][PASSED] - Send request successfully

2018-11-15 09:58:30 - [MESSAGE][PASSED] - Send request successfully

2018-11-15 09:58:30 - [MESSAGE][PASSED] - Send request successfully

2018-11-15 09:58:30 - [MESSAGE][PASSED] - Send request successfully

2018-11-15 09:58:30 - [MESSAGE][PASSED] - Send request successfully

2018-11-15 09:58:30 - [MESSAGE][PASSED] - Send request successfully

2018-11-15 09:58:30 - [MESSAGE][PASSED] - Actual object '133' and expected object '133' are equal

2018-11-15 09:58:30 - [MESSAGE][PASSED] - com.ge.tms.customer.CustomerVerification.verifyStationsInCustomer is PASSED

2018-11-15 09:58:30 - [TEST_STEP][PASSED] - executeJavaScript: Execute JavaScript 'document.querySelector("#online-station").shadowRoot.querySelector("#content").shadowRoot.querySelector("#selector > div:nth-child(2)").click()' successfully

2018-11-15 09:58:30 - [MESSAGE][PASSED] - Execute JavaScript 'document.querySelector("#online-station").shadowRoot.querySelector("#content").shadowRoot.querySelector("#selector > div:nth-child(2)").click()' successfully

2018-11-15 09:58:30 - [TEST_STEP][PASSED] - Statement - selectedStation = com.kms.katalon.core.webui.keyword.WebUiBuiltInKeywords.executeJavaScript(ONLINE_STATION_SELECTED_TEXT, null): Execute JavaScript 'return document.querySelector("#online-station").shadowRoot.querySelector("#content").shadowRoot.querySelector("#selector > div.dropdown-option.iron-selected > span").innerHTML' successfully

2018-11-15 09:58:30 - [MESSAGE][PASSED] - Execute JavaScript 'return document.querySelector("#online-station").shadowRoot.querySelector("#content").shadowRoot.querySelector("#selector > div.dropdown-option.iron-selected > span").innerHTML' successfully

2018-11-15 09:58:30 - [TEST_STEP][PASSED] - Statement - zonesObject = com.kms.katalon.core.webservice.keyword.WSBuiltInKeywords.sendRequest(com.kms.katalon.core.testobject.ObjectRepository.findTestObject(customerServices/GET-AllZonesForSelectedStation, [zoneId:com.ge.tms.constants.CustomerPageConstants.STATION_ID])): Send request successfully

2018-11-15 09:58:30 - [MESSAGE][PASSED] - Send request successfully

2018-11-15 09:58:30 - [TEST_STEP][PASSED] - Statement - expectedZonesSize = com.kms.katalon.core.webui.keyword.WebUiBuiltInKeywords.executeJavaScript(ZONES_DROPDOWN_SIZE, null): Execute JavaScript 'return document.querySelector("#zone").shadowRoot.querySelector("#content").shadowRoot.querySelectorAll("#selector > div").length' successfully

2018-11-15 09:58:30 - [MESSAGE][PASSED] - Execute JavaScript 'return document.querySelector("#zone").shadowRoot.querySelector("#content").shadowRoot.querySelectorAll("#selector > div").length' successfully

2018-11-15 09:58:30 - [TEST_STEP][PASSED] - com.ge.tms.customer.CustomerVerification.verifyZonesInCustomer: com.ge.tms.customer.CustomerVerification.verifyZonesInCustomer is PASSED

2018-11-15 09:58:30 - [MESSAGE][PASSED] - Send request successfully

2018-11-15 09:58:30 - [MESSAGE][PASSED] - Send request successfully

2018-11-15 09:58:30 - [MESSAGE][PASSED] - Send request successfully

2018-11-15 09:58:30 - [MESSAGE][PASSED] - Send request successfully

2018-11-15 09:58:30 - [MESSAGE][PASSED] - Send request successfully

2018-11-15 09:58:30 - [MESSAGE][PASSED] - Send request successfully

2018-11-15 09:58:30 - [MESSAGE][PASSED] - Send request successfully

2018-11-15 09:58:30 - [MESSAGE][PASSED] - Send request successfully

2018-11-15 09:58:30 - [MESSAGE][PASSED] - Send request successfully

2018-11-15 09:58:30 - [MESSAGE][PASSED] - Actual object '2' and expected object '2' are equal

2018-11-15 09:58:30 - [MESSAGE][PASSED] - com.ge.tms.customer.CustomerVerification.verifyZonesInCustomer is PASSED

2018-11-15 09:58:30 - [TEST_STEP][PASSED] - executeJavaScript: Execute JavaScript 'document.querySelector("#default-station").shadowRoot.querySelector("#content").shadowRoot.querySelector("#selector > div:nth-child(2)").click()' successfully

2018-11-15 09:58:30 - [MESSAGE][PASSED] - Execute JavaScript 'document.querySelector("#default-station").shadowRoot.querySelector("#content").shadowRoot.querySelector("#selector > div:nth-child(2)").click()' successfully

2018-11-15 09:58:30 - [TEST_STEP][PASSED] - Statement - selectedDefaultStation = com.kms.katalon.core.webui.keyword.WebUiBuiltInKeywords.executeJavaScript(DEFAULT_STATION_SELECTED_TEXT, null): Execute JavaScript 'return document.querySelector("#default-station").shadowRoot.querySelector("#content").shadowRoot.querySelector("#selector > div:nth-child(2) > span").innerHTML' successfully

2018-11-15 09:58:31 - [MESSAGE][PASSED] - Execute JavaScript 'return document.querySelector("#default-station").shadowRoot.querySelector("#content").shadowRoot.querySelector("#selector > div:nth-child(2) > span").innerHTML' successfully

2018-11-15 09:58:31 - [TEST_STEP][PASSED] - Statement - tracksObject = com.kms.katalon.core.webservice.keyword.WSBuiltInKeywords.sendRequest(com.kms.katalon.core.testobject.ObjectRepository.findTestObject(customerServices/GET-AllTracksForDefaultStation, [defaultStation:com.ge.tms.constants.CustomerPageConstants.STATION_ID])): Send request successfully

2018-11-15 09:58:31 - [MESSAGE][PASSED] - Send request successfully

2018-11-15 09:58:31 - [TEST_STEP][PASSED] - Statement - expectedTracksSize = com.kms.katalon.core.webui.keyword.WebUiBuiltInKeywords.executeJavaScript(DEFAULT_TRACKS_DROPDOWN_SIZE, null): Execute JavaScript 'return document.querySelector("#default-track").shadowRoot.querySelector("#content").shadowRoot.querySelectorAll("#selector > div").length' successfully

2018-11-15 09:58:31 - [MESSAGE][PASSED] - Execute JavaScript 'return document.querySelector("#default-track").shadowRoot.querySelector("#content").shadowRoot.querySelectorAll("#selector > div").length' successfully

2018-11-15 09:58:31 - [TEST_STEP][ERROR] - com.ge.tms.customer.CustomerVerification.verifyTracksInCustomer: Unable to determine the current character, it is not a string, number, array, or object

The current character read is '<' with an int value of 60
Unable to determine the current character, it is not a string, number, array, or object
line number 1
index number 0
<html><body><h1>Whitelabel Error Page</h1><p>This application has no configured error view, so you are seeing this as a fallback.</p><div id='created'>Thu Nov 15 09:58:31 IST 2018</div><div>There was an unexpected error (type=Internal Server Error, status=500).</div><div>No enum constant com.cd.track.TrackType.T</div></body></html>
^

2018-11-15 09:58:31 - [MESSAGE][PASSED] - Send request successfully

2018-11-15 09:58:31 - [MESSAGE][PASSED] - Send request successfully

2018-11-15 09:58:31 - [MESSAGE][PASSED] - Send request successfully

2018-11-15 09:58:31 - [MESSAGE][PASSED] - Send request successfully

2018-11-15 09:58:31 - [MESSAGE][PASSED] - Send request successfully

2018-11-15 09:58:31 - [MESSAGE][PASSED] - Send request successfully

2018-11-15 09:58:31 - [MESSAGE][PASSED] - Send request successfully

2018-11-15 09:58:31 - [MESSAGE][PASSED] - Send request successfully

2018-11-15 09:58:31 - [MESSAGE][PASSED] - Send request successfully

2018-11-15 09:58:31 - [MESSAGE][ERROR] - Unable to determine the current character, it is not a string, number, array, or object

The current character read is '<' with an int value of 60
Unable to determine the current character, it is not a string, number, array, or object
line number 1
index number 0
<html><body><h1>Whitelabel Error Page</h1><p>This application has no configured error view, so you are seeing this as a fallback.</p><div id='created'>Thu Nov 15 09:58:31 IST 2018</div><div>There was an unexpected error (type=Internal Server Error, status=500).</div><div>No enum constant com.cd.track.TrackType.T</div></body></html>
^

2018-11-15 09:58:31 - [TEST_STEP][PASSED] - Start listener action : closeBrowserForTestCasse: Navigate to 'http://localhost:8080/home' successfully

2018-11-15 09:58:31 - [TEST_STEP][PASSED] - Statement - If (isTestSuitEnable == true): null

2018-11-15 09:58:31 - [TEST_STEP][PASSED] - Statement - beforeTestCaseExecute(): null

2018-11-15 09:58:31 - [TEST_STEP][PASSED] - Statement - If (isTestSuitEnable == true): Navigate to 'http://localhost:8080/home' successfully

2018-11-15 09:58:31 - [TEST_STEP][PASSED] - navigateToUrl: Navigate to 'http://localhost:8080/home' successfully

2018-11-15 09:58:32 - [MESSAGE][PASSED] - Navigate to 'http://localhost:8080/home' successfully

2018-11-15 09:58:32 - [TEST_STEP][PASSED] - Start listener action : afterTestCase: Invoke 'com.kms.katalon.core.annotation.AfterTestCase' method: 'TmsTestListner.afterTestCase(...)' completed.

2018-11-15 09:58:32 - [TEST_STEP][PASSED] - Statement - If (java.lang.System.getProperties().containsKey("updateRally")): Invoke 'com.kms.katalon.core.annotation.AfterTestCase' method: 'TmsTestListner.afterTestCase(...)' completed.]]></system-out>
         <system-err><![CDATA[2018-11-15 09:58:23 - [TEST_CASE][ERROR] - Test Cases/Customer/F11762-View Customer/QA-Add Edit Customer/US-Add Edit Customer/TC60946-AddCustomerValidations: Test Cases/Customer/F11762-View Customer/QA-Add Edit Customer/US-Add Edit Customer/TC60946-AddCustomerValidations FAILED because (of) groovy.json.JsonException: Unable to determine the current character, it is not a string, number, array, or object

The current character read is '<' with an int value of 60
Unable to determine the current character, it is not a string, number, array, or object
line number 1
index number 0
<html><body><h1>Whitelabel Error Page</h1><p>This application has no configured error view, so you are seeing this as a fallback.</p><div id='created'>Thu Nov 15 09:58:31 IST 2018</div><div>There was an unexpected error (type=Internal Server Error, status=500).</div><div>No enum constant com.cd.track.TrackType.T</div></body></html>
^]]></system-err>
      </testcase>
      <testcase name="Test Cases/Customer/F11762-View Customer/QA-US84851/US83148-SearchCustomer/TC60100-AscAndDescOrder" classname="Test Cases/Customer/F11762-View Customer/QA-US84851/US83148-SearchCustomer/TC60100-AscAndDescOrder" status="PASSED">
         <system-out><![CDATA[2018-11-15 09:58:32 - [TEST_CASE][PASSED] - Test Cases/Customer/F11762-View Customer/QA-US84851/US83148-SearchCustomer/TC60100-AscAndDescOrder: Test Cases/Customer/F11762-View Customer/QA-US84851/US83148-SearchCustomer/TC60100-AscAndDescOrder

2018-11-15 09:58:32 - [TEST_STEP][PASSED] - Start listener action : beforeTestCaseExecute: Navigate to 'http://localhost:8080/home' successfully

2018-11-15 09:58:32 - [TEST_STEP][PASSED] - Statement - If (isTestSuitEnable == true): Navigate to 'http://localhost:8080/home' successfully

2018-11-15 09:58:32 - [TEST_STEP][PASSED] - navigateToUrl: Navigate to 'http://localhost:8080/home' successfully

2018-11-15 09:58:33 - [MESSAGE][PASSED] - Navigate to 'http://localhost:8080/home' successfully

2018-11-15 09:58:33 - [TEST_STEP][PASSED] - com.ge.tms.commonactions.CommonClickEvents.clickOnManageCustomers: com.ge.tms.commonactions.CommonClickEvents.clickOnManageCustomers is PASSED

2018-11-15 09:58:33 - [MESSAGE][PASSED] - Execute JavaScript 'document.querySelector('px-app-nav').shadowRoot.querySelector('#items > px-app-nav-group:nth-child(13) > px-app-nav-subitem:nth-child(2)').click()' successfully

2018-11-15 09:58:34 - [MESSAGE][PASSED] - Delayed 1 second(s)

2018-11-15 09:58:34 - [MESSAGE][PASSED] - com.ge.tms.commonactions.CommonClickEvents.clickOnManageCustomers is PASSED

2018-11-15 09:58:34 - [TEST_STEP][PASSED] - com.ge.tms.customer.CustomerVerification.verifyCustomerPageHeader: com.ge.tms.customer.CustomerVerification.verifyCustomerPageHeader is PASSED

2018-11-15 09:58:34 - [MESSAGE][PASSED] - Send request successfully

2018-11-15 09:58:34 - [MESSAGE][PASSED] - Send request successfully

2018-11-15 09:58:34 - [MESSAGE][PASSED] - Send request successfully

2018-11-15 09:58:34 - [MESSAGE][PASSED] - Send request successfully

2018-11-15 09:58:34 - [MESSAGE][PASSED] - Send request successfully

2018-11-15 09:58:34 - [MESSAGE][PASSED] - Send request successfully

2018-11-15 09:58:34 - [MESSAGE][PASSED] - Send request successfully

2018-11-15 09:58:34 - [MESSAGE][PASSED] - Send request successfully

2018-11-15 09:58:34 - [MESSAGE][PASSED] - Send request successfully

2018-11-15 09:58:34 - [MESSAGE][PASSED] - Text of object 'Object Repository/F11762-View Customer/QA-US83146/US84104-View Customer/View Customer/CustomerPageObject/h1_Manage Customers' is: 'Customer Management'

2018-11-15 09:58:34 - [MESSAGE][PASSED] - Actual object 'Customer Management' and expected object 'Customer Management' are equal

2018-11-15 09:58:34 - [MESSAGE][PASSED] - com.ge.tms.customer.CustomerVerification.verifyCustomerPageHeader is PASSED

2018-11-15 09:58:34 - [TEST_STEP][PASSED] - executeJavaScript: Execute JavaScript 'document.querySelectorAll("#root px-dropdown")[0].shadowRoot.querySelector("#trigger").click()' successfully

2018-11-15 09:58:34 - [MESSAGE][PASSED] - Execute JavaScript 'document.querySelectorAll("#root px-dropdown")[0].shadowRoot.querySelector("#trigger").click()' successfully

2018-11-15 09:58:34 - [TEST_STEP][PASSED] - executeJavaScript: Execute JavaScript 'return document.querySelectorAll("#root px-dropdown")[0].shadowRoot.querySelector("#content").shadowRoot.querySelector("#selector > div:nth-child(2) > span").click()' successfully

2018-11-15 09:58:34 - [MESSAGE][PASSED] - Execute JavaScript 'return document.querySelectorAll("#root px-dropdown")[0].shadowRoot.querySelector("#content").shadowRoot.querySelector("#selector > div:nth-child(2) > span").click()' successfully

2018-11-15 09:58:34 - [TEST_STEP][PASSED] - com.ge.tms.customer.CustomerVerification.verifyNameSort: com.ge.tms.customer.CustomerVerification.verifyNameSort is PASSED

2018-11-15 09:58:34 - [MESSAGE][PASSED] - Send request successfully

2018-11-15 09:58:34 - [MESSAGE][PASSED] - Send request successfully

2018-11-15 09:58:34 - [MESSAGE][PASSED] - Send request successfully

2018-11-15 09:58:34 - [MESSAGE][PASSED] - Send request successfully

2018-11-15 09:58:34 - [MESSAGE][PASSED] - Send request successfully

2018-11-15 09:58:34 - [MESSAGE][PASSED] - Send request successfully

2018-11-15 09:58:34 - [MESSAGE][PASSED] - Send request successfully

2018-11-15 09:58:34 - [MESSAGE][PASSED] - Send request successfully

2018-11-15 09:58:34 - [MESSAGE][PASSED] - Send request successfully

2018-11-15 09:58:34 - [MESSAGE][PASSED] - Actual object 'true' and expected object 'true' are equal

2018-11-15 09:58:34 - [MESSAGE][PASSED] - com.ge.tms.customer.CustomerVerification.verifyNameSort is PASSED

2018-11-15 09:58:34 - [TEST_STEP][PASSED] - executeJavaScript: Execute JavaScript 'return document.querySelectorAll("px-icon")[1].shadowRoot.querySelector("iron-icon").click()' successfully

2018-11-15 09:58:34 - [MESSAGE][PASSED] - Execute JavaScript 'return document.querySelectorAll("px-icon")[1].shadowRoot.querySelector("iron-icon").click()' successfully

2018-11-15 09:58:34 - [TEST_STEP][PASSED] - com.ge.tms.customer.CustomerVerification.verifyNameSortWithDescendingOrder: com.ge.tms.customer.CustomerVerification.verifyNameSortWithDescendingOrder is PASSED

2018-11-15 09:58:34 - [MESSAGE][PASSED] - Send request successfully

2018-11-15 09:58:34 - [MESSAGE][PASSED] - Send request successfully

2018-11-15 09:58:34 - [MESSAGE][PASSED] - Send request successfully

2018-11-15 09:58:34 - [MESSAGE][PASSED] - Send request successfully

2018-11-15 09:58:34 - [MESSAGE][PASSED] - Send request successfully

2018-11-15 09:58:34 - [MESSAGE][PASSED] - Send request successfully

2018-11-15 09:58:34 - [MESSAGE][PASSED] - Send request successfully

2018-11-15 09:58:34 - [MESSAGE][PASSED] - Send request successfully

2018-11-15 09:58:34 - [MESSAGE][PASSED] - Send request successfully

2018-11-15 09:58:34 - [MESSAGE][PASSED] - Actual object 'true' and expected object 'true' are equal

2018-11-15 09:58:34 - [MESSAGE][PASSED] - com.ge.tms.customer.CustomerVerification.verifyNameSortWithDescendingOrder is PASSED

2018-11-15 09:58:34 - [TEST_STEP][PASSED] - executeJavaScript: Execute JavaScript 'return document.querySelectorAll("px-icon")[1].shadowRoot.querySelector("iron-icon").click()' successfully

2018-11-15 09:58:34 - [MESSAGE][PASSED] - Execute JavaScript 'return document.querySelectorAll("px-icon")[1].shadowRoot.querySelector("iron-icon").click()' successfully

2018-11-15 09:58:34 - [TEST_STEP][PASSED] - com.ge.tms.customer.CustomerVerification.verifyNameSort: com.ge.tms.customer.CustomerVerification.verifyNameSort is PASSED

2018-11-15 09:58:34 - [MESSAGE][PASSED] - Send request successfully

2018-11-15 09:58:34 - [MESSAGE][PASSED] - Send request successfully

2018-11-15 09:58:34 - [MESSAGE][PASSED] - Send request successfully

2018-11-15 09:58:34 - [MESSAGE][PASSED] - Send request successfully

2018-11-15 09:58:34 - [MESSAGE][PASSED] - Send request successfully

2018-11-15 09:58:34 - [MESSAGE][PASSED] - Send request successfully

2018-11-15 09:58:34 - [MESSAGE][PASSED] - Send request successfully

2018-11-15 09:58:34 - [MESSAGE][PASSED] - Send request successfully

2018-11-15 09:58:34 - [MESSAGE][PASSED] - Send request successfully

2018-11-15 09:58:34 - [MESSAGE][PASSED] - Actual object 'true' and expected object 'true' are equal

2018-11-15 09:58:34 - [MESSAGE][PASSED] - com.ge.tms.customer.CustomerVerification.verifyNameSort is PASSED

2018-11-15 09:58:34 - [TEST_STEP][PASSED] - delay: Delayed 5 second(s)

2018-11-15 09:58:39 - [MESSAGE][PASSED] - Delayed 5 second(s)

2018-11-15 09:58:39 - [TEST_STEP][PASSED] - executeJavaScript: Execute JavaScript 'return document.querySelectorAll("#root px-dropdown")[0].shadowRoot.querySelector("#content").shadowRoot.querySelector("#selector > div:nth-child(1) > span").click()' successfully

2018-11-15 09:58:39 - [MESSAGE][PASSED] - Execute JavaScript 'return document.querySelectorAll("#root px-dropdown")[0].shadowRoot.querySelector("#content").shadowRoot.querySelector("#selector > div:nth-child(1) > span").click()' successfully

2018-11-15 09:58:39 - [TEST_STEP][PASSED] - com.ge.tms.customer.CustomerVerification.verifyCustomerIDSort: com.ge.tms.customer.CustomerVerification.verifyCustomerIDSort is PASSED

2018-11-15 09:58:39 - [MESSAGE][PASSED] - Send request successfully

2018-11-15 09:58:39 - [MESSAGE][PASSED] - Send request successfully

2018-11-15 09:58:39 - [MESSAGE][PASSED] - Send request successfully

2018-11-15 09:58:39 - [MESSAGE][PASSED] - Send request successfully

2018-11-15 09:58:39 - [MESSAGE][PASSED] - Send request successfully

2018-11-15 09:58:39 - [MESSAGE][PASSED] - Send request successfully

2018-11-15 09:58:39 - [MESSAGE][PASSED] - Send request successfully

2018-11-15 09:58:39 - [MESSAGE][PASSED] - Send request successfully

2018-11-15 09:58:39 - [MESSAGE][PASSED] - Send request successfully

2018-11-15 09:58:39 - [MESSAGE][PASSED] - Actual object 'true' and expected object 'true' are equal

2018-11-15 09:58:39 - [MESSAGE][PASSED] - com.ge.tms.customer.CustomerVerification.verifyCustomerIDSort is PASSED

2018-11-15 09:58:39 - [TEST_STEP][PASSED] - executeJavaScript: Execute JavaScript 'return document.querySelectorAll("px-icon")[1].shadowRoot.querySelector("iron-icon").click()' successfully

2018-11-15 09:58:39 - [MESSAGE][PASSED] - Execute JavaScript 'return document.querySelectorAll("px-icon")[1].shadowRoot.querySelector("iron-icon").click()' successfully

2018-11-15 09:58:39 - [TEST_STEP][PASSED] - com.ge.tms.customer.CustomerVerification.verifyCustomerIDWithDescendingOrder: com.ge.tms.customer.CustomerVerification.verifyCustomerIDWithDescendingOrder is PASSED

2018-11-15 09:58:39 - [MESSAGE][PASSED] - Send request successfully

2018-11-15 09:58:39 - [MESSAGE][PASSED] - Send request successfully

2018-11-15 09:58:39 - [MESSAGE][PASSED] - Send request successfully

2018-11-15 09:58:39 - [MESSAGE][PASSED] - Send request successfully

2018-11-15 09:58:40 - [MESSAGE][PASSED] - Send request successfully

2018-11-15 09:58:40 - [MESSAGE][PASSED] - Send request successfully

2018-11-15 09:58:40 - [MESSAGE][PASSED] - Send request successfully

2018-11-15 09:58:40 - [MESSAGE][PASSED] - Send request successfully

2018-11-15 09:58:40 - [MESSAGE][PASSED] - Send request successfully

2018-11-15 09:58:40 - [MESSAGE][PASSED] - Actual object 'true' and expected object 'true' are equal

2018-11-15 09:58:40 - [MESSAGE][PASSED] - com.ge.tms.customer.CustomerVerification.verifyCustomerIDWithDescendingOrder is PASSED

2018-11-15 09:58:40 - [TEST_STEP][PASSED] - executeJavaScript: Execute JavaScript 'return document.querySelectorAll("px-icon")[1].shadowRoot.querySelector("iron-icon").click()' successfully

2018-11-15 09:58:40 - [MESSAGE][PASSED] - Execute JavaScript 'return document.querySelectorAll("px-icon")[1].shadowRoot.querySelector("iron-icon").click()' successfully

2018-11-15 09:58:40 - [TEST_STEP][PASSED] - com.ge.tms.customer.CustomerVerification.verifyCustomerIDSort: com.ge.tms.customer.CustomerVerification.verifyCustomerIDSort is PASSED

2018-11-15 09:58:40 - [MESSAGE][PASSED] - Send request successfully

2018-11-15 09:58:40 - [MESSAGE][PASSED] - Send request successfully

2018-11-15 09:58:40 - [MESSAGE][PASSED] - Send request successfully

2018-11-15 09:58:40 - [MESSAGE][PASSED] - Send request successfully

2018-11-15 09:58:40 - [MESSAGE][PASSED] - Send request successfully

2018-11-15 09:58:40 - [MESSAGE][PASSED] - Send request successfully

2018-11-15 09:58:40 - [MESSAGE][PASSED] - Send request successfully

2018-11-15 09:58:40 - [MESSAGE][PASSED] - Send request successfully

2018-11-15 09:58:40 - [MESSAGE][PASSED] - Send request successfully

2018-11-15 09:58:40 - [MESSAGE][PASSED] - Actual object 'true' and expected object 'true' are equal

2018-11-15 09:58:40 - [MESSAGE][PASSED] - com.ge.tms.customer.CustomerVerification.verifyCustomerIDSort is PASSED

2018-11-15 09:58:40 - [TEST_STEP][PASSED] - executeJavaScript: Execute JavaScript 'return document.querySelectorAll("#root px-dropdown")[0].shadowRoot.querySelector("#content").shadowRoot.querySelector("#selector > div:nth-child(3) > span").click()' successfully

2018-11-15 09:58:40 - [MESSAGE][PASSED] - Execute JavaScript 'return document.querySelectorAll("#root px-dropdown")[0].shadowRoot.querySelector("#content").shadowRoot.querySelector("#selector > div:nth-child(3) > span").click()' successfully

2018-11-15 09:58:40 - [TEST_STEP][PASSED] - com.ge.tms.customer.CustomerVerification.verifyAddressKeySort: com.ge.tms.customer.CustomerVerification.verifyAddressKeySort is PASSED

2018-11-15 09:58:40 - [MESSAGE][PASSED] - Send request successfully

2018-11-15 09:58:40 - [MESSAGE][PASSED] - Send request successfully

2018-11-15 09:58:40 - [MESSAGE][PASSED] - Send request successfully

2018-11-15 09:58:40 - [MESSAGE][PASSED] - Send request successfully

2018-11-15 09:58:40 - [MESSAGE][PASSED] - Send request successfully

2018-11-15 09:58:40 - [MESSAGE][PASSED] - Send request successfully

2018-11-15 09:58:40 - [MESSAGE][PASSED] - Send request successfully

2018-11-15 09:58:40 - [MESSAGE][PASSED] - Send request successfully

2018-11-15 09:58:40 - [MESSAGE][PASSED] - Send request successfully

2018-11-15 09:58:40 - [MESSAGE][PASSED] - Actual object 'true' and expected object 'true' are equal

2018-11-15 09:58:40 - [MESSAGE][PASSED] - com.ge.tms.customer.CustomerVerification.verifyAddressKeySort is PASSED

2018-11-15 09:58:40 - [TEST_STEP][PASSED] - executeJavaScript: Execute JavaScript 'return document.querySelectorAll("px-icon")[1].shadowRoot.querySelector("iron-icon").click()' successfully

2018-11-15 09:58:40 - [MESSAGE][PASSED] - Execute JavaScript 'return document.querySelectorAll("px-icon")[1].shadowRoot.querySelector("iron-icon").click()' successfully

2018-11-15 09:58:40 - [TEST_STEP][PASSED] - com.ge.tms.customer.CustomerVerification.verifyAddressKeyWithDescendingOrder: com.ge.tms.customer.CustomerVerification.verifyAddressKeyWithDescendingOrder is PASSED

2018-11-15 09:58:40 - [MESSAGE][PASSED] - Send request successfully

2018-11-15 09:58:40 - [MESSAGE][PASSED] - Send request successfully

2018-11-15 09:58:40 - [MESSAGE][PASSED] - Send request successfully

2018-11-15 09:58:40 - [MESSAGE][PASSED] - Send request successfully

2018-11-15 09:58:40 - [MESSAGE][PASSED] - Send request successfully

2018-11-15 09:58:40 - [MESSAGE][PASSED] - Send request successfully

2018-11-15 09:58:40 - [MESSAGE][PASSED] - Send request successfully

2018-11-15 09:58:40 - [MESSAGE][PASSED] - Send request successfully

2018-11-15 09:58:40 - [MESSAGE][PASSED] - Send request successfully

2018-11-15 09:58:40 - [MESSAGE][PASSED] - Actual object 'true' and expected object 'true' are equal

2018-11-15 09:58:40 - [MESSAGE][PASSED] - com.ge.tms.customer.CustomerVerification.verifyAddressKeyWithDescendingOrder is PASSED

2018-11-15 09:58:40 - [TEST_STEP][PASSED] - executeJavaScript: Execute JavaScript 'return document.querySelectorAll("px-icon")[1].shadowRoot.querySelector("iron-icon").click()' successfully

2018-11-15 09:58:40 - [MESSAGE][PASSED] - Execute JavaScript 'return document.querySelectorAll("px-icon")[1].shadowRoot.querySelector("iron-icon").click()' successfully

2018-11-15 09:58:40 - [TEST_STEP][PASSED] - com.ge.tms.customer.CustomerVerification.verifyAddressKeySort: com.ge.tms.customer.CustomerVerification.verifyAddressKeySort is PASSED

2018-11-15 09:58:40 - [MESSAGE][PASSED] - Send request successfully

2018-11-15 09:58:40 - [MESSAGE][PASSED] - Send request successfully

2018-11-15 09:58:40 - [MESSAGE][PASSED] - Send request successfully

2018-11-15 09:58:40 - [MESSAGE][PASSED] - Send request successfully

2018-11-15 09:58:40 - [MESSAGE][PASSED] - Send request successfully

2018-11-15 09:58:40 - [MESSAGE][PASSED] - Send request successfully

2018-11-15 09:58:40 - [MESSAGE][PASSED] - Send request successfully

2018-11-15 09:58:40 - [MESSAGE][PASSED] - Send request successfully

2018-11-15 09:58:40 - [MESSAGE][PASSED] - Send request successfully

2018-11-15 09:58:40 - [MESSAGE][PASSED] - Actual object 'true' and expected object 'true' are equal

2018-11-15 09:58:40 - [MESSAGE][PASSED] - com.ge.tms.customer.CustomerVerification.verifyAddressKeySort is PASSED

2018-11-15 09:58:40 - [TEST_STEP][PASSED] - Start listener action : closeBrowserForTestCasse: Navigate to 'http://localhost:8080/home' successfully

2018-11-15 09:58:40 - [TEST_STEP][PASSED] - Statement - If (isTestSuitEnable == true): null

2018-11-15 09:58:40 - [TEST_STEP][PASSED] - Statement - beforeTestCaseExecute(): null

2018-11-15 09:58:40 - [TEST_STEP][PASSED] - Statement - If (isTestSuitEnable == true): Navigate to 'http://localhost:8080/home' successfully

2018-11-15 09:58:40 - [TEST_STEP][PASSED] - navigateToUrl: Navigate to 'http://localhost:8080/home' successfully

2018-11-15 09:58:41 - [MESSAGE][PASSED] - Navigate to 'http://localhost:8080/home' successfully

2018-11-15 09:58:41 - [TEST_STEP][PASSED] - Start listener action : afterTestCase: Invoke 'com.kms.katalon.core.annotation.AfterTestCase' method: 'TmsTestListner.afterTestCase(...)' completed.

2018-11-15 09:58:41 - [TEST_STEP][PASSED] - Statement - If (java.lang.System.getProperties().containsKey("updateRally")): Invoke 'com.kms.katalon.core.annotation.AfterTestCase' method: 'TmsTestListner.afterTestCase(...)' completed.]]></system-out>
         <system-err><![CDATA[]]></system-err>
      </testcase>
      <testcase name="Test Cases/Customer/F11762-View Customer/QA-US84851/US83148-SearchCustomer/TC60100-SortCustomer" classname="Test Cases/Customer/F11762-View Customer/QA-US84851/US83148-SearchCustomer/TC60100-SortCustomer" status="PASSED">
         <system-out><![CDATA[2018-11-15 09:58:41 - [TEST_CASE][PASSED] - Test Cases/Customer/F11762-View Customer/QA-US84851/US83148-SearchCustomer/TC60100-SortCustomer: Test Cases/Customer/F11762-View Customer/QA-US84851/US83148-SearchCustomer/TC60100-SortCustomer

2018-11-15 09:58:41 - [TEST_STEP][PASSED] - Start listener action : beforeTestCaseExecute: Navigate to 'http://localhost:8080/home' successfully

2018-11-15 09:58:41 - [TEST_STEP][PASSED] - Statement - If (isTestSuitEnable == true): Navigate to 'http://localhost:8080/home' successfully

2018-11-15 09:58:41 - [TEST_STEP][PASSED] - navigateToUrl: Navigate to 'http://localhost:8080/home' successfully

2018-11-15 09:58:42 - [MESSAGE][PASSED] - Navigate to 'http://localhost:8080/home' successfully

2018-11-15 09:58:42 - [TEST_STEP][PASSED] - com.ge.tms.commonactions.CommonClickEvents.clickOnManageCustomers: com.ge.tms.commonactions.CommonClickEvents.clickOnManageCustomers is PASSED

2018-11-15 09:58:42 - [MESSAGE][PASSED] - Execute JavaScript 'document.querySelector('px-app-nav').shadowRoot.querySelector('#items > px-app-nav-group:nth-child(13) > px-app-nav-subitem:nth-child(2)').click()' successfully

2018-11-15 09:58:43 - [MESSAGE][PASSED] - Delayed 1 second(s)

2018-11-15 09:58:43 - [MESSAGE][PASSED] - com.ge.tms.commonactions.CommonClickEvents.clickOnManageCustomers is PASSED

2018-11-15 09:58:43 - [TEST_STEP][PASSED] - com.ge.tms.customer.CustomerVerification.verifyCustomerPageHeader: com.ge.tms.customer.CustomerVerification.verifyCustomerPageHeader is PASSED

2018-11-15 09:58:43 - [MESSAGE][PASSED] - Send request successfully

2018-11-15 09:58:43 - [MESSAGE][PASSED] - Send request successfully

2018-11-15 09:58:43 - [MESSAGE][PASSED] - Send request successfully

2018-11-15 09:58:43 - [MESSAGE][PASSED] - Send request successfully

2018-11-15 09:58:43 - [MESSAGE][PASSED] - Send request successfully

2018-11-15 09:58:43 - [MESSAGE][PASSED] - Send request successfully

2018-11-15 09:58:43 - [MESSAGE][PASSED] - Send request successfully

2018-11-15 09:58:43 - [MESSAGE][PASSED] - Send request successfully

2018-11-15 09:58:43 - [MESSAGE][PASSED] - Send request successfully

2018-11-15 09:58:43 - [MESSAGE][PASSED] - Text of object 'Object Repository/F11762-View Customer/QA-US83146/US84104-View Customer/View Customer/CustomerPageObject/h1_Manage Customers' is: 'Customer Management'

2018-11-15 09:58:43 - [MESSAGE][PASSED] - Actual object 'Customer Management' and expected object 'Customer Management' are equal

2018-11-15 09:58:43 - [MESSAGE][PASSED] - com.ge.tms.customer.CustomerVerification.verifyCustomerPageHeader is PASSED

2018-11-15 09:58:43 - [TEST_STEP][PASSED] - executeJavaScript: Execute JavaScript 'return document.querySelectorAll("#root px-dropdown")[0].shadowRoot.querySelector("#content").shadowRoot.querySelector("#selector > div:nth-child(2) > span").click()' successfully

2018-11-15 09:58:43 - [MESSAGE][PASSED] - Execute JavaScript 'return document.querySelectorAll("#root px-dropdown")[0].shadowRoot.querySelector("#content").shadowRoot.querySelector("#selector > div:nth-child(2) > span").click()' successfully

2018-11-15 09:58:43 - [TEST_STEP][PASSED] - com.ge.tms.customer.CustomerVerification.verifyNameSort: com.ge.tms.customer.CustomerVerification.verifyNameSort is PASSED

2018-11-15 09:58:43 - [MESSAGE][PASSED] - Send request successfully

2018-11-15 09:58:43 - [MESSAGE][PASSED] - Send request successfully

2018-11-15 09:58:43 - [MESSAGE][PASSED] - Send request successfully

2018-11-15 09:58:43 - [MESSAGE][PASSED] - Send request successfully

2018-11-15 09:58:43 - [MESSAGE][PASSED] - Send request successfully

2018-11-15 09:58:43 - [MESSAGE][PASSED] - Send request successfully

2018-11-15 09:58:43 - [MESSAGE][PASSED] - Send request successfully

2018-11-15 09:58:43 - [MESSAGE][PASSED] - Send request successfully

2018-11-15 09:58:43 - [MESSAGE][PASSED] - Send request successfully

2018-11-15 09:58:43 - [MESSAGE][PASSED] - Actual object 'true' and expected object 'true' are equal

2018-11-15 09:58:43 - [MESSAGE][PASSED] - com.ge.tms.customer.CustomerVerification.verifyNameSort is PASSED

2018-11-15 09:58:43 - [TEST_STEP][PASSED] - executeJavaScript: Execute JavaScript 'return document.querySelectorAll("px-icon")[2].shadowRoot.querySelector("iron-icon").click()' successfully

2018-11-15 09:58:43 - [MESSAGE][PASSED] - Execute JavaScript 'return document.querySelectorAll("px-icon")[2].shadowRoot.querySelector("iron-icon").click()' successfully

2018-11-15 09:58:43 - [TEST_STEP][PASSED] - com.ge.tms.customer.CustomerVerification.verifyNameSort: com.ge.tms.customer.CustomerVerification.verifyNameSort is PASSED

2018-11-15 09:58:43 - [MESSAGE][PASSED] - Send request successfully

2018-11-15 09:58:43 - [MESSAGE][PASSED] - Send request successfully

2018-11-15 09:58:43 - [MESSAGE][PASSED] - Send request successfully

2018-11-15 09:58:43 - [MESSAGE][PASSED] - Send request successfully

2018-11-15 09:58:43 - [MESSAGE][PASSED] - Send request successfully

2018-11-15 09:58:43 - [MESSAGE][PASSED] - Send request successfully

2018-11-15 09:58:43 - [MESSAGE][PASSED] - Send request successfully

2018-11-15 09:58:43 - [MESSAGE][PASSED] - Send request successfully

2018-11-15 09:58:43 - [MESSAGE][PASSED] - Send request successfully

2018-11-15 09:58:43 - [MESSAGE][PASSED] - Actual object 'true' and expected object 'true' are equal

2018-11-15 09:58:43 - [MESSAGE][PASSED] - com.ge.tms.customer.CustomerVerification.verifyNameSort is PASSED

2018-11-15 09:58:43 - [TEST_STEP][PASSED] - executeJavaScript: Execute JavaScript 'return document.querySelectorAll("px-icon")[2].shadowRoot.querySelector("iron-icon").click()' successfully

2018-11-15 09:58:43 - [MESSAGE][PASSED] - Execute JavaScript 'return document.querySelectorAll("px-icon")[2].shadowRoot.querySelector("iron-icon").click()' successfully

2018-11-15 09:58:43 - [TEST_STEP][PASSED] - com.ge.tms.customer.CustomerVerification.verifyNameSort: com.ge.tms.customer.CustomerVerification.verifyNameSort is PASSED

2018-11-15 09:58:43 - [MESSAGE][PASSED] - Send request successfully

2018-11-15 09:58:43 - [MESSAGE][PASSED] - Send request successfully

2018-11-15 09:58:43 - [MESSAGE][PASSED] - Send request successfully

2018-11-15 09:58:43 - [MESSAGE][PASSED] - Send request successfully

2018-11-15 09:58:43 - [MESSAGE][PASSED] - Send request successfully

2018-11-15 09:58:43 - [MESSAGE][PASSED] - Send request successfully

2018-11-15 09:58:43 - [MESSAGE][PASSED] - Send request successfully

2018-11-15 09:58:43 - [MESSAGE][PASSED] - Send request successfully

2018-11-15 09:58:43 - [MESSAGE][PASSED] - Send request successfully

2018-11-15 09:58:43 - [MESSAGE][PASSED] - Actual object 'true' and expected object 'true' are equal

2018-11-15 09:58:43 - [MESSAGE][PASSED] - com.ge.tms.customer.CustomerVerification.verifyNameSort is PASSED

2018-11-15 09:58:43 - [TEST_STEP][PASSED] - executeJavaScript: Execute JavaScript 'return document.querySelectorAll("#root px-dropdown")[0].shadowRoot.querySelector("#content").shadowRoot.querySelector("#selector > div:nth-child(1) > span").click()' successfully

2018-11-15 09:58:43 - [MESSAGE][PASSED] - Execute JavaScript 'return document.querySelectorAll("#root px-dropdown")[0].shadowRoot.querySelector("#content").shadowRoot.querySelector("#selector > div:nth-child(1) > span").click()' successfully

2018-11-15 09:58:43 - [TEST_STEP][PASSED] - com.ge.tms.customer.CustomerVerification.verifyCustomerIDSort: com.ge.tms.customer.CustomerVerification.verifyCustomerIDSort is PASSED

2018-11-15 09:58:43 - [MESSAGE][PASSED] - Send request successfully

2018-11-15 09:58:43 - [MESSAGE][PASSED] - Send request successfully

2018-11-15 09:58:43 - [MESSAGE][PASSED] - Send request successfully

2018-11-15 09:58:43 - [MESSAGE][PASSED] - Send request successfully

2018-11-15 09:58:43 - [MESSAGE][PASSED] - Send request successfully

2018-11-15 09:58:43 - [MESSAGE][PASSED] - Send request successfully

2018-11-15 09:58:43 - [MESSAGE][PASSED] - Send request successfully

2018-11-15 09:58:43 - [MESSAGE][PASSED] - Send request successfully

2018-11-15 09:58:43 - [MESSAGE][PASSED] - Send request successfully

2018-11-15 09:58:43 - [MESSAGE][PASSED] - Actual object 'true' and expected object 'true' are equal

2018-11-15 09:58:43 - [MESSAGE][PASSED] - com.ge.tms.customer.CustomerVerification.verifyCustomerIDSort is PASSED

2018-11-15 09:58:43 - [TEST_STEP][PASSED] - executeJavaScript: Execute JavaScript 'return document.querySelectorAll("px-icon")[2].shadowRoot.querySelector("iron-icon").click()' successfully

2018-11-15 09:58:44 - [MESSAGE][PASSED] - Execute JavaScript 'return document.querySelectorAll("px-icon")[2].shadowRoot.querySelector("iron-icon").click()' successfully

2018-11-15 09:58:44 - [TEST_STEP][PASSED] - com.ge.tms.customer.CustomerVerification.verifyCustomerIDSort: com.ge.tms.customer.CustomerVerification.verifyCustomerIDSort is PASSED

2018-11-15 09:58:44 - [MESSAGE][PASSED] - Send request successfully

2018-11-15 09:58:44 - [MESSAGE][PASSED] - Send request successfully

2018-11-15 09:58:44 - [MESSAGE][PASSED] - Send request successfully

2018-11-15 09:58:44 - [MESSAGE][PASSED] - Send request successfully

2018-11-15 09:58:44 - [MESSAGE][PASSED] - Send request successfully

2018-11-15 09:58:44 - [MESSAGE][PASSED] - Send request successfully

2018-11-15 09:58:44 - [MESSAGE][PASSED] - Send request successfully

2018-11-15 09:58:44 - [MESSAGE][PASSED] - Send request successfully

2018-11-15 09:58:44 - [MESSAGE][PASSED] - Send request successfully

2018-11-15 09:58:44 - [MESSAGE][PASSED] - Actual object 'true' and expected object 'true' are equal

2018-11-15 09:58:44 - [MESSAGE][PASSED] - com.ge.tms.customer.CustomerVerification.verifyCustomerIDSort is PASSED

2018-11-15 09:58:44 - [TEST_STEP][PASSED] - executeJavaScript: Execute JavaScript 'return document.querySelectorAll("px-icon")[2].shadowRoot.querySelector("iron-icon").click()' successfully

2018-11-15 09:58:44 - [MESSAGE][PASSED] - Execute JavaScript 'return document.querySelectorAll("px-icon")[2].shadowRoot.querySelector("iron-icon").click()' successfully

2018-11-15 09:58:44 - [TEST_STEP][PASSED] - com.ge.tms.customer.CustomerVerification.verifyCustomerIDSort: com.ge.tms.customer.CustomerVerification.verifyCustomerIDSort is PASSED

2018-11-15 09:58:44 - [MESSAGE][PASSED] - Send request successfully

2018-11-15 09:58:44 - [MESSAGE][PASSED] - Send request successfully

2018-11-15 09:58:44 - [MESSAGE][PASSED] - Send request successfully

2018-11-15 09:58:44 - [MESSAGE][PASSED] - Send request successfully

2018-11-15 09:58:44 - [MESSAGE][PASSED] - Send request successfully

2018-11-15 09:58:44 - [MESSAGE][PASSED] - Send request successfully

2018-11-15 09:58:44 - [MESSAGE][PASSED] - Send request successfully

2018-11-15 09:58:44 - [MESSAGE][PASSED] - Send request successfully

2018-11-15 09:58:44 - [MESSAGE][PASSED] - Send request successfully

2018-11-15 09:58:44 - [MESSAGE][PASSED] - Actual object 'true' and expected object 'true' are equal

2018-11-15 09:58:44 - [MESSAGE][PASSED] - com.ge.tms.customer.CustomerVerification.verifyCustomerIDSort is PASSED

2018-11-15 09:58:44 - [TEST_STEP][PASSED] - executeJavaScript: Execute JavaScript 'return document.querySelectorAll("#root px-dropdown")[0].shadowRoot.querySelector("#content").shadowRoot.querySelector("#selector > div:nth-child(3) > span").click()' successfully

2018-11-15 09:58:44 - [MESSAGE][PASSED] - Execute JavaScript 'return document.querySelectorAll("#root px-dropdown")[0].shadowRoot.querySelector("#content").shadowRoot.querySelector("#selector > div:nth-child(3) > span").click()' successfully

2018-11-15 09:58:44 - [TEST_STEP][PASSED] - com.ge.tms.customer.CustomerVerification.verifyAddressKeySort: com.ge.tms.customer.CustomerVerification.verifyAddressKeySort is PASSED

2018-11-15 09:58:44 - [MESSAGE][PASSED] - Send request successfully

2018-11-15 09:58:44 - [MESSAGE][PASSED] - Send request successfully

2018-11-15 09:58:44 - [MESSAGE][PASSED] - Send request successfully

2018-11-15 09:58:44 - [MESSAGE][PASSED] - Send request successfully

2018-11-15 09:58:44 - [MESSAGE][PASSED] - Send request successfully

2018-11-15 09:58:44 - [MESSAGE][PASSED] - Send request successfully

2018-11-15 09:58:44 - [MESSAGE][PASSED] - Send request successfully

2018-11-15 09:58:44 - [MESSAGE][PASSED] - Send request successfully

2018-11-15 09:58:44 - [MESSAGE][PASSED] - Send request successfully

2018-11-15 09:58:44 - [MESSAGE][PASSED] - Actual object 'true' and expected object 'true' are equal

2018-11-15 09:58:44 - [MESSAGE][PASSED] - com.ge.tms.customer.CustomerVerification.verifyAddressKeySort is PASSED

2018-11-15 09:58:44 - [TEST_STEP][PASSED] - executeJavaScript: Execute JavaScript 'return document.querySelectorAll("px-icon")[2].shadowRoot.querySelector("iron-icon").click()' successfully

2018-11-15 09:58:44 - [MESSAGE][PASSED] - Execute JavaScript 'return document.querySelectorAll("px-icon")[2].shadowRoot.querySelector("iron-icon").click()' successfully

2018-11-15 09:58:44 - [TEST_STEP][PASSED] - executeJavaScript: Execute JavaScript 'return document.querySelectorAll("px-icon")[2].shadowRoot.querySelector("iron-icon").click()' successfully

2018-11-15 09:58:44 - [MESSAGE][PASSED] - Execute JavaScript 'return document.querySelectorAll("px-icon")[2].shadowRoot.querySelector("iron-icon").click()' successfully

2018-11-15 09:58:44 - [TEST_STEP][PASSED] - com.ge.tms.customer.CustomerVerification.verifyAddressKeySort: com.ge.tms.customer.CustomerVerification.verifyAddressKeySort is PASSED

2018-11-15 09:58:44 - [MESSAGE][PASSED] - Send request successfully

2018-11-15 09:58:44 - [MESSAGE][PASSED] - Send request successfully

2018-11-15 09:58:44 - [MESSAGE][PASSED] - Send request successfully

2018-11-15 09:58:44 - [MESSAGE][PASSED] - Send request successfully

2018-11-15 09:58:44 - [MESSAGE][PASSED] - Send request successfully

2018-11-15 09:58:44 - [MESSAGE][PASSED] - Send request successfully

2018-11-15 09:58:44 - [MESSAGE][PASSED] - Send request successfully

2018-11-15 09:58:44 - [MESSAGE][PASSED] - Send request successfully

2018-11-15 09:58:44 - [MESSAGE][PASSED] - Send request successfully

2018-11-15 09:58:44 - [MESSAGE][PASSED] - Actual object 'true' and expected object 'true' are equal

2018-11-15 09:58:44 - [MESSAGE][PASSED] - com.ge.tms.customer.CustomerVerification.verifyAddressKeySort is PASSED

2018-11-15 09:58:44 - [TEST_STEP][PASSED] - executeJavaScript: Execute JavaScript 'return document.querySelectorAll("#root px-dropdown")[0].shadowRoot.querySelector("#content").shadowRoot.querySelector("#selector > div:nth-child(4) > span").click()' successfully

2018-11-15 09:58:44 - [MESSAGE][PASSED] - Execute JavaScript 'return document.querySelectorAll("#root px-dropdown")[0].shadowRoot.querySelector("#content").shadowRoot.querySelector("#selector > div:nth-child(4) > span").click()' successfully

2018-11-15 09:58:44 - [TEST_STEP][PASSED] - com.ge.tms.customer.CustomerVerification.verifyModifiedDateSort: com.ge.tms.customer.CustomerVerification.verifyModifiedDateSort is PASSED

2018-11-15 09:58:44 - [MESSAGE][PASSED] - Send request successfully

2018-11-15 09:58:44 - [MESSAGE][PASSED] - Send request successfully

2018-11-15 09:58:44 - [MESSAGE][PASSED] - Send request successfully

2018-11-15 09:58:44 - [MESSAGE][PASSED] - Send request successfully

2018-11-15 09:58:44 - [MESSAGE][PASSED] - Send request successfully

2018-11-15 09:58:44 - [MESSAGE][PASSED] - Send request successfully

2018-11-15 09:58:44 - [MESSAGE][PASSED] - Send request successfully

2018-11-15 09:58:44 - [MESSAGE][PASSED] - Send request successfully

2018-11-15 09:58:44 - [MESSAGE][PASSED] - Send request successfully

2018-11-15 09:58:44 - [MESSAGE][PASSED] - Actual object 'true' and expected object 'true' are equal

2018-11-15 09:58:44 - [MESSAGE][PASSED] - com.ge.tms.customer.CustomerVerification.verifyModifiedDateSort is PASSED

2018-11-15 09:58:44 - [TEST_STEP][PASSED] - executeJavaScript: Execute JavaScript 'return document.querySelectorAll("px-icon")[2].shadowRoot.querySelector("iron-icon").click()' successfully

2018-11-15 09:58:44 - [MESSAGE][PASSED] - Execute JavaScript 'return document.querySelectorAll("px-icon")[2].shadowRoot.querySelector("iron-icon").click()' successfully

2018-11-15 09:58:44 - [TEST_STEP][PASSED] - executeJavaScript: Execute JavaScript 'return document.querySelectorAll("px-icon")[2].shadowRoot.querySelector("iron-icon").click()' successfully

2018-11-15 09:58:44 - [MESSAGE][PASSED] - Execute JavaScript 'return document.querySelectorAll("px-icon")[2].shadowRoot.querySelector("iron-icon").click()' successfully

2018-11-15 09:58:44 - [TEST_STEP][PASSED] - com.ge.tms.customer.CustomerVerification.verifyModifiedDateSort: com.ge.tms.customer.CustomerVerification.verifyModifiedDateSort is PASSED

2018-11-15 09:58:44 - [MESSAGE][PASSED] - Send request successfully

2018-11-15 09:58:44 - [MESSAGE][PASSED] - Send request successfully

2018-11-15 09:58:44 - [MESSAGE][PASSED] - Send request successfully

2018-11-15 09:58:44 - [MESSAGE][PASSED] - Send request successfully

2018-11-15 09:58:44 - [MESSAGE][PASSED] - Send request successfully

2018-11-15 09:58:44 - [MESSAGE][PASSED] - Send request successfully

2018-11-15 09:58:44 - [MESSAGE][PASSED] - Send request successfully

2018-11-15 09:58:44 - [MESSAGE][PASSED] - Send request successfully

2018-11-15 09:58:44 - [MESSAGE][PASSED] - Send request successfully

2018-11-15 09:58:45 - [MESSAGE][PASSED] - Actual object 'true' and expected object 'true' are equal

2018-11-15 09:58:45 - [MESSAGE][PASSED] - com.ge.tms.customer.CustomerVerification.verifyModifiedDateSort is PASSED

2018-11-15 09:58:45 - [TEST_STEP][PASSED] - Start listener action : closeBrowserForTestCasse: Navigate to 'http://localhost:8080/home' successfully

2018-11-15 09:58:45 - [TEST_STEP][PASSED] - Statement - If (isTestSuitEnable == true): null

2018-11-15 09:58:45 - [TEST_STEP][PASSED] - Statement - beforeTestCaseExecute(): null

2018-11-15 09:58:45 - [TEST_STEP][PASSED] - Statement - If (isTestSuitEnable == true): Navigate to 'http://localhost:8080/home' successfully

2018-11-15 09:58:45 - [TEST_STEP][PASSED] - navigateToUrl: Navigate to 'http://localhost:8080/home' successfully

2018-11-15 09:58:46 - [MESSAGE][PASSED] - Navigate to 'http://localhost:8080/home' successfully

2018-11-15 09:58:46 - [TEST_STEP][PASSED] - Start listener action : afterTestCase: Invoke 'com.kms.katalon.core.annotation.AfterTestCase' method: 'TmsTestListner.afterTestCase(...)' completed.

2018-11-15 09:58:46 - [TEST_STEP][PASSED] - Statement - If (java.lang.System.getProperties().containsKey("updateRally")): Invoke 'com.kms.katalon.core.annotation.AfterTestCase' method: 'TmsTestListner.afterTestCase(...)' completed.]]></system-out>
         <system-err><![CDATA[]]></system-err>
      </testcase>
      <system-out><![CDATA[2018-11-15 09:56:54 - [TEST_SUITE][ERROR] - Manage Customer Test Suite: Test Cases/Customer/F11762-View Customer/QA-US84851/US83148-SearchCustomer/TC60100-Search-Customer FAILED because (of) java.lang.StringIndexOutOfBoundsException: String index out of range: -1]]></system-out>
      <system-err><![CDATA[2018-11-15 09:56:54 - [TEST_SUITE][ERROR] - Manage Customer Test Suite: Test Cases/Customer/F11762-View Customer/QA-US84851/US83148-SearchCustomer/TC60100-Search-Customer FAILED because (of) java.lang.StringIndexOutOfBoundsException: String index out of range: -1]]></system-err>
   </testsuite>
</testsuites>
