<?xml version="1.0" encoding="UTF-8"?>
<testsuites name="RailRoad Setup Test Suite" time="646" tests="19" failures="1" errors="0">
   <testsuite name="RailRoad Setup Test Suite" tests="19" failures="1" errors="0" time="646" timestamp="2018-11-12 14:22:03" hostname="priyanga - 10.185.118.121" id="Test Suites/Regression/RailRoad Setup Test Suite">
      <properties>
         <property name="deviceName" value=""/>
         <property name="devicePlatform" value=""/>
         <property name="logFolder" value="/Users/priyanga/TMS_QA_AUTOMATION/tms-qa-automation/TMSLiteRegressionAutomation/Reports/Regression/RailRoad Setup Test Suite/20181112_141449"/>
         <property name="logFiles" value="/Users/priyanga/TMS_QA_AUTOMATION/tms-qa-automation/TMSLiteRegressionAutomation/Reports/Regression/RailRoad Setup Test Suite/20181112_141449/execution0.log"/>
         <property name="attachments" value="/Users/priyanga/TMS_QA_AUTOMATION/tms-qa-automation/TMSLiteRegressionAutomation/Reports/Regression/RailRoad Setup Test Suite/20181112_141449/1542013369106.png"/>
         <property name="hostName" value="priyanga - 10.185.118.121"/>
         <property name="os" value="Mac OS X 64bit"/>
         <property name="katalonVersion" value="5.7.1.1"/>
         <property name="browser" value="Chrome 70.0.3538.77"/>
         <property name="hostAddress" value="10.185.118.121"/>
         <property name="sessionId" value="6f48acccd314ada295b59db444b69f05"/>
         <property name="seleniumVersion" value="3.7.1"/>
         <property name="proxyInformation" value="ProxyInformation{proxyOption=USE_SYSTEM, proxyServerType=HTTP, password=, proxyServerAddress=, proxyServerPort=0}"/>
         <property name="platform" value="Mac OS X"/>
      </properties>
      <testcase name="Test Cases/Railroad/F11822-Configure and Manage Stations/QA-US88425-Add Station/US84087-Add Station/TC63826-Add station" classname="Test Cases/Railroad/F11822-Configure and Manage Stations/QA-US88425-Add Station/US84087-Add Station/TC63826-Add station" status="PASSED">
         <system-out><![CDATA[2018-11-12 14:22:35 - [TEST_CASE][PASSED] - Test Cases/Railroad/F11822-Configure and Manage Stations/QA-US88425-Add Station/US84087-Add Station/TC63826-Add station: Test Cases/Railroad/F11822-Configure and Manage Stations/QA-US88425-Add Station/US84087-Add Station/TC63826-Add station

2018-11-12 14:22:36 - [TEST_STEP][PASSED] - Start listener action : beforeTestCaseExecute: Navigate to 'http://localhost:8080/home' successfully

2018-11-12 14:22:36 - [TEST_STEP][PASSED] - Statement - If (isTestSuitEnable == true): Navigate to 'http://localhost:8080/home' successfully

2018-11-12 14:22:36 - [TEST_STEP][PASSED] - navigateToUrl: Navigate to 'http://localhost:8080/home' successfully

2018-11-12 14:22:36 - [MESSAGE][PASSED] - Navigate to 'http://localhost:8080/home' successfully

2018-11-12 14:22:36 - [TEST_STEP][PASSED] - Statement - actions = new com.ge.tms.commonactions.RailroadActions(): Send request successfully

2018-11-12 14:22:36 - [MESSAGE][PASSED] - Send request successfully

2018-11-12 14:22:36 - [MESSAGE][PASSED] - Send request successfully

2018-11-12 14:22:36 - [MESSAGE][PASSED] - Send request successfully

2018-11-12 14:22:36 - [MESSAGE][PASSED] - Send request successfully

2018-11-12 14:22:36 - [TEST_STEP][PASSED] - com.ge.tms.commonactions.CommonClickEvents.clickOnRailroadSetup: com.ge.tms.commonactions.CommonClickEvents.clickOnRailroadSetup is PASSED

2018-11-12 14:22:36 - [MESSAGE][PASSED] - Execute JavaScript 'document.querySelector('px-app-nav').shadowRoot.querySelector('#items > px-app-nav-group:nth-child(13) > px-app-nav-subitem:nth-child(1)').click()' successfully

2018-11-12 14:22:38 - [MESSAGE][PASSED] - Delayed 2 second(s)

2018-11-12 14:22:38 - [MESSAGE][PASSED] - com.ge.tms.commonactions.CommonClickEvents.clickOnRailroadSetup is PASSED

2018-11-12 14:22:38 - [TEST_STEP][PASSED] - com.ge.tms.commonactions.RailroadActions.clickOnSelectRailroadDropdown: com.ge.tms.commonactions.RailroadActions.clickOnSelectRailroadDropdown is PASSED

2018-11-12 14:22:39 - [MESSAGE][PASSED] - Send request successfully

2018-11-12 14:22:39 - [MESSAGE][PASSED] - Send request successfully

2018-11-12 14:22:39 - [MESSAGE][PASSED] - Send request successfully

2018-11-12 14:22:39 - [MESSAGE][PASSED] - Send request successfully

2018-11-12 14:22:39 - [MESSAGE][PASSED] - Execute JavaScript 'document.querySelector('#railroads-select-dropdown').shadowRoot.querySelector('#trigger').click()' successfully

2018-11-12 14:22:42 - [MESSAGE][PASSED] - Delayed 3 second(s)

2018-11-12 14:22:42 - [MESSAGE][PASSED] - com.ge.tms.commonactions.RailroadActions.clickOnSelectRailroadDropdown is PASSED

2018-11-12 14:22:42 - [TEST_STEP][PASSED] - com.ge.tms.commonactions.RailroadActions.selectRandomRailRoad: com.ge.tms.commonactions.RailroadActions.selectRandomRailRoad is PASSED

2018-11-12 14:22:42 - [MESSAGE][PASSED] - Send request successfully

2018-11-12 14:22:42 - [MESSAGE][PASSED] - Send request successfully

2018-11-12 14:22:42 - [MESSAGE][PASSED] - Send request successfully

2018-11-12 14:22:42 - [MESSAGE][PASSED] - Send request successfully

2018-11-12 14:22:42 - [MESSAGE][PASSED] - Execute JavaScript 'let railRoadList=[]; document.querySelector('#railroads-select-dropdown').shadowRoot.querySelector('#content').shadowRoot.querySelectorAll('#selector > div.dropdown-option').forEach(node => { railRoadList.push(node.getAttribute('title')) }); return railRoadList' successfully

2018-11-12 14:22:42 - [MESSAGE][PASSED] - Execute JavaScript 'return document.querySelector('#railroads-select-dropdown').shadowRoot.querySelector('#content').shadowRoot.querySelector('#selector > div:nth-child(6) span').innerHTML' successfully

2018-11-12 14:22:42 - [MESSAGE][PASSED] - Execute JavaScript 'return document.querySelector('#railroads-select-dropdown').shadowRoot.querySelector('#content').shadowRoot.querySelector('#selector > div:nth-child(6) span').click()' successfully

2018-11-12 14:22:42 - [MESSAGE][PASSED] - com.ge.tms.commonactions.RailroadActions.selectRandomRailRoad is PASSED

2018-11-12 14:22:42 - [TEST_STEP][PASSED] - delay: Delayed 2 second(s)

2018-11-12 14:22:44 - [MESSAGE][PASSED] - Delayed 2 second(s)

2018-11-12 14:22:44 - [TEST_STEP][PASSED] - Statement - setStationId = <not implemented yet for class: org.codehaus.groovy.ast.expr.EmptyExpression>: null

2018-11-12 14:22:44 - [TEST_STEP][PASSED] - Statement - actions.addStationMandatotyFields(setStationId): Delayed 3 second(s)

2018-11-12 14:22:44 - [MESSAGE][PASSED] - Object: 'Object Repository/F11822-Configure and Manage Stations/Add_New_Station_Button' is clicked on

2018-11-12 14:22:44 - [MESSAGE][PASSED] - Text 'LIRQ42H' is set on object 'Object Repository/F11822-Configure and Manage Stations/station_id'

2018-11-12 14:22:45 - [MESSAGE][PASSED] - Text 'V74VJ3Y' is set on object 'Object Repository/F11822-Configure and Manage Stations/station_name'

2018-11-12 14:22:45 - [MESSAGE][PASSED] - Execute JavaScript 'document.querySelector('#splc').shadowRoot.querySelector('#trigger').shadowRoot.querySelector('#trigger').click()' successfully

2018-11-12 14:22:45 - [MESSAGE][PASSED] - Execute JavaScript 'return document.querySelector('#splc').shadowRoot.querySelector('px-overlay-content > #content').shadowRoot.querySelectorAll('#dropdown > div > #selector > div').length' successfully

2018-11-12 14:22:45 - [MESSAGE][PASSED] - Execute JavaScript 'document.querySelector('#splc').shadowRoot.querySelector('px-overlay-content > #content').shadowRoot.querySelector('#dropdown > div > #selector > div:nth-child(1)').click()' successfully

2018-11-12 14:22:45 - [MESSAGE][PASSED] - Execute JavaScript 'return document.querySelector('#fsac').shadowRoot.querySelector('px-overlay-content > #content').shadowRoot.querySelectorAll('#dropdown > div > #selector > div').length' successfully

2018-11-12 14:22:45 - [MESSAGE][PASSED] - Execute JavaScript 'document.querySelector('#fsac').shadowRoot.querySelector('px-overlay-content > #content').shadowRoot.querySelector('#dropdown > div > #selector > div:nth-child(1)').click()' successfully

2018-11-12 14:22:45 - [MESSAGE][PASSED] - Execute JavaScript 'return document.querySelector('#station-timezone-qualifier').shadowRoot.querySelector('px-overlay-content > #content').shadowRoot.querySelectorAll('#dropdown > div > #selector > div').length' successfully

2018-11-12 14:22:45 - [MESSAGE][PASSED] - Execute JavaScript 'document.querySelector('#station-timezone-qualifier').shadowRoot.querySelector('px-overlay-content > #content').shadowRoot.querySelector('#dropdown > div > #selector > div:nth-child(5)').click()' successfully

2018-11-12 14:22:45 - [MESSAGE][PASSED] - Execute JavaScript 'return document.querySelector('#country').shadowRoot.querySelector('px-overlay-content > #content').shadowRoot.querySelectorAll('#dropdown > div > #selector > div').length' successfully

2018-11-12 14:22:45 - [MESSAGE][PASSED] - Execute JavaScript 'document.querySelector('#country').shadowRoot.querySelector('px-overlay-content > #content').shadowRoot.querySelector('#dropdown > div > #selector > div:nth-child(2)').click()' successfully

2018-11-12 14:22:45 - [MESSAGE][PASSED] - Execute JavaScript 'return document.querySelector('#state').shadowRoot.querySelector('px-overlay-content > #content').shadowRoot.querySelectorAll('#dropdown > div > #selector > div').length' successfully

2018-11-12 14:22:45 - [MESSAGE][PASSED] - Execute JavaScript 'document.querySelector('#state').shadowRoot.querySelector('px-overlay-content > #content').shadowRoot.querySelector('#dropdown > div > #selector > div:nth-child(3)').click()' successfully

2018-11-12 14:22:45 - [MESSAGE][PASSED] - Object: 'Object Repository/F11822-Configure and Manage Stations/station_save_button' is clicked on

2018-11-12 14:22:48 - [MESSAGE][PASSED] - Delayed 3 second(s)

2018-11-12 14:22:48 - [TEST_STEP][PASSED] - com.ge.tms.railroad.RailroadVerification.verifySelectedStationWithHeaderDetails: com.ge.tms.railroad.RailroadVerification.verifySelectedStationWithHeaderDetails is PASSED

2018-11-12 14:22:48 - [MESSAGE][PASSED] - Send request successfully

2018-11-12 14:22:48 - [MESSAGE][PASSED] - Send request successfully

2018-11-12 14:22:48 - [MESSAGE][PASSED] - Send request successfully

2018-11-12 14:22:48 - [MESSAGE][PASSED] - Send request successfully

2018-11-12 14:22:48 - [MESSAGE][PASSED] - Send request successfully

2018-11-12 14:22:48 - [MESSAGE][PASSED] - Send request successfully

2018-11-12 14:22:48 - [MESSAGE][PASSED] - Send request successfully

2018-11-12 14:22:48 - [MESSAGE][PASSED] - Send request successfully

2018-11-12 14:22:48 - [MESSAGE][PASSED] - Execute JavaScript 'return document.querySelector('#railroads-select-dropdown').shadowRoot.querySelector('#trigger').shadowRoot.querySelector('#label').innerHTML' successfully

2018-11-12 14:22:48 - [MESSAGE][PASSED] - Send request successfully

2018-11-12 14:22:48 - [MESSAGE][PASSED] - Text of object 'Object Repository/F11822-Configure and Manage Stations/QA-US87586-View Stations/US84086-View Station Details/View Stations/div_StationCode' is: 'LIRQ42H'

2018-11-12 14:22:48 - [MESSAGE][PASSED] - Text of object 'Object Repository/F11822-Configure and Manage Stations/QA-US87586-View Stations/US84086-View Station Details/View Stations/p_StationName' is: 'V74VJ3Y'

2018-11-12 14:22:48 - [MESSAGE][PASSED] - Text of object 'Object Repository/F11822-Configure and Manage Stations/QA-US87586-View Stations/US84086-View Station Details/View Stations/span_RailroadCode' is: 'CBOA'

2018-11-12 14:22:48 - [MESSAGE][PASSED] - Actual object 'LIRQ42H' and expected object 'LIRQ42H' are equal

2018-11-12 14:22:48 - [MESSAGE][PASSED] - Actual object 'V74VJ3Y' and expected object 'V74VJ3Y' are equal

2018-11-12 14:22:48 - [MESSAGE][PASSED] - Actual object 'CBOA' and expected object 'CBOA' are equal

2018-11-12 14:22:48 - [MESSAGE][PASSED] - com.ge.tms.railroad.RailroadVerification.verifySelectedStationWithHeaderDetails is PASSED

2018-11-12 14:22:48 - [TEST_STEP][PASSED] - com.ge.tms.railroad.RailroadVerification.verifySelectedStationDetailsInRightPane: com.ge.tms.railroad.RailroadVerification.verifySelectedStationDetailsInRightPane is PASSED

2018-11-12 14:22:48 - [MESSAGE][PASSED] - Send request successfully

2018-11-12 14:22:48 - [MESSAGE][PASSED] - Send request successfully

2018-11-12 14:22:48 - [MESSAGE][PASSED] - Send request successfully

2018-11-12 14:22:48 - [MESSAGE][PASSED] - Send request successfully

2018-11-12 14:22:48 - [MESSAGE][PASSED] - Send request successfully

2018-11-12 14:22:48 - [MESSAGE][PASSED] - Send request successfully

2018-11-12 14:22:48 - [MESSAGE][PASSED] - Send request successfully

2018-11-12 14:22:48 - [MESSAGE][PASSED] - Send request successfully

2018-11-12 14:22:48 - [MESSAGE][PASSED] - Execute JavaScript 'return document.querySelector('#railroads-select-dropdown').shadowRoot.querySelector('#trigger').shadowRoot.querySelector('#label').innerHTML' successfully

2018-11-12 14:22:48 - [MESSAGE][PASSED] - Send request successfully

2018-11-12 14:22:49 - [MESSAGE][PASSED] - Text of object 'Object Repository/F11822-Configure and Manage Stations/QA-US87586-View Stations/US84086-View Station Details/View Stations/span_SPLC' is: '612200'

2018-11-12 14:22:49 - [MESSAGE][PASSED] - Text of object 'Object Repository/F11822-Configure and Manage Stations/QA-US87586-View Stations/US84086-View Station Details/View Stations/span_FSAC' is: '1'

2018-11-12 14:22:49 - [MESSAGE][PASSED] - Text of object 'Object Repository/F11822-Configure and Manage Stations/QA-US87586-View Stations/US84086-View Station Details/View Stations/span_DefaultTrack' is: '--'

2018-11-12 14:22:49 - [MESSAGE][PASSED] - Text of object 'Object Repository/F11822-Configure and Manage Stations/QA-US87586-View Stations/US84086-View Station Details/View Stations/span_Junction' is: '--'

2018-11-12 14:22:49 - [MESSAGE][PASSED] - Text of object 'Object Repository/F11822-Configure and Manage Stations/QA-US87586-View Stations/US84086-View Station Details/View Stations/span_SwitchingTrack' is: '--'

2018-11-12 14:22:49 - [MESSAGE][PASSED] - Text of object 'Object Repository/F11822-Configure and Manage Stations/QA-US87586-View Stations/US84086-View Station Details/View Stations/span_Classification' is: '--'

2018-11-12 14:22:49 - [MESSAGE][PASSED] - Text of object 'Object Repository/F11822-Configure and Manage Stations/QA-US87586-View Stations/US84086-View Station Details/View Stations/span_OriginalBillFsac' is: '--'

2018-11-12 14:22:49 - [MESSAGE][PASSED] - Text of object 'Object Repository/F11822-Configure and Manage Stations/QA-US87586-View Stations/US84086-View Station Details/View Stations/span_USEntryPort' is: '--'

2018-11-12 14:22:49 - [MESSAGE][PASSED] - Text of object 'Object Repository/F11822-Configure and Manage Stations/QA-US87586-View Stations/US84086-View Station Details/View Stations/span_CanadaEntry' is: '--'

2018-11-12 14:22:49 - [MESSAGE][PASSED] - Text of object 'Object Repository/F11822-Configure and Manage Stations/QA-US87586-View Stations/US84086-View Station Details/View Stations/span_InterchangeRoads' is: '--'

2018-11-12 14:22:49 - [MESSAGE][PASSED] - Text of object 'Object Repository/F11822-Configure and Manage Stations/QA-US87586-View Stations/US84086-View Station Details/View Stations/span_Milepost' is: '--'

2018-11-12 14:22:49 - [MESSAGE][PASSED] - Text of object 'Object Repository/F11822-Configure and Manage Stations/QA-US87586-View Stations/US84086-View Station Details/View Stations/span_Timezone' is: 'MST'

2018-11-12 14:22:49 - [MESSAGE][PASSED] - Text of object 'Object Repository/F11822-Configure and Manage Stations/QA-US87586-View Stations/US84086-View Station Details/View Stations/span_Country' is: 'CA'

2018-11-12 14:22:49 - [MESSAGE][PASSED] - Text of object 'Object Repository/F11822-Configure and Manage Stations/QA-US87586-View Stations/US84086-View Station Details/View Stations/span_State' is: 'MB'

2018-11-12 14:22:49 - [MESSAGE][PASSED] - Text of object 'Object Repository/F11822-Configure and Manage Stations/QA-US87586-View Stations/US84086-View Station Details/View Stations/span_DaylightSavings' is: 'No'

2018-11-12 14:22:49 - [MESSAGE][PASSED] - Text of object 'Object Repository/F11822-Configure and Manage Stations/QA-US87586-View Stations/US84086-View Station Details/View Stations/span_Lattitude' is: '--'

2018-11-12 14:22:49 - [MESSAGE][PASSED] - Text of object 'Object Repository/F11822-Configure and Manage Stations/QA-US87586-View Stations/US84086-View Station Details/View Stations/span_Longitude' is: '--'

2018-11-12 14:22:49 - [MESSAGE][PASSED] - Actual object '612200' and expected object '612,200' are equal

2018-11-12 14:22:49 - [MESSAGE][PASSED] - Actual object '1' and expected object '1' are equal

2018-11-12 14:22:49 - [MESSAGE][PASSED] - Actual object '--' and expected object '--' are equal

2018-11-12 14:22:49 - [MESSAGE][PASSED] - Actual object '--' and expected object '--' are equal

2018-11-12 14:22:49 - [MESSAGE][PASSED] - Actual object '--' and expected object '--' are equal

2018-11-12 14:22:49 - [MESSAGE][PASSED] - Actual object '--' and expected object '--' are equal

2018-11-12 14:22:49 - [MESSAGE][PASSED] - Actual object '--' and expected object '--' are equal

2018-11-12 14:22:49 - [MESSAGE][PASSED] - Actual object '--' and expected object '--' are equal

2018-11-12 14:22:49 - [MESSAGE][PASSED] - Actual object '--' and expected object '--' are equal

2018-11-12 14:22:49 - [MESSAGE][PASSED] - Actual object '--' and expected object '--' are equal

2018-11-12 14:22:49 - [MESSAGE][PASSED] - Actual object 'MST' and expected object 'MST' are equal

2018-11-12 14:22:49 - [MESSAGE][PASSED] - Actual object 'CA' and expected object 'CA' are equal

2018-11-12 14:22:49 - [MESSAGE][PASSED] - Actual object 'MB' and expected object 'MB' are equal

2018-11-12 14:22:49 - [MESSAGE][PASSED] - Actual object 'No' and expected object 'No' are equal

2018-11-12 14:22:49 - [MESSAGE][PASSED] - Actual object '--' and expected object '--' are equal

2018-11-12 14:22:49 - [MESSAGE][PASSED] - Actual object '--' and expected object '--' are equal

2018-11-12 14:22:49 - [MESSAGE][PASSED] - com.ge.tms.railroad.RailroadVerification.verifySelectedStationDetailsInRightPane is PASSED

2018-11-12 14:22:49 - [TEST_STEP][PASSED] - com.ge.tms.commonactions.RailroadActions.clickOnStationActionMenu: com.ge.tms.commonactions.RailroadActions.clickOnStationActionMenu is PASSED

2018-11-12 14:22:49 - [MESSAGE][PASSED] - Send request successfully

2018-11-12 14:22:49 - [MESSAGE][PASSED] - Send request successfully

2018-11-12 14:22:49 - [MESSAGE][PASSED] - Send request successfully

2018-11-12 14:22:49 - [MESSAGE][PASSED] - Send request successfully

2018-11-12 14:22:49 - [MESSAGE][PASSED] - Execute JavaScript 'document.querySelector('#station-actions-dropdown').shadowRoot.querySelector('#trigger').click()' successfully

2018-11-12 14:22:50 - [MESSAGE][PASSED] - Delayed 1 second(s)

2018-11-12 14:22:50 - [MESSAGE][PASSED] - com.ge.tms.commonactions.RailroadActions.clickOnStationActionMenu is PASSED

2018-11-12 14:22:50 - [TEST_STEP][PASSED] - com.ge.tms.commonactions.RailroadActions.clickOnDeleteStationButton: com.ge.tms.commonactions.RailroadActions.clickOnDeleteStationButton is PASSED

2018-11-12 14:22:50 - [MESSAGE][PASSED] - Send request successfully

2018-11-12 14:22:50 - [MESSAGE][PASSED] - Send request successfully

2018-11-12 14:22:50 - [MESSAGE][PASSED] - Send request successfully

2018-11-12 14:22:50 - [MESSAGE][PASSED] - Send request successfully

2018-11-12 14:22:50 - [MESSAGE][PASSED] - Execute JavaScript 'document.querySelector('#station-actions-dropdown').shadowRoot.querySelector('#content').shadowRoot.querySelector('#selector > div:nth-child(2)').click()' successfully

2018-11-12 14:22:50 - [MESSAGE][PASSED] - com.ge.tms.commonactions.RailroadActions.clickOnDeleteStationButton is PASSED

2018-11-12 14:22:50 - [TEST_STEP][PASSED] - Statement - deleteYesButtonObj = com.kms.katalon.core.testobject.ObjectRepository.findTestObject(Object Repository/F11822-Configure and Manage Stations/deleteConfirmationYesButton): Finding Test Object with id 'Object Repository/F11822-Configure and Manage Stations/deleteConfirmationYesButton'

2018-11-12 14:22:50 - [TEST_STEP][PASSED] - com.ge.tms.commonactions.RailroadActions.clickOnTestObject: com.ge.tms.commonactions.RailroadActions.clickOnTestObject is PASSED

2018-11-12 14:22:50 - [MESSAGE][PASSED] - Send request successfully

2018-11-12 14:22:50 - [MESSAGE][PASSED] - Send request successfully

2018-11-12 14:22:50 - [MESSAGE][PASSED] - Send request successfully

2018-11-12 14:22:50 - [MESSAGE][PASSED] - Send request successfully

2018-11-12 14:22:50 - [MESSAGE][PASSED] - Object: 'Object Repository/F11822-Configure and Manage Stations/deleteConfirmationYesButton' is clicked on

2018-11-12 14:22:50 - [MESSAGE][PASSED] - com.ge.tms.commonactions.RailroadActions.clickOnTestObject is PASSED

2018-11-12 14:22:50 - [TEST_STEP][PASSED] - delay: Delayed 2 second(s)

2018-11-12 14:22:52 - [MESSAGE][PASSED] - Delayed 2 second(s)

2018-11-12 14:22:52 - [TEST_STEP][PASSED] - com.ge.tms.railroad.RailroadVerification.verifyDeletedItemNotPresentInSearchView: com.ge.tms.railroad.RailroadVerification.verifyDeletedItemNotPresentInSearchView is PASSED

2018-11-12 14:22:52 - [MESSAGE][PASSED] - Send request successfully

2018-11-12 14:22:52 - [MESSAGE][PASSED] - Send request successfully

2018-11-12 14:22:52 - [MESSAGE][PASSED] - Send request successfully

2018-11-12 14:22:52 - [MESSAGE][PASSED] - Send request successfully

2018-11-12 14:22:52 - [MESSAGE][PASSED] - Send request successfully

2018-11-12 14:22:52 - [MESSAGE][PASSED] - Send request successfully

2018-11-12 14:22:52 - [MESSAGE][PASSED] - Send request successfully

2018-11-12 14:22:52 - [MESSAGE][PASSED] - Send request successfully

2018-11-12 14:22:52 - [MESSAGE][PASSED] - Text 'LIRQ42H' is set on object 'Object Repository/CommonObjects/searchTextBoxLeftNav'

2018-11-12 14:22:54 - [MESSAGE][PASSED] - Delayed 2 second(s)

2018-11-12 14:22:54 - [MESSAGE][PASSED] - Text of object 'Object Repository/CommonObjects/noSearchResultMessageLeftNav' is: 'No stations or zones found.'

2018-11-12 14:22:54 - [MESSAGE][PASSED] - Actual object 'No stations or zones found.' and expected object 'No stations or zones found.' are equal

2018-11-12 14:22:54 - [MESSAGE][PASSED] - com.ge.tms.railroad.RailroadVerification.verifyDeletedItemNotPresentInSearchView is PASSED

2018-11-12 14:22:54 - [TEST_STEP][PASSED] - Start listener action : closeBrowserForTestCasse: Navigate to 'http://localhost:8080/home' successfully

2018-11-12 14:22:54 - [TEST_STEP][PASSED] - Statement - If (isTestSuitEnable == true): null

2018-11-12 14:22:54 - [TEST_STEP][PASSED] - Statement - beforeTestCaseExecute(): null

2018-11-12 14:22:54 - [TEST_STEP][PASSED] - Statement - If (isTestSuitEnable == true): Navigate to 'http://localhost:8080/home' successfully

2018-11-12 14:22:54 - [TEST_STEP][PASSED] - navigateToUrl: Navigate to 'http://localhost:8080/home' successfully

2018-11-12 14:22:55 - [MESSAGE][PASSED] - Navigate to 'http://localhost:8080/home' successfully

2018-11-12 14:22:55 - [TEST_STEP][PASSED] - Start listener action : afterTestCase: Invoke 'com.kms.katalon.core.annotation.AfterTestCase' method: 'TmsTestListner.afterTestCase(...)' completed.

2018-11-12 14:22:55 - [TEST_STEP][PASSED] - Statement - If (java.lang.System.getProperties().containsKey("updateRally")): Invoke 'com.kms.katalon.core.annotation.AfterTestCase' method: 'TmsTestListner.afterTestCase(...)' completed.]]></system-out>
         <system-err><![CDATA[]]></system-err>
      </testcase>
      <testcase name="Test Cases/Railroad/F11822-Configure and Manage Stations/QA-US88425-Add Station/US84087-Add Station/TC64623 - Add station validations" classname="Test Cases/Railroad/F11822-Configure and Manage Stations/QA-US88425-Add Station/US84087-Add Station/TC64623 - Add station validations" status="PASSED">
         <system-out><![CDATA[2018-11-12 14:22:56 - [TEST_CASE][PASSED] - Test Cases/Railroad/F11822-Configure and Manage Stations/QA-US88425-Add Station/US84087-Add Station/TC64623 - Add station validations: Test Cases/Railroad/F11822-Configure and Manage Stations/QA-US88425-Add Station/US84087-Add Station/TC64623 - Add station validations

2018-11-12 14:22:56 - [TEST_STEP][PASSED] - Start listener action : beforeTestCaseExecute: Navigate to 'http://localhost:8080/home' successfully

2018-11-12 14:22:56 - [TEST_STEP][PASSED] - Statement - If (isTestSuitEnable == true): Navigate to 'http://localhost:8080/home' successfully

2018-11-12 14:22:56 - [TEST_STEP][PASSED] - navigateToUrl: Navigate to 'http://localhost:8080/home' successfully

2018-11-12 14:22:56 - [MESSAGE][PASSED] - Navigate to 'http://localhost:8080/home' successfully

2018-11-12 14:22:56 - [TEST_STEP][PASSED] - Statement - actions = new com.ge.tms.commonactions.RailroadActions(): Send request successfully

2018-11-12 14:22:56 - [MESSAGE][PASSED] - Send request successfully

2018-11-12 14:22:56 - [MESSAGE][PASSED] - Send request successfully

2018-11-12 14:22:56 - [MESSAGE][PASSED] - Send request successfully

2018-11-12 14:22:56 - [MESSAGE][PASSED] - Send request successfully

2018-11-12 14:22:56 - [TEST_STEP][PASSED] - com.ge.tms.commonactions.CommonClickEvents.clickOnRailroadSetup: com.ge.tms.commonactions.CommonClickEvents.clickOnRailroadSetup is PASSED

2018-11-12 14:22:56 - [MESSAGE][PASSED] - Execute JavaScript 'document.querySelector('px-app-nav').shadowRoot.querySelector('#items > px-app-nav-group:nth-child(13) > px-app-nav-subitem:nth-child(1)').click()' successfully

2018-11-12 14:22:58 - [MESSAGE][PASSED] - Delayed 2 second(s)

2018-11-12 14:22:58 - [MESSAGE][PASSED] - com.ge.tms.commonactions.CommonClickEvents.clickOnRailroadSetup is PASSED

2018-11-12 14:22:58 - [TEST_STEP][PASSED] - com.ge.tms.commonactions.RailroadActions.clickOnSelectRailroadDropdown: com.ge.tms.commonactions.RailroadActions.clickOnSelectRailroadDropdown is PASSED

2018-11-12 14:22:58 - [MESSAGE][PASSED] - Send request successfully

2018-11-12 14:22:58 - [MESSAGE][PASSED] - Send request successfully

2018-11-12 14:22:59 - [MESSAGE][PASSED] - Send request successfully

2018-11-12 14:22:59 - [MESSAGE][PASSED] - Send request successfully

2018-11-12 14:22:59 - [MESSAGE][PASSED] - Execute JavaScript 'document.querySelector('#railroads-select-dropdown').shadowRoot.querySelector('#trigger').click()' successfully

2018-11-12 14:23:02 - [MESSAGE][PASSED] - Delayed 3 second(s)

2018-11-12 14:23:02 - [MESSAGE][PASSED] - com.ge.tms.commonactions.RailroadActions.clickOnSelectRailroadDropdown is PASSED

2018-11-12 14:23:02 - [TEST_STEP][PASSED] - com.ge.tms.commonactions.RailroadActions.selectRandomRailRoad: com.ge.tms.commonactions.RailroadActions.selectRandomRailRoad is PASSED

2018-11-12 14:23:02 - [MESSAGE][PASSED] - Send request successfully

2018-11-12 14:23:02 - [MESSAGE][PASSED] - Send request successfully

2018-11-12 14:23:02 - [MESSAGE][PASSED] - Send request successfully

2018-11-12 14:23:02 - [MESSAGE][PASSED] - Send request successfully

2018-11-12 14:23:02 - [MESSAGE][PASSED] - Execute JavaScript 'let railRoadList=[]; document.querySelector('#railroads-select-dropdown').shadowRoot.querySelector('#content').shadowRoot.querySelectorAll('#selector > div.dropdown-option').forEach(node => { railRoadList.push(node.getAttribute('title')) }); return railRoadList' successfully

2018-11-12 14:23:02 - [MESSAGE][PASSED] - Execute JavaScript 'return document.querySelector('#railroads-select-dropdown').shadowRoot.querySelector('#content').shadowRoot.querySelector('#selector > div:nth-child(1) span').innerHTML' successfully

2018-11-12 14:23:02 - [MESSAGE][PASSED] - Execute JavaScript 'return document.querySelector('#railroads-select-dropdown').shadowRoot.querySelector('#content').shadowRoot.querySelector('#selector > div:nth-child(1) span').click()' successfully

2018-11-12 14:23:02 - [MESSAGE][PASSED] - com.ge.tms.commonactions.RailroadActions.selectRandomRailRoad is PASSED

2018-11-12 14:23:02 - [TEST_STEP][PASSED] - delay: Delayed 2 second(s)

2018-11-12 14:23:04 - [MESSAGE][PASSED] - Delayed 2 second(s)

2018-11-12 14:23:04 - [TEST_STEP][PASSED] - Statement - actions.addNewStationButton(): Object: 'Object Repository/F11822-Configure and Manage Stations/Add_New_Station_Button' is clicked on

2018-11-12 14:23:04 - [MESSAGE][PASSED] - Object: 'Object Repository/F11822-Configure and Manage Stations/Add_New_Station_Button' is clicked on

2018-11-12 14:23:04 - [TEST_STEP][PASSED] - com.ge.tms.railroad.RailroadVerification.verifyErrorMessagesForMandatoryFieldsStation: com.ge.tms.railroad.RailroadVerification.verifyErrorMessagesForMandatoryFieldsStation is PASSED

2018-11-12 14:23:04 - [MESSAGE][PASSED] - Send request successfully

2018-11-12 14:23:04 - [MESSAGE][PASSED] - Send request successfully

2018-11-12 14:23:04 - [MESSAGE][PASSED] - Send request successfully

2018-11-12 14:23:04 - [MESSAGE][PASSED] - Send request successfully

2018-11-12 14:23:04 - [MESSAGE][PASSED] - Send request successfully

2018-11-12 14:23:04 - [MESSAGE][PASSED] - Send request successfully

2018-11-12 14:23:04 - [MESSAGE][PASSED] - Send request successfully

2018-11-12 14:23:04 - [MESSAGE][PASSED] - Send request successfully

2018-11-12 14:23:04 - [MESSAGE][PASSED] - Object: 'Object Repository/F11822-Configure and Manage Stations/station_id' is clicked on

2018-11-12 14:23:04 - [MESSAGE][PASSED] - Keys '	' sent to object: 'Object Repository/F11822-Configure and Manage Stations/station_id'

2018-11-12 14:23:04 - [MESSAGE][PASSED] - Text of object 'Object Repository/F11822-Configure and Manage Stations/station_id_error_message' is: 'STATION ID CANNOT BE EMPTY'

2018-11-12 14:23:04 - [MESSAGE][PASSED] - Actual object 'STATION ID CANNOT BE EMPTY' and expected object 'STATION ID CANNOT BE EMPTY' are equal

2018-11-12 14:23:04 - [MESSAGE][PASSED] - Attribute 'class' of object 'Object Repository/F11822-Configure and Manage Stations/station_save_button' is: 'btn btn--disabled btn--call-to-action float--right u-mr'

2018-11-12 14:23:04 - [MESSAGE][PASSED] - Actual object 'true' and expected object 'true' are equal

2018-11-12 14:23:04 - [MESSAGE][PASSED] - Text 'A*@T&!' is set on object 'Object Repository/F11822-Configure and Manage Stations/station_id'

2018-11-12 14:23:04 - [MESSAGE][PASSED] - Text of object 'Object Repository/F11822-Configure and Manage Stations/station_id_error_message' is: 'ALPHANUMERIC ONLY'

2018-11-12 14:23:05 - [MESSAGE][PASSED] - Actual object 'ALPHANUMERIC ONLY' and expected object 'ALPHANUMERIC ONLY' are equal

2018-11-12 14:23:05 - [MESSAGE][PASSED] - Attribute 'class' of object 'Object Repository/F11822-Configure and Manage Stations/station_save_button' is: 'btn btn--disabled btn--call-to-action float--right u-mr'

2018-11-12 14:23:05 - [MESSAGE][PASSED] - Actual object 'true' and expected object 'true' are equal

2018-11-12 14:23:05 - [MESSAGE][PASSED] - Object: 'Object Repository/F11822-Configure and Manage Stations/station_name' is clicked on

2018-11-12 14:23:05 - [MESSAGE][PASSED] - Text of object 'Object Repository/F11822-Configure and Manage Stations/station_name' is cleared

2018-11-12 14:23:05 - [MESSAGE][PASSED] - Keys ' ' sent to object: 'Object Repository/F11822-Configure and Manage Stations/station_name'

2018-11-12 14:23:05 - [MESSAGE][PASSED] - Keys '	' sent to object: 'Object Repository/F11822-Configure and Manage Stations/station_name'

2018-11-12 14:23:05 - [MESSAGE][PASSED] - Text of object 'Object Repository/F11822-Configure and Manage Stations/station_name_error_message' is: 'STATION NAME CANNOT BE EMPTY'

2018-11-12 14:23:05 - [MESSAGE][PASSED] - Actual object 'STATION NAME CANNOT BE EMPTY' and expected object 'STATION NAME CANNOT BE EMPTY' are equal

2018-11-12 14:23:05 - [MESSAGE][PASSED] - Attribute 'class' of object 'Object Repository/F11822-Configure and Manage Stations/station_save_button' is: 'btn btn--disabled btn--call-to-action float--right u-mr'

2018-11-12 14:23:05 - [MESSAGE][PASSED] - Actual object 'true' and expected object 'true' are equal

2018-11-12 14:23:05 - [MESSAGE][PASSED] - Object: 'Object Repository/F11822-Configure and Manage Stations/station_name' is clicked on

2018-11-12 14:23:05 - [MESSAGE][PASSED] - Text 'A*@T&!' is set on object 'Object Repository/F11822-Configure and Manage Stations/station_name'

2018-11-12 14:23:05 - [MESSAGE][PASSED] - Text of object 'Object Repository/F11822-Configure and Manage Stations/station_name_error_message' is: 'ALPHANUMERIC ONLY'

2018-11-12 14:23:05 - [MESSAGE][PASSED] - Actual object 'ALPHANUMERIC ONLY' and expected object 'ALPHANUMERIC ONLY' are equal

2018-11-12 14:23:05 - [MESSAGE][PASSED] - Attribute 'class' of object 'Object Repository/F11822-Configure and Manage Stations/station_save_button' is: 'btn btn--disabled btn--call-to-action float--right u-mr'

2018-11-12 14:23:05 - [MESSAGE][PASSED] - Actual object 'true' and expected object 'true' are equal

2018-11-12 14:23:05 - [MESSAGE][PASSED] - Execute JavaScript 'document.querySelector('#splc').shadowRoot.querySelector('#trigger').shadowRoot.querySelector('#trigger').click()' successfully

2018-11-12 14:23:05 - [MESSAGE][PASSED] - Execute JavaScript 'return document.querySelector('#splc').shadowRoot.querySelector('px-overlay-content > #content').shadowRoot.querySelectorAll('#dropdown > div > #selector > div').length' successfully

2018-11-12 14:23:05 - [MESSAGE][PASSED] - Execute JavaScript 'document.querySelector('#splc').shadowRoot.querySelector('px-overlay-content > #content').shadowRoot.querySelector('#dropdown > div > #selector > div:nth-child(1)').click()' successfully

2018-11-12 14:23:05 - [MESSAGE][PASSED] - Execute JavaScript 'document.querySelector('#splc').shadowRoot.querySelector('#trigger').shadowRoot.querySelector('#trigger').click()' successfully

2018-11-12 14:23:05 - [MESSAGE][PASSED] - Execute JavaScript 'document.querySelector('#splc').shadowRoot.querySelector('#trigger').shadowRoot.querySelector('px-icon').click()' successfully

2018-11-12 14:23:05 - [MESSAGE][PASSED] - Text of object 'Object Repository/F11822-Configure and Manage Stations/station_splc_error_message' is: 'SPLC CANNOT BE EMPTY'

2018-11-12 14:23:05 - [MESSAGE][PASSED] - Actual object 'SPLC CANNOT BE EMPTY' and expected object 'SPLC CANNOT BE EMPTY' are equal

2018-11-12 14:23:05 - [MESSAGE][PASSED] - Attribute 'class' of object 'Object Repository/F11822-Configure and Manage Stations/station_save_button' is: 'btn btn--disabled btn--call-to-action float--right u-mr'

2018-11-12 14:23:05 - [MESSAGE][PASSED] - Actual object 'true' and expected object 'true' are equal

2018-11-12 14:23:05 - [MESSAGE][PASSED] - Execute JavaScript 'return document.querySelector('#fsac').shadowRoot.querySelector('px-overlay-content > #content').shadowRoot.querySelectorAll('#dropdown > div > #selector > div').length' successfully

2018-11-12 14:23:05 - [MESSAGE][PASSED] - Execute JavaScript 'document.querySelector('#fsac').shadowRoot.querySelector('px-overlay-content > #content').shadowRoot.querySelector('#dropdown > div > #selector > div:nth-child(2)').click()' successfully

2018-11-12 14:23:05 - [MESSAGE][PASSED] - Execute JavaScript 'document.querySelector('#fsac').shadowRoot.querySelector('#trigger').shadowRoot.querySelector('#trigger').click()' successfully

2018-11-12 14:23:05 - [MESSAGE][PASSED] - Execute JavaScript 'document.querySelector('#fsac').shadowRoot.querySelector('#trigger').shadowRoot.querySelector('px-icon').click()' successfully

2018-11-12 14:23:05 - [MESSAGE][PASSED] - Text of object 'Object Repository/F11822-Configure and Manage Stations/station_fsac_error_message' is: 'FSAC CANNOT BE EMPTY'

2018-11-12 14:23:05 - [MESSAGE][PASSED] - Actual object 'FSAC CANNOT BE EMPTY' and expected object 'FSAC CANNOT BE EMPTY' are equal

2018-11-12 14:23:05 - [MESSAGE][PASSED] - Attribute 'class' of object 'Object Repository/F11822-Configure and Manage Stations/station_save_button' is: 'btn btn--disabled btn--call-to-action float--right u-mr'

2018-11-12 14:23:05 - [MESSAGE][PASSED] - Actual object 'true' and expected object 'true' are equal

2018-11-12 14:23:05 - [MESSAGE][PASSED] - Execute JavaScript 'return document.querySelector('#station-timezone-qualifier').shadowRoot.querySelector('px-overlay-content > #content').shadowRoot.querySelectorAll('#dropdown > div > #selector > div').length' successfully

2018-11-12 14:23:06 - [MESSAGE][PASSED] - Execute JavaScript 'document.querySelector('#station-timezone-qualifier').shadowRoot.querySelector('px-overlay-content > #content').shadowRoot.querySelector('#dropdown > div > #selector > div:nth-child(1)').click()' successfully

2018-11-12 14:23:06 - [MESSAGE][PASSED] - Execute JavaScript 'document.querySelector('#station-timezone-qualifier').shadowRoot.querySelector('#trigger').shadowRoot.querySelector('#trigger').click()' successfully

2018-11-12 14:23:06 - [MESSAGE][PASSED] - Execute JavaScript 'document.querySelector('#station-timezone-qualifier').shadowRoot.querySelector('#trigger').shadowRoot.querySelector('px-icon').click()' successfully

2018-11-12 14:23:06 - [MESSAGE][PASSED] - Text of object 'Object Repository/F11822-Configure and Manage Stations/station_timezone_error_message' is: 'TIME ZONE CANNOT BE EMPTY'

2018-11-12 14:23:06 - [MESSAGE][PASSED] - Actual object 'TIME ZONE CANNOT BE EMPTY' and expected object 'TIME ZONE CANNOT BE EMPTY' are equal

2018-11-12 14:23:06 - [MESSAGE][PASSED] - Attribute 'class' of object 'Object Repository/F11822-Configure and Manage Stations/station_save_button' is: 'btn btn--disabled btn--call-to-action float--right u-mr'

2018-11-12 14:23:06 - [MESSAGE][PASSED] - Actual object 'true' and expected object 'true' are equal

2018-11-12 14:23:06 - [MESSAGE][PASSED] - Execute JavaScript 'return document.querySelector('#country').shadowRoot.querySelector('px-overlay-content > #content').shadowRoot.querySelectorAll('#dropdown > div > #selector > div').length' successfully

2018-11-12 14:23:06 - [MESSAGE][PASSED] - Execute JavaScript 'document.querySelector('#country').shadowRoot.querySelector('px-overlay-content > #content').shadowRoot.querySelector('#dropdown > div > #selector > div:nth-child(2)').click()' successfully

2018-11-12 14:23:06 - [MESSAGE][PASSED] - Execute JavaScript 'document.querySelector('#country').shadowRoot.querySelector('#trigger').shadowRoot.querySelector('#trigger').click()' successfully

2018-11-12 14:23:06 - [MESSAGE][PASSED] - Execute JavaScript 'document.querySelector('#country').shadowRoot.querySelector('#trigger').shadowRoot.querySelector('px-icon').click()' successfully

2018-11-12 14:23:06 - [MESSAGE][PASSED] - Text of object 'Object Repository/F11822-Configure and Manage Stations/station_country_error_message' is: 'COUNTRY CANNOT BE EMPTY'

2018-11-12 14:23:06 - [MESSAGE][PASSED] - Actual object 'COUNTRY CANNOT BE EMPTY' and expected object 'COUNTRY CANNOT BE EMPTY' are equal

2018-11-12 14:23:06 - [MESSAGE][PASSED] - Attribute 'class' of object 'Object Repository/F11822-Configure and Manage Stations/station_save_button' is: 'btn btn--disabled btn--call-to-action float--right u-mr'

2018-11-12 14:23:06 - [MESSAGE][PASSED] - Actual object 'true' and expected object 'true' are equal

2018-11-12 14:23:07 - [MESSAGE][PASSED] - Delayed 1 second(s)

2018-11-12 14:23:07 - [MESSAGE][PASSED] - Execute JavaScript 'return document.querySelector('#country').shadowRoot.querySelector('px-overlay-content > #content').shadowRoot.querySelectorAll('#dropdown > div > #selector > div').length' successfully

2018-11-12 14:23:07 - [MESSAGE][PASSED] - Execute JavaScript 'document.querySelector('#country').shadowRoot.querySelector('px-overlay-content > #content').shadowRoot.querySelector('#dropdown > div > #selector > div:nth-child(1)').click()' successfully

2018-11-12 14:23:07 - [MESSAGE][PASSED] - Execute JavaScript 'return document.querySelector('#state').shadowRoot.querySelector('px-overlay-content > #content').shadowRoot.querySelectorAll('#dropdown > div > #selector > div').length' successfully

2018-11-12 14:23:07 - [MESSAGE][PASSED] - Execute JavaScript 'document.querySelector('#state').shadowRoot.querySelector('px-overlay-content > #content').shadowRoot.querySelector('#dropdown > div > #selector > div:nth-child(41)').click()' successfully

2018-11-12 14:23:07 - [MESSAGE][PASSED] - Execute JavaScript 'document.querySelector('#state').shadowRoot.querySelector('#trigger').shadowRoot.querySelector('#trigger').click()' successfully

2018-11-12 14:23:07 - [MESSAGE][PASSED] - Execute JavaScript 'document.querySelector('#state').shadowRoot.querySelector('#trigger').shadowRoot.querySelector('px-icon').click()' successfully

2018-11-12 14:23:07 - [MESSAGE][PASSED] - Text of object 'Object Repository/F11822-Configure and Manage Stations/station_state_error_message' is: 'STATE CANNOT BE EMPTY'

2018-11-12 14:23:07 - [MESSAGE][PASSED] - Actual object 'STATE CANNOT BE EMPTY' and expected object 'STATE CANNOT BE EMPTY' are equal

2018-11-12 14:23:07 - [MESSAGE][PASSED] - Attribute 'class' of object 'Object Repository/F11822-Configure and Manage Stations/station_save_button' is: 'btn btn--disabled btn--call-to-action float--right u-mr'

2018-11-12 14:23:07 - [MESSAGE][PASSED] - Actual object 'true' and expected object 'true' are equal

2018-11-12 14:23:07 - [MESSAGE][PASSED] - com.ge.tms.railroad.RailroadVerification.verifyErrorMessagesForMandatoryFieldsStation is PASSED

2018-11-12 14:23:07 - [TEST_STEP][PASSED] - Start listener action : closeBrowserForTestCasse: Navigate to 'http://localhost:8080/home' successfully

2018-11-12 14:23:07 - [TEST_STEP][PASSED] - Statement - If (isTestSuitEnable == true): null

2018-11-12 14:23:07 - [TEST_STEP][PASSED] - Statement - beforeTestCaseExecute(): null

2018-11-12 14:23:07 - [TEST_STEP][PASSED] - Statement - If (isTestSuitEnable == true): Navigate to 'http://localhost:8080/home' successfully

2018-11-12 14:23:07 - [TEST_STEP][PASSED] - navigateToUrl: Navigate to 'http://localhost:8080/home' successfully

2018-11-12 14:23:08 - [MESSAGE][PASSED] - Navigate to 'http://localhost:8080/home' successfully

2018-11-12 14:23:08 - [TEST_STEP][PASSED] - Start listener action : afterTestCase: Invoke 'com.kms.katalon.core.annotation.AfterTestCase' method: 'TmsTestListner.afterTestCase(...)' completed.

2018-11-12 14:23:08 - [TEST_STEP][PASSED] - Statement - If (java.lang.System.getProperties().containsKey("updateRally")): Invoke 'com.kms.katalon.core.annotation.AfterTestCase' method: 'TmsTestListner.afterTestCase(...)' completed.]]></system-out>
         <system-err><![CDATA[]]></system-err>
      </testcase>
      <testcase name="Test Cases/Railroad/F11822-Configure and Manage Stations/QA-US92236-Edit Station/US84083-Edit Station/TC65307-Validate cancel field in Edit station" classname="Test Cases/Railroad/F11822-Configure and Manage Stations/QA-US92236-Edit Station/US84083-Edit Station/TC65307-Validate cancel field in Edit station" status="PASSED">
         <system-out><![CDATA[2018-11-12 14:23:08 - [TEST_CASE][PASSED] - Test Cases/Railroad/F11822-Configure and Manage Stations/QA-US92236-Edit Station/US84083-Edit Station/TC65307-Validate cancel field in Edit station: Test Cases/Railroad/F11822-Configure and Manage Stations/QA-US92236-Edit Station/US84083-Edit Station/TC65307-Validate cancel field in Edit station

2018-11-12 14:23:08 - [TEST_STEP][PASSED] - Start listener action : beforeTestCaseExecute: Navigate to 'http://localhost:8080/home' successfully

2018-11-12 14:23:08 - [TEST_STEP][PASSED] - Statement - If (isTestSuitEnable == true): Navigate to 'http://localhost:8080/home' successfully

2018-11-12 14:23:08 - [TEST_STEP][PASSED] - navigateToUrl: Navigate to 'http://localhost:8080/home' successfully

2018-11-12 14:23:09 - [MESSAGE][PASSED] - Navigate to 'http://localhost:8080/home' successfully

2018-11-12 14:23:09 - [TEST_STEP][PASSED] - com.ge.tms.commonactions.CommonClickEvents.clickOnRailroadSetup: com.ge.tms.commonactions.CommonClickEvents.clickOnRailroadSetup is PASSED

2018-11-12 14:23:09 - [MESSAGE][PASSED] - Execute JavaScript 'document.querySelector('px-app-nav').shadowRoot.querySelector('#items > px-app-nav-group:nth-child(13) > px-app-nav-subitem:nth-child(1)').click()' successfully

2018-11-12 14:23:11 - [MESSAGE][PASSED] - Delayed 2 second(s)

2018-11-12 14:23:11 - [MESSAGE][PASSED] - com.ge.tms.commonactions.CommonClickEvents.clickOnRailroadSetup is PASSED

2018-11-12 14:23:11 - [TEST_STEP][PASSED] - com.ge.tms.commonactions.RailroadActions.clickOnSelectRailroadDropdown: com.ge.tms.commonactions.RailroadActions.clickOnSelectRailroadDropdown is PASSED

2018-11-12 14:23:11 - [MESSAGE][PASSED] - Send request successfully

2018-11-12 14:23:11 - [MESSAGE][PASSED] - Send request successfully

2018-11-12 14:23:11 - [MESSAGE][PASSED] - Send request successfully

2018-11-12 14:23:11 - [MESSAGE][PASSED] - Send request successfully

2018-11-12 14:23:11 - [MESSAGE][PASSED] - Execute JavaScript 'document.querySelector('#railroads-select-dropdown').shadowRoot.querySelector('#trigger').click()' successfully

2018-11-12 14:23:14 - [MESSAGE][PASSED] - Delayed 3 second(s)

2018-11-12 14:23:14 - [MESSAGE][PASSED] - com.ge.tms.commonactions.RailroadActions.clickOnSelectRailroadDropdown is PASSED

2018-11-12 14:23:14 - [TEST_STEP][PASSED] - com.ge.tms.commonactions.RailroadActions.selectRandomRailRoad: com.ge.tms.commonactions.RailroadActions.selectRandomRailRoad is PASSED

2018-11-12 14:23:14 - [MESSAGE][PASSED] - Send request successfully

2018-11-12 14:23:14 - [MESSAGE][PASSED] - Send request successfully

2018-11-12 14:23:14 - [MESSAGE][PASSED] - Send request successfully

2018-11-12 14:23:14 - [MESSAGE][PASSED] - Send request successfully

2018-11-12 14:23:14 - [MESSAGE][PASSED] - Execute JavaScript 'let railRoadList=[]; document.querySelector('#railroads-select-dropdown').shadowRoot.querySelector('#content').shadowRoot.querySelectorAll('#selector > div.dropdown-option').forEach(node => { railRoadList.push(node.getAttribute('title')) }); return railRoadList' successfully

2018-11-12 14:23:14 - [MESSAGE][PASSED] - Execute JavaScript 'return document.querySelector('#railroads-select-dropdown').shadowRoot.querySelector('#content').shadowRoot.querySelector('#selector > div:nth-child(5) span').innerHTML' successfully

2018-11-12 14:23:14 - [MESSAGE][PASSED] - Execute JavaScript 'return document.querySelector('#railroads-select-dropdown').shadowRoot.querySelector('#content').shadowRoot.querySelector('#selector > div:nth-child(5) span').click()' successfully

2018-11-12 14:23:14 - [MESSAGE][PASSED] - com.ge.tms.commonactions.RailroadActions.selectRandomRailRoad is PASSED

2018-11-12 14:23:14 - [TEST_STEP][PASSED] - delay: Delayed 2 second(s)

2018-11-12 14:23:16 - [MESSAGE][PASSED] - Delayed 2 second(s)

2018-11-12 14:23:16 - [TEST_STEP][PASSED] - Statement - actions = new com.ge.tms.commonactions.RailroadActions(): Send request successfully

2018-11-12 14:23:16 - [MESSAGE][PASSED] - Send request successfully

2018-11-12 14:23:16 - [MESSAGE][PASSED] - Send request successfully

2018-11-12 14:23:16 - [MESSAGE][PASSED] - Send request successfully

2018-11-12 14:23:16 - [MESSAGE][PASSED] - Send request successfully

2018-11-12 14:23:16 - [TEST_STEP][PASSED] - Statement - setStationId = <not implemented yet for class: org.codehaus.groovy.ast.expr.EmptyExpression>: null

2018-11-12 14:23:16 - [TEST_STEP][PASSED] - Statement - actions.addStationMandatotyFields(setStationId): Delayed 3 second(s)

2018-11-12 14:23:17 - [MESSAGE][PASSED] - Object: 'Object Repository/F11822-Configure and Manage Stations/Add_New_Station_Button' is clicked on

2018-11-12 14:23:17 - [MESSAGE][PASSED] - Text 'FFFETNJ' is set on object 'Object Repository/F11822-Configure and Manage Stations/station_id'

2018-11-12 14:23:17 - [MESSAGE][PASSED] - Text '49DM27B' is set on object 'Object Repository/F11822-Configure and Manage Stations/station_name'

2018-11-12 14:23:17 - [MESSAGE][PASSED] - Execute JavaScript 'document.querySelector('#splc').shadowRoot.querySelector('#trigger').shadowRoot.querySelector('#trigger').click()' successfully

2018-11-12 14:23:17 - [MESSAGE][PASSED] - Execute JavaScript 'return document.querySelector('#splc').shadowRoot.querySelector('px-overlay-content > #content').shadowRoot.querySelectorAll('#dropdown > div > #selector > div').length' successfully

2018-11-12 14:23:17 - [MESSAGE][PASSED] - Execute JavaScript 'document.querySelector('#splc').shadowRoot.querySelector('px-overlay-content > #content').shadowRoot.querySelector('#dropdown > div > #selector > div:nth-child(1)').click()' successfully

2018-11-12 14:23:17 - [MESSAGE][PASSED] - Execute JavaScript 'return document.querySelector('#fsac').shadowRoot.querySelector('px-overlay-content > #content').shadowRoot.querySelectorAll('#dropdown > div > #selector > div').length' successfully

2018-11-12 14:23:17 - [MESSAGE][PASSED] - Execute JavaScript 'document.querySelector('#fsac').shadowRoot.querySelector('px-overlay-content > #content').shadowRoot.querySelector('#dropdown > div > #selector > div:nth-child(1)').click()' successfully

2018-11-12 14:23:17 - [MESSAGE][PASSED] - Execute JavaScript 'return document.querySelector('#station-timezone-qualifier').shadowRoot.querySelector('px-overlay-content > #content').shadowRoot.querySelectorAll('#dropdown > div > #selector > div').length' successfully

2018-11-12 14:23:17 - [MESSAGE][PASSED] - Execute JavaScript 'document.querySelector('#station-timezone-qualifier').shadowRoot.querySelector('px-overlay-content > #content').shadowRoot.querySelector('#dropdown > div > #selector > div:nth-child(2)').click()' successfully

2018-11-12 14:23:17 - [MESSAGE][PASSED] - Execute JavaScript 'return document.querySelector('#country').shadowRoot.querySelector('px-overlay-content > #content').shadowRoot.querySelectorAll('#dropdown > div > #selector > div').length' successfully

2018-11-12 14:23:18 - [MESSAGE][PASSED] - Execute JavaScript 'document.querySelector('#country').shadowRoot.querySelector('px-overlay-content > #content').shadowRoot.querySelector('#dropdown > div > #selector > div:nth-child(2)').click()' successfully

2018-11-12 14:23:18 - [MESSAGE][PASSED] - Execute JavaScript 'return document.querySelector('#state').shadowRoot.querySelector('px-overlay-content > #content').shadowRoot.querySelectorAll('#dropdown > div > #selector > div').length' successfully

2018-11-12 14:23:18 - [MESSAGE][PASSED] - Execute JavaScript 'document.querySelector('#state').shadowRoot.querySelector('px-overlay-content > #content').shadowRoot.querySelector('#dropdown > div > #selector > div:nth-child(5)').click()' successfully

2018-11-12 14:23:18 - [MESSAGE][PASSED] - Object: 'Object Repository/F11822-Configure and Manage Stations/station_save_button' is clicked on

2018-11-12 14:23:21 - [MESSAGE][PASSED] - Delayed 3 second(s)

2018-11-12 14:23:21 - [TEST_STEP][PASSED] - Statement - stationName = com.kms.katalon.core.webui.keyword.WebUiBuiltInKeywords.getText(com.kms.katalon.core.testobject.ObjectRepository.findTestObject(Object Repository/F11822-Configure and Manage Stations/ViewStationName)): Text of object 'Object Repository/F11822-Configure and Manage Stations/ViewStationName' is: '49DM27B'

2018-11-12 14:23:21 - [MESSAGE][PASSED] - Text of object 'Object Repository/F11822-Configure and Manage Stations/ViewStationName' is: '49DM27B'

2018-11-12 14:23:21 - [TEST_STEP][PASSED] - com.ge.tms.commonactions.RailroadActions.clickOnStationActionMenu: com.ge.tms.commonactions.RailroadActions.clickOnStationActionMenu is PASSED

2018-11-12 14:23:21 - [MESSAGE][PASSED] - Send request successfully

2018-11-12 14:23:21 - [MESSAGE][PASSED] - Send request successfully

2018-11-12 14:23:21 - [MESSAGE][PASSED] - Send request successfully

2018-11-12 14:23:21 - [MESSAGE][PASSED] - Send request successfully

2018-11-12 14:23:21 - [MESSAGE][PASSED] - Execute JavaScript 'document.querySelector('#station-actions-dropdown').shadowRoot.querySelector('#trigger').click()' successfully

2018-11-12 14:23:22 - [MESSAGE][PASSED] - Delayed 1 second(s)

2018-11-12 14:23:22 - [MESSAGE][PASSED] - com.ge.tms.commonactions.RailroadActions.clickOnStationActionMenu is PASSED

2018-11-12 14:23:22 - [TEST_STEP][PASSED] - com.ge.tms.commonactions.RailroadActions.clickOnEditStationButton: com.ge.tms.commonactions.RailroadActions.clickOnEditStationButton is PASSED

2018-11-12 14:23:22 - [MESSAGE][PASSED] - Send request successfully

2018-11-12 14:23:22 - [MESSAGE][PASSED] - Send request successfully

2018-11-12 14:23:22 - [MESSAGE][PASSED] - Send request successfully

2018-11-12 14:23:22 - [MESSAGE][PASSED] - Send request successfully

2018-11-12 14:23:22 - [MESSAGE][PASSED] - Execute JavaScript 'document.querySelector('#station-actions-dropdown').shadowRoot.querySelector('#content').shadowRoot.querySelector('#selector > div:nth-child(1)').click()' successfully

2018-11-12 14:23:23 - [MESSAGE][PASSED] - Delayed 1 second(s)

2018-11-12 14:23:23 - [MESSAGE][PASSED] - com.ge.tms.commonactions.RailroadActions.clickOnEditStationButton is PASSED

2018-11-12 14:23:23 - [TEST_STEP][PASSED] - Statement - actions.editStation(): Execute JavaScript 'return document.querySelector('#station-timezone-qualifier').shadowRoot.querySelector('#trigger').shadowRoot.querySelector('#label').innerHTML' successfully

2018-11-12 14:23:23 - [MESSAGE][PASSED] - Object: 'Object Repository/F11822-Configure and Manage Stations/station_name' is clicked on

2018-11-12 14:23:23 - [MESSAGE][PASSED] - Text of object 'Object Repository/F11822-Configure and Manage Stations/station_name' is cleared

2018-11-12 14:23:23 - [MESSAGE][PASSED] - Text 'IH3VE' is set on object 'Object Repository/F11822-Configure and Manage Stations/station_name'

2018-11-12 14:23:23 - [MESSAGE][PASSED] - Execute JavaScript 'return document.querySelector('#station-timezone-qualifier').shadowRoot.querySelector('px-overlay-content > #content').shadowRoot.querySelectorAll('#dropdown > div > #selector > div').length' successfully

2018-11-12 14:23:23 - [MESSAGE][PASSED] - Execute JavaScript 'document.querySelector('#station-timezone-qualifier').shadowRoot.querySelector('px-overlay-content > #content').shadowRoot.querySelector('#dropdown > div > #selector > div:nth-child(5)').click()' successfully

2018-11-12 14:23:23 - [MESSAGE][PASSED] - Execute JavaScript 'return document.querySelector('#station-timezone-qualifier').shadowRoot.querySelector('#trigger').shadowRoot.querySelector('#label').innerHTML' successfully

2018-11-12 14:23:23 - [TEST_STEP][PASSED] - Statement - actions.clickOnStationCancelButton(): Delayed 1 second(s)

2018-11-12 14:23:23 - [MESSAGE][PASSED] - Object: 'Object Repository/F11822-Configure and Manage Stations/station_cancel_button' is clicked on

2018-11-12 14:23:24 - [MESSAGE][PASSED] - Delayed 1 second(s)

2018-11-12 14:23:24 - [TEST_STEP][PASSED] - com.ge.tms.railroad.RailroadVerification.verifyCancelButtonInEditStation: com.ge.tms.railroad.RailroadVerification.verifyCancelButtonInEditStation is PASSED

2018-11-12 14:23:24 - [MESSAGE][PASSED] - Send request successfully

2018-11-12 14:23:24 - [MESSAGE][PASSED] - Send request successfully

2018-11-12 14:23:24 - [MESSAGE][PASSED] - Send request successfully

2018-11-12 14:23:24 - [MESSAGE][PASSED] - Send request successfully

2018-11-12 14:23:24 - [MESSAGE][PASSED] - Send request successfully

2018-11-12 14:23:24 - [MESSAGE][PASSED] - Send request successfully

2018-11-12 14:23:24 - [MESSAGE][PASSED] - Send request successfully

2018-11-12 14:23:24 - [MESSAGE][PASSED] - Send request successfully

2018-11-12 14:23:24 - [MESSAGE][PASSED] - Text of object 'Object Repository/F11822-Configure and Manage Stations/ViewStationName' is: '49DM27B'

2018-11-12 14:23:24 - [MESSAGE][PASSED] - Actual object '49DM27B' and expected object '49DM27B' are equal

2018-11-12 14:23:24 - [MESSAGE][PASSED] - com.ge.tms.railroad.RailroadVerification.verifyCancelButtonInEditStation is PASSED

2018-11-12 14:23:24 - [TEST_STEP][PASSED] - com.ge.tms.commonactions.RailroadActions.clickOnStationActionMenu: com.ge.tms.commonactions.RailroadActions.clickOnStationActionMenu is PASSED

2018-11-12 14:23:25 - [MESSAGE][PASSED] - Send request successfully

2018-11-12 14:23:25 - [MESSAGE][PASSED] - Send request successfully

2018-11-12 14:23:25 - [MESSAGE][PASSED] - Send request successfully

2018-11-12 14:23:25 - [MESSAGE][PASSED] - Send request successfully

2018-11-12 14:23:25 - [MESSAGE][PASSED] - Execute JavaScript 'document.querySelector('#station-actions-dropdown').shadowRoot.querySelector('#trigger').click()' successfully

2018-11-12 14:23:26 - [MESSAGE][PASSED] - Delayed 1 second(s)

2018-11-12 14:23:26 - [MESSAGE][PASSED] - com.ge.tms.commonactions.RailroadActions.clickOnStationActionMenu is PASSED

2018-11-12 14:23:26 - [TEST_STEP][PASSED] - com.ge.tms.commonactions.RailroadActions.clickOnDeleteStationButton: com.ge.tms.commonactions.RailroadActions.clickOnDeleteStationButton is PASSED

2018-11-12 14:23:26 - [MESSAGE][PASSED] - Send request successfully

2018-11-12 14:23:26 - [MESSAGE][PASSED] - Send request successfully

2018-11-12 14:23:26 - [MESSAGE][PASSED] - Send request successfully

2018-11-12 14:23:26 - [MESSAGE][PASSED] - Send request successfully

2018-11-12 14:23:26 - [MESSAGE][PASSED] - Execute JavaScript 'document.querySelector('#station-actions-dropdown').shadowRoot.querySelector('#content').shadowRoot.querySelector('#selector > div:nth-child(2)').click()' successfully

2018-11-12 14:23:26 - [MESSAGE][PASSED] - com.ge.tms.commonactions.RailroadActions.clickOnDeleteStationButton is PASSED

2018-11-12 14:23:26 - [TEST_STEP][PASSED] - Statement - deleteYesButtonObj = com.kms.katalon.core.testobject.ObjectRepository.findTestObject(Object Repository/F11822-Configure and Manage Stations/deleteConfirmationYesButton): Finding Test Object with id 'Object Repository/F11822-Configure and Manage Stations/deleteConfirmationYesButton'

2018-11-12 14:23:26 - [TEST_STEP][PASSED] - com.ge.tms.commonactions.RailroadActions.clickOnTestObject: com.ge.tms.commonactions.RailroadActions.clickOnTestObject is PASSED

2018-11-12 14:23:26 - [MESSAGE][PASSED] - Send request successfully

2018-11-12 14:23:26 - [MESSAGE][PASSED] - Send request successfully

2018-11-12 14:23:26 - [MESSAGE][PASSED] - Send request successfully

2018-11-12 14:23:26 - [MESSAGE][PASSED] - Send request successfully

2018-11-12 14:23:26 - [MESSAGE][PASSED] - Object: 'Object Repository/F11822-Configure and Manage Stations/deleteConfirmationYesButton' is clicked on

2018-11-12 14:23:26 - [MESSAGE][PASSED] - com.ge.tms.commonactions.RailroadActions.clickOnTestObject is PASSED

2018-11-12 14:23:26 - [TEST_STEP][PASSED] - delay: Delayed 1 second(s)

2018-11-12 14:23:27 - [MESSAGE][PASSED] - Delayed 1 second(s)

2018-11-12 14:23:27 - [TEST_STEP][PASSED] - com.ge.tms.railroad.RailroadVerification.verifyDeletedItemNotPresentInSearchView: com.ge.tms.railroad.RailroadVerification.verifyDeletedItemNotPresentInSearchView is PASSED

2018-11-12 14:23:27 - [MESSAGE][PASSED] - Send request successfully

2018-11-12 14:23:27 - [MESSAGE][PASSED] - Send request successfully

2018-11-12 14:23:27 - [MESSAGE][PASSED] - Send request successfully

2018-11-12 14:23:27 - [MESSAGE][PASSED] - Send request successfully

2018-11-12 14:23:27 - [MESSAGE][PASSED] - Send request successfully

2018-11-12 14:23:27 - [MESSAGE][PASSED] - Send request successfully

2018-11-12 14:23:27 - [MESSAGE][PASSED] - Send request successfully

2018-11-12 14:23:27 - [MESSAGE][PASSED] - Send request successfully

2018-11-12 14:23:27 - [MESSAGE][PASSED] - Text 'FFFETNJ' is set on object 'Object Repository/CommonObjects/searchTextBoxLeftNav'

2018-11-12 14:23:29 - [MESSAGE][PASSED] - Delayed 2 second(s)

2018-11-12 14:23:29 - [MESSAGE][PASSED] - Text of object 'Object Repository/CommonObjects/noSearchResultMessageLeftNav' is: 'No stations or zones found.'

2018-11-12 14:23:29 - [MESSAGE][PASSED] - Actual object 'No stations or zones found.' and expected object 'No stations or zones found.' are equal

2018-11-12 14:23:29 - [MESSAGE][PASSED] - com.ge.tms.railroad.RailroadVerification.verifyDeletedItemNotPresentInSearchView is PASSED

2018-11-12 14:23:29 - [TEST_STEP][PASSED] - Start listener action : closeBrowserForTestCasse: Navigate to 'http://localhost:8080/home' successfully

2018-11-12 14:23:29 - [TEST_STEP][PASSED] - Statement - If (isTestSuitEnable == true): null

2018-11-12 14:23:29 - [TEST_STEP][PASSED] - Statement - beforeTestCaseExecute(): null

2018-11-12 14:23:29 - [TEST_STEP][PASSED] - Statement - If (isTestSuitEnable == true): Navigate to 'http://localhost:8080/home' successfully

2018-11-12 14:23:29 - [TEST_STEP][PASSED] - navigateToUrl: Navigate to 'http://localhost:8080/home' successfully

2018-11-12 14:23:30 - [MESSAGE][PASSED] - Navigate to 'http://localhost:8080/home' successfully

2018-11-12 14:23:30 - [TEST_STEP][PASSED] - Start listener action : afterTestCase: Invoke 'com.kms.katalon.core.annotation.AfterTestCase' method: 'TmsTestListner.afterTestCase(...)' completed.

2018-11-12 14:23:30 - [TEST_STEP][PASSED] - Statement - If (java.lang.System.getProperties().containsKey("updateRally")): Invoke 'com.kms.katalon.core.annotation.AfterTestCase' method: 'TmsTestListner.afterTestCase(...)' completed.]]></system-out>
         <system-err><![CDATA[]]></system-err>
      </testcase>
      <testcase name="Test Cases/Railroad/F11822-Configure and Manage Stations/QA-US92236-Edit Station/US84083-Edit Station/TC65305-Edit Station Successfully" classname="Test Cases/Railroad/F11822-Configure and Manage Stations/QA-US92236-Edit Station/US84083-Edit Station/TC65305-Edit Station Successfully" status="PASSED">
         <system-out><![CDATA[2018-11-12 14:23:30 - [TEST_CASE][PASSED] - Test Cases/Railroad/F11822-Configure and Manage Stations/QA-US92236-Edit Station/US84083-Edit Station/TC65305-Edit Station Successfully: Test Cases/Railroad/F11822-Configure and Manage Stations/QA-US92236-Edit Station/US84083-Edit Station/TC65305-Edit Station Successfully

2018-11-12 14:23:30 - [TEST_STEP][PASSED] - Start listener action : beforeTestCaseExecute: Navigate to 'http://localhost:8080/home' successfully

2018-11-12 14:23:30 - [TEST_STEP][PASSED] - Statement - If (isTestSuitEnable == true): Navigate to 'http://localhost:8080/home' successfully

2018-11-12 14:23:30 - [TEST_STEP][PASSED] - navigateToUrl: Navigate to 'http://localhost:8080/home' successfully

2018-11-12 14:23:31 - [MESSAGE][PASSED] - Navigate to 'http://localhost:8080/home' successfully

2018-11-12 14:23:31 - [TEST_STEP][PASSED] - com.ge.tms.commonactions.CommonClickEvents.clickOnRailroadSetup: com.ge.tms.commonactions.CommonClickEvents.clickOnRailroadSetup is PASSED

2018-11-12 14:23:31 - [MESSAGE][PASSED] - Execute JavaScript 'document.querySelector('px-app-nav').shadowRoot.querySelector('#items > px-app-nav-group:nth-child(13) > px-app-nav-subitem:nth-child(1)').click()' successfully

2018-11-12 14:23:33 - [MESSAGE][PASSED] - Delayed 2 second(s)

2018-11-12 14:23:33 - [MESSAGE][PASSED] - com.ge.tms.commonactions.CommonClickEvents.clickOnRailroadSetup is PASSED

2018-11-12 14:23:33 - [TEST_STEP][PASSED] - Statement - actions = new com.ge.tms.commonactions.RailroadActions(): Send request successfully

2018-11-12 14:23:33 - [MESSAGE][PASSED] - Send request successfully

2018-11-12 14:23:33 - [MESSAGE][PASSED] - Send request successfully

2018-11-12 14:23:33 - [MESSAGE][PASSED] - Send request successfully

2018-11-12 14:23:33 - [MESSAGE][PASSED] - Send request successfully

2018-11-12 14:23:33 - [TEST_STEP][PASSED] - com.ge.tms.commonactions.RailroadActions.clickOnSelectRailroadDropdown: com.ge.tms.commonactions.RailroadActions.clickOnSelectRailroadDropdown is PASSED

2018-11-12 14:23:33 - [MESSAGE][PASSED] - Send request successfully

2018-11-12 14:23:33 - [MESSAGE][PASSED] - Send request successfully

2018-11-12 14:23:33 - [MESSAGE][PASSED] - Send request successfully

2018-11-12 14:23:33 - [MESSAGE][PASSED] - Send request successfully

2018-11-12 14:23:33 - [MESSAGE][PASSED] - Execute JavaScript 'document.querySelector('#railroads-select-dropdown').shadowRoot.querySelector('#trigger').click()' successfully

2018-11-12 14:23:36 - [MESSAGE][PASSED] - Delayed 3 second(s)

2018-11-12 14:23:36 - [MESSAGE][PASSED] - com.ge.tms.commonactions.RailroadActions.clickOnSelectRailroadDropdown is PASSED

2018-11-12 14:23:36 - [TEST_STEP][PASSED] - com.ge.tms.commonactions.RailroadActions.selectRandomRailRoad: com.ge.tms.commonactions.RailroadActions.selectRandomRailRoad is PASSED

2018-11-12 14:23:36 - [MESSAGE][PASSED] - Send request successfully

2018-11-12 14:23:36 - [MESSAGE][PASSED] - Send request successfully

2018-11-12 14:23:36 - [MESSAGE][PASSED] - Send request successfully

2018-11-12 14:23:36 - [MESSAGE][PASSED] - Send request successfully

2018-11-12 14:23:36 - [MESSAGE][PASSED] - Execute JavaScript 'let railRoadList=[]; document.querySelector('#railroads-select-dropdown').shadowRoot.querySelector('#content').shadowRoot.querySelectorAll('#selector > div.dropdown-option').forEach(node => { railRoadList.push(node.getAttribute('title')) }); return railRoadList' successfully

2018-11-12 14:23:36 - [MESSAGE][PASSED] - Execute JavaScript 'return document.querySelector('#railroads-select-dropdown').shadowRoot.querySelector('#content').shadowRoot.querySelector('#selector > div:nth-child(7) span').innerHTML' successfully

2018-11-12 14:23:36 - [MESSAGE][PASSED] - Execute JavaScript 'return document.querySelector('#railroads-select-dropdown').shadowRoot.querySelector('#content').shadowRoot.querySelector('#selector > div:nth-child(7) span').click()' successfully

2018-11-12 14:23:36 - [MESSAGE][PASSED] - com.ge.tms.commonactions.RailroadActions.selectRandomRailRoad is PASSED

2018-11-12 14:23:36 - [TEST_STEP][PASSED] - delay: Delayed 4 second(s)

2018-11-12 14:23:40 - [MESSAGE][PASSED] - Delayed 4 second(s)

2018-11-12 14:23:40 - [TEST_STEP][PASSED] - Statement - setStationId = <not implemented yet for class: org.codehaus.groovy.ast.expr.EmptyExpression>: null

2018-11-12 14:23:40 - [TEST_STEP][PASSED] - Statement - actions.addStationMandatotyFields(setStationId): Delayed 3 second(s)

2018-11-12 14:23:40 - [MESSAGE][PASSED] - Object: 'Object Repository/F11822-Configure and Manage Stations/Add_New_Station_Button' is clicked on

2018-11-12 14:23:40 - [MESSAGE][PASSED] - Text '6HQAHND' is set on object 'Object Repository/F11822-Configure and Manage Stations/station_id'

2018-11-12 14:23:41 - [MESSAGE][PASSED] - Text '3MQ5ITX' is set on object 'Object Repository/F11822-Configure and Manage Stations/station_name'

2018-11-12 14:23:41 - [MESSAGE][PASSED] - Execute JavaScript 'document.querySelector('#splc').shadowRoot.querySelector('#trigger').shadowRoot.querySelector('#trigger').click()' successfully

2018-11-12 14:23:41 - [MESSAGE][PASSED] - Execute JavaScript 'return document.querySelector('#splc').shadowRoot.querySelector('px-overlay-content > #content').shadowRoot.querySelectorAll('#dropdown > div > #selector > div').length' successfully

2018-11-12 14:23:41 - [MESSAGE][PASSED] - Execute JavaScript 'document.querySelector('#splc').shadowRoot.querySelector('px-overlay-content > #content').shadowRoot.querySelector('#dropdown > div > #selector > div:nth-child(1)').click()' successfully

2018-11-12 14:23:41 - [MESSAGE][PASSED] - Execute JavaScript 'return document.querySelector('#fsac').shadowRoot.querySelector('px-overlay-content > #content').shadowRoot.querySelectorAll('#dropdown > div > #selector > div').length' successfully

2018-11-12 14:23:41 - [MESSAGE][PASSED] - Execute JavaScript 'document.querySelector('#fsac').shadowRoot.querySelector('px-overlay-content > #content').shadowRoot.querySelector('#dropdown > div > #selector > div:nth-child(1)').click()' successfully

2018-11-12 14:23:41 - [MESSAGE][PASSED] - Execute JavaScript 'return document.querySelector('#station-timezone-qualifier').shadowRoot.querySelector('px-overlay-content > #content').shadowRoot.querySelectorAll('#dropdown > div > #selector > div').length' successfully

2018-11-12 14:23:41 - [MESSAGE][PASSED] - Execute JavaScript 'document.querySelector('#station-timezone-qualifier').shadowRoot.querySelector('px-overlay-content > #content').shadowRoot.querySelector('#dropdown > div > #selector > div:nth-child(8)').click()' successfully

2018-11-12 14:23:41 - [MESSAGE][PASSED] - Execute JavaScript 'return document.querySelector('#country').shadowRoot.querySelector('px-overlay-content > #content').shadowRoot.querySelectorAll('#dropdown > div > #selector > div').length' successfully

2018-11-12 14:23:41 - [MESSAGE][PASSED] - Execute JavaScript 'document.querySelector('#country').shadowRoot.querySelector('px-overlay-content > #content').shadowRoot.querySelector('#dropdown > div > #selector > div:nth-child(1)').click()' successfully

2018-11-12 14:23:41 - [MESSAGE][PASSED] - Execute JavaScript 'return document.querySelector('#state').shadowRoot.querySelector('px-overlay-content > #content').shadowRoot.querySelectorAll('#dropdown > div > #selector > div').length' successfully

2018-11-12 14:23:41 - [MESSAGE][PASSED] - Execute JavaScript 'document.querySelector('#state').shadowRoot.querySelector('px-overlay-content > #content').shadowRoot.querySelector('#dropdown > div > #selector > div:nth-child(22)').click()' successfully

2018-11-12 14:23:41 - [MESSAGE][PASSED] - Object: 'Object Repository/F11822-Configure and Manage Stations/station_save_button' is clicked on

2018-11-12 14:23:44 - [MESSAGE][PASSED] - Delayed 3 second(s)

2018-11-12 14:23:44 - [TEST_STEP][PASSED] - com.ge.tms.commonactions.RailroadActions.clickOnStationActionMenu: com.ge.tms.commonactions.RailroadActions.clickOnStationActionMenu is PASSED

2018-11-12 14:23:44 - [MESSAGE][PASSED] - Send request successfully

2018-11-12 14:23:44 - [MESSAGE][PASSED] - Send request successfully

2018-11-12 14:23:44 - [MESSAGE][PASSED] - Send request successfully

2018-11-12 14:23:44 - [MESSAGE][PASSED] - Send request successfully

2018-11-12 14:23:44 - [MESSAGE][PASSED] - Execute JavaScript 'document.querySelector('#station-actions-dropdown').shadowRoot.querySelector('#trigger').click()' successfully

2018-11-12 14:23:45 - [MESSAGE][PASSED] - Delayed 1 second(s)

2018-11-12 14:23:45 - [MESSAGE][PASSED] - com.ge.tms.commonactions.RailroadActions.clickOnStationActionMenu is PASSED

2018-11-12 14:23:45 - [TEST_STEP][PASSED] - com.ge.tms.commonactions.RailroadActions.clickOnEditStationButton: com.ge.tms.commonactions.RailroadActions.clickOnEditStationButton is PASSED

2018-11-12 14:23:45 - [MESSAGE][PASSED] - Send request successfully

2018-11-12 14:23:45 - [MESSAGE][PASSED] - Send request successfully

2018-11-12 14:23:45 - [MESSAGE][PASSED] - Send request successfully

2018-11-12 14:23:45 - [MESSAGE][PASSED] - Send request successfully

2018-11-12 14:23:45 - [MESSAGE][PASSED] - Execute JavaScript 'document.querySelector('#station-actions-dropdown').shadowRoot.querySelector('#content').shadowRoot.querySelector('#selector > div:nth-child(1)').click()' successfully

2018-11-12 14:23:46 - [MESSAGE][PASSED] - Delayed 1 second(s)

2018-11-12 14:23:46 - [MESSAGE][PASSED] - com.ge.tms.commonactions.RailroadActions.clickOnEditStationButton is PASSED

2018-11-12 14:23:46 - [TEST_STEP][PASSED] - Statement - actions.editStation(): Execute JavaScript 'return document.querySelector('#station-timezone-qualifier').shadowRoot.querySelector('#trigger').shadowRoot.querySelector('#label').innerHTML' successfully

2018-11-12 14:23:46 - [MESSAGE][PASSED] - Object: 'Object Repository/F11822-Configure and Manage Stations/station_name' is clicked on

2018-11-12 14:23:46 - [MESSAGE][PASSED] - Text of object 'Object Repository/F11822-Configure and Manage Stations/station_name' is cleared

2018-11-12 14:23:47 - [MESSAGE][PASSED] - Text 'FR503' is set on object 'Object Repository/F11822-Configure and Manage Stations/station_name'

2018-11-12 14:23:47 - [MESSAGE][PASSED] - Execute JavaScript 'return document.querySelector('#station-timezone-qualifier').shadowRoot.querySelector('px-overlay-content > #content').shadowRoot.querySelectorAll('#dropdown > div > #selector > div').length' successfully

2018-11-12 14:23:47 - [MESSAGE][PASSED] - Execute JavaScript 'document.querySelector('#station-timezone-qualifier').shadowRoot.querySelector('px-overlay-content > #content').shadowRoot.querySelector('#dropdown > div > #selector > div:nth-child(7)').click()' successfully

2018-11-12 14:23:47 - [MESSAGE][PASSED] - Execute JavaScript 'return document.querySelector('#station-timezone-qualifier').shadowRoot.querySelector('#trigger').shadowRoot.querySelector('#label').innerHTML' successfully

2018-11-12 14:23:47 - [TEST_STEP][PASSED] - Statement - actions.clickOnStationSavebutton(): Delayed 3 second(s)

2018-11-12 14:23:47 - [MESSAGE][PASSED] - Object: 'Object Repository/F11822-Configure and Manage Stations/station_save_button' is clicked on

2018-11-12 14:23:50 - [MESSAGE][PASSED] - Delayed 3 second(s)

2018-11-12 14:23:50 - [TEST_STEP][PASSED] - com.ge.tms.railroad.RailroadVerification.verifyEditedStation: com.ge.tms.railroad.RailroadVerification.verifyEditedStation is PASSED

2018-11-12 14:23:50 - [MESSAGE][PASSED] - Send request successfully

2018-11-12 14:23:50 - [MESSAGE][PASSED] - Send request successfully

2018-11-12 14:23:50 - [MESSAGE][PASSED] - Send request successfully

2018-11-12 14:23:50 - [MESSAGE][PASSED] - Send request successfully

2018-11-12 14:23:50 - [MESSAGE][PASSED] - Send request successfully

2018-11-12 14:23:50 - [MESSAGE][PASSED] - Send request successfully

2018-11-12 14:23:50 - [MESSAGE][PASSED] - Send request successfully

2018-11-12 14:23:50 - [MESSAGE][PASSED] - Send request successfully

2018-11-12 14:23:50 - [MESSAGE][PASSED] - Text of object 'Object Repository/F11822-Configure and Manage Stations/ViewStationName' is: 'FR503'

2018-11-12 14:23:50 - [MESSAGE][PASSED] - Actual object 'FR503' and expected object 'FR503' are equal

2018-11-12 14:23:50 - [MESSAGE][PASSED] - Text of object 'Object Repository/F11822-Configure and Manage Stations/station_timezone_label' is: 'PST'

2018-11-12 14:23:50 - [MESSAGE][PASSED] - Actual object 'PST' and expected object 'PST' are equal

2018-11-12 14:23:50 - [MESSAGE][PASSED] - com.ge.tms.railroad.RailroadVerification.verifyEditedStation is PASSED

2018-11-12 14:23:50 - [TEST_STEP][PASSED] - com.ge.tms.commonactions.RailroadActions.clickOnStationActionMenu: com.ge.tms.commonactions.RailroadActions.clickOnStationActionMenu is PASSED

2018-11-12 14:23:50 - [MESSAGE][PASSED] - Send request successfully

2018-11-12 14:23:50 - [MESSAGE][PASSED] - Send request successfully

2018-11-12 14:23:50 - [MESSAGE][PASSED] - Send request successfully

2018-11-12 14:23:50 - [MESSAGE][PASSED] - Send request successfully

2018-11-12 14:23:50 - [MESSAGE][PASSED] - Execute JavaScript 'document.querySelector('#station-actions-dropdown').shadowRoot.querySelector('#trigger').click()' successfully

2018-11-12 14:23:51 - [MESSAGE][PASSED] - Delayed 1 second(s)

2018-11-12 14:23:51 - [MESSAGE][PASSED] - com.ge.tms.commonactions.RailroadActions.clickOnStationActionMenu is PASSED

2018-11-12 14:23:51 - [TEST_STEP][PASSED] - com.ge.tms.commonactions.RailroadActions.clickOnDeleteStationButton: com.ge.tms.commonactions.RailroadActions.clickOnDeleteStationButton is PASSED

2018-11-12 14:23:51 - [MESSAGE][PASSED] - Send request successfully

2018-11-12 14:23:51 - [MESSAGE][PASSED] - Send request successfully

2018-11-12 14:23:51 - [MESSAGE][PASSED] - Send request successfully

2018-11-12 14:23:51 - [MESSAGE][PASSED] - Send request successfully

2018-11-12 14:23:51 - [MESSAGE][PASSED] - Execute JavaScript 'document.querySelector('#station-actions-dropdown').shadowRoot.querySelector('#content').shadowRoot.querySelector('#selector > div:nth-child(2)').click()' successfully

2018-11-12 14:23:51 - [MESSAGE][PASSED] - com.ge.tms.commonactions.RailroadActions.clickOnDeleteStationButton is PASSED

2018-11-12 14:23:51 - [TEST_STEP][PASSED] - Statement - deleteYesButtonObj = com.kms.katalon.core.testobject.ObjectRepository.findTestObject(Object Repository/F11822-Configure and Manage Stations/deleteConfirmationYesButton): Finding Test Object with id 'Object Repository/F11822-Configure and Manage Stations/deleteConfirmationYesButton'

2018-11-12 14:23:51 - [TEST_STEP][PASSED] - com.ge.tms.commonactions.RailroadActions.clickOnTestObject: com.ge.tms.commonactions.RailroadActions.clickOnTestObject is PASSED

2018-11-12 14:23:51 - [MESSAGE][PASSED] - Send request successfully

2018-11-12 14:23:51 - [MESSAGE][PASSED] - Send request successfully

2018-11-12 14:23:51 - [MESSAGE][PASSED] - Send request successfully

2018-11-12 14:23:51 - [MESSAGE][PASSED] - Send request successfully

2018-11-12 14:23:51 - [MESSAGE][PASSED] - Object: 'Object Repository/F11822-Configure and Manage Stations/deleteConfirmationYesButton' is clicked on

2018-11-12 14:23:51 - [MESSAGE][PASSED] - com.ge.tms.commonactions.RailroadActions.clickOnTestObject is PASSED

2018-11-12 14:23:51 - [TEST_STEP][PASSED] - delay: Delayed 1 second(s)

2018-11-12 14:23:52 - [MESSAGE][PASSED] - Delayed 1 second(s)

2018-11-12 14:23:52 - [TEST_STEP][PASSED] - com.ge.tms.railroad.RailroadVerification.verifyDeletedItemNotPresentInSearchView: com.ge.tms.railroad.RailroadVerification.verifyDeletedItemNotPresentInSearchView is PASSED

2018-11-12 14:23:52 - [MESSAGE][PASSED] - Send request successfully

2018-11-12 14:23:52 - [MESSAGE][PASSED] - Send request successfully

2018-11-12 14:23:52 - [MESSAGE][PASSED] - Send request successfully

2018-11-12 14:23:52 - [MESSAGE][PASSED] - Send request successfully

2018-11-12 14:23:52 - [MESSAGE][PASSED] - Send request successfully

2018-11-12 14:23:52 - [MESSAGE][PASSED] - Send request successfully

2018-11-12 14:23:52 - [MESSAGE][PASSED] - Send request successfully

2018-11-12 14:23:52 - [MESSAGE][PASSED] - Send request successfully

2018-11-12 14:23:52 - [MESSAGE][PASSED] - Text '6HQAHND' is set on object 'Object Repository/CommonObjects/searchTextBoxLeftNav'

2018-11-12 14:23:54 - [MESSAGE][PASSED] - Delayed 2 second(s)

2018-11-12 14:23:54 - [MESSAGE][PASSED] - Text of object 'Object Repository/CommonObjects/noSearchResultMessageLeftNav' is: 'No stations or zones found.'

2018-11-12 14:23:54 - [MESSAGE][PASSED] - Actual object 'No stations or zones found.' and expected object 'No stations or zones found.' are equal

2018-11-12 14:23:54 - [MESSAGE][PASSED] - com.ge.tms.railroad.RailroadVerification.verifyDeletedItemNotPresentInSearchView is PASSED

2018-11-12 14:23:54 - [TEST_STEP][PASSED] - Start listener action : closeBrowserForTestCasse: Navigate to 'http://localhost:8080/home' successfully

2018-11-12 14:23:54 - [TEST_STEP][PASSED] - Statement - If (isTestSuitEnable == true): null

2018-11-12 14:23:54 - [TEST_STEP][PASSED] - Statement - beforeTestCaseExecute(): null

2018-11-12 14:23:54 - [TEST_STEP][PASSED] - Statement - If (isTestSuitEnable == true): Navigate to 'http://localhost:8080/home' successfully

2018-11-12 14:23:54 - [TEST_STEP][PASSED] - navigateToUrl: Navigate to 'http://localhost:8080/home' successfully

2018-11-12 14:23:55 - [MESSAGE][PASSED] - Navigate to 'http://localhost:8080/home' successfully

2018-11-12 14:23:55 - [TEST_STEP][PASSED] - Start listener action : afterTestCase: Invoke 'com.kms.katalon.core.annotation.AfterTestCase' method: 'TmsTestListner.afterTestCase(...)' completed.

2018-11-12 14:23:55 - [TEST_STEP][PASSED] - Statement - If (java.lang.System.getProperties().containsKey("updateRally")): Invoke 'com.kms.katalon.core.annotation.AfterTestCase' method: 'TmsTestListner.afterTestCase(...)' completed.]]></system-out>
         <system-err><![CDATA[]]></system-err>
      </testcase>
      <testcase name="Test Cases/Railroad/F11822-Configure and Manage Stations/QA-US92236-Edit Station/US84083-Edit Station/TC65306-Validate mandatory fields in Edit Station" classname="Test Cases/Railroad/F11822-Configure and Manage Stations/QA-US92236-Edit Station/US84083-Edit Station/TC65306-Validate mandatory fields in Edit Station" status="PASSED">
         <system-out><![CDATA[2018-11-12 14:23:55 - [TEST_CASE][PASSED] - Test Cases/Railroad/F11822-Configure and Manage Stations/QA-US92236-Edit Station/US84083-Edit Station/TC65306-Validate mandatory fields in Edit Station: Test Cases/Railroad/F11822-Configure and Manage Stations/QA-US92236-Edit Station/US84083-Edit Station/TC65306-Validate mandatory fields in Edit Station

2018-11-12 14:23:55 - [TEST_STEP][PASSED] - Start listener action : beforeTestCaseExecute: Navigate to 'http://localhost:8080/home' successfully

2018-11-12 14:23:55 - [TEST_STEP][PASSED] - Statement - If (isTestSuitEnable == true): Navigate to 'http://localhost:8080/home' successfully

2018-11-12 14:23:55 - [TEST_STEP][PASSED] - navigateToUrl: Navigate to 'http://localhost:8080/home' successfully

2018-11-12 14:23:56 - [MESSAGE][PASSED] - Navigate to 'http://localhost:8080/home' successfully

2018-11-12 14:23:56 - [TEST_STEP][PASSED] - com.ge.tms.commonactions.CommonClickEvents.clickOnRailroadSetup: com.ge.tms.commonactions.CommonClickEvents.clickOnRailroadSetup is PASSED

2018-11-12 14:23:56 - [MESSAGE][PASSED] - Execute JavaScript 'document.querySelector('px-app-nav').shadowRoot.querySelector('#items > px-app-nav-group:nth-child(13) > px-app-nav-subitem:nth-child(1)').click()' successfully

2018-11-12 14:23:58 - [MESSAGE][PASSED] - Delayed 2 second(s)

2018-11-12 14:23:58 - [MESSAGE][PASSED] - com.ge.tms.commonactions.CommonClickEvents.clickOnRailroadSetup is PASSED

2018-11-12 14:23:58 - [TEST_STEP][PASSED] - Statement - actions = new com.ge.tms.commonactions.RailroadActions(): Send request successfully

2018-11-12 14:23:58 - [MESSAGE][PASSED] - Send request successfully

2018-11-12 14:23:58 - [MESSAGE][PASSED] - Send request successfully

2018-11-12 14:23:58 - [MESSAGE][PASSED] - Send request successfully

2018-11-12 14:23:58 - [MESSAGE][PASSED] - Send request successfully

2018-11-12 14:23:58 - [TEST_STEP][PASSED] - com.ge.tms.commonactions.RailroadActions.clickOnSelectRailroadDropdown: com.ge.tms.commonactions.RailroadActions.clickOnSelectRailroadDropdown is PASSED

2018-11-12 14:23:58 - [MESSAGE][PASSED] - Send request successfully

2018-11-12 14:23:58 - [MESSAGE][PASSED] - Send request successfully

2018-11-12 14:23:58 - [MESSAGE][PASSED] - Send request successfully

2018-11-12 14:23:58 - [MESSAGE][PASSED] - Send request successfully

2018-11-12 14:23:58 - [MESSAGE][PASSED] - Execute JavaScript 'document.querySelector('#railroads-select-dropdown').shadowRoot.querySelector('#trigger').click()' successfully

2018-11-12 14:24:01 - [MESSAGE][PASSED] - Delayed 3 second(s)

2018-11-12 14:24:01 - [MESSAGE][PASSED] - com.ge.tms.commonactions.RailroadActions.clickOnSelectRailroadDropdown is PASSED

2018-11-12 14:24:01 - [TEST_STEP][PASSED] - com.ge.tms.commonactions.RailroadActions.selectRandomRailRoad: com.ge.tms.commonactions.RailroadActions.selectRandomRailRoad is PASSED

2018-11-12 14:24:01 - [MESSAGE][PASSED] - Send request successfully

2018-11-12 14:24:01 - [MESSAGE][PASSED] - Send request successfully

2018-11-12 14:24:02 - [MESSAGE][PASSED] - Send request successfully

2018-11-12 14:24:02 - [MESSAGE][PASSED] - Send request successfully

2018-11-12 14:24:02 - [MESSAGE][PASSED] - Execute JavaScript 'let railRoadList=[]; document.querySelector('#railroads-select-dropdown').shadowRoot.querySelector('#content').shadowRoot.querySelectorAll('#selector > div.dropdown-option').forEach(node => { railRoadList.push(node.getAttribute('title')) }); return railRoadList' successfully

2018-11-12 14:24:02 - [MESSAGE][PASSED] - Execute JavaScript 'return document.querySelector('#railroads-select-dropdown').shadowRoot.querySelector('#content').shadowRoot.querySelector('#selector > div:nth-child(7) span').innerHTML' successfully

2018-11-12 14:24:02 - [MESSAGE][PASSED] - Execute JavaScript 'return document.querySelector('#railroads-select-dropdown').shadowRoot.querySelector('#content').shadowRoot.querySelector('#selector > div:nth-child(7) span').click()' successfully

2018-11-12 14:24:02 - [MESSAGE][PASSED] - com.ge.tms.commonactions.RailroadActions.selectRandomRailRoad is PASSED

2018-11-12 14:24:02 - [TEST_STEP][PASSED] - delay: Delayed 2 second(s)

2018-11-12 14:24:04 - [MESSAGE][PASSED] - Delayed 2 second(s)

2018-11-12 14:24:04 - [TEST_STEP][PASSED] - Statement - setStationId = <not implemented yet for class: org.codehaus.groovy.ast.expr.EmptyExpression>: null

2018-11-12 14:24:04 - [TEST_STEP][PASSED] - Statement - actions.addStationMandatotyFields(setStationId): Delayed 3 second(s)

2018-11-12 14:24:04 - [MESSAGE][PASSED] - Object: 'Object Repository/F11822-Configure and Manage Stations/Add_New_Station_Button' is clicked on

2018-11-12 14:24:04 - [MESSAGE][PASSED] - Text 'ASP5Q4H' is set on object 'Object Repository/F11822-Configure and Manage Stations/station_id'

2018-11-12 14:24:04 - [MESSAGE][PASSED] - Text 'O3DHZXJ' is set on object 'Object Repository/F11822-Configure and Manage Stations/station_name'

2018-11-12 14:24:04 - [MESSAGE][PASSED] - Execute JavaScript 'document.querySelector('#splc').shadowRoot.querySelector('#trigger').shadowRoot.querySelector('#trigger').click()' successfully

2018-11-12 14:24:04 - [MESSAGE][PASSED] - Execute JavaScript 'return document.querySelector('#splc').shadowRoot.querySelector('px-overlay-content > #content').shadowRoot.querySelectorAll('#dropdown > div > #selector > div').length' successfully

2018-11-12 14:24:05 - [MESSAGE][PASSED] - Execute JavaScript 'document.querySelector('#splc').shadowRoot.querySelector('px-overlay-content > #content').shadowRoot.querySelector('#dropdown > div > #selector > div:nth-child(1)').click()' successfully

2018-11-12 14:24:05 - [MESSAGE][PASSED] - Execute JavaScript 'return document.querySelector('#fsac').shadowRoot.querySelector('px-overlay-content > #content').shadowRoot.querySelectorAll('#dropdown > div > #selector > div').length' successfully

2018-11-12 14:24:05 - [MESSAGE][PASSED] - Execute JavaScript 'document.querySelector('#fsac').shadowRoot.querySelector('px-overlay-content > #content').shadowRoot.querySelector('#dropdown > div > #selector > div:nth-child(1)').click()' successfully

2018-11-12 14:24:05 - [MESSAGE][PASSED] - Execute JavaScript 'return document.querySelector('#station-timezone-qualifier').shadowRoot.querySelector('px-overlay-content > #content').shadowRoot.querySelectorAll('#dropdown > div > #selector > div').length' successfully

2018-11-12 14:24:05 - [MESSAGE][PASSED] - Execute JavaScript 'document.querySelector('#station-timezone-qualifier').shadowRoot.querySelector('px-overlay-content > #content').shadowRoot.querySelector('#dropdown > div > #selector > div:nth-child(3)').click()' successfully

2018-11-12 14:24:05 - [MESSAGE][PASSED] - Execute JavaScript 'return document.querySelector('#country').shadowRoot.querySelector('px-overlay-content > #content').shadowRoot.querySelectorAll('#dropdown > div > #selector > div').length' successfully

2018-11-12 14:24:05 - [MESSAGE][PASSED] - Execute JavaScript 'document.querySelector('#country').shadowRoot.querySelector('px-overlay-content > #content').shadowRoot.querySelector('#dropdown > div > #selector > div:nth-child(2)').click()' successfully

2018-11-12 14:24:05 - [MESSAGE][PASSED] - Execute JavaScript 'return document.querySelector('#state').shadowRoot.querySelector('px-overlay-content > #content').shadowRoot.querySelectorAll('#dropdown > div > #selector > div').length' successfully

2018-11-12 14:24:05 - [MESSAGE][PASSED] - Execute JavaScript 'document.querySelector('#state').shadowRoot.querySelector('px-overlay-content > #content').shadowRoot.querySelector('#dropdown > div > #selector > div:nth-child(11)').click()' successfully

2018-11-12 14:24:05 - [MESSAGE][PASSED] - Object: 'Object Repository/F11822-Configure and Manage Stations/station_save_button' is clicked on

2018-11-12 14:24:08 - [MESSAGE][PASSED] - Delayed 3 second(s)

2018-11-12 14:24:08 - [TEST_STEP][PASSED] - com.ge.tms.commonactions.RailroadActions.clickOnStationActionMenu: com.ge.tms.commonactions.RailroadActions.clickOnStationActionMenu is PASSED

2018-11-12 14:24:08 - [MESSAGE][PASSED] - Send request successfully

2018-11-12 14:24:08 - [MESSAGE][PASSED] - Send request successfully

2018-11-12 14:24:08 - [MESSAGE][PASSED] - Send request successfully

2018-11-12 14:24:08 - [MESSAGE][PASSED] - Send request successfully

2018-11-12 14:24:08 - [MESSAGE][PASSED] - Execute JavaScript 'document.querySelector('#station-actions-dropdown').shadowRoot.querySelector('#trigger').click()' successfully

2018-11-12 14:24:09 - [MESSAGE][PASSED] - Delayed 1 second(s)

2018-11-12 14:24:09 - [MESSAGE][PASSED] - com.ge.tms.commonactions.RailroadActions.clickOnStationActionMenu is PASSED

2018-11-12 14:24:09 - [TEST_STEP][PASSED] - com.ge.tms.commonactions.RailroadActions.clickOnEditStationButton: com.ge.tms.commonactions.RailroadActions.clickOnEditStationButton is PASSED

2018-11-12 14:24:09 - [MESSAGE][PASSED] - Send request successfully

2018-11-12 14:24:09 - [MESSAGE][PASSED] - Send request successfully

2018-11-12 14:24:09 - [MESSAGE][PASSED] - Send request successfully

2018-11-12 14:24:09 - [MESSAGE][PASSED] - Send request successfully

2018-11-12 14:24:09 - [MESSAGE][PASSED] - Execute JavaScript 'document.querySelector('#station-actions-dropdown').shadowRoot.querySelector('#content').shadowRoot.querySelector('#selector > div:nth-child(1)').click()' successfully

2018-11-12 14:24:10 - [MESSAGE][PASSED] - Delayed 1 second(s)

2018-11-12 14:24:10 - [MESSAGE][PASSED] - com.ge.tms.commonactions.RailroadActions.clickOnEditStationButton is PASSED

2018-11-12 14:24:10 - [TEST_STEP][PASSED] - com.ge.tms.railroad.RailroadVerification.verifyErrorMessagesForMandatoryFieldsStation: com.ge.tms.railroad.RailroadVerification.verifyErrorMessagesForMandatoryFieldsStation is PASSED

2018-11-12 14:24:10 - [MESSAGE][PASSED] - Send request successfully

2018-11-12 14:24:10 - [MESSAGE][PASSED] - Send request successfully

2018-11-12 14:24:10 - [MESSAGE][PASSED] - Send request successfully

2018-11-12 14:24:10 - [MESSAGE][PASSED] - Send request successfully

2018-11-12 14:24:10 - [MESSAGE][PASSED] - Send request successfully

2018-11-12 14:24:10 - [MESSAGE][PASSED] - Send request successfully

2018-11-12 14:24:10 - [MESSAGE][PASSED] - Send request successfully

2018-11-12 14:24:10 - [MESSAGE][PASSED] - Send request successfully

2018-11-12 14:24:10 - [MESSAGE][PASSED] - Object 'Object Repository/F11822-Configure and Manage Stations/station_id' has attribute 'disabled'

2018-11-12 14:24:10 - [MESSAGE][PASSED] - Object: 'Object Repository/F11822-Configure and Manage Stations/station_name' is clicked on

2018-11-12 14:24:10 - [MESSAGE][PASSED] - Text of object 'Object Repository/F11822-Configure and Manage Stations/station_name' is cleared

2018-11-12 14:24:10 - [MESSAGE][PASSED] - Keys ' ' sent to object: 'Object Repository/F11822-Configure and Manage Stations/station_name'

2018-11-12 14:24:11 - [MESSAGE][PASSED] - Keys '	' sent to object: 'Object Repository/F11822-Configure and Manage Stations/station_name'

2018-11-12 14:24:11 - [MESSAGE][PASSED] - Text of object 'Object Repository/F11822-Configure and Manage Stations/station_name_error_message' is: 'STATION NAME CANNOT BE EMPTY'

2018-11-12 14:24:11 - [MESSAGE][PASSED] - Actual object 'STATION NAME CANNOT BE EMPTY' and expected object 'STATION NAME CANNOT BE EMPTY' are equal

2018-11-12 14:24:11 - [MESSAGE][PASSED] - Attribute 'class' of object 'Object Repository/F11822-Configure and Manage Stations/station_save_button' is: 'btn btn--disabled btn--call-to-action float--right u-mr'

2018-11-12 14:24:11 - [MESSAGE][PASSED] - Actual object 'true' and expected object 'true' are equal

2018-11-12 14:24:11 - [MESSAGE][PASSED] - Object: 'Object Repository/F11822-Configure and Manage Stations/station_name' is clicked on

2018-11-12 14:24:11 - [MESSAGE][PASSED] - Text 'A*@T&!' is set on object 'Object Repository/F11822-Configure and Manage Stations/station_name'

2018-11-12 14:24:11 - [MESSAGE][PASSED] - Text of object 'Object Repository/F11822-Configure and Manage Stations/station_name_error_message' is: 'ALPHANUMERIC ONLY'

2018-11-12 14:24:11 - [MESSAGE][PASSED] - Actual object 'ALPHANUMERIC ONLY' and expected object 'ALPHANUMERIC ONLY' are equal

2018-11-12 14:24:11 - [MESSAGE][PASSED] - Attribute 'class' of object 'Object Repository/F11822-Configure and Manage Stations/station_save_button' is: 'btn btn--disabled btn--call-to-action float--right u-mr'

2018-11-12 14:24:11 - [MESSAGE][PASSED] - Actual object 'true' and expected object 'true' are equal

2018-11-12 14:24:11 - [MESSAGE][PASSED] - Execute JavaScript 'document.querySelector('#splc').shadowRoot.querySelector('#trigger').shadowRoot.querySelector('#trigger').click()' successfully

2018-11-12 14:24:11 - [MESSAGE][PASSED] - Execute JavaScript 'return document.querySelector('#splc').shadowRoot.querySelector('px-overlay-content > #content').shadowRoot.querySelectorAll('#dropdown > div > #selector > div').length' successfully

2018-11-12 14:24:11 - [MESSAGE][PASSED] - Execute JavaScript 'document.querySelector('#splc').shadowRoot.querySelector('px-overlay-content > #content').shadowRoot.querySelector('#dropdown > div > #selector > div:nth-child(1)').click()' successfully

2018-11-12 14:24:11 - [MESSAGE][PASSED] - Execute JavaScript 'document.querySelector('#splc').shadowRoot.querySelector('#trigger').shadowRoot.querySelector('#trigger').click()' successfully

2018-11-12 14:24:11 - [MESSAGE][PASSED] - Execute JavaScript 'document.querySelector('#splc').shadowRoot.querySelector('#trigger').shadowRoot.querySelector('px-icon').click()' successfully

2018-11-12 14:24:11 - [MESSAGE][PASSED] - Text of object 'Object Repository/F11822-Configure and Manage Stations/station_splc_error_message' is: 'SPLC CANNOT BE EMPTY'

2018-11-12 14:24:11 - [MESSAGE][PASSED] - Actual object 'SPLC CANNOT BE EMPTY' and expected object 'SPLC CANNOT BE EMPTY' are equal

2018-11-12 14:24:11 - [MESSAGE][PASSED] - Attribute 'class' of object 'Object Repository/F11822-Configure and Manage Stations/station_save_button' is: 'btn btn--disabled btn--call-to-action float--right u-mr'

2018-11-12 14:24:11 - [MESSAGE][PASSED] - Actual object 'true' and expected object 'true' are equal

2018-11-12 14:24:11 - [MESSAGE][PASSED] - Execute JavaScript 'return document.querySelector('#fsac').shadowRoot.querySelector('px-overlay-content > #content').shadowRoot.querySelectorAll('#dropdown > div > #selector > div').length' successfully

2018-11-12 14:24:11 - [MESSAGE][PASSED] - Execute JavaScript 'document.querySelector('#fsac').shadowRoot.querySelector('px-overlay-content > #content').shadowRoot.querySelector('#dropdown > div > #selector > div:nth-child(1)').click()' successfully

2018-11-12 14:24:11 - [MESSAGE][PASSED] - Execute JavaScript 'document.querySelector('#fsac').shadowRoot.querySelector('#trigger').shadowRoot.querySelector('#trigger').click()' successfully

2018-11-12 14:24:11 - [MESSAGE][PASSED] - Execute JavaScript 'document.querySelector('#fsac').shadowRoot.querySelector('#trigger').shadowRoot.querySelector('px-icon').click()' successfully

2018-11-12 14:24:11 - [MESSAGE][PASSED] - Text of object 'Object Repository/F11822-Configure and Manage Stations/station_fsac_error_message' is: 'FSAC CANNOT BE EMPTY'

2018-11-12 14:24:11 - [MESSAGE][PASSED] - Actual object 'FSAC CANNOT BE EMPTY' and expected object 'FSAC CANNOT BE EMPTY' are equal

2018-11-12 14:24:11 - [MESSAGE][PASSED] - Attribute 'class' of object 'Object Repository/F11822-Configure and Manage Stations/station_save_button' is: 'btn btn--disabled btn--call-to-action float--right u-mr'

2018-11-12 14:24:11 - [MESSAGE][PASSED] - Actual object 'true' and expected object 'true' are equal

2018-11-12 14:24:11 - [MESSAGE][PASSED] - Execute JavaScript 'return document.querySelector('#station-timezone-qualifier').shadowRoot.querySelector('px-overlay-content > #content').shadowRoot.querySelectorAll('#dropdown > div > #selector > div').length' successfully

2018-11-12 14:24:11 - [MESSAGE][PASSED] - Execute JavaScript 'document.querySelector('#station-timezone-qualifier').shadowRoot.querySelector('px-overlay-content > #content').shadowRoot.querySelector('#dropdown > div > #selector > div:nth-child(3)').click()' successfully

2018-11-12 14:24:11 - [MESSAGE][PASSED] - Execute JavaScript 'document.querySelector('#station-timezone-qualifier').shadowRoot.querySelector('#trigger').shadowRoot.querySelector('#trigger').click()' successfully

2018-11-12 14:24:11 - [MESSAGE][PASSED] - Execute JavaScript 'document.querySelector('#station-timezone-qualifier').shadowRoot.querySelector('#trigger').shadowRoot.querySelector('px-icon').click()' successfully

2018-11-12 14:24:11 - [MESSAGE][PASSED] - Text of object 'Object Repository/F11822-Configure and Manage Stations/station_timezone_error_message' is: 'TIME ZONE CANNOT BE EMPTY'

2018-11-12 14:24:11 - [MESSAGE][PASSED] - Actual object 'TIME ZONE CANNOT BE EMPTY' and expected object 'TIME ZONE CANNOT BE EMPTY' are equal

2018-11-12 14:24:11 - [MESSAGE][PASSED] - Attribute 'class' of object 'Object Repository/F11822-Configure and Manage Stations/station_save_button' is: 'btn btn--disabled btn--call-to-action float--right u-mr'

2018-11-12 14:24:11 - [MESSAGE][PASSED] - Actual object 'true' and expected object 'true' are equal

2018-11-12 14:24:11 - [MESSAGE][PASSED] - Execute JavaScript 'return document.querySelector('#country').shadowRoot.querySelector('px-overlay-content > #content').shadowRoot.querySelectorAll('#dropdown > div > #selector > div').length' successfully

2018-11-12 14:24:11 - [MESSAGE][PASSED] - Execute JavaScript 'document.querySelector('#country').shadowRoot.querySelector('px-overlay-content > #content').shadowRoot.querySelector('#dropdown > div > #selector > div:nth-child(2)').click()' successfully

2018-11-12 14:24:11 - [MESSAGE][PASSED] - Execute JavaScript 'document.querySelector('#country').shadowRoot.querySelector('#trigger').shadowRoot.querySelector('#trigger').click()' successfully

2018-11-12 14:24:11 - [MESSAGE][PASSED] - Execute JavaScript 'document.querySelector('#country').shadowRoot.querySelector('#trigger').shadowRoot.querySelector('px-icon').click()' successfully

2018-11-12 14:24:12 - [MESSAGE][PASSED] - Text of object 'Object Repository/F11822-Configure and Manage Stations/station_country_error_message' is: 'COUNTRY CANNOT BE EMPTY'

2018-11-12 14:24:12 - [MESSAGE][PASSED] - Actual object 'COUNTRY CANNOT BE EMPTY' and expected object 'COUNTRY CANNOT BE EMPTY' are equal

2018-11-12 14:24:12 - [MESSAGE][PASSED] - Attribute 'class' of object 'Object Repository/F11822-Configure and Manage Stations/station_save_button' is: 'btn btn--disabled btn--call-to-action float--right u-mr'

2018-11-12 14:24:12 - [MESSAGE][PASSED] - Actual object 'true' and expected object 'true' are equal

2018-11-12 14:24:13 - [MESSAGE][PASSED] - Delayed 1 second(s)

2018-11-12 14:24:13 - [MESSAGE][PASSED] - Execute JavaScript 'return document.querySelector('#country').shadowRoot.querySelector('px-overlay-content > #content').shadowRoot.querySelectorAll('#dropdown > div > #selector > div').length' successfully

2018-11-12 14:24:13 - [MESSAGE][PASSED] - Execute JavaScript 'document.querySelector('#country').shadowRoot.querySelector('px-overlay-content > #content').shadowRoot.querySelector('#dropdown > div > #selector > div:nth-child(2)').click()' successfully

2018-11-12 14:24:13 - [MESSAGE][PASSED] - Execute JavaScript 'return document.querySelector('#state').shadowRoot.querySelector('px-overlay-content > #content').shadowRoot.querySelectorAll('#dropdown > div > #selector > div').length' successfully

2018-11-12 14:24:13 - [MESSAGE][PASSED] - Execute JavaScript 'document.querySelector('#state').shadowRoot.querySelector('px-overlay-content > #content').shadowRoot.querySelector('#dropdown > div > #selector > div:nth-child(9)').click()' successfully

2018-11-12 14:24:13 - [MESSAGE][PASSED] - Execute JavaScript 'document.querySelector('#state').shadowRoot.querySelector('#trigger').shadowRoot.querySelector('#trigger').click()' successfully

2018-11-12 14:24:13 - [MESSAGE][PASSED] - Execute JavaScript 'document.querySelector('#state').shadowRoot.querySelector('#trigger').shadowRoot.querySelector('px-icon').click()' successfully

2018-11-12 14:24:13 - [MESSAGE][PASSED] - Text of object 'Object Repository/F11822-Configure and Manage Stations/station_state_error_message' is: 'STATE CANNOT BE EMPTY'

2018-11-12 14:24:13 - [MESSAGE][PASSED] - Actual object 'STATE CANNOT BE EMPTY' and expected object 'STATE CANNOT BE EMPTY' are equal

2018-11-12 14:24:13 - [MESSAGE][PASSED] - Attribute 'class' of object 'Object Repository/F11822-Configure and Manage Stations/station_save_button' is: 'btn btn--disabled btn--call-to-action float--right u-mr'

2018-11-12 14:24:13 - [MESSAGE][PASSED] - Actual object 'true' and expected object 'true' are equal

2018-11-12 14:24:13 - [MESSAGE][PASSED] - com.ge.tms.railroad.RailroadVerification.verifyErrorMessagesForMandatoryFieldsStation is PASSED

2018-11-12 14:24:13 - [TEST_STEP][PASSED] - Statement - actions.clickOnStationCancelButton(): Delayed 1 second(s)

2018-11-12 14:24:13 - [MESSAGE][PASSED] - Object: 'Object Repository/F11822-Configure and Manage Stations/station_cancel_button' is clicked on

2018-11-12 14:24:14 - [MESSAGE][PASSED] - Delayed 1 second(s)

2018-11-12 14:24:14 - [TEST_STEP][PASSED] - com.ge.tms.commonactions.RailroadActions.clickOnStationActionMenu: com.ge.tms.commonactions.RailroadActions.clickOnStationActionMenu is PASSED

2018-11-12 14:24:14 - [MESSAGE][PASSED] - Send request successfully

2018-11-12 14:24:14 - [MESSAGE][PASSED] - Send request successfully

2018-11-12 14:24:14 - [MESSAGE][PASSED] - Send request successfully

2018-11-12 14:24:14 - [MESSAGE][PASSED] - Send request successfully

2018-11-12 14:24:14 - [MESSAGE][PASSED] - Execute JavaScript 'document.querySelector('#station-actions-dropdown').shadowRoot.querySelector('#trigger').click()' successfully

2018-11-12 14:24:15 - [MESSAGE][PASSED] - Delayed 1 second(s)

2018-11-12 14:24:15 - [MESSAGE][PASSED] - com.ge.tms.commonactions.RailroadActions.clickOnStationActionMenu is PASSED

2018-11-12 14:24:15 - [TEST_STEP][PASSED] - com.ge.tms.commonactions.RailroadActions.clickOnDeleteStationButton: com.ge.tms.commonactions.RailroadActions.clickOnDeleteStationButton is PASSED

2018-11-12 14:24:15 - [MESSAGE][PASSED] - Send request successfully

2018-11-12 14:24:15 - [MESSAGE][PASSED] - Send request successfully

2018-11-12 14:24:15 - [MESSAGE][PASSED] - Send request successfully

2018-11-12 14:24:15 - [MESSAGE][PASSED] - Send request successfully

2018-11-12 14:24:15 - [MESSAGE][PASSED] - Execute JavaScript 'document.querySelector('#station-actions-dropdown').shadowRoot.querySelector('#content').shadowRoot.querySelector('#selector > div:nth-child(2)').click()' successfully

2018-11-12 14:24:15 - [MESSAGE][PASSED] - com.ge.tms.commonactions.RailroadActions.clickOnDeleteStationButton is PASSED

2018-11-12 14:24:15 - [TEST_STEP][PASSED] - Statement - deleteYesButtonObj = com.kms.katalon.core.testobject.ObjectRepository.findTestObject(Object Repository/F11822-Configure and Manage Stations/deleteConfirmationYesButton): Finding Test Object with id 'Object Repository/F11822-Configure and Manage Stations/deleteConfirmationYesButton'

2018-11-12 14:24:15 - [TEST_STEP][PASSED] - com.ge.tms.commonactions.RailroadActions.clickOnTestObject: com.ge.tms.commonactions.RailroadActions.clickOnTestObject is PASSED

2018-11-12 14:24:15 - [MESSAGE][PASSED] - Send request successfully

2018-11-12 14:24:15 - [MESSAGE][PASSED] - Send request successfully

2018-11-12 14:24:15 - [MESSAGE][PASSED] - Send request successfully

2018-11-12 14:24:15 - [MESSAGE][PASSED] - Send request successfully

2018-11-12 14:24:15 - [MESSAGE][PASSED] - Object: 'Object Repository/F11822-Configure and Manage Stations/deleteConfirmationYesButton' is clicked on

2018-11-12 14:24:15 - [MESSAGE][PASSED] - com.ge.tms.commonactions.RailroadActions.clickOnTestObject is PASSED

2018-11-12 14:24:15 - [TEST_STEP][PASSED] - delay: Delayed 1 second(s)

2018-11-12 14:24:16 - [MESSAGE][PASSED] - Delayed 1 second(s)

2018-11-12 14:24:16 - [TEST_STEP][PASSED] - com.ge.tms.railroad.RailroadVerification.verifyDeletedItemNotPresentInSearchView: com.ge.tms.railroad.RailroadVerification.verifyDeletedItemNotPresentInSearchView is PASSED

2018-11-12 14:24:16 - [MESSAGE][PASSED] - Send request successfully

2018-11-12 14:24:16 - [MESSAGE][PASSED] - Send request successfully

2018-11-12 14:24:16 - [MESSAGE][PASSED] - Send request successfully

2018-11-12 14:24:16 - [MESSAGE][PASSED] - Send request successfully

2018-11-12 14:24:16 - [MESSAGE][PASSED] - Send request successfully

2018-11-12 14:24:16 - [MESSAGE][PASSED] - Send request successfully

2018-11-12 14:24:16 - [MESSAGE][PASSED] - Send request successfully

2018-11-12 14:24:16 - [MESSAGE][PASSED] - Send request successfully

2018-11-12 14:24:16 - [MESSAGE][PASSED] - Text 'ASP5Q4H' is set on object 'Object Repository/CommonObjects/searchTextBoxLeftNav'

2018-11-12 14:24:18 - [MESSAGE][PASSED] - Delayed 2 second(s)

2018-11-12 14:24:18 - [MESSAGE][PASSED] - Text of object 'Object Repository/CommonObjects/noSearchResultMessageLeftNav' is: 'No stations or zones found.'

2018-11-12 14:24:18 - [MESSAGE][PASSED] - Actual object 'No stations or zones found.' and expected object 'No stations or zones found.' are equal

2018-11-12 14:24:18 - [MESSAGE][PASSED] - com.ge.tms.railroad.RailroadVerification.verifyDeletedItemNotPresentInSearchView is PASSED

2018-11-12 14:24:18 - [TEST_STEP][PASSED] - Start listener action : closeBrowserForTestCasse: Navigate to 'http://localhost:8080/home' successfully

2018-11-12 14:24:18 - [TEST_STEP][PASSED] - Statement - If (isTestSuitEnable == true): null

2018-11-12 14:24:18 - [TEST_STEP][PASSED] - Statement - beforeTestCaseExecute(): null

2018-11-12 14:24:18 - [TEST_STEP][PASSED] - Statement - If (isTestSuitEnable == true): Navigate to 'http://localhost:8080/home' successfully

2018-11-12 14:24:18 - [TEST_STEP][PASSED] - navigateToUrl: Navigate to 'http://localhost:8080/home' successfully

2018-11-12 14:24:19 - [MESSAGE][PASSED] - Navigate to 'http://localhost:8080/home' successfully

2018-11-12 14:24:19 - [TEST_STEP][PASSED] - Start listener action : afterTestCase: Invoke 'com.kms.katalon.core.annotation.AfterTestCase' method: 'TmsTestListner.afterTestCase(...)' completed.

2018-11-12 14:24:19 - [TEST_STEP][PASSED] - Statement - If (java.lang.System.getProperties().containsKey("updateRally")): Invoke 'com.kms.katalon.core.annotation.AfterTestCase' method: 'TmsTestListner.afterTestCase(...)' completed.]]></system-out>
         <system-err><![CDATA[]]></system-err>
      </testcase>
      <testcase name="Test Cases/Railroad/F5140-Add Zone Functionalities/QA-US88570-Add Zone/US38196 - Save new Zone/TC63749-Add Zone Successfully" classname="Test Cases/Railroad/F5140-Add Zone Functionalities/QA-US88570-Add Zone/US38196 - Save new Zone/TC63749-Add Zone Successfully" status="PASSED">
         <system-out><![CDATA[2018-11-12 14:24:19 - [TEST_CASE][PASSED] - Test Cases/Railroad/F5140-Add Zone Functionalities/QA-US88570-Add Zone/US38196 - Save new Zone/TC63749-Add Zone Successfully: Test Cases/Railroad/F5140-Add Zone Functionalities/QA-US88570-Add Zone/US38196 - Save new Zone/TC63749-Add Zone Successfully

2018-11-12 14:24:19 - [TEST_STEP][PASSED] - Start listener action : beforeTestCaseExecute: Navigate to 'http://localhost:8080/home' successfully

2018-11-12 14:24:19 - [TEST_STEP][PASSED] - Statement - If (isTestSuitEnable == true): Navigate to 'http://localhost:8080/home' successfully

2018-11-12 14:24:19 - [TEST_STEP][PASSED] - navigateToUrl: Navigate to 'http://localhost:8080/home' successfully

2018-11-12 14:24:20 - [MESSAGE][PASSED] - Navigate to 'http://localhost:8080/home' successfully

2018-11-12 14:24:20 - [TEST_STEP][PASSED] - Statement - util = new com.ge.tms.util.CommonUtilities(): Send request successfully

2018-11-12 14:24:20 - [MESSAGE][PASSED] - Send request successfully

2018-11-12 14:24:20 - [MESSAGE][PASSED] - Send request successfully

2018-11-12 14:24:20 - [MESSAGE][PASSED] - Send request successfully

2018-11-12 14:24:20 - [MESSAGE][PASSED] - Send request successfully

2018-11-12 14:24:20 - [TEST_STEP][PASSED] - Statement - actions = new com.ge.tms.commonactions.RailroadActions(): Send request successfully

2018-11-12 14:24:20 - [MESSAGE][PASSED] - Send request successfully

2018-11-12 14:24:20 - [MESSAGE][PASSED] - Send request successfully

2018-11-12 14:24:20 - [MESSAGE][PASSED] - Send request successfully

2018-11-12 14:24:20 - [MESSAGE][PASSED] - Send request successfully

2018-11-12 14:24:20 - [TEST_STEP][PASSED] - com.ge.tms.commonactions.CommonClickEvents.clickOnRailroadSetup: com.ge.tms.commonactions.CommonClickEvents.clickOnRailroadSetup is PASSED

2018-11-12 14:24:20 - [MESSAGE][PASSED] - Execute JavaScript 'document.querySelector('px-app-nav').shadowRoot.querySelector('#items > px-app-nav-group:nth-child(13) > px-app-nav-subitem:nth-child(1)').click()' successfully

2018-11-12 14:24:22 - [MESSAGE][PASSED] - Delayed 2 second(s)

2018-11-12 14:24:22 - [MESSAGE][PASSED] - com.ge.tms.commonactions.CommonClickEvents.clickOnRailroadSetup is PASSED

2018-11-12 14:24:22 - [TEST_STEP][PASSED] - com.ge.tms.commonactions.RailroadActions.clickOnSelectRailroadDropdown: com.ge.tms.commonactions.RailroadActions.clickOnSelectRailroadDropdown is PASSED

2018-11-12 14:24:22 - [MESSAGE][PASSED] - Send request successfully

2018-11-12 14:24:22 - [MESSAGE][PASSED] - Send request successfully

2018-11-12 14:24:22 - [MESSAGE][PASSED] - Send request successfully

2018-11-12 14:24:22 - [MESSAGE][PASSED] - Send request successfully

2018-11-12 14:24:22 - [MESSAGE][PASSED] - Execute JavaScript 'document.querySelector('#railroads-select-dropdown').shadowRoot.querySelector('#trigger').click()' successfully

2018-11-12 14:24:25 - [MESSAGE][PASSED] - Delayed 3 second(s)

2018-11-12 14:24:25 - [MESSAGE][PASSED] - com.ge.tms.commonactions.RailroadActions.clickOnSelectRailroadDropdown is PASSED

2018-11-12 14:24:25 - [TEST_STEP][PASSED] - com.ge.tms.commonactions.RailroadActions.selectRandomRailRoad: com.ge.tms.commonactions.RailroadActions.selectRandomRailRoad is PASSED

2018-11-12 14:24:25 - [MESSAGE][PASSED] - Send request successfully

2018-11-12 14:24:25 - [MESSAGE][PASSED] - Send request successfully

2018-11-12 14:24:25 - [MESSAGE][PASSED] - Send request successfully

2018-11-12 14:24:25 - [MESSAGE][PASSED] - Send request successfully

2018-11-12 14:24:25 - [MESSAGE][PASSED] - Execute JavaScript 'let railRoadList=[]; document.querySelector('#railroads-select-dropdown').shadowRoot.querySelector('#content').shadowRoot.querySelectorAll('#selector > div.dropdown-option').forEach(node => { railRoadList.push(node.getAttribute('title')) }); return railRoadList' successfully

2018-11-12 14:24:25 - [MESSAGE][PASSED] - Execute JavaScript 'return document.querySelector('#railroads-select-dropdown').shadowRoot.querySelector('#content').shadowRoot.querySelector('#selector > div:nth-child(5) span').innerHTML' successfully

2018-11-12 14:24:25 - [MESSAGE][PASSED] - Execute JavaScript 'return document.querySelector('#railroads-select-dropdown').shadowRoot.querySelector('#content').shadowRoot.querySelector('#selector > div:nth-child(5) span').click()' successfully

2018-11-12 14:24:25 - [MESSAGE][PASSED] - com.ge.tms.commonactions.RailroadActions.selectRandomRailRoad is PASSED

2018-11-12 14:24:25 - [TEST_STEP][PASSED] - delay: Delayed 4 second(s)

2018-11-12 14:24:29 - [MESSAGE][PASSED] - Delayed 4 second(s)

2018-11-12 14:24:29 - [TEST_STEP][PASSED] - Statement - setStationId = <not implemented yet for class: org.codehaus.groovy.ast.expr.EmptyExpression>: null

2018-11-12 14:24:29 - [TEST_STEP][PASSED] - Statement - actions.addStationMandatotyFields(setStationId): Delayed 3 second(s)

2018-11-12 14:24:30 - [MESSAGE][PASSED] - Object: 'Object Repository/F11822-Configure and Manage Stations/Add_New_Station_Button' is clicked on

2018-11-12 14:24:30 - [MESSAGE][PASSED] - Text 'FTTU02Y' is set on object 'Object Repository/F11822-Configure and Manage Stations/station_id'

2018-11-12 14:24:30 - [MESSAGE][PASSED] - Text 'F7DHNBI' is set on object 'Object Repository/F11822-Configure and Manage Stations/station_name'

2018-11-12 14:24:30 - [MESSAGE][PASSED] - Execute JavaScript 'document.querySelector('#splc').shadowRoot.querySelector('#trigger').shadowRoot.querySelector('#trigger').click()' successfully

2018-11-12 14:24:30 - [MESSAGE][PASSED] - Execute JavaScript 'return document.querySelector('#splc').shadowRoot.querySelector('px-overlay-content > #content').shadowRoot.querySelectorAll('#dropdown > div > #selector > div').length' successfully

2018-11-12 14:24:30 - [MESSAGE][PASSED] - Execute JavaScript 'document.querySelector('#splc').shadowRoot.querySelector('px-overlay-content > #content').shadowRoot.querySelector('#dropdown > div > #selector > div:nth-child(1)').click()' successfully

2018-11-12 14:24:30 - [MESSAGE][PASSED] - Execute JavaScript 'return document.querySelector('#fsac').shadowRoot.querySelector('px-overlay-content > #content').shadowRoot.querySelectorAll('#dropdown > div > #selector > div').length' successfully

2018-11-12 14:24:31 - [MESSAGE][PASSED] - Execute JavaScript 'document.querySelector('#fsac').shadowRoot.querySelector('px-overlay-content > #content').shadowRoot.querySelector('#dropdown > div > #selector > div:nth-child(1)').click()' successfully

2018-11-12 14:24:31 - [MESSAGE][PASSED] - Execute JavaScript 'return document.querySelector('#station-timezone-qualifier').shadowRoot.querySelector('px-overlay-content > #content').shadowRoot.querySelectorAll('#dropdown > div > #selector > div').length' successfully

2018-11-12 14:24:31 - [MESSAGE][PASSED] - Execute JavaScript 'document.querySelector('#station-timezone-qualifier').shadowRoot.querySelector('px-overlay-content > #content').shadowRoot.querySelector('#dropdown > div > #selector > div:nth-child(1)').click()' successfully

2018-11-12 14:24:31 - [MESSAGE][PASSED] - Execute JavaScript 'return document.querySelector('#country').shadowRoot.querySelector('px-overlay-content > #content').shadowRoot.querySelectorAll('#dropdown > div > #selector > div').length' successfully

2018-11-12 14:24:31 - [MESSAGE][PASSED] - Execute JavaScript 'document.querySelector('#country').shadowRoot.querySelector('px-overlay-content > #content').shadowRoot.querySelector('#dropdown > div > #selector > div:nth-child(1)').click()' successfully

2018-11-12 14:24:31 - [MESSAGE][PASSED] - Execute JavaScript 'return document.querySelector('#state').shadowRoot.querySelector('px-overlay-content > #content').shadowRoot.querySelectorAll('#dropdown > div > #selector > div').length' successfully

2018-11-12 14:24:31 - [MESSAGE][PASSED] - Execute JavaScript 'document.querySelector('#state').shadowRoot.querySelector('px-overlay-content > #content').shadowRoot.querySelector('#dropdown > div > #selector > div:nth-child(16)').click()' successfully

2018-11-12 14:24:31 - [MESSAGE][PASSED] - Object: 'Object Repository/F11822-Configure and Manage Stations/station_save_button' is clicked on

2018-11-12 14:24:34 - [MESSAGE][PASSED] - Delayed 3 second(s)

2018-11-12 14:24:34 - [TEST_STEP][PASSED] - delay: Delayed 4 second(s)

2018-11-12 14:24:38 - [MESSAGE][PASSED] - Delayed 4 second(s)

2018-11-12 14:24:38 - [TEST_STEP][PASSED] - Statement - setZoneId = <not implemented yet for class: org.codehaus.groovy.ast.expr.EmptyExpression>: null

2018-11-12 14:24:38 - [TEST_STEP][PASSED] - Statement - actions.addZone(setZoneId): Execute JavaScript 'document.querySelector('#zone-type').shadowRoot.querySelector('#content').shadowRoot.querySelector('#selector > div:nth-child(4)').click()' successfully

2018-11-12 14:24:38 - [MESSAGE][PASSED] - Object: 'Object Repository/F5140-Add Zone Functionalities/QA-US88570-Add Zone/US38196-Save a New Zone/Add Edit Zone/addNewZoneButton' is clicked on

2018-11-12 14:24:41 - [MESSAGE][PASSED] - Delayed 3 second(s)

2018-11-12 14:24:41 - [MESSAGE][PASSED] - Text 'KZCBR' is set on object 'Object Repository/F5140-Add Zone Functionalities/QA-US88570-Add Zone/US38196-Save a New Zone/Add Edit Zone/zoneID'

2018-11-12 14:24:41 - [MESSAGE][PASSED] - Text 'Y1PRIXW' is set on object 'Object Repository/F5140-Add Zone Functionalities/QA-US88570-Add Zone/US38196-Save a New Zone/Add Edit Zone/zoneName'

2018-11-12 14:24:41 - [MESSAGE][PASSED] - Execute JavaScript 'document.querySelector('#zone-type').shadowRoot.querySelector('#trigger').click()' successfully

2018-11-12 14:24:41 - [MESSAGE][PASSED] - Execute JavaScript 'return document.querySelector('#zone-type').shadowRoot.querySelector('#content').shadowRoot.querySelectorAll('#selector > div').length' successfully

2018-11-12 14:24:41 - [MESSAGE][PASSED] - Execute JavaScript 'document.querySelector('#zone-type').shadowRoot.querySelector('#content').shadowRoot.querySelector('#selector > div:nth-child(4)').click()' successfully

2018-11-12 14:24:41 - [TEST_STEP][PASSED] - Statement - saveButtonObject = com.kms.katalon.core.testobject.ObjectRepository.findTestObject(Object Repository/F5140-Add Zone Functionalities/QA-US88570-Add Zone/US38196-Save a New Zone/Add Edit Zone/zoneSaveButton): Finding Test Object with id 'Object Repository/F5140-Add Zone Functionalities/QA-US88570-Add Zone/US38196-Save a New Zone/Add Edit Zone/zoneSaveButton'

2018-11-12 14:24:41 - [TEST_STEP][PASSED] - Statement - util.verifySaveButtonEnabled(saveButtonObject): Actual object 'true' and expected object 'true' are equal

2018-11-12 14:24:41 - [MESSAGE][PASSED] - Attribute 'class' of object 'Object Repository/F5140-Add Zone Functionalities/QA-US88570-Add Zone/US38196-Save a New Zone/Add Edit Zone/zoneSaveButton' is: 'btn btn--call-to-action u-ml'

2018-11-12 14:24:41 - [MESSAGE][PASSED] - Actual object 'true' and expected object 'true' are equal

2018-11-12 14:24:41 - [TEST_STEP][PASSED] - com.ge.tms.commonactions.RailroadActions.clickOnZoneSaveButton: com.ge.tms.commonactions.RailroadActions.clickOnZoneSaveButton is PASSED

2018-11-12 14:24:41 - [MESSAGE][PASSED] - Send request successfully

2018-11-12 14:24:41 - [MESSAGE][PASSED] - Send request successfully

2018-11-12 14:24:41 - [MESSAGE][PASSED] - Send request successfully

2018-11-12 14:24:41 - [MESSAGE][PASSED] - Send request successfully

2018-11-12 14:24:41 - [MESSAGE][PASSED] - Object: 'Object Repository/F5140-Add Zone Functionalities/QA-US88570-Add Zone/US38196-Save a New Zone/Add Edit Zone/zoneSaveButton' is clicked on

2018-11-12 14:24:44 - [MESSAGE][PASSED] - Delayed 3 second(s)

2018-11-12 14:24:44 - [MESSAGE][PASSED] - com.ge.tms.commonactions.RailroadActions.clickOnZoneSaveButton is PASSED

2018-11-12 14:24:44 - [TEST_STEP][PASSED] - com.ge.tms.railroad.RailroadVerification.verifyNewZoneCreatedSuccessfully: com.ge.tms.railroad.RailroadVerification.verifyNewZoneCreatedSuccessfully is PASSED

2018-11-12 14:24:44 - [MESSAGE][PASSED] - Send request successfully

2018-11-12 14:24:44 - [MESSAGE][PASSED] - Send request successfully

2018-11-12 14:24:44 - [MESSAGE][PASSED] - Send request successfully

2018-11-12 14:24:44 - [MESSAGE][PASSED] - Send request successfully

2018-11-12 14:24:44 - [MESSAGE][PASSED] - Send request successfully

2018-11-12 14:24:44 - [MESSAGE][PASSED] - Send request successfully

2018-11-12 14:24:44 - [MESSAGE][PASSED] - Send request successfully

2018-11-12 14:24:44 - [MESSAGE][PASSED] - Send request successfully

2018-11-12 14:24:44 - [MESSAGE][PASSED] - Text of object 'Object Repository/F5140-Add Zone Functionalities/QA-US88570-Add Zone/US38196-Save a New Zone/Add Edit Zone/viewZoneId' is: 'KZCBR'

2018-11-12 14:24:44 - [MESSAGE][PASSED] - Actual object 'KZCBR' and expected object 'KZCBR' are equal

2018-11-12 14:24:44 - [MESSAGE][PASSED] - Text of object 'Object Repository/F5140-Add Zone Functionalities/QA-US88570-Add Zone/US38196-Save a New Zone/Add Edit Zone/ViewZoneName' is: 'Y1PRIXW'

2018-11-12 14:24:44 - [MESSAGE][PASSED] - Actual object 'Y1PRIXW' and expected object 'Y1PRIXW' are equal

2018-11-12 14:24:44 - [MESSAGE][PASSED] - com.ge.tms.railroad.RailroadVerification.verifyNewZoneCreatedSuccessfully is PASSED

2018-11-12 14:24:44 - [TEST_STEP][PASSED] - com.ge.tms.commonactions.RailroadActions.clickOnZoneActionMenu: com.ge.tms.commonactions.RailroadActions.clickOnZoneActionMenu is PASSED

2018-11-12 14:24:44 - [MESSAGE][PASSED] - Send request successfully

2018-11-12 14:24:44 - [MESSAGE][PASSED] - Send request successfully

2018-11-12 14:24:44 - [MESSAGE][PASSED] - Send request successfully

2018-11-12 14:24:44 - [MESSAGE][PASSED] - Send request successfully

2018-11-12 14:24:44 - [MESSAGE][PASSED] - Execute JavaScript 'document.querySelector('#zone-actions-dropdown').shadowRoot.querySelector('#trigger').click()' successfully

2018-11-12 14:24:45 - [MESSAGE][PASSED] - Delayed 1 second(s)

2018-11-12 14:24:45 - [MESSAGE][PASSED] - com.ge.tms.commonactions.RailroadActions.clickOnZoneActionMenu is PASSED

2018-11-12 14:24:45 - [TEST_STEP][PASSED] - com.ge.tms.commonactions.RailroadActions.clickOnDeleteAction: com.ge.tms.commonactions.RailroadActions.clickOnDeleteAction is PASSED

2018-11-12 14:24:45 - [MESSAGE][PASSED] - Send request successfully

2018-11-12 14:24:45 - [MESSAGE][PASSED] - Send request successfully

2018-11-12 14:24:45 - [MESSAGE][PASSED] - Send request successfully

2018-11-12 14:24:45 - [MESSAGE][PASSED] - Send request successfully

2018-11-12 14:24:46 - [MESSAGE][PASSED] - Execute JavaScript 'document.querySelector('#zone-actions-dropdown').shadowRoot.querySelector('#content').shadowRoot.querySelector('#selector > div:nth-child(2)').click()' successfully

2018-11-12 14:24:46 - [MESSAGE][PASSED] - com.ge.tms.commonactions.RailroadActions.clickOnDeleteAction is PASSED

2018-11-12 14:24:46 - [TEST_STEP][PASSED] - delay: Delayed 1 second(s)

2018-11-12 14:24:47 - [MESSAGE][PASSED] - Delayed 1 second(s)

2018-11-12 14:24:47 - [TEST_STEP][PASSED] - Statement - deleteYesButtonObj = com.kms.katalon.core.testobject.ObjectRepository.findTestObject(Object Repository/F5140-Add Zone Functionalities/QA-US88570-Add Zone/US38196-Save a New Zone/Delete Zone/deleteYesButton): Finding Test Object with id 'Object Repository/F5140-Add Zone Functionalities/QA-US88570-Add Zone/US38196-Save a New Zone/Delete Zone/deleteYesButton'

2018-11-12 14:24:47 - [TEST_STEP][PASSED] - com.ge.tms.commonactions.RailroadActions.clickOnTestObject: com.ge.tms.commonactions.RailroadActions.clickOnTestObject is PASSED

2018-11-12 14:24:47 - [MESSAGE][PASSED] - Send request successfully

2018-11-12 14:24:47 - [MESSAGE][PASSED] - Send request successfully

2018-11-12 14:24:47 - [MESSAGE][PASSED] - Send request successfully

2018-11-12 14:24:47 - [MESSAGE][PASSED] - Send request successfully

2018-11-12 14:24:47 - [MESSAGE][PASSED] - Object: 'Object Repository/F5140-Add Zone Functionalities/QA-US88570-Add Zone/US38196-Save a New Zone/Delete Zone/deleteYesButton' is clicked on

2018-11-12 14:24:47 - [MESSAGE][PASSED] - com.ge.tms.commonactions.RailroadActions.clickOnTestObject is PASSED

2018-11-12 14:24:47 - [TEST_STEP][PASSED] - delay: Delayed 1 second(s)

2018-11-12 14:24:48 - [MESSAGE][PASSED] - Delayed 1 second(s)

2018-11-12 14:24:48 - [TEST_STEP][PASSED] - com.ge.tms.commonactions.RailroadActions.clickOnStationActionMenu: com.ge.tms.commonactions.RailroadActions.clickOnStationActionMenu is PASSED

2018-11-12 14:24:48 - [MESSAGE][PASSED] - Send request successfully

2018-11-12 14:24:48 - [MESSAGE][PASSED] - Send request successfully

2018-11-12 14:24:48 - [MESSAGE][PASSED] - Send request successfully

2018-11-12 14:24:48 - [MESSAGE][PASSED] - Send request successfully

2018-11-12 14:24:48 - [MESSAGE][PASSED] - Execute JavaScript 'document.querySelector('#station-actions-dropdown').shadowRoot.querySelector('#trigger').click()' successfully

2018-11-12 14:24:49 - [MESSAGE][PASSED] - Delayed 1 second(s)

2018-11-12 14:24:49 - [MESSAGE][PASSED] - com.ge.tms.commonactions.RailroadActions.clickOnStationActionMenu is PASSED

2018-11-12 14:24:49 - [TEST_STEP][PASSED] - com.ge.tms.commonactions.RailroadActions.clickOnDeleteStationButton: com.ge.tms.commonactions.RailroadActions.clickOnDeleteStationButton is PASSED

2018-11-12 14:24:49 - [MESSAGE][PASSED] - Send request successfully

2018-11-12 14:24:49 - [MESSAGE][PASSED] - Send request successfully

2018-11-12 14:24:49 - [MESSAGE][PASSED] - Send request successfully

2018-11-12 14:24:49 - [MESSAGE][PASSED] - Send request successfully

2018-11-12 14:24:49 - [MESSAGE][PASSED] - Execute JavaScript 'document.querySelector('#station-actions-dropdown').shadowRoot.querySelector('#content').shadowRoot.querySelector('#selector > div:nth-child(2)').click()' successfully

2018-11-12 14:24:49 - [MESSAGE][PASSED] - com.ge.tms.commonactions.RailroadActions.clickOnDeleteStationButton is PASSED

2018-11-12 14:24:49 - [TEST_STEP][PASSED] - Statement - deleteYesButtonObj = com.kms.katalon.core.testobject.ObjectRepository.findTestObject(Object Repository/F11822-Configure and Manage Stations/deleteConfirmationYesButton): Finding Test Object with id 'Object Repository/F11822-Configure and Manage Stations/deleteConfirmationYesButton'

2018-11-12 14:24:49 - [TEST_STEP][PASSED] - com.ge.tms.commonactions.RailroadActions.clickOnTestObject: com.ge.tms.commonactions.RailroadActions.clickOnTestObject is PASSED

2018-11-12 14:24:49 - [MESSAGE][PASSED] - Send request successfully

2018-11-12 14:24:49 - [MESSAGE][PASSED] - Send request successfully

2018-11-12 14:24:49 - [MESSAGE][PASSED] - Send request successfully

2018-11-12 14:24:49 - [MESSAGE][PASSED] - Send request successfully

2018-11-12 14:24:49 - [MESSAGE][PASSED] - Object: 'Object Repository/F11822-Configure and Manage Stations/deleteConfirmationYesButton' is clicked on

2018-11-12 14:24:49 - [MESSAGE][PASSED] - com.ge.tms.commonactions.RailroadActions.clickOnTestObject is PASSED

2018-11-12 14:24:49 - [TEST_STEP][PASSED] - delay: Delayed 1 second(s)

2018-11-12 14:24:50 - [MESSAGE][PASSED] - Delayed 1 second(s)

2018-11-12 14:24:50 - [TEST_STEP][PASSED] - com.ge.tms.railroad.RailroadVerification.verifyDeletedItemNotPresentInSearchView: com.ge.tms.railroad.RailroadVerification.verifyDeletedItemNotPresentInSearchView is PASSED

2018-11-12 14:24:50 - [MESSAGE][PASSED] - Send request successfully

2018-11-12 14:24:50 - [MESSAGE][PASSED] - Send request successfully

2018-11-12 14:24:50 - [MESSAGE][PASSED] - Send request successfully

2018-11-12 14:24:50 - [MESSAGE][PASSED] - Send request successfully

2018-11-12 14:24:50 - [MESSAGE][PASSED] - Send request successfully

2018-11-12 14:24:50 - [MESSAGE][PASSED] - Send request successfully

2018-11-12 14:24:50 - [MESSAGE][PASSED] - Send request successfully

2018-11-12 14:24:50 - [MESSAGE][PASSED] - Send request successfully

2018-11-12 14:24:50 - [MESSAGE][PASSED] - Text 'FTTU02Y' is set on object 'Object Repository/CommonObjects/searchTextBoxLeftNav'

2018-11-12 14:24:52 - [MESSAGE][PASSED] - Delayed 2 second(s)

2018-11-12 14:24:52 - [MESSAGE][PASSED] - Text of object 'Object Repository/CommonObjects/noSearchResultMessageLeftNav' is: 'No stations or zones found.'

2018-11-12 14:24:52 - [MESSAGE][PASSED] - Actual object 'No stations or zones found.' and expected object 'No stations or zones found.' are equal

2018-11-12 14:24:52 - [MESSAGE][PASSED] - com.ge.tms.railroad.RailroadVerification.verifyDeletedItemNotPresentInSearchView is PASSED

2018-11-12 14:24:52 - [TEST_STEP][PASSED] - Start listener action : closeBrowserForTestCasse: Navigate to 'http://localhost:8080/home' successfully

2018-11-12 14:24:52 - [TEST_STEP][PASSED] - Statement - If (isTestSuitEnable == true): null

2018-11-12 14:24:52 - [TEST_STEP][PASSED] - Statement - beforeTestCaseExecute(): null

2018-11-12 14:24:52 - [TEST_STEP][PASSED] - Statement - If (isTestSuitEnable == true): Navigate to 'http://localhost:8080/home' successfully

2018-11-12 14:24:52 - [TEST_STEP][PASSED] - navigateToUrl: Navigate to 'http://localhost:8080/home' successfully

2018-11-12 14:24:53 - [MESSAGE][PASSED] - Navigate to 'http://localhost:8080/home' successfully

2018-11-12 14:24:53 - [TEST_STEP][PASSED] - Start listener action : afterTestCase: Invoke 'com.kms.katalon.core.annotation.AfterTestCase' method: 'TmsTestListner.afterTestCase(...)' completed.

2018-11-12 14:24:53 - [TEST_STEP][PASSED] - Statement - If (java.lang.System.getProperties().containsKey("updateRally")): Invoke 'com.kms.katalon.core.annotation.AfterTestCase' method: 'TmsTestListner.afterTestCase(...)' completed.]]></system-out>
         <system-err><![CDATA[]]></system-err>
      </testcase>
      <testcase name="Test Cases/Railroad/F5525 - Edit Zone functionalities/QA-US88423-Edit Zone/US38376- Edit Selected Zone/TC64738 - Validate Mandatory Fields in Edit Zone" classname="Test Cases/Railroad/F5525 - Edit Zone functionalities/QA-US88423-Edit Zone/US38376- Edit Selected Zone/TC64738 - Validate Mandatory Fields in Edit Zone" status="PASSED">
         <system-out><![CDATA[2018-11-12 14:24:53 - [TEST_CASE][PASSED] - Test Cases/Railroad/F5525 - Edit Zone functionalities/QA-US88423-Edit Zone/US38376- Edit Selected Zone/TC64738 - Validate Mandatory Fields in Edit Zone: Test Cases/Railroad/F5525 - Edit Zone functionalities/QA-US88423-Edit Zone/US38376- Edit Selected Zone/TC64738 - Validate Mandatory Fields in Edit Zone

2018-11-12 14:24:53 - [TEST_STEP][PASSED] - Start listener action : beforeTestCaseExecute: Navigate to 'http://localhost:8080/home' successfully

2018-11-12 14:24:53 - [TEST_STEP][PASSED] - Statement - If (isTestSuitEnable == true): Navigate to 'http://localhost:8080/home' successfully

2018-11-12 14:24:53 - [TEST_STEP][PASSED] - navigateToUrl: Navigate to 'http://localhost:8080/home' successfully

2018-11-12 14:24:54 - [MESSAGE][PASSED] - Navigate to 'http://localhost:8080/home' successfully

2018-11-12 14:24:54 - [TEST_STEP][PASSED] - Statement - util = new com.ge.tms.util.CommonUtilities(): Send request successfully

2018-11-12 14:24:54 - [MESSAGE][PASSED] - Send request successfully

2018-11-12 14:24:54 - [MESSAGE][PASSED] - Send request successfully

2018-11-12 14:24:54 - [MESSAGE][PASSED] - Send request successfully

2018-11-12 14:24:54 - [MESSAGE][PASSED] - Send request successfully

2018-11-12 14:24:54 - [TEST_STEP][PASSED] - Statement - actions = new com.ge.tms.commonactions.RailroadActions(): Send request successfully

2018-11-12 14:24:54 - [MESSAGE][PASSED] - Send request successfully

2018-11-12 14:24:54 - [MESSAGE][PASSED] - Send request successfully

2018-11-12 14:24:54 - [MESSAGE][PASSED] - Send request successfully

2018-11-12 14:24:54 - [MESSAGE][PASSED] - Send request successfully

2018-11-12 14:24:54 - [TEST_STEP][PASSED] - com.ge.tms.commonactions.CommonClickEvents.clickOnRailroadSetup: com.ge.tms.commonactions.CommonClickEvents.clickOnRailroadSetup is PASSED

2018-11-12 14:24:54 - [MESSAGE][PASSED] - Execute JavaScript 'document.querySelector('px-app-nav').shadowRoot.querySelector('#items > px-app-nav-group:nth-child(13) > px-app-nav-subitem:nth-child(1)').click()' successfully

2018-11-12 14:24:56 - [MESSAGE][PASSED] - Delayed 2 second(s)

2018-11-12 14:24:56 - [MESSAGE][PASSED] - com.ge.tms.commonactions.CommonClickEvents.clickOnRailroadSetup is PASSED

2018-11-12 14:24:56 - [TEST_STEP][PASSED] - com.ge.tms.commonactions.RailroadActions.clickOnSelectRailroadDropdown: com.ge.tms.commonactions.RailroadActions.clickOnSelectRailroadDropdown is PASSED

2018-11-12 14:24:56 - [MESSAGE][PASSED] - Send request successfully

2018-11-12 14:24:56 - [MESSAGE][PASSED] - Send request successfully

2018-11-12 14:24:56 - [MESSAGE][PASSED] - Send request successfully

2018-11-12 14:24:56 - [MESSAGE][PASSED] - Send request successfully

2018-11-12 14:24:56 - [MESSAGE][PASSED] - Execute JavaScript 'document.querySelector('#railroads-select-dropdown').shadowRoot.querySelector('#trigger').click()' successfully

2018-11-12 14:24:59 - [MESSAGE][PASSED] - Delayed 3 second(s)

2018-11-12 14:24:59 - [MESSAGE][PASSED] - com.ge.tms.commonactions.RailroadActions.clickOnSelectRailroadDropdown is PASSED

2018-11-12 14:24:59 - [TEST_STEP][PASSED] - com.ge.tms.commonactions.RailroadActions.selectRandomRailRoad: com.ge.tms.commonactions.RailroadActions.selectRandomRailRoad is PASSED

2018-11-12 14:24:59 - [MESSAGE][PASSED] - Send request successfully

2018-11-12 14:24:59 - [MESSAGE][PASSED] - Send request successfully

2018-11-12 14:24:59 - [MESSAGE][PASSED] - Send request successfully

2018-11-12 14:24:59 - [MESSAGE][PASSED] - Send request successfully

2018-11-12 14:24:59 - [MESSAGE][PASSED] - Execute JavaScript 'let railRoadList=[]; document.querySelector('#railroads-select-dropdown').shadowRoot.querySelector('#content').shadowRoot.querySelectorAll('#selector > div.dropdown-option').forEach(node => { railRoadList.push(node.getAttribute('title')) }); return railRoadList' successfully

2018-11-12 14:24:59 - [MESSAGE][PASSED] - Execute JavaScript 'return document.querySelector('#railroads-select-dropdown').shadowRoot.querySelector('#content').shadowRoot.querySelector('#selector > div:nth-child(6) span').innerHTML' successfully

2018-11-12 14:24:59 - [MESSAGE][PASSED] - Execute JavaScript 'return document.querySelector('#railroads-select-dropdown').shadowRoot.querySelector('#content').shadowRoot.querySelector('#selector > div:nth-child(6) span').click()' successfully

2018-11-12 14:24:59 - [MESSAGE][PASSED] - com.ge.tms.commonactions.RailroadActions.selectRandomRailRoad is PASSED

2018-11-12 14:24:59 - [TEST_STEP][PASSED] - delay: Delayed 2 second(s)

2018-11-12 14:25:01 - [MESSAGE][PASSED] - Delayed 2 second(s)

2018-11-12 14:25:01 - [TEST_STEP][PASSED] - Statement - setStationId = <not implemented yet for class: org.codehaus.groovy.ast.expr.EmptyExpression>: null

2018-11-12 14:25:01 - [TEST_STEP][PASSED] - Statement - actions.addStationMandatotyFields(setStationId): Delayed 3 second(s)

2018-11-12 14:25:01 - [MESSAGE][PASSED] - Object: 'Object Repository/F11822-Configure and Manage Stations/Add_New_Station_Button' is clicked on

2018-11-12 14:25:02 - [MESSAGE][PASSED] - Text '69HQLNA' is set on object 'Object Repository/F11822-Configure and Manage Stations/station_id'

2018-11-12 14:25:02 - [MESSAGE][PASSED] - Text 'W9UL4TY' is set on object 'Object Repository/F11822-Configure and Manage Stations/station_name'

2018-11-12 14:25:02 - [MESSAGE][PASSED] - Execute JavaScript 'document.querySelector('#splc').shadowRoot.querySelector('#trigger').shadowRoot.querySelector('#trigger').click()' successfully

2018-11-12 14:25:02 - [MESSAGE][PASSED] - Execute JavaScript 'return document.querySelector('#splc').shadowRoot.querySelector('px-overlay-content > #content').shadowRoot.querySelectorAll('#dropdown > div > #selector > div').length' successfully

2018-11-12 14:25:02 - [MESSAGE][PASSED] - Execute JavaScript 'document.querySelector('#splc').shadowRoot.querySelector('px-overlay-content > #content').shadowRoot.querySelector('#dropdown > div > #selector > div:nth-child(1)').click()' successfully

2018-11-12 14:25:02 - [MESSAGE][PASSED] - Execute JavaScript 'return document.querySelector('#fsac').shadowRoot.querySelector('px-overlay-content > #content').shadowRoot.querySelectorAll('#dropdown > div > #selector > div').length' successfully

2018-11-12 14:25:02 - [MESSAGE][PASSED] - Execute JavaScript 'document.querySelector('#fsac').shadowRoot.querySelector('px-overlay-content > #content').shadowRoot.querySelector('#dropdown > div > #selector > div:nth-child(1)').click()' successfully

2018-11-12 14:25:02 - [MESSAGE][PASSED] - Execute JavaScript 'return document.querySelector('#station-timezone-qualifier').shadowRoot.querySelector('px-overlay-content > #content').shadowRoot.querySelectorAll('#dropdown > div > #selector > div').length' successfully

2018-11-12 14:25:02 - [MESSAGE][PASSED] - Execute JavaScript 'document.querySelector('#station-timezone-qualifier').shadowRoot.querySelector('px-overlay-content > #content').shadowRoot.querySelector('#dropdown > div > #selector > div:nth-child(3)').click()' successfully

2018-11-12 14:25:02 - [MESSAGE][PASSED] - Execute JavaScript 'return document.querySelector('#country').shadowRoot.querySelector('px-overlay-content > #content').shadowRoot.querySelectorAll('#dropdown > div > #selector > div').length' successfully

2018-11-12 14:25:02 - [MESSAGE][PASSED] - Execute JavaScript 'document.querySelector('#country').shadowRoot.querySelector('px-overlay-content > #content').shadowRoot.querySelector('#dropdown > div > #selector > div:nth-child(2)').click()' successfully

2018-11-12 14:25:02 - [MESSAGE][PASSED] - Execute JavaScript 'return document.querySelector('#state').shadowRoot.querySelector('px-overlay-content > #content').shadowRoot.querySelectorAll('#dropdown > div > #selector > div').length' successfully

2018-11-12 14:25:02 - [MESSAGE][PASSED] - Execute JavaScript 'document.querySelector('#state').shadowRoot.querySelector('px-overlay-content > #content').shadowRoot.querySelector('#dropdown > div > #selector > div:nth-child(12)').click()' successfully

2018-11-12 14:25:02 - [MESSAGE][PASSED] - Object: 'Object Repository/F11822-Configure and Manage Stations/station_save_button' is clicked on

2018-11-12 14:25:05 - [MESSAGE][PASSED] - Delayed 3 second(s)

2018-11-12 14:25:05 - [TEST_STEP][PASSED] - delay: Delayed 2 second(s)

2018-11-12 14:25:07 - [MESSAGE][PASSED] - Delayed 2 second(s)

2018-11-12 14:25:07 - [TEST_STEP][PASSED] - Statement - setZoneId = <not implemented yet for class: org.codehaus.groovy.ast.expr.EmptyExpression>: null

2018-11-12 14:25:07 - [TEST_STEP][PASSED] - Statement - actions.addZone(setZoneId): Execute JavaScript 'document.querySelector('#zone-type').shadowRoot.querySelector('#content').shadowRoot.querySelector('#selector > div:nth-child(3)').click()' successfully

2018-11-12 14:25:08 - [MESSAGE][PASSED] - Object: 'Object Repository/F5140-Add Zone Functionalities/QA-US88570-Add Zone/US38196-Save a New Zone/Add Edit Zone/addNewZoneButton' is clicked on

2018-11-12 14:25:11 - [MESSAGE][PASSED] - Delayed 3 second(s)

2018-11-12 14:25:11 - [MESSAGE][PASSED] - Text 'KTACQ' is set on object 'Object Repository/F5140-Add Zone Functionalities/QA-US88570-Add Zone/US38196-Save a New Zone/Add Edit Zone/zoneID'

2018-11-12 14:25:11 - [MESSAGE][PASSED] - Text '2LZZWEJ' is set on object 'Object Repository/F5140-Add Zone Functionalities/QA-US88570-Add Zone/US38196-Save a New Zone/Add Edit Zone/zoneName'

2018-11-12 14:25:11 - [MESSAGE][PASSED] - Execute JavaScript 'document.querySelector('#zone-type').shadowRoot.querySelector('#trigger').click()' successfully

2018-11-12 14:25:11 - [MESSAGE][PASSED] - Execute JavaScript 'return document.querySelector('#zone-type').shadowRoot.querySelector('#content').shadowRoot.querySelectorAll('#selector > div').length' successfully

2018-11-12 14:25:11 - [MESSAGE][PASSED] - Execute JavaScript 'document.querySelector('#zone-type').shadowRoot.querySelector('#content').shadowRoot.querySelector('#selector > div:nth-child(3)').click()' successfully

2018-11-12 14:25:11 - [TEST_STEP][PASSED] - com.ge.tms.commonactions.RailroadActions.clickOnZoneSaveButton: com.ge.tms.commonactions.RailroadActions.clickOnZoneSaveButton is PASSED

2018-11-12 14:25:11 - [MESSAGE][PASSED] - Send request successfully

2018-11-12 14:25:11 - [MESSAGE][PASSED] - Send request successfully

2018-11-12 14:25:11 - [MESSAGE][PASSED] - Send request successfully

2018-11-12 14:25:11 - [MESSAGE][PASSED] - Send request successfully

2018-11-12 14:25:11 - [MESSAGE][PASSED] - Object: 'Object Repository/F5140-Add Zone Functionalities/QA-US88570-Add Zone/US38196-Save a New Zone/Add Edit Zone/zoneSaveButton' is clicked on

2018-11-12 14:25:14 - [MESSAGE][PASSED] - Delayed 3 second(s)

2018-11-12 14:25:14 - [MESSAGE][PASSED] - com.ge.tms.commonactions.RailroadActions.clickOnZoneSaveButton is PASSED

2018-11-12 14:25:14 - [TEST_STEP][PASSED] - com.ge.tms.commonactions.RailroadActions.clickOnZoneActionMenu: com.ge.tms.commonactions.RailroadActions.clickOnZoneActionMenu is PASSED

2018-11-12 14:25:14 - [MESSAGE][PASSED] - Send request successfully

2018-11-12 14:25:14 - [MESSAGE][PASSED] - Send request successfully

2018-11-12 14:25:14 - [MESSAGE][PASSED] - Send request successfully

2018-11-12 14:25:14 - [MESSAGE][PASSED] - Send request successfully

2018-11-12 14:25:14 - [MESSAGE][PASSED] - Execute JavaScript 'document.querySelector('#zone-actions-dropdown').shadowRoot.querySelector('#trigger').click()' successfully

2018-11-12 14:25:15 - [MESSAGE][PASSED] - Delayed 1 second(s)

2018-11-12 14:25:15 - [MESSAGE][PASSED] - com.ge.tms.commonactions.RailroadActions.clickOnZoneActionMenu is PASSED

2018-11-12 14:25:15 - [TEST_STEP][PASSED] - com.ge.tms.commonactions.RailroadActions.clickOnEditZoneButton: com.ge.tms.commonactions.RailroadActions.clickOnEditZoneButton is PASSED

2018-11-12 14:25:15 - [MESSAGE][PASSED] - Send request successfully

2018-11-12 14:25:15 - [MESSAGE][PASSED] - Send request successfully

2018-11-12 14:25:15 - [MESSAGE][PASSED] - Send request successfully

2018-11-12 14:25:15 - [MESSAGE][PASSED] - Send request successfully

2018-11-12 14:25:15 - [MESSAGE][PASSED] - Execute JavaScript 'document.querySelector('#zone-actions-dropdown').shadowRoot.querySelector('#content').shadowRoot.querySelector('#selector > div:nth-child(1)').click()' successfully

2018-11-12 14:25:16 - [MESSAGE][PASSED] - Delayed 1 second(s)

2018-11-12 14:25:16 - [MESSAGE][PASSED] - com.ge.tms.commonactions.RailroadActions.clickOnEditZoneButton is PASSED

2018-11-12 14:25:16 - [TEST_STEP][PASSED] - com.ge.tms.railroad.RailroadVerification.verifyZoneMandatoryFields: com.ge.tms.railroad.RailroadVerification.verifyZoneMandatoryFields is PASSED

2018-11-12 14:25:16 - [MESSAGE][PASSED] - Send request successfully

2018-11-12 14:25:16 - [MESSAGE][PASSED] - Send request successfully

2018-11-12 14:25:16 - [MESSAGE][PASSED] - Send request successfully

2018-11-12 14:25:16 - [MESSAGE][PASSED] - Send request successfully

2018-11-12 14:25:16 - [MESSAGE][PASSED] - Send request successfully

2018-11-12 14:25:16 - [MESSAGE][PASSED] - Send request successfully

2018-11-12 14:25:16 - [MESSAGE][PASSED] - Send request successfully

2018-11-12 14:25:16 - [MESSAGE][PASSED] - Send request successfully

2018-11-12 14:25:16 - [MESSAGE][PASSED] - Object 'Object Repository/F5140-Add Zone Functionalities/QA-US88570-Add Zone/US38196-Save a New Zone/Add Edit Zone/zoneID' has attribute 'disabled'

2018-11-12 14:25:16 - [MESSAGE][PASSED] - Object: 'Object Repository/F5140-Add Zone Functionalities/QA-US88570-Add Zone/US38196-Save a New Zone/Add Edit Zone/zoneName' is clicked on

2018-11-12 14:25:16 - [MESSAGE][PASSED] - Text of object 'Object Repository/F5140-Add Zone Functionalities/QA-US88570-Add Zone/US38196-Save a New Zone/Add Edit Zone/zoneName' is cleared

2018-11-12 14:25:16 - [MESSAGE][PASSED] - Keys ' ' sent to object: 'Object Repository/F5140-Add Zone Functionalities/QA-US88570-Add Zone/US38196-Save a New Zone/Add Edit Zone/zoneName'

2018-11-12 14:25:16 - [MESSAGE][PASSED] - Keys '	' sent to object: 'Object Repository/F5140-Add Zone Functionalities/QA-US88570-Add Zone/US38196-Save a New Zone/Add Edit Zone/zoneName'

2018-11-12 14:25:16 - [MESSAGE][PASSED] - Text of object 'Object Repository/F5140-Add Zone Functionalities/QA-US88570-Add Zone/US38196-Save a New Zone/Add Edit Zone/zoneNameErrorMessage' is: 'ZONE NAME CANNOT BE EMPTY'

2018-11-12 14:25:16 - [MESSAGE][PASSED] - Actual object 'ZONE NAME CANNOT BE EMPTY' and expected object 'ZONE NAME CANNOT BE EMPTY' are equal

2018-11-12 14:25:16 - [MESSAGE][PASSED] - Attribute 'class' of object 'Object Repository/F5140-Add Zone Functionalities/QA-US88570-Add Zone/US38196-Save a New Zone/Add Edit Zone/zoneSaveButton' is: 'btn btn--call-to-action btn--disabled u-ml'

2018-11-12 14:25:16 - [MESSAGE][PASSED] - Actual object 'true' and expected object 'true' are equal

2018-11-12 14:25:16 - [MESSAGE][PASSED] - Object: 'Object Repository/F5140-Add Zone Functionalities/QA-US88570-Add Zone/US38196-Save a New Zone/Add Edit Zone/zoneName' is clicked on

2018-11-12 14:25:16 - [MESSAGE][PASSED] - Keys 'A*@T&!' sent to object: 'Object Repository/F5140-Add Zone Functionalities/QA-US88570-Add Zone/US38196-Save a New Zone/Add Edit Zone/zoneName'

2018-11-12 14:25:17 - [MESSAGE][PASSED] - Text of object 'Object Repository/F5140-Add Zone Functionalities/QA-US88570-Add Zone/US38196-Save a New Zone/Add Edit Zone/zoneNameErrorMessage' is: 'ALPHANUMERIC ONLY'

2018-11-12 14:25:17 - [MESSAGE][PASSED] - Actual object 'ALPHANUMERIC ONLY' and expected object 'ALPHANUMERIC ONLY' are equal

2018-11-12 14:25:17 - [MESSAGE][PASSED] - Attribute 'class' of object 'Object Repository/F5140-Add Zone Functionalities/QA-US88570-Add Zone/US38196-Save a New Zone/Add Edit Zone/zoneSaveButton' is: 'btn btn--call-to-action btn--disabled u-ml'

2018-11-12 14:25:17 - [MESSAGE][PASSED] - Actual object 'true' and expected object 'true' are equal

2018-11-12 14:25:17 - [MESSAGE][PASSED] - Execute JavaScript 'document.querySelector('#zone-type').shadowRoot.querySelector('#trigger').click()' successfully

2018-11-12 14:25:17 - [MESSAGE][PASSED] - Execute JavaScript 'return document.querySelector('#zone-type').shadowRoot.querySelector('#content').shadowRoot.querySelectorAll('#selector > div').length' successfully

2018-11-12 14:25:17 - [MESSAGE][PASSED] - Execute JavaScript 'document.querySelector('#zone-type').shadowRoot.querySelector('#content').shadowRoot.querySelector('#selector > div:nth-child(2)').click()' successfully

2018-11-12 14:25:17 - [MESSAGE][PASSED] - Execute JavaScript 'document.querySelector('#zone-type').shadowRoot.querySelector('#trigger').click()' successfully

2018-11-12 14:25:17 - [MESSAGE][PASSED] - Execute JavaScript 'document.querySelector('#zone-type').shadowRoot.querySelector('#trigger').shadowRoot.querySelector('px-icon').click()' successfully

2018-11-12 14:25:17 - [MESSAGE][PASSED] - Text of object 'Object Repository/F5140-Add Zone Functionalities/QA-US88570-Add Zone/US38196-Save a New Zone/Add Edit Zone/zoneTypeDeselectErrorMessage' is: 'ZONE TYPE CANNOT BE EMPTY'

2018-11-12 14:25:17 - [MESSAGE][PASSED] - Actual object 'ZONE TYPE CANNOT BE EMPTY' and expected object 'ZONE TYPE CANNOT BE EMPTY' are equal

2018-11-12 14:25:17 - [MESSAGE][PASSED] - Attribute 'class' of object 'Object Repository/F5140-Add Zone Functionalities/QA-US88570-Add Zone/US38196-Save a New Zone/Add Edit Zone/zoneSaveButton' is: 'btn btn--call-to-action btn--disabled u-ml'

2018-11-12 14:25:17 - [MESSAGE][PASSED] - Actual object 'true' and expected object 'true' are equal

2018-11-12 14:25:17 - [MESSAGE][PASSED] - com.ge.tms.railroad.RailroadVerification.verifyZoneMandatoryFields is PASSED

2018-11-12 14:25:17 - [TEST_STEP][PASSED] - Statement - actions.clickOnZoneCancelButton(): Delayed 1 second(s)

2018-11-12 14:25:17 - [MESSAGE][PASSED] - Object: 'Object Repository/F5140-Add Zone Functionalities/QA-US88570-Add Zone/US38196-Save a New Zone/Add Edit Zone/zoneCancelButton' is clicked on

2018-11-12 14:25:18 - [MESSAGE][PASSED] - Delayed 1 second(s)

2018-11-12 14:25:18 - [TEST_STEP][PASSED] - com.ge.tms.commonactions.RailroadActions.clickOnZoneActionMenu: com.ge.tms.commonactions.RailroadActions.clickOnZoneActionMenu is PASSED

2018-11-12 14:25:18 - [MESSAGE][PASSED] - Send request successfully

2018-11-12 14:25:18 - [MESSAGE][PASSED] - Send request successfully

2018-11-12 14:25:18 - [MESSAGE][PASSED] - Send request successfully

2018-11-12 14:25:18 - [MESSAGE][PASSED] - Send request successfully

2018-11-12 14:25:18 - [MESSAGE][PASSED] - Execute JavaScript 'document.querySelector('#zone-actions-dropdown').shadowRoot.querySelector('#trigger').click()' successfully

2018-11-12 14:25:19 - [MESSAGE][PASSED] - Delayed 1 second(s)

2018-11-12 14:25:19 - [MESSAGE][PASSED] - com.ge.tms.commonactions.RailroadActions.clickOnZoneActionMenu is PASSED

2018-11-12 14:25:19 - [TEST_STEP][PASSED] - com.ge.tms.commonactions.RailroadActions.clickOnDeleteAction: com.ge.tms.commonactions.RailroadActions.clickOnDeleteAction is PASSED

2018-11-12 14:25:19 - [MESSAGE][PASSED] - Send request successfully

2018-11-12 14:25:19 - [MESSAGE][PASSED] - Send request successfully

2018-11-12 14:25:19 - [MESSAGE][PASSED] - Send request successfully

2018-11-12 14:25:19 - [MESSAGE][PASSED] - Send request successfully

2018-11-12 14:25:19 - [MESSAGE][PASSED] - Execute JavaScript 'document.querySelector('#zone-actions-dropdown').shadowRoot.querySelector('#content').shadowRoot.querySelector('#selector > div:nth-child(2)').click()' successfully

2018-11-12 14:25:19 - [MESSAGE][PASSED] - com.ge.tms.commonactions.RailroadActions.clickOnDeleteAction is PASSED

2018-11-12 14:25:19 - [TEST_STEP][PASSED] - delay: Delayed 1 second(s)

2018-11-12 14:25:20 - [MESSAGE][PASSED] - Delayed 1 second(s)

2018-11-12 14:25:20 - [TEST_STEP][PASSED] - Statement - deleteYesButtonObj = com.kms.katalon.core.testobject.ObjectRepository.findTestObject(Object Repository/F5140-Add Zone Functionalities/QA-US88570-Add Zone/US38196-Save a New Zone/Delete Zone/deleteYesButton): Finding Test Object with id 'Object Repository/F5140-Add Zone Functionalities/QA-US88570-Add Zone/US38196-Save a New Zone/Delete Zone/deleteYesButton'

2018-11-12 14:25:20 - [TEST_STEP][PASSED] - com.ge.tms.commonactions.RailroadActions.clickOnTestObject: com.ge.tms.commonactions.RailroadActions.clickOnTestObject is PASSED

2018-11-12 14:25:20 - [MESSAGE][PASSED] - Send request successfully

2018-11-12 14:25:20 - [MESSAGE][PASSED] - Send request successfully

2018-11-12 14:25:20 - [MESSAGE][PASSED] - Send request successfully

2018-11-12 14:25:20 - [MESSAGE][PASSED] - Send request successfully

2018-11-12 14:25:20 - [MESSAGE][PASSED] - Object: 'Object Repository/F5140-Add Zone Functionalities/QA-US88570-Add Zone/US38196-Save a New Zone/Delete Zone/deleteYesButton' is clicked on

2018-11-12 14:25:20 - [MESSAGE][PASSED] - com.ge.tms.commonactions.RailroadActions.clickOnTestObject is PASSED

2018-11-12 14:25:20 - [TEST_STEP][PASSED] - delay: Delayed 1 second(s)

2018-11-12 14:25:21 - [MESSAGE][PASSED] - Delayed 1 second(s)

2018-11-12 14:25:21 - [TEST_STEP][PASSED] - com.ge.tms.commonactions.RailroadActions.clickOnStationActionMenu: com.ge.tms.commonactions.RailroadActions.clickOnStationActionMenu is PASSED

2018-11-12 14:25:21 - [MESSAGE][PASSED] - Send request successfully

2018-11-12 14:25:21 - [MESSAGE][PASSED] - Send request successfully

2018-11-12 14:25:21 - [MESSAGE][PASSED] - Send request successfully

2018-11-12 14:25:21 - [MESSAGE][PASSED] - Send request successfully

2018-11-12 14:25:21 - [MESSAGE][PASSED] - Execute JavaScript 'document.querySelector('#station-actions-dropdown').shadowRoot.querySelector('#trigger').click()' successfully

2018-11-12 14:25:22 - [MESSAGE][PASSED] - Delayed 1 second(s)

2018-11-12 14:25:22 - [MESSAGE][PASSED] - com.ge.tms.commonactions.RailroadActions.clickOnStationActionMenu is PASSED

2018-11-12 14:25:22 - [TEST_STEP][PASSED] - com.ge.tms.commonactions.RailroadActions.clickOnDeleteStationButton: com.ge.tms.commonactions.RailroadActions.clickOnDeleteStationButton is PASSED

2018-11-12 14:25:22 - [MESSAGE][PASSED] - Send request successfully

2018-11-12 14:25:22 - [MESSAGE][PASSED] - Send request successfully

2018-11-12 14:25:22 - [MESSAGE][PASSED] - Send request successfully

2018-11-12 14:25:22 - [MESSAGE][PASSED] - Send request successfully

2018-11-12 14:25:22 - [MESSAGE][PASSED] - Execute JavaScript 'document.querySelector('#station-actions-dropdown').shadowRoot.querySelector('#content').shadowRoot.querySelector('#selector > div:nth-child(2)').click()' successfully

2018-11-12 14:25:22 - [MESSAGE][PASSED] - com.ge.tms.commonactions.RailroadActions.clickOnDeleteStationButton is PASSED

2018-11-12 14:25:22 - [TEST_STEP][PASSED] - Statement - deleteYesButtonObj = com.kms.katalon.core.testobject.ObjectRepository.findTestObject(Object Repository/F11822-Configure and Manage Stations/deleteConfirmationYesButton): Finding Test Object with id 'Object Repository/F11822-Configure and Manage Stations/deleteConfirmationYesButton'

2018-11-12 14:25:22 - [TEST_STEP][PASSED] - com.ge.tms.commonactions.RailroadActions.clickOnTestObject: com.ge.tms.commonactions.RailroadActions.clickOnTestObject is PASSED

2018-11-12 14:25:22 - [MESSAGE][PASSED] - Send request successfully

2018-11-12 14:25:22 - [MESSAGE][PASSED] - Send request successfully

2018-11-12 14:25:22 - [MESSAGE][PASSED] - Send request successfully

2018-11-12 14:25:22 - [MESSAGE][PASSED] - Send request successfully

2018-11-12 14:25:22 - [MESSAGE][PASSED] - Object: 'Object Repository/F11822-Configure and Manage Stations/deleteConfirmationYesButton' is clicked on

2018-11-12 14:25:22 - [MESSAGE][PASSED] - com.ge.tms.commonactions.RailroadActions.clickOnTestObject is PASSED

2018-11-12 14:25:22 - [TEST_STEP][PASSED] - delay: Delayed 1 second(s)

2018-11-12 14:25:23 - [MESSAGE][PASSED] - Delayed 1 second(s)

2018-11-12 14:25:23 - [TEST_STEP][PASSED] - com.ge.tms.railroad.RailroadVerification.verifyDeletedItemNotPresentInSearchView: com.ge.tms.railroad.RailroadVerification.verifyDeletedItemNotPresentInSearchView is PASSED

2018-11-12 14:25:23 - [MESSAGE][PASSED] - Send request successfully

2018-11-12 14:25:23 - [MESSAGE][PASSED] - Send request successfully

2018-11-12 14:25:23 - [MESSAGE][PASSED] - Send request successfully

2018-11-12 14:25:23 - [MESSAGE][PASSED] - Send request successfully

2018-11-12 14:25:23 - [MESSAGE][PASSED] - Send request successfully

2018-11-12 14:25:23 - [MESSAGE][PASSED] - Send request successfully

2018-11-12 14:25:23 - [MESSAGE][PASSED] - Send request successfully

2018-11-12 14:25:23 - [MESSAGE][PASSED] - Send request successfully

2018-11-12 14:25:23 - [MESSAGE][PASSED] - Text '69HQLNA' is set on object 'Object Repository/CommonObjects/searchTextBoxLeftNav'

2018-11-12 14:25:25 - [MESSAGE][PASSED] - Delayed 2 second(s)

2018-11-12 14:25:25 - [MESSAGE][PASSED] - Text of object 'Object Repository/CommonObjects/noSearchResultMessageLeftNav' is: 'No stations or zones found.'

2018-11-12 14:25:25 - [MESSAGE][PASSED] - Actual object 'No stations or zones found.' and expected object 'No stations or zones found.' are equal

2018-11-12 14:25:25 - [MESSAGE][PASSED] - com.ge.tms.railroad.RailroadVerification.verifyDeletedItemNotPresentInSearchView is PASSED

2018-11-12 14:25:25 - [TEST_STEP][PASSED] - Start listener action : closeBrowserForTestCasse: Navigate to 'http://localhost:8080/home' successfully

2018-11-12 14:25:25 - [TEST_STEP][PASSED] - Statement - If (isTestSuitEnable == true): null

2018-11-12 14:25:25 - [TEST_STEP][PASSED] - Statement - beforeTestCaseExecute(): null

2018-11-12 14:25:25 - [TEST_STEP][PASSED] - Statement - If (isTestSuitEnable == true): Navigate to 'http://localhost:8080/home' successfully

2018-11-12 14:25:25 - [TEST_STEP][PASSED] - navigateToUrl: Navigate to 'http://localhost:8080/home' successfully

2018-11-12 14:25:26 - [MESSAGE][PASSED] - Navigate to 'http://localhost:8080/home' successfully

2018-11-12 14:25:26 - [TEST_STEP][PASSED] - Start listener action : afterTestCase: Invoke 'com.kms.katalon.core.annotation.AfterTestCase' method: 'TmsTestListner.afterTestCase(...)' completed.

2018-11-12 14:25:26 - [TEST_STEP][PASSED] - Statement - If (java.lang.System.getProperties().containsKey("updateRally")): Invoke 'com.kms.katalon.core.annotation.AfterTestCase' method: 'TmsTestListner.afterTestCase(...)' completed.]]></system-out>
         <system-err><![CDATA[]]></system-err>
      </testcase>
      <testcase name="Test Cases/Railroad/F5525 - Edit Zone functionalities/QA-US88423-Edit Zone/US38376- Edit Selected Zone/TC64396 - Successfully Edit a Zone" classname="Test Cases/Railroad/F5525 - Edit Zone functionalities/QA-US88423-Edit Zone/US38376- Edit Selected Zone/TC64396 - Successfully Edit a Zone" status="PASSED">
         <system-out><![CDATA[2018-11-12 14:25:26 - [TEST_CASE][PASSED] - Test Cases/Railroad/F5525 - Edit Zone functionalities/QA-US88423-Edit Zone/US38376- Edit Selected Zone/TC64396 - Successfully Edit a Zone: Test Cases/Railroad/F5525 - Edit Zone functionalities/QA-US88423-Edit Zone/US38376- Edit Selected Zone/TC64396 - Successfully Edit a Zone

2018-11-12 14:25:26 - [TEST_STEP][PASSED] - Start listener action : beforeTestCaseExecute: Navigate to 'http://localhost:8080/home' successfully

2018-11-12 14:25:26 - [TEST_STEP][PASSED] - Statement - If (isTestSuitEnable == true): Navigate to 'http://localhost:8080/home' successfully

2018-11-12 14:25:26 - [TEST_STEP][PASSED] - navigateToUrl: Navigate to 'http://localhost:8080/home' successfully

2018-11-12 14:25:27 - [MESSAGE][PASSED] - Navigate to 'http://localhost:8080/home' successfully

2018-11-12 14:25:27 - [TEST_STEP][PASSED] - Statement - util = new com.ge.tms.util.CommonUtilities(): Send request successfully

2018-11-12 14:25:27 - [MESSAGE][PASSED] - Send request successfully

2018-11-12 14:25:27 - [MESSAGE][PASSED] - Send request successfully

2018-11-12 14:25:27 - [MESSAGE][PASSED] - Send request successfully

2018-11-12 14:25:27 - [MESSAGE][PASSED] - Send request successfully

2018-11-12 14:25:27 - [TEST_STEP][PASSED] - Statement - actions = new com.ge.tms.commonactions.RailroadActions(): Send request successfully

2018-11-12 14:25:27 - [MESSAGE][PASSED] - Send request successfully

2018-11-12 14:25:27 - [MESSAGE][PASSED] - Send request successfully

2018-11-12 14:25:27 - [MESSAGE][PASSED] - Send request successfully

2018-11-12 14:25:27 - [MESSAGE][PASSED] - Send request successfully

2018-11-12 14:25:27 - [TEST_STEP][PASSED] - com.ge.tms.commonactions.CommonClickEvents.clickOnRailroadSetup: com.ge.tms.commonactions.CommonClickEvents.clickOnRailroadSetup is PASSED

2018-11-12 14:25:27 - [MESSAGE][PASSED] - Execute JavaScript 'document.querySelector('px-app-nav').shadowRoot.querySelector('#items > px-app-nav-group:nth-child(13) > px-app-nav-subitem:nth-child(1)').click()' successfully

2018-11-12 14:25:29 - [MESSAGE][PASSED] - Delayed 2 second(s)

2018-11-12 14:25:29 - [MESSAGE][PASSED] - com.ge.tms.commonactions.CommonClickEvents.clickOnRailroadSetup is PASSED

2018-11-12 14:25:29 - [TEST_STEP][PASSED] - com.ge.tms.commonactions.RailroadActions.clickOnSelectRailroadDropdown: com.ge.tms.commonactions.RailroadActions.clickOnSelectRailroadDropdown is PASSED

2018-11-12 14:25:29 - [MESSAGE][PASSED] - Send request successfully

2018-11-12 14:25:29 - [MESSAGE][PASSED] - Send request successfully

2018-11-12 14:25:29 - [MESSAGE][PASSED] - Send request successfully

2018-11-12 14:25:29 - [MESSAGE][PASSED] - Send request successfully

2018-11-12 14:25:29 - [MESSAGE][PASSED] - Execute JavaScript 'document.querySelector('#railroads-select-dropdown').shadowRoot.querySelector('#trigger').click()' successfully

2018-11-12 14:25:32 - [MESSAGE][PASSED] - Delayed 3 second(s)

2018-11-12 14:25:32 - [MESSAGE][PASSED] - com.ge.tms.commonactions.RailroadActions.clickOnSelectRailroadDropdown is PASSED

2018-11-12 14:25:32 - [TEST_STEP][PASSED] - com.ge.tms.commonactions.RailroadActions.selectRandomRailRoad: com.ge.tms.commonactions.RailroadActions.selectRandomRailRoad is PASSED

2018-11-12 14:25:32 - [MESSAGE][PASSED] - Send request successfully

2018-11-12 14:25:32 - [MESSAGE][PASSED] - Send request successfully

2018-11-12 14:25:33 - [MESSAGE][PASSED] - Send request successfully

2018-11-12 14:25:33 - [MESSAGE][PASSED] - Send request successfully

2018-11-12 14:25:33 - [MESSAGE][PASSED] - Execute JavaScript 'let railRoadList=[]; document.querySelector('#railroads-select-dropdown').shadowRoot.querySelector('#content').shadowRoot.querySelectorAll('#selector > div.dropdown-option').forEach(node => { railRoadList.push(node.getAttribute('title')) }); return railRoadList' successfully

2018-11-12 14:25:33 - [MESSAGE][PASSED] - Execute JavaScript 'return document.querySelector('#railroads-select-dropdown').shadowRoot.querySelector('#content').shadowRoot.querySelector('#selector > div:nth-child(2) span').innerHTML' successfully

2018-11-12 14:25:33 - [MESSAGE][PASSED] - Execute JavaScript 'return document.querySelector('#railroads-select-dropdown').shadowRoot.querySelector('#content').shadowRoot.querySelector('#selector > div:nth-child(2) span').click()' successfully

2018-11-12 14:25:33 - [MESSAGE][PASSED] - com.ge.tms.commonactions.RailroadActions.selectRandomRailRoad is PASSED

2018-11-12 14:25:33 - [TEST_STEP][PASSED] - delay: Delayed 2 second(s)

2018-11-12 14:25:35 - [MESSAGE][PASSED] - Delayed 2 second(s)

2018-11-12 14:25:35 - [TEST_STEP][PASSED] - Statement - setStationId = <not implemented yet for class: org.codehaus.groovy.ast.expr.EmptyExpression>: null

2018-11-12 14:25:35 - [TEST_STEP][PASSED] - Statement - actions.addStationMandatotyFields(setStationId): Delayed 3 second(s)

2018-11-12 14:25:35 - [MESSAGE][PASSED] - Object: 'Object Repository/F11822-Configure and Manage Stations/Add_New_Station_Button' is clicked on

2018-11-12 14:25:35 - [MESSAGE][PASSED] - Text 'V5TY7VP' is set on object 'Object Repository/F11822-Configure and Manage Stations/station_id'

2018-11-12 14:25:35 - [MESSAGE][PASSED] - Text 'J770HMD' is set on object 'Object Repository/F11822-Configure and Manage Stations/station_name'

2018-11-12 14:25:35 - [MESSAGE][PASSED] - Execute JavaScript 'document.querySelector('#splc').shadowRoot.querySelector('#trigger').shadowRoot.querySelector('#trigger').click()' successfully

2018-11-12 14:25:35 - [MESSAGE][PASSED] - Execute JavaScript 'return document.querySelector('#splc').shadowRoot.querySelector('px-overlay-content > #content').shadowRoot.querySelectorAll('#dropdown > div > #selector > div').length' successfully

2018-11-12 14:25:35 - [MESSAGE][PASSED] - Execute JavaScript 'document.querySelector('#splc').shadowRoot.querySelector('px-overlay-content > #content').shadowRoot.querySelector('#dropdown > div > #selector > div:nth-child(2)').click()' successfully

2018-11-12 14:25:35 - [MESSAGE][PASSED] - Execute JavaScript 'return document.querySelector('#fsac').shadowRoot.querySelector('px-overlay-content > #content').shadowRoot.querySelectorAll('#dropdown > div > #selector > div').length' successfully

2018-11-12 14:25:36 - [MESSAGE][PASSED] - Execute JavaScript 'document.querySelector('#fsac').shadowRoot.querySelector('px-overlay-content > #content').shadowRoot.querySelector('#dropdown > div > #selector > div:nth-child(2)').click()' successfully

2018-11-12 14:25:36 - [MESSAGE][PASSED] - Execute JavaScript 'return document.querySelector('#station-timezone-qualifier').shadowRoot.querySelector('px-overlay-content > #content').shadowRoot.querySelectorAll('#dropdown > div > #selector > div').length' successfully

2018-11-12 14:25:36 - [MESSAGE][PASSED] - Execute JavaScript 'document.querySelector('#station-timezone-qualifier').shadowRoot.querySelector('px-overlay-content > #content').shadowRoot.querySelector('#dropdown > div > #selector > div:nth-child(6)').click()' successfully

2018-11-12 14:25:36 - [MESSAGE][PASSED] - Execute JavaScript 'return document.querySelector('#country').shadowRoot.querySelector('px-overlay-content > #content').shadowRoot.querySelectorAll('#dropdown > div > #selector > div').length' successfully

2018-11-12 14:25:36 - [MESSAGE][PASSED] - Execute JavaScript 'document.querySelector('#country').shadowRoot.querySelector('px-overlay-content > #content').shadowRoot.querySelector('#dropdown > div > #selector > div:nth-child(2)').click()' successfully

2018-11-12 14:25:36 - [MESSAGE][PASSED] - Execute JavaScript 'return document.querySelector('#state').shadowRoot.querySelector('px-overlay-content > #content').shadowRoot.querySelectorAll('#dropdown > div > #selector > div').length' successfully

2018-11-12 14:25:36 - [MESSAGE][PASSED] - Execute JavaScript 'document.querySelector('#state').shadowRoot.querySelector('px-overlay-content > #content').shadowRoot.querySelector('#dropdown > div > #selector > div:nth-child(1)').click()' successfully

2018-11-12 14:25:36 - [MESSAGE][PASSED] - Object: 'Object Repository/F11822-Configure and Manage Stations/station_save_button' is clicked on

2018-11-12 14:25:39 - [MESSAGE][PASSED] - Delayed 3 second(s)

2018-11-12 14:25:39 - [TEST_STEP][PASSED] - delay: Delayed 2 second(s)

2018-11-12 14:25:41 - [MESSAGE][PASSED] - Delayed 2 second(s)

2018-11-12 14:25:41 - [TEST_STEP][PASSED] - Statement - setZoneId = <not implemented yet for class: org.codehaus.groovy.ast.expr.EmptyExpression>: null

2018-11-12 14:25:41 - [TEST_STEP][PASSED] - Statement - actions.addZone(setZoneId): Execute JavaScript 'document.querySelector('#zone-type').shadowRoot.querySelector('#content').shadowRoot.querySelector('#selector > div:nth-child(2)').click()' successfully

2018-11-12 14:25:41 - [MESSAGE][PASSED] - Object: 'Object Repository/F5140-Add Zone Functionalities/QA-US88570-Add Zone/US38196-Save a New Zone/Add Edit Zone/addNewZoneButton' is clicked on

2018-11-12 14:25:44 - [MESSAGE][PASSED] - Delayed 3 second(s)

2018-11-12 14:25:44 - [MESSAGE][PASSED] - Text '6P3RE' is set on object 'Object Repository/F5140-Add Zone Functionalities/QA-US88570-Add Zone/US38196-Save a New Zone/Add Edit Zone/zoneID'

2018-11-12 14:25:44 - [MESSAGE][PASSED] - Text 'GAWCMZ0' is set on object 'Object Repository/F5140-Add Zone Functionalities/QA-US88570-Add Zone/US38196-Save a New Zone/Add Edit Zone/zoneName'

2018-11-12 14:25:44 - [MESSAGE][PASSED] - Execute JavaScript 'document.querySelector('#zone-type').shadowRoot.querySelector('#trigger').click()' successfully

2018-11-12 14:25:44 - [MESSAGE][PASSED] - Execute JavaScript 'return document.querySelector('#zone-type').shadowRoot.querySelector('#content').shadowRoot.querySelectorAll('#selector > div').length' successfully

2018-11-12 14:25:44 - [MESSAGE][PASSED] - Execute JavaScript 'document.querySelector('#zone-type').shadowRoot.querySelector('#content').shadowRoot.querySelector('#selector > div:nth-child(2)').click()' successfully

2018-11-12 14:25:44 - [TEST_STEP][PASSED] - com.ge.tms.commonactions.RailroadActions.clickOnZoneSaveButton: com.ge.tms.commonactions.RailroadActions.clickOnZoneSaveButton is PASSED

2018-11-12 14:25:44 - [MESSAGE][PASSED] - Send request successfully

2018-11-12 14:25:44 - [MESSAGE][PASSED] - Send request successfully

2018-11-12 14:25:44 - [MESSAGE][PASSED] - Send request successfully

2018-11-12 14:25:44 - [MESSAGE][PASSED] - Send request successfully

2018-11-12 14:25:44 - [MESSAGE][PASSED] - Object: 'Object Repository/F5140-Add Zone Functionalities/QA-US88570-Add Zone/US38196-Save a New Zone/Add Edit Zone/zoneSaveButton' is clicked on

2018-11-12 14:25:47 - [MESSAGE][PASSED] - Delayed 3 second(s)

2018-11-12 14:25:47 - [MESSAGE][PASSED] - com.ge.tms.commonactions.RailroadActions.clickOnZoneSaveButton is PASSED

2018-11-12 14:25:47 - [TEST_STEP][PASSED] - com.ge.tms.railroad.RailroadVerification.verifyNewZoneCreatedSuccessfully: com.ge.tms.railroad.RailroadVerification.verifyNewZoneCreatedSuccessfully is PASSED

2018-11-12 14:25:47 - [MESSAGE][PASSED] - Send request successfully

2018-11-12 14:25:47 - [MESSAGE][PASSED] - Send request successfully

2018-11-12 14:25:47 - [MESSAGE][PASSED] - Send request successfully

2018-11-12 14:25:47 - [MESSAGE][PASSED] - Send request successfully

2018-11-12 14:25:47 - [MESSAGE][PASSED] - Send request successfully

2018-11-12 14:25:47 - [MESSAGE][PASSED] - Send request successfully

2018-11-12 14:25:47 - [MESSAGE][PASSED] - Send request successfully

2018-11-12 14:25:47 - [MESSAGE][PASSED] - Send request successfully

2018-11-12 14:25:47 - [MESSAGE][PASSED] - Text of object 'Object Repository/F5140-Add Zone Functionalities/QA-US88570-Add Zone/US38196-Save a New Zone/Add Edit Zone/viewZoneId' is: '6P3RE'

2018-11-12 14:25:47 - [MESSAGE][PASSED] - Actual object '6P3RE' and expected object '6P3RE' are equal

2018-11-12 14:25:48 - [MESSAGE][PASSED] - Text of object 'Object Repository/F5140-Add Zone Functionalities/QA-US88570-Add Zone/US38196-Save a New Zone/Add Edit Zone/ViewZoneName' is: 'GAWCMZ0'

2018-11-12 14:25:48 - [MESSAGE][PASSED] - Actual object 'GAWCMZ0' and expected object 'GAWCMZ0' are equal

2018-11-12 14:25:48 - [MESSAGE][PASSED] - com.ge.tms.railroad.RailroadVerification.verifyNewZoneCreatedSuccessfully is PASSED

2018-11-12 14:25:48 - [TEST_STEP][PASSED] - com.ge.tms.commonactions.RailroadActions.clickOnZoneActionMenu: com.ge.tms.commonactions.RailroadActions.clickOnZoneActionMenu is PASSED

2018-11-12 14:25:48 - [MESSAGE][PASSED] - Send request successfully

2018-11-12 14:25:48 - [MESSAGE][PASSED] - Send request successfully

2018-11-12 14:25:48 - [MESSAGE][PASSED] - Send request successfully

2018-11-12 14:25:48 - [MESSAGE][PASSED] - Send request successfully

2018-11-12 14:25:48 - [MESSAGE][PASSED] - Execute JavaScript 'document.querySelector('#zone-actions-dropdown').shadowRoot.querySelector('#trigger').click()' successfully

2018-11-12 14:25:49 - [MESSAGE][PASSED] - Delayed 1 second(s)

2018-11-12 14:25:49 - [MESSAGE][PASSED] - com.ge.tms.commonactions.RailroadActions.clickOnZoneActionMenu is PASSED

2018-11-12 14:25:49 - [TEST_STEP][PASSED] - com.ge.tms.commonactions.RailroadActions.clickOnEditZoneButton: com.ge.tms.commonactions.RailroadActions.clickOnEditZoneButton is PASSED

2018-11-12 14:25:49 - [MESSAGE][PASSED] - Send request successfully

2018-11-12 14:25:49 - [MESSAGE][PASSED] - Send request successfully

2018-11-12 14:25:49 - [MESSAGE][PASSED] - Send request successfully

2018-11-12 14:25:49 - [MESSAGE][PASSED] - Send request successfully

2018-11-12 14:25:49 - [MESSAGE][PASSED] - Execute JavaScript 'document.querySelector('#zone-actions-dropdown').shadowRoot.querySelector('#content').shadowRoot.querySelector('#selector > div:nth-child(1)').click()' successfully

2018-11-12 14:25:50 - [MESSAGE][PASSED] - Delayed 1 second(s)

2018-11-12 14:25:50 - [MESSAGE][PASSED] - com.ge.tms.commonactions.RailroadActions.clickOnEditZoneButton is PASSED

2018-11-12 14:25:50 - [TEST_STEP][PASSED] - Statement - actions.editZone(): Delayed 3 second(s)

2018-11-12 14:25:50 - [MESSAGE][PASSED] - Object: 'Object Repository/F5140-Add Zone Functionalities/QA-US88570-Add Zone/US38196-Save a New Zone/Add Edit Zone/zoneName' is clicked on

2018-11-12 14:25:50 - [MESSAGE][PASSED] - Text of object 'Object Repository/F5140-Add Zone Functionalities/QA-US88570-Add Zone/US38196-Save a New Zone/Add Edit Zone/zoneName' is cleared

2018-11-12 14:25:51 - [MESSAGE][PASSED] - Delayed 1 second(s)

2018-11-12 14:25:51 - [MESSAGE][PASSED] - Text '5NRHT' is set on object 'Object Repository/F5140-Add Zone Functionalities/QA-US88570-Add Zone/US38196-Save a New Zone/Add Edit Zone/zoneName'

2018-11-12 14:25:51 - [MESSAGE][PASSED] - Execute JavaScript 'return document.querySelector('#zone-type').shadowRoot.querySelector('#content').shadowRoot.querySelectorAll('#selector > div').length' successfully

2018-11-12 14:25:51 - [MESSAGE][PASSED] - Execute JavaScript 'document.querySelector('#zone-type').shadowRoot.querySelector('#content').shadowRoot.querySelector('#selector > div:nth-child(3)').click()' successfully

2018-11-12 14:25:51 - [MESSAGE][PASSED] - Execute JavaScript 'return document.querySelector('#zone-type').shadowRoot.querySelector('#trigger').shadowRoot.querySelector('#label').innerHTML' successfully

2018-11-12 14:25:51 - [MESSAGE][PASSED] - Object: 'Object Repository/F5140-Add Zone Functionalities/QA-US88570-Add Zone/US38196-Save a New Zone/Add Edit Zone/zoneSaveButton' is clicked on

2018-11-12 14:25:54 - [MESSAGE][PASSED] - Delayed 3 second(s)

2018-11-12 14:25:54 - [TEST_STEP][PASSED] - com.ge.tms.railroad.RailroadVerification.verifyEditedZone: com.ge.tms.railroad.RailroadVerification.verifyEditedZone is PASSED

2018-11-12 14:25:54 - [MESSAGE][PASSED] - Send request successfully

2018-11-12 14:25:54 - [MESSAGE][PASSED] - Send request successfully

2018-11-12 14:25:54 - [MESSAGE][PASSED] - Send request successfully

2018-11-12 14:25:54 - [MESSAGE][PASSED] - Send request successfully

2018-11-12 14:25:54 - [MESSAGE][PASSED] - Send request successfully

2018-11-12 14:25:54 - [MESSAGE][PASSED] - Send request successfully

2018-11-12 14:25:54 - [MESSAGE][PASSED] - Send request successfully

2018-11-12 14:25:54 - [MESSAGE][PASSED] - Send request successfully

2018-11-12 14:25:54 - [MESSAGE][PASSED] - Text of object 'Object Repository/F5140-Add Zone Functionalities/QA-US88570-Add Zone/US38196-Save a New Zone/Add Edit Zone/ViewZoneName' is: '5NRHT'

2018-11-12 14:25:54 - [MESSAGE][PASSED] - Actual object '5NRHT' and expected object '5NRHT' are equal

2018-11-12 14:25:54 - [MESSAGE][PASSED] - Text of object 'Object Repository/F5140-Add Zone Functionalities/QA-US88570-Add Zone/US38196-Save a New Zone/Add Edit Zone/ViewZoneTypeLabel' is: 'S'

2018-11-12 14:25:54 - [MESSAGE][PASSED] - Actual object 'S' and expected object 'S' are equal

2018-11-12 14:25:54 - [MESSAGE][PASSED] - com.ge.tms.railroad.RailroadVerification.verifyEditedZone is PASSED

2018-11-12 14:25:54 - [TEST_STEP][PASSED] - com.ge.tms.commonactions.RailroadActions.clickOnZoneActionMenu: com.ge.tms.commonactions.RailroadActions.clickOnZoneActionMenu is PASSED

2018-11-12 14:25:54 - [MESSAGE][PASSED] - Send request successfully

2018-11-12 14:25:54 - [MESSAGE][PASSED] - Send request successfully

2018-11-12 14:25:54 - [MESSAGE][PASSED] - Send request successfully

2018-11-12 14:25:54 - [MESSAGE][PASSED] - Send request successfully

2018-11-12 14:25:54 - [MESSAGE][PASSED] - Execute JavaScript 'document.querySelector('#zone-actions-dropdown').shadowRoot.querySelector('#trigger').click()' successfully

2018-11-12 14:25:55 - [MESSAGE][PASSED] - Delayed 1 second(s)

2018-11-12 14:25:55 - [MESSAGE][PASSED] - com.ge.tms.commonactions.RailroadActions.clickOnZoneActionMenu is PASSED

2018-11-12 14:25:55 - [TEST_STEP][PASSED] - com.ge.tms.commonactions.RailroadActions.clickOnDeleteAction: com.ge.tms.commonactions.RailroadActions.clickOnDeleteAction is PASSED

2018-11-12 14:25:55 - [MESSAGE][PASSED] - Send request successfully

2018-11-12 14:25:55 - [MESSAGE][PASSED] - Send request successfully

2018-11-12 14:25:55 - [MESSAGE][PASSED] - Send request successfully

2018-11-12 14:25:55 - [MESSAGE][PASSED] - Send request successfully

2018-11-12 14:25:55 - [MESSAGE][PASSED] - Execute JavaScript 'document.querySelector('#zone-actions-dropdown').shadowRoot.querySelector('#content').shadowRoot.querySelector('#selector > div:nth-child(2)').click()' successfully

2018-11-12 14:25:55 - [MESSAGE][PASSED] - com.ge.tms.commonactions.RailroadActions.clickOnDeleteAction is PASSED

2018-11-12 14:25:55 - [TEST_STEP][PASSED] - delay: Delayed 1 second(s)

2018-11-12 14:25:56 - [MESSAGE][PASSED] - Delayed 1 second(s)

2018-11-12 14:25:56 - [TEST_STEP][PASSED] - Statement - deleteYesButtonObj = com.kms.katalon.core.testobject.ObjectRepository.findTestObject(Object Repository/F5140-Add Zone Functionalities/QA-US88570-Add Zone/US38196-Save a New Zone/Delete Zone/deleteYesButton): Finding Test Object with id 'Object Repository/F5140-Add Zone Functionalities/QA-US88570-Add Zone/US38196-Save a New Zone/Delete Zone/deleteYesButton'

2018-11-12 14:25:56 - [TEST_STEP][PASSED] - com.ge.tms.commonactions.RailroadActions.clickOnTestObject: com.ge.tms.commonactions.RailroadActions.clickOnTestObject is PASSED

2018-11-12 14:25:56 - [MESSAGE][PASSED] - Send request successfully

2018-11-12 14:25:56 - [MESSAGE][PASSED] - Send request successfully

2018-11-12 14:25:56 - [MESSAGE][PASSED] - Send request successfully

2018-11-12 14:25:56 - [MESSAGE][PASSED] - Send request successfully

2018-11-12 14:25:56 - [MESSAGE][PASSED] - Object: 'Object Repository/F5140-Add Zone Functionalities/QA-US88570-Add Zone/US38196-Save a New Zone/Delete Zone/deleteYesButton' is clicked on

2018-11-12 14:25:56 - [MESSAGE][PASSED] - com.ge.tms.commonactions.RailroadActions.clickOnTestObject is PASSED

2018-11-12 14:25:56 - [TEST_STEP][PASSED] - delay: Delayed 1 second(s)

2018-11-12 14:25:57 - [MESSAGE][PASSED] - Delayed 1 second(s)

2018-11-12 14:25:57 - [TEST_STEP][PASSED] - com.ge.tms.commonactions.RailroadActions.clickOnStationActionMenu: com.ge.tms.commonactions.RailroadActions.clickOnStationActionMenu is PASSED

2018-11-12 14:25:57 - [MESSAGE][PASSED] - Send request successfully

2018-11-12 14:25:57 - [MESSAGE][PASSED] - Send request successfully

2018-11-12 14:25:57 - [MESSAGE][PASSED] - Send request successfully

2018-11-12 14:25:57 - [MESSAGE][PASSED] - Send request successfully

2018-11-12 14:25:57 - [MESSAGE][PASSED] - Execute JavaScript 'document.querySelector('#station-actions-dropdown').shadowRoot.querySelector('#trigger').click()' successfully

2018-11-12 14:25:58 - [MESSAGE][PASSED] - Delayed 1 second(s)

2018-11-12 14:25:58 - [MESSAGE][PASSED] - com.ge.tms.commonactions.RailroadActions.clickOnStationActionMenu is PASSED

2018-11-12 14:25:58 - [TEST_STEP][PASSED] - com.ge.tms.commonactions.RailroadActions.clickOnDeleteStationButton: com.ge.tms.commonactions.RailroadActions.clickOnDeleteStationButton is PASSED

2018-11-12 14:25:58 - [MESSAGE][PASSED] - Send request successfully

2018-11-12 14:25:58 - [MESSAGE][PASSED] - Send request successfully

2018-11-12 14:25:58 - [MESSAGE][PASSED] - Send request successfully

2018-11-12 14:25:58 - [MESSAGE][PASSED] - Send request successfully

2018-11-12 14:25:58 - [MESSAGE][PASSED] - Execute JavaScript 'document.querySelector('#station-actions-dropdown').shadowRoot.querySelector('#content').shadowRoot.querySelector('#selector > div:nth-child(2)').click()' successfully

2018-11-12 14:25:58 - [MESSAGE][PASSED] - com.ge.tms.commonactions.RailroadActions.clickOnDeleteStationButton is PASSED

2018-11-12 14:25:58 - [TEST_STEP][PASSED] - Statement - deleteYesButtonObj = com.kms.katalon.core.testobject.ObjectRepository.findTestObject(Object Repository/F11822-Configure and Manage Stations/deleteConfirmationYesButton): Finding Test Object with id 'Object Repository/F11822-Configure and Manage Stations/deleteConfirmationYesButton'

2018-11-12 14:25:58 - [TEST_STEP][PASSED] - com.ge.tms.commonactions.RailroadActions.clickOnTestObject: com.ge.tms.commonactions.RailroadActions.clickOnTestObject is PASSED

2018-11-12 14:25:58 - [MESSAGE][PASSED] - Send request successfully

2018-11-12 14:25:58 - [MESSAGE][PASSED] - Send request successfully

2018-11-12 14:25:58 - [MESSAGE][PASSED] - Send request successfully

2018-11-12 14:25:58 - [MESSAGE][PASSED] - Send request successfully

2018-11-12 14:25:58 - [MESSAGE][PASSED] - Object: 'Object Repository/F11822-Configure and Manage Stations/deleteConfirmationYesButton' is clicked on

2018-11-12 14:25:58 - [MESSAGE][PASSED] - com.ge.tms.commonactions.RailroadActions.clickOnTestObject is PASSED

2018-11-12 14:25:58 - [TEST_STEP][PASSED] - delay: Delayed 1 second(s)

2018-11-12 14:26:00 - [MESSAGE][PASSED] - Delayed 1 second(s)

2018-11-12 14:26:00 - [TEST_STEP][PASSED] - com.ge.tms.railroad.RailroadVerification.verifyDeletedItemNotPresentInSearchView: com.ge.tms.railroad.RailroadVerification.verifyDeletedItemNotPresentInSearchView is PASSED

2018-11-12 14:26:00 - [MESSAGE][PASSED] - Send request successfully

2018-11-12 14:26:00 - [MESSAGE][PASSED] - Send request successfully

2018-11-12 14:26:00 - [MESSAGE][PASSED] - Send request successfully

2018-11-12 14:26:00 - [MESSAGE][PASSED] - Send request successfully

2018-11-12 14:26:00 - [MESSAGE][PASSED] - Send request successfully

2018-11-12 14:26:00 - [MESSAGE][PASSED] - Send request successfully

2018-11-12 14:26:00 - [MESSAGE][PASSED] - Send request successfully

2018-11-12 14:26:00 - [MESSAGE][PASSED] - Send request successfully

2018-11-12 14:26:00 - [MESSAGE][PASSED] - Text 'V5TY7VP' is set on object 'Object Repository/CommonObjects/searchTextBoxLeftNav'

2018-11-12 14:26:02 - [MESSAGE][PASSED] - Delayed 2 second(s)

2018-11-12 14:26:02 - [MESSAGE][PASSED] - Text of object 'Object Repository/CommonObjects/noSearchResultMessageLeftNav' is: 'No stations or zones found.'

2018-11-12 14:26:02 - [MESSAGE][PASSED] - Actual object 'No stations or zones found.' and expected object 'No stations or zones found.' are equal

2018-11-12 14:26:02 - [MESSAGE][PASSED] - com.ge.tms.railroad.RailroadVerification.verifyDeletedItemNotPresentInSearchView is PASSED

2018-11-12 14:26:02 - [TEST_STEP][PASSED] - Start listener action : closeBrowserForTestCasse: Navigate to 'http://localhost:8080/home' successfully

2018-11-12 14:26:02 - [TEST_STEP][PASSED] - Statement - If (isTestSuitEnable == true): null

2018-11-12 14:26:02 - [TEST_STEP][PASSED] - Statement - beforeTestCaseExecute(): null

2018-11-12 14:26:02 - [TEST_STEP][PASSED] - Statement - If (isTestSuitEnable == true): Navigate to 'http://localhost:8080/home' successfully

2018-11-12 14:26:02 - [TEST_STEP][PASSED] - navigateToUrl: Navigate to 'http://localhost:8080/home' successfully

2018-11-12 14:26:03 - [MESSAGE][PASSED] - Navigate to 'http://localhost:8080/home' successfully

2018-11-12 14:26:03 - [TEST_STEP][PASSED] - Start listener action : afterTestCase: Invoke 'com.kms.katalon.core.annotation.AfterTestCase' method: 'TmsTestListner.afterTestCase(...)' completed.

2018-11-12 14:26:03 - [TEST_STEP][PASSED] - Statement - If (java.lang.System.getProperties().containsKey("updateRally")): Invoke 'com.kms.katalon.core.annotation.AfterTestCase' method: 'TmsTestListner.afterTestCase(...)' completed.]]></system-out>
         <system-err><![CDATA[]]></system-err>
      </testcase>
      <testcase name="Test Cases/Railroad/F5140-Add Zone Functionalities/QA-US92242-Search Station and Zone/TC66150-Search Station And Zone" classname="Test Cases/Railroad/F5140-Add Zone Functionalities/QA-US92242-Search Station and Zone/TC66150-Search Station And Zone" status="PASSED">
         <system-out><![CDATA[2018-11-12 14:26:03 - [TEST_CASE][PASSED] - Test Cases/Railroad/F5140-Add Zone Functionalities/QA-US92242-Search Station and Zone/TC66150-Search Station And Zone: Test Cases/Railroad/F5140-Add Zone Functionalities/QA-US92242-Search Station and Zone/TC66150-Search Station And Zone

2018-11-12 14:26:03 - [TEST_STEP][PASSED] - Start listener action : beforeTestCaseExecute: Navigate to 'http://localhost:8080/home' successfully

2018-11-12 14:26:03 - [TEST_STEP][PASSED] - Statement - If (isTestSuitEnable == true): Navigate to 'http://localhost:8080/home' successfully

2018-11-12 14:26:03 - [TEST_STEP][PASSED] - navigateToUrl: Navigate to 'http://localhost:8080/home' successfully

2018-11-12 14:26:03 - [MESSAGE][PASSED] - Navigate to 'http://localhost:8080/home' successfully

2018-11-12 14:26:04 - [TEST_STEP][PASSED] - Statement - util = new com.ge.tms.util.CommonUtilities(): Send request successfully

2018-11-12 14:26:04 - [MESSAGE][PASSED] - Send request successfully

2018-11-12 14:26:04 - [MESSAGE][PASSED] - Send request successfully

2018-11-12 14:26:04 - [MESSAGE][PASSED] - Send request successfully

2018-11-12 14:26:04 - [MESSAGE][PASSED] - Send request successfully

2018-11-12 14:26:04 - [TEST_STEP][PASSED] - Statement - actions = new com.ge.tms.commonactions.RailroadActions(): Send request successfully

2018-11-12 14:26:04 - [MESSAGE][PASSED] - Send request successfully

2018-11-12 14:26:04 - [MESSAGE][PASSED] - Send request successfully

2018-11-12 14:26:04 - [MESSAGE][PASSED] - Send request successfully

2018-11-12 14:26:04 - [MESSAGE][PASSED] - Send request successfully

2018-11-12 14:26:04 - [TEST_STEP][PASSED] - com.ge.tms.commonactions.CommonClickEvents.clickOnRailroadSetup: com.ge.tms.commonactions.CommonClickEvents.clickOnRailroadSetup is PASSED

2018-11-12 14:26:04 - [MESSAGE][PASSED] - Execute JavaScript 'document.querySelector('px-app-nav').shadowRoot.querySelector('#items > px-app-nav-group:nth-child(13) > px-app-nav-subitem:nth-child(1)').click()' successfully

2018-11-12 14:26:06 - [MESSAGE][PASSED] - Delayed 2 second(s)

2018-11-12 14:26:06 - [MESSAGE][PASSED] - com.ge.tms.commonactions.CommonClickEvents.clickOnRailroadSetup is PASSED

2018-11-12 14:26:06 - [TEST_STEP][PASSED] - com.ge.tms.commonactions.RailroadActions.clickOnSelectRailroadDropdown: com.ge.tms.commonactions.RailroadActions.clickOnSelectRailroadDropdown is PASSED

2018-11-12 14:26:06 - [MESSAGE][PASSED] - Send request successfully

2018-11-12 14:26:06 - [MESSAGE][PASSED] - Send request successfully

2018-11-12 14:26:06 - [MESSAGE][PASSED] - Send request successfully

2018-11-12 14:26:06 - [MESSAGE][PASSED] - Send request successfully

2018-11-12 14:26:06 - [MESSAGE][PASSED] - Execute JavaScript 'document.querySelector('#railroads-select-dropdown').shadowRoot.querySelector('#trigger').click()' successfully

2018-11-12 14:26:09 - [MESSAGE][PASSED] - Delayed 3 second(s)

2018-11-12 14:26:09 - [MESSAGE][PASSED] - com.ge.tms.commonactions.RailroadActions.clickOnSelectRailroadDropdown is PASSED

2018-11-12 14:26:09 - [TEST_STEP][PASSED] - com.ge.tms.commonactions.RailroadActions.selectRandomRailRoad: com.ge.tms.commonactions.RailroadActions.selectRandomRailRoad is PASSED

2018-11-12 14:26:09 - [MESSAGE][PASSED] - Send request successfully

2018-11-12 14:26:09 - [MESSAGE][PASSED] - Send request successfully

2018-11-12 14:26:09 - [MESSAGE][PASSED] - Send request successfully

2018-11-12 14:26:09 - [MESSAGE][PASSED] - Send request successfully

2018-11-12 14:26:09 - [MESSAGE][PASSED] - Execute JavaScript 'let railRoadList=[]; document.querySelector('#railroads-select-dropdown').shadowRoot.querySelector('#content').shadowRoot.querySelectorAll('#selector > div.dropdown-option').forEach(node => { railRoadList.push(node.getAttribute('title')) }); return railRoadList' successfully

2018-11-12 14:26:09 - [MESSAGE][PASSED] - Execute JavaScript 'return document.querySelector('#railroads-select-dropdown').shadowRoot.querySelector('#content').shadowRoot.querySelector('#selector > div:nth-child(8) span').innerHTML' successfully

2018-11-12 14:26:09 - [MESSAGE][PASSED] - Execute JavaScript 'return document.querySelector('#railroads-select-dropdown').shadowRoot.querySelector('#content').shadowRoot.querySelector('#selector > div:nth-child(8) span').click()' successfully

2018-11-12 14:26:09 - [MESSAGE][PASSED] - com.ge.tms.commonactions.RailroadActions.selectRandomRailRoad is PASSED

2018-11-12 14:26:09 - [TEST_STEP][PASSED] - delay: Delayed 4 second(s)

2018-11-12 14:26:13 - [MESSAGE][PASSED] - Delayed 4 second(s)

2018-11-12 14:26:13 - [TEST_STEP][PASSED] - Statement - setStationId = <not implemented yet for class: org.codehaus.groovy.ast.expr.EmptyExpression>: null

2018-11-12 14:26:13 - [TEST_STEP][PASSED] - Statement - actions.addStationMandatotyFields(setStationId): Delayed 3 second(s)

2018-11-12 14:26:13 - [MESSAGE][PASSED] - Object: 'Object Repository/F11822-Configure and Manage Stations/Add_New_Station_Button' is clicked on

2018-11-12 14:26:14 - [MESSAGE][PASSED] - Text 'RGV2VSQ' is set on object 'Object Repository/F11822-Configure and Manage Stations/station_id'

2018-11-12 14:26:14 - [MESSAGE][PASSED] - Text 'EJHKQGU' is set on object 'Object Repository/F11822-Configure and Manage Stations/station_name'

2018-11-12 14:26:14 - [MESSAGE][PASSED] - Execute JavaScript 'document.querySelector('#splc').shadowRoot.querySelector('#trigger').shadowRoot.querySelector('#trigger').click()' successfully

2018-11-12 14:26:14 - [MESSAGE][PASSED] - Execute JavaScript 'return document.querySelector('#splc').shadowRoot.querySelector('px-overlay-content > #content').shadowRoot.querySelectorAll('#dropdown > div > #selector > div').length' successfully

2018-11-12 14:26:14 - [MESSAGE][PASSED] - Execute JavaScript 'document.querySelector('#splc').shadowRoot.querySelector('px-overlay-content > #content').shadowRoot.querySelector('#dropdown > div > #selector > div:nth-child(1)').click()' successfully

2018-11-12 14:26:14 - [MESSAGE][PASSED] - Execute JavaScript 'return document.querySelector('#fsac').shadowRoot.querySelector('px-overlay-content > #content').shadowRoot.querySelectorAll('#dropdown > div > #selector > div').length' successfully

2018-11-12 14:26:14 - [MESSAGE][PASSED] - Execute JavaScript 'document.querySelector('#fsac').shadowRoot.querySelector('px-overlay-content > #content').shadowRoot.querySelector('#dropdown > div > #selector > div:nth-child(1)').click()' successfully

2018-11-12 14:26:14 - [MESSAGE][PASSED] - Execute JavaScript 'return document.querySelector('#station-timezone-qualifier').shadowRoot.querySelector('px-overlay-content > #content').shadowRoot.querySelectorAll('#dropdown > div > #selector > div').length' successfully

2018-11-12 14:26:14 - [MESSAGE][PASSED] - Execute JavaScript 'document.querySelector('#station-timezone-qualifier').shadowRoot.querySelector('px-overlay-content > #content').shadowRoot.querySelector('#dropdown > div > #selector > div:nth-child(6)').click()' successfully

2018-11-12 14:26:14 - [MESSAGE][PASSED] - Execute JavaScript 'return document.querySelector('#country').shadowRoot.querySelector('px-overlay-content > #content').shadowRoot.querySelectorAll('#dropdown > div > #selector > div').length' successfully

2018-11-12 14:26:14 - [MESSAGE][PASSED] - Execute JavaScript 'document.querySelector('#country').shadowRoot.querySelector('px-overlay-content > #content').shadowRoot.querySelector('#dropdown > div > #selector > div:nth-child(1)').click()' successfully

2018-11-12 14:26:14 - [MESSAGE][PASSED] - Execute JavaScript 'return document.querySelector('#state').shadowRoot.querySelector('px-overlay-content > #content').shadowRoot.querySelectorAll('#dropdown > div > #selector > div').length' successfully

2018-11-12 14:26:14 - [MESSAGE][PASSED] - Execute JavaScript 'document.querySelector('#state').shadowRoot.querySelector('px-overlay-content > #content').shadowRoot.querySelector('#dropdown > div > #selector > div:nth-child(27)').click()' successfully

2018-11-12 14:26:14 - [MESSAGE][PASSED] - Object: 'Object Repository/F11822-Configure and Manage Stations/station_save_button' is clicked on

2018-11-12 14:26:17 - [MESSAGE][PASSED] - Delayed 3 second(s)

2018-11-12 14:26:17 - [TEST_STEP][PASSED] - delay: Delayed 3 second(s)

2018-11-12 14:26:20 - [MESSAGE][PASSED] - Delayed 3 second(s)

2018-11-12 14:26:20 - [TEST_STEP][PASSED] - Statement - setZoneId = <not implemented yet for class: org.codehaus.groovy.ast.expr.EmptyExpression>: null

2018-11-12 14:26:20 - [TEST_STEP][PASSED] - Statement - actions.addZone(setZoneId): Execute JavaScript 'document.querySelector('#zone-type').shadowRoot.querySelector('#content').shadowRoot.querySelector('#selector > div:nth-child(3)').click()' successfully

2018-11-12 14:26:20 - [MESSAGE][PASSED] - Object: 'Object Repository/F5140-Add Zone Functionalities/QA-US88570-Add Zone/US38196-Save a New Zone/Add Edit Zone/addNewZoneButton' is clicked on

2018-11-12 14:26:23 - [MESSAGE][PASSED] - Delayed 3 second(s)

2018-11-12 14:26:23 - [MESSAGE][PASSED] - Text 'GMB3P' is set on object 'Object Repository/F5140-Add Zone Functionalities/QA-US88570-Add Zone/US38196-Save a New Zone/Add Edit Zone/zoneID'

2018-11-12 14:26:24 - [MESSAGE][PASSED] - Text 'SDZIQK6' is set on object 'Object Repository/F5140-Add Zone Functionalities/QA-US88570-Add Zone/US38196-Save a New Zone/Add Edit Zone/zoneName'

2018-11-12 14:26:24 - [MESSAGE][PASSED] - Execute JavaScript 'document.querySelector('#zone-type').shadowRoot.querySelector('#trigger').click()' successfully

2018-11-12 14:26:24 - [MESSAGE][PASSED] - Execute JavaScript 'return document.querySelector('#zone-type').shadowRoot.querySelector('#content').shadowRoot.querySelectorAll('#selector > div').length' successfully

2018-11-12 14:26:24 - [MESSAGE][PASSED] - Execute JavaScript 'document.querySelector('#zone-type').shadowRoot.querySelector('#content').shadowRoot.querySelector('#selector > div:nth-child(3)').click()' successfully

2018-11-12 14:26:24 - [TEST_STEP][PASSED] - com.ge.tms.commonactions.RailroadActions.clickOnZoneSaveButton: com.ge.tms.commonactions.RailroadActions.clickOnZoneSaveButton is PASSED

2018-11-12 14:26:24 - [MESSAGE][PASSED] - Send request successfully

2018-11-12 14:26:24 - [MESSAGE][PASSED] - Send request successfully

2018-11-12 14:26:24 - [MESSAGE][PASSED] - Send request successfully

2018-11-12 14:26:24 - [MESSAGE][PASSED] - Send request successfully

2018-11-12 14:26:24 - [MESSAGE][PASSED] - Object: 'Object Repository/F5140-Add Zone Functionalities/QA-US88570-Add Zone/US38196-Save a New Zone/Add Edit Zone/zoneSaveButton' is clicked on

2018-11-12 14:26:27 - [MESSAGE][PASSED] - Delayed 3 second(s)

2018-11-12 14:26:27 - [MESSAGE][PASSED] - com.ge.tms.commonactions.RailroadActions.clickOnZoneSaveButton is PASSED

2018-11-12 14:26:27 - [TEST_STEP][PASSED] - Statement - actions.setStaionForZonezoneSearchField(): Text 'GMB3P' is set on object 'Object Repository/CommonObjects/searchTextBoxLeftNav'

2018-11-12 14:26:27 - [MESSAGE][PASSED] - Text 'GMB3P' is set on object 'Object Repository/CommonObjects/searchTextBoxLeftNav'

2018-11-12 14:26:27 - [TEST_STEP][PASSED] - com.ge.tms.railroad.RailroadVerification.verifyZoneSearchWithZone: com.ge.tms.railroad.RailroadVerification.verifyZoneSearchWithZone is PASSED

2018-11-12 14:26:27 - [MESSAGE][PASSED] - Send request successfully

2018-11-12 14:26:27 - [MESSAGE][PASSED] - Send request successfully

2018-11-12 14:26:27 - [MESSAGE][PASSED] - Send request successfully

2018-11-12 14:26:27 - [MESSAGE][PASSED] - Send request successfully

2018-11-12 14:26:27 - [MESSAGE][PASSED] - Send request successfully

2018-11-12 14:26:27 - [MESSAGE][PASSED] - Send request successfully

2018-11-12 14:26:27 - [MESSAGE][PASSED] - Send request successfully

2018-11-12 14:26:27 - [MESSAGE][PASSED] - Send request successfully

2018-11-12 14:26:27 - [MESSAGE][PASSED] - Actual object 'true' and expected object 'true' are equal

2018-11-12 14:26:27 - [MESSAGE][PASSED] - Actual object 'true' and expected object 'true' are equal

2018-11-12 14:26:27 - [MESSAGE][PASSED] - com.ge.tms.railroad.RailroadVerification.verifyZoneSearchWithZone is PASSED

2018-11-12 14:26:27 - [TEST_STEP][PASSED] - com.ge.tms.commonactions.RailroadActions.clickOnZoneActionMenu: com.ge.tms.commonactions.RailroadActions.clickOnZoneActionMenu is PASSED

2018-11-12 14:26:27 - [MESSAGE][PASSED] - Send request successfully

2018-11-12 14:26:27 - [MESSAGE][PASSED] - Send request successfully

2018-11-12 14:26:27 - [MESSAGE][PASSED] - Send request successfully

2018-11-12 14:26:27 - [MESSAGE][PASSED] - Send request successfully

2018-11-12 14:26:27 - [MESSAGE][PASSED] - Execute JavaScript 'document.querySelector('#zone-actions-dropdown').shadowRoot.querySelector('#trigger').click()' successfully

2018-11-12 14:26:28 - [MESSAGE][PASSED] - Delayed 1 second(s)

2018-11-12 14:26:28 - [MESSAGE][PASSED] - com.ge.tms.commonactions.RailroadActions.clickOnZoneActionMenu is PASSED

2018-11-12 14:26:28 - [TEST_STEP][PASSED] - com.ge.tms.commonactions.RailroadActions.clickOnDeleteAction: com.ge.tms.commonactions.RailroadActions.clickOnDeleteAction is PASSED

2018-11-12 14:26:28 - [MESSAGE][PASSED] - Send request successfully

2018-11-12 14:26:28 - [MESSAGE][PASSED] - Send request successfully

2018-11-12 14:26:28 - [MESSAGE][PASSED] - Send request successfully

2018-11-12 14:26:28 - [MESSAGE][PASSED] - Send request successfully

2018-11-12 14:26:28 - [MESSAGE][PASSED] - Execute JavaScript 'document.querySelector('#zone-actions-dropdown').shadowRoot.querySelector('#content').shadowRoot.querySelector('#selector > div:nth-child(2)').click()' successfully

2018-11-12 14:26:28 - [MESSAGE][PASSED] - com.ge.tms.commonactions.RailroadActions.clickOnDeleteAction is PASSED

2018-11-12 14:26:28 - [TEST_STEP][PASSED] - delay: Delayed 1 second(s)

2018-11-12 14:26:29 - [MESSAGE][PASSED] - Delayed 1 second(s)

2018-11-12 14:26:29 - [TEST_STEP][PASSED] - Statement - deleteYesButtonObj = com.kms.katalon.core.testobject.ObjectRepository.findTestObject(Object Repository/F5140-Add Zone Functionalities/QA-US88570-Add Zone/US38196-Save a New Zone/Delete Zone/deleteYesButton): Finding Test Object with id 'Object Repository/F5140-Add Zone Functionalities/QA-US88570-Add Zone/US38196-Save a New Zone/Delete Zone/deleteYesButton'

2018-11-12 14:26:29 - [TEST_STEP][PASSED] - com.ge.tms.commonactions.RailroadActions.clickOnTestObject: com.ge.tms.commonactions.RailroadActions.clickOnTestObject is PASSED

2018-11-12 14:26:29 - [MESSAGE][PASSED] - Send request successfully

2018-11-12 14:26:29 - [MESSAGE][PASSED] - Send request successfully

2018-11-12 14:26:29 - [MESSAGE][PASSED] - Send request successfully

2018-11-12 14:26:29 - [MESSAGE][PASSED] - Send request successfully

2018-11-12 14:26:29 - [MESSAGE][PASSED] - Object: 'Object Repository/F5140-Add Zone Functionalities/QA-US88570-Add Zone/US38196-Save a New Zone/Delete Zone/deleteYesButton' is clicked on

2018-11-12 14:26:29 - [MESSAGE][PASSED] - com.ge.tms.commonactions.RailroadActions.clickOnTestObject is PASSED

2018-11-12 14:26:29 - [TEST_STEP][PASSED] - delay: Delayed 2 second(s)

2018-11-12 14:26:31 - [MESSAGE][PASSED] - Delayed 2 second(s)

2018-11-12 14:26:31 - [TEST_STEP][PASSED] - Statement - actions.clearStationzoneSearchField(): Text of object 'Object Repository/CommonObjects/searchTextBoxLeftNav' is cleared

2018-11-12 14:26:31 - [MESSAGE][PASSED] - Text of object 'Object Repository/CommonObjects/searchTextBoxLeftNav' is cleared

2018-11-12 14:26:31 - [TEST_STEP][PASSED] - Statement - actions.setStaionForStationzoneSearchField(): Text 'RGV2VSQ' is set on object 'Object Repository/CommonObjects/searchTextBoxLeftNav'

2018-11-12 14:26:31 - [MESSAGE][PASSED] - Text 'RGV2VSQ' is set on object 'Object Repository/CommonObjects/searchTextBoxLeftNav'

2018-11-12 14:26:31 - [TEST_STEP][PASSED] - delay: Delayed 4 second(s)

2018-11-12 14:26:35 - [MESSAGE][PASSED] - Delayed 4 second(s)

2018-11-12 14:26:35 - [TEST_STEP][PASSED] - com.ge.tms.railroad.RailroadVerification.verifyStationSearchWithStation: com.ge.tms.railroad.RailroadVerification.verifyStationSearchWithStation is PASSED

2018-11-12 14:26:35 - [MESSAGE][PASSED] - Send request successfully

2018-11-12 14:26:35 - [MESSAGE][PASSED] - Send request successfully

2018-11-12 14:26:35 - [MESSAGE][PASSED] - Send request successfully

2018-11-12 14:26:35 - [MESSAGE][PASSED] - Send request successfully

2018-11-12 14:26:35 - [MESSAGE][PASSED] - Send request successfully

2018-11-12 14:26:35 - [MESSAGE][PASSED] - Send request successfully

2018-11-12 14:26:35 - [MESSAGE][PASSED] - Send request successfully

2018-11-12 14:26:35 - [MESSAGE][PASSED] - Send request successfully

2018-11-12 14:26:35 - [MESSAGE][PASSED] - Actual object 'true' and expected object 'true' are equal

2018-11-12 14:26:35 - [MESSAGE][PASSED] - com.ge.tms.railroad.RailroadVerification.verifyStationSearchWithStation is PASSED

2018-11-12 14:26:35 - [TEST_STEP][PASSED] - delay: Delayed 2 second(s)

2018-11-12 14:26:37 - [MESSAGE][PASSED] - Delayed 2 second(s)

2018-11-12 14:26:37 - [TEST_STEP][PASSED] - com.ge.tms.commonactions.RailroadActions.clickOnStationActionMenu: com.ge.tms.commonactions.RailroadActions.clickOnStationActionMenu is PASSED

2018-11-12 14:26:37 - [MESSAGE][PASSED] - Send request successfully

2018-11-12 14:26:37 - [MESSAGE][PASSED] - Send request successfully

2018-11-12 14:26:37 - [MESSAGE][PASSED] - Send request successfully

2018-11-12 14:26:37 - [MESSAGE][PASSED] - Send request successfully

2018-11-12 14:26:37 - [MESSAGE][PASSED] - Execute JavaScript 'document.querySelector('#station-actions-dropdown').shadowRoot.querySelector('#trigger').click()' successfully

2018-11-12 14:26:38 - [MESSAGE][PASSED] - Delayed 1 second(s)

2018-11-12 14:26:38 - [MESSAGE][PASSED] - com.ge.tms.commonactions.RailroadActions.clickOnStationActionMenu is PASSED

2018-11-12 14:26:38 - [TEST_STEP][PASSED] - com.ge.tms.commonactions.RailroadActions.clickOnDeleteStationButton: com.ge.tms.commonactions.RailroadActions.clickOnDeleteStationButton is PASSED

2018-11-12 14:26:38 - [MESSAGE][PASSED] - Send request successfully

2018-11-12 14:26:38 - [MESSAGE][PASSED] - Send request successfully

2018-11-12 14:26:39 - [MESSAGE][PASSED] - Send request successfully

2018-11-12 14:26:39 - [MESSAGE][PASSED] - Send request successfully

2018-11-12 14:26:39 - [MESSAGE][PASSED] - Execute JavaScript 'document.querySelector('#station-actions-dropdown').shadowRoot.querySelector('#content').shadowRoot.querySelector('#selector > div:nth-child(2)').click()' successfully

2018-11-12 14:26:39 - [MESSAGE][PASSED] - com.ge.tms.commonactions.RailroadActions.clickOnDeleteStationButton is PASSED

2018-11-12 14:26:39 - [TEST_STEP][PASSED] - Statement - deleteButtonObj = com.kms.katalon.core.testobject.ObjectRepository.findTestObject(Object Repository/F11822-Configure and Manage Stations/deleteConfirmationYesButton): Finding Test Object with id 'Object Repository/F11822-Configure and Manage Stations/deleteConfirmationYesButton'

2018-11-12 14:26:39 - [TEST_STEP][PASSED] - com.ge.tms.commonactions.RailroadActions.clickOnTestObject: com.ge.tms.commonactions.RailroadActions.clickOnTestObject is PASSED

2018-11-12 14:26:39 - [MESSAGE][PASSED] - Send request successfully

2018-11-12 14:26:39 - [MESSAGE][PASSED] - Send request successfully

2018-11-12 14:26:39 - [MESSAGE][PASSED] - Send request successfully

2018-11-12 14:26:39 - [MESSAGE][PASSED] - Send request successfully

2018-11-12 14:26:39 - [MESSAGE][PASSED] - Object: 'Object Repository/F11822-Configure and Manage Stations/deleteConfirmationYesButton' is clicked on

2018-11-12 14:26:39 - [MESSAGE][PASSED] - com.ge.tms.commonactions.RailroadActions.clickOnTestObject is PASSED

2018-11-12 14:26:39 - [TEST_STEP][PASSED] - delay: Delayed 1 second(s)

2018-11-12 14:26:40 - [MESSAGE][PASSED] - Delayed 1 second(s)

2018-11-12 14:26:40 - [TEST_STEP][PASSED] - com.ge.tms.railroad.RailroadVerification.verifyDeletedItemNotPresentInSearchView: com.ge.tms.railroad.RailroadVerification.verifyDeletedItemNotPresentInSearchView is PASSED

2018-11-12 14:26:40 - [MESSAGE][PASSED] - Send request successfully

2018-11-12 14:26:40 - [MESSAGE][PASSED] - Send request successfully

2018-11-12 14:26:40 - [MESSAGE][PASSED] - Send request successfully

2018-11-12 14:26:40 - [MESSAGE][PASSED] - Send request successfully

2018-11-12 14:26:40 - [MESSAGE][PASSED] - Send request successfully

2018-11-12 14:26:40 - [MESSAGE][PASSED] - Send request successfully

2018-11-12 14:26:40 - [MESSAGE][PASSED] - Send request successfully

2018-11-12 14:26:40 - [MESSAGE][PASSED] - Send request successfully

2018-11-12 14:26:40 - [MESSAGE][PASSED] - Text 'RGV2VSQ' is set on object 'Object Repository/CommonObjects/searchTextBoxLeftNav'

2018-11-12 14:26:42 - [MESSAGE][PASSED] - Delayed 2 second(s)

2018-11-12 14:26:42 - [MESSAGE][PASSED] - Text of object 'Object Repository/CommonObjects/noSearchResultMessageLeftNav' is: 'No stations or zones found.'

2018-11-12 14:26:42 - [MESSAGE][PASSED] - Actual object 'No stations or zones found.' and expected object 'No stations or zones found.' are equal

2018-11-12 14:26:42 - [MESSAGE][PASSED] - com.ge.tms.railroad.RailroadVerification.verifyDeletedItemNotPresentInSearchView is PASSED

2018-11-12 14:26:42 - [TEST_STEP][PASSED] - Start listener action : closeBrowserForTestCasse: Navigate to 'http://localhost:8080/home' successfully

2018-11-12 14:26:42 - [TEST_STEP][PASSED] - Statement - If (isTestSuitEnable == true): null

2018-11-12 14:26:42 - [TEST_STEP][PASSED] - Statement - beforeTestCaseExecute(): null

2018-11-12 14:26:42 - [TEST_STEP][PASSED] - Statement - If (isTestSuitEnable == true): Navigate to 'http://localhost:8080/home' successfully

2018-11-12 14:26:42 - [TEST_STEP][PASSED] - navigateToUrl: Navigate to 'http://localhost:8080/home' successfully

2018-11-12 14:26:43 - [MESSAGE][PASSED] - Navigate to 'http://localhost:8080/home' successfully

2018-11-12 14:26:43 - [TEST_STEP][PASSED] - Start listener action : afterTestCase: Invoke 'com.kms.katalon.core.annotation.AfterTestCase' method: 'TmsTestListner.afterTestCase(...)' completed.

2018-11-12 14:26:43 - [TEST_STEP][PASSED] - Statement - If (java.lang.System.getProperties().containsKey("updateRally")): Invoke 'com.kms.katalon.core.annotation.AfterTestCase' method: 'TmsTestListner.afterTestCase(...)' completed.]]></system-out>
         <system-err><![CDATA[]]></system-err>
      </testcase>
      <testcase name="Test Cases/Railroad/F5140-Add Zone Functionalities/QA-US92242-Search Station and Zone/TC66151-Verify message Search_Zone not existed" classname="Test Cases/Railroad/F5140-Add Zone Functionalities/QA-US92242-Search Station and Zone/TC66151-Verify message Search_Zone not existed" status="PASSED">
         <system-out><![CDATA[2018-11-12 14:26:43 - [TEST_CASE][PASSED] - Test Cases/Railroad/F5140-Add Zone Functionalities/QA-US92242-Search Station and Zone/TC66151-Verify message Search_Zone not existed: Test Cases/Railroad/F5140-Add Zone Functionalities/QA-US92242-Search Station and Zone/TC66151-Verify message Search_Zone not existed

2018-11-12 14:26:43 - [TEST_STEP][PASSED] - Start listener action : beforeTestCaseExecute: Navigate to 'http://localhost:8080/home' successfully

2018-11-12 14:26:43 - [TEST_STEP][PASSED] - Statement - If (isTestSuitEnable == true): Navigate to 'http://localhost:8080/home' successfully

2018-11-12 14:26:43 - [TEST_STEP][PASSED] - navigateToUrl: Navigate to 'http://localhost:8080/home' successfully

2018-11-12 14:26:44 - [MESSAGE][PASSED] - Navigate to 'http://localhost:8080/home' successfully

2018-11-12 14:26:44 - [TEST_STEP][PASSED] - Statement - util = new com.ge.tms.util.CommonUtilities(): Send request successfully

2018-11-12 14:26:44 - [MESSAGE][PASSED] - Send request successfully

2018-11-12 14:26:44 - [MESSAGE][PASSED] - Send request successfully

2018-11-12 14:26:44 - [MESSAGE][PASSED] - Send request successfully

2018-11-12 14:26:44 - [MESSAGE][PASSED] - Send request successfully

2018-11-12 14:26:44 - [TEST_STEP][PASSED] - Statement - rverify = new com.ge.tms.railroad.RailroadVerification(): Send request successfully

2018-11-12 14:26:44 - [MESSAGE][PASSED] - Send request successfully

2018-11-12 14:26:44 - [MESSAGE][PASSED] - Send request successfully

2018-11-12 14:26:44 - [MESSAGE][PASSED] - Send request successfully

2018-11-12 14:26:44 - [MESSAGE][PASSED] - Send request successfully

2018-11-12 14:26:44 - [MESSAGE][PASSED] - Send request successfully

2018-11-12 14:26:44 - [MESSAGE][PASSED] - Send request successfully

2018-11-12 14:26:44 - [MESSAGE][PASSED] - Send request successfully

2018-11-12 14:26:44 - [MESSAGE][PASSED] - Send request successfully

2018-11-12 14:26:44 - [TEST_STEP][PASSED] - Statement - actions = new com.ge.tms.commonactions.RailroadActions(): Send request successfully

2018-11-12 14:26:44 - [MESSAGE][PASSED] - Send request successfully

2018-11-12 14:26:44 - [MESSAGE][PASSED] - Send request successfully

2018-11-12 14:26:44 - [MESSAGE][PASSED] - Send request successfully

2018-11-12 14:26:44 - [MESSAGE][PASSED] - Send request successfully

2018-11-12 14:26:44 - [TEST_STEP][PASSED] - com.ge.tms.commonactions.CommonClickEvents.clickOnRailroadSetup: com.ge.tms.commonactions.CommonClickEvents.clickOnRailroadSetup is PASSED

2018-11-12 14:26:44 - [MESSAGE][PASSED] - Execute JavaScript 'document.querySelector('px-app-nav').shadowRoot.querySelector('#items > px-app-nav-group:nth-child(13) > px-app-nav-subitem:nth-child(1)').click()' successfully

2018-11-12 14:26:46 - [MESSAGE][PASSED] - Delayed 2 second(s)

2018-11-12 14:26:46 - [MESSAGE][PASSED] - com.ge.tms.commonactions.CommonClickEvents.clickOnRailroadSetup is PASSED

2018-11-12 14:26:46 - [TEST_STEP][PASSED] - com.ge.tms.commonactions.RailroadActions.clickOnSelectRailroadDropdown: com.ge.tms.commonactions.RailroadActions.clickOnSelectRailroadDropdown is PASSED

2018-11-12 14:26:46 - [MESSAGE][PASSED] - Send request successfully

2018-11-12 14:26:46 - [MESSAGE][PASSED] - Send request successfully

2018-11-12 14:26:46 - [MESSAGE][PASSED] - Send request successfully

2018-11-12 14:26:46 - [MESSAGE][PASSED] - Send request successfully

2018-11-12 14:26:46 - [MESSAGE][PASSED] - Execute JavaScript 'document.querySelector('#railroads-select-dropdown').shadowRoot.querySelector('#trigger').click()' successfully

2018-11-12 14:26:49 - [MESSAGE][PASSED] - Delayed 3 second(s)

2018-11-12 14:26:49 - [MESSAGE][PASSED] - com.ge.tms.commonactions.RailroadActions.clickOnSelectRailroadDropdown is PASSED

2018-11-12 14:26:49 - [TEST_STEP][PASSED] - com.ge.tms.commonactions.RailroadActions.selectRandomRailRoad: com.ge.tms.commonactions.RailroadActions.selectRandomRailRoad is PASSED

2018-11-12 14:26:49 - [MESSAGE][PASSED] - Send request successfully

2018-11-12 14:26:49 - [MESSAGE][PASSED] - Send request successfully

2018-11-12 14:26:49 - [MESSAGE][PASSED] - Send request successfully

2018-11-12 14:26:49 - [MESSAGE][PASSED] - Send request successfully

2018-11-12 14:26:49 - [MESSAGE][PASSED] - Execute JavaScript 'let railRoadList=[]; document.querySelector('#railroads-select-dropdown').shadowRoot.querySelector('#content').shadowRoot.querySelectorAll('#selector > div.dropdown-option').forEach(node => { railRoadList.push(node.getAttribute('title')) }); return railRoadList' successfully

2018-11-12 14:26:49 - [MESSAGE][PASSED] - Execute JavaScript 'return document.querySelector('#railroads-select-dropdown').shadowRoot.querySelector('#content').shadowRoot.querySelector('#selector > div:nth-child(4) span').innerHTML' successfully

2018-11-12 14:26:49 - [MESSAGE][PASSED] - Execute JavaScript 'return document.querySelector('#railroads-select-dropdown').shadowRoot.querySelector('#content').shadowRoot.querySelector('#selector > div:nth-child(4) span').click()' successfully

2018-11-12 14:26:49 - [MESSAGE][PASSED] - com.ge.tms.commonactions.RailroadActions.selectRandomRailRoad is PASSED

2018-11-12 14:26:49 - [TEST_STEP][PASSED] - delay: Delayed 2 second(s)

2018-11-12 14:26:51 - [MESSAGE][PASSED] - Delayed 2 second(s)

2018-11-12 14:26:51 - [TEST_STEP][PASSED] - Statement - actions.setInvalidtxtForStationzoneSearchField(): Text '1111111111111' is set on object 'Object Repository/CommonObjects/searchTextBoxLeftNav'

2018-11-12 14:26:51 - [MESSAGE][PASSED] - Text '1111111111111' is set on object 'Object Repository/CommonObjects/searchTextBoxLeftNav'

2018-11-12 14:26:51 - [TEST_STEP][PASSED] - com.ge.tms.railroad.RailroadVerification.verifyMessagewhennoStationandZoneAvailable: com.ge.tms.railroad.RailroadVerification.verifyMessagewhennoStationandZoneAvailable is PASSED

2018-11-12 14:26:51 - [MESSAGE][PASSED] - Text of object 'Object Repository/CommonObjects/noSearchResultMessageLeftNav' is: 'No stations or zones found.'

2018-11-12 14:26:51 - [MESSAGE][PASSED] - Send request successfully

2018-11-12 14:26:51 - [MESSAGE][PASSED] - Send request successfully

2018-11-12 14:26:51 - [MESSAGE][PASSED] - Send request successfully

2018-11-12 14:26:51 - [MESSAGE][PASSED] - Send request successfully

2018-11-12 14:26:51 - [MESSAGE][PASSED] - Send request successfully

2018-11-12 14:26:51 - [MESSAGE][PASSED] - Send request successfully

2018-11-12 14:26:51 - [MESSAGE][PASSED] - Send request successfully

2018-11-12 14:26:51 - [MESSAGE][PASSED] - Send request successfully

2018-11-12 14:26:51 - [MESSAGE][PASSED] - Actual object 'true' and expected object 'true' are equal

2018-11-12 14:26:51 - [MESSAGE][PASSED] - com.ge.tms.railroad.RailroadVerification.verifyMessagewhennoStationandZoneAvailable is PASSED

2018-11-12 14:26:51 - [TEST_STEP][PASSED] - delay: Delayed 2 second(s)

2018-11-12 14:26:53 - [MESSAGE][PASSED] - Delayed 2 second(s)

2018-11-12 14:26:53 - [TEST_STEP][PASSED] - Start listener action : closeBrowserForTestCasse: Navigate to 'http://localhost:8080/home' successfully

2018-11-12 14:26:53 - [TEST_STEP][PASSED] - Statement - If (isTestSuitEnable == true): null

2018-11-12 14:26:53 - [TEST_STEP][PASSED] - Statement - beforeTestCaseExecute(): null

2018-11-12 14:26:53 - [TEST_STEP][PASSED] - Statement - If (isTestSuitEnable == true): Navigate to 'http://localhost:8080/home' successfully

2018-11-12 14:26:53 - [TEST_STEP][PASSED] - navigateToUrl: Navigate to 'http://localhost:8080/home' successfully

2018-11-12 14:26:54 - [MESSAGE][PASSED] - Navigate to 'http://localhost:8080/home' successfully

2018-11-12 14:26:54 - [TEST_STEP][PASSED] - Start listener action : afterTestCase: Invoke 'com.kms.katalon.core.annotation.AfterTestCase' method: 'TmsTestListner.afterTestCase(...)' completed.

2018-11-12 14:26:54 - [TEST_STEP][PASSED] - Statement - If (java.lang.System.getProperties().containsKey("updateRally")): Invoke 'com.kms.katalon.core.annotation.AfterTestCase' method: 'TmsTestListner.afterTestCase(...)' completed.]]></system-out>
         <system-err><![CDATA[]]></system-err>
      </testcase>
      <testcase name="Test Cases/Railroad/F5362 - Configure and manage track/QA - US92819/US39512 - Add track from station/TC66184 - Add track from station" classname="Test Cases/Railroad/F5362 - Configure and manage track/QA - US92819/US39512 - Add track from station/TC66184 - Add track from station" status="PASSED">
         <system-out><![CDATA[2018-11-12 14:26:54 - [TEST_CASE][PASSED] - Test Cases/Railroad/F5362 - Configure and manage track/QA - US92819/US39512 - Add track from station/TC66184 - Add track from station: Test Cases/Railroad/F5362 - Configure and manage track/QA - US92819/US39512 - Add track from station/TC66184 - Add track from station

2018-11-12 14:26:54 - [TEST_STEP][PASSED] - Start listener action : beforeTestCaseExecute: Navigate to 'http://localhost:8080/home' successfully

2018-11-12 14:26:54 - [TEST_STEP][PASSED] - Statement - If (isTestSuitEnable == true): Navigate to 'http://localhost:8080/home' successfully

2018-11-12 14:26:54 - [TEST_STEP][PASSED] - navigateToUrl: Navigate to 'http://localhost:8080/home' successfully

2018-11-12 14:26:55 - [MESSAGE][PASSED] - Navigate to 'http://localhost:8080/home' successfully

2018-11-12 14:26:55 - [TEST_STEP][PASSED] - Statement - util = new com.ge.tms.util.CommonUtilities(): Send request successfully

2018-11-12 14:26:55 - [MESSAGE][PASSED] - Send request successfully

2018-11-12 14:26:55 - [MESSAGE][PASSED] - Send request successfully

2018-11-12 14:26:55 - [MESSAGE][PASSED] - Send request successfully

2018-11-12 14:26:55 - [MESSAGE][PASSED] - Send request successfully

2018-11-12 14:26:55 - [TEST_STEP][PASSED] - Statement - actions = new com.ge.tms.commonactions.RailroadActions(): Send request successfully

2018-11-12 14:26:55 - [MESSAGE][PASSED] - Send request successfully

2018-11-12 14:26:55 - [MESSAGE][PASSED] - Send request successfully

2018-11-12 14:26:55 - [MESSAGE][PASSED] - Send request successfully

2018-11-12 14:26:55 - [MESSAGE][PASSED] - Send request successfully

2018-11-12 14:26:55 - [TEST_STEP][PASSED] - Statement - empty = <not implemented yet for class: org.codehaus.groovy.ast.expr.EmptyExpression>: null

2018-11-12 14:26:55 - [TEST_STEP][PASSED] - com.ge.tms.commonactions.CommonClickEvents.clickOnRailroadSetup: com.ge.tms.commonactions.CommonClickEvents.clickOnRailroadSetup is PASSED

2018-11-12 14:26:55 - [MESSAGE][PASSED] - Execute JavaScript 'document.querySelector('px-app-nav').shadowRoot.querySelector('#items > px-app-nav-group:nth-child(13) > px-app-nav-subitem:nth-child(1)').click()' successfully

2018-11-12 14:26:57 - [MESSAGE][PASSED] - Delayed 2 second(s)

2018-11-12 14:26:57 - [MESSAGE][PASSED] - com.ge.tms.commonactions.CommonClickEvents.clickOnRailroadSetup is PASSED

2018-11-12 14:26:57 - [TEST_STEP][PASSED] - com.ge.tms.commonactions.RailroadActions.clickOnSelectRailroadDropdown: com.ge.tms.commonactions.RailroadActions.clickOnSelectRailroadDropdown is PASSED

2018-11-12 14:26:57 - [MESSAGE][PASSED] - Send request successfully

2018-11-12 14:26:57 - [MESSAGE][PASSED] - Send request successfully

2018-11-12 14:26:57 - [MESSAGE][PASSED] - Send request successfully

2018-11-12 14:26:57 - [MESSAGE][PASSED] - Send request successfully

2018-11-12 14:26:57 - [MESSAGE][PASSED] - Execute JavaScript 'document.querySelector('#railroads-select-dropdown').shadowRoot.querySelector('#trigger').click()' successfully

2018-11-12 14:27:00 - [MESSAGE][PASSED] - Delayed 3 second(s)

2018-11-12 14:27:00 - [MESSAGE][PASSED] - com.ge.tms.commonactions.RailroadActions.clickOnSelectRailroadDropdown is PASSED

2018-11-12 14:27:00 - [TEST_STEP][PASSED] - com.ge.tms.commonactions.RailroadActions.selectRandomRailRoad: com.ge.tms.commonactions.RailroadActions.selectRandomRailRoad is PASSED

2018-11-12 14:27:00 - [MESSAGE][PASSED] - Send request successfully

2018-11-12 14:27:00 - [MESSAGE][PASSED] - Send request successfully

2018-11-12 14:27:00 - [MESSAGE][PASSED] - Send request successfully

2018-11-12 14:27:00 - [MESSAGE][PASSED] - Send request successfully

2018-11-12 14:27:00 - [MESSAGE][PASSED] - Execute JavaScript 'let railRoadList=[]; document.querySelector('#railroads-select-dropdown').shadowRoot.querySelector('#content').shadowRoot.querySelectorAll('#selector > div.dropdown-option').forEach(node => { railRoadList.push(node.getAttribute('title')) }); return railRoadList' successfully

2018-11-12 14:27:00 - [MESSAGE][PASSED] - Execute JavaScript 'return document.querySelector('#railroads-select-dropdown').shadowRoot.querySelector('#content').shadowRoot.querySelector('#selector > div:nth-child(5) span').innerHTML' successfully

2018-11-12 14:27:00 - [MESSAGE][PASSED] - Execute JavaScript 'return document.querySelector('#railroads-select-dropdown').shadowRoot.querySelector('#content').shadowRoot.querySelector('#selector > div:nth-child(5) span').click()' successfully

2018-11-12 14:27:00 - [MESSAGE][PASSED] - com.ge.tms.commonactions.RailroadActions.selectRandomRailRoad is PASSED

2018-11-12 14:27:00 - [TEST_STEP][PASSED] - delay: Delayed 2 second(s)

2018-11-12 14:27:02 - [MESSAGE][PASSED] - Delayed 2 second(s)

2018-11-12 14:27:02 - [TEST_STEP][PASSED] - Statement - actions.addStationMandatotyFields(empty): Delayed 3 second(s)

2018-11-12 14:27:03 - [MESSAGE][PASSED] - Object: 'Object Repository/F11822-Configure and Manage Stations/Add_New_Station_Button' is clicked on

2018-11-12 14:27:03 - [MESSAGE][PASSED] - Text 'XS1BMEE' is set on object 'Object Repository/F11822-Configure and Manage Stations/station_id'

2018-11-12 14:27:03 - [MESSAGE][PASSED] - Text 'VGAFKNB' is set on object 'Object Repository/F11822-Configure and Manage Stations/station_name'

2018-11-12 14:27:03 - [MESSAGE][PASSED] - Execute JavaScript 'document.querySelector('#splc').shadowRoot.querySelector('#trigger').shadowRoot.querySelector('#trigger').click()' successfully

2018-11-12 14:27:03 - [MESSAGE][PASSED] - Execute JavaScript 'return document.querySelector('#splc').shadowRoot.querySelector('px-overlay-content > #content').shadowRoot.querySelectorAll('#dropdown > div > #selector > div').length' successfully

2018-11-12 14:27:03 - [MESSAGE][PASSED] - Execute JavaScript 'document.querySelector('#splc').shadowRoot.querySelector('px-overlay-content > #content').shadowRoot.querySelector('#dropdown > div > #selector > div:nth-child(1)').click()' successfully

2018-11-12 14:27:03 - [MESSAGE][PASSED] - Execute JavaScript 'return document.querySelector('#fsac').shadowRoot.querySelector('px-overlay-content > #content').shadowRoot.querySelectorAll('#dropdown > div > #selector > div').length' successfully

2018-11-12 14:27:03 - [MESSAGE][PASSED] - Execute JavaScript 'document.querySelector('#fsac').shadowRoot.querySelector('px-overlay-content > #content').shadowRoot.querySelector('#dropdown > div > #selector > div:nth-child(1)').click()' successfully

2018-11-12 14:27:03 - [MESSAGE][PASSED] - Execute JavaScript 'return document.querySelector('#station-timezone-qualifier').shadowRoot.querySelector('px-overlay-content > #content').shadowRoot.querySelectorAll('#dropdown > div > #selector > div').length' successfully

2018-11-12 14:27:03 - [MESSAGE][PASSED] - Execute JavaScript 'document.querySelector('#station-timezone-qualifier').shadowRoot.querySelector('px-overlay-content > #content').shadowRoot.querySelector('#dropdown > div > #selector > div:nth-child(3)').click()' successfully

2018-11-12 14:27:03 - [MESSAGE][PASSED] - Execute JavaScript 'return document.querySelector('#country').shadowRoot.querySelector('px-overlay-content > #content').shadowRoot.querySelectorAll('#dropdown > div > #selector > div').length' successfully

2018-11-12 14:27:03 - [MESSAGE][PASSED] - Execute JavaScript 'document.querySelector('#country').shadowRoot.querySelector('px-overlay-content > #content').shadowRoot.querySelector('#dropdown > div > #selector > div:nth-child(1)').click()' successfully

2018-11-12 14:27:03 - [MESSAGE][PASSED] - Execute JavaScript 'return document.querySelector('#state').shadowRoot.querySelector('px-overlay-content > #content').shadowRoot.querySelectorAll('#dropdown > div > #selector > div').length' successfully

2018-11-12 14:27:03 - [MESSAGE][PASSED] - Execute JavaScript 'document.querySelector('#state').shadowRoot.querySelector('px-overlay-content > #content').shadowRoot.querySelector('#dropdown > div > #selector > div:nth-child(48)').click()' successfully

2018-11-12 14:27:04 - [MESSAGE][PASSED] - Object: 'Object Repository/F11822-Configure and Manage Stations/station_save_button' is clicked on

2018-11-12 14:27:07 - [MESSAGE][PASSED] - Delayed 3 second(s)

2018-11-12 14:27:07 - [TEST_STEP][PASSED] - delay: Delayed 2 second(s)

2018-11-12 14:27:09 - [MESSAGE][PASSED] - Delayed 2 second(s)

2018-11-12 14:27:09 - [TEST_STEP][PASSED] - Statement - actions.addZone(empty): Execute JavaScript 'document.querySelector('#zone-type').shadowRoot.querySelector('#content').shadowRoot.querySelector('#selector > div:nth-child(4)').click()' successfully

2018-11-12 14:27:09 - [MESSAGE][PASSED] - Object: 'Object Repository/F5140-Add Zone Functionalities/QA-US88570-Add Zone/US38196-Save a New Zone/Add Edit Zone/addNewZoneButton' is clicked on

2018-11-12 14:27:12 - [MESSAGE][PASSED] - Delayed 3 second(s)

2018-11-12 14:27:12 - [MESSAGE][PASSED] - Text 'F2D6J' is set on object 'Object Repository/F5140-Add Zone Functionalities/QA-US88570-Add Zone/US38196-Save a New Zone/Add Edit Zone/zoneID'

2018-11-12 14:27:12 - [MESSAGE][PASSED] - Text 'OXPCUFM' is set on object 'Object Repository/F5140-Add Zone Functionalities/QA-US88570-Add Zone/US38196-Save a New Zone/Add Edit Zone/zoneName'

2018-11-12 14:27:12 - [MESSAGE][PASSED] - Execute JavaScript 'document.querySelector('#zone-type').shadowRoot.querySelector('#trigger').click()' successfully

2018-11-12 14:27:12 - [MESSAGE][PASSED] - Execute JavaScript 'return document.querySelector('#zone-type').shadowRoot.querySelector('#content').shadowRoot.querySelectorAll('#selector > div').length' successfully

2018-11-12 14:27:12 - [MESSAGE][PASSED] - Execute JavaScript 'document.querySelector('#zone-type').shadowRoot.querySelector('#content').shadowRoot.querySelector('#selector > div:nth-child(4)').click()' successfully

2018-11-12 14:27:12 - [TEST_STEP][PASSED] - com.ge.tms.commonactions.RailroadActions.clickOnZoneSaveButton: com.ge.tms.commonactions.RailroadActions.clickOnZoneSaveButton is PASSED

2018-11-12 14:27:12 - [MESSAGE][PASSED] - Send request successfully

2018-11-12 14:27:12 - [MESSAGE][PASSED] - Send request successfully

2018-11-12 14:27:12 - [MESSAGE][PASSED] - Send request successfully

2018-11-12 14:27:12 - [MESSAGE][PASSED] - Send request successfully

2018-11-12 14:27:12 - [MESSAGE][PASSED] - Object: 'Object Repository/F5140-Add Zone Functionalities/QA-US88570-Add Zone/US38196-Save a New Zone/Add Edit Zone/zoneSaveButton' is clicked on

2018-11-12 14:27:15 - [MESSAGE][PASSED] - Delayed 3 second(s)

2018-11-12 14:27:15 - [MESSAGE][PASSED] - com.ge.tms.commonactions.RailroadActions.clickOnZoneSaveButton is PASSED

2018-11-12 14:27:15 - [TEST_STEP][PASSED] - Statement - actions.setStaionForStationzoneSearchField(): Text 'XS1BMEE' is set on object 'Object Repository/CommonObjects/searchTextBoxLeftNav'

2018-11-12 14:27:15 - [MESSAGE][PASSED] - Text 'XS1BMEE' is set on object 'Object Repository/CommonObjects/searchTextBoxLeftNav'

2018-11-12 14:27:15 - [TEST_STEP][PASSED] - delay: Delayed 1 second(s)

2018-11-12 14:27:16 - [MESSAGE][PASSED] - Delayed 1 second(s)

2018-11-12 14:27:16 - [TEST_STEP][PASSED] - Statement - actions.setValuesAddTrackFromStation(empty): Execute JavaScript 'document.querySelector('#zoneId').shadowRoot.querySelector('px-overlay-content > #content').shadowRoot.querySelector('#dropdown > div > #selector > div:nth-child(1)').click()' successfully

2018-11-12 14:27:16 - [MESSAGE][PASSED] - Execute JavaScript 'document.querySelector('px-tree').shadowRoot.querySelector('px-tree-node').shadowRoot.querySelector('li').click()' successfully

2018-11-12 14:27:16 - [MESSAGE][PASSED] - Object: 'Object Repository/F5362 - Configure and Manage Track/AddTrackButton' is clicked on

2018-11-12 14:27:17 - [MESSAGE][PASSED] - Delayed 1 second(s)

2018-11-12 14:27:18 - [MESSAGE][PASSED] - Text 'JBENFN' is set on object 'Object Repository/F5362 - Configure and Manage Track/Track_id_input'

2018-11-12 14:27:18 - [MESSAGE][PASSED] - Text 'NQ6HN7DENT' is set on object 'Object Repository/F5362 - Configure and Manage Track/Track_Description_input'

2018-11-12 14:27:18 - [MESSAGE][PASSED] - Execute JavaScript 'return document.querySelector('#trackType').shadowRoot.querySelector('px-overlay-content > #content').shadowRoot.querySelectorAll('#dropdown > div > #selector > div').length' successfully

2018-11-12 14:27:18 - [MESSAGE][PASSED] - Execute JavaScript 'document.querySelector('#trackType').shadowRoot.querySelector('px-overlay-content > #content').shadowRoot.querySelector('#dropdown > div > #selector > div:nth-child(7)').click()' successfully

2018-11-12 14:27:18 - [MESSAGE][PASSED] - Text '3' is set on object 'Object Repository/F5362 - Configure and Manage Track/Track_Length_input'

2018-11-12 14:27:18 - [MESSAGE][PASSED] - Text '2' is set on object 'Object Repository/F5362 - Configure and Manage Track/Car_Capacity_input'

2018-11-12 14:27:18 - [MESSAGE][PASSED] - Execute JavaScript 'return document.querySelector('#trackConditionCode').shadowRoot.querySelector('px-overlay-content > #content').shadowRoot.querySelectorAll('#dropdown > div > #selector > div').length' successfully

2018-11-12 14:27:18 - [MESSAGE][PASSED] - Execute JavaScript 'document.querySelector('#trackConditionCode').shadowRoot.querySelector('px-overlay-content > #content').shadowRoot.querySelector('#dropdown > div > #selector > div:nth-child(2)').click()' successfully

2018-11-12 14:27:18 - [MESSAGE][PASSED] - Execute JavaScript 'document.querySelector('#zoneId').shadowRoot.querySelector('#trigger').shadowRoot.querySelector('#trigger').click()' successfully

2018-11-12 14:27:18 - [MESSAGE][PASSED] - Execute JavaScript 'return document.querySelector('#zoneId').shadowRoot.querySelector('px-overlay-content > #content').shadowRoot.querySelectorAll('#dropdown > div > #selector > div').length' successfully

2018-11-12 14:27:18 - [MESSAGE][PASSED] - Execute JavaScript 'document.querySelector('#zoneId').shadowRoot.querySelector('px-overlay-content > #content').shadowRoot.querySelector('#dropdown > div > #selector > div:nth-child(1)').click()' successfully

2018-11-12 14:27:18 - [TEST_STEP][PASSED] - Statement - actions.saveTrack(): Delayed 1 second(s)

2018-11-12 14:27:18 - [MESSAGE][PASSED] - Object: 'Object Repository/F5362 - Configure and Manage Track/SaveTrackButton' is clicked on

2018-11-12 14:27:19 - [MESSAGE][PASSED] - Delayed 1 second(s)

2018-11-12 14:27:19 - [TEST_STEP][PASSED] - delay: Delayed 2 second(s)

2018-11-12 14:27:21 - [MESSAGE][PASSED] - Delayed 2 second(s)

2018-11-12 14:27:21 - [TEST_STEP][PASSED] - Statement - actions.clickZoneUnderStation(): Execute JavaScript 'document.querySelector('px-tree').shadowRoot.querySelector('px-tree-node').shadowRoot.querySelector('#collapse > div > px-tree-node').shadowRoot.querySelector('li').click()' successfully

2018-11-12 14:27:21 - [MESSAGE][PASSED] - Execute JavaScript 'document.querySelector('px-tree').shadowRoot.querySelector('px-tree-node').shadowRoot.querySelector('#collapse > div > px-tree-node').shadowRoot.querySelector('li').click()' successfully

2018-11-12 14:27:21 - [TEST_STEP][PASSED] - com.ge.tms.railroad.RailroadVerification.verifyNewlyAddedTrack: com.ge.tms.railroad.RailroadVerification.verifyNewlyAddedTrack is PASSED

2018-11-12 14:27:21 - [MESSAGE][PASSED] - Send request successfully

2018-11-12 14:27:21 - [MESSAGE][PASSED] - Send request successfully

2018-11-12 14:27:21 - [MESSAGE][PASSED] - Send request successfully

2018-11-12 14:27:21 - [MESSAGE][PASSED] - Send request successfully

2018-11-12 14:27:21 - [MESSAGE][PASSED] - Send request successfully

2018-11-12 14:27:21 - [MESSAGE][PASSED] - Send request successfully

2018-11-12 14:27:21 - [MESSAGE][PASSED] - Send request successfully

2018-11-12 14:27:21 - [MESSAGE][PASSED] - Send request successfully

2018-11-12 14:27:21 - [MESSAGE][PASSED] - Text of object 'Object Repository/F5362 - Configure and Manage Track/Track_First_row_column_trackid' is: 'JBENFN'

2018-11-12 14:27:22 - [MESSAGE][PASSED] - Text 'JBENFN' is set on object 'Object Repository/F5362 - Configure and Manage Track/Track_search_field_row1_trackid'

2018-11-12 14:27:22 - [MESSAGE][PASSED] - Actual object 'JBENFN' and expected object 'JBENFN' are equal

2018-11-12 14:27:22 - [MESSAGE][PASSED] - com.ge.tms.railroad.RailroadVerification.verifyNewlyAddedTrack is PASSED

2018-11-12 14:27:22 - [TEST_STEP][PASSED] - com.ge.tms.commonactions.RailroadActions.clickOnDeleteTrack: com.ge.tms.commonactions.RailroadActions.clickOnDeleteTrack is PASSED

2018-11-12 14:27:22 - [MESSAGE][PASSED] - Send request successfully

2018-11-12 14:27:22 - [MESSAGE][PASSED] - Send request successfully

2018-11-12 14:27:22 - [MESSAGE][PASSED] - Send request successfully

2018-11-12 14:27:22 - [MESSAGE][PASSED] - Send request successfully

2018-11-12 14:27:22 - [MESSAGE][PASSED] - Object: 'Object Repository/F5362 - Configure and Manage Track/deleteTrackButton' is clicked on

2018-11-12 14:27:22 - [MESSAGE][PASSED] - com.ge.tms.commonactions.RailroadActions.clickOnDeleteTrack is PASSED

2018-11-12 14:27:22 - [TEST_STEP][PASSED] - Statement - deleteYesButtonObj = com.kms.katalon.core.testobject.ObjectRepository.findTestObject(Object Repository/F5362 - Configure and Manage Track/deleteTrackYesButton): Finding Test Object with id 'Object Repository/F5362 - Configure and Manage Track/deleteTrackYesButton'

2018-11-12 14:27:22 - [TEST_STEP][PASSED] - com.ge.tms.commonactions.RailroadActions.clickOnTestObject: com.ge.tms.commonactions.RailroadActions.clickOnTestObject is PASSED

2018-11-12 14:27:22 - [MESSAGE][PASSED] - Send request successfully

2018-11-12 14:27:22 - [MESSAGE][PASSED] - Send request successfully

2018-11-12 14:27:22 - [MESSAGE][PASSED] - Send request successfully

2018-11-12 14:27:22 - [MESSAGE][PASSED] - Send request successfully

2018-11-12 14:27:22 - [MESSAGE][PASSED] - Object: 'Object Repository/F5362 - Configure and Manage Track/deleteTrackYesButton' is clicked on

2018-11-12 14:27:22 - [MESSAGE][PASSED] - com.ge.tms.commonactions.RailroadActions.clickOnTestObject is PASSED

2018-11-12 14:27:22 - [TEST_STEP][PASSED] - com.ge.tms.railroad.RailroadVerification.verifyNoTracksFoundInSearch: com.ge.tms.railroad.RailroadVerification.verifyNoTracksFoundInSearch is PASSED

2018-11-12 14:27:22 - [MESSAGE][PASSED] - Send request successfully

2018-11-12 14:27:22 - [MESSAGE][PASSED] - Send request successfully

2018-11-12 14:27:22 - [MESSAGE][PASSED] - Send request successfully

2018-11-12 14:27:22 - [MESSAGE][PASSED] - Send request successfully

2018-11-12 14:27:22 - [MESSAGE][PASSED] - Send request successfully

2018-11-12 14:27:22 - [MESSAGE][PASSED] - Send request successfully

2018-11-12 14:27:22 - [MESSAGE][PASSED] - Send request successfully

2018-11-12 14:27:22 - [MESSAGE][PASSED] - Send request successfully

2018-11-12 14:27:22 - [MESSAGE][PASSED] - Text 'JBENFN' is set on object 'Object Repository/F5362 - Configure and Manage Track/Track_search_field_row1_trackid'

2018-11-12 14:27:22 - [MESSAGE][PASSED] - Text of object 'Object Repository/F5362 - Configure and Manage Track/noRowsfound' is: 'No rows found'

2018-11-12 14:27:22 - [MESSAGE][PASSED] - Actual object 'No rows found' and expected object 'No rows found' are equal

2018-11-12 14:27:22 - [MESSAGE][PASSED] - com.ge.tms.railroad.RailroadVerification.verifyNoTracksFoundInSearch is PASSED

2018-11-12 14:27:22 - [TEST_STEP][PASSED] - delay: Delayed 2 second(s)

2018-11-12 14:27:24 - [MESSAGE][PASSED] - Delayed 2 second(s)

2018-11-12 14:27:24 - [TEST_STEP][PASSED] - com.ge.tms.commonactions.RailroadActions.clickOnZoneActionMenu: com.ge.tms.commonactions.RailroadActions.clickOnZoneActionMenu is PASSED

2018-11-12 14:27:24 - [MESSAGE][PASSED] - Send request successfully

2018-11-12 14:27:24 - [MESSAGE][PASSED] - Send request successfully

2018-11-12 14:27:24 - [MESSAGE][PASSED] - Send request successfully

2018-11-12 14:27:24 - [MESSAGE][PASSED] - Send request successfully

2018-11-12 14:27:24 - [MESSAGE][PASSED] - Execute JavaScript 'document.querySelector('#zone-actions-dropdown').shadowRoot.querySelector('#trigger').click()' successfully

2018-11-12 14:27:25 - [MESSAGE][PASSED] - Delayed 1 second(s)

2018-11-12 14:27:25 - [MESSAGE][PASSED] - com.ge.tms.commonactions.RailroadActions.clickOnZoneActionMenu is PASSED

2018-11-12 14:27:25 - [TEST_STEP][PASSED] - com.ge.tms.commonactions.RailroadActions.clickOnDeleteAction: com.ge.tms.commonactions.RailroadActions.clickOnDeleteAction is PASSED

2018-11-12 14:27:25 - [MESSAGE][PASSED] - Send request successfully

2018-11-12 14:27:25 - [MESSAGE][PASSED] - Send request successfully

2018-11-12 14:27:25 - [MESSAGE][PASSED] - Send request successfully

2018-11-12 14:27:25 - [MESSAGE][PASSED] - Send request successfully

2018-11-12 14:27:25 - [MESSAGE][PASSED] - Execute JavaScript 'document.querySelector('#zone-actions-dropdown').shadowRoot.querySelector('#content').shadowRoot.querySelector('#selector > div:nth-child(2)').click()' successfully

2018-11-12 14:27:25 - [MESSAGE][PASSED] - com.ge.tms.commonactions.RailroadActions.clickOnDeleteAction is PASSED

2018-11-12 14:27:25 - [TEST_STEP][PASSED] - delay: Delayed 1 second(s)

2018-11-12 14:27:26 - [MESSAGE][PASSED] - Delayed 1 second(s)

2018-11-12 14:27:26 - [TEST_STEP][PASSED] - Statement - deleteYesButtonObj = com.kms.katalon.core.testobject.ObjectRepository.findTestObject(Object Repository/F5140-Add Zone Functionalities/QA-US88570-Add Zone/US38196-Save a New Zone/Delete Zone/deleteYesButton): Finding Test Object with id 'Object Repository/F5140-Add Zone Functionalities/QA-US88570-Add Zone/US38196-Save a New Zone/Delete Zone/deleteYesButton'

2018-11-12 14:27:26 - [TEST_STEP][PASSED] - com.ge.tms.commonactions.RailroadActions.clickOnTestObject: com.ge.tms.commonactions.RailroadActions.clickOnTestObject is PASSED

2018-11-12 14:27:26 - [MESSAGE][PASSED] - Send request successfully

2018-11-12 14:27:26 - [MESSAGE][PASSED] - Send request successfully

2018-11-12 14:27:26 - [MESSAGE][PASSED] - Send request successfully

2018-11-12 14:27:26 - [MESSAGE][PASSED] - Send request successfully

2018-11-12 14:27:26 - [MESSAGE][PASSED] - Object: 'Object Repository/F5140-Add Zone Functionalities/QA-US88570-Add Zone/US38196-Save a New Zone/Delete Zone/deleteYesButton' is clicked on

2018-11-12 14:27:26 - [MESSAGE][PASSED] - com.ge.tms.commonactions.RailroadActions.clickOnTestObject is PASSED

2018-11-12 14:27:26 - [TEST_STEP][PASSED] - delay: Delayed 1 second(s)

2018-11-12 14:27:27 - [MESSAGE][PASSED] - Delayed 1 second(s)

2018-11-12 14:27:27 - [TEST_STEP][PASSED] - com.ge.tms.railroad.RailroadVerification.verifyViewStationIdAfterZoneDeletion: com.ge.tms.railroad.RailroadVerification.verifyViewStationIdAfterZoneDeletion is PASSED

2018-11-12 14:27:27 - [MESSAGE][PASSED] - Send request successfully

2018-11-12 14:27:27 - [MESSAGE][PASSED] - Send request successfully

2018-11-12 14:27:27 - [MESSAGE][PASSED] - Send request successfully

2018-11-12 14:27:27 - [MESSAGE][PASSED] - Send request successfully

2018-11-12 14:27:27 - [MESSAGE][PASSED] - Send request successfully

2018-11-12 14:27:27 - [MESSAGE][PASSED] - Send request successfully

2018-11-12 14:27:27 - [MESSAGE][PASSED] - Send request successfully

2018-11-12 14:27:27 - [MESSAGE][PASSED] - Send request successfully

2018-11-12 14:27:27 - [MESSAGE][PASSED] - Text of object 'Object Repository/F11822-Configure and Manage Stations/QA-US87586-View Stations/US84086-View Station Details/View Stations/div_StationCode' is: 'XS1BMEE'

2018-11-12 14:27:27 - [MESSAGE][PASSED] - Actual object 'XS1BMEE' and expected object 'XS1BMEE' are equal

2018-11-12 14:27:27 - [MESSAGE][PASSED] - com.ge.tms.railroad.RailroadVerification.verifyViewStationIdAfterZoneDeletion is PASSED

2018-11-12 14:27:27 - [TEST_STEP][PASSED] - com.ge.tms.commonactions.RailroadActions.clickOnStationActionMenu: com.ge.tms.commonactions.RailroadActions.clickOnStationActionMenu is PASSED

2018-11-12 14:27:27 - [MESSAGE][PASSED] - Send request successfully

2018-11-12 14:27:27 - [MESSAGE][PASSED] - Send request successfully

2018-11-12 14:27:27 - [MESSAGE][PASSED] - Send request successfully

2018-11-12 14:27:27 - [MESSAGE][PASSED] - Send request successfully

2018-11-12 14:27:27 - [MESSAGE][PASSED] - Execute JavaScript 'document.querySelector('#station-actions-dropdown').shadowRoot.querySelector('#trigger').click()' successfully

2018-11-12 14:27:28 - [MESSAGE][PASSED] - Delayed 1 second(s)

2018-11-12 14:27:28 - [MESSAGE][PASSED] - com.ge.tms.commonactions.RailroadActions.clickOnStationActionMenu is PASSED

2018-11-12 14:27:28 - [TEST_STEP][PASSED] - com.ge.tms.commonactions.RailroadActions.clickOnDeleteStationButton: com.ge.tms.commonactions.RailroadActions.clickOnDeleteStationButton is PASSED

2018-11-12 14:27:28 - [MESSAGE][PASSED] - Send request successfully

2018-11-12 14:27:28 - [MESSAGE][PASSED] - Send request successfully

2018-11-12 14:27:29 - [MESSAGE][PASSED] - Send request successfully

2018-11-12 14:27:29 - [MESSAGE][PASSED] - Send request successfully

2018-11-12 14:27:29 - [MESSAGE][PASSED] - Execute JavaScript 'document.querySelector('#station-actions-dropdown').shadowRoot.querySelector('#content').shadowRoot.querySelector('#selector > div:nth-child(2)').click()' successfully

2018-11-12 14:27:29 - [MESSAGE][PASSED] - com.ge.tms.commonactions.RailroadActions.clickOnDeleteStationButton is PASSED

2018-11-12 14:27:29 - [TEST_STEP][PASSED] - Statement - deleteYesButtonObj = com.kms.katalon.core.testobject.ObjectRepository.findTestObject(Object Repository/F11822-Configure and Manage Stations/deleteConfirmationYesButton): Finding Test Object with id 'Object Repository/F11822-Configure and Manage Stations/deleteConfirmationYesButton'

2018-11-12 14:27:29 - [TEST_STEP][PASSED] - com.ge.tms.commonactions.RailroadActions.clickOnTestObject: com.ge.tms.commonactions.RailroadActions.clickOnTestObject is PASSED

2018-11-12 14:27:29 - [MESSAGE][PASSED] - Send request successfully

2018-11-12 14:27:29 - [MESSAGE][PASSED] - Send request successfully

2018-11-12 14:27:29 - [MESSAGE][PASSED] - Send request successfully

2018-11-12 14:27:29 - [MESSAGE][PASSED] - Send request successfully

2018-11-12 14:27:29 - [MESSAGE][PASSED] - Object: 'Object Repository/F11822-Configure and Manage Stations/deleteConfirmationYesButton' is clicked on

2018-11-12 14:27:29 - [MESSAGE][PASSED] - com.ge.tms.commonactions.RailroadActions.clickOnTestObject is PASSED

2018-11-12 14:27:29 - [TEST_STEP][PASSED] - delay: Delayed 1 second(s)

2018-11-12 14:27:30 - [MESSAGE][PASSED] - Delayed 1 second(s)

2018-11-12 14:27:30 - [TEST_STEP][PASSED] - com.ge.tms.railroad.RailroadVerification.verifyDeletedItemNotPresentInSearchView: com.ge.tms.railroad.RailroadVerification.verifyDeletedItemNotPresentInSearchView is PASSED

2018-11-12 14:27:30 - [MESSAGE][PASSED] - Send request successfully

2018-11-12 14:27:30 - [MESSAGE][PASSED] - Send request successfully

2018-11-12 14:27:30 - [MESSAGE][PASSED] - Send request successfully

2018-11-12 14:27:30 - [MESSAGE][PASSED] - Send request successfully

2018-11-12 14:27:30 - [MESSAGE][PASSED] - Send request successfully

2018-11-12 14:27:30 - [MESSAGE][PASSED] - Send request successfully

2018-11-12 14:27:30 - [MESSAGE][PASSED] - Send request successfully

2018-11-12 14:27:30 - [MESSAGE][PASSED] - Send request successfully

2018-11-12 14:27:30 - [MESSAGE][PASSED] - Text 'XS1BMEE' is set on object 'Object Repository/CommonObjects/searchTextBoxLeftNav'

2018-11-12 14:27:32 - [MESSAGE][PASSED] - Delayed 2 second(s)

2018-11-12 14:27:32 - [MESSAGE][PASSED] - Text of object 'Object Repository/CommonObjects/noSearchResultMessageLeftNav' is: 'No stations or zones found.'

2018-11-12 14:27:32 - [MESSAGE][PASSED] - Actual object 'No stations or zones found.' and expected object 'No stations or zones found.' are equal

2018-11-12 14:27:32 - [MESSAGE][PASSED] - com.ge.tms.railroad.RailroadVerification.verifyDeletedItemNotPresentInSearchView is PASSED

2018-11-12 14:27:32 - [TEST_STEP][PASSED] - Start listener action : closeBrowserForTestCasse: Navigate to 'http://localhost:8080/home' successfully

2018-11-12 14:27:32 - [TEST_STEP][PASSED] - Statement - If (isTestSuitEnable == true): null

2018-11-12 14:27:32 - [TEST_STEP][PASSED] - Statement - beforeTestCaseExecute(): null

2018-11-12 14:27:32 - [TEST_STEP][PASSED] - Statement - If (isTestSuitEnable == true): Navigate to 'http://localhost:8080/home' successfully

2018-11-12 14:27:32 - [TEST_STEP][PASSED] - navigateToUrl: Navigate to 'http://localhost:8080/home' successfully

2018-11-12 14:27:33 - [MESSAGE][PASSED] - Navigate to 'http://localhost:8080/home' successfully

2018-11-12 14:27:33 - [TEST_STEP][PASSED] - Start listener action : afterTestCase: Invoke 'com.kms.katalon.core.annotation.AfterTestCase' method: 'TmsTestListner.afterTestCase(...)' completed.

2018-11-12 14:27:33 - [TEST_STEP][PASSED] - Statement - If (java.lang.System.getProperties().containsKey("updateRally")): Invoke 'com.kms.katalon.core.annotation.AfterTestCase' method: 'TmsTestListner.afterTestCase(...)' completed.]]></system-out>
         <system-err><![CDATA[]]></system-err>
      </testcase>
      <testcase name="Test Cases/Railroad/F5362 - Configure and manage track/QA - US92237/US39513 - Add track from zone/TC65592 - Add track from zone" classname="Test Cases/Railroad/F5362 - Configure and manage track/QA - US92237/US39513 - Add track from zone/TC65592 - Add track from zone" status="PASSED">
         <system-out><![CDATA[2018-11-12 14:27:33 - [TEST_CASE][PASSED] - Test Cases/Railroad/F5362 - Configure and manage track/QA - US92237/US39513 - Add track from zone/TC65592 - Add track from zone: Test Cases/Railroad/F5362 - Configure and manage track/QA - US92237/US39513 - Add track from zone/TC65592 - Add track from zone

2018-11-12 14:27:33 - [TEST_STEP][PASSED] - Start listener action : beforeTestCaseExecute: Navigate to 'http://localhost:8080/home' successfully

2018-11-12 14:27:33 - [TEST_STEP][PASSED] - Statement - If (isTestSuitEnable == true): Navigate to 'http://localhost:8080/home' successfully

2018-11-12 14:27:33 - [TEST_STEP][PASSED] - navigateToUrl: Navigate to 'http://localhost:8080/home' successfully

2018-11-12 14:27:34 - [MESSAGE][PASSED] - Navigate to 'http://localhost:8080/home' successfully

2018-11-12 14:27:34 - [TEST_STEP][PASSED] - Statement - util = new com.ge.tms.util.CommonUtilities(): Send request successfully

2018-11-12 14:27:34 - [MESSAGE][PASSED] - Send request successfully

2018-11-12 14:27:34 - [MESSAGE][PASSED] - Send request successfully

2018-11-12 14:27:34 - [MESSAGE][PASSED] - Send request successfully

2018-11-12 14:27:34 - [MESSAGE][PASSED] - Send request successfully

2018-11-12 14:27:34 - [TEST_STEP][PASSED] - Statement - actions = new com.ge.tms.commonactions.RailroadActions(): Send request successfully

2018-11-12 14:27:34 - [MESSAGE][PASSED] - Send request successfully

2018-11-12 14:27:34 - [MESSAGE][PASSED] - Send request successfully

2018-11-12 14:27:34 - [MESSAGE][PASSED] - Send request successfully

2018-11-12 14:27:34 - [MESSAGE][PASSED] - Send request successfully

2018-11-12 14:27:34 - [TEST_STEP][PASSED] - com.ge.tms.commonactions.CommonClickEvents.clickOnRailroadSetup: com.ge.tms.commonactions.CommonClickEvents.clickOnRailroadSetup is PASSED

2018-11-12 14:27:34 - [MESSAGE][PASSED] - Execute JavaScript 'document.querySelector('px-app-nav').shadowRoot.querySelector('#items > px-app-nav-group:nth-child(13) > px-app-nav-subitem:nth-child(1)').click()' successfully

2018-11-12 14:27:36 - [MESSAGE][PASSED] - Delayed 2 second(s)

2018-11-12 14:27:36 - [MESSAGE][PASSED] - com.ge.tms.commonactions.CommonClickEvents.clickOnRailroadSetup is PASSED

2018-11-12 14:27:36 - [TEST_STEP][PASSED] - com.ge.tms.commonactions.RailroadActions.clickOnSelectRailroadDropdown: com.ge.tms.commonactions.RailroadActions.clickOnSelectRailroadDropdown is PASSED

2018-11-12 14:27:36 - [MESSAGE][PASSED] - Send request successfully

2018-11-12 14:27:36 - [MESSAGE][PASSED] - Send request successfully

2018-11-12 14:27:36 - [MESSAGE][PASSED] - Send request successfully

2018-11-12 14:27:36 - [MESSAGE][PASSED] - Send request successfully

2018-11-12 14:27:36 - [MESSAGE][PASSED] - Execute JavaScript 'document.querySelector('#railroads-select-dropdown').shadowRoot.querySelector('#trigger').click()' successfully

2018-11-12 14:27:39 - [MESSAGE][PASSED] - Delayed 3 second(s)

2018-11-12 14:27:39 - [MESSAGE][PASSED] - com.ge.tms.commonactions.RailroadActions.clickOnSelectRailroadDropdown is PASSED

2018-11-12 14:27:39 - [TEST_STEP][PASSED] - com.ge.tms.commonactions.RailroadActions.selectRandomRailRoad: com.ge.tms.commonactions.RailroadActions.selectRandomRailRoad is PASSED

2018-11-12 14:27:39 - [MESSAGE][PASSED] - Send request successfully

2018-11-12 14:27:39 - [MESSAGE][PASSED] - Send request successfully

2018-11-12 14:27:39 - [MESSAGE][PASSED] - Send request successfully

2018-11-12 14:27:39 - [MESSAGE][PASSED] - Send request successfully

2018-11-12 14:27:39 - [MESSAGE][PASSED] - Execute JavaScript 'let railRoadList=[]; document.querySelector('#railroads-select-dropdown').shadowRoot.querySelector('#content').shadowRoot.querySelectorAll('#selector > div.dropdown-option').forEach(node => { railRoadList.push(node.getAttribute('title')) }); return railRoadList' successfully

2018-11-12 14:27:39 - [MESSAGE][PASSED] - Execute JavaScript 'return document.querySelector('#railroads-select-dropdown').shadowRoot.querySelector('#content').shadowRoot.querySelector('#selector > div:nth-child(2) span').innerHTML' successfully

2018-11-12 14:27:39 - [MESSAGE][PASSED] - Execute JavaScript 'return document.querySelector('#railroads-select-dropdown').shadowRoot.querySelector('#content').shadowRoot.querySelector('#selector > div:nth-child(2) span').click()' successfully

2018-11-12 14:27:39 - [MESSAGE][PASSED] - com.ge.tms.commonactions.RailroadActions.selectRandomRailRoad is PASSED

2018-11-12 14:27:39 - [TEST_STEP][PASSED] - delay: Delayed 2 second(s)

2018-11-12 14:27:41 - [MESSAGE][PASSED] - Delayed 2 second(s)

2018-11-12 14:27:41 - [TEST_STEP][PASSED] - Statement - setStationId = <not implemented yet for class: org.codehaus.groovy.ast.expr.EmptyExpression>: null

2018-11-12 14:27:41 - [TEST_STEP][PASSED] - Statement - actions.addStationMandatotyFields(setStationId): Delayed 3 second(s)

2018-11-12 14:27:41 - [MESSAGE][PASSED] - Object: 'Object Repository/F11822-Configure and Manage Stations/Add_New_Station_Button' is clicked on

2018-11-12 14:27:42 - [MESSAGE][PASSED] - Text 'CAPE0OW' is set on object 'Object Repository/F11822-Configure and Manage Stations/station_id'

2018-11-12 14:27:42 - [MESSAGE][PASSED] - Text 'E4DE7PY' is set on object 'Object Repository/F11822-Configure and Manage Stations/station_name'

2018-11-12 14:27:42 - [MESSAGE][PASSED] - Execute JavaScript 'document.querySelector('#splc').shadowRoot.querySelector('#trigger').shadowRoot.querySelector('#trigger').click()' successfully

2018-11-12 14:27:42 - [MESSAGE][PASSED] - Execute JavaScript 'return document.querySelector('#splc').shadowRoot.querySelector('px-overlay-content > #content').shadowRoot.querySelectorAll('#dropdown > div > #selector > div').length' successfully

2018-11-12 14:27:42 - [MESSAGE][PASSED] - Execute JavaScript 'document.querySelector('#splc').shadowRoot.querySelector('px-overlay-content > #content').shadowRoot.querySelector('#dropdown > div > #selector > div:nth-child(2)').click()' successfully

2018-11-12 14:27:42 - [MESSAGE][PASSED] - Execute JavaScript 'return document.querySelector('#fsac').shadowRoot.querySelector('px-overlay-content > #content').shadowRoot.querySelectorAll('#dropdown > div > #selector > div').length' successfully

2018-11-12 14:27:42 - [MESSAGE][PASSED] - Execute JavaScript 'document.querySelector('#fsac').shadowRoot.querySelector('px-overlay-content > #content').shadowRoot.querySelector('#dropdown > div > #selector > div:nth-child(1)').click()' successfully

2018-11-12 14:27:42 - [MESSAGE][PASSED] - Execute JavaScript 'return document.querySelector('#station-timezone-qualifier').shadowRoot.querySelector('px-overlay-content > #content').shadowRoot.querySelectorAll('#dropdown > div > #selector > div').length' successfully

2018-11-12 14:27:42 - [MESSAGE][PASSED] - Execute JavaScript 'document.querySelector('#station-timezone-qualifier').shadowRoot.querySelector('px-overlay-content > #content').shadowRoot.querySelector('#dropdown > div > #selector > div:nth-child(4)').click()' successfully

2018-11-12 14:27:42 - [MESSAGE][PASSED] - Execute JavaScript 'return document.querySelector('#country').shadowRoot.querySelector('px-overlay-content > #content').shadowRoot.querySelectorAll('#dropdown > div > #selector > div').length' successfully

2018-11-12 14:27:42 - [MESSAGE][PASSED] - Execute JavaScript 'document.querySelector('#country').shadowRoot.querySelector('px-overlay-content > #content').shadowRoot.querySelector('#dropdown > div > #selector > div:nth-child(2)').click()' successfully

2018-11-12 14:27:42 - [MESSAGE][PASSED] - Execute JavaScript 'return document.querySelector('#state').shadowRoot.querySelector('px-overlay-content > #content').shadowRoot.querySelectorAll('#dropdown > div > #selector > div').length' successfully

2018-11-12 14:27:42 - [MESSAGE][PASSED] - Execute JavaScript 'document.querySelector('#state').shadowRoot.querySelector('px-overlay-content > #content').shadowRoot.querySelector('#dropdown > div > #selector > div:nth-child(7)').click()' successfully

2018-11-12 14:27:42 - [MESSAGE][PASSED] - Object: 'Object Repository/F11822-Configure and Manage Stations/station_save_button' is clicked on

2018-11-12 14:27:45 - [MESSAGE][PASSED] - Delayed 3 second(s)

2018-11-12 14:27:45 - [TEST_STEP][PASSED] - delay: Delayed 2 second(s)

2018-11-12 14:27:47 - [MESSAGE][PASSED] - Delayed 2 second(s)

2018-11-12 14:27:47 - [TEST_STEP][PASSED] - Statement - setZoneId = <not implemented yet for class: org.codehaus.groovy.ast.expr.EmptyExpression>: null

2018-11-12 14:27:47 - [TEST_STEP][PASSED] - Statement - actions.addZone(setZoneId): Execute JavaScript 'document.querySelector('#zone-type').shadowRoot.querySelector('#content').shadowRoot.querySelector('#selector > div:nth-child(4)').click()' successfully

2018-11-12 14:27:47 - [MESSAGE][PASSED] - Object: 'Object Repository/F5140-Add Zone Functionalities/QA-US88570-Add Zone/US38196-Save a New Zone/Add Edit Zone/addNewZoneButton' is clicked on

2018-11-12 14:27:50 - [MESSAGE][PASSED] - Delayed 3 second(s)

2018-11-12 14:27:51 - [MESSAGE][PASSED] - Text 'EDVRX' is set on object 'Object Repository/F5140-Add Zone Functionalities/QA-US88570-Add Zone/US38196-Save a New Zone/Add Edit Zone/zoneID'

2018-11-12 14:27:51 - [MESSAGE][PASSED] - Text 'GMNCG4O' is set on object 'Object Repository/F5140-Add Zone Functionalities/QA-US88570-Add Zone/US38196-Save a New Zone/Add Edit Zone/zoneName'

2018-11-12 14:27:51 - [MESSAGE][PASSED] - Execute JavaScript 'document.querySelector('#zone-type').shadowRoot.querySelector('#trigger').click()' successfully

2018-11-12 14:27:51 - [MESSAGE][PASSED] - Execute JavaScript 'return document.querySelector('#zone-type').shadowRoot.querySelector('#content').shadowRoot.querySelectorAll('#selector > div').length' successfully

2018-11-12 14:27:51 - [MESSAGE][PASSED] - Execute JavaScript 'document.querySelector('#zone-type').shadowRoot.querySelector('#content').shadowRoot.querySelector('#selector > div:nth-child(4)').click()' successfully

2018-11-12 14:27:51 - [TEST_STEP][PASSED] - com.ge.tms.commonactions.RailroadActions.clickOnZoneSaveButton: com.ge.tms.commonactions.RailroadActions.clickOnZoneSaveButton is PASSED

2018-11-12 14:27:51 - [MESSAGE][PASSED] - Send request successfully

2018-11-12 14:27:51 - [MESSAGE][PASSED] - Send request successfully

2018-11-12 14:27:51 - [MESSAGE][PASSED] - Send request successfully

2018-11-12 14:27:51 - [MESSAGE][PASSED] - Send request successfully

2018-11-12 14:27:51 - [MESSAGE][PASSED] - Object: 'Object Repository/F5140-Add Zone Functionalities/QA-US88570-Add Zone/US38196-Save a New Zone/Add Edit Zone/zoneSaveButton' is clicked on

2018-11-12 14:27:54 - [MESSAGE][PASSED] - Delayed 3 second(s)

2018-11-12 14:27:54 - [MESSAGE][PASSED] - com.ge.tms.commonactions.RailroadActions.clickOnZoneSaveButton is PASSED

2018-11-12 14:27:54 - [TEST_STEP][PASSED] - Statement - setTrackId = <not implemented yet for class: org.codehaus.groovy.ast.expr.EmptyExpression>: null

2018-11-12 14:27:54 - [TEST_STEP][PASSED] - Statement - actions.saveNewTrackRecord(setTrackId): Execute JavaScript 'document.querySelector('#trackConditionCode').shadowRoot.querySelector('px-overlay-content > #content').shadowRoot.querySelector('#dropdown > div > #selector > div:nth-child(1)').click()' successfully

2018-11-12 14:27:54 - [MESSAGE][PASSED] - Object: 'Object Repository/F5362 - Configure and Manage Track/AddTrackButton' is clicked on

2018-11-12 14:27:55 - [MESSAGE][PASSED] - Delayed 1 second(s)

2018-11-12 14:27:55 - [MESSAGE][PASSED] - Text 'Z09NFV' is set on object 'Object Repository/F5362 - Configure and Manage Track/Track_id_input'

2018-11-12 14:27:55 - [MESSAGE][PASSED] - Text 'GGKR95CYC8' is set on object 'Object Repository/F5362 - Configure and Manage Track/Track_Description_input'

2018-11-12 14:27:55 - [MESSAGE][PASSED] - Execute JavaScript 'return document.querySelector('#trackType').shadowRoot.querySelector('px-overlay-content > #content').shadowRoot.querySelectorAll('#dropdown > div > #selector > div').length' successfully

2018-11-12 14:27:55 - [MESSAGE][PASSED] - Execute JavaScript 'document.querySelector('#trackType').shadowRoot.querySelector('px-overlay-content > #content').shadowRoot.querySelector('#dropdown > div > #selector > div:nth-child(4)').click()' successfully

2018-11-12 14:27:55 - [MESSAGE][PASSED] - Text '1' is set on object 'Object Repository/F5362 - Configure and Manage Track/Track_Length_input'

2018-11-12 14:27:55 - [MESSAGE][PASSED] - Text '1' is set on object 'Object Repository/F5362 - Configure and Manage Track/Car_Capacity_input'

2018-11-12 14:27:56 - [MESSAGE][PASSED] - Execute JavaScript 'return document.querySelector('#trackConditionCode').shadowRoot.querySelector('px-overlay-content > #content').shadowRoot.querySelectorAll('#dropdown > div > #selector > div').length' successfully

2018-11-12 14:27:56 - [MESSAGE][PASSED] - Execute JavaScript 'document.querySelector('#trackConditionCode').shadowRoot.querySelector('px-overlay-content > #content').shadowRoot.querySelector('#dropdown > div > #selector > div:nth-child(1)').click()' successfully

2018-11-12 14:27:56 - [TEST_STEP][PASSED] - Statement - actions.saveTrack(): Delayed 1 second(s)

2018-11-12 14:27:56 - [MESSAGE][PASSED] - Object: 'Object Repository/F5362 - Configure and Manage Track/SaveTrackButton' is clicked on

2018-11-12 14:27:57 - [MESSAGE][PASSED] - Delayed 1 second(s)

2018-11-12 14:27:57 - [TEST_STEP][PASSED] - com.ge.tms.railroad.RailroadVerification.verifyNewlyAddedTrack: com.ge.tms.railroad.RailroadVerification.verifyNewlyAddedTrack is PASSED

2018-11-12 14:27:57 - [MESSAGE][PASSED] - Send request successfully

2018-11-12 14:27:57 - [MESSAGE][PASSED] - Send request successfully

2018-11-12 14:27:57 - [MESSAGE][PASSED] - Send request successfully

2018-11-12 14:27:57 - [MESSAGE][PASSED] - Send request successfully

2018-11-12 14:27:57 - [MESSAGE][PASSED] - Send request successfully

2018-11-12 14:27:57 - [MESSAGE][PASSED] - Send request successfully

2018-11-12 14:27:57 - [MESSAGE][PASSED] - Send request successfully

2018-11-12 14:27:57 - [MESSAGE][PASSED] - Send request successfully

2018-11-12 14:27:57 - [MESSAGE][PASSED] - Text of object 'Object Repository/F5362 - Configure and Manage Track/Track_First_row_column_trackid' is: 'Z09NFV'

2018-11-12 14:27:57 - [MESSAGE][PASSED] - Text 'Z09NFV' is set on object 'Object Repository/F5362 - Configure and Manage Track/Track_search_field_row1_trackid'

2018-11-12 14:27:57 - [MESSAGE][PASSED] - Actual object 'Z09NFV' and expected object 'Z09NFV' are equal

2018-11-12 14:27:57 - [MESSAGE][PASSED] - com.ge.tms.railroad.RailroadVerification.verifyNewlyAddedTrack is PASSED

2018-11-12 14:27:57 - [TEST_STEP][PASSED] - com.ge.tms.commonactions.RailroadActions.clickOnDeleteTrack: com.ge.tms.commonactions.RailroadActions.clickOnDeleteTrack is PASSED

2018-11-12 14:27:57 - [MESSAGE][PASSED] - Send request successfully

2018-11-12 14:27:57 - [MESSAGE][PASSED] - Send request successfully

2018-11-12 14:27:57 - [MESSAGE][PASSED] - Send request successfully

2018-11-12 14:27:57 - [MESSAGE][PASSED] - Send request successfully

2018-11-12 14:27:57 - [MESSAGE][PASSED] - Object: 'Object Repository/F5362 - Configure and Manage Track/deleteTrackButton' is clicked on

2018-11-12 14:27:57 - [MESSAGE][PASSED] - com.ge.tms.commonactions.RailroadActions.clickOnDeleteTrack is PASSED

2018-11-12 14:27:57 - [TEST_STEP][PASSED] - Statement - deleteYesButtonObj = com.kms.katalon.core.testobject.ObjectRepository.findTestObject(Object Repository/F5362 - Configure and Manage Track/deleteTrackYesButton): Finding Test Object with id 'Object Repository/F5362 - Configure and Manage Track/deleteTrackYesButton'

2018-11-12 14:27:57 - [TEST_STEP][PASSED] - com.ge.tms.commonactions.RailroadActions.clickOnTestObject: com.ge.tms.commonactions.RailroadActions.clickOnTestObject is PASSED

2018-11-12 14:27:57 - [MESSAGE][PASSED] - Send request successfully

2018-11-12 14:27:57 - [MESSAGE][PASSED] - Send request successfully

2018-11-12 14:27:57 - [MESSAGE][PASSED] - Send request successfully

2018-11-12 14:27:57 - [MESSAGE][PASSED] - Send request successfully

2018-11-12 14:27:57 - [MESSAGE][PASSED] - Object: 'Object Repository/F5362 - Configure and Manage Track/deleteTrackYesButton' is clicked on

2018-11-12 14:27:57 - [MESSAGE][PASSED] - com.ge.tms.commonactions.RailroadActions.clickOnTestObject is PASSED

2018-11-12 14:27:57 - [TEST_STEP][PASSED] - com.ge.tms.railroad.RailroadVerification.verifyNoTracksFoundInSearch: com.ge.tms.railroad.RailroadVerification.verifyNoTracksFoundInSearch is PASSED

2018-11-12 14:27:57 - [MESSAGE][PASSED] - Send request successfully

2018-11-12 14:27:57 - [MESSAGE][PASSED] - Send request successfully

2018-11-12 14:27:57 - [MESSAGE][PASSED] - Send request successfully

2018-11-12 14:27:57 - [MESSAGE][PASSED] - Send request successfully

2018-11-12 14:27:57 - [MESSAGE][PASSED] - Send request successfully

2018-11-12 14:27:57 - [MESSAGE][PASSED] - Send request successfully

2018-11-12 14:27:57 - [MESSAGE][PASSED] - Send request successfully

2018-11-12 14:27:57 - [MESSAGE][PASSED] - Send request successfully

2018-11-12 14:27:58 - [MESSAGE][PASSED] - Text 'Z09NFV' is set on object 'Object Repository/F5362 - Configure and Manage Track/Track_search_field_row1_trackid'

2018-11-12 14:27:58 - [MESSAGE][PASSED] - Text of object 'Object Repository/F5362 - Configure and Manage Track/noRowsfound' is: 'No rows found'

2018-11-12 14:27:58 - [MESSAGE][PASSED] - Actual object 'No rows found' and expected object 'No rows found' are equal

2018-11-12 14:27:58 - [MESSAGE][PASSED] - com.ge.tms.railroad.RailroadVerification.verifyNoTracksFoundInSearch is PASSED

2018-11-12 14:27:58 - [TEST_STEP][PASSED] - delay: Delayed 2 second(s)

2018-11-12 14:28:00 - [MESSAGE][PASSED] - Delayed 2 second(s)

2018-11-12 14:28:00 - [TEST_STEP][PASSED] - com.ge.tms.commonactions.RailroadActions.clickOnZoneActionMenu: com.ge.tms.commonactions.RailroadActions.clickOnZoneActionMenu is PASSED

2018-11-12 14:28:00 - [MESSAGE][PASSED] - Send request successfully

2018-11-12 14:28:00 - [MESSAGE][PASSED] - Send request successfully

2018-11-12 14:28:00 - [MESSAGE][PASSED] - Send request successfully

2018-11-12 14:28:00 - [MESSAGE][PASSED] - Send request successfully

2018-11-12 14:28:00 - [MESSAGE][PASSED] - Execute JavaScript 'document.querySelector('#zone-actions-dropdown').shadowRoot.querySelector('#trigger').click()' successfully

2018-11-12 14:28:01 - [MESSAGE][PASSED] - Delayed 1 second(s)

2018-11-12 14:28:01 - [MESSAGE][PASSED] - com.ge.tms.commonactions.RailroadActions.clickOnZoneActionMenu is PASSED

2018-11-12 14:28:01 - [TEST_STEP][PASSED] - com.ge.tms.commonactions.RailroadActions.clickOnDeleteAction: com.ge.tms.commonactions.RailroadActions.clickOnDeleteAction is PASSED

2018-11-12 14:28:01 - [MESSAGE][PASSED] - Send request successfully

2018-11-12 14:28:01 - [MESSAGE][PASSED] - Send request successfully

2018-11-12 14:28:01 - [MESSAGE][PASSED] - Send request successfully

2018-11-12 14:28:01 - [MESSAGE][PASSED] - Send request successfully

2018-11-12 14:28:01 - [MESSAGE][PASSED] - Execute JavaScript 'document.querySelector('#zone-actions-dropdown').shadowRoot.querySelector('#content').shadowRoot.querySelector('#selector > div:nth-child(2)').click()' successfully

2018-11-12 14:28:01 - [MESSAGE][PASSED] - com.ge.tms.commonactions.RailroadActions.clickOnDeleteAction is PASSED

2018-11-12 14:28:01 - [TEST_STEP][PASSED] - delay: Delayed 1 second(s)

2018-11-12 14:28:02 - [MESSAGE][PASSED] - Delayed 1 second(s)

2018-11-12 14:28:02 - [TEST_STEP][PASSED] - Statement - deleteYesButtonObj = com.kms.katalon.core.testobject.ObjectRepository.findTestObject(Object Repository/F5140-Add Zone Functionalities/QA-US88570-Add Zone/US38196-Save a New Zone/Delete Zone/deleteYesButton): Finding Test Object with id 'Object Repository/F5140-Add Zone Functionalities/QA-US88570-Add Zone/US38196-Save a New Zone/Delete Zone/deleteYesButton'

2018-11-12 14:28:02 - [TEST_STEP][PASSED] - com.ge.tms.commonactions.RailroadActions.clickOnTestObject: com.ge.tms.commonactions.RailroadActions.clickOnTestObject is PASSED

2018-11-12 14:28:02 - [MESSAGE][PASSED] - Send request successfully

2018-11-12 14:28:02 - [MESSAGE][PASSED] - Send request successfully

2018-11-12 14:28:02 - [MESSAGE][PASSED] - Send request successfully

2018-11-12 14:28:02 - [MESSAGE][PASSED] - Send request successfully

2018-11-12 14:28:02 - [MESSAGE][PASSED] - Object: 'Object Repository/F5140-Add Zone Functionalities/QA-US88570-Add Zone/US38196-Save a New Zone/Delete Zone/deleteYesButton' is clicked on

2018-11-12 14:28:02 - [MESSAGE][PASSED] - com.ge.tms.commonactions.RailroadActions.clickOnTestObject is PASSED

2018-11-12 14:28:02 - [TEST_STEP][PASSED] - delay: Delayed 1 second(s)

2018-11-12 14:28:03 - [MESSAGE][PASSED] - Delayed 1 second(s)

2018-11-12 14:28:03 - [TEST_STEP][PASSED] - com.ge.tms.railroad.RailroadVerification.verifyViewStationIdAfterZoneDeletion: com.ge.tms.railroad.RailroadVerification.verifyViewStationIdAfterZoneDeletion is PASSED

2018-11-12 14:28:03 - [MESSAGE][PASSED] - Send request successfully

2018-11-12 14:28:03 - [MESSAGE][PASSED] - Send request successfully

2018-11-12 14:28:03 - [MESSAGE][PASSED] - Send request successfully

2018-11-12 14:28:03 - [MESSAGE][PASSED] - Send request successfully

2018-11-12 14:28:03 - [MESSAGE][PASSED] - Send request successfully

2018-11-12 14:28:03 - [MESSAGE][PASSED] - Send request successfully

2018-11-12 14:28:03 - [MESSAGE][PASSED] - Send request successfully

2018-11-12 14:28:03 - [MESSAGE][PASSED] - Send request successfully

2018-11-12 14:28:03 - [MESSAGE][PASSED] - Text of object 'Object Repository/F11822-Configure and Manage Stations/QA-US87586-View Stations/US84086-View Station Details/View Stations/div_StationCode' is: 'CAPE0OW'

2018-11-12 14:28:03 - [MESSAGE][PASSED] - Actual object 'CAPE0OW' and expected object 'CAPE0OW' are equal

2018-11-12 14:28:03 - [MESSAGE][PASSED] - com.ge.tms.railroad.RailroadVerification.verifyViewStationIdAfterZoneDeletion is PASSED

2018-11-12 14:28:03 - [TEST_STEP][PASSED] - com.ge.tms.commonactions.RailroadActions.clickOnStationActionMenu: com.ge.tms.commonactions.RailroadActions.clickOnStationActionMenu is PASSED

2018-11-12 14:28:03 - [MESSAGE][PASSED] - Send request successfully

2018-11-12 14:28:03 - [MESSAGE][PASSED] - Send request successfully

2018-11-12 14:28:03 - [MESSAGE][PASSED] - Send request successfully

2018-11-12 14:28:03 - [MESSAGE][PASSED] - Send request successfully

2018-11-12 14:28:03 - [MESSAGE][PASSED] - Execute JavaScript 'document.querySelector('#station-actions-dropdown').shadowRoot.querySelector('#trigger').click()' successfully

2018-11-12 14:28:04 - [MESSAGE][PASSED] - Delayed 1 second(s)

2018-11-12 14:28:04 - [MESSAGE][PASSED] - com.ge.tms.commonactions.RailroadActions.clickOnStationActionMenu is PASSED

2018-11-12 14:28:04 - [TEST_STEP][PASSED] - com.ge.tms.commonactions.RailroadActions.clickOnDeleteStationButton: com.ge.tms.commonactions.RailroadActions.clickOnDeleteStationButton is PASSED

2018-11-12 14:28:04 - [MESSAGE][PASSED] - Send request successfully

2018-11-12 14:28:04 - [MESSAGE][PASSED] - Send request successfully

2018-11-12 14:28:04 - [MESSAGE][PASSED] - Send request successfully

2018-11-12 14:28:04 - [MESSAGE][PASSED] - Send request successfully

2018-11-12 14:28:04 - [MESSAGE][PASSED] - Execute JavaScript 'document.querySelector('#station-actions-dropdown').shadowRoot.querySelector('#content').shadowRoot.querySelector('#selector > div:nth-child(2)').click()' successfully

2018-11-12 14:28:04 - [MESSAGE][PASSED] - com.ge.tms.commonactions.RailroadActions.clickOnDeleteStationButton is PASSED

2018-11-12 14:28:04 - [TEST_STEP][PASSED] - Statement - deleteYesButtonObj = com.kms.katalon.core.testobject.ObjectRepository.findTestObject(Object Repository/F11822-Configure and Manage Stations/deleteConfirmationYesButton): Finding Test Object with id 'Object Repository/F11822-Configure and Manage Stations/deleteConfirmationYesButton'

2018-11-12 14:28:04 - [TEST_STEP][PASSED] - com.ge.tms.commonactions.RailroadActions.clickOnTestObject: com.ge.tms.commonactions.RailroadActions.clickOnTestObject is PASSED

2018-11-12 14:28:04 - [MESSAGE][PASSED] - Send request successfully

2018-11-12 14:28:04 - [MESSAGE][PASSED] - Send request successfully

2018-11-12 14:28:04 - [MESSAGE][PASSED] - Send request successfully

2018-11-12 14:28:04 - [MESSAGE][PASSED] - Send request successfully

2018-11-12 14:28:04 - [MESSAGE][PASSED] - Object: 'Object Repository/F11822-Configure and Manage Stations/deleteConfirmationYesButton' is clicked on

2018-11-12 14:28:04 - [MESSAGE][PASSED] - com.ge.tms.commonactions.RailroadActions.clickOnTestObject is PASSED

2018-11-12 14:28:04 - [TEST_STEP][PASSED] - delay: Delayed 1 second(s)

2018-11-12 14:28:05 - [MESSAGE][PASSED] - Delayed 1 second(s)

2018-11-12 14:28:05 - [TEST_STEP][PASSED] - com.ge.tms.railroad.RailroadVerification.verifyDeletedItemNotPresentInSearchView: com.ge.tms.railroad.RailroadVerification.verifyDeletedItemNotPresentInSearchView is PASSED

2018-11-12 14:28:05 - [MESSAGE][PASSED] - Send request successfully

2018-11-12 14:28:05 - [MESSAGE][PASSED] - Send request successfully

2018-11-12 14:28:05 - [MESSAGE][PASSED] - Send request successfully

2018-11-12 14:28:05 - [MESSAGE][PASSED] - Send request successfully

2018-11-12 14:28:05 - [MESSAGE][PASSED] - Send request successfully

2018-11-12 14:28:05 - [MESSAGE][PASSED] - Send request successfully

2018-11-12 14:28:05 - [MESSAGE][PASSED] - Send request successfully

2018-11-12 14:28:05 - [MESSAGE][PASSED] - Send request successfully

2018-11-12 14:28:05 - [MESSAGE][PASSED] - Text 'CAPE0OW' is set on object 'Object Repository/CommonObjects/searchTextBoxLeftNav'

2018-11-12 14:28:07 - [MESSAGE][PASSED] - Delayed 2 second(s)

2018-11-12 14:28:07 - [MESSAGE][PASSED] - Text of object 'Object Repository/CommonObjects/noSearchResultMessageLeftNav' is: 'No stations or zones found.'

2018-11-12 14:28:07 - [MESSAGE][PASSED] - Actual object 'No stations or zones found.' and expected object 'No stations or zones found.' are equal

2018-11-12 14:28:07 - [MESSAGE][PASSED] - com.ge.tms.railroad.RailroadVerification.verifyDeletedItemNotPresentInSearchView is PASSED

2018-11-12 14:28:07 - [TEST_STEP][PASSED] - Start listener action : closeBrowserForTestCasse: Navigate to 'http://localhost:8080/home' successfully

2018-11-12 14:28:07 - [TEST_STEP][PASSED] - Statement - If (isTestSuitEnable == true): null

2018-11-12 14:28:07 - [TEST_STEP][PASSED] - Statement - beforeTestCaseExecute(): null

2018-11-12 14:28:07 - [TEST_STEP][PASSED] - Statement - If (isTestSuitEnable == true): Navigate to 'http://localhost:8080/home' successfully

2018-11-12 14:28:07 - [TEST_STEP][PASSED] - navigateToUrl: Navigate to 'http://localhost:8080/home' successfully

2018-11-12 14:28:08 - [MESSAGE][PASSED] - Navigate to 'http://localhost:8080/home' successfully

2018-11-12 14:28:08 - [TEST_STEP][PASSED] - Start listener action : afterTestCase: Invoke 'com.kms.katalon.core.annotation.AfterTestCase' method: 'TmsTestListner.afterTestCase(...)' completed.

2018-11-12 14:28:08 - [TEST_STEP][PASSED] - Statement - If (java.lang.System.getProperties().containsKey("updateRally")): Invoke 'com.kms.katalon.core.annotation.AfterTestCase' method: 'TmsTestListner.afterTestCase(...)' completed.]]></system-out>
         <system-err><![CDATA[]]></system-err>
      </testcase>
      <testcase name="Test Cases/Railroad/F5362 - Configure and manage track/QA - US88424/US39526 - Edit Track details/TC65864 - Edit Track and save" classname="Test Cases/Railroad/F5362 - Configure and manage track/QA - US88424/US39526 - Edit Track details/TC65864 - Edit Track and save" status="PASSED">
         <system-out><![CDATA[2018-11-12 14:28:08 - [TEST_CASE][PASSED] - Test Cases/Railroad/F5362 - Configure and manage track/QA - US88424/US39526 - Edit Track details/TC65864 - Edit Track and save: Test Cases/Railroad/F5362 - Configure and manage track/QA - US88424/US39526 - Edit Track details/TC65864 - Edit Track and save

2018-11-12 14:28:08 - [TEST_STEP][PASSED] - Start listener action : beforeTestCaseExecute: Navigate to 'http://localhost:8080/home' successfully

2018-11-12 14:28:08 - [TEST_STEP][PASSED] - Statement - If (isTestSuitEnable == true): Navigate to 'http://localhost:8080/home' successfully

2018-11-12 14:28:08 - [TEST_STEP][PASSED] - navigateToUrl: Navigate to 'http://localhost:8080/home' successfully

2018-11-12 14:28:09 - [MESSAGE][PASSED] - Navigate to 'http://localhost:8080/home' successfully

2018-11-12 14:28:09 - [TEST_STEP][PASSED] - Statement - util = new com.ge.tms.util.CommonUtilities(): Send request successfully

2018-11-12 14:28:09 - [MESSAGE][PASSED] - Send request successfully

2018-11-12 14:28:09 - [MESSAGE][PASSED] - Send request successfully

2018-11-12 14:28:09 - [MESSAGE][PASSED] - Send request successfully

2018-11-12 14:28:09 - [MESSAGE][PASSED] - Send request successfully

2018-11-12 14:28:09 - [TEST_STEP][PASSED] - Statement - actions = new com.ge.tms.commonactions.RailroadActions(): Send request successfully

2018-11-12 14:28:09 - [MESSAGE][PASSED] - Send request successfully

2018-11-12 14:28:09 - [MESSAGE][PASSED] - Send request successfully

2018-11-12 14:28:09 - [MESSAGE][PASSED] - Send request successfully

2018-11-12 14:28:09 - [MESSAGE][PASSED] - Send request successfully

2018-11-12 14:28:09 - [TEST_STEP][PASSED] - com.ge.tms.commonactions.CommonClickEvents.clickOnRailroadSetup: com.ge.tms.commonactions.CommonClickEvents.clickOnRailroadSetup is PASSED

2018-11-12 14:28:09 - [MESSAGE][PASSED] - Execute JavaScript 'document.querySelector('px-app-nav').shadowRoot.querySelector('#items > px-app-nav-group:nth-child(13) > px-app-nav-subitem:nth-child(1)').click()' successfully

2018-11-12 14:28:11 - [MESSAGE][PASSED] - Delayed 2 second(s)

2018-11-12 14:28:11 - [MESSAGE][PASSED] - com.ge.tms.commonactions.CommonClickEvents.clickOnRailroadSetup is PASSED

2018-11-12 14:28:11 - [TEST_STEP][PASSED] - com.ge.tms.commonactions.RailroadActions.clickOnSelectRailroadDropdown: com.ge.tms.commonactions.RailroadActions.clickOnSelectRailroadDropdown is PASSED

2018-11-12 14:28:11 - [MESSAGE][PASSED] - Send request successfully

2018-11-12 14:28:11 - [MESSAGE][PASSED] - Send request successfully

2018-11-12 14:28:11 - [MESSAGE][PASSED] - Send request successfully

2018-11-12 14:28:11 - [MESSAGE][PASSED] - Send request successfully

2018-11-12 14:28:11 - [MESSAGE][PASSED] - Execute JavaScript 'document.querySelector('#railroads-select-dropdown').shadowRoot.querySelector('#trigger').click()' successfully

2018-11-12 14:28:14 - [MESSAGE][PASSED] - Delayed 3 second(s)

2018-11-12 14:28:14 - [MESSAGE][PASSED] - com.ge.tms.commonactions.RailroadActions.clickOnSelectRailroadDropdown is PASSED

2018-11-12 14:28:14 - [TEST_STEP][PASSED] - com.ge.tms.commonactions.RailroadActions.selectRandomRailRoad: com.ge.tms.commonactions.RailroadActions.selectRandomRailRoad is PASSED

2018-11-12 14:28:14 - [MESSAGE][PASSED] - Send request successfully

2018-11-12 14:28:14 - [MESSAGE][PASSED] - Send request successfully

2018-11-12 14:28:14 - [MESSAGE][PASSED] - Send request successfully

2018-11-12 14:28:14 - [MESSAGE][PASSED] - Send request successfully

2018-11-12 14:28:14 - [MESSAGE][PASSED] - Execute JavaScript 'let railRoadList=[]; document.querySelector('#railroads-select-dropdown').shadowRoot.querySelector('#content').shadowRoot.querySelectorAll('#selector > div.dropdown-option').forEach(node => { railRoadList.push(node.getAttribute('title')) }); return railRoadList' successfully

2018-11-12 14:28:14 - [MESSAGE][PASSED] - Execute JavaScript 'return document.querySelector('#railroads-select-dropdown').shadowRoot.querySelector('#content').shadowRoot.querySelector('#selector > div:nth-child(5) span').innerHTML' successfully

2018-11-12 14:28:14 - [MESSAGE][PASSED] - Execute JavaScript 'return document.querySelector('#railroads-select-dropdown').shadowRoot.querySelector('#content').shadowRoot.querySelector('#selector > div:nth-child(5) span').click()' successfully

2018-11-12 14:28:14 - [MESSAGE][PASSED] - com.ge.tms.commonactions.RailroadActions.selectRandomRailRoad is PASSED

2018-11-12 14:28:14 - [TEST_STEP][PASSED] - delay: Delayed 2 second(s)

2018-11-12 14:28:16 - [MESSAGE][PASSED] - Delayed 2 second(s)

2018-11-12 14:28:16 - [TEST_STEP][PASSED] - Statement - setStationId = <not implemented yet for class: org.codehaus.groovy.ast.expr.EmptyExpression>: null

2018-11-12 14:28:16 - [TEST_STEP][PASSED] - Statement - actions.addStationMandatotyFields(setStationId): Delayed 3 second(s)

2018-11-12 14:28:17 - [MESSAGE][PASSED] - Object: 'Object Repository/F11822-Configure and Manage Stations/Add_New_Station_Button' is clicked on

2018-11-12 14:28:17 - [MESSAGE][PASSED] - Text 'RGZJMPU' is set on object 'Object Repository/F11822-Configure and Manage Stations/station_id'

2018-11-12 14:28:17 - [MESSAGE][PASSED] - Text 'KRPP9KP' is set on object 'Object Repository/F11822-Configure and Manage Stations/station_name'

2018-11-12 14:28:17 - [MESSAGE][PASSED] - Execute JavaScript 'document.querySelector('#splc').shadowRoot.querySelector('#trigger').shadowRoot.querySelector('#trigger').click()' successfully

2018-11-12 14:28:17 - [MESSAGE][PASSED] - Execute JavaScript 'return document.querySelector('#splc').shadowRoot.querySelector('px-overlay-content > #content').shadowRoot.querySelectorAll('#dropdown > div > #selector > div').length' successfully

2018-11-12 14:28:17 - [MESSAGE][PASSED] - Execute JavaScript 'document.querySelector('#splc').shadowRoot.querySelector('px-overlay-content > #content').shadowRoot.querySelector('#dropdown > div > #selector > div:nth-child(1)').click()' successfully

2018-11-12 14:28:17 - [MESSAGE][PASSED] - Execute JavaScript 'return document.querySelector('#fsac').shadowRoot.querySelector('px-overlay-content > #content').shadowRoot.querySelectorAll('#dropdown > div > #selector > div').length' successfully

2018-11-12 14:28:17 - [MESSAGE][PASSED] - Execute JavaScript 'document.querySelector('#fsac').shadowRoot.querySelector('px-overlay-content > #content').shadowRoot.querySelector('#dropdown > div > #selector > div:nth-child(1)').click()' successfully

2018-11-12 14:28:18 - [MESSAGE][PASSED] - Execute JavaScript 'return document.querySelector('#station-timezone-qualifier').shadowRoot.querySelector('px-overlay-content > #content').shadowRoot.querySelectorAll('#dropdown > div > #selector > div').length' successfully

2018-11-12 14:28:18 - [MESSAGE][PASSED] - Execute JavaScript 'document.querySelector('#station-timezone-qualifier').shadowRoot.querySelector('px-overlay-content > #content').shadowRoot.querySelector('#dropdown > div > #selector > div:nth-child(6)').click()' successfully

2018-11-12 14:28:18 - [MESSAGE][PASSED] - Execute JavaScript 'return document.querySelector('#country').shadowRoot.querySelector('px-overlay-content > #content').shadowRoot.querySelectorAll('#dropdown > div > #selector > div').length' successfully

2018-11-12 14:28:18 - [MESSAGE][PASSED] - Execute JavaScript 'document.querySelector('#country').shadowRoot.querySelector('px-overlay-content > #content').shadowRoot.querySelector('#dropdown > div > #selector > div:nth-child(1)').click()' successfully

2018-11-12 14:28:18 - [MESSAGE][PASSED] - Execute JavaScript 'return document.querySelector('#state').shadowRoot.querySelector('px-overlay-content > #content').shadowRoot.querySelectorAll('#dropdown > div > #selector > div').length' successfully

2018-11-12 14:28:18 - [MESSAGE][PASSED] - Execute JavaScript 'document.querySelector('#state').shadowRoot.querySelector('px-overlay-content > #content').shadowRoot.querySelector('#dropdown > div > #selector > div:nth-child(30)').click()' successfully

2018-11-12 14:28:18 - [MESSAGE][PASSED] - Object: 'Object Repository/F11822-Configure and Manage Stations/station_save_button' is clicked on

2018-11-12 14:28:21 - [MESSAGE][PASSED] - Delayed 3 second(s)

2018-11-12 14:28:21 - [TEST_STEP][PASSED] - delay: Delayed 2 second(s)

2018-11-12 14:28:23 - [MESSAGE][PASSED] - Delayed 2 second(s)

2018-11-12 14:28:23 - [TEST_STEP][PASSED] - Statement - setZoneId = <not implemented yet for class: org.codehaus.groovy.ast.expr.EmptyExpression>: null

2018-11-12 14:28:23 - [TEST_STEP][PASSED] - Statement - actions.addZone(setZoneId): Execute JavaScript 'document.querySelector('#zone-type').shadowRoot.querySelector('#content').shadowRoot.querySelector('#selector > div:nth-child(2)').click()' successfully

2018-11-12 14:28:23 - [MESSAGE][PASSED] - Object: 'Object Repository/F5140-Add Zone Functionalities/QA-US88570-Add Zone/US38196-Save a New Zone/Add Edit Zone/addNewZoneButton' is clicked on

2018-11-12 14:28:26 - [MESSAGE][PASSED] - Delayed 3 second(s)

2018-11-12 14:28:26 - [MESSAGE][PASSED] - Text 'UFCPQ' is set on object 'Object Repository/F5140-Add Zone Functionalities/QA-US88570-Add Zone/US38196-Save a New Zone/Add Edit Zone/zoneID'

2018-11-12 14:28:26 - [MESSAGE][PASSED] - Text '9SDC9OZ' is set on object 'Object Repository/F5140-Add Zone Functionalities/QA-US88570-Add Zone/US38196-Save a New Zone/Add Edit Zone/zoneName'

2018-11-12 14:28:26 - [MESSAGE][PASSED] - Execute JavaScript 'document.querySelector('#zone-type').shadowRoot.querySelector('#trigger').click()' successfully

2018-11-12 14:28:26 - [MESSAGE][PASSED] - Execute JavaScript 'return document.querySelector('#zone-type').shadowRoot.querySelector('#content').shadowRoot.querySelectorAll('#selector > div').length' successfully

2018-11-12 14:28:26 - [MESSAGE][PASSED] - Execute JavaScript 'document.querySelector('#zone-type').shadowRoot.querySelector('#content').shadowRoot.querySelector('#selector > div:nth-child(2)').click()' successfully

2018-11-12 14:28:26 - [TEST_STEP][PASSED] - com.ge.tms.commonactions.RailroadActions.clickOnZoneSaveButton: com.ge.tms.commonactions.RailroadActions.clickOnZoneSaveButton is PASSED

2018-11-12 14:28:26 - [MESSAGE][PASSED] - Send request successfully

2018-11-12 14:28:26 - [MESSAGE][PASSED] - Send request successfully

2018-11-12 14:28:26 - [MESSAGE][PASSED] - Send request successfully

2018-11-12 14:28:26 - [MESSAGE][PASSED] - Send request successfully

2018-11-12 14:28:26 - [MESSAGE][PASSED] - Object: 'Object Repository/F5140-Add Zone Functionalities/QA-US88570-Add Zone/US38196-Save a New Zone/Add Edit Zone/zoneSaveButton' is clicked on

2018-11-12 14:28:29 - [MESSAGE][PASSED] - Delayed 3 second(s)

2018-11-12 14:28:29 - [MESSAGE][PASSED] - com.ge.tms.commonactions.RailroadActions.clickOnZoneSaveButton is PASSED

2018-11-12 14:28:29 - [TEST_STEP][PASSED] - delay: Delayed 2 second(s)

2018-11-12 14:28:31 - [MESSAGE][PASSED] - Delayed 2 second(s)

2018-11-12 14:28:31 - [TEST_STEP][PASSED] - Statement - setTrackId = <not implemented yet for class: org.codehaus.groovy.ast.expr.EmptyExpression>: null

2018-11-12 14:28:31 - [TEST_STEP][PASSED] - Statement - actions.saveNewTrackRecord(setTrackId): Execute JavaScript 'document.querySelector('#trackConditionCode').shadowRoot.querySelector('px-overlay-content > #content').shadowRoot.querySelector('#dropdown > div > #selector > div:nth-child(3)').click()' successfully

2018-11-12 14:28:31 - [MESSAGE][PASSED] - Object: 'Object Repository/F5362 - Configure and Manage Track/AddTrackButton' is clicked on

2018-11-12 14:28:32 - [MESSAGE][PASSED] - Delayed 1 second(s)

2018-11-12 14:28:33 - [MESSAGE][PASSED] - Text 'JKL1IS' is set on object 'Object Repository/F5362 - Configure and Manage Track/Track_id_input'

2018-11-12 14:28:33 - [MESSAGE][PASSED] - Text 'VRTTF45LEU' is set on object 'Object Repository/F5362 - Configure and Manage Track/Track_Description_input'

2018-11-12 14:28:33 - [MESSAGE][PASSED] - Execute JavaScript 'return document.querySelector('#trackType').shadowRoot.querySelector('px-overlay-content > #content').shadowRoot.querySelectorAll('#dropdown > div > #selector > div').length' successfully

2018-11-12 14:28:33 - [MESSAGE][PASSED] - Execute JavaScript 'document.querySelector('#trackType').shadowRoot.querySelector('px-overlay-content > #content').shadowRoot.querySelector('#dropdown > div > #selector > div:nth-child(2)').click()' successfully

2018-11-12 14:28:33 - [MESSAGE][PASSED] - Text '1' is set on object 'Object Repository/F5362 - Configure and Manage Track/Track_Length_input'

2018-11-12 14:28:33 - [MESSAGE][PASSED] - Text '1' is set on object 'Object Repository/F5362 - Configure and Manage Track/Car_Capacity_input'

2018-11-12 14:28:33 - [MESSAGE][PASSED] - Execute JavaScript 'return document.querySelector('#trackConditionCode').shadowRoot.querySelector('px-overlay-content > #content').shadowRoot.querySelectorAll('#dropdown > div > #selector > div').length' successfully

2018-11-12 14:28:33 - [MESSAGE][PASSED] - Execute JavaScript 'document.querySelector('#trackConditionCode').shadowRoot.querySelector('px-overlay-content > #content').shadowRoot.querySelector('#dropdown > div > #selector > div:nth-child(3)').click()' successfully

2018-11-12 14:28:33 - [TEST_STEP][PASSED] - Statement - actions.saveTrack(): Delayed 1 second(s)

2018-11-12 14:28:33 - [MESSAGE][PASSED] - Object: 'Object Repository/F5362 - Configure and Manage Track/SaveTrackButton' is clicked on

2018-11-12 14:28:34 - [MESSAGE][PASSED] - Delayed 1 second(s)

2018-11-12 14:28:34 - [TEST_STEP][PASSED] - delay: Delayed 1 second(s)

2018-11-12 14:28:35 - [MESSAGE][PASSED] - Delayed 1 second(s)

2018-11-12 14:28:35 - [TEST_STEP][PASSED] - Statement - actions.editTrackLength(): Delayed 1 second(s)

2018-11-12 14:28:35 - [MESSAGE][PASSED] - Object: 'Object Repository/F5362 - Configure and Manage Track/edit_track_icon' is clicked on

2018-11-12 14:28:35 - [MESSAGE][PASSED] - Text '2' is set on object 'Object Repository/F5362 - Configure and Manage Track/Track_Length_input'

2018-11-12 14:28:36 - [MESSAGE][PASSED] - Delayed 1 second(s)

2018-11-12 14:28:36 - [TEST_STEP][PASSED] - Statement - actions.saveTrack(): Delayed 1 second(s)

2018-11-12 14:28:36 - [MESSAGE][PASSED] - Object: 'Object Repository/F5362 - Configure and Manage Track/SaveTrackButton' is clicked on

2018-11-12 14:28:37 - [MESSAGE][PASSED] - Delayed 1 second(s)

2018-11-12 14:28:37 - [TEST_STEP][PASSED] - com.ge.tms.railroad.RailroadVerification.verifyEditedTrackLength: com.ge.tms.railroad.RailroadVerification.verifyEditedTrackLength is PASSED

2018-11-12 14:28:37 - [MESSAGE][PASSED] - Send request successfully

2018-11-12 14:28:37 - [MESSAGE][PASSED] - Send request successfully

2018-11-12 14:28:37 - [MESSAGE][PASSED] - Send request successfully

2018-11-12 14:28:37 - [MESSAGE][PASSED] - Send request successfully

2018-11-12 14:28:37 - [MESSAGE][PASSED] - Send request successfully

2018-11-12 14:28:37 - [MESSAGE][PASSED] - Send request successfully

2018-11-12 14:28:37 - [MESSAGE][PASSED] - Send request successfully

2018-11-12 14:28:37 - [MESSAGE][PASSED] - Send request successfully

2018-11-12 14:28:37 - [MESSAGE][PASSED] - Text of object 'Object Repository/F5362 - Configure and Manage Track/Track_First_row_column_length' is: '2'

2018-11-12 14:28:38 - [MESSAGE][PASSED] - Text '2' is set on object 'Object Repository/F5362 - Configure and Manage Track/Track_search_row_length'

2018-11-12 14:28:38 - [MESSAGE][PASSED] - Actual object '2' and expected object '2' are equal

2018-11-12 14:28:38 - [MESSAGE][PASSED] - com.ge.tms.railroad.RailroadVerification.verifyEditedTrackLength is PASSED

2018-11-12 14:28:38 - [TEST_STEP][PASSED] - Statement - actions.editTrackType(): Execute JavaScript 'return document.querySelector('#trackType').shadowRoot.querySelector('#trigger').shadowRoot.querySelector('#label').innerHTML' successfully

2018-11-12 14:28:38 - [MESSAGE][PASSED] - Object: 'Object Repository/F5362 - Configure and Manage Track/edit_track_icon' is clicked on

2018-11-12 14:28:38 - [MESSAGE][PASSED] - Execute JavaScript 'return document.querySelector('#trackType').shadowRoot.querySelector('px-overlay-content > #content').shadowRoot.querySelectorAll('#dropdown > div > #selector > div').length' successfully

2018-11-12 14:28:38 - [MESSAGE][PASSED] - Execute JavaScript 'document.querySelector('#trackType').shadowRoot.querySelector('px-overlay-content > #content').shadowRoot.querySelector('#dropdown > div > #selector > div:nth-child(7)').click()' successfully

2018-11-12 14:28:40 - [MESSAGE][PASSED] - Delayed 2 second(s)

2018-11-12 14:28:40 - [MESSAGE][PASSED] - Execute JavaScript 'return document.querySelector('#trackType').shadowRoot.querySelector('#trigger').shadowRoot.querySelector('#label').innerHTML' successfully

2018-11-12 14:28:40 - [TEST_STEP][PASSED] - Statement - actions.saveTrack(): Delayed 1 second(s)

2018-11-12 14:28:40 - [MESSAGE][PASSED] - Object: 'Object Repository/F5362 - Configure and Manage Track/SaveTrackButton' is clicked on

2018-11-12 14:28:41 - [MESSAGE][PASSED] - Delayed 1 second(s)

2018-11-12 14:28:41 - [TEST_STEP][PASSED] - delay: Delayed 2 second(s)

2018-11-12 14:28:43 - [MESSAGE][PASSED] - Delayed 2 second(s)

2018-11-12 14:28:43 - [TEST_STEP][PASSED] - com.ge.tms.commonactions.RailroadActions.clickOnDeleteTrack: com.ge.tms.commonactions.RailroadActions.clickOnDeleteTrack is PASSED

2018-11-12 14:28:43 - [MESSAGE][PASSED] - Send request successfully

2018-11-12 14:28:43 - [MESSAGE][PASSED] - Send request successfully

2018-11-12 14:28:43 - [MESSAGE][PASSED] - Send request successfully

2018-11-12 14:28:43 - [MESSAGE][PASSED] - Send request successfully

2018-11-12 14:28:43 - [MESSAGE][PASSED] - Object: 'Object Repository/F5362 - Configure and Manage Track/deleteTrackButton' is clicked on

2018-11-12 14:28:43 - [MESSAGE][PASSED] - com.ge.tms.commonactions.RailroadActions.clickOnDeleteTrack is PASSED

2018-11-12 14:28:43 - [TEST_STEP][PASSED] - Statement - deleteYesButtonObj = com.kms.katalon.core.testobject.ObjectRepository.findTestObject(Object Repository/F5362 - Configure and Manage Track/deleteTrackYesButton): Finding Test Object with id 'Object Repository/F5362 - Configure and Manage Track/deleteTrackYesButton'

2018-11-12 14:28:43 - [TEST_STEP][PASSED] - com.ge.tms.commonactions.RailroadActions.clickOnTestObject: com.ge.tms.commonactions.RailroadActions.clickOnTestObject is PASSED

2018-11-12 14:28:43 - [MESSAGE][PASSED] - Send request successfully

2018-11-12 14:28:43 - [MESSAGE][PASSED] - Send request successfully

2018-11-12 14:28:43 - [MESSAGE][PASSED] - Send request successfully

2018-11-12 14:28:43 - [MESSAGE][PASSED] - Send request successfully

2018-11-12 14:28:43 - [MESSAGE][PASSED] - Object: 'Object Repository/F5362 - Configure and Manage Track/deleteTrackYesButton' is clicked on

2018-11-12 14:28:43 - [MESSAGE][PASSED] - com.ge.tms.commonactions.RailroadActions.clickOnTestObject is PASSED

2018-11-12 14:28:43 - [TEST_STEP][PASSED] - com.ge.tms.railroad.RailroadVerification.verifyNoTracksFoundInSearch: com.ge.tms.railroad.RailroadVerification.verifyNoTracksFoundInSearch is PASSED

2018-11-12 14:28:43 - [MESSAGE][PASSED] - Send request successfully

2018-11-12 14:28:43 - [MESSAGE][PASSED] - Send request successfully

2018-11-12 14:28:43 - [MESSAGE][PASSED] - Send request successfully

2018-11-12 14:28:43 - [MESSAGE][PASSED] - Send request successfully

2018-11-12 14:28:43 - [MESSAGE][PASSED] - Send request successfully

2018-11-12 14:28:43 - [MESSAGE][PASSED] - Send request successfully

2018-11-12 14:28:43 - [MESSAGE][PASSED] - Send request successfully

2018-11-12 14:28:43 - [MESSAGE][PASSED] - Send request successfully

2018-11-12 14:28:43 - [MESSAGE][PASSED] - Text 'JKL1IS' is set on object 'Object Repository/F5362 - Configure and Manage Track/Track_search_field_row1_trackid'

2018-11-12 14:28:43 - [MESSAGE][PASSED] - Text of object 'Object Repository/F5362 - Configure and Manage Track/noRowsfound' is: 'No rows found'

2018-11-12 14:28:43 - [MESSAGE][PASSED] - Actual object 'No rows found' and expected object 'No rows found' are equal

2018-11-12 14:28:43 - [MESSAGE][PASSED] - com.ge.tms.railroad.RailroadVerification.verifyNoTracksFoundInSearch is PASSED

2018-11-12 14:28:43 - [TEST_STEP][PASSED] - delay: Delayed 2 second(s)

2018-11-12 14:28:45 - [MESSAGE][PASSED] - Delayed 2 second(s)

2018-11-12 14:28:45 - [TEST_STEP][PASSED] - com.ge.tms.commonactions.RailroadActions.clickOnZoneActionMenu: com.ge.tms.commonactions.RailroadActions.clickOnZoneActionMenu is PASSED

2018-11-12 14:28:45 - [MESSAGE][PASSED] - Send request successfully

2018-11-12 14:28:45 - [MESSAGE][PASSED] - Send request successfully

2018-11-12 14:28:45 - [MESSAGE][PASSED] - Send request successfully

2018-11-12 14:28:45 - [MESSAGE][PASSED] - Send request successfully

2018-11-12 14:28:45 - [MESSAGE][PASSED] - Execute JavaScript 'document.querySelector('#zone-actions-dropdown').shadowRoot.querySelector('#trigger').click()' successfully

2018-11-12 14:28:46 - [MESSAGE][PASSED] - Delayed 1 second(s)

2018-11-12 14:28:46 - [MESSAGE][PASSED] - com.ge.tms.commonactions.RailroadActions.clickOnZoneActionMenu is PASSED

2018-11-12 14:28:46 - [TEST_STEP][PASSED] - com.ge.tms.commonactions.RailroadActions.clickOnDeleteAction: com.ge.tms.commonactions.RailroadActions.clickOnDeleteAction is PASSED

2018-11-12 14:28:46 - [MESSAGE][PASSED] - Send request successfully

2018-11-12 14:28:46 - [MESSAGE][PASSED] - Send request successfully

2018-11-12 14:28:46 - [MESSAGE][PASSED] - Send request successfully

2018-11-12 14:28:46 - [MESSAGE][PASSED] - Send request successfully

2018-11-12 14:28:46 - [MESSAGE][PASSED] - Execute JavaScript 'document.querySelector('#zone-actions-dropdown').shadowRoot.querySelector('#content').shadowRoot.querySelector('#selector > div:nth-child(2)').click()' successfully

2018-11-12 14:28:46 - [MESSAGE][PASSED] - com.ge.tms.commonactions.RailroadActions.clickOnDeleteAction is PASSED

2018-11-12 14:28:46 - [TEST_STEP][PASSED] - delay: Delayed 1 second(s)

2018-11-12 14:28:47 - [MESSAGE][PASSED] - Delayed 1 second(s)

2018-11-12 14:28:47 - [TEST_STEP][PASSED] - Statement - deleteYesButtonObj = com.kms.katalon.core.testobject.ObjectRepository.findTestObject(Object Repository/F5140-Add Zone Functionalities/QA-US88570-Add Zone/US38196-Save a New Zone/Delete Zone/deleteYesButton): Finding Test Object with id 'Object Repository/F5140-Add Zone Functionalities/QA-US88570-Add Zone/US38196-Save a New Zone/Delete Zone/deleteYesButton'

2018-11-12 14:28:47 - [TEST_STEP][PASSED] - com.ge.tms.commonactions.RailroadActions.clickOnTestObject: com.ge.tms.commonactions.RailroadActions.clickOnTestObject is PASSED

2018-11-12 14:28:47 - [MESSAGE][PASSED] - Send request successfully

2018-11-12 14:28:47 - [MESSAGE][PASSED] - Send request successfully

2018-11-12 14:28:47 - [MESSAGE][PASSED] - Send request successfully

2018-11-12 14:28:47 - [MESSAGE][PASSED] - Send request successfully

2018-11-12 14:28:47 - [MESSAGE][PASSED] - Object: 'Object Repository/F5140-Add Zone Functionalities/QA-US88570-Add Zone/US38196-Save a New Zone/Delete Zone/deleteYesButton' is clicked on

2018-11-12 14:28:47 - [MESSAGE][PASSED] - com.ge.tms.commonactions.RailroadActions.clickOnTestObject is PASSED

2018-11-12 14:28:47 - [TEST_STEP][PASSED] - delay: Delayed 1 second(s)

2018-11-12 14:28:49 - [MESSAGE][PASSED] - Delayed 1 second(s)

2018-11-12 14:28:49 - [TEST_STEP][PASSED] - com.ge.tms.railroad.RailroadVerification.verifyViewStationIdAfterZoneDeletion: com.ge.tms.railroad.RailroadVerification.verifyViewStationIdAfterZoneDeletion is PASSED

2018-11-12 14:28:49 - [MESSAGE][PASSED] - Send request successfully

2018-11-12 14:28:49 - [MESSAGE][PASSED] - Send request successfully

2018-11-12 14:28:49 - [MESSAGE][PASSED] - Send request successfully

2018-11-12 14:28:49 - [MESSAGE][PASSED] - Send request successfully

2018-11-12 14:28:49 - [MESSAGE][PASSED] - Send request successfully

2018-11-12 14:28:49 - [MESSAGE][PASSED] - Send request successfully

2018-11-12 14:28:49 - [MESSAGE][PASSED] - Send request successfully

2018-11-12 14:28:49 - [MESSAGE][PASSED] - Send request successfully

2018-11-12 14:28:49 - [MESSAGE][PASSED] - Text of object 'Object Repository/F11822-Configure and Manage Stations/QA-US87586-View Stations/US84086-View Station Details/View Stations/div_StationCode' is: 'RGZJMPU'

2018-11-12 14:28:49 - [MESSAGE][PASSED] - Actual object 'RGZJMPU' and expected object 'RGZJMPU' are equal

2018-11-12 14:28:49 - [MESSAGE][PASSED] - com.ge.tms.railroad.RailroadVerification.verifyViewStationIdAfterZoneDeletion is PASSED

2018-11-12 14:28:49 - [TEST_STEP][PASSED] - com.ge.tms.commonactions.RailroadActions.clickOnStationActionMenu: com.ge.tms.commonactions.RailroadActions.clickOnStationActionMenu is PASSED

2018-11-12 14:28:49 - [MESSAGE][PASSED] - Send request successfully

2018-11-12 14:28:49 - [MESSAGE][PASSED] - Send request successfully

2018-11-12 14:28:49 - [MESSAGE][PASSED] - Send request successfully

2018-11-12 14:28:49 - [MESSAGE][PASSED] - Send request successfully

2018-11-12 14:28:49 - [MESSAGE][PASSED] - Execute JavaScript 'document.querySelector('#station-actions-dropdown').shadowRoot.querySelector('#trigger').click()' successfully

2018-11-12 14:28:50 - [MESSAGE][PASSED] - Delayed 1 second(s)

2018-11-12 14:28:50 - [MESSAGE][PASSED] - com.ge.tms.commonactions.RailroadActions.clickOnStationActionMenu is PASSED

2018-11-12 14:28:50 - [TEST_STEP][PASSED] - com.ge.tms.commonactions.RailroadActions.clickOnDeleteStationButton: com.ge.tms.commonactions.RailroadActions.clickOnDeleteStationButton is PASSED

2018-11-12 14:28:50 - [MESSAGE][PASSED] - Send request successfully

2018-11-12 14:28:50 - [MESSAGE][PASSED] - Send request successfully

2018-11-12 14:28:50 - [MESSAGE][PASSED] - Send request successfully

2018-11-12 14:28:50 - [MESSAGE][PASSED] - Send request successfully

2018-11-12 14:28:50 - [MESSAGE][PASSED] - Execute JavaScript 'document.querySelector('#station-actions-dropdown').shadowRoot.querySelector('#content').shadowRoot.querySelector('#selector > div:nth-child(2)').click()' successfully

2018-11-12 14:28:50 - [MESSAGE][PASSED] - com.ge.tms.commonactions.RailroadActions.clickOnDeleteStationButton is PASSED

2018-11-12 14:28:50 - [TEST_STEP][PASSED] - Statement - deleteYesButtonObj = com.kms.katalon.core.testobject.ObjectRepository.findTestObject(Object Repository/F11822-Configure and Manage Stations/deleteConfirmationYesButton): Finding Test Object with id 'Object Repository/F11822-Configure and Manage Stations/deleteConfirmationYesButton'

2018-11-12 14:28:50 - [TEST_STEP][PASSED] - com.ge.tms.commonactions.RailroadActions.clickOnTestObject: com.ge.tms.commonactions.RailroadActions.clickOnTestObject is PASSED

2018-11-12 14:28:50 - [MESSAGE][PASSED] - Send request successfully

2018-11-12 14:28:50 - [MESSAGE][PASSED] - Send request successfully

2018-11-12 14:28:50 - [MESSAGE][PASSED] - Send request successfully

2018-11-12 14:28:50 - [MESSAGE][PASSED] - Send request successfully

2018-11-12 14:28:50 - [MESSAGE][PASSED] - Object: 'Object Repository/F11822-Configure and Manage Stations/deleteConfirmationYesButton' is clicked on

2018-11-12 14:28:50 - [MESSAGE][PASSED] - com.ge.tms.commonactions.RailroadActions.clickOnTestObject is PASSED

2018-11-12 14:28:50 - [TEST_STEP][PASSED] - delay: Delayed 1 second(s)

2018-11-12 14:28:51 - [MESSAGE][PASSED] - Delayed 1 second(s)

2018-11-12 14:28:51 - [TEST_STEP][PASSED] - com.ge.tms.railroad.RailroadVerification.verifyDeletedItemNotPresentInSearchView: com.ge.tms.railroad.RailroadVerification.verifyDeletedItemNotPresentInSearchView is PASSED

2018-11-12 14:28:51 - [MESSAGE][PASSED] - Send request successfully

2018-11-12 14:28:51 - [MESSAGE][PASSED] - Send request successfully

2018-11-12 14:28:51 - [MESSAGE][PASSED] - Send request successfully

2018-11-12 14:28:51 - [MESSAGE][PASSED] - Send request successfully

2018-11-12 14:28:51 - [MESSAGE][PASSED] - Send request successfully

2018-11-12 14:28:51 - [MESSAGE][PASSED] - Send request successfully

2018-11-12 14:28:51 - [MESSAGE][PASSED] - Send request successfully

2018-11-12 14:28:51 - [MESSAGE][PASSED] - Send request successfully

2018-11-12 14:28:51 - [MESSAGE][PASSED] - Text 'RGZJMPU' is set on object 'Object Repository/CommonObjects/searchTextBoxLeftNav'

2018-11-12 14:28:53 - [MESSAGE][PASSED] - Delayed 2 second(s)

2018-11-12 14:28:53 - [MESSAGE][PASSED] - Text of object 'Object Repository/CommonObjects/noSearchResultMessageLeftNav' is: 'No stations or zones found.'

2018-11-12 14:28:53 - [MESSAGE][PASSED] - Actual object 'No stations or zones found.' and expected object 'No stations or zones found.' are equal

2018-11-12 14:28:53 - [MESSAGE][PASSED] - com.ge.tms.railroad.RailroadVerification.verifyDeletedItemNotPresentInSearchView is PASSED

2018-11-12 14:28:53 - [TEST_STEP][PASSED] - Start listener action : closeBrowserForTestCasse: Navigate to 'http://localhost:8080/home' successfully

2018-11-12 14:28:53 - [TEST_STEP][PASSED] - Statement - If (isTestSuitEnable == true): null

2018-11-12 14:28:53 - [TEST_STEP][PASSED] - Statement - beforeTestCaseExecute(): null

2018-11-12 14:28:53 - [TEST_STEP][PASSED] - Statement - If (isTestSuitEnable == true): Navigate to 'http://localhost:8080/home' successfully

2018-11-12 14:28:53 - [TEST_STEP][PASSED] - navigateToUrl: Navigate to 'http://localhost:8080/home' successfully

2018-11-12 14:28:54 - [MESSAGE][PASSED] - Navigate to 'http://localhost:8080/home' successfully

2018-11-12 14:28:54 - [TEST_STEP][PASSED] - Start listener action : afterTestCase: Invoke 'com.kms.katalon.core.annotation.AfterTestCase' method: 'TmsTestListner.afterTestCase(...)' completed.

2018-11-12 14:28:54 - [TEST_STEP][PASSED] - Statement - If (java.lang.System.getProperties().containsKey("updateRally")): Invoke 'com.kms.katalon.core.annotation.AfterTestCase' method: 'TmsTestListner.afterTestCase(...)' completed.]]></system-out>
         <system-err><![CDATA[]]></system-err>
      </testcase>
      <testcase name="Test Cases/Railroad/F5362 - Configure and manage track/QA - US92237/US39513 - Add track from zone/TC65769 - Add track from zone - validations" classname="Test Cases/Railroad/F5362 - Configure and manage track/QA - US92237/US39513 - Add track from zone/TC65769 - Add track from zone - validations" status="PASSED">
         <system-out><![CDATA[2018-11-12 14:28:54 - [TEST_CASE][PASSED] - Test Cases/Railroad/F5362 - Configure and manage track/QA - US92237/US39513 - Add track from zone/TC65769 - Add track from zone - validations: Test Cases/Railroad/F5362 - Configure and manage track/QA - US92237/US39513 - Add track from zone/TC65769 - Add track from zone - validations

2018-11-12 14:28:54 - [TEST_STEP][PASSED] - Start listener action : beforeTestCaseExecute: Navigate to 'http://localhost:8080/home' successfully

2018-11-12 14:28:54 - [TEST_STEP][PASSED] - Statement - If (isTestSuitEnable == true): Navigate to 'http://localhost:8080/home' successfully

2018-11-12 14:28:54 - [TEST_STEP][PASSED] - navigateToUrl: Navigate to 'http://localhost:8080/home' successfully

2018-11-12 14:28:55 - [MESSAGE][PASSED] - Navigate to 'http://localhost:8080/home' successfully

2018-11-12 14:28:55 - [TEST_STEP][PASSED] - Statement - util = new com.ge.tms.util.CommonUtilities(): Send request successfully

2018-11-12 14:28:55 - [MESSAGE][PASSED] - Send request successfully

2018-11-12 14:28:55 - [MESSAGE][PASSED] - Send request successfully

2018-11-12 14:28:55 - [MESSAGE][PASSED] - Send request successfully

2018-11-12 14:28:55 - [MESSAGE][PASSED] - Send request successfully

2018-11-12 14:28:55 - [TEST_STEP][PASSED] - Statement - actions = new com.ge.tms.commonactions.RailroadActions(): Send request successfully

2018-11-12 14:28:55 - [MESSAGE][PASSED] - Send request successfully

2018-11-12 14:28:55 - [MESSAGE][PASSED] - Send request successfully

2018-11-12 14:28:55 - [MESSAGE][PASSED] - Send request successfully

2018-11-12 14:28:55 - [MESSAGE][PASSED] - Send request successfully

2018-11-12 14:28:55 - [TEST_STEP][PASSED] - com.ge.tms.commonactions.CommonClickEvents.clickOnRailroadSetup: com.ge.tms.commonactions.CommonClickEvents.clickOnRailroadSetup is PASSED

2018-11-12 14:28:55 - [MESSAGE][PASSED] - Execute JavaScript 'document.querySelector('px-app-nav').shadowRoot.querySelector('#items > px-app-nav-group:nth-child(13) > px-app-nav-subitem:nth-child(1)').click()' successfully

2018-11-12 14:28:57 - [MESSAGE][PASSED] - Delayed 2 second(s)

2018-11-12 14:28:57 - [MESSAGE][PASSED] - com.ge.tms.commonactions.CommonClickEvents.clickOnRailroadSetup is PASSED

2018-11-12 14:28:57 - [TEST_STEP][PASSED] - com.ge.tms.commonactions.RailroadActions.clickOnSelectRailroadDropdown: com.ge.tms.commonactions.RailroadActions.clickOnSelectRailroadDropdown is PASSED

2018-11-12 14:28:57 - [MESSAGE][PASSED] - Send request successfully

2018-11-12 14:28:57 - [MESSAGE][PASSED] - Send request successfully

2018-11-12 14:28:57 - [MESSAGE][PASSED] - Send request successfully

2018-11-12 14:28:57 - [MESSAGE][PASSED] - Send request successfully

2018-11-12 14:28:57 - [MESSAGE][PASSED] - Execute JavaScript 'document.querySelector('#railroads-select-dropdown').shadowRoot.querySelector('#trigger').click()' successfully

2018-11-12 14:29:00 - [MESSAGE][PASSED] - Delayed 3 second(s)

2018-11-12 14:29:00 - [MESSAGE][PASSED] - com.ge.tms.commonactions.RailroadActions.clickOnSelectRailroadDropdown is PASSED

2018-11-12 14:29:00 - [TEST_STEP][PASSED] - com.ge.tms.commonactions.RailroadActions.selectRandomRailRoad: com.ge.tms.commonactions.RailroadActions.selectRandomRailRoad is PASSED

2018-11-12 14:29:00 - [MESSAGE][PASSED] - Send request successfully

2018-11-12 14:29:00 - [MESSAGE][PASSED] - Send request successfully

2018-11-12 14:29:00 - [MESSAGE][PASSED] - Send request successfully

2018-11-12 14:29:00 - [MESSAGE][PASSED] - Send request successfully

2018-11-12 14:29:00 - [MESSAGE][PASSED] - Execute JavaScript 'let railRoadList=[]; document.querySelector('#railroads-select-dropdown').shadowRoot.querySelector('#content').shadowRoot.querySelectorAll('#selector > div.dropdown-option').forEach(node => { railRoadList.push(node.getAttribute('title')) }); return railRoadList' successfully

2018-11-12 14:29:00 - [MESSAGE][PASSED] - Execute JavaScript 'return document.querySelector('#railroads-select-dropdown').shadowRoot.querySelector('#content').shadowRoot.querySelector('#selector > div:nth-child(8) span').innerHTML' successfully

2018-11-12 14:29:00 - [MESSAGE][PASSED] - Execute JavaScript 'return document.querySelector('#railroads-select-dropdown').shadowRoot.querySelector('#content').shadowRoot.querySelector('#selector > div:nth-child(8) span').click()' successfully

2018-11-12 14:29:00 - [MESSAGE][PASSED] - com.ge.tms.commonactions.RailroadActions.selectRandomRailRoad is PASSED

2018-11-12 14:29:00 - [TEST_STEP][PASSED] - delay: Delayed 2 second(s)

2018-11-12 14:29:02 - [MESSAGE][PASSED] - Delayed 2 second(s)

2018-11-12 14:29:02 - [TEST_STEP][PASSED] - Statement - setStationId = <not implemented yet for class: org.codehaus.groovy.ast.expr.EmptyExpression>: null

2018-11-12 14:29:02 - [TEST_STEP][PASSED] - Statement - actions.addStationMandatotyFields(setStationId): Delayed 3 second(s)

2018-11-12 14:29:02 - [MESSAGE][PASSED] - Object: 'Object Repository/F11822-Configure and Manage Stations/Add_New_Station_Button' is clicked on

2018-11-12 14:29:03 - [MESSAGE][PASSED] - Text 'PSN2BJL' is set on object 'Object Repository/F11822-Configure and Manage Stations/station_id'

2018-11-12 14:29:03 - [MESSAGE][PASSED] - Text 'Z9R3YPO' is set on object 'Object Repository/F11822-Configure and Manage Stations/station_name'

2018-11-12 14:29:03 - [MESSAGE][PASSED] - Execute JavaScript 'document.querySelector('#splc').shadowRoot.querySelector('#trigger').shadowRoot.querySelector('#trigger').click()' successfully

2018-11-12 14:29:03 - [MESSAGE][PASSED] - Execute JavaScript 'return document.querySelector('#splc').shadowRoot.querySelector('px-overlay-content > #content').shadowRoot.querySelectorAll('#dropdown > div > #selector > div').length' successfully

2018-11-12 14:29:03 - [MESSAGE][PASSED] - Execute JavaScript 'document.querySelector('#splc').shadowRoot.querySelector('px-overlay-content > #content').shadowRoot.querySelector('#dropdown > div > #selector > div:nth-child(1)').click()' successfully

2018-11-12 14:29:03 - [MESSAGE][PASSED] - Execute JavaScript 'return document.querySelector('#fsac').shadowRoot.querySelector('px-overlay-content > #content').shadowRoot.querySelectorAll('#dropdown > div > #selector > div').length' successfully

2018-11-12 14:29:03 - [MESSAGE][PASSED] - Execute JavaScript 'document.querySelector('#fsac').shadowRoot.querySelector('px-overlay-content > #content').shadowRoot.querySelector('#dropdown > div > #selector > div:nth-child(1)').click()' successfully

2018-11-12 14:29:03 - [MESSAGE][PASSED] - Execute JavaScript 'return document.querySelector('#station-timezone-qualifier').shadowRoot.querySelector('px-overlay-content > #content').shadowRoot.querySelectorAll('#dropdown > div > #selector > div').length' successfully

2018-11-12 14:29:03 - [MESSAGE][PASSED] - Execute JavaScript 'document.querySelector('#station-timezone-qualifier').shadowRoot.querySelector('px-overlay-content > #content').shadowRoot.querySelector('#dropdown > div > #selector > div:nth-child(4)').click()' successfully

2018-11-12 14:29:03 - [MESSAGE][PASSED] - Execute JavaScript 'return document.querySelector('#country').shadowRoot.querySelector('px-overlay-content > #content').shadowRoot.querySelectorAll('#dropdown > div > #selector > div').length' successfully

2018-11-12 14:29:03 - [MESSAGE][PASSED] - Execute JavaScript 'document.querySelector('#country').shadowRoot.querySelector('px-overlay-content > #content').shadowRoot.querySelector('#dropdown > div > #selector > div:nth-child(1)').click()' successfully

2018-11-12 14:29:03 - [MESSAGE][PASSED] - Execute JavaScript 'return document.querySelector('#state').shadowRoot.querySelector('px-overlay-content > #content').shadowRoot.querySelectorAll('#dropdown > div > #selector > div').length' successfully

2018-11-12 14:29:03 - [MESSAGE][PASSED] - Execute JavaScript 'document.querySelector('#state').shadowRoot.querySelector('px-overlay-content > #content').shadowRoot.querySelector('#dropdown > div > #selector > div:nth-child(13)').click()' successfully

2018-11-12 14:29:03 - [MESSAGE][PASSED] - Object: 'Object Repository/F11822-Configure and Manage Stations/station_save_button' is clicked on

2018-11-12 14:29:06 - [MESSAGE][PASSED] - Delayed 3 second(s)

2018-11-12 14:29:06 - [TEST_STEP][PASSED] - delay: Delayed 2 second(s)

2018-11-12 14:29:08 - [MESSAGE][PASSED] - Delayed 2 second(s)

2018-11-12 14:29:08 - [TEST_STEP][PASSED] - Statement - setZoneId = <not implemented yet for class: org.codehaus.groovy.ast.expr.EmptyExpression>: null

2018-11-12 14:29:08 - [TEST_STEP][PASSED] - Statement - actions.addZone(setZoneId): Execute JavaScript 'document.querySelector('#zone-type').shadowRoot.querySelector('#content').shadowRoot.querySelector('#selector > div:nth-child(3)').click()' successfully

2018-11-12 14:29:09 - [MESSAGE][PASSED] - Object: 'Object Repository/F5140-Add Zone Functionalities/QA-US88570-Add Zone/US38196-Save a New Zone/Add Edit Zone/addNewZoneButton' is clicked on

2018-11-12 14:29:12 - [MESSAGE][PASSED] - Delayed 3 second(s)

2018-11-12 14:29:12 - [MESSAGE][PASSED] - Text '5KNJA' is set on object 'Object Repository/F5140-Add Zone Functionalities/QA-US88570-Add Zone/US38196-Save a New Zone/Add Edit Zone/zoneID'

2018-11-12 14:29:12 - [MESSAGE][PASSED] - Text 'FC2NSPO' is set on object 'Object Repository/F5140-Add Zone Functionalities/QA-US88570-Add Zone/US38196-Save a New Zone/Add Edit Zone/zoneName'

2018-11-12 14:29:12 - [MESSAGE][PASSED] - Execute JavaScript 'document.querySelector('#zone-type').shadowRoot.querySelector('#trigger').click()' successfully

2018-11-12 14:29:12 - [MESSAGE][PASSED] - Execute JavaScript 'return document.querySelector('#zone-type').shadowRoot.querySelector('#content').shadowRoot.querySelectorAll('#selector > div').length' successfully

2018-11-12 14:29:12 - [MESSAGE][PASSED] - Execute JavaScript 'document.querySelector('#zone-type').shadowRoot.querySelector('#content').shadowRoot.querySelector('#selector > div:nth-child(3)').click()' successfully

2018-11-12 14:29:12 - [TEST_STEP][PASSED] - com.ge.tms.commonactions.RailroadActions.clickOnZoneSaveButton: com.ge.tms.commonactions.RailroadActions.clickOnZoneSaveButton is PASSED

2018-11-12 14:29:12 - [MESSAGE][PASSED] - Send request successfully

2018-11-12 14:29:12 - [MESSAGE][PASSED] - Send request successfully

2018-11-12 14:29:12 - [MESSAGE][PASSED] - Send request successfully

2018-11-12 14:29:12 - [MESSAGE][PASSED] - Send request successfully

2018-11-12 14:29:12 - [MESSAGE][PASSED] - Object: 'Object Repository/F5140-Add Zone Functionalities/QA-US88570-Add Zone/US38196-Save a New Zone/Add Edit Zone/zoneSaveButton' is clicked on

2018-11-12 14:29:15 - [MESSAGE][PASSED] - Delayed 3 second(s)

2018-11-12 14:29:15 - [MESSAGE][PASSED] - com.ge.tms.commonactions.RailroadActions.clickOnZoneSaveButton is PASSED

2018-11-12 14:29:15 - [TEST_STEP][PASSED] - Statement - actions.clickOnAddNewTrackButton(): Delayed 1 second(s)

2018-11-12 14:29:15 - [MESSAGE][PASSED] - Object: 'Object Repository/F5362 - Configure and Manage Track/AddTrackButton' is clicked on

2018-11-12 14:29:16 - [MESSAGE][PASSED] - Delayed 1 second(s)

2018-11-12 14:29:16 - [TEST_STEP][PASSED] - com.ge.tms.railroad.RailroadVerification.verifyTrackErrorMessages: com.ge.tms.railroad.RailroadVerification.verifyTrackErrorMessages is PASSED

2018-11-12 14:29:16 - [MESSAGE][PASSED] - Send request successfully

2018-11-12 14:29:16 - [MESSAGE][PASSED] - Send request successfully

2018-11-12 14:29:16 - [MESSAGE][PASSED] - Send request successfully

2018-11-12 14:29:16 - [MESSAGE][PASSED] - Send request successfully

2018-11-12 14:29:16 - [MESSAGE][PASSED] - Send request successfully

2018-11-12 14:29:16 - [MESSAGE][PASSED] - Send request successfully

2018-11-12 14:29:16 - [MESSAGE][PASSED] - Send request successfully

2018-11-12 14:29:16 - [MESSAGE][PASSED] - Send request successfully

2018-11-12 14:29:16 - [MESSAGE][PASSED] - Object: 'Object Repository/F5362 - Configure and Manage Track/Track_id_input' is clicked on

2018-11-12 14:29:16 - [MESSAGE][PASSED] - Keys '	' sent to object: 'Object Repository/F5362 - Configure and Manage Track/Track_id_input'

2018-11-12 14:29:16 - [MESSAGE][PASSED] - Text of object 'Object Repository/F5362 - Configure and Manage Track/Track_Id_Error_Message' is: 'TRACK ID CANNOT BE EMPTY'

2018-11-12 14:29:16 - [MESSAGE][PASSED] - Actual object 'TRACK ID CANNOT BE EMPTY' and expected object 'TRACK ID CANNOT BE EMPTY' are equal

2018-11-12 14:29:16 - [MESSAGE][PASSED] - Attribute 'class' of object 'Object Repository/F5362 - Configure and Manage Track/SaveTrackButton' is: 'btn btn--disabled btn--call-to-action float--right'

2018-11-12 14:29:16 - [MESSAGE][PASSED] - Actual object 'true' and expected object 'true' are equal

2018-11-12 14:29:16 - [MESSAGE][PASSED] - Text 'A*@T&!' is set on object 'Object Repository/F5362 - Configure and Manage Track/Track_id_input'

2018-11-12 14:29:16 - [MESSAGE][PASSED] - Text of object 'Object Repository/F5362 - Configure and Manage Track/Track_Id_Error_Message' is: 'ALPHANUMERIC ONLY'

2018-11-12 14:29:16 - [MESSAGE][PASSED] - Actual object 'ALPHANUMERIC ONLY' and expected object 'ALPHANUMERIC ONLY' are equal

2018-11-12 14:29:16 - [MESSAGE][PASSED] - Attribute 'class' of object 'Object Repository/F5362 - Configure and Manage Track/SaveTrackButton' is: 'btn btn--disabled btn--call-to-action float--right'

2018-11-12 14:29:16 - [MESSAGE][PASSED] - Actual object 'true' and expected object 'true' are equal

2018-11-12 14:29:16 - [MESSAGE][PASSED] - Text of object 'Object Repository/F5362 - Configure and Manage Track/Track_Length_input' is cleared

2018-11-12 14:29:17 - [MESSAGE][PASSED] - Keys '	' sent to object: 'Object Repository/F5362 - Configure and Manage Track/Track_Length_input'

2018-11-12 14:29:17 - [MESSAGE][PASSED] - Text of object 'Object Repository/F5362 - Configure and Manage Track/Track_Length_Error_message' is: 'TRACK LENGTH CANNOT BE EMPTY'

2018-11-12 14:29:17 - [MESSAGE][PASSED] - Actual object 'TRACK LENGTH CANNOT BE EMPTY' and expected object 'TRACK LENGTH CANNOT BE EMPTY' are equal

2018-11-12 14:29:17 - [MESSAGE][PASSED] - Attribute 'class' of object 'Object Repository/F5362 - Configure and Manage Track/SaveTrackButton' is: 'btn btn--disabled btn--call-to-action float--right'

2018-11-12 14:29:17 - [MESSAGE][PASSED] - Actual object 'true' and expected object 'true' are equal

2018-11-12 14:29:17 - [MESSAGE][PASSED] - Object: 'Object Repository/F5362 - Configure and Manage Track/Track_Description_input' is clicked on

2018-11-12 14:29:17 - [MESSAGE][PASSED] - Keys '	' sent to object: 'Object Repository/F5362 - Configure and Manage Track/Track_Description_input'

2018-11-12 14:29:17 - [MESSAGE][PASSED] - Text of object 'Object Repository/F5362 - Configure and Manage Track/Track_Desc_Error_Message' is: 'TRACK DESCRIPTION CANNOT BE EMPTY'

2018-11-12 14:29:17 - [MESSAGE][PASSED] - Actual object 'TRACK DESCRIPTION CANNOT BE EMPTY' and expected object 'TRACK DESCRIPTION CANNOT BE EMPTY' are equal

2018-11-12 14:29:17 - [MESSAGE][PASSED] - Attribute 'class' of object 'Object Repository/F5362 - Configure and Manage Track/SaveTrackButton' is: 'btn btn--disabled btn--call-to-action float--right'

2018-11-12 14:29:17 - [MESSAGE][PASSED] - Actual object 'true' and expected object 'true' are equal

2018-11-12 14:29:17 - [MESSAGE][PASSED] - Execute JavaScript 'return document.querySelector('#trackType').shadowRoot.querySelector('px-overlay-content > #content').shadowRoot.querySelectorAll('#dropdown > div > #selector > div').length' successfully

2018-11-12 14:29:17 - [MESSAGE][PASSED] - Execute JavaScript 'document.querySelector('#trackType').shadowRoot.querySelector('px-overlay-content > #content').shadowRoot.querySelector('#dropdown > div > #selector > div:nth-child(1)').click()' successfully

2018-11-12 14:29:17 - [MESSAGE][PASSED] - Execute JavaScript 'document.querySelector('#trackType').shadowRoot.querySelector('#trigger').shadowRoot.querySelector('#trigger').click()' successfully

2018-11-12 14:29:17 - [MESSAGE][PASSED] - Execute JavaScript 'document.querySelector('#trackType').shadowRoot.querySelector('#trigger').shadowRoot.querySelector('px-icon').click()' successfully

2018-11-12 14:29:17 - [MESSAGE][PASSED] - Text of object 'Object Repository/F5362 - Configure and Manage Track/Track_Type_Error_Message' is: 'TRACK TYPE CANNOT BE EMPTY'

2018-11-12 14:29:17 - [MESSAGE][PASSED] - Actual object 'TRACK TYPE CANNOT BE EMPTY' and expected object 'TRACK TYPE CANNOT BE EMPTY' are equal

2018-11-12 14:29:17 - [MESSAGE][PASSED] - Attribute 'class' of object 'Object Repository/F5362 - Configure and Manage Track/SaveTrackButton' is: 'btn btn--disabled btn--call-to-action float--right'

2018-11-12 14:29:17 - [MESSAGE][PASSED] - Actual object 'true' and expected object 'true' are equal

2018-11-12 14:29:17 - [MESSAGE][PASSED] - com.ge.tms.railroad.RailroadVerification.verifyTrackErrorMessages is PASSED

2018-11-12 14:29:17 - [TEST_STEP][PASSED] - Statement - actions.clickCancelTrack(): Object: 'Object Repository/F5362 - Configure and Manage Track/CancelTrackButton' is clicked on

2018-11-12 14:29:17 - [MESSAGE][PASSED] - Object: 'Object Repository/F5362 - Configure and Manage Track/CancelTrackButton' is clicked on

2018-11-12 14:29:17 - [TEST_STEP][PASSED] - delay: Delayed 1 second(s)

2018-11-12 14:29:18 - [MESSAGE][PASSED] - Delayed 1 second(s)

2018-11-12 14:29:18 - [TEST_STEP][PASSED] - com.ge.tms.commonactions.RailroadActions.clickOnZoneActionMenu: com.ge.tms.commonactions.RailroadActions.clickOnZoneActionMenu is PASSED

2018-11-12 14:29:18 - [MESSAGE][PASSED] - Send request successfully

2018-11-12 14:29:18 - [MESSAGE][PASSED] - Send request successfully

2018-11-12 14:29:18 - [MESSAGE][PASSED] - Send request successfully

2018-11-12 14:29:18 - [MESSAGE][PASSED] - Send request successfully

2018-11-12 14:29:18 - [MESSAGE][PASSED] - Execute JavaScript 'document.querySelector('#zone-actions-dropdown').shadowRoot.querySelector('#trigger').click()' successfully

2018-11-12 14:29:19 - [MESSAGE][PASSED] - Delayed 1 second(s)

2018-11-12 14:29:19 - [MESSAGE][PASSED] - com.ge.tms.commonactions.RailroadActions.clickOnZoneActionMenu is PASSED

2018-11-12 14:29:19 - [TEST_STEP][PASSED] - com.ge.tms.commonactions.RailroadActions.clickOnDeleteAction: com.ge.tms.commonactions.RailroadActions.clickOnDeleteAction is PASSED

2018-11-12 14:29:19 - [MESSAGE][PASSED] - Send request successfully

2018-11-12 14:29:19 - [MESSAGE][PASSED] - Send request successfully

2018-11-12 14:29:19 - [MESSAGE][PASSED] - Send request successfully

2018-11-12 14:29:19 - [MESSAGE][PASSED] - Send request successfully

2018-11-12 14:29:19 - [MESSAGE][PASSED] - Execute JavaScript 'document.querySelector('#zone-actions-dropdown').shadowRoot.querySelector('#content').shadowRoot.querySelector('#selector > div:nth-child(2)').click()' successfully

2018-11-12 14:29:19 - [MESSAGE][PASSED] - com.ge.tms.commonactions.RailroadActions.clickOnDeleteAction is PASSED

2018-11-12 14:29:19 - [TEST_STEP][PASSED] - delay: Delayed 1 second(s)

2018-11-12 14:29:20 - [MESSAGE][PASSED] - Delayed 1 second(s)

2018-11-12 14:29:20 - [TEST_STEP][PASSED] - Statement - deleteYesButtonObj = com.kms.katalon.core.testobject.ObjectRepository.findTestObject(Object Repository/F5140-Add Zone Functionalities/QA-US88570-Add Zone/US38196-Save a New Zone/Delete Zone/deleteYesButton): Finding Test Object with id 'Object Repository/F5140-Add Zone Functionalities/QA-US88570-Add Zone/US38196-Save a New Zone/Delete Zone/deleteYesButton'

2018-11-12 14:29:20 - [TEST_STEP][PASSED] - com.ge.tms.commonactions.RailroadActions.clickOnTestObject: com.ge.tms.commonactions.RailroadActions.clickOnTestObject is PASSED

2018-11-12 14:29:20 - [MESSAGE][PASSED] - Send request successfully

2018-11-12 14:29:20 - [MESSAGE][PASSED] - Send request successfully

2018-11-12 14:29:20 - [MESSAGE][PASSED] - Send request successfully

2018-11-12 14:29:20 - [MESSAGE][PASSED] - Send request successfully

2018-11-12 14:29:20 - [MESSAGE][PASSED] - Object: 'Object Repository/F5140-Add Zone Functionalities/QA-US88570-Add Zone/US38196-Save a New Zone/Delete Zone/deleteYesButton' is clicked on

2018-11-12 14:29:20 - [MESSAGE][PASSED] - com.ge.tms.commonactions.RailroadActions.clickOnTestObject is PASSED

2018-11-12 14:29:20 - [TEST_STEP][PASSED] - delay: Delayed 1 second(s)

2018-11-12 14:29:21 - [MESSAGE][PASSED] - Delayed 1 second(s)

2018-11-12 14:29:21 - [TEST_STEP][PASSED] - com.ge.tms.railroad.RailroadVerification.verifyViewStationIdAfterZoneDeletion: com.ge.tms.railroad.RailroadVerification.verifyViewStationIdAfterZoneDeletion is PASSED

2018-11-12 14:29:21 - [MESSAGE][PASSED] - Send request successfully

2018-11-12 14:29:21 - [MESSAGE][PASSED] - Send request successfully

2018-11-12 14:29:21 - [MESSAGE][PASSED] - Send request successfully

2018-11-12 14:29:21 - [MESSAGE][PASSED] - Send request successfully

2018-11-12 14:29:21 - [MESSAGE][PASSED] - Send request successfully

2018-11-12 14:29:21 - [MESSAGE][PASSED] - Send request successfully

2018-11-12 14:29:21 - [MESSAGE][PASSED] - Send request successfully

2018-11-12 14:29:21 - [MESSAGE][PASSED] - Send request successfully

2018-11-12 14:29:21 - [MESSAGE][PASSED] - Text of object 'Object Repository/F11822-Configure and Manage Stations/QA-US87586-View Stations/US84086-View Station Details/View Stations/div_StationCode' is: 'PSN2BJL'

2018-11-12 14:29:21 - [MESSAGE][PASSED] - Actual object 'PSN2BJL' and expected object 'PSN2BJL' are equal

2018-11-12 14:29:21 - [MESSAGE][PASSED] - com.ge.tms.railroad.RailroadVerification.verifyViewStationIdAfterZoneDeletion is PASSED

2018-11-12 14:29:21 - [TEST_STEP][PASSED] - com.ge.tms.commonactions.RailroadActions.clickOnStationActionMenu: com.ge.tms.commonactions.RailroadActions.clickOnStationActionMenu is PASSED

2018-11-12 14:29:21 - [MESSAGE][PASSED] - Send request successfully

2018-11-12 14:29:21 - [MESSAGE][PASSED] - Send request successfully

2018-11-12 14:29:21 - [MESSAGE][PASSED] - Send request successfully

2018-11-12 14:29:21 - [MESSAGE][PASSED] - Send request successfully

2018-11-12 14:29:21 - [MESSAGE][PASSED] - Execute JavaScript 'document.querySelector('#station-actions-dropdown').shadowRoot.querySelector('#trigger').click()' successfully

2018-11-12 14:29:22 - [MESSAGE][PASSED] - Delayed 1 second(s)

2018-11-12 14:29:22 - [MESSAGE][PASSED] - com.ge.tms.commonactions.RailroadActions.clickOnStationActionMenu is PASSED

2018-11-12 14:29:22 - [TEST_STEP][PASSED] - com.ge.tms.commonactions.RailroadActions.clickOnDeleteStationButton: com.ge.tms.commonactions.RailroadActions.clickOnDeleteStationButton is PASSED

2018-11-12 14:29:22 - [MESSAGE][PASSED] - Send request successfully

2018-11-12 14:29:22 - [MESSAGE][PASSED] - Send request successfully

2018-11-12 14:29:22 - [MESSAGE][PASSED] - Send request successfully

2018-11-12 14:29:22 - [MESSAGE][PASSED] - Send request successfully

2018-11-12 14:29:22 - [MESSAGE][PASSED] - Execute JavaScript 'document.querySelector('#station-actions-dropdown').shadowRoot.querySelector('#content').shadowRoot.querySelector('#selector > div:nth-child(2)').click()' successfully

2018-11-12 14:29:22 - [MESSAGE][PASSED] - com.ge.tms.commonactions.RailroadActions.clickOnDeleteStationButton is PASSED

2018-11-12 14:29:22 - [TEST_STEP][PASSED] - Statement - deleteYesButtonObj = com.kms.katalon.core.testobject.ObjectRepository.findTestObject(Object Repository/F11822-Configure and Manage Stations/deleteConfirmationYesButton): Finding Test Object with id 'Object Repository/F11822-Configure and Manage Stations/deleteConfirmationYesButton'

2018-11-12 14:29:22 - [TEST_STEP][PASSED] - com.ge.tms.commonactions.RailroadActions.clickOnTestObject: com.ge.tms.commonactions.RailroadActions.clickOnTestObject is PASSED

2018-11-12 14:29:22 - [MESSAGE][PASSED] - Send request successfully

2018-11-12 14:29:22 - [MESSAGE][PASSED] - Send request successfully

2018-11-12 14:29:23 - [MESSAGE][PASSED] - Send request successfully

2018-11-12 14:29:23 - [MESSAGE][PASSED] - Send request successfully

2018-11-12 14:29:23 - [MESSAGE][PASSED] - Object: 'Object Repository/F11822-Configure and Manage Stations/deleteConfirmationYesButton' is clicked on

2018-11-12 14:29:23 - [MESSAGE][PASSED] - com.ge.tms.commonactions.RailroadActions.clickOnTestObject is PASSED

2018-11-12 14:29:23 - [TEST_STEP][PASSED] - delay: Delayed 1 second(s)

2018-11-12 14:29:24 - [MESSAGE][PASSED] - Delayed 1 second(s)

2018-11-12 14:29:24 - [TEST_STEP][PASSED] - com.ge.tms.railroad.RailroadVerification.verifyDeletedItemNotPresentInSearchView: com.ge.tms.railroad.RailroadVerification.verifyDeletedItemNotPresentInSearchView is PASSED

2018-11-12 14:29:24 - [MESSAGE][PASSED] - Send request successfully

2018-11-12 14:29:24 - [MESSAGE][PASSED] - Send request successfully

2018-11-12 14:29:24 - [MESSAGE][PASSED] - Send request successfully

2018-11-12 14:29:24 - [MESSAGE][PASSED] - Send request successfully

2018-11-12 14:29:24 - [MESSAGE][PASSED] - Send request successfully

2018-11-12 14:29:24 - [MESSAGE][PASSED] - Send request successfully

2018-11-12 14:29:24 - [MESSAGE][PASSED] - Send request successfully

2018-11-12 14:29:24 - [MESSAGE][PASSED] - Send request successfully

2018-11-12 14:29:24 - [MESSAGE][PASSED] - Text 'PSN2BJL' is set on object 'Object Repository/CommonObjects/searchTextBoxLeftNav'

2018-11-12 14:29:26 - [MESSAGE][PASSED] - Delayed 2 second(s)

2018-11-12 14:29:26 - [MESSAGE][PASSED] - Text of object 'Object Repository/CommonObjects/noSearchResultMessageLeftNav' is: 'No stations or zones found.'

2018-11-12 14:29:26 - [MESSAGE][PASSED] - Actual object 'No stations or zones found.' and expected object 'No stations or zones found.' are equal

2018-11-12 14:29:26 - [MESSAGE][PASSED] - com.ge.tms.railroad.RailroadVerification.verifyDeletedItemNotPresentInSearchView is PASSED

2018-11-12 14:29:26 - [TEST_STEP][PASSED] - Start listener action : closeBrowserForTestCasse: Navigate to 'http://localhost:8080/home' successfully

2018-11-12 14:29:26 - [TEST_STEP][PASSED] - Statement - If (isTestSuitEnable == true): null

2018-11-12 14:29:26 - [TEST_STEP][PASSED] - Statement - beforeTestCaseExecute(): null

2018-11-12 14:29:26 - [TEST_STEP][PASSED] - Statement - If (isTestSuitEnable == true): Navigate to 'http://localhost:8080/home' successfully

2018-11-12 14:29:26 - [TEST_STEP][PASSED] - navigateToUrl: Navigate to 'http://localhost:8080/home' successfully

2018-11-12 14:29:27 - [MESSAGE][PASSED] - Navigate to 'http://localhost:8080/home' successfully

2018-11-12 14:29:27 - [TEST_STEP][PASSED] - Start listener action : afterTestCase: Invoke 'com.kms.katalon.core.annotation.AfterTestCase' method: 'TmsTestListner.afterTestCase(...)' completed.

2018-11-12 14:29:27 - [TEST_STEP][PASSED] - Statement - If (java.lang.System.getProperties().containsKey("updateRally")): Invoke 'com.kms.katalon.core.annotation.AfterTestCase' method: 'TmsTestListner.afterTestCase(...)' completed.]]></system-out>
         <system-err><![CDATA[]]></system-err>
      </testcase>
      <testcase name="Test Cases/Railroad/F5362 - Configure and manage track/QA - US88424/US39526 - Edit Track details/TC65865 - Edit Track with validations" classname="Test Cases/Railroad/F5362 - Configure and manage track/QA - US88424/US39526 - Edit Track details/TC65865 - Edit Track with validations" status="PASSED">
         <system-out><![CDATA[2018-11-12 14:29:27 - [TEST_CASE][PASSED] - Test Cases/Railroad/F5362 - Configure and manage track/QA - US88424/US39526 - Edit Track details/TC65865 - Edit Track with validations: Test Cases/Railroad/F5362 - Configure and manage track/QA - US88424/US39526 - Edit Track details/TC65865 - Edit Track with validations

2018-11-12 14:29:27 - [TEST_STEP][PASSED] - Start listener action : beforeTestCaseExecute: Navigate to 'http://localhost:8080/home' successfully

2018-11-12 14:29:27 - [TEST_STEP][PASSED] - Statement - If (isTestSuitEnable == true): Navigate to 'http://localhost:8080/home' successfully

2018-11-12 14:29:27 - [TEST_STEP][PASSED] - navigateToUrl: Navigate to 'http://localhost:8080/home' successfully

2018-11-12 14:29:28 - [MESSAGE][PASSED] - Navigate to 'http://localhost:8080/home' successfully

2018-11-12 14:29:28 - [TEST_STEP][PASSED] - Statement - util = new com.ge.tms.util.CommonUtilities(): Send request successfully

2018-11-12 14:29:28 - [MESSAGE][PASSED] - Send request successfully

2018-11-12 14:29:28 - [MESSAGE][PASSED] - Send request successfully

2018-11-12 14:29:28 - [MESSAGE][PASSED] - Send request successfully

2018-11-12 14:29:28 - [MESSAGE][PASSED] - Send request successfully

2018-11-12 14:29:28 - [TEST_STEP][PASSED] - Statement - actions = new com.ge.tms.commonactions.RailroadActions(): Send request successfully

2018-11-12 14:29:28 - [MESSAGE][PASSED] - Send request successfully

2018-11-12 14:29:28 - [MESSAGE][PASSED] - Send request successfully

2018-11-12 14:29:28 - [MESSAGE][PASSED] - Send request successfully

2018-11-12 14:29:28 - [MESSAGE][PASSED] - Send request successfully

2018-11-12 14:29:28 - [TEST_STEP][PASSED] - com.ge.tms.commonactions.CommonClickEvents.clickOnRailroadSetup: com.ge.tms.commonactions.CommonClickEvents.clickOnRailroadSetup is PASSED

2018-11-12 14:29:28 - [MESSAGE][PASSED] - Execute JavaScript 'document.querySelector('px-app-nav').shadowRoot.querySelector('#items > px-app-nav-group:nth-child(13) > px-app-nav-subitem:nth-child(1)').click()' successfully

2018-11-12 14:29:30 - [MESSAGE][PASSED] - Delayed 2 second(s)

2018-11-12 14:29:30 - [MESSAGE][PASSED] - com.ge.tms.commonactions.CommonClickEvents.clickOnRailroadSetup is PASSED

2018-11-12 14:29:30 - [TEST_STEP][PASSED] - com.ge.tms.commonactions.RailroadActions.clickOnSelectRailroadDropdown: com.ge.tms.commonactions.RailroadActions.clickOnSelectRailroadDropdown is PASSED

2018-11-12 14:29:30 - [MESSAGE][PASSED] - Send request successfully

2018-11-12 14:29:30 - [MESSAGE][PASSED] - Send request successfully

2018-11-12 14:29:30 - [MESSAGE][PASSED] - Send request successfully

2018-11-12 14:29:30 - [MESSAGE][PASSED] - Send request successfully

2018-11-12 14:29:30 - [MESSAGE][PASSED] - Execute JavaScript 'document.querySelector('#railroads-select-dropdown').shadowRoot.querySelector('#trigger').click()' successfully

2018-11-12 14:29:33 - [MESSAGE][PASSED] - Delayed 3 second(s)

2018-11-12 14:29:33 - [MESSAGE][PASSED] - com.ge.tms.commonactions.RailroadActions.clickOnSelectRailroadDropdown is PASSED

2018-11-12 14:29:33 - [TEST_STEP][PASSED] - com.ge.tms.commonactions.RailroadActions.selectRandomRailRoad: com.ge.tms.commonactions.RailroadActions.selectRandomRailRoad is PASSED

2018-11-12 14:29:33 - [MESSAGE][PASSED] - Send request successfully

2018-11-12 14:29:33 - [MESSAGE][PASSED] - Send request successfully

2018-11-12 14:29:33 - [MESSAGE][PASSED] - Send request successfully

2018-11-12 14:29:33 - [MESSAGE][PASSED] - Send request successfully

2018-11-12 14:29:33 - [MESSAGE][PASSED] - Execute JavaScript 'let railRoadList=[]; document.querySelector('#railroads-select-dropdown').shadowRoot.querySelector('#content').shadowRoot.querySelectorAll('#selector > div.dropdown-option').forEach(node => { railRoadList.push(node.getAttribute('title')) }); return railRoadList' successfully

2018-11-12 14:29:33 - [MESSAGE][PASSED] - Execute JavaScript 'return document.querySelector('#railroads-select-dropdown').shadowRoot.querySelector('#content').shadowRoot.querySelector('#selector > div:nth-child(1) span').innerHTML' successfully

2018-11-12 14:29:33 - [MESSAGE][PASSED] - Execute JavaScript 'return document.querySelector('#railroads-select-dropdown').shadowRoot.querySelector('#content').shadowRoot.querySelector('#selector > div:nth-child(1) span').click()' successfully

2018-11-12 14:29:33 - [MESSAGE][PASSED] - com.ge.tms.commonactions.RailroadActions.selectRandomRailRoad is PASSED

2018-11-12 14:29:33 - [TEST_STEP][PASSED] - delay: Delayed 2 second(s)

2018-11-12 14:29:35 - [MESSAGE][PASSED] - Delayed 2 second(s)

2018-11-12 14:29:35 - [TEST_STEP][PASSED] - Statement - setStationId = <not implemented yet for class: org.codehaus.groovy.ast.expr.EmptyExpression>: null

2018-11-12 14:29:35 - [TEST_STEP][PASSED] - Statement - actions.addStationMandatotyFields(setStationId): Delayed 3 second(s)

2018-11-12 14:29:35 - [MESSAGE][PASSED] - Object: 'Object Repository/F11822-Configure and Manage Stations/Add_New_Station_Button' is clicked on

2018-11-12 14:29:36 - [MESSAGE][PASSED] - Text 'G6QULXV' is set on object 'Object Repository/F11822-Configure and Manage Stations/station_id'

2018-11-12 14:29:36 - [MESSAGE][PASSED] - Text '8M1KL38' is set on object 'Object Repository/F11822-Configure and Manage Stations/station_name'

2018-11-12 14:29:36 - [MESSAGE][PASSED] - Execute JavaScript 'document.querySelector('#splc').shadowRoot.querySelector('#trigger').shadowRoot.querySelector('#trigger').click()' successfully

2018-11-12 14:29:36 - [MESSAGE][PASSED] - Execute JavaScript 'return document.querySelector('#splc').shadowRoot.querySelector('px-overlay-content > #content').shadowRoot.querySelectorAll('#dropdown > div > #selector > div').length' successfully

2018-11-12 14:29:36 - [MESSAGE][PASSED] - Execute JavaScript 'document.querySelector('#splc').shadowRoot.querySelector('px-overlay-content > #content').shadowRoot.querySelector('#dropdown > div > #selector > div:nth-child(1)').click()' successfully

2018-11-12 14:29:36 - [MESSAGE][PASSED] - Execute JavaScript 'return document.querySelector('#fsac').shadowRoot.querySelector('px-overlay-content > #content').shadowRoot.querySelectorAll('#dropdown > div > #selector > div').length' successfully

2018-11-12 14:29:36 - [MESSAGE][PASSED] - Execute JavaScript 'document.querySelector('#fsac').shadowRoot.querySelector('px-overlay-content > #content').shadowRoot.querySelector('#dropdown > div > #selector > div:nth-child(1)').click()' successfully

2018-11-12 14:29:36 - [MESSAGE][PASSED] - Execute JavaScript 'return document.querySelector('#station-timezone-qualifier').shadowRoot.querySelector('px-overlay-content > #content').shadowRoot.querySelectorAll('#dropdown > div > #selector > div').length' successfully

2018-11-12 14:29:36 - [MESSAGE][PASSED] - Execute JavaScript 'document.querySelector('#station-timezone-qualifier').shadowRoot.querySelector('px-overlay-content > #content').shadowRoot.querySelector('#dropdown > div > #selector > div:nth-child(5)').click()' successfully

2018-11-12 14:29:36 - [MESSAGE][PASSED] - Execute JavaScript 'return document.querySelector('#country').shadowRoot.querySelector('px-overlay-content > #content').shadowRoot.querySelectorAll('#dropdown > div > #selector > div').length' successfully

2018-11-12 14:29:36 - [MESSAGE][PASSED] - Execute JavaScript 'document.querySelector('#country').shadowRoot.querySelector('px-overlay-content > #content').shadowRoot.querySelector('#dropdown > div > #selector > div:nth-child(2)').click()' successfully

2018-11-12 14:29:36 - [MESSAGE][PASSED] - Execute JavaScript 'return document.querySelector('#state').shadowRoot.querySelector('px-overlay-content > #content').shadowRoot.querySelectorAll('#dropdown > div > #selector > div').length' successfully

2018-11-12 14:29:36 - [MESSAGE][PASSED] - Execute JavaScript 'document.querySelector('#state').shadowRoot.querySelector('px-overlay-content > #content').shadowRoot.querySelector('#dropdown > div > #selector > div:nth-child(10)').click()' successfully

2018-11-12 14:29:36 - [MESSAGE][PASSED] - Object: 'Object Repository/F11822-Configure and Manage Stations/station_save_button' is clicked on

2018-11-12 14:29:39 - [MESSAGE][PASSED] - Delayed 3 second(s)

2018-11-12 14:29:39 - [TEST_STEP][PASSED] - delay: Delayed 2 second(s)

2018-11-12 14:29:41 - [MESSAGE][PASSED] - Delayed 2 second(s)

2018-11-12 14:29:41 - [TEST_STEP][PASSED] - Statement - setZoneId = <not implemented yet for class: org.codehaus.groovy.ast.expr.EmptyExpression>: null

2018-11-12 14:29:41 - [TEST_STEP][PASSED] - Statement - actions.addZone(setZoneId): Execute JavaScript 'document.querySelector('#zone-type').shadowRoot.querySelector('#content').shadowRoot.querySelector('#selector > div:nth-child(1)').click()' successfully

2018-11-12 14:29:41 - [MESSAGE][PASSED] - Object: 'Object Repository/F5140-Add Zone Functionalities/QA-US88570-Add Zone/US38196-Save a New Zone/Add Edit Zone/addNewZoneButton' is clicked on

2018-11-12 14:29:44 - [MESSAGE][PASSED] - Delayed 3 second(s)

2018-11-12 14:29:44 - [MESSAGE][PASSED] - Text '6D9OR' is set on object 'Object Repository/F5140-Add Zone Functionalities/QA-US88570-Add Zone/US38196-Save a New Zone/Add Edit Zone/zoneID'

2018-11-12 14:29:45 - [MESSAGE][PASSED] - Text 'VKGLVAK' is set on object 'Object Repository/F5140-Add Zone Functionalities/QA-US88570-Add Zone/US38196-Save a New Zone/Add Edit Zone/zoneName'

2018-11-12 14:29:45 - [MESSAGE][PASSED] - Execute JavaScript 'document.querySelector('#zone-type').shadowRoot.querySelector('#trigger').click()' successfully

2018-11-12 14:29:45 - [MESSAGE][PASSED] - Execute JavaScript 'return document.querySelector('#zone-type').shadowRoot.querySelector('#content').shadowRoot.querySelectorAll('#selector > div').length' successfully

2018-11-12 14:29:45 - [MESSAGE][PASSED] - Execute JavaScript 'document.querySelector('#zone-type').shadowRoot.querySelector('#content').shadowRoot.querySelector('#selector > div:nth-child(1)').click()' successfully

2018-11-12 14:29:45 - [TEST_STEP][PASSED] - com.ge.tms.commonactions.RailroadActions.clickOnZoneSaveButton: com.ge.tms.commonactions.RailroadActions.clickOnZoneSaveButton is PASSED

2018-11-12 14:29:45 - [MESSAGE][PASSED] - Send request successfully

2018-11-12 14:29:45 - [MESSAGE][PASSED] - Send request successfully

2018-11-12 14:29:45 - [MESSAGE][PASSED] - Send request successfully

2018-11-12 14:29:45 - [MESSAGE][PASSED] - Send request successfully

2018-11-12 14:29:45 - [MESSAGE][PASSED] - Object: 'Object Repository/F5140-Add Zone Functionalities/QA-US88570-Add Zone/US38196-Save a New Zone/Add Edit Zone/zoneSaveButton' is clicked on

2018-11-12 14:29:48 - [MESSAGE][PASSED] - Delayed 3 second(s)

2018-11-12 14:29:48 - [MESSAGE][PASSED] - com.ge.tms.commonactions.RailroadActions.clickOnZoneSaveButton is PASSED

2018-11-12 14:29:48 - [TEST_STEP][PASSED] - delay: Delayed 2 second(s)

2018-11-12 14:29:50 - [MESSAGE][PASSED] - Delayed 2 second(s)

2018-11-12 14:29:50 - [TEST_STEP][PASSED] - Statement - setTrackId = <not implemented yet for class: org.codehaus.groovy.ast.expr.EmptyExpression>: null

2018-11-12 14:29:50 - [TEST_STEP][PASSED] - Statement - actions.saveNewTrackRecord(setTrackId): Execute JavaScript 'document.querySelector('#trackConditionCode').shadowRoot.querySelector('px-overlay-content > #content').shadowRoot.querySelector('#dropdown > div > #selector > div:nth-child(2)').click()' successfully

2018-11-12 14:29:50 - [MESSAGE][PASSED] - Object: 'Object Repository/F5362 - Configure and Manage Track/AddTrackButton' is clicked on

2018-11-12 14:29:51 - [MESSAGE][PASSED] - Delayed 1 second(s)

2018-11-12 14:29:51 - [MESSAGE][PASSED] - Text 'JPTRCD' is set on object 'Object Repository/F5362 - Configure and Manage Track/Track_id_input'

2018-11-12 14:29:51 - [MESSAGE][PASSED] - Text 'ANUUUTNYVX' is set on object 'Object Repository/F5362 - Configure and Manage Track/Track_Description_input'

2018-11-12 14:29:51 - [MESSAGE][PASSED] - Execute JavaScript 'return document.querySelector('#trackType').shadowRoot.querySelector('px-overlay-content > #content').shadowRoot.querySelectorAll('#dropdown > div > #selector > div').length' successfully

2018-11-12 14:29:51 - [MESSAGE][PASSED] - Execute JavaScript 'document.querySelector('#trackType').shadowRoot.querySelector('px-overlay-content > #content').shadowRoot.querySelector('#dropdown > div > #selector > div:nth-child(3)').click()' successfully

2018-11-12 14:29:51 - [MESSAGE][PASSED] - Text '1' is set on object 'Object Repository/F5362 - Configure and Manage Track/Track_Length_input'

2018-11-12 14:29:51 - [MESSAGE][PASSED] - Text '1' is set on object 'Object Repository/F5362 - Configure and Manage Track/Car_Capacity_input'

2018-11-12 14:29:51 - [MESSAGE][PASSED] - Execute JavaScript 'return document.querySelector('#trackConditionCode').shadowRoot.querySelector('px-overlay-content > #content').shadowRoot.querySelectorAll('#dropdown > div > #selector > div').length' successfully

2018-11-12 14:29:52 - [MESSAGE][PASSED] - Execute JavaScript 'document.querySelector('#trackConditionCode').shadowRoot.querySelector('px-overlay-content > #content').shadowRoot.querySelector('#dropdown > div > #selector > div:nth-child(2)').click()' successfully

2018-11-12 14:29:52 - [TEST_STEP][PASSED] - delay: Delayed 2 second(s)

2018-11-12 14:29:54 - [MESSAGE][PASSED] - Delayed 2 second(s)

2018-11-12 14:29:54 - [TEST_STEP][PASSED] - Statement - actions.saveTrack(): Delayed 1 second(s)

2018-11-12 14:29:54 - [MESSAGE][PASSED] - Object: 'Object Repository/F5362 - Configure and Manage Track/SaveTrackButton' is clicked on

2018-11-12 14:29:55 - [MESSAGE][PASSED] - Delayed 1 second(s)

2018-11-12 14:29:55 - [TEST_STEP][PASSED] - delay: Delayed 2 second(s)

2018-11-12 14:29:57 - [MESSAGE][PASSED] - Delayed 2 second(s)

2018-11-12 14:29:57 - [TEST_STEP][PASSED] - Statement - actions.clickEditIconTrack(): Object: 'Object Repository/F5362 - Configure and Manage Track/edit_track_icon' is clicked on

2018-11-12 14:29:57 - [MESSAGE][PASSED] - Object: 'Object Repository/F5362 - Configure and Manage Track/edit_track_icon' is clicked on

2018-11-12 14:29:57 - [TEST_STEP][PASSED] - com.ge.tms.railroad.RailroadVerification.verifyTrackErrorMessages: com.ge.tms.railroad.RailroadVerification.verifyTrackErrorMessages is PASSED

2018-11-12 14:29:57 - [MESSAGE][PASSED] - Send request successfully

2018-11-12 14:29:57 - [MESSAGE][PASSED] - Send request successfully

2018-11-12 14:29:57 - [MESSAGE][PASSED] - Send request successfully

2018-11-12 14:29:57 - [MESSAGE][PASSED] - Send request successfully

2018-11-12 14:29:57 - [MESSAGE][PASSED] - Send request successfully

2018-11-12 14:29:57 - [MESSAGE][PASSED] - Send request successfully

2018-11-12 14:29:57 - [MESSAGE][PASSED] - Send request successfully

2018-11-12 14:29:57 - [MESSAGE][PASSED] - Send request successfully

2018-11-12 14:29:57 - [MESSAGE][PASSED] - Object 'Object Repository/F5362 - Configure and Manage Track/Track_id_input' is NOT clickable

2018-11-12 14:29:57 - [MESSAGE][PASSED] - Actual object 'true' and expected object 'true' are equal

2018-11-12 14:29:57 - [MESSAGE][PASSED] - Attribute 'class' of object 'Object Repository/F5362 - Configure and Manage Track/SaveTrackButton' is: 'btn btn--disabled btn--call-to-action float--right'

2018-11-12 14:29:57 - [MESSAGE][PASSED] - Actual object 'true' and expected object 'true' are equal

2018-11-12 14:29:57 - [MESSAGE][PASSED] - Text 'A*@T&!' is set on object 'Object Repository/F5362 - Configure and Manage Track/Track_Description_input'

2018-11-12 14:29:57 - [MESSAGE][PASSED] - Keys '	' sent to object: 'Object Repository/F5362 - Configure and Manage Track/Track_Description_input'

2018-11-12 14:29:57 - [MESSAGE][PASSED] - Text of object 'Object Repository/F5362 - Configure and Manage Track/Track_Desc_Error_Message' is: 'ALPHANUMERIC ONLY'

2018-11-12 14:29:57 - [MESSAGE][PASSED] - Actual object 'ALPHANUMERIC ONLY' and expected object 'ALPHANUMERIC ONLY' are equal

2018-11-12 14:29:57 - [MESSAGE][PASSED] - Attribute 'class' of object 'Object Repository/F5362 - Configure and Manage Track/SaveTrackButton' is: 'btn btn--disabled btn--call-to-action float--right'

2018-11-12 14:29:57 - [MESSAGE][PASSED] - Actual object 'true' and expected object 'true' are equal

2018-11-12 14:29:57 - [MESSAGE][PASSED] - Text of object 'Object Repository/F5362 - Configure and Manage Track/Track_Description_input' is cleared

2018-11-12 14:29:57 - [MESSAGE][PASSED] - Keys ' ' sent to object: 'Object Repository/F5362 - Configure and Manage Track/Track_Description_input'

2018-11-12 14:29:59 - [MESSAGE][PASSED] - Delayed 2 second(s)

2018-11-12 14:29:59 - [MESSAGE][PASSED] - Keys '	' sent to object: 'Object Repository/F5362 - Configure and Manage Track/Track_Description_input'

2018-11-12 14:29:59 - [MESSAGE][PASSED] - Text of object 'Object Repository/F5362 - Configure and Manage Track/Track_Desc_Error_Message' is: 'TRACK DESCRIPTION CANNOT BE EMPTY'

2018-11-12 14:29:59 - [MESSAGE][PASSED] - Actual object 'TRACK DESCRIPTION CANNOT BE EMPTY' and expected object 'TRACK DESCRIPTION CANNOT BE EMPTY' are equal

2018-11-12 14:29:59 - [MESSAGE][PASSED] - Attribute 'class' of object 'Object Repository/F5362 - Configure and Manage Track/SaveTrackButton' is: 'btn btn--disabled btn--call-to-action float--right'

2018-11-12 14:29:59 - [MESSAGE][PASSED] - Actual object 'true' and expected object 'true' are equal

2018-11-12 14:29:59 - [MESSAGE][PASSED] - Execute JavaScript 'return document.querySelector('#trackType').shadowRoot.querySelector('px-overlay-content > #content').shadowRoot.querySelectorAll('#dropdown > div > #selector > div').length' successfully

2018-11-12 14:29:59 - [MESSAGE][PASSED] - Execute JavaScript 'document.querySelector('#trackType').shadowRoot.querySelector('px-overlay-content > #content').shadowRoot.querySelector('#dropdown > div > #selector > div:nth-child(7)').click()' successfully

2018-11-12 14:29:59 - [MESSAGE][PASSED] - Execute JavaScript 'document.querySelector('#trackType').shadowRoot.querySelector('#trigger').shadowRoot.querySelector('#trigger').click()' successfully

2018-11-12 14:29:59 - [MESSAGE][PASSED] - Execute JavaScript 'document.querySelector('#trackType').shadowRoot.querySelector('#trigger').shadowRoot.querySelector('px-icon').click()' successfully

2018-11-12 14:29:59 - [MESSAGE][PASSED] - Text of object 'Object Repository/F5362 - Configure and Manage Track/Track_Type_Error_Message' is: 'TRACK TYPE CANNOT BE EMPTY'

2018-11-12 14:29:59 - [MESSAGE][PASSED] - Actual object 'TRACK TYPE CANNOT BE EMPTY' and expected object 'TRACK TYPE CANNOT BE EMPTY' are equal

2018-11-12 14:29:59 - [MESSAGE][PASSED] - Attribute 'class' of object 'Object Repository/F5362 - Configure and Manage Track/SaveTrackButton' is: 'btn btn--disabled btn--call-to-action float--right'

2018-11-12 14:29:59 - [MESSAGE][PASSED] - Actual object 'true' and expected object 'true' are equal

2018-11-12 14:29:59 - [MESSAGE][PASSED] - com.ge.tms.railroad.RailroadVerification.verifyTrackErrorMessages is PASSED

2018-11-12 14:29:59 - [TEST_STEP][PASSED] - Statement - actions.clickCancelTrack(): Object: 'Object Repository/F5362 - Configure and Manage Track/CancelTrackButton' is clicked on

2018-11-12 14:29:59 - [MESSAGE][PASSED] - Object: 'Object Repository/F5362 - Configure and Manage Track/CancelTrackButton' is clicked on

2018-11-12 14:29:59 - [TEST_STEP][PASSED] - com.ge.tms.commonactions.RailroadActions.clickOnDeleteTrack: com.ge.tms.commonactions.RailroadActions.clickOnDeleteTrack is PASSED

2018-11-12 14:29:59 - [MESSAGE][PASSED] - Send request successfully

2018-11-12 14:29:59 - [MESSAGE][PASSED] - Send request successfully

2018-11-12 14:29:59 - [MESSAGE][PASSED] - Send request successfully

2018-11-12 14:29:59 - [MESSAGE][PASSED] - Send request successfully

2018-11-12 14:29:59 - [MESSAGE][PASSED] - Object: 'Object Repository/F5362 - Configure and Manage Track/deleteTrackButton' is clicked on

2018-11-12 14:29:59 - [MESSAGE][PASSED] - com.ge.tms.commonactions.RailroadActions.clickOnDeleteTrack is PASSED

2018-11-12 14:29:59 - [TEST_STEP][PASSED] - Statement - deleteYesButtonObj = com.kms.katalon.core.testobject.ObjectRepository.findTestObject(Object Repository/F5362 - Configure and Manage Track/deleteTrackYesButton): Finding Test Object with id 'Object Repository/F5362 - Configure and Manage Track/deleteTrackYesButton'

2018-11-12 14:29:59 - [TEST_STEP][PASSED] - com.ge.tms.commonactions.RailroadActions.clickOnTestObject: com.ge.tms.commonactions.RailroadActions.clickOnTestObject is PASSED

2018-11-12 14:30:00 - [MESSAGE][PASSED] - Send request successfully

2018-11-12 14:30:00 - [MESSAGE][PASSED] - Send request successfully

2018-11-12 14:30:00 - [MESSAGE][PASSED] - Send request successfully

2018-11-12 14:30:00 - [MESSAGE][PASSED] - Send request successfully

2018-11-12 14:30:00 - [MESSAGE][PASSED] - Object: 'Object Repository/F5362 - Configure and Manage Track/deleteTrackYesButton' is clicked on

2018-11-12 14:30:00 - [MESSAGE][PASSED] - com.ge.tms.commonactions.RailroadActions.clickOnTestObject is PASSED

2018-11-12 14:30:00 - [TEST_STEP][PASSED] - com.ge.tms.railroad.RailroadVerification.verifyNoTracksFoundInSearch: com.ge.tms.railroad.RailroadVerification.verifyNoTracksFoundInSearch is PASSED

2018-11-12 14:30:00 - [MESSAGE][PASSED] - Send request successfully

2018-11-12 14:30:00 - [MESSAGE][PASSED] - Send request successfully

2018-11-12 14:30:00 - [MESSAGE][PASSED] - Send request successfully

2018-11-12 14:30:00 - [MESSAGE][PASSED] - Send request successfully

2018-11-12 14:30:00 - [MESSAGE][PASSED] - Send request successfully

2018-11-12 14:30:00 - [MESSAGE][PASSED] - Send request successfully

2018-11-12 14:30:00 - [MESSAGE][PASSED] - Send request successfully

2018-11-12 14:30:00 - [MESSAGE][PASSED] - Send request successfully

2018-11-12 14:30:00 - [MESSAGE][PASSED] - Text 'JPTRCD' is set on object 'Object Repository/F5362 - Configure and Manage Track/Track_search_field_row1_trackid'

2018-11-12 14:30:00 - [MESSAGE][PASSED] - Text of object 'Object Repository/F5362 - Configure and Manage Track/noRowsfound' is: 'No rows found'

2018-11-12 14:30:00 - [MESSAGE][PASSED] - Actual object 'No rows found' and expected object 'No rows found' are equal

2018-11-12 14:30:00 - [MESSAGE][PASSED] - com.ge.tms.railroad.RailroadVerification.verifyNoTracksFoundInSearch is PASSED

2018-11-12 14:30:00 - [TEST_STEP][PASSED] - delay: Delayed 2 second(s)

2018-11-12 14:30:02 - [MESSAGE][PASSED] - Delayed 2 second(s)

2018-11-12 14:30:02 - [TEST_STEP][PASSED] - com.ge.tms.commonactions.RailroadActions.clickOnZoneActionMenu: com.ge.tms.commonactions.RailroadActions.clickOnZoneActionMenu is PASSED

2018-11-12 14:30:02 - [MESSAGE][PASSED] - Send request successfully

2018-11-12 14:30:02 - [MESSAGE][PASSED] - Send request successfully

2018-11-12 14:30:02 - [MESSAGE][PASSED] - Send request successfully

2018-11-12 14:30:02 - [MESSAGE][PASSED] - Send request successfully

2018-11-12 14:30:02 - [MESSAGE][PASSED] - Execute JavaScript 'document.querySelector('#zone-actions-dropdown').shadowRoot.querySelector('#trigger').click()' successfully

2018-11-12 14:30:03 - [MESSAGE][PASSED] - Delayed 1 second(s)

2018-11-12 14:30:03 - [MESSAGE][PASSED] - com.ge.tms.commonactions.RailroadActions.clickOnZoneActionMenu is PASSED

2018-11-12 14:30:03 - [TEST_STEP][PASSED] - com.ge.tms.commonactions.RailroadActions.clickOnDeleteAction: com.ge.tms.commonactions.RailroadActions.clickOnDeleteAction is PASSED

2018-11-12 14:30:03 - [MESSAGE][PASSED] - Send request successfully

2018-11-12 14:30:03 - [MESSAGE][PASSED] - Send request successfully

2018-11-12 14:30:03 - [MESSAGE][PASSED] - Send request successfully

2018-11-12 14:30:03 - [MESSAGE][PASSED] - Send request successfully

2018-11-12 14:30:03 - [MESSAGE][PASSED] - Execute JavaScript 'document.querySelector('#zone-actions-dropdown').shadowRoot.querySelector('#content').shadowRoot.querySelector('#selector > div:nth-child(2)').click()' successfully

2018-11-12 14:30:03 - [MESSAGE][PASSED] - com.ge.tms.commonactions.RailroadActions.clickOnDeleteAction is PASSED

2018-11-12 14:30:03 - [TEST_STEP][PASSED] - delay: Delayed 1 second(s)

2018-11-12 14:30:04 - [MESSAGE][PASSED] - Delayed 1 second(s)

2018-11-12 14:30:04 - [TEST_STEP][PASSED] - Statement - deleteYesButtonObj = com.kms.katalon.core.testobject.ObjectRepository.findTestObject(Object Repository/F5140-Add Zone Functionalities/QA-US88570-Add Zone/US38196-Save a New Zone/Delete Zone/deleteYesButton): Finding Test Object with id 'Object Repository/F5140-Add Zone Functionalities/QA-US88570-Add Zone/US38196-Save a New Zone/Delete Zone/deleteYesButton'

2018-11-12 14:30:04 - [TEST_STEP][PASSED] - com.ge.tms.commonactions.RailroadActions.clickOnTestObject: com.ge.tms.commonactions.RailroadActions.clickOnTestObject is PASSED

2018-11-12 14:30:04 - [MESSAGE][PASSED] - Send request successfully

2018-11-12 14:30:04 - [MESSAGE][PASSED] - Send request successfully

2018-11-12 14:30:04 - [MESSAGE][PASSED] - Send request successfully

2018-11-12 14:30:04 - [MESSAGE][PASSED] - Send request successfully

2018-11-12 14:30:04 - [MESSAGE][PASSED] - Object: 'Object Repository/F5140-Add Zone Functionalities/QA-US88570-Add Zone/US38196-Save a New Zone/Delete Zone/deleteYesButton' is clicked on

2018-11-12 14:30:04 - [MESSAGE][PASSED] - com.ge.tms.commonactions.RailroadActions.clickOnTestObject is PASSED

2018-11-12 14:30:04 - [TEST_STEP][PASSED] - delay: Delayed 1 second(s)

2018-11-12 14:30:05 - [MESSAGE][PASSED] - Delayed 1 second(s)

2018-11-12 14:30:05 - [TEST_STEP][PASSED] - com.ge.tms.railroad.RailroadVerification.verifyViewStationIdAfterZoneDeletion: com.ge.tms.railroad.RailroadVerification.verifyViewStationIdAfterZoneDeletion is PASSED

2018-11-12 14:30:05 - [MESSAGE][PASSED] - Send request successfully

2018-11-12 14:30:05 - [MESSAGE][PASSED] - Send request successfully

2018-11-12 14:30:05 - [MESSAGE][PASSED] - Send request successfully

2018-11-12 14:30:05 - [MESSAGE][PASSED] - Send request successfully

2018-11-12 14:30:05 - [MESSAGE][PASSED] - Send request successfully

2018-11-12 14:30:05 - [MESSAGE][PASSED] - Send request successfully

2018-11-12 14:30:05 - [MESSAGE][PASSED] - Send request successfully

2018-11-12 14:30:05 - [MESSAGE][PASSED] - Send request successfully

2018-11-12 14:30:05 - [MESSAGE][PASSED] - Text of object 'Object Repository/F11822-Configure and Manage Stations/QA-US87586-View Stations/US84086-View Station Details/View Stations/div_StationCode' is: 'G6QULXV'

2018-11-12 14:30:05 - [MESSAGE][PASSED] - Actual object 'G6QULXV' and expected object 'G6QULXV' are equal

2018-11-12 14:30:05 - [MESSAGE][PASSED] - com.ge.tms.railroad.RailroadVerification.verifyViewStationIdAfterZoneDeletion is PASSED

2018-11-12 14:30:05 - [TEST_STEP][PASSED] - com.ge.tms.commonactions.RailroadActions.clickOnStationActionMenu: com.ge.tms.commonactions.RailroadActions.clickOnStationActionMenu is PASSED

2018-11-12 14:30:05 - [MESSAGE][PASSED] - Send request successfully

2018-11-12 14:30:05 - [MESSAGE][PASSED] - Send request successfully

2018-11-12 14:30:05 - [MESSAGE][PASSED] - Send request successfully

2018-11-12 14:30:05 - [MESSAGE][PASSED] - Send request successfully

2018-11-12 14:30:05 - [MESSAGE][PASSED] - Execute JavaScript 'document.querySelector('#station-actions-dropdown').shadowRoot.querySelector('#trigger').click()' successfully

2018-11-12 14:30:06 - [MESSAGE][PASSED] - Delayed 1 second(s)

2018-11-12 14:30:06 - [MESSAGE][PASSED] - com.ge.tms.commonactions.RailroadActions.clickOnStationActionMenu is PASSED

2018-11-12 14:30:06 - [TEST_STEP][PASSED] - com.ge.tms.commonactions.RailroadActions.clickOnDeleteStationButton: com.ge.tms.commonactions.RailroadActions.clickOnDeleteStationButton is PASSED

2018-11-12 14:30:06 - [MESSAGE][PASSED] - Send request successfully

2018-11-12 14:30:06 - [MESSAGE][PASSED] - Send request successfully

2018-11-12 14:30:06 - [MESSAGE][PASSED] - Send request successfully

2018-11-12 14:30:06 - [MESSAGE][PASSED] - Send request successfully

2018-11-12 14:30:06 - [MESSAGE][PASSED] - Execute JavaScript 'document.querySelector('#station-actions-dropdown').shadowRoot.querySelector('#content').shadowRoot.querySelector('#selector > div:nth-child(2)').click()' successfully

2018-11-12 14:30:06 - [MESSAGE][PASSED] - com.ge.tms.commonactions.RailroadActions.clickOnDeleteStationButton is PASSED

2018-11-12 14:30:06 - [TEST_STEP][PASSED] - Statement - deleteYesButtonObj = com.kms.katalon.core.testobject.ObjectRepository.findTestObject(Object Repository/F11822-Configure and Manage Stations/deleteConfirmationYesButton): Finding Test Object with id 'Object Repository/F11822-Configure and Manage Stations/deleteConfirmationYesButton'

2018-11-12 14:30:06 - [TEST_STEP][PASSED] - com.ge.tms.commonactions.RailroadActions.clickOnTestObject: com.ge.tms.commonactions.RailroadActions.clickOnTestObject is PASSED

2018-11-12 14:30:06 - [MESSAGE][PASSED] - Send request successfully

2018-11-12 14:30:06 - [MESSAGE][PASSED] - Send request successfully

2018-11-12 14:30:06 - [MESSAGE][PASSED] - Send request successfully

2018-11-12 14:30:06 - [MESSAGE][PASSED] - Send request successfully

2018-11-12 14:30:06 - [MESSAGE][PASSED] - Object: 'Object Repository/F11822-Configure and Manage Stations/deleteConfirmationYesButton' is clicked on

2018-11-12 14:30:06 - [MESSAGE][PASSED] - com.ge.tms.commonactions.RailroadActions.clickOnTestObject is PASSED

2018-11-12 14:30:06 - [TEST_STEP][PASSED] - delay: Delayed 1 second(s)

2018-11-12 14:30:07 - [MESSAGE][PASSED] - Delayed 1 second(s)

2018-11-12 14:30:07 - [TEST_STEP][PASSED] - com.ge.tms.railroad.RailroadVerification.verifyDeletedItemNotPresentInSearchView: com.ge.tms.railroad.RailroadVerification.verifyDeletedItemNotPresentInSearchView is PASSED

2018-11-12 14:30:07 - [MESSAGE][PASSED] - Send request successfully

2018-11-12 14:30:07 - [MESSAGE][PASSED] - Send request successfully

2018-11-12 14:30:07 - [MESSAGE][PASSED] - Send request successfully

2018-11-12 14:30:07 - [MESSAGE][PASSED] - Send request successfully

2018-11-12 14:30:07 - [MESSAGE][PASSED] - Send request successfully

2018-11-12 14:30:07 - [MESSAGE][PASSED] - Send request successfully

2018-11-12 14:30:07 - [MESSAGE][PASSED] - Send request successfully

2018-11-12 14:30:08 - [MESSAGE][PASSED] - Send request successfully

2018-11-12 14:30:08 - [MESSAGE][PASSED] - Text 'G6QULXV' is set on object 'Object Repository/CommonObjects/searchTextBoxLeftNav'

2018-11-12 14:30:10 - [MESSAGE][PASSED] - Delayed 2 second(s)

2018-11-12 14:30:10 - [MESSAGE][PASSED] - Text of object 'Object Repository/CommonObjects/noSearchResultMessageLeftNav' is: 'No stations or zones found.'

2018-11-12 14:30:10 - [MESSAGE][PASSED] - Actual object 'No stations or zones found.' and expected object 'No stations or zones found.' are equal

2018-11-12 14:30:10 - [MESSAGE][PASSED] - com.ge.tms.railroad.RailroadVerification.verifyDeletedItemNotPresentInSearchView is PASSED

2018-11-12 14:30:10 - [TEST_STEP][PASSED] - Start listener action : closeBrowserForTestCasse: Navigate to 'http://localhost:8080/home' successfully

2018-11-12 14:30:10 - [TEST_STEP][PASSED] - Statement - If (isTestSuitEnable == true): null

2018-11-12 14:30:10 - [TEST_STEP][PASSED] - Statement - beforeTestCaseExecute(): null

2018-11-12 14:30:10 - [TEST_STEP][PASSED] - Statement - If (isTestSuitEnable == true): Navigate to 'http://localhost:8080/home' successfully

2018-11-12 14:30:10 - [TEST_STEP][PASSED] - navigateToUrl: Navigate to 'http://localhost:8080/home' successfully

2018-11-12 14:30:11 - [MESSAGE][PASSED] - Navigate to 'http://localhost:8080/home' successfully

2018-11-12 14:30:11 - [TEST_STEP][PASSED] - Start listener action : afterTestCase: Invoke 'com.kms.katalon.core.annotation.AfterTestCase' method: 'TmsTestListner.afterTestCase(...)' completed.

2018-11-12 14:30:11 - [TEST_STEP][PASSED] - Statement - If (java.lang.System.getProperties().containsKey("updateRally")): Invoke 'com.kms.katalon.core.annotation.AfterTestCase' method: 'TmsTestListner.afterTestCase(...)' completed.]]></system-out>
         <system-err><![CDATA[]]></system-err>
      </testcase>
      <testcase name="Test Cases/Railroad/F5362 - Configure and manage track/QA - US88424/US39526 - Edit Track details/TC65866 - Edit Track - cancel button" classname="Test Cases/Railroad/F5362 - Configure and manage track/QA - US88424/US39526 - Edit Track details/TC65866 - Edit Track - cancel button" status="PASSED">
         <system-out><![CDATA[2018-11-12 14:30:11 - [TEST_CASE][PASSED] - Test Cases/Railroad/F5362 - Configure and manage track/QA - US88424/US39526 - Edit Track details/TC65866 - Edit Track - cancel button: Test Cases/Railroad/F5362 - Configure and manage track/QA - US88424/US39526 - Edit Track details/TC65866 - Edit Track - cancel button

2018-11-12 14:30:11 - [TEST_STEP][PASSED] - Start listener action : beforeTestCaseExecute: Navigate to 'http://localhost:8080/home' successfully

2018-11-12 14:30:11 - [TEST_STEP][PASSED] - Statement - If (isTestSuitEnable == true): Navigate to 'http://localhost:8080/home' successfully

2018-11-12 14:30:11 - [TEST_STEP][PASSED] - navigateToUrl: Navigate to 'http://localhost:8080/home' successfully

2018-11-12 14:30:11 - [MESSAGE][PASSED] - Navigate to 'http://localhost:8080/home' successfully

2018-11-12 14:30:11 - [TEST_STEP][PASSED] - Statement - util = new com.ge.tms.util.CommonUtilities(): Send request successfully

2018-11-12 14:30:11 - [MESSAGE][PASSED] - Send request successfully

2018-11-12 14:30:11 - [MESSAGE][PASSED] - Send request successfully

2018-11-12 14:30:12 - [MESSAGE][PASSED] - Send request successfully

2018-11-12 14:30:12 - [MESSAGE][PASSED] - Send request successfully

2018-11-12 14:30:12 - [TEST_STEP][PASSED] - Statement - actions = new com.ge.tms.commonactions.RailroadActions(): Send request successfully

2018-11-12 14:30:12 - [MESSAGE][PASSED] - Send request successfully

2018-11-12 14:30:12 - [MESSAGE][PASSED] - Send request successfully

2018-11-12 14:30:12 - [MESSAGE][PASSED] - Send request successfully

2018-11-12 14:30:12 - [MESSAGE][PASSED] - Send request successfully

2018-11-12 14:30:12 - [TEST_STEP][PASSED] - com.ge.tms.commonactions.CommonClickEvents.clickOnRailroadSetup: com.ge.tms.commonactions.CommonClickEvents.clickOnRailroadSetup is PASSED

2018-11-12 14:30:12 - [MESSAGE][PASSED] - Execute JavaScript 'document.querySelector('px-app-nav').shadowRoot.querySelector('#items > px-app-nav-group:nth-child(13) > px-app-nav-subitem:nth-child(1)').click()' successfully

2018-11-12 14:30:14 - [MESSAGE][PASSED] - Delayed 2 second(s)

2018-11-12 14:30:14 - [MESSAGE][PASSED] - com.ge.tms.commonactions.CommonClickEvents.clickOnRailroadSetup is PASSED

2018-11-12 14:30:14 - [TEST_STEP][PASSED] - com.ge.tms.commonactions.RailroadActions.clickOnSelectRailroadDropdown: com.ge.tms.commonactions.RailroadActions.clickOnSelectRailroadDropdown is PASSED

2018-11-12 14:30:14 - [MESSAGE][PASSED] - Send request successfully

2018-11-12 14:30:14 - [MESSAGE][PASSED] - Send request successfully

2018-11-12 14:30:14 - [MESSAGE][PASSED] - Send request successfully

2018-11-12 14:30:14 - [MESSAGE][PASSED] - Send request successfully

2018-11-12 14:30:14 - [MESSAGE][PASSED] - Execute JavaScript 'document.querySelector('#railroads-select-dropdown').shadowRoot.querySelector('#trigger').click()' successfully

2018-11-12 14:30:17 - [MESSAGE][PASSED] - Delayed 3 second(s)

2018-11-12 14:30:17 - [MESSAGE][PASSED] - com.ge.tms.commonactions.RailroadActions.clickOnSelectRailroadDropdown is PASSED

2018-11-12 14:30:17 - [TEST_STEP][PASSED] - com.ge.tms.commonactions.RailroadActions.selectRandomRailRoad: com.ge.tms.commonactions.RailroadActions.selectRandomRailRoad is PASSED

2018-11-12 14:30:17 - [MESSAGE][PASSED] - Send request successfully

2018-11-12 14:30:17 - [MESSAGE][PASSED] - Send request successfully

2018-11-12 14:30:17 - [MESSAGE][PASSED] - Send request successfully

2018-11-12 14:30:17 - [MESSAGE][PASSED] - Send request successfully

2018-11-12 14:30:17 - [MESSAGE][PASSED] - Execute JavaScript 'let railRoadList=[]; document.querySelector('#railroads-select-dropdown').shadowRoot.querySelector('#content').shadowRoot.querySelectorAll('#selector > div.dropdown-option').forEach(node => { railRoadList.push(node.getAttribute('title')) }); return railRoadList' successfully

2018-11-12 14:30:17 - [MESSAGE][PASSED] - Execute JavaScript 'return document.querySelector('#railroads-select-dropdown').shadowRoot.querySelector('#content').shadowRoot.querySelector('#selector > div:nth-child(6) span').innerHTML' successfully

2018-11-12 14:30:17 - [MESSAGE][PASSED] - Execute JavaScript 'return document.querySelector('#railroads-select-dropdown').shadowRoot.querySelector('#content').shadowRoot.querySelector('#selector > div:nth-child(6) span').click()' successfully

2018-11-12 14:30:17 - [MESSAGE][PASSED] - com.ge.tms.commonactions.RailroadActions.selectRandomRailRoad is PASSED

2018-11-12 14:30:17 - [TEST_STEP][PASSED] - delay: Delayed 2 second(s)

2018-11-12 14:30:19 - [MESSAGE][PASSED] - Delayed 2 second(s)

2018-11-12 14:30:19 - [TEST_STEP][PASSED] - Statement - setStationId = <not implemented yet for class: org.codehaus.groovy.ast.expr.EmptyExpression>: null

2018-11-12 14:30:19 - [TEST_STEP][PASSED] - Statement - actions.addStationMandatotyFields(setStationId): Delayed 3 second(s)

2018-11-12 14:30:19 - [MESSAGE][PASSED] - Object: 'Object Repository/F11822-Configure and Manage Stations/Add_New_Station_Button' is clicked on

2018-11-12 14:30:19 - [MESSAGE][PASSED] - Text 'R0G00AU' is set on object 'Object Repository/F11822-Configure and Manage Stations/station_id'

2018-11-12 14:30:20 - [MESSAGE][PASSED] - Text 'EEPSTNL' is set on object 'Object Repository/F11822-Configure and Manage Stations/station_name'

2018-11-12 14:30:20 - [MESSAGE][PASSED] - Execute JavaScript 'document.querySelector('#splc').shadowRoot.querySelector('#trigger').shadowRoot.querySelector('#trigger').click()' successfully

2018-11-12 14:30:20 - [MESSAGE][PASSED] - Execute JavaScript 'return document.querySelector('#splc').shadowRoot.querySelector('px-overlay-content > #content').shadowRoot.querySelectorAll('#dropdown > div > #selector > div').length' successfully

2018-11-12 14:30:20 - [MESSAGE][PASSED] - Execute JavaScript 'document.querySelector('#splc').shadowRoot.querySelector('px-overlay-content > #content').shadowRoot.querySelector('#dropdown > div > #selector > div:nth-child(1)').click()' successfully

2018-11-12 14:30:20 - [MESSAGE][PASSED] - Execute JavaScript 'return document.querySelector('#fsac').shadowRoot.querySelector('px-overlay-content > #content').shadowRoot.querySelectorAll('#dropdown > div > #selector > div').length' successfully

2018-11-12 14:30:20 - [MESSAGE][PASSED] - Execute JavaScript 'document.querySelector('#fsac').shadowRoot.querySelector('px-overlay-content > #content').shadowRoot.querySelector('#dropdown > div > #selector > div:nth-child(1)').click()' successfully

2018-11-12 14:30:20 - [MESSAGE][PASSED] - Execute JavaScript 'return document.querySelector('#station-timezone-qualifier').shadowRoot.querySelector('px-overlay-content > #content').shadowRoot.querySelectorAll('#dropdown > div > #selector > div').length' successfully

2018-11-12 14:30:20 - [MESSAGE][PASSED] - Execute JavaScript 'document.querySelector('#station-timezone-qualifier').shadowRoot.querySelector('px-overlay-content > #content').shadowRoot.querySelector('#dropdown > div > #selector > div:nth-child(1)').click()' successfully

2018-11-12 14:30:20 - [MESSAGE][PASSED] - Execute JavaScript 'return document.querySelector('#country').shadowRoot.querySelector('px-overlay-content > #content').shadowRoot.querySelectorAll('#dropdown > div > #selector > div').length' successfully

2018-11-12 14:30:20 - [MESSAGE][PASSED] - Execute JavaScript 'document.querySelector('#country').shadowRoot.querySelector('px-overlay-content > #content').shadowRoot.querySelector('#dropdown > div > #selector > div:nth-child(2)').click()' successfully

2018-11-12 14:30:20 - [MESSAGE][PASSED] - Execute JavaScript 'return document.querySelector('#state').shadowRoot.querySelector('px-overlay-content > #content').shadowRoot.querySelectorAll('#dropdown > div > #selector > div').length' successfully

2018-11-12 14:30:20 - [MESSAGE][PASSED] - Execute JavaScript 'document.querySelector('#state').shadowRoot.querySelector('px-overlay-content > #content').shadowRoot.querySelector('#dropdown > div > #selector > div:nth-child(5)').click()' successfully

2018-11-12 14:30:20 - [MESSAGE][PASSED] - Object: 'Object Repository/F11822-Configure and Manage Stations/station_save_button' is clicked on

2018-11-12 14:30:23 - [MESSAGE][PASSED] - Delayed 3 second(s)

2018-11-12 14:30:23 - [TEST_STEP][PASSED] - delay: Delayed 2 second(s)

2018-11-12 14:30:25 - [MESSAGE][PASSED] - Delayed 2 second(s)

2018-11-12 14:30:25 - [TEST_STEP][PASSED] - Statement - setZoneId = <not implemented yet for class: org.codehaus.groovy.ast.expr.EmptyExpression>: null

2018-11-12 14:30:25 - [TEST_STEP][PASSED] - Statement - actions.addZone(setZoneId): Execute JavaScript 'document.querySelector('#zone-type').shadowRoot.querySelector('#content').shadowRoot.querySelector('#selector > div:nth-child(3)').click()' successfully

2018-11-12 14:30:25 - [MESSAGE][PASSED] - Object: 'Object Repository/F5140-Add Zone Functionalities/QA-US88570-Add Zone/US38196-Save a New Zone/Add Edit Zone/addNewZoneButton' is clicked on

2018-11-12 14:30:28 - [MESSAGE][PASSED] - Delayed 3 second(s)

2018-11-12 14:30:28 - [MESSAGE][PASSED] - Text 'AN9ZA' is set on object 'Object Repository/F5140-Add Zone Functionalities/QA-US88570-Add Zone/US38196-Save a New Zone/Add Edit Zone/zoneID'

2018-11-12 14:30:28 - [MESSAGE][PASSED] - Text 'MY0Y3XL' is set on object 'Object Repository/F5140-Add Zone Functionalities/QA-US88570-Add Zone/US38196-Save a New Zone/Add Edit Zone/zoneName'

2018-11-12 14:30:28 - [MESSAGE][PASSED] - Execute JavaScript 'document.querySelector('#zone-type').shadowRoot.querySelector('#trigger').click()' successfully

2018-11-12 14:30:28 - [MESSAGE][PASSED] - Execute JavaScript 'return document.querySelector('#zone-type').shadowRoot.querySelector('#content').shadowRoot.querySelectorAll('#selector > div').length' successfully

2018-11-12 14:30:28 - [MESSAGE][PASSED] - Execute JavaScript 'document.querySelector('#zone-type').shadowRoot.querySelector('#content').shadowRoot.querySelector('#selector > div:nth-child(3)').click()' successfully

2018-11-12 14:30:28 - [TEST_STEP][PASSED] - com.ge.tms.commonactions.RailroadActions.clickOnZoneSaveButton: com.ge.tms.commonactions.RailroadActions.clickOnZoneSaveButton is PASSED

2018-11-12 14:30:28 - [MESSAGE][PASSED] - Send request successfully

2018-11-12 14:30:28 - [MESSAGE][PASSED] - Send request successfully

2018-11-12 14:30:28 - [MESSAGE][PASSED] - Send request successfully

2018-11-12 14:30:28 - [MESSAGE][PASSED] - Send request successfully

2018-11-12 14:30:29 - [MESSAGE][PASSED] - Object: 'Object Repository/F5140-Add Zone Functionalities/QA-US88570-Add Zone/US38196-Save a New Zone/Add Edit Zone/zoneSaveButton' is clicked on

2018-11-12 14:30:32 - [MESSAGE][PASSED] - Delayed 3 second(s)

2018-11-12 14:30:32 - [MESSAGE][PASSED] - com.ge.tms.commonactions.RailroadActions.clickOnZoneSaveButton is PASSED

2018-11-12 14:30:32 - [TEST_STEP][PASSED] - delay: Delayed 2 second(s)

2018-11-12 14:30:34 - [MESSAGE][PASSED] - Delayed 2 second(s)

2018-11-12 14:30:34 - [TEST_STEP][PASSED] - Statement - setTrackId = <not implemented yet for class: org.codehaus.groovy.ast.expr.EmptyExpression>: null

2018-11-12 14:30:34 - [TEST_STEP][PASSED] - Statement - actions.saveNewTrackRecord(setTrackId): Execute JavaScript 'document.querySelector('#trackConditionCode').shadowRoot.querySelector('px-overlay-content > #content').shadowRoot.querySelector('#dropdown > div > #selector > div:nth-child(3)').click()' successfully

2018-11-12 14:30:34 - [MESSAGE][PASSED] - Object: 'Object Repository/F5362 - Configure and Manage Track/AddTrackButton' is clicked on

2018-11-12 14:30:35 - [MESSAGE][PASSED] - Delayed 1 second(s)

2018-11-12 14:30:35 - [MESSAGE][PASSED] - Text 'VN6WSZ' is set on object 'Object Repository/F5362 - Configure and Manage Track/Track_id_input'

2018-11-12 14:30:35 - [MESSAGE][PASSED] - Text '1MA0AAEKUH' is set on object 'Object Repository/F5362 - Configure and Manage Track/Track_Description_input'

2018-11-12 14:30:35 - [MESSAGE][PASSED] - Execute JavaScript 'return document.querySelector('#trackType').shadowRoot.querySelector('px-overlay-content > #content').shadowRoot.querySelectorAll('#dropdown > div > #selector > div').length' successfully

2018-11-12 14:30:35 - [MESSAGE][PASSED] - Execute JavaScript 'document.querySelector('#trackType').shadowRoot.querySelector('px-overlay-content > #content').shadowRoot.querySelector('#dropdown > div > #selector > div:nth-child(4)').click()' successfully

2018-11-12 14:30:35 - [MESSAGE][PASSED] - Text '1' is set on object 'Object Repository/F5362 - Configure and Manage Track/Track_Length_input'

2018-11-12 14:30:35 - [MESSAGE][PASSED] - Text '3' is set on object 'Object Repository/F5362 - Configure and Manage Track/Car_Capacity_input'

2018-11-12 14:30:35 - [MESSAGE][PASSED] - Execute JavaScript 'return document.querySelector('#trackConditionCode').shadowRoot.querySelector('px-overlay-content > #content').shadowRoot.querySelectorAll('#dropdown > div > #selector > div').length' successfully

2018-11-12 14:30:35 - [MESSAGE][PASSED] - Execute JavaScript 'document.querySelector('#trackConditionCode').shadowRoot.querySelector('px-overlay-content > #content').shadowRoot.querySelector('#dropdown > div > #selector > div:nth-child(3)').click()' successfully

2018-11-12 14:30:35 - [TEST_STEP][PASSED] - Statement - actions.saveTrack(): Delayed 1 second(s)

2018-11-12 14:30:35 - [MESSAGE][PASSED] - Object: 'Object Repository/F5362 - Configure and Manage Track/SaveTrackButton' is clicked on

2018-11-12 14:30:36 - [MESSAGE][PASSED] - Delayed 1 second(s)

2018-11-12 14:30:36 - [TEST_STEP][PASSED] - delay: Delayed 1 second(s)

2018-11-12 14:30:37 - [MESSAGE][PASSED] - Delayed 1 second(s)

2018-11-12 14:30:37 - [TEST_STEP][PASSED] - com.ge.tms.railroad.RailroadVerification.verifyEditedTrackLengthNotSaved: com.ge.tms.railroad.RailroadVerification.verifyEditedTrackLengthNotSaved is PASSED

2018-11-12 14:30:37 - [MESSAGE][PASSED] - Send request successfully

2018-11-12 14:30:37 - [MESSAGE][PASSED] - Send request successfully

2018-11-12 14:30:37 - [MESSAGE][PASSED] - Send request successfully

2018-11-12 14:30:37 - [MESSAGE][PASSED] - Send request successfully

2018-11-12 14:30:37 - [MESSAGE][PASSED] - Send request successfully

2018-11-12 14:30:37 - [MESSAGE][PASSED] - Send request successfully

2018-11-12 14:30:37 - [MESSAGE][PASSED] - Send request successfully

2018-11-12 14:30:37 - [MESSAGE][PASSED] - Send request successfully

2018-11-12 14:30:38 - [MESSAGE][PASSED] - Object: 'Object Repository/F5362 - Configure and Manage Track/edit_track_icon' is clicked on

2018-11-12 14:30:40 - [MESSAGE][PASSED] - Delayed 2 second(s)

2018-11-12 14:30:40 - [MESSAGE][PASSED] - Text of object 'Object Repository/F5362 - Configure and Manage Track/Track_Length_input' is cleared

2018-11-12 14:30:42 - [MESSAGE][PASSED] - Delayed 2 second(s)

2018-11-12 14:30:42 - [MESSAGE][PASSED] - Text '5' is set on object 'Object Repository/F5362 - Configure and Manage Track/Track_Length_input'

2018-11-12 14:30:42 - [MESSAGE][PASSED] - Object: 'Object Repository/F5362 - Configure and Manage Track/CancelTrackButton' is clicked on

2018-11-12 14:30:42 - [MESSAGE][PASSED] - Text 'VN6WSZ' is set on object 'Object Repository/F5362 - Configure and Manage Track/Track_search_field_row1_trackid'

2018-11-12 14:30:42 - [MESSAGE][PASSED] - Text of object 'Object Repository/F5362 - Configure and Manage Track/Track_First_row_column_length' is: '1'

2018-11-12 14:30:42 - [MESSAGE][PASSED] - Actual object '5' and expected object '1' are not equal

2018-11-12 14:30:42 - [MESSAGE][PASSED] - com.ge.tms.railroad.RailroadVerification.verifyEditedTrackLengthNotSaved is PASSED

2018-11-12 14:30:42 - [TEST_STEP][PASSED] - com.ge.tms.commonactions.RailroadActions.clickOnDeleteTrack: com.ge.tms.commonactions.RailroadActions.clickOnDeleteTrack is PASSED

2018-11-12 14:30:42 - [MESSAGE][PASSED] - Send request successfully

2018-11-12 14:30:42 - [MESSAGE][PASSED] - Send request successfully

2018-11-12 14:30:42 - [MESSAGE][PASSED] - Send request successfully

2018-11-12 14:30:42 - [MESSAGE][PASSED] - Send request successfully

2018-11-12 14:30:42 - [MESSAGE][PASSED] - Object: 'Object Repository/F5362 - Configure and Manage Track/deleteTrackButton' is clicked on

2018-11-12 14:30:42 - [MESSAGE][PASSED] - com.ge.tms.commonactions.RailroadActions.clickOnDeleteTrack is PASSED

2018-11-12 14:30:42 - [TEST_STEP][PASSED] - Statement - deleteYesButtonObj = com.kms.katalon.core.testobject.ObjectRepository.findTestObject(Object Repository/F5362 - Configure and Manage Track/deleteTrackYesButton): Finding Test Object with id 'Object Repository/F5362 - Configure and Manage Track/deleteTrackYesButton'

2018-11-12 14:30:42 - [TEST_STEP][PASSED] - com.ge.tms.commonactions.RailroadActions.clickOnTestObject: com.ge.tms.commonactions.RailroadActions.clickOnTestObject is PASSED

2018-11-12 14:30:42 - [MESSAGE][PASSED] - Send request successfully

2018-11-12 14:30:42 - [MESSAGE][PASSED] - Send request successfully

2018-11-12 14:30:42 - [MESSAGE][PASSED] - Send request successfully

2018-11-12 14:30:42 - [MESSAGE][PASSED] - Send request successfully

2018-11-12 14:30:42 - [MESSAGE][PASSED] - Object: 'Object Repository/F5362 - Configure and Manage Track/deleteTrackYesButton' is clicked on

2018-11-12 14:30:42 - [MESSAGE][PASSED] - com.ge.tms.commonactions.RailroadActions.clickOnTestObject is PASSED

2018-11-12 14:30:42 - [TEST_STEP][PASSED] - com.ge.tms.railroad.RailroadVerification.verifyNoTracksFoundInSearch: com.ge.tms.railroad.RailroadVerification.verifyNoTracksFoundInSearch is PASSED

2018-11-12 14:30:42 - [MESSAGE][PASSED] - Send request successfully

2018-11-12 14:30:42 - [MESSAGE][PASSED] - Send request successfully

2018-11-12 14:30:42 - [MESSAGE][PASSED] - Send request successfully

2018-11-12 14:30:42 - [MESSAGE][PASSED] - Send request successfully

2018-11-12 14:30:42 - [MESSAGE][PASSED] - Send request successfully

2018-11-12 14:30:42 - [MESSAGE][PASSED] - Send request successfully

2018-11-12 14:30:42 - [MESSAGE][PASSED] - Send request successfully

2018-11-12 14:30:42 - [MESSAGE][PASSED] - Send request successfully

2018-11-12 14:30:43 - [MESSAGE][PASSED] - Text 'VN6WSZ' is set on object 'Object Repository/F5362 - Configure and Manage Track/Track_search_field_row1_trackid'

2018-11-12 14:30:43 - [MESSAGE][PASSED] - Text of object 'Object Repository/F5362 - Configure and Manage Track/noRowsfound' is: 'No rows found'

2018-11-12 14:30:43 - [MESSAGE][PASSED] - Actual object 'No rows found' and expected object 'No rows found' are equal

2018-11-12 14:30:43 - [MESSAGE][PASSED] - com.ge.tms.railroad.RailroadVerification.verifyNoTracksFoundInSearch is PASSED

2018-11-12 14:30:43 - [TEST_STEP][PASSED] - delay: Delayed 2 second(s)

2018-11-12 14:30:45 - [MESSAGE][PASSED] - Delayed 2 second(s)

2018-11-12 14:30:45 - [TEST_STEP][PASSED] - com.ge.tms.commonactions.RailroadActions.clickOnZoneActionMenu: com.ge.tms.commonactions.RailroadActions.clickOnZoneActionMenu is PASSED

2018-11-12 14:30:45 - [MESSAGE][PASSED] - Send request successfully

2018-11-12 14:30:45 - [MESSAGE][PASSED] - Send request successfully

2018-11-12 14:30:45 - [MESSAGE][PASSED] - Send request successfully

2018-11-12 14:30:45 - [MESSAGE][PASSED] - Send request successfully

2018-11-12 14:30:45 - [MESSAGE][PASSED] - Execute JavaScript 'document.querySelector('#zone-actions-dropdown').shadowRoot.querySelector('#trigger').click()' successfully

2018-11-12 14:30:46 - [MESSAGE][PASSED] - Delayed 1 second(s)

2018-11-12 14:30:46 - [MESSAGE][PASSED] - com.ge.tms.commonactions.RailroadActions.clickOnZoneActionMenu is PASSED

2018-11-12 14:30:46 - [TEST_STEP][PASSED] - com.ge.tms.commonactions.RailroadActions.clickOnDeleteAction: com.ge.tms.commonactions.RailroadActions.clickOnDeleteAction is PASSED

2018-11-12 14:30:46 - [MESSAGE][PASSED] - Send request successfully

2018-11-12 14:30:46 - [MESSAGE][PASSED] - Send request successfully

2018-11-12 14:30:46 - [MESSAGE][PASSED] - Send request successfully

2018-11-12 14:30:46 - [MESSAGE][PASSED] - Send request successfully

2018-11-12 14:30:46 - [MESSAGE][PASSED] - Execute JavaScript 'document.querySelector('#zone-actions-dropdown').shadowRoot.querySelector('#content').shadowRoot.querySelector('#selector > div:nth-child(2)').click()' successfully

2018-11-12 14:30:46 - [MESSAGE][PASSED] - com.ge.tms.commonactions.RailroadActions.clickOnDeleteAction is PASSED

2018-11-12 14:30:46 - [TEST_STEP][PASSED] - delay: Delayed 1 second(s)

2018-11-12 14:30:47 - [MESSAGE][PASSED] - Delayed 1 second(s)

2018-11-12 14:30:47 - [TEST_STEP][PASSED] - Statement - deleteYesButtonObj = com.kms.katalon.core.testobject.ObjectRepository.findTestObject(Object Repository/F5140-Add Zone Functionalities/QA-US88570-Add Zone/US38196-Save a New Zone/Delete Zone/deleteYesButton): Finding Test Object with id 'Object Repository/F5140-Add Zone Functionalities/QA-US88570-Add Zone/US38196-Save a New Zone/Delete Zone/deleteYesButton'

2018-11-12 14:30:47 - [TEST_STEP][PASSED] - com.ge.tms.commonactions.RailroadActions.clickOnTestObject: com.ge.tms.commonactions.RailroadActions.clickOnTestObject is PASSED

2018-11-12 14:30:47 - [MESSAGE][PASSED] - Send request successfully

2018-11-12 14:30:47 - [MESSAGE][PASSED] - Send request successfully

2018-11-12 14:30:47 - [MESSAGE][PASSED] - Send request successfully

2018-11-12 14:30:47 - [MESSAGE][PASSED] - Send request successfully

2018-11-12 14:30:47 - [MESSAGE][PASSED] - Object: 'Object Repository/F5140-Add Zone Functionalities/QA-US88570-Add Zone/US38196-Save a New Zone/Delete Zone/deleteYesButton' is clicked on

2018-11-12 14:30:47 - [MESSAGE][PASSED] - com.ge.tms.commonactions.RailroadActions.clickOnTestObject is PASSED

2018-11-12 14:30:47 - [TEST_STEP][PASSED] - delay: Delayed 1 second(s)

2018-11-12 14:30:48 - [MESSAGE][PASSED] - Delayed 1 second(s)

2018-11-12 14:30:48 - [TEST_STEP][PASSED] - com.ge.tms.railroad.RailroadVerification.verifyViewStationIdAfterZoneDeletion: com.ge.tms.railroad.RailroadVerification.verifyViewStationIdAfterZoneDeletion is PASSED

2018-11-12 14:30:48 - [MESSAGE][PASSED] - Send request successfully

2018-11-12 14:30:48 - [MESSAGE][PASSED] - Send request successfully

2018-11-12 14:30:48 - [MESSAGE][PASSED] - Send request successfully

2018-11-12 14:30:48 - [MESSAGE][PASSED] - Send request successfully

2018-11-12 14:30:48 - [MESSAGE][PASSED] - Send request successfully

2018-11-12 14:30:48 - [MESSAGE][PASSED] - Send request successfully

2018-11-12 14:30:48 - [MESSAGE][PASSED] - Send request successfully

2018-11-12 14:30:48 - [MESSAGE][PASSED] - Send request successfully

2018-11-12 14:30:48 - [MESSAGE][PASSED] - Text of object 'Object Repository/F11822-Configure and Manage Stations/QA-US87586-View Stations/US84086-View Station Details/View Stations/div_StationCode' is: 'R0G00AU'

2018-11-12 14:30:48 - [MESSAGE][PASSED] - Actual object 'R0G00AU' and expected object 'R0G00AU' are equal

2018-11-12 14:30:48 - [MESSAGE][PASSED] - com.ge.tms.railroad.RailroadVerification.verifyViewStationIdAfterZoneDeletion is PASSED

2018-11-12 14:30:48 - [TEST_STEP][PASSED] - com.ge.tms.commonactions.RailroadActions.clickOnStationActionMenu: com.ge.tms.commonactions.RailroadActions.clickOnStationActionMenu is PASSED

2018-11-12 14:30:48 - [MESSAGE][PASSED] - Send request successfully

2018-11-12 14:30:48 - [MESSAGE][PASSED] - Send request successfully

2018-11-12 14:30:48 - [MESSAGE][PASSED] - Send request successfully

2018-11-12 14:30:48 - [MESSAGE][PASSED] - Send request successfully

2018-11-12 14:30:48 - [MESSAGE][PASSED] - Execute JavaScript 'document.querySelector('#station-actions-dropdown').shadowRoot.querySelector('#trigger').click()' successfully

2018-11-12 14:30:49 - [MESSAGE][PASSED] - Delayed 1 second(s)

2018-11-12 14:30:49 - [MESSAGE][PASSED] - com.ge.tms.commonactions.RailroadActions.clickOnStationActionMenu is PASSED

2018-11-12 14:30:49 - [TEST_STEP][PASSED] - com.ge.tms.commonactions.RailroadActions.clickOnDeleteStationButton: com.ge.tms.commonactions.RailroadActions.clickOnDeleteStationButton is PASSED

2018-11-12 14:30:49 - [MESSAGE][PASSED] - Send request successfully

2018-11-12 14:30:49 - [MESSAGE][PASSED] - Send request successfully

2018-11-12 14:30:49 - [MESSAGE][PASSED] - Send request successfully

2018-11-12 14:30:49 - [MESSAGE][PASSED] - Send request successfully

2018-11-12 14:30:49 - [MESSAGE][PASSED] - Execute JavaScript 'document.querySelector('#station-actions-dropdown').shadowRoot.querySelector('#content').shadowRoot.querySelector('#selector > div:nth-child(2)').click()' successfully

2018-11-12 14:30:49 - [MESSAGE][PASSED] - com.ge.tms.commonactions.RailroadActions.clickOnDeleteStationButton is PASSED

2018-11-12 14:30:49 - [TEST_STEP][PASSED] - Statement - deleteYesButtonObj = com.kms.katalon.core.testobject.ObjectRepository.findTestObject(Object Repository/F11822-Configure and Manage Stations/deleteConfirmationYesButton): Finding Test Object with id 'Object Repository/F11822-Configure and Manage Stations/deleteConfirmationYesButton'

2018-11-12 14:30:49 - [TEST_STEP][PASSED] - com.ge.tms.commonactions.RailroadActions.clickOnTestObject: com.ge.tms.commonactions.RailroadActions.clickOnTestObject is PASSED

2018-11-12 14:30:49 - [MESSAGE][PASSED] - Send request successfully

2018-11-12 14:30:49 - [MESSAGE][PASSED] - Send request successfully

2018-11-12 14:30:49 - [MESSAGE][PASSED] - Send request successfully

2018-11-12 14:30:49 - [MESSAGE][PASSED] - Send request successfully

2018-11-12 14:30:49 - [MESSAGE][PASSED] - Object: 'Object Repository/F11822-Configure and Manage Stations/deleteConfirmationYesButton' is clicked on

2018-11-12 14:30:49 - [MESSAGE][PASSED] - com.ge.tms.commonactions.RailroadActions.clickOnTestObject is PASSED

2018-11-12 14:30:49 - [TEST_STEP][PASSED] - delay: Delayed 1 second(s)

2018-11-12 14:30:50 - [MESSAGE][PASSED] - Delayed 1 second(s)

2018-11-12 14:30:50 - [TEST_STEP][PASSED] - com.ge.tms.railroad.RailroadVerification.verifyDeletedItemNotPresentInSearchView: com.ge.tms.railroad.RailroadVerification.verifyDeletedItemNotPresentInSearchView is PASSED

2018-11-12 14:30:50 - [MESSAGE][PASSED] - Send request successfully

2018-11-12 14:30:50 - [MESSAGE][PASSED] - Send request successfully

2018-11-12 14:30:50 - [MESSAGE][PASSED] - Send request successfully

2018-11-12 14:30:50 - [MESSAGE][PASSED] - Send request successfully

2018-11-12 14:30:50 - [MESSAGE][PASSED] - Send request successfully

2018-11-12 14:30:50 - [MESSAGE][PASSED] - Send request successfully

2018-11-12 14:30:50 - [MESSAGE][PASSED] - Send request successfully

2018-11-12 14:30:50 - [MESSAGE][PASSED] - Send request successfully

2018-11-12 14:30:50 - [MESSAGE][PASSED] - Text 'R0G00AU' is set on object 'Object Repository/CommonObjects/searchTextBoxLeftNav'

2018-11-12 14:30:52 - [MESSAGE][PASSED] - Delayed 2 second(s)

2018-11-12 14:30:52 - [MESSAGE][PASSED] - Text of object 'Object Repository/CommonObjects/noSearchResultMessageLeftNav' is: 'No stations or zones found.'

2018-11-12 14:30:52 - [MESSAGE][PASSED] - Actual object 'No stations or zones found.' and expected object 'No stations or zones found.' are equal

2018-11-12 14:30:52 - [MESSAGE][PASSED] - com.ge.tms.railroad.RailroadVerification.verifyDeletedItemNotPresentInSearchView is PASSED

2018-11-12 14:30:52 - [TEST_STEP][PASSED] - Start listener action : closeBrowserForTestCasse: Navigate to 'http://localhost:8080/home' successfully

2018-11-12 14:30:52 - [TEST_STEP][PASSED] - Statement - If (isTestSuitEnable == true): null

2018-11-12 14:30:52 - [TEST_STEP][PASSED] - Statement - beforeTestCaseExecute(): null

2018-11-12 14:30:52 - [TEST_STEP][PASSED] - Statement - If (isTestSuitEnable == true): Navigate to 'http://localhost:8080/home' successfully

2018-11-12 14:30:52 - [TEST_STEP][PASSED] - navigateToUrl: Navigate to 'http://localhost:8080/home' successfully

2018-11-12 14:30:53 - [MESSAGE][PASSED] - Navigate to 'http://localhost:8080/home' successfully

2018-11-12 14:30:53 - [TEST_STEP][PASSED] - Start listener action : afterTestCase: Invoke 'com.kms.katalon.core.annotation.AfterTestCase' method: 'TmsTestListner.afterTestCase(...)' completed.

2018-11-12 14:30:53 - [TEST_STEP][PASSED] - Statement - If (java.lang.System.getProperties().containsKey("updateRally")): Invoke 'com.kms.katalon.core.annotation.AfterTestCase' method: 'TmsTestListner.afterTestCase(...)' completed.]]></system-out>
         <system-err><![CDATA[]]></system-err>
      </testcase>
      <testcase name="Test Cases/Railroad/F5362 - Configure and manage track/QA - US92819/US39512 - Add track from station/TC66202 - Add Track from Station and cancel" classname="Test Cases/Railroad/F5362 - Configure and manage track/QA - US92819/US39512 - Add track from station/TC66202 - Add Track from Station and cancel" status="PASSED">
         <system-out><![CDATA[2018-11-12 14:30:53 - [TEST_CASE][PASSED] - Test Cases/Railroad/F5362 - Configure and manage track/QA - US92819/US39512 - Add track from station/TC66202 - Add Track from Station and cancel: Test Cases/Railroad/F5362 - Configure and manage track/QA - US92819/US39512 - Add track from station/TC66202 - Add Track from Station and cancel

2018-11-12 14:30:53 - [TEST_STEP][PASSED] - Start listener action : beforeTestCaseExecute: Navigate to 'http://localhost:8080/home' successfully

2018-11-12 14:30:53 - [TEST_STEP][PASSED] - Statement - If (isTestSuitEnable == true): Navigate to 'http://localhost:8080/home' successfully

2018-11-12 14:30:53 - [TEST_STEP][PASSED] - navigateToUrl: Navigate to 'http://localhost:8080/home' successfully

2018-11-12 14:30:54 - [MESSAGE][PASSED] - Navigate to 'http://localhost:8080/home' successfully

2018-11-12 14:30:54 - [TEST_STEP][PASSED] - Statement - util = new com.ge.tms.util.CommonUtilities(): Send request successfully

2018-11-12 14:30:54 - [MESSAGE][PASSED] - Send request successfully

2018-11-12 14:30:54 - [MESSAGE][PASSED] - Send request successfully

2018-11-12 14:30:54 - [MESSAGE][PASSED] - Send request successfully

2018-11-12 14:30:54 - [MESSAGE][PASSED] - Send request successfully

2018-11-12 14:30:54 - [TEST_STEP][PASSED] - Statement - actions = new com.ge.tms.commonactions.RailroadActions(): Send request successfully

2018-11-12 14:30:54 - [MESSAGE][PASSED] - Send request successfully

2018-11-12 14:30:54 - [MESSAGE][PASSED] - Send request successfully

2018-11-12 14:30:54 - [MESSAGE][PASSED] - Send request successfully

2018-11-12 14:30:54 - [MESSAGE][PASSED] - Send request successfully

2018-11-12 14:30:54 - [TEST_STEP][PASSED] - Statement - empty = <not implemented yet for class: org.codehaus.groovy.ast.expr.EmptyExpression>: null

2018-11-12 14:30:54 - [TEST_STEP][PASSED] - com.ge.tms.commonactions.CommonClickEvents.clickOnRailroadSetup: com.ge.tms.commonactions.CommonClickEvents.clickOnRailroadSetup is PASSED

2018-11-12 14:30:54 - [MESSAGE][PASSED] - Execute JavaScript 'document.querySelector('px-app-nav').shadowRoot.querySelector('#items > px-app-nav-group:nth-child(13) > px-app-nav-subitem:nth-child(1)').click()' successfully

2018-11-12 14:30:56 - [MESSAGE][PASSED] - Delayed 2 second(s)

2018-11-12 14:30:56 - [MESSAGE][PASSED] - com.ge.tms.commonactions.CommonClickEvents.clickOnRailroadSetup is PASSED

2018-11-12 14:30:56 - [TEST_STEP][PASSED] - com.ge.tms.commonactions.RailroadActions.clickOnSelectRailroadDropdown: com.ge.tms.commonactions.RailroadActions.clickOnSelectRailroadDropdown is PASSED

2018-11-12 14:30:56 - [MESSAGE][PASSED] - Send request successfully

2018-11-12 14:30:56 - [MESSAGE][PASSED] - Send request successfully

2018-11-12 14:30:56 - [MESSAGE][PASSED] - Send request successfully

2018-11-12 14:30:56 - [MESSAGE][PASSED] - Send request successfully

2018-11-12 14:30:56 - [MESSAGE][PASSED] - Execute JavaScript 'document.querySelector('#railroads-select-dropdown').shadowRoot.querySelector('#trigger').click()' successfully

2018-11-12 14:30:59 - [MESSAGE][PASSED] - Delayed 3 second(s)

2018-11-12 14:30:59 - [MESSAGE][PASSED] - com.ge.tms.commonactions.RailroadActions.clickOnSelectRailroadDropdown is PASSED

2018-11-12 14:30:59 - [TEST_STEP][PASSED] - com.ge.tms.commonactions.RailroadActions.selectRandomRailRoad: com.ge.tms.commonactions.RailroadActions.selectRandomRailRoad is PASSED

2018-11-12 14:30:59 - [MESSAGE][PASSED] - Send request successfully

2018-11-12 14:30:59 - [MESSAGE][PASSED] - Send request successfully

2018-11-12 14:30:59 - [MESSAGE][PASSED] - Send request successfully

2018-11-12 14:30:59 - [MESSAGE][PASSED] - Send request successfully

2018-11-12 14:30:59 - [MESSAGE][PASSED] - Execute JavaScript 'let railRoadList=[]; document.querySelector('#railroads-select-dropdown').shadowRoot.querySelector('#content').shadowRoot.querySelectorAll('#selector > div.dropdown-option').forEach(node => { railRoadList.push(node.getAttribute('title')) }); return railRoadList' successfully

2018-11-12 14:30:59 - [MESSAGE][PASSED] - Execute JavaScript 'return document.querySelector('#railroads-select-dropdown').shadowRoot.querySelector('#content').shadowRoot.querySelector('#selector > div:nth-child(5) span').innerHTML' successfully

2018-11-12 14:30:59 - [MESSAGE][PASSED] - Execute JavaScript 'return document.querySelector('#railroads-select-dropdown').shadowRoot.querySelector('#content').shadowRoot.querySelector('#selector > div:nth-child(5) span').click()' successfully

2018-11-12 14:30:59 - [MESSAGE][PASSED] - com.ge.tms.commonactions.RailroadActions.selectRandomRailRoad is PASSED

2018-11-12 14:30:59 - [TEST_STEP][PASSED] - delay: Delayed 2 second(s)

2018-11-12 14:31:01 - [MESSAGE][PASSED] - Delayed 2 second(s)

2018-11-12 14:31:01 - [TEST_STEP][PASSED] - Statement - actions.addStationMandatotyFields(empty): Delayed 3 second(s)

2018-11-12 14:31:02 - [MESSAGE][PASSED] - Object: 'Object Repository/F11822-Configure and Manage Stations/Add_New_Station_Button' is clicked on

2018-11-12 14:31:02 - [MESSAGE][PASSED] - Text 'SJR5DUP' is set on object 'Object Repository/F11822-Configure and Manage Stations/station_id'

2018-11-12 14:31:02 - [MESSAGE][PASSED] - Text '98UZOBO' is set on object 'Object Repository/F11822-Configure and Manage Stations/station_name'

2018-11-12 14:31:02 - [MESSAGE][PASSED] - Execute JavaScript 'document.querySelector('#splc').shadowRoot.querySelector('#trigger').shadowRoot.querySelector('#trigger').click()' successfully

2018-11-12 14:31:02 - [MESSAGE][PASSED] - Execute JavaScript 'return document.querySelector('#splc').shadowRoot.querySelector('px-overlay-content > #content').shadowRoot.querySelectorAll('#dropdown > div > #selector > div').length' successfully

2018-11-12 14:31:02 - [MESSAGE][PASSED] - Execute JavaScript 'document.querySelector('#splc').shadowRoot.querySelector('px-overlay-content > #content').shadowRoot.querySelector('#dropdown > div > #selector > div:nth-child(1)').click()' successfully

2018-11-12 14:31:02 - [MESSAGE][PASSED] - Execute JavaScript 'return document.querySelector('#fsac').shadowRoot.querySelector('px-overlay-content > #content').shadowRoot.querySelectorAll('#dropdown > div > #selector > div').length' successfully

2018-11-12 14:31:02 - [MESSAGE][PASSED] - Execute JavaScript 'document.querySelector('#fsac').shadowRoot.querySelector('px-overlay-content > #content').shadowRoot.querySelector('#dropdown > div > #selector > div:nth-child(1)').click()' successfully

2018-11-12 14:31:02 - [MESSAGE][PASSED] - Execute JavaScript 'return document.querySelector('#station-timezone-qualifier').shadowRoot.querySelector('px-overlay-content > #content').shadowRoot.querySelectorAll('#dropdown > div > #selector > div').length' successfully

2018-11-12 14:31:02 - [MESSAGE][PASSED] - Execute JavaScript 'document.querySelector('#station-timezone-qualifier').shadowRoot.querySelector('px-overlay-content > #content').shadowRoot.querySelector('#dropdown > div > #selector > div:nth-child(5)').click()' successfully

2018-11-12 14:31:02 - [MESSAGE][PASSED] - Execute JavaScript 'return document.querySelector('#country').shadowRoot.querySelector('px-overlay-content > #content').shadowRoot.querySelectorAll('#dropdown > div > #selector > div').length' successfully

2018-11-12 14:31:02 - [MESSAGE][PASSED] - Execute JavaScript 'document.querySelector('#country').shadowRoot.querySelector('px-overlay-content > #content').shadowRoot.querySelector('#dropdown > div > #selector > div:nth-child(1)').click()' successfully

2018-11-12 14:31:02 - [MESSAGE][PASSED] - Execute JavaScript 'return document.querySelector('#state').shadowRoot.querySelector('px-overlay-content > #content').shadowRoot.querySelectorAll('#dropdown > div > #selector > div').length' successfully

2018-11-12 14:31:02 - [MESSAGE][PASSED] - Execute JavaScript 'document.querySelector('#state').shadowRoot.querySelector('px-overlay-content > #content').shadowRoot.querySelector('#dropdown > div > #selector > div:nth-child(13)').click()' successfully

2018-11-12 14:31:03 - [MESSAGE][PASSED] - Object: 'Object Repository/F11822-Configure and Manage Stations/station_save_button' is clicked on

2018-11-12 14:31:06 - [MESSAGE][PASSED] - Delayed 3 second(s)

2018-11-12 14:31:06 - [TEST_STEP][PASSED] - delay: Delayed 2 second(s)

2018-11-12 14:31:08 - [MESSAGE][PASSED] - Delayed 2 second(s)

2018-11-12 14:31:08 - [TEST_STEP][PASSED] - Statement - actions.addZone(empty): Execute JavaScript 'document.querySelector('#zone-type').shadowRoot.querySelector('#content').shadowRoot.querySelector('#selector > div:nth-child(4)').click()' successfully

2018-11-12 14:31:08 - [MESSAGE][PASSED] - Object: 'Object Repository/F5140-Add Zone Functionalities/QA-US88570-Add Zone/US38196-Save a New Zone/Add Edit Zone/addNewZoneButton' is clicked on

2018-11-12 14:31:11 - [MESSAGE][PASSED] - Delayed 3 second(s)

2018-11-12 14:31:11 - [MESSAGE][PASSED] - Text 'EZLB7' is set on object 'Object Repository/F5140-Add Zone Functionalities/QA-US88570-Add Zone/US38196-Save a New Zone/Add Edit Zone/zoneID'

2018-11-12 14:31:11 - [MESSAGE][PASSED] - Text 'RCHRHAQ' is set on object 'Object Repository/F5140-Add Zone Functionalities/QA-US88570-Add Zone/US38196-Save a New Zone/Add Edit Zone/zoneName'

2018-11-12 14:31:11 - [MESSAGE][PASSED] - Execute JavaScript 'document.querySelector('#zone-type').shadowRoot.querySelector('#trigger').click()' successfully

2018-11-12 14:31:11 - [MESSAGE][PASSED] - Execute JavaScript 'return document.querySelector('#zone-type').shadowRoot.querySelector('#content').shadowRoot.querySelectorAll('#selector > div').length' successfully

2018-11-12 14:31:11 - [MESSAGE][PASSED] - Execute JavaScript 'document.querySelector('#zone-type').shadowRoot.querySelector('#content').shadowRoot.querySelector('#selector > div:nth-child(4)').click()' successfully

2018-11-12 14:31:11 - [TEST_STEP][PASSED] - com.ge.tms.commonactions.RailroadActions.clickOnZoneSaveButton: com.ge.tms.commonactions.RailroadActions.clickOnZoneSaveButton is PASSED

2018-11-12 14:31:11 - [MESSAGE][PASSED] - Send request successfully

2018-11-12 14:31:11 - [MESSAGE][PASSED] - Send request successfully

2018-11-12 14:31:11 - [MESSAGE][PASSED] - Send request successfully

2018-11-12 14:31:11 - [MESSAGE][PASSED] - Send request successfully

2018-11-12 14:31:11 - [MESSAGE][PASSED] - Object: 'Object Repository/F5140-Add Zone Functionalities/QA-US88570-Add Zone/US38196-Save a New Zone/Add Edit Zone/zoneSaveButton' is clicked on

2018-11-12 14:31:14 - [MESSAGE][PASSED] - Delayed 3 second(s)

2018-11-12 14:31:14 - [MESSAGE][PASSED] - com.ge.tms.commonactions.RailroadActions.clickOnZoneSaveButton is PASSED

2018-11-12 14:31:14 - [TEST_STEP][PASSED] - Statement - actions.setStaionForStationzoneSearchField(): Text 'SJR5DUP' is set on object 'Object Repository/CommonObjects/searchTextBoxLeftNav'

2018-11-12 14:31:14 - [MESSAGE][PASSED] - Text 'SJR5DUP' is set on object 'Object Repository/CommonObjects/searchTextBoxLeftNav'

2018-11-12 14:31:14 - [TEST_STEP][PASSED] - delay: Delayed 1 second(s)

2018-11-12 14:31:15 - [MESSAGE][PASSED] - Delayed 1 second(s)

2018-11-12 14:31:15 - [TEST_STEP][PASSED] - Statement - actions.setValuesAddTrackFromStation(empty): Execute JavaScript 'document.querySelector('#zoneId').shadowRoot.querySelector('px-overlay-content > #content').shadowRoot.querySelector('#dropdown > div > #selector > div:nth-child(1)').click()' successfully

2018-11-12 14:31:15 - [MESSAGE][PASSED] - Execute JavaScript 'document.querySelector('px-tree').shadowRoot.querySelector('px-tree-node').shadowRoot.querySelector('li').click()' successfully

2018-11-12 14:31:15 - [MESSAGE][PASSED] - Object: 'Object Repository/F5362 - Configure and Manage Track/AddTrackButton' is clicked on

2018-11-12 14:31:16 - [MESSAGE][PASSED] - Delayed 1 second(s)

2018-11-12 14:31:17 - [MESSAGE][PASSED] - Text 'TQWJWF' is set on object 'Object Repository/F5362 - Configure and Manage Track/Track_id_input'

2018-11-12 14:31:17 - [MESSAGE][PASSED] - Text '0RXNWOZ6NU' is set on object 'Object Repository/F5362 - Configure and Manage Track/Track_Description_input'

2018-11-12 14:31:17 - [MESSAGE][PASSED] - Execute JavaScript 'return document.querySelector('#trackType').shadowRoot.querySelector('px-overlay-content > #content').shadowRoot.querySelectorAll('#dropdown > div > #selector > div').length' successfully

2018-11-12 14:31:17 - [MESSAGE][PASSED] - Execute JavaScript 'document.querySelector('#trackType').shadowRoot.querySelector('px-overlay-content > #content').shadowRoot.querySelector('#dropdown > div > #selector > div:nth-child(6)').click()' successfully

2018-11-12 14:31:17 - [MESSAGE][PASSED] - Text '2' is set on object 'Object Repository/F5362 - Configure and Manage Track/Track_Length_input'

2018-11-12 14:31:17 - [MESSAGE][PASSED] - Text '1' is set on object 'Object Repository/F5362 - Configure and Manage Track/Car_Capacity_input'

2018-11-12 14:31:17 - [MESSAGE][PASSED] - Execute JavaScript 'return document.querySelector('#trackConditionCode').shadowRoot.querySelector('px-overlay-content > #content').shadowRoot.querySelectorAll('#dropdown > div > #selector > div').length' successfully

2018-11-12 14:31:17 - [MESSAGE][PASSED] - Execute JavaScript 'document.querySelector('#trackConditionCode').shadowRoot.querySelector('px-overlay-content > #content').shadowRoot.querySelector('#dropdown > div > #selector > div:nth-child(2)').click()' successfully

2018-11-12 14:31:17 - [MESSAGE][PASSED] - Execute JavaScript 'document.querySelector('#zoneId').shadowRoot.querySelector('#trigger').shadowRoot.querySelector('#trigger').click()' successfully

2018-11-12 14:31:17 - [MESSAGE][PASSED] - Execute JavaScript 'return document.querySelector('#zoneId').shadowRoot.querySelector('px-overlay-content > #content').shadowRoot.querySelectorAll('#dropdown > div > #selector > div').length' successfully

2018-11-12 14:31:17 - [MESSAGE][PASSED] - Execute JavaScript 'document.querySelector('#zoneId').shadowRoot.querySelector('px-overlay-content > #content').shadowRoot.querySelector('#dropdown > div > #selector > div:nth-child(1)').click()' successfully

2018-11-12 14:31:17 - [TEST_STEP][PASSED] - Statement - actions.clickCancelTrack(): Object: 'Object Repository/F5362 - Configure and Manage Track/CancelTrackButton' is clicked on

2018-11-12 14:31:17 - [MESSAGE][PASSED] - Object: 'Object Repository/F5362 - Configure and Manage Track/CancelTrackButton' is clicked on

2018-11-12 14:31:17 - [TEST_STEP][PASSED] - Statement - actions.clickZoneUnderStation(): Execute JavaScript 'document.querySelector('px-tree').shadowRoot.querySelector('px-tree-node').shadowRoot.querySelector('#collapse > div > px-tree-node').shadowRoot.querySelector('li').click()' successfully

2018-11-12 14:31:17 - [MESSAGE][PASSED] - Execute JavaScript 'document.querySelector('px-tree').shadowRoot.querySelector('px-tree-node').shadowRoot.querySelector('#collapse > div > px-tree-node').shadowRoot.querySelector('li').click()' successfully

2018-11-12 14:31:17 - [TEST_STEP][PASSED] - com.ge.tms.railroad.RailroadVerification.verifyNoTracksFound: com.ge.tms.railroad.RailroadVerification.verifyNoTracksFound is PASSED

2018-11-12 14:31:17 - [MESSAGE][PASSED] - Send request successfully

2018-11-12 14:31:17 - [MESSAGE][PASSED] - Send request successfully

2018-11-12 14:31:17 - [MESSAGE][PASSED] - Send request successfully

2018-11-12 14:31:17 - [MESSAGE][PASSED] - Send request successfully

2018-11-12 14:31:17 - [MESSAGE][PASSED] - Send request successfully

2018-11-12 14:31:17 - [MESSAGE][PASSED] - Send request successfully

2018-11-12 14:31:17 - [MESSAGE][PASSED] - Send request successfully

2018-11-12 14:31:17 - [MESSAGE][PASSED] - Send request successfully

2018-11-12 14:31:18 - [MESSAGE][PASSED] - Text 'TQWJWF' is set on object 'Object Repository/F5362 - Configure and Manage Track/Track_search_field_row1_trackid'

2018-11-12 14:31:18 - [MESSAGE][PASSED] - Text of object 'Object Repository/F5362 - Configure and Manage Track/noRowsfound' is: 'No rows found'

2018-11-12 14:31:18 - [MESSAGE][PASSED] - Actual object 'No rows found' and expected object 'No rows found' are equal

2018-11-12 14:31:18 - [MESSAGE][PASSED] - com.ge.tms.railroad.RailroadVerification.verifyNoTracksFound is PASSED

2018-11-12 14:31:18 - [TEST_STEP][PASSED] - com.ge.tms.commonactions.RailroadActions.clickOnZoneActionMenu: com.ge.tms.commonactions.RailroadActions.clickOnZoneActionMenu is PASSED

2018-11-12 14:31:18 - [MESSAGE][PASSED] - Send request successfully

2018-11-12 14:31:18 - [MESSAGE][PASSED] - Send request successfully

2018-11-12 14:31:18 - [MESSAGE][PASSED] - Send request successfully

2018-11-12 14:31:18 - [MESSAGE][PASSED] - Send request successfully

2018-11-12 14:31:18 - [MESSAGE][PASSED] - Execute JavaScript 'document.querySelector('#zone-actions-dropdown').shadowRoot.querySelector('#trigger').click()' successfully

2018-11-12 14:31:19 - [MESSAGE][PASSED] - Delayed 1 second(s)

2018-11-12 14:31:19 - [MESSAGE][PASSED] - com.ge.tms.commonactions.RailroadActions.clickOnZoneActionMenu is PASSED

2018-11-12 14:31:19 - [TEST_STEP][PASSED] - com.ge.tms.commonactions.RailroadActions.clickOnDeleteAction: com.ge.tms.commonactions.RailroadActions.clickOnDeleteAction is PASSED

2018-11-12 14:31:19 - [MESSAGE][PASSED] - Send request successfully

2018-11-12 14:31:19 - [MESSAGE][PASSED] - Send request successfully

2018-11-12 14:31:19 - [MESSAGE][PASSED] - Send request successfully

2018-11-12 14:31:19 - [MESSAGE][PASSED] - Send request successfully

2018-11-12 14:31:19 - [MESSAGE][PASSED] - Execute JavaScript 'document.querySelector('#zone-actions-dropdown').shadowRoot.querySelector('#content').shadowRoot.querySelector('#selector > div:nth-child(2)').click()' successfully

2018-11-12 14:31:19 - [MESSAGE][PASSED] - com.ge.tms.commonactions.RailroadActions.clickOnDeleteAction is PASSED

2018-11-12 14:31:19 - [TEST_STEP][PASSED] - delay: Delayed 1 second(s)

2018-11-12 14:31:20 - [MESSAGE][PASSED] - Delayed 1 second(s)

2018-11-12 14:31:20 - [TEST_STEP][PASSED] - Statement - deleteYesButtonObj = com.kms.katalon.core.testobject.ObjectRepository.findTestObject(Object Repository/F5140-Add Zone Functionalities/QA-US88570-Add Zone/US38196-Save a New Zone/Delete Zone/deleteYesButton): Finding Test Object with id 'Object Repository/F5140-Add Zone Functionalities/QA-US88570-Add Zone/US38196-Save a New Zone/Delete Zone/deleteYesButton'

2018-11-12 14:31:20 - [TEST_STEP][PASSED] - com.ge.tms.commonactions.RailroadActions.clickOnTestObject: com.ge.tms.commonactions.RailroadActions.clickOnTestObject is PASSED

2018-11-12 14:31:20 - [MESSAGE][PASSED] - Send request successfully

2018-11-12 14:31:20 - [MESSAGE][PASSED] - Send request successfully

2018-11-12 14:31:20 - [MESSAGE][PASSED] - Send request successfully

2018-11-12 14:31:20 - [MESSAGE][PASSED] - Send request successfully

2018-11-12 14:31:20 - [MESSAGE][PASSED] - Object: 'Object Repository/F5140-Add Zone Functionalities/QA-US88570-Add Zone/US38196-Save a New Zone/Delete Zone/deleteYesButton' is clicked on

2018-11-12 14:31:20 - [MESSAGE][PASSED] - com.ge.tms.commonactions.RailroadActions.clickOnTestObject is PASSED

2018-11-12 14:31:20 - [TEST_STEP][PASSED] - delay: Delayed 1 second(s)

2018-11-12 14:31:21 - [MESSAGE][PASSED] - Delayed 1 second(s)

2018-11-12 14:31:21 - [TEST_STEP][PASSED] - com.ge.tms.railroad.RailroadVerification.verifyViewStationIdAfterZoneDeletion: com.ge.tms.railroad.RailroadVerification.verifyViewStationIdAfterZoneDeletion is PASSED

2018-11-12 14:31:21 - [MESSAGE][PASSED] - Send request successfully

2018-11-12 14:31:21 - [MESSAGE][PASSED] - Send request successfully

2018-11-12 14:31:21 - [MESSAGE][PASSED] - Send request successfully

2018-11-12 14:31:21 - [MESSAGE][PASSED] - Send request successfully

2018-11-12 14:31:21 - [MESSAGE][PASSED] - Send request successfully

2018-11-12 14:31:21 - [MESSAGE][PASSED] - Send request successfully

2018-11-12 14:31:21 - [MESSAGE][PASSED] - Send request successfully

2018-11-12 14:31:21 - [MESSAGE][PASSED] - Send request successfully

2018-11-12 14:31:21 - [MESSAGE][PASSED] - Text of object 'Object Repository/F11822-Configure and Manage Stations/QA-US87586-View Stations/US84086-View Station Details/View Stations/div_StationCode' is: 'SJR5DUP'

2018-11-12 14:31:21 - [MESSAGE][PASSED] - Actual object 'SJR5DUP' and expected object 'SJR5DUP' are equal

2018-11-12 14:31:21 - [MESSAGE][PASSED] - com.ge.tms.railroad.RailroadVerification.verifyViewStationIdAfterZoneDeletion is PASSED

2018-11-12 14:31:21 - [TEST_STEP][PASSED] - com.ge.tms.commonactions.RailroadActions.clickOnStationActionMenu: com.ge.tms.commonactions.RailroadActions.clickOnStationActionMenu is PASSED

2018-11-12 14:31:21 - [MESSAGE][PASSED] - Send request successfully

2018-11-12 14:31:21 - [MESSAGE][PASSED] - Send request successfully

2018-11-12 14:31:21 - [MESSAGE][PASSED] - Send request successfully

2018-11-12 14:31:21 - [MESSAGE][PASSED] - Send request successfully

2018-11-12 14:31:21 - [MESSAGE][PASSED] - Execute JavaScript 'document.querySelector('#station-actions-dropdown').shadowRoot.querySelector('#trigger').click()' successfully

2018-11-12 14:31:22 - [MESSAGE][PASSED] - Delayed 1 second(s)

2018-11-12 14:31:22 - [MESSAGE][PASSED] - com.ge.tms.commonactions.RailroadActions.clickOnStationActionMenu is PASSED

2018-11-12 14:31:22 - [TEST_STEP][PASSED] - com.ge.tms.commonactions.RailroadActions.clickOnDeleteStationButton: com.ge.tms.commonactions.RailroadActions.clickOnDeleteStationButton is PASSED

2018-11-12 14:31:22 - [MESSAGE][PASSED] - Send request successfully

2018-11-12 14:31:22 - [MESSAGE][PASSED] - Send request successfully

2018-11-12 14:31:22 - [MESSAGE][PASSED] - Send request successfully

2018-11-12 14:31:22 - [MESSAGE][PASSED] - Send request successfully

2018-11-12 14:31:22 - [MESSAGE][PASSED] - Execute JavaScript 'document.querySelector('#station-actions-dropdown').shadowRoot.querySelector('#content').shadowRoot.querySelector('#selector > div:nth-child(2)').click()' successfully

2018-11-12 14:31:22 - [MESSAGE][PASSED] - com.ge.tms.commonactions.RailroadActions.clickOnDeleteStationButton is PASSED

2018-11-12 14:31:22 - [TEST_STEP][PASSED] - Statement - deleteYesButtonObj = com.kms.katalon.core.testobject.ObjectRepository.findTestObject(Object Repository/F11822-Configure and Manage Stations/deleteConfirmationYesButton): Finding Test Object with id 'Object Repository/F11822-Configure and Manage Stations/deleteConfirmationYesButton'

2018-11-12 14:31:22 - [TEST_STEP][PASSED] - com.ge.tms.commonactions.RailroadActions.clickOnTestObject: com.ge.tms.commonactions.RailroadActions.clickOnTestObject is PASSED

2018-11-12 14:31:22 - [MESSAGE][PASSED] - Send request successfully

2018-11-12 14:31:22 - [MESSAGE][PASSED] - Send request successfully

2018-11-12 14:31:22 - [MESSAGE][PASSED] - Send request successfully

2018-11-12 14:31:22 - [MESSAGE][PASSED] - Send request successfully

2018-11-12 14:31:22 - [MESSAGE][PASSED] - Object: 'Object Repository/F11822-Configure and Manage Stations/deleteConfirmationYesButton' is clicked on

2018-11-12 14:31:22 - [MESSAGE][PASSED] - com.ge.tms.commonactions.RailroadActions.clickOnTestObject is PASSED

2018-11-12 14:31:22 - [TEST_STEP][PASSED] - delay: Delayed 1 second(s)

2018-11-12 14:31:23 - [MESSAGE][PASSED] - Delayed 1 second(s)

2018-11-12 14:31:23 - [TEST_STEP][PASSED] - com.ge.tms.railroad.RailroadVerification.verifyDeletedItemNotPresentInSearchView: com.ge.tms.railroad.RailroadVerification.verifyDeletedItemNotPresentInSearchView is PASSED

2018-11-12 14:31:23 - [MESSAGE][PASSED] - Send request successfully

2018-11-12 14:31:23 - [MESSAGE][PASSED] - Send request successfully

2018-11-12 14:31:23 - [MESSAGE][PASSED] - Send request successfully

2018-11-12 14:31:23 - [MESSAGE][PASSED] - Send request successfully

2018-11-12 14:31:23 - [MESSAGE][PASSED] - Send request successfully

2018-11-12 14:31:23 - [MESSAGE][PASSED] - Send request successfully

2018-11-12 14:31:23 - [MESSAGE][PASSED] - Send request successfully

2018-11-12 14:31:23 - [MESSAGE][PASSED] - Send request successfully

2018-11-12 14:31:23 - [MESSAGE][PASSED] - Text 'SJR5DUP' is set on object 'Object Repository/CommonObjects/searchTextBoxLeftNav'

2018-11-12 14:31:25 - [MESSAGE][PASSED] - Delayed 2 second(s)

2018-11-12 14:31:25 - [MESSAGE][PASSED] - Text of object 'Object Repository/CommonObjects/noSearchResultMessageLeftNav' is: 'No stations or zones found.'

2018-11-12 14:31:25 - [MESSAGE][PASSED] - Actual object 'No stations or zones found.' and expected object 'No stations or zones found.' are equal

2018-11-12 14:31:25 - [MESSAGE][PASSED] - com.ge.tms.railroad.RailroadVerification.verifyDeletedItemNotPresentInSearchView is PASSED

2018-11-12 14:31:25 - [TEST_STEP][PASSED] - Start listener action : closeBrowserForTestCasse: Navigate to 'http://localhost:8080/home' successfully

2018-11-12 14:31:25 - [TEST_STEP][PASSED] - Statement - If (isTestSuitEnable == true): null

2018-11-12 14:31:25 - [TEST_STEP][PASSED] - Statement - beforeTestCaseExecute(): null

2018-11-12 14:31:25 - [TEST_STEP][PASSED] - Statement - If (isTestSuitEnable == true): Navigate to 'http://localhost:8080/home' successfully

2018-11-12 14:31:25 - [TEST_STEP][PASSED] - navigateToUrl: Navigate to 'http://localhost:8080/home' successfully

2018-11-12 14:31:26 - [MESSAGE][PASSED] - Navigate to 'http://localhost:8080/home' successfully

2018-11-12 14:31:26 - [TEST_STEP][PASSED] - Start listener action : afterTestCase: Invoke 'com.kms.katalon.core.annotation.AfterTestCase' method: 'TmsTestListner.afterTestCase(...)' completed.

2018-11-12 14:31:26 - [TEST_STEP][PASSED] - Statement - If (java.lang.System.getProperties().containsKey("updateRally")): Invoke 'com.kms.katalon.core.annotation.AfterTestCase' method: 'TmsTestListner.afterTestCase(...)' completed.]]></system-out>
         <system-err><![CDATA[]]></system-err>
      </testcase>
      <testcase name="Test Cases/Railroad/F5362 - Configure and manage track/QA - US92819/US39512 - Add track from station/TC66203 - Duplicate Track record -error message" classname="Test Cases/Railroad/F5362 - Configure and manage track/QA - US92819/US39512 - Add track from station/TC66203 - Duplicate Track record -error message" status="PASSED">
         <system-out><![CDATA[2018-11-12 14:31:26 - [TEST_CASE][PASSED] - Test Cases/Railroad/F5362 - Configure and manage track/QA - US92819/US39512 - Add track from station/TC66203 - Duplicate Track record -error message: Test Cases/Railroad/F5362 - Configure and manage track/QA - US92819/US39512 - Add track from station/TC66203 - Duplicate Track record -error message

2018-11-12 14:31:26 - [TEST_STEP][PASSED] - Start listener action : beforeTestCaseExecute: Navigate to 'http://localhost:8080/home' successfully

2018-11-12 14:31:26 - [TEST_STEP][PASSED] - Statement - If (isTestSuitEnable == true): Navigate to 'http://localhost:8080/home' successfully

2018-11-12 14:31:26 - [TEST_STEP][PASSED] - navigateToUrl: Navigate to 'http://localhost:8080/home' successfully

2018-11-12 14:31:27 - [MESSAGE][PASSED] - Navigate to 'http://localhost:8080/home' successfully

2018-11-12 14:31:27 - [TEST_STEP][PASSED] - Statement - util = new com.ge.tms.util.CommonUtilities(): Send request successfully

2018-11-12 14:31:27 - [MESSAGE][PASSED] - Send request successfully

2018-11-12 14:31:27 - [MESSAGE][PASSED] - Send request successfully

2018-11-12 14:31:27 - [MESSAGE][PASSED] - Send request successfully

2018-11-12 14:31:27 - [MESSAGE][PASSED] - Send request successfully

2018-11-12 14:31:27 - [TEST_STEP][PASSED] - Statement - actions = new com.ge.tms.commonactions.RailroadActions(): Send request successfully

2018-11-12 14:31:27 - [MESSAGE][PASSED] - Send request successfully

2018-11-12 14:31:27 - [MESSAGE][PASSED] - Send request successfully

2018-11-12 14:31:27 - [MESSAGE][PASSED] - Send request successfully

2018-11-12 14:31:27 - [MESSAGE][PASSED] - Send request successfully

2018-11-12 14:31:27 - [TEST_STEP][PASSED] - Statement - empty = <not implemented yet for class: org.codehaus.groovy.ast.expr.EmptyExpression>: null

2018-11-12 14:31:27 - [TEST_STEP][PASSED] - com.ge.tms.commonactions.CommonClickEvents.clickOnRailroadSetup: com.ge.tms.commonactions.CommonClickEvents.clickOnRailroadSetup is PASSED

2018-11-12 14:31:27 - [MESSAGE][PASSED] - Execute JavaScript 'document.querySelector('px-app-nav').shadowRoot.querySelector('#items > px-app-nav-group:nth-child(13) > px-app-nav-subitem:nth-child(1)').click()' successfully

2018-11-12 14:31:29 - [MESSAGE][PASSED] - Delayed 2 second(s)

2018-11-12 14:31:29 - [MESSAGE][PASSED] - com.ge.tms.commonactions.CommonClickEvents.clickOnRailroadSetup is PASSED

2018-11-12 14:31:29 - [TEST_STEP][PASSED] - com.ge.tms.commonactions.RailroadActions.clickOnSelectRailroadDropdown: com.ge.tms.commonactions.RailroadActions.clickOnSelectRailroadDropdown is PASSED

2018-11-12 14:31:29 - [MESSAGE][PASSED] - Send request successfully

2018-11-12 14:31:29 - [MESSAGE][PASSED] - Send request successfully

2018-11-12 14:31:29 - [MESSAGE][PASSED] - Send request successfully

2018-11-12 14:31:29 - [MESSAGE][PASSED] - Send request successfully

2018-11-12 14:31:29 - [MESSAGE][PASSED] - Execute JavaScript 'document.querySelector('#railroads-select-dropdown').shadowRoot.querySelector('#trigger').click()' successfully

2018-11-12 14:31:32 - [MESSAGE][PASSED] - Delayed 3 second(s)

2018-11-12 14:31:32 - [MESSAGE][PASSED] - com.ge.tms.commonactions.RailroadActions.clickOnSelectRailroadDropdown is PASSED

2018-11-12 14:31:32 - [TEST_STEP][PASSED] - com.ge.tms.commonactions.RailroadActions.selectRandomRailRoad: com.ge.tms.commonactions.RailroadActions.selectRandomRailRoad is PASSED

2018-11-12 14:31:32 - [MESSAGE][PASSED] - Send request successfully

2018-11-12 14:31:32 - [MESSAGE][PASSED] - Send request successfully

2018-11-12 14:31:32 - [MESSAGE][PASSED] - Send request successfully

2018-11-12 14:31:32 - [MESSAGE][PASSED] - Send request successfully

2018-11-12 14:31:32 - [MESSAGE][PASSED] - Execute JavaScript 'let railRoadList=[]; document.querySelector('#railroads-select-dropdown').shadowRoot.querySelector('#content').shadowRoot.querySelectorAll('#selector > div.dropdown-option').forEach(node => { railRoadList.push(node.getAttribute('title')) }); return railRoadList' successfully

2018-11-12 14:31:32 - [MESSAGE][PASSED] - Execute JavaScript 'return document.querySelector('#railroads-select-dropdown').shadowRoot.querySelector('#content').shadowRoot.querySelector('#selector > div:nth-child(5) span').innerHTML' successfully

2018-11-12 14:31:32 - [MESSAGE][PASSED] - Execute JavaScript 'return document.querySelector('#railroads-select-dropdown').shadowRoot.querySelector('#content').shadowRoot.querySelector('#selector > div:nth-child(5) span').click()' successfully

2018-11-12 14:31:32 - [MESSAGE][PASSED] - com.ge.tms.commonactions.RailroadActions.selectRandomRailRoad is PASSED

2018-11-12 14:31:32 - [TEST_STEP][PASSED] - delay: Delayed 2 second(s)

2018-11-12 14:31:34 - [MESSAGE][PASSED] - Delayed 2 second(s)

2018-11-12 14:31:34 - [TEST_STEP][PASSED] - Statement - actions.addStationMandatotyFields(empty): Delayed 3 second(s)

2018-11-12 14:31:35 - [MESSAGE][PASSED] - Object: 'Object Repository/F11822-Configure and Manage Stations/Add_New_Station_Button' is clicked on

2018-11-12 14:31:35 - [MESSAGE][PASSED] - Text 'SEZCHZO' is set on object 'Object Repository/F11822-Configure and Manage Stations/station_id'

2018-11-12 14:31:35 - [MESSAGE][PASSED] - Text 'XGGCHBJ' is set on object 'Object Repository/F11822-Configure and Manage Stations/station_name'

2018-11-12 14:31:35 - [MESSAGE][PASSED] - Execute JavaScript 'document.querySelector('#splc').shadowRoot.querySelector('#trigger').shadowRoot.querySelector('#trigger').click()' successfully

2018-11-12 14:31:35 - [MESSAGE][PASSED] - Execute JavaScript 'return document.querySelector('#splc').shadowRoot.querySelector('px-overlay-content > #content').shadowRoot.querySelectorAll('#dropdown > div > #selector > div').length' successfully

2018-11-12 14:31:35 - [MESSAGE][PASSED] - Execute JavaScript 'document.querySelector('#splc').shadowRoot.querySelector('px-overlay-content > #content').shadowRoot.querySelector('#dropdown > div > #selector > div:nth-child(1)').click()' successfully

2018-11-12 14:31:35 - [MESSAGE][PASSED] - Execute JavaScript 'return document.querySelector('#fsac').shadowRoot.querySelector('px-overlay-content > #content').shadowRoot.querySelectorAll('#dropdown > div > #selector > div').length' successfully

2018-11-12 14:31:35 - [MESSAGE][PASSED] - Execute JavaScript 'document.querySelector('#fsac').shadowRoot.querySelector('px-overlay-content > #content').shadowRoot.querySelector('#dropdown > div > #selector > div:nth-child(1)').click()' successfully

2018-11-12 14:31:35 - [MESSAGE][PASSED] - Execute JavaScript 'return document.querySelector('#station-timezone-qualifier').shadowRoot.querySelector('px-overlay-content > #content').shadowRoot.querySelectorAll('#dropdown > div > #selector > div').length' successfully

2018-11-12 14:31:36 - [MESSAGE][PASSED] - Execute JavaScript 'document.querySelector('#station-timezone-qualifier').shadowRoot.querySelector('px-overlay-content > #content').shadowRoot.querySelector('#dropdown > div > #selector > div:nth-child(1)').click()' successfully

2018-11-12 14:31:36 - [MESSAGE][PASSED] - Execute JavaScript 'return document.querySelector('#country').shadowRoot.querySelector('px-overlay-content > #content').shadowRoot.querySelectorAll('#dropdown > div > #selector > div').length' successfully

2018-11-12 14:31:36 - [MESSAGE][PASSED] - Execute JavaScript 'document.querySelector('#country').shadowRoot.querySelector('px-overlay-content > #content').shadowRoot.querySelector('#dropdown > div > #selector > div:nth-child(2)').click()' successfully

2018-11-12 14:31:36 - [MESSAGE][PASSED] - Execute JavaScript 'return document.querySelector('#state').shadowRoot.querySelector('px-overlay-content > #content').shadowRoot.querySelectorAll('#dropdown > div > #selector > div').length' successfully

2018-11-12 14:31:36 - [MESSAGE][PASSED] - Execute JavaScript 'document.querySelector('#state').shadowRoot.querySelector('px-overlay-content > #content').shadowRoot.querySelector('#dropdown > div > #selector > div:nth-child(1)').click()' successfully

2018-11-12 14:31:36 - [MESSAGE][PASSED] - Object: 'Object Repository/F11822-Configure and Manage Stations/station_save_button' is clicked on

2018-11-12 14:31:39 - [MESSAGE][PASSED] - Delayed 3 second(s)

2018-11-12 14:31:39 - [TEST_STEP][PASSED] - delay: Delayed 2 second(s)

2018-11-12 14:31:41 - [MESSAGE][PASSED] - Delayed 2 second(s)

2018-11-12 14:31:41 - [TEST_STEP][PASSED] - Statement - actions.addZone(empty): Execute JavaScript 'document.querySelector('#zone-type').shadowRoot.querySelector('#content').shadowRoot.querySelector('#selector > div:nth-child(2)').click()' successfully

2018-11-12 14:31:41 - [MESSAGE][PASSED] - Object: 'Object Repository/F5140-Add Zone Functionalities/QA-US88570-Add Zone/US38196-Save a New Zone/Add Edit Zone/addNewZoneButton' is clicked on

2018-11-12 14:31:44 - [MESSAGE][PASSED] - Delayed 3 second(s)

2018-11-12 14:31:44 - [MESSAGE][PASSED] - Text 'SOLQZ' is set on object 'Object Repository/F5140-Add Zone Functionalities/QA-US88570-Add Zone/US38196-Save a New Zone/Add Edit Zone/zoneID'

2018-11-12 14:31:44 - [MESSAGE][PASSED] - Text 'F9CCCOS' is set on object 'Object Repository/F5140-Add Zone Functionalities/QA-US88570-Add Zone/US38196-Save a New Zone/Add Edit Zone/zoneName'

2018-11-12 14:31:44 - [MESSAGE][PASSED] - Execute JavaScript 'document.querySelector('#zone-type').shadowRoot.querySelector('#trigger').click()' successfully

2018-11-12 14:31:44 - [MESSAGE][PASSED] - Execute JavaScript 'return document.querySelector('#zone-type').shadowRoot.querySelector('#content').shadowRoot.querySelectorAll('#selector > div').length' successfully

2018-11-12 14:31:44 - [MESSAGE][PASSED] - Execute JavaScript 'document.querySelector('#zone-type').shadowRoot.querySelector('#content').shadowRoot.querySelector('#selector > div:nth-child(2)').click()' successfully

2018-11-12 14:31:44 - [TEST_STEP][PASSED] - com.ge.tms.commonactions.RailroadActions.clickOnZoneSaveButton: com.ge.tms.commonactions.RailroadActions.clickOnZoneSaveButton is PASSED

2018-11-12 14:31:44 - [MESSAGE][PASSED] - Send request successfully

2018-11-12 14:31:44 - [MESSAGE][PASSED] - Send request successfully

2018-11-12 14:31:44 - [MESSAGE][PASSED] - Send request successfully

2018-11-12 14:31:44 - [MESSAGE][PASSED] - Send request successfully

2018-11-12 14:31:44 - [MESSAGE][PASSED] - Object: 'Object Repository/F5140-Add Zone Functionalities/QA-US88570-Add Zone/US38196-Save a New Zone/Add Edit Zone/zoneSaveButton' is clicked on

2018-11-12 14:31:47 - [MESSAGE][PASSED] - Delayed 3 second(s)

2018-11-12 14:31:47 - [MESSAGE][PASSED] - com.ge.tms.commonactions.RailroadActions.clickOnZoneSaveButton is PASSED

2018-11-12 14:31:47 - [TEST_STEP][PASSED] - Statement - actions.setStaionForStationzoneSearchField(): Text 'SEZCHZO' is set on object 'Object Repository/CommonObjects/searchTextBoxLeftNav'

2018-11-12 14:31:47 - [MESSAGE][PASSED] - Text 'SEZCHZO' is set on object 'Object Repository/CommonObjects/searchTextBoxLeftNav'

2018-11-12 14:31:47 - [TEST_STEP][PASSED] - delay: Delayed 1 second(s)

2018-11-12 14:31:48 - [MESSAGE][PASSED] - Delayed 1 second(s)

2018-11-12 14:31:48 - [TEST_STEP][PASSED] - Statement - actions.setValuesAddTrackFromStation(empty): Execute JavaScript 'document.querySelector('#zoneId').shadowRoot.querySelector('px-overlay-content > #content').shadowRoot.querySelector('#dropdown > div > #selector > div:nth-child(1)').click()' successfully

2018-11-12 14:31:49 - [MESSAGE][PASSED] - Execute JavaScript 'document.querySelector('px-tree').shadowRoot.querySelector('px-tree-node').shadowRoot.querySelector('li').click()' successfully

2018-11-12 14:31:49 - [MESSAGE][PASSED] - Object: 'Object Repository/F5362 - Configure and Manage Track/AddTrackButton' is clicked on

2018-11-12 14:31:50 - [MESSAGE][PASSED] - Delayed 1 second(s)

2018-11-12 14:31:50 - [MESSAGE][PASSED] - Text 'T9V8XK' is set on object 'Object Repository/F5362 - Configure and Manage Track/Track_id_input'

2018-11-12 14:31:50 - [MESSAGE][PASSED] - Text '3BYO1WQKZ7' is set on object 'Object Repository/F5362 - Configure and Manage Track/Track_Description_input'

2018-11-12 14:31:50 - [MESSAGE][PASSED] - Execute JavaScript 'return document.querySelector('#trackType').shadowRoot.querySelector('px-overlay-content > #content').shadowRoot.querySelectorAll('#dropdown > div > #selector > div').length' successfully

2018-11-12 14:31:50 - [MESSAGE][PASSED] - Execute JavaScript 'document.querySelector('#trackType').shadowRoot.querySelector('px-overlay-content > #content').shadowRoot.querySelector('#dropdown > div > #selector > div:nth-child(6)').click()' successfully

2018-11-12 14:31:50 - [MESSAGE][PASSED] - Text '3' is set on object 'Object Repository/F5362 - Configure and Manage Track/Track_Length_input'

2018-11-12 14:31:50 - [MESSAGE][PASSED] - Text '3' is set on object 'Object Repository/F5362 - Configure and Manage Track/Car_Capacity_input'

2018-11-12 14:31:50 - [MESSAGE][PASSED] - Execute JavaScript 'return document.querySelector('#trackConditionCode').shadowRoot.querySelector('px-overlay-content > #content').shadowRoot.querySelectorAll('#dropdown > div > #selector > div').length' successfully

2018-11-12 14:31:50 - [MESSAGE][PASSED] - Execute JavaScript 'document.querySelector('#trackConditionCode').shadowRoot.querySelector('px-overlay-content > #content').shadowRoot.querySelector('#dropdown > div > #selector > div:nth-child(3)').click()' successfully

2018-11-12 14:31:50 - [MESSAGE][PASSED] - Execute JavaScript 'document.querySelector('#zoneId').shadowRoot.querySelector('#trigger').shadowRoot.querySelector('#trigger').click()' successfully

2018-11-12 14:31:50 - [MESSAGE][PASSED] - Execute JavaScript 'return document.querySelector('#zoneId').shadowRoot.querySelector('px-overlay-content > #content').shadowRoot.querySelectorAll('#dropdown > div > #selector > div').length' successfully

2018-11-12 14:31:50 - [MESSAGE][PASSED] - Execute JavaScript 'document.querySelector('#zoneId').shadowRoot.querySelector('px-overlay-content > #content').shadowRoot.querySelector('#dropdown > div > #selector > div:nth-child(1)').click()' successfully

2018-11-12 14:31:50 - [TEST_STEP][PASSED] - Statement - actions.saveTrack(): Delayed 1 second(s)

2018-11-12 14:31:50 - [MESSAGE][PASSED] - Object: 'Object Repository/F5362 - Configure and Manage Track/SaveTrackButton' is clicked on

2018-11-12 14:31:51 - [MESSAGE][PASSED] - Delayed 1 second(s)

2018-11-12 14:31:51 - [TEST_STEP][PASSED] - delay: Delayed 2 second(s)

2018-11-12 14:31:53 - [MESSAGE][PASSED] - Delayed 2 second(s)

2018-11-12 14:31:53 - [TEST_STEP][PASSED] - Statement - actions.clickZoneUnderStation(): Execute JavaScript 'document.querySelector('px-tree').shadowRoot.querySelector('px-tree-node').shadowRoot.querySelector('#collapse > div > px-tree-node').shadowRoot.querySelector('li').click()' successfully

2018-11-12 14:31:53 - [MESSAGE][PASSED] - Execute JavaScript 'document.querySelector('px-tree').shadowRoot.querySelector('px-tree-node').shadowRoot.querySelector('#collapse > div > px-tree-node').shadowRoot.querySelector('li').click()' successfully

2018-11-12 14:31:53 - [TEST_STEP][PASSED] - com.ge.tms.railroad.RailroadVerification.verifyDuplicateTrackIDErrorMessage: com.ge.tms.railroad.RailroadVerification.verifyDuplicateTrackIDErrorMessage is PASSED

2018-11-12 14:31:53 - [MESSAGE][PASSED] - Send request successfully

2018-11-12 14:31:53 - [MESSAGE][PASSED] - Send request successfully

2018-11-12 14:31:53 - [MESSAGE][PASSED] - Send request successfully

2018-11-12 14:31:53 - [MESSAGE][PASSED] - Send request successfully

2018-11-12 14:31:53 - [MESSAGE][PASSED] - Send request successfully

2018-11-12 14:31:53 - [MESSAGE][PASSED] - Send request successfully

2018-11-12 14:31:53 - [MESSAGE][PASSED] - Send request successfully

2018-11-12 14:31:53 - [MESSAGE][PASSED] - Send request successfully

2018-11-12 14:31:54 - [MESSAGE][PASSED] - Object: 'Object Repository/F5362 - Configure and Manage Track/AddTrackButton' is clicked on

2018-11-12 14:31:55 - [MESSAGE][PASSED] - Delayed 1 second(s)

2018-11-12 14:31:55 - [MESSAGE][PASSED] - Text 'T9V8XK' is set on object 'Object Repository/F5362 - Configure and Manage Track/Track_id_input'

2018-11-12 14:31:55 - [MESSAGE][PASSED] - Keys '	' sent to object: 'Object Repository/F5362 - Configure and Manage Track/Track_id_input'

2018-11-12 14:31:55 - [MESSAGE][PASSED] - Text of object 'Object Repository/F5362 - Configure and Manage Track/Track_Id_Error_Message' is: 'TRACK ID ALREADY EXISTS'

2018-11-12 14:31:55 - [MESSAGE][PASSED] - Actual object 'TRACK ID ALREADY EXISTS' and expected object 'TRACK ID ALREADY EXISTS' are equal

2018-11-12 14:31:55 - [MESSAGE][PASSED] - Attribute 'class' of object 'Object Repository/F5362 - Configure and Manage Track/SaveTrackButton' is: 'btn btn--disabled btn--call-to-action float--right'

2018-11-12 14:31:55 - [MESSAGE][PASSED] - Actual object 'true' and expected object 'true' are equal

2018-11-12 14:31:55 - [MESSAGE][PASSED] - com.ge.tms.railroad.RailroadVerification.verifyDuplicateTrackIDErrorMessage is PASSED

2018-11-12 14:31:55 - [TEST_STEP][PASSED] - Statement - actions.clickCancelTrack(): Object: 'Object Repository/F5362 - Configure and Manage Track/CancelTrackButton' is clicked on

2018-11-12 14:31:55 - [MESSAGE][PASSED] - Object: 'Object Repository/F5362 - Configure and Manage Track/CancelTrackButton' is clicked on

2018-11-12 14:31:55 - [TEST_STEP][PASSED] - com.ge.tms.commonactions.RailroadActions.clickOnDeleteTrack: com.ge.tms.commonactions.RailroadActions.clickOnDeleteTrack is PASSED

2018-11-12 14:31:55 - [MESSAGE][PASSED] - Send request successfully

2018-11-12 14:31:55 - [MESSAGE][PASSED] - Send request successfully

2018-11-12 14:31:55 - [MESSAGE][PASSED] - Send request successfully

2018-11-12 14:31:55 - [MESSAGE][PASSED] - Send request successfully

2018-11-12 14:31:55 - [MESSAGE][PASSED] - Object: 'Object Repository/F5362 - Configure and Manage Track/deleteTrackButton' is clicked on

2018-11-12 14:31:55 - [MESSAGE][PASSED] - com.ge.tms.commonactions.RailroadActions.clickOnDeleteTrack is PASSED

2018-11-12 14:31:55 - [TEST_STEP][PASSED] - Statement - deleteYesButtonObj = com.kms.katalon.core.testobject.ObjectRepository.findTestObject(Object Repository/F5362 - Configure and Manage Track/deleteTrackYesButton): Finding Test Object with id 'Object Repository/F5362 - Configure and Manage Track/deleteTrackYesButton'

2018-11-12 14:31:55 - [TEST_STEP][PASSED] - com.ge.tms.commonactions.RailroadActions.clickOnTestObject: com.ge.tms.commonactions.RailroadActions.clickOnTestObject is PASSED

2018-11-12 14:31:55 - [MESSAGE][PASSED] - Send request successfully

2018-11-12 14:31:55 - [MESSAGE][PASSED] - Send request successfully

2018-11-12 14:31:55 - [MESSAGE][PASSED] - Send request successfully

2018-11-12 14:31:55 - [MESSAGE][PASSED] - Send request successfully

2018-11-12 14:31:55 - [MESSAGE][PASSED] - Object: 'Object Repository/F5362 - Configure and Manage Track/deleteTrackYesButton' is clicked on

2018-11-12 14:31:55 - [MESSAGE][PASSED] - com.ge.tms.commonactions.RailroadActions.clickOnTestObject is PASSED

2018-11-12 14:31:55 - [TEST_STEP][PASSED] - delay: Delayed 1 second(s)

2018-11-12 14:31:56 - [MESSAGE][PASSED] - Delayed 1 second(s)

2018-11-12 14:31:56 - [TEST_STEP][PASSED] - com.ge.tms.commonactions.RailroadActions.clickOnZoneActionMenu: com.ge.tms.commonactions.RailroadActions.clickOnZoneActionMenu is PASSED

2018-11-12 14:31:56 - [MESSAGE][PASSED] - Send request successfully

2018-11-12 14:31:56 - [MESSAGE][PASSED] - Send request successfully

2018-11-12 14:31:56 - [MESSAGE][PASSED] - Send request successfully

2018-11-12 14:31:56 - [MESSAGE][PASSED] - Send request successfully

2018-11-12 14:31:56 - [MESSAGE][PASSED] - Execute JavaScript 'document.querySelector('#zone-actions-dropdown').shadowRoot.querySelector('#trigger').click()' successfully

2018-11-12 14:31:57 - [MESSAGE][PASSED] - Delayed 1 second(s)

2018-11-12 14:31:57 - [MESSAGE][PASSED] - com.ge.tms.commonactions.RailroadActions.clickOnZoneActionMenu is PASSED

2018-11-12 14:31:57 - [TEST_STEP][PASSED] - com.ge.tms.commonactions.RailroadActions.clickOnDeleteAction: com.ge.tms.commonactions.RailroadActions.clickOnDeleteAction is PASSED

2018-11-12 14:31:57 - [MESSAGE][PASSED] - Send request successfully

2018-11-12 14:31:57 - [MESSAGE][PASSED] - Send request successfully

2018-11-12 14:31:57 - [MESSAGE][PASSED] - Send request successfully

2018-11-12 14:31:57 - [MESSAGE][PASSED] - Send request successfully

2018-11-12 14:31:57 - [MESSAGE][PASSED] - Execute JavaScript 'document.querySelector('#zone-actions-dropdown').shadowRoot.querySelector('#content').shadowRoot.querySelector('#selector > div:nth-child(2)').click()' successfully

2018-11-12 14:31:57 - [MESSAGE][PASSED] - com.ge.tms.commonactions.RailroadActions.clickOnDeleteAction is PASSED

2018-11-12 14:31:57 - [TEST_STEP][PASSED] - delay: Delayed 1 second(s)

2018-11-12 14:31:58 - [MESSAGE][PASSED] - Delayed 1 second(s)

2018-11-12 14:31:58 - [TEST_STEP][PASSED] - Statement - deleteYesButtonObj = com.kms.katalon.core.testobject.ObjectRepository.findTestObject(Object Repository/F5140-Add Zone Functionalities/QA-US88570-Add Zone/US38196-Save a New Zone/Delete Zone/deleteYesButton): Finding Test Object with id 'Object Repository/F5140-Add Zone Functionalities/QA-US88570-Add Zone/US38196-Save a New Zone/Delete Zone/deleteYesButton'

2018-11-12 14:31:58 - [TEST_STEP][PASSED] - com.ge.tms.commonactions.RailroadActions.clickOnTestObject: com.ge.tms.commonactions.RailroadActions.clickOnTestObject is PASSED

2018-11-12 14:31:58 - [MESSAGE][PASSED] - Send request successfully

2018-11-12 14:31:58 - [MESSAGE][PASSED] - Send request successfully

2018-11-12 14:31:58 - [MESSAGE][PASSED] - Send request successfully

2018-11-12 14:31:58 - [MESSAGE][PASSED] - Send request successfully

2018-11-12 14:31:58 - [MESSAGE][PASSED] - Object: 'Object Repository/F5140-Add Zone Functionalities/QA-US88570-Add Zone/US38196-Save a New Zone/Delete Zone/deleteYesButton' is clicked on

2018-11-12 14:31:58 - [MESSAGE][PASSED] - com.ge.tms.commonactions.RailroadActions.clickOnTestObject is PASSED

2018-11-12 14:31:58 - [TEST_STEP][PASSED] - delay: Delayed 1 second(s)

2018-11-12 14:31:59 - [MESSAGE][PASSED] - Delayed 1 second(s)

2018-11-12 14:31:59 - [TEST_STEP][PASSED] - com.ge.tms.commonactions.RailroadActions.clickOnStationActionMenu: com.ge.tms.commonactions.RailroadActions.clickOnStationActionMenu is PASSED

2018-11-12 14:31:59 - [MESSAGE][PASSED] - Send request successfully

2018-11-12 14:31:59 - [MESSAGE][PASSED] - Send request successfully

2018-11-12 14:31:59 - [MESSAGE][PASSED] - Send request successfully

2018-11-12 14:31:59 - [MESSAGE][PASSED] - Send request successfully

2018-11-12 14:31:59 - [MESSAGE][PASSED] - Execute JavaScript 'document.querySelector('#station-actions-dropdown').shadowRoot.querySelector('#trigger').click()' successfully

2018-11-12 14:32:00 - [MESSAGE][PASSED] - Delayed 1 second(s)

2018-11-12 14:32:00 - [MESSAGE][PASSED] - com.ge.tms.commonactions.RailroadActions.clickOnStationActionMenu is PASSED

2018-11-12 14:32:00 - [TEST_STEP][PASSED] - com.ge.tms.commonactions.RailroadActions.clickOnDeleteStationButton: com.ge.tms.commonactions.RailroadActions.clickOnDeleteStationButton is PASSED

2018-11-12 14:32:00 - [MESSAGE][PASSED] - Send request successfully

2018-11-12 14:32:00 - [MESSAGE][PASSED] - Send request successfully

2018-11-12 14:32:00 - [MESSAGE][PASSED] - Send request successfully

2018-11-12 14:32:00 - [MESSAGE][PASSED] - Send request successfully

2018-11-12 14:32:00 - [MESSAGE][PASSED] - Execute JavaScript 'document.querySelector('#station-actions-dropdown').shadowRoot.querySelector('#content').shadowRoot.querySelector('#selector > div:nth-child(2)').click()' successfully

2018-11-12 14:32:00 - [MESSAGE][PASSED] - com.ge.tms.commonactions.RailroadActions.clickOnDeleteStationButton is PASSED

2018-11-12 14:32:00 - [TEST_STEP][PASSED] - Statement - deleteYesButtonObj = com.kms.katalon.core.testobject.ObjectRepository.findTestObject(Object Repository/F11822-Configure and Manage Stations/deleteConfirmationYesButton): Finding Test Object with id 'Object Repository/F11822-Configure and Manage Stations/deleteConfirmationYesButton'

2018-11-12 14:32:00 - [TEST_STEP][PASSED] - com.ge.tms.commonactions.RailroadActions.clickOnTestObject: com.ge.tms.commonactions.RailroadActions.clickOnTestObject is PASSED

2018-11-12 14:32:00 - [MESSAGE][PASSED] - Send request successfully

2018-11-12 14:32:00 - [MESSAGE][PASSED] - Send request successfully

2018-11-12 14:32:00 - [MESSAGE][PASSED] - Send request successfully

2018-11-12 14:32:00 - [MESSAGE][PASSED] - Send request successfully

2018-11-12 14:32:00 - [MESSAGE][PASSED] - Object: 'Object Repository/F11822-Configure and Manage Stations/deleteConfirmationYesButton' is clicked on

2018-11-12 14:32:00 - [MESSAGE][PASSED] - com.ge.tms.commonactions.RailroadActions.clickOnTestObject is PASSED

2018-11-12 14:32:00 - [TEST_STEP][PASSED] - delay: Delayed 1 second(s)

2018-11-12 14:32:01 - [MESSAGE][PASSED] - Delayed 1 second(s)

2018-11-12 14:32:01 - [TEST_STEP][PASSED] - com.ge.tms.railroad.RailroadVerification.verifyDeletedItemNotPresentInSearchView: com.ge.tms.railroad.RailroadVerification.verifyDeletedItemNotPresentInSearchView is PASSED

2018-11-12 14:32:01 - [MESSAGE][PASSED] - Send request successfully

2018-11-12 14:32:01 - [MESSAGE][PASSED] - Send request successfully

2018-11-12 14:32:02 - [MESSAGE][PASSED] - Send request successfully

2018-11-12 14:32:02 - [MESSAGE][PASSED] - Send request successfully

2018-11-12 14:32:02 - [MESSAGE][PASSED] - Send request successfully

2018-11-12 14:32:02 - [MESSAGE][PASSED] - Send request successfully

2018-11-12 14:32:02 - [MESSAGE][PASSED] - Send request successfully

2018-11-12 14:32:02 - [MESSAGE][PASSED] - Send request successfully

2018-11-12 14:32:02 - [MESSAGE][PASSED] - Text 'SEZCHZO' is set on object 'Object Repository/CommonObjects/searchTextBoxLeftNav'

2018-11-12 14:32:04 - [MESSAGE][PASSED] - Delayed 2 second(s)

2018-11-12 14:32:04 - [MESSAGE][PASSED] - Text of object 'Object Repository/CommonObjects/noSearchResultMessageLeftNav' is: 'No stations or zones found.'

2018-11-12 14:32:04 - [MESSAGE][PASSED] - Actual object 'No stations or zones found.' and expected object 'No stations or zones found.' are equal

2018-11-12 14:32:04 - [MESSAGE][PASSED] - com.ge.tms.railroad.RailroadVerification.verifyDeletedItemNotPresentInSearchView is PASSED

2018-11-12 14:32:04 - [TEST_STEP][PASSED] - Start listener action : closeBrowserForTestCasse: Navigate to 'http://localhost:8080/home' successfully

2018-11-12 14:32:04 - [TEST_STEP][PASSED] - Statement - If (isTestSuitEnable == true): null

2018-11-12 14:32:04 - [TEST_STEP][PASSED] - Statement - beforeTestCaseExecute(): null

2018-11-12 14:32:04 - [TEST_STEP][PASSED] - Statement - If (isTestSuitEnable == true): Navigate to 'http://localhost:8080/home' successfully

2018-11-12 14:32:04 - [TEST_STEP][PASSED] - navigateToUrl: Navigate to 'http://localhost:8080/home' successfully

2018-11-12 14:32:05 - [MESSAGE][PASSED] - Navigate to 'http://localhost:8080/home' successfully

2018-11-12 14:32:05 - [TEST_STEP][PASSED] - Start listener action : afterTestCase: Invoke 'com.kms.katalon.core.annotation.AfterTestCase' method: 'TmsTestListner.afterTestCase(...)' completed.

2018-11-12 14:32:05 - [TEST_STEP][PASSED] - Statement - If (java.lang.System.getProperties().containsKey("updateRally")): Invoke 'com.kms.katalon.core.annotation.AfterTestCase' method: 'TmsTestListner.afterTestCase(...)' completed.]]></system-out>
         <system-err><![CDATA[]]></system-err>
      </testcase>
      <testcase name="Test Cases/Railroad/F5524 - Delete Zone functionalities/QA-US92240/US38198-Delete zone with no tracks/TC65662- Delete a zone with no tracks" classname="Test Cases/Railroad/F5524 - Delete Zone functionalities/QA-US92240/US38198-Delete zone with no tracks/TC65662- Delete a zone with no tracks" status="PASSED">
         <system-out><![CDATA[2018-11-12 14:32:05 - [TEST_CASE][PASSED] - Test Cases/Railroad/F5524 - Delete Zone functionalities/QA-US92240/US38198-Delete zone with no tracks/TC65662- Delete a zone with no tracks: Test Cases/Railroad/F5524 - Delete Zone functionalities/QA-US92240/US38198-Delete zone with no tracks/TC65662- Delete a zone with no tracks

2018-11-12 14:32:05 - [TEST_STEP][PASSED] - Start listener action : beforeTestCaseExecute: Navigate to 'http://localhost:8080/home' successfully

2018-11-12 14:32:05 - [TEST_STEP][PASSED] - Statement - If (isTestSuitEnable == true): Navigate to 'http://localhost:8080/home' successfully

2018-11-12 14:32:05 - [TEST_STEP][PASSED] - navigateToUrl: Navigate to 'http://localhost:8080/home' successfully

2018-11-12 14:32:05 - [MESSAGE][PASSED] - Navigate to 'http://localhost:8080/home' successfully

2018-11-12 14:32:06 - [TEST_STEP][PASSED] - Statement - util = new com.ge.tms.util.CommonUtilities(): Send request successfully

2018-11-12 14:32:06 - [MESSAGE][PASSED] - Send request successfully

2018-11-12 14:32:06 - [MESSAGE][PASSED] - Send request successfully

2018-11-12 14:32:06 - [MESSAGE][PASSED] - Send request successfully

2018-11-12 14:32:06 - [MESSAGE][PASSED] - Send request successfully

2018-11-12 14:32:06 - [TEST_STEP][PASSED] - Statement - actions = new com.ge.tms.commonactions.RailroadActions(): Send request successfully

2018-11-12 14:32:06 - [MESSAGE][PASSED] - Send request successfully

2018-11-12 14:32:06 - [MESSAGE][PASSED] - Send request successfully

2018-11-12 14:32:06 - [MESSAGE][PASSED] - Send request successfully

2018-11-12 14:32:06 - [MESSAGE][PASSED] - Send request successfully

2018-11-12 14:32:06 - [TEST_STEP][PASSED] - com.ge.tms.commonactions.CommonClickEvents.clickOnRailroadSetup: com.ge.tms.commonactions.CommonClickEvents.clickOnRailroadSetup is PASSED

2018-11-12 14:32:06 - [MESSAGE][PASSED] - Execute JavaScript 'document.querySelector('px-app-nav').shadowRoot.querySelector('#items > px-app-nav-group:nth-child(13) > px-app-nav-subitem:nth-child(1)').click()' successfully

2018-11-12 14:32:08 - [MESSAGE][PASSED] - Delayed 2 second(s)

2018-11-12 14:32:08 - [MESSAGE][PASSED] - com.ge.tms.commonactions.CommonClickEvents.clickOnRailroadSetup is PASSED

2018-11-12 14:32:08 - [TEST_STEP][PASSED] - com.ge.tms.commonactions.RailroadActions.clickOnSelectRailroadDropdown: com.ge.tms.commonactions.RailroadActions.clickOnSelectRailroadDropdown is PASSED

2018-11-12 14:32:08 - [MESSAGE][PASSED] - Send request successfully

2018-11-12 14:32:08 - [MESSAGE][PASSED] - Send request successfully

2018-11-12 14:32:08 - [MESSAGE][PASSED] - Send request successfully

2018-11-12 14:32:08 - [MESSAGE][PASSED] - Send request successfully

2018-11-12 14:32:08 - [MESSAGE][PASSED] - Execute JavaScript 'document.querySelector('#railroads-select-dropdown').shadowRoot.querySelector('#trigger').click()' successfully

2018-11-12 14:32:11 - [MESSAGE][PASSED] - Delayed 3 second(s)

2018-11-12 14:32:11 - [MESSAGE][PASSED] - com.ge.tms.commonactions.RailroadActions.clickOnSelectRailroadDropdown is PASSED

2018-11-12 14:32:11 - [TEST_STEP][PASSED] - com.ge.tms.commonactions.RailroadActions.selectRandomRailRoad: com.ge.tms.commonactions.RailroadActions.selectRandomRailRoad is PASSED

2018-11-12 14:32:11 - [MESSAGE][PASSED] - Send request successfully

2018-11-12 14:32:11 - [MESSAGE][PASSED] - Send request successfully

2018-11-12 14:32:11 - [MESSAGE][PASSED] - Send request successfully

2018-11-12 14:32:11 - [MESSAGE][PASSED] - Send request successfully

2018-11-12 14:32:11 - [MESSAGE][PASSED] - Execute JavaScript 'let railRoadList=[]; document.querySelector('#railroads-select-dropdown').shadowRoot.querySelector('#content').shadowRoot.querySelectorAll('#selector > div.dropdown-option').forEach(node => { railRoadList.push(node.getAttribute('title')) }); return railRoadList' successfully

2018-11-12 14:32:11 - [MESSAGE][PASSED] - Execute JavaScript 'return document.querySelector('#railroads-select-dropdown').shadowRoot.querySelector('#content').shadowRoot.querySelector('#selector > div:nth-child(4) span').innerHTML' successfully

2018-11-12 14:32:11 - [MESSAGE][PASSED] - Execute JavaScript 'return document.querySelector('#railroads-select-dropdown').shadowRoot.querySelector('#content').shadowRoot.querySelector('#selector > div:nth-child(4) span').click()' successfully

2018-11-12 14:32:11 - [MESSAGE][PASSED] - com.ge.tms.commonactions.RailroadActions.selectRandomRailRoad is PASSED

2018-11-12 14:32:11 - [TEST_STEP][PASSED] - delay: Delayed 2 second(s)

2018-11-12 14:32:13 - [MESSAGE][PASSED] - Delayed 2 second(s)

2018-11-12 14:32:13 - [TEST_STEP][PASSED] - Statement - setStationId = <not implemented yet for class: org.codehaus.groovy.ast.expr.EmptyExpression>: null

2018-11-12 14:32:13 - [TEST_STEP][PASSED] - Statement - actions.addStationMandatotyFields(setStationId): Delayed 3 second(s)

2018-11-12 14:32:13 - [MESSAGE][PASSED] - Object: 'Object Repository/F11822-Configure and Manage Stations/Add_New_Station_Button' is clicked on

2018-11-12 14:32:13 - [MESSAGE][PASSED] - Text '6JUBTBY' is set on object 'Object Repository/F11822-Configure and Manage Stations/station_id'

2018-11-12 14:32:14 - [MESSAGE][PASSED] - Text 'MLEIAYB' is set on object 'Object Repository/F11822-Configure and Manage Stations/station_name'

2018-11-12 14:32:14 - [MESSAGE][PASSED] - Execute JavaScript 'document.querySelector('#splc').shadowRoot.querySelector('#trigger').shadowRoot.querySelector('#trigger').click()' successfully

2018-11-12 14:32:14 - [MESSAGE][PASSED] - Execute JavaScript 'return document.querySelector('#splc').shadowRoot.querySelector('px-overlay-content > #content').shadowRoot.querySelectorAll('#dropdown > div > #selector > div').length' successfully

2018-11-12 14:32:14 - [MESSAGE][PASSED] - Execute JavaScript 'document.querySelector('#splc').shadowRoot.querySelector('px-overlay-content > #content').shadowRoot.querySelector('#dropdown > div > #selector > div:nth-child(1)').click()' successfully

2018-11-12 14:32:14 - [MESSAGE][PASSED] - Execute JavaScript 'return document.querySelector('#fsac').shadowRoot.querySelector('px-overlay-content > #content').shadowRoot.querySelectorAll('#dropdown > div > #selector > div').length' successfully

2018-11-12 14:32:14 - [MESSAGE][PASSED] - Execute JavaScript 'document.querySelector('#fsac').shadowRoot.querySelector('px-overlay-content > #content').shadowRoot.querySelector('#dropdown > div > #selector > div:nth-child(1)').click()' successfully

2018-11-12 14:32:14 - [MESSAGE][PASSED] - Execute JavaScript 'return document.querySelector('#station-timezone-qualifier').shadowRoot.querySelector('px-overlay-content > #content').shadowRoot.querySelectorAll('#dropdown > div > #selector > div').length' successfully

2018-11-12 14:32:14 - [MESSAGE][PASSED] - Execute JavaScript 'document.querySelector('#station-timezone-qualifier').shadowRoot.querySelector('px-overlay-content > #content').shadowRoot.querySelector('#dropdown > div > #selector > div:nth-child(7)').click()' successfully

2018-11-12 14:32:14 - [MESSAGE][PASSED] - Execute JavaScript 'return document.querySelector('#country').shadowRoot.querySelector('px-overlay-content > #content').shadowRoot.querySelectorAll('#dropdown > div > #selector > div').length' successfully

2018-11-12 14:32:14 - [MESSAGE][PASSED] - Execute JavaScript 'document.querySelector('#country').shadowRoot.querySelector('px-overlay-content > #content').shadowRoot.querySelector('#dropdown > div > #selector > div:nth-child(2)').click()' successfully

2018-11-12 14:32:14 - [MESSAGE][PASSED] - Execute JavaScript 'return document.querySelector('#state').shadowRoot.querySelector('px-overlay-content > #content').shadowRoot.querySelectorAll('#dropdown > div > #selector > div').length' successfully

2018-11-12 14:32:14 - [MESSAGE][PASSED] - Execute JavaScript 'document.querySelector('#state').shadowRoot.querySelector('px-overlay-content > #content').shadowRoot.querySelector('#dropdown > div > #selector > div:nth-child(2)').click()' successfully

2018-11-12 14:32:14 - [MESSAGE][PASSED] - Object: 'Object Repository/F11822-Configure and Manage Stations/station_save_button' is clicked on

2018-11-12 14:32:17 - [MESSAGE][PASSED] - Delayed 3 second(s)

2018-11-12 14:32:17 - [TEST_STEP][PASSED] - delay: Delayed 2 second(s)

2018-11-12 14:32:19 - [MESSAGE][PASSED] - Delayed 2 second(s)

2018-11-12 14:32:19 - [TEST_STEP][PASSED] - Statement - setZoneId = <not implemented yet for class: org.codehaus.groovy.ast.expr.EmptyExpression>: null

2018-11-12 14:32:19 - [TEST_STEP][PASSED] - Statement - actions.addZone(setZoneId): Execute JavaScript 'document.querySelector('#zone-type').shadowRoot.querySelector('#content').shadowRoot.querySelector('#selector > div:nth-child(1)').click()' successfully

2018-11-12 14:32:19 - [MESSAGE][PASSED] - Object: 'Object Repository/F5140-Add Zone Functionalities/QA-US88570-Add Zone/US38196-Save a New Zone/Add Edit Zone/addNewZoneButton' is clicked on

2018-11-12 14:32:22 - [MESSAGE][PASSED] - Delayed 3 second(s)

2018-11-12 14:32:22 - [MESSAGE][PASSED] - Text 'YNQGO' is set on object 'Object Repository/F5140-Add Zone Functionalities/QA-US88570-Add Zone/US38196-Save a New Zone/Add Edit Zone/zoneID'

2018-11-12 14:32:23 - [MESSAGE][PASSED] - Text '7E1L3UJ' is set on object 'Object Repository/F5140-Add Zone Functionalities/QA-US88570-Add Zone/US38196-Save a New Zone/Add Edit Zone/zoneName'

2018-11-12 14:32:23 - [MESSAGE][PASSED] - Execute JavaScript 'document.querySelector('#zone-type').shadowRoot.querySelector('#trigger').click()' successfully

2018-11-12 14:32:23 - [MESSAGE][PASSED] - Execute JavaScript 'return document.querySelector('#zone-type').shadowRoot.querySelector('#content').shadowRoot.querySelectorAll('#selector > div').length' successfully

2018-11-12 14:32:23 - [MESSAGE][PASSED] - Execute JavaScript 'document.querySelector('#zone-type').shadowRoot.querySelector('#content').shadowRoot.querySelector('#selector > div:nth-child(1)').click()' successfully

2018-11-12 14:32:23 - [TEST_STEP][PASSED] - com.ge.tms.commonactions.RailroadActions.clickOnZoneSaveButton: com.ge.tms.commonactions.RailroadActions.clickOnZoneSaveButton is PASSED

2018-11-12 14:32:23 - [MESSAGE][PASSED] - Send request successfully

2018-11-12 14:32:23 - [MESSAGE][PASSED] - Send request successfully

2018-11-12 14:32:23 - [MESSAGE][PASSED] - Send request successfully

2018-11-12 14:32:23 - [MESSAGE][PASSED] - Send request successfully

2018-11-12 14:32:23 - [MESSAGE][PASSED] - Object: 'Object Repository/F5140-Add Zone Functionalities/QA-US88570-Add Zone/US38196-Save a New Zone/Add Edit Zone/zoneSaveButton' is clicked on

2018-11-12 14:32:26 - [MESSAGE][PASSED] - Delayed 3 second(s)

2018-11-12 14:32:26 - [MESSAGE][PASSED] - com.ge.tms.commonactions.RailroadActions.clickOnZoneSaveButton is PASSED

2018-11-12 14:32:26 - [TEST_STEP][PASSED] - com.ge.tms.commonactions.RailroadActions.clickOnZoneActionMenu: com.ge.tms.commonactions.RailroadActions.clickOnZoneActionMenu is PASSED

2018-11-12 14:32:26 - [MESSAGE][PASSED] - Send request successfully

2018-11-12 14:32:26 - [MESSAGE][PASSED] - Send request successfully

2018-11-12 14:32:26 - [MESSAGE][PASSED] - Send request successfully

2018-11-12 14:32:26 - [MESSAGE][PASSED] - Send request successfully

2018-11-12 14:32:26 - [MESSAGE][PASSED] - Execute JavaScript 'document.querySelector('#zone-actions-dropdown').shadowRoot.querySelector('#trigger').click()' successfully

2018-11-12 14:32:27 - [MESSAGE][PASSED] - Delayed 1 second(s)

2018-11-12 14:32:27 - [MESSAGE][PASSED] - com.ge.tms.commonactions.RailroadActions.clickOnZoneActionMenu is PASSED

2018-11-12 14:32:27 - [TEST_STEP][PASSED] - com.ge.tms.commonactions.RailroadActions.clickOnDeleteAction: com.ge.tms.commonactions.RailroadActions.clickOnDeleteAction is PASSED

2018-11-12 14:32:27 - [MESSAGE][PASSED] - Send request successfully

2018-11-12 14:32:27 - [MESSAGE][PASSED] - Send request successfully

2018-11-12 14:32:27 - [MESSAGE][PASSED] - Send request successfully

2018-11-12 14:32:27 - [MESSAGE][PASSED] - Send request successfully

2018-11-12 14:32:27 - [MESSAGE][PASSED] - Execute JavaScript 'document.querySelector('#zone-actions-dropdown').shadowRoot.querySelector('#content').shadowRoot.querySelector('#selector > div:nth-child(2)').click()' successfully

2018-11-12 14:32:27 - [MESSAGE][PASSED] - com.ge.tms.commonactions.RailroadActions.clickOnDeleteAction is PASSED

2018-11-12 14:32:27 - [TEST_STEP][PASSED] - delay: Delayed 1 second(s)

2018-11-12 14:32:28 - [MESSAGE][PASSED] - Delayed 1 second(s)

2018-11-12 14:32:28 - [TEST_STEP][PASSED] - Statement - deleteMessageObj = com.kms.katalon.core.testobject.ObjectRepository.findTestObject(Object Repository/F5140-Add Zone Functionalities/QA-US88570-Add Zone/US38196-Save a New Zone/Delete Zone/deleteConfirmationMessage): Finding Test Object with id 'Object Repository/F5140-Add Zone Functionalities/QA-US88570-Add Zone/US38196-Save a New Zone/Delete Zone/deleteConfirmationMessage'

2018-11-12 14:32:28 - [TEST_STEP][PASSED] - com.ge.tms.railroad.RailroadVerification.verifyDeleteConfirmationMessage: com.ge.tms.railroad.RailroadVerification.verifyDeleteConfirmationMessage is PASSED

2018-11-12 14:32:28 - [MESSAGE][PASSED] - Send request successfully

2018-11-12 14:32:28 - [MESSAGE][PASSED] - Send request successfully

2018-11-12 14:32:28 - [MESSAGE][PASSED] - Send request successfully

2018-11-12 14:32:28 - [MESSAGE][PASSED] - Send request successfully

2018-11-12 14:32:28 - [MESSAGE][PASSED] - Send request successfully

2018-11-12 14:32:28 - [MESSAGE][PASSED] - Send request successfully

2018-11-12 14:32:28 - [MESSAGE][PASSED] - Send request successfully

2018-11-12 14:32:28 - [MESSAGE][PASSED] - Send request successfully

2018-11-12 14:32:28 - [MESSAGE][PASSED] - Text of object 'Object Repository/F5140-Add Zone Functionalities/QA-US88570-Add Zone/US38196-Save a New Zone/Delete Zone/deleteConfirmationMessage' is: 'Are you sure you want to delete YNQGO?'

2018-11-12 14:32:28 - [MESSAGE][PASSED] - com.ge.tms.railroad.RailroadVerification.verifyDeleteConfirmationMessage is PASSED

2018-11-12 14:32:28 - [TEST_STEP][PASSED] - Statement - deleteYesButtonObj = com.kms.katalon.core.testobject.ObjectRepository.findTestObject(Object Repository/F5140-Add Zone Functionalities/QA-US88570-Add Zone/US38196-Save a New Zone/Delete Zone/deleteYesButton): Finding Test Object with id 'Object Repository/F5140-Add Zone Functionalities/QA-US88570-Add Zone/US38196-Save a New Zone/Delete Zone/deleteYesButton'

2018-11-12 14:32:28 - [TEST_STEP][PASSED] - com.ge.tms.commonactions.RailroadActions.clickOnTestObject: com.ge.tms.commonactions.RailroadActions.clickOnTestObject is PASSED

2018-11-12 14:32:28 - [MESSAGE][PASSED] - Send request successfully

2018-11-12 14:32:28 - [MESSAGE][PASSED] - Send request successfully

2018-11-12 14:32:28 - [MESSAGE][PASSED] - Send request successfully

2018-11-12 14:32:28 - [MESSAGE][PASSED] - Send request successfully

2018-11-12 14:32:28 - [MESSAGE][PASSED] - Object: 'Object Repository/F5140-Add Zone Functionalities/QA-US88570-Add Zone/US38196-Save a New Zone/Delete Zone/deleteYesButton' is clicked on

2018-11-12 14:32:28 - [MESSAGE][PASSED] - com.ge.tms.commonactions.RailroadActions.clickOnTestObject is PASSED

2018-11-12 14:32:28 - [TEST_STEP][PASSED] - delay: Delayed 2 second(s)

2018-11-12 14:32:30 - [MESSAGE][PASSED] - Delayed 2 second(s)

2018-11-12 14:32:30 - [TEST_STEP][PASSED] - com.ge.tms.railroad.RailroadVerification.verifyViewStationIdAfterZoneDeletion: com.ge.tms.railroad.RailroadVerification.verifyViewStationIdAfterZoneDeletion is PASSED

2018-11-12 14:32:30 - [MESSAGE][PASSED] - Send request successfully

2018-11-12 14:32:30 - [MESSAGE][PASSED] - Send request successfully

2018-11-12 14:32:30 - [MESSAGE][PASSED] - Send request successfully

2018-11-12 14:32:30 - [MESSAGE][PASSED] - Send request successfully

2018-11-12 14:32:30 - [MESSAGE][PASSED] - Send request successfully

2018-11-12 14:32:30 - [MESSAGE][PASSED] - Send request successfully

2018-11-12 14:32:30 - [MESSAGE][PASSED] - Send request successfully

2018-11-12 14:32:30 - [MESSAGE][PASSED] - Send request successfully

2018-11-12 14:32:30 - [MESSAGE][PASSED] - Text of object 'Object Repository/F11822-Configure and Manage Stations/QA-US87586-View Stations/US84086-View Station Details/View Stations/div_StationCode' is: '6JUBTBY'

2018-11-12 14:32:30 - [MESSAGE][PASSED] - Actual object '6JUBTBY' and expected object '6JUBTBY' are equal

2018-11-12 14:32:30 - [MESSAGE][PASSED] - com.ge.tms.railroad.RailroadVerification.verifyViewStationIdAfterZoneDeletion is PASSED

2018-11-12 14:32:30 - [TEST_STEP][PASSED] - com.ge.tms.railroad.RailroadVerification.verifyDeletedItemNotPresentInSearchView: com.ge.tms.railroad.RailroadVerification.verifyDeletedItemNotPresentInSearchView is PASSED

2018-11-12 14:32:30 - [MESSAGE][PASSED] - Send request successfully

2018-11-12 14:32:30 - [MESSAGE][PASSED] - Send request successfully

2018-11-12 14:32:30 - [MESSAGE][PASSED] - Send request successfully

2018-11-12 14:32:30 - [MESSAGE][PASSED] - Send request successfully

2018-11-12 14:32:30 - [MESSAGE][PASSED] - Send request successfully

2018-11-12 14:32:30 - [MESSAGE][PASSED] - Send request successfully

2018-11-12 14:32:30 - [MESSAGE][PASSED] - Send request successfully

2018-11-12 14:32:30 - [MESSAGE][PASSED] - Send request successfully

2018-11-12 14:32:30 - [MESSAGE][PASSED] - Text 'YNQGO' is set on object 'Object Repository/CommonObjects/searchTextBoxLeftNav'

2018-11-12 14:32:32 - [MESSAGE][PASSED] - Delayed 2 second(s)

2018-11-12 14:32:32 - [MESSAGE][PASSED] - Text of object 'Object Repository/CommonObjects/noSearchResultMessageLeftNav' is: 'No stations or zones found.'

2018-11-12 14:32:32 - [MESSAGE][PASSED] - Actual object 'No stations or zones found.' and expected object 'No stations or zones found.' are equal

2018-11-12 14:32:32 - [MESSAGE][PASSED] - com.ge.tms.railroad.RailroadVerification.verifyDeletedItemNotPresentInSearchView is PASSED

2018-11-12 14:32:32 - [TEST_STEP][PASSED] - Statement - actions.clearStationzoneSearchField(): Text of object 'Object Repository/CommonObjects/searchTextBoxLeftNav' is cleared

2018-11-12 14:32:32 - [MESSAGE][PASSED] - Text of object 'Object Repository/CommonObjects/searchTextBoxLeftNav' is cleared

2018-11-12 14:32:32 - [TEST_STEP][PASSED] - Statement - actions.setTextForSearchInLeftNav(stationId): Text '6JUBTBY' is set on object 'Object Repository/CommonObjects/searchTextBoxLeftNav'

2018-11-12 14:32:33 - [MESSAGE][PASSED] - Text '6JUBTBY' is set on object 'Object Repository/CommonObjects/searchTextBoxLeftNav'

2018-11-12 14:32:33 - [TEST_STEP][PASSED] - delay: Delayed 2 second(s)

2018-11-12 14:32:35 - [MESSAGE][PASSED] - Delayed 2 second(s)

2018-11-12 14:32:35 - [TEST_STEP][PASSED] - com.ge.tms.commonactions.RailroadActions.clickOnStationActionMenu: com.ge.tms.commonactions.RailroadActions.clickOnStationActionMenu is PASSED

2018-11-12 14:32:35 - [MESSAGE][PASSED] - Send request successfully

2018-11-12 14:32:35 - [MESSAGE][PASSED] - Send request successfully

2018-11-12 14:32:35 - [MESSAGE][PASSED] - Send request successfully

2018-11-12 14:32:35 - [MESSAGE][PASSED] - Send request successfully

2018-11-12 14:32:35 - [MESSAGE][PASSED] - Execute JavaScript 'document.querySelector('#station-actions-dropdown').shadowRoot.querySelector('#trigger').click()' successfully

2018-11-12 14:32:36 - [MESSAGE][PASSED] - Delayed 1 second(s)

2018-11-12 14:32:36 - [MESSAGE][PASSED] - com.ge.tms.commonactions.RailroadActions.clickOnStationActionMenu is PASSED

2018-11-12 14:32:36 - [TEST_STEP][PASSED] - com.ge.tms.commonactions.RailroadActions.clickOnDeleteStationButton: com.ge.tms.commonactions.RailroadActions.clickOnDeleteStationButton is PASSED

2018-11-12 14:32:36 - [MESSAGE][PASSED] - Send request successfully

2018-11-12 14:32:36 - [MESSAGE][PASSED] - Send request successfully

2018-11-12 14:32:36 - [MESSAGE][PASSED] - Send request successfully

2018-11-12 14:32:36 - [MESSAGE][PASSED] - Send request successfully

2018-11-12 14:32:36 - [MESSAGE][PASSED] - Execute JavaScript 'document.querySelector('#station-actions-dropdown').shadowRoot.querySelector('#content').shadowRoot.querySelector('#selector > div:nth-child(2)').click()' successfully

2018-11-12 14:32:36 - [MESSAGE][PASSED] - com.ge.tms.commonactions.RailroadActions.clickOnDeleteStationButton is PASSED

2018-11-12 14:32:36 - [TEST_STEP][PASSED] - Statement - deleteYesButtonObj = com.kms.katalon.core.testobject.ObjectRepository.findTestObject(Object Repository/F11822-Configure and Manage Stations/deleteConfirmationYesButton): Finding Test Object with id 'Object Repository/F11822-Configure and Manage Stations/deleteConfirmationYesButton'

2018-11-12 14:32:36 - [TEST_STEP][PASSED] - com.ge.tms.commonactions.RailroadActions.clickOnTestObject: com.ge.tms.commonactions.RailroadActions.clickOnTestObject is PASSED

2018-11-12 14:32:36 - [MESSAGE][PASSED] - Send request successfully

2018-11-12 14:32:36 - [MESSAGE][PASSED] - Send request successfully

2018-11-12 14:32:36 - [MESSAGE][PASSED] - Send request successfully

2018-11-12 14:32:36 - [MESSAGE][PASSED] - Send request successfully

2018-11-12 14:32:36 - [MESSAGE][PASSED] - Object: 'Object Repository/F11822-Configure and Manage Stations/deleteConfirmationYesButton' is clicked on

2018-11-12 14:32:36 - [MESSAGE][PASSED] - com.ge.tms.commonactions.RailroadActions.clickOnTestObject is PASSED

2018-11-12 14:32:36 - [TEST_STEP][PASSED] - delay: Delayed 1 second(s)

2018-11-12 14:32:37 - [MESSAGE][PASSED] - Delayed 1 second(s)

2018-11-12 14:32:37 - [TEST_STEP][PASSED] - com.ge.tms.railroad.RailroadVerification.verifyDeletedItemNotPresentInSearchView: com.ge.tms.railroad.RailroadVerification.verifyDeletedItemNotPresentInSearchView is PASSED

2018-11-12 14:32:37 - [MESSAGE][PASSED] - Send request successfully

2018-11-12 14:32:37 - [MESSAGE][PASSED] - Send request successfully

2018-11-12 14:32:37 - [MESSAGE][PASSED] - Send request successfully

2018-11-12 14:32:37 - [MESSAGE][PASSED] - Send request successfully

2018-11-12 14:32:37 - [MESSAGE][PASSED] - Send request successfully

2018-11-12 14:32:37 - [MESSAGE][PASSED] - Send request successfully

2018-11-12 14:32:37 - [MESSAGE][PASSED] - Send request successfully

2018-11-12 14:32:37 - [MESSAGE][PASSED] - Send request successfully

2018-11-12 14:32:37 - [MESSAGE][PASSED] - Text '6JUBTBY' is set on object 'Object Repository/CommonObjects/searchTextBoxLeftNav'

2018-11-12 14:32:39 - [MESSAGE][PASSED] - Delayed 2 second(s)

2018-11-12 14:32:39 - [MESSAGE][PASSED] - Text of object 'Object Repository/CommonObjects/noSearchResultMessageLeftNav' is: 'No stations or zones found.'

2018-11-12 14:32:39 - [MESSAGE][PASSED] - Actual object 'No stations or zones found.' and expected object 'No stations or zones found.' are equal

2018-11-12 14:32:39 - [MESSAGE][PASSED] - com.ge.tms.railroad.RailroadVerification.verifyDeletedItemNotPresentInSearchView is PASSED

2018-11-12 14:32:39 - [TEST_STEP][PASSED] - Start listener action : closeBrowserForTestCasse: Navigate to 'http://localhost:8080/home' successfully

2018-11-12 14:32:39 - [TEST_STEP][PASSED] - Statement - If (isTestSuitEnable == true): null

2018-11-12 14:32:39 - [TEST_STEP][PASSED] - Statement - beforeTestCaseExecute(): null

2018-11-12 14:32:39 - [TEST_STEP][PASSED] - Statement - If (isTestSuitEnable == true): Navigate to 'http://localhost:8080/home' successfully

2018-11-12 14:32:39 - [TEST_STEP][PASSED] - navigateToUrl: Navigate to 'http://localhost:8080/home' successfully

2018-11-12 14:32:40 - [MESSAGE][PASSED] - Navigate to 'http://localhost:8080/home' successfully

2018-11-12 14:32:40 - [TEST_STEP][PASSED] - Start listener action : afterTestCase: Invoke 'com.kms.katalon.core.annotation.AfterTestCase' method: 'TmsTestListner.afterTestCase(...)' completed.

2018-11-12 14:32:40 - [TEST_STEP][PASSED] - Statement - If (java.lang.System.getProperties().containsKey("updateRally")): Invoke 'com.kms.katalon.core.annotation.AfterTestCase' method: 'TmsTestListner.afterTestCase(...)' completed.]]></system-out>
         <system-err><![CDATA[]]></system-err>
      </testcase>
      <testcase name="Test Cases/Railroad/F11822-Configure and Manage Stations/QA-US87586-View Stations/US84086-View Station Details/TC63095-View Station" classname="Test Cases/Railroad/F11822-Configure and Manage Stations/QA-US87586-View Stations/US84086-View Station Details/TC63095-View Station" status="FAILED">
         <failure type="FAILED" message="(Stack trace: com.kms.katalon.core.exception.StepFailedException: Unable to execute JavaScript. (Root cause: org.openqa.selenium.WebDriverException: unknown error: Cannot read property 'shadowRoot' of null
  (Session info: chrome=70.0.3538.77)
  (Driver info: chromedriver=2.35.528157 (4429ca2590d6988c0745c24c8858745aaaec01ef),platform=Mac OS X 10.11.6 x86_64) (WARNING: The server did not provide any stacktrace information)
Command duration or timeout: 0 milliseconds
Build info: version: '3.7.1', revision: '8a0099a', time: '2017-11-06T21:07:36.161Z'
System info: host: '1178578-C02PQD87G8WP', ip: '10.185.118.121', os.name: 'Mac OS X', os.arch: 'x86_64', os.version: '10.11.6', java.version: '1.8.0_181'
Driver info: com.kms.katalon.selenium.driver.CChromeDriver
Capabilities {acceptInsecureCerts: false, acceptSslCerts: false, applicationCacheEnabled: false, browserConnectionEnabled: false, browserName: chrome, chrome: {chromedriverVersion: 2.35.528157 (4429ca2590d698..., userDataDir: /var/folders/v8/f0z37r110rl...}, cssSelectorsEnabled: true, databaseEnabled: false, handlesAlerts: true, hasTouchScreen: false, javascriptEnabled: true, locationContextEnabled: true, mobileEmulationEnabled: false, nativeEvents: true, networkConnectionEnabled: false, pageLoadStrategy: normal, platform: MAC, platformName: MAC, rotatable: false, setWindowRect: true, takesHeapSnapshot: true, takesScreenshot: true, unexpectedAlertBehaviour: , unhandledPromptBehavior: , version: 70.0.3538.77, webStorageEnabled: true}
Session ID: 6f48acccd314ada295b59db444b69f05)
	at com.kms.katalon.core.keyword.internal.KeywordMain.stepFailed(KeywordMain.groovy:36)
	at com.kms.katalon.core.webui.keyword.internal.WebUIKeywordMain.stepFailed(WebUIKeywordMain.groovy:65)
	at com.kms.katalon.core.webui.keyword.internal.WebUIKeywordMain.runKeyword(WebUIKeywordMain.groovy:27)
	at com.kms.katalon.core.webui.keyword.builtin.ExecuteJavaScriptKeyword.executeJavascript(ExecuteJavascriptKeyword.groovy:42)
	at com.kms.katalon.core.webui.keyword.builtin.ExecuteJavaScriptKeyword.execute(ExecuteJavascriptKeyword.groovy:37)
	at com.kms.katalon.core.keyword.internal.KeywordExecutor.executeKeywordForPlatform(KeywordExecutor.groovy:53)
	at com.kms.katalon.core.webui.keyword.WebUiBuiltInKeywords.executeJavaScript(WebUiBuiltInKeywords.groovy:3787)
	at com.kms.katalon.core.webui.keyword.WebUiBuiltInKeywords$executeJavaScript$5.call(Unknown Source)
	at org.codehaus.groovy.runtime.callsite.CallSiteArray.defaultCall(CallSiteArray.java:48)
	at org.codehaus.groovy.runtime.callsite.AbstractCallSite.call(AbstractCallSite.java:113)
	at org.codehaus.groovy.runtime.callsite.AbstractCallSite.call(AbstractCallSite.java:133)
	at com.ge.tms.commonactions.RailroadActions.selectRandomStationByName(RailroadActions.groovy:180)
	at sun.reflect.NativeMethodAccessorImpl.invoke0(Native Method)
	at sun.reflect.NativeMethodAccessorImpl.invoke(NativeMethodAccessorImpl.java:62)
	at sun.reflect.DelegatingMethodAccessorImpl.invoke(DelegatingMethodAccessorImpl.java:43)
	at java.lang.reflect.Method.invoke(Method.java:498)
	at org.codehaus.groovy.reflection.CachedMethod.invoke(CachedMethod.java:93)
	at groovy.lang.MetaMethod.doMethodInvoke(MetaMethod.java:325)
	at groovy.lang.MetaClassImpl.invokeMethod(MetaClassImpl.java:1215)
	at groovy.lang.MetaClassImpl.invokeMethod(MetaClassImpl.java:1024)
	at groovy.lang.MetaClassImpl.invokeMethod(MetaClassImpl.java:812)
	at groovy.lang.DelegatingMetaClass.invokeMethod(DelegatingMetaClass.java:144)
	at com.ge.tms.commonactions.RailroadActions.invokeMethod(RailroadActions.groovy)
	at com.kms.katalon.core.main.CustomKeywordDelegatingMetaClass.invokeStaticMethod(CustomKeywordDelegatingMetaClass.java:46)
	at org.codehaus.groovy.runtime.callsite.StaticMetaClassSite.call(StaticMetaClassSite.java:53)
	at org.codehaus.groovy.runtime.callsite.CallSiteArray.defaultCall(CallSiteArray.java:48)
	at org.codehaus.groovy.runtime.callsite.AbstractCallSite.call(AbstractCallSite.java:113)
	at org.codehaus.groovy.runtime.callsite.AbstractCallSite.call(AbstractCallSite.java:117)
	at Script1530695513407.run(Script1530695513407.groovy:46)
	at com.kms.katalon.core.main.ScriptEngine.run(ScriptEngine.java:183)
	at com.kms.katalon.core.main.ScriptEngine.runScriptAsRawText(ScriptEngine.java:108)
	at com.kms.katalon.core.main.TestCaseExecutor.runScript(TestCaseExecutor.java:294)
	at com.kms.katalon.core.main.TestCaseExecutor.doExecute(TestCaseExecutor.java:285)
	at com.kms.katalon.core.main.TestCaseExecutor.processExecutionPhase(TestCaseExecutor.java:264)
	at com.kms.katalon.core.main.TestCaseExecutor.accessMainPhase(TestCaseExecutor.java:256)
	at com.kms.katalon.core.main.TestCaseExecutor.execute(TestCaseExecutor.java:200)
	at com.kms.katalon.core.main.TestSuiteExecutor.accessTestCaseMainPhase(TestSuiteExecutor.java:129)
	at com.kms.katalon.core.main.TestSuiteExecutor.accessTestSuiteMainPhase(TestSuiteExecutor.java:112)
	at com.kms.katalon.core.main.TestSuiteExecutor.execute(TestSuiteExecutor.java:81)
	at com.kms.katalon.core.main.TestCaseMain.startTestSuite(TestCaseMain.java:142)
	at com.kms.katalon.core.main.TestCaseMain$startTestSuite$0.call(Unknown Source)
	at org.codehaus.groovy.runtime.callsite.CallSiteArray.defaultCall(CallSiteArray.java:48)
	at org.codehaus.groovy.runtime.callsite.AbstractCallSite.call(AbstractCallSite.java:113)
	at org.codehaus.groovy.runtime.callsite.AbstractCallSite.call(AbstractCallSite.java:141)
	at TempTestSuite1542012289978.run(TempTestSuite1542012289978.groovy:36)
	at groovy.lang.GroovyShell.runScriptOrMainOrTestOrRunnable(GroovyShell.java:263)
	at groovy.lang.GroovyShell.run(GroovyShell.java:518)
	at groovy.lang.GroovyShell.run(GroovyShell.java:507)
	at groovy.ui.GroovyMain.processOnce(GroovyMain.java:653)
	at groovy.ui.GroovyMain.run(GroovyMain.java:384)
	at groovy.ui.GroovyMain.process(GroovyMain.java:370)
	at groovy.ui.GroovyMain.processArgs(GroovyMain.java:129)
	at groovy.ui.GroovyMain.main(GroovyMain.java:109)
	at sun.reflect.NativeMethodAccessorImpl.invoke0(Native Method)
	at sun.reflect.NativeMethodAccessorImpl.invoke(NativeMethodAccessorImpl.java:62)
	at sun.reflect.DelegatingMethodAccessorImpl.invoke(DelegatingMethodAccessorImpl.java:43)
	at java.lang.reflect.Method.invoke(Method.java:498)
	at org.codehaus.groovy.tools.GroovyStarter.rootLoader(GroovyStarter.java:109)
	at org.codehaus.groovy.tools.GroovyStarter.main(GroovyStarter.java:131)
)"/>
         <system-out><![CDATA[2018-11-12 14:32:40 - [TEST_CASE][FAILED] - Test Cases/Railroad/F11822-Configure and Manage Stations/QA-US87586-View Stations/US84086-View Station Details/TC63095-View Station: Test Cases/Railroad/F11822-Configure and Manage Stations/QA-US87586-View Stations/US84086-View Station Details/TC63095-View Station FAILED because (of) (Stack trace: com.kms.katalon.core.exception.StepFailedException: Unable to execute JavaScript. (Root cause: org.openqa.selenium.WebDriverException: unknown error: Cannot read property 'shadowRoot' of null
  (Session info: chrome=70.0.3538.77)
  (Driver info: chromedriver=2.35.528157 (4429ca2590d6988c0745c24c8858745aaaec01ef),platform=Mac OS X 10.11.6 x86_64) (WARNING: The server did not provide any stacktrace information)
Command duration or timeout: 0 milliseconds
Build info: version: '3.7.1', revision: '8a0099a', time: '2017-11-06T21:07:36.161Z'
System info: host: '1178578-C02PQD87G8WP', ip: '10.185.118.121', os.name: 'Mac OS X', os.arch: 'x86_64', os.version: '10.11.6', java.version: '1.8.0_181'
Driver info: com.kms.katalon.selenium.driver.CChromeDriver
Capabilities {acceptInsecureCerts: false, acceptSslCerts: false, applicationCacheEnabled: false, browserConnectionEnabled: false, browserName: chrome, chrome: {chromedriverVersion: 2.35.528157 (4429ca2590d698..., userDataDir: /var/folders/v8/f0z37r110rl...}, cssSelectorsEnabled: true, databaseEnabled: false, handlesAlerts: true, hasTouchScreen: false, javascriptEnabled: true, locationContextEnabled: true, mobileEmulationEnabled: false, nativeEvents: true, networkConnectionEnabled: false, pageLoadStrategy: normal, platform: MAC, platformName: MAC, rotatable: false, setWindowRect: true, takesHeapSnapshot: true, takesScreenshot: true, unexpectedAlertBehaviour: , unhandledPromptBehavior: , version: 70.0.3538.77, webStorageEnabled: true}
Session ID: 6f48acccd314ada295b59db444b69f05)
	at com.kms.katalon.core.keyword.internal.KeywordMain.stepFailed(KeywordMain.groovy:36)
	at com.kms.katalon.core.webui.keyword.internal.WebUIKeywordMain.stepFailed(WebUIKeywordMain.groovy:65)
	at com.kms.katalon.core.webui.keyword.internal.WebUIKeywordMain.runKeyword(WebUIKeywordMain.groovy:27)
	at com.kms.katalon.core.webui.keyword.builtin.ExecuteJavaScriptKeyword.executeJavascript(ExecuteJavascriptKeyword.groovy:42)
	at com.kms.katalon.core.webui.keyword.builtin.ExecuteJavaScriptKeyword.execute(ExecuteJavascriptKeyword.groovy:37)
	at com.kms.katalon.core.keyword.internal.KeywordExecutor.executeKeywordForPlatform(KeywordExecutor.groovy:53)
	at com.kms.katalon.core.webui.keyword.WebUiBuiltInKeywords.executeJavaScript(WebUiBuiltInKeywords.groovy:3787)
	at com.kms.katalon.core.webui.keyword.WebUiBuiltInKeywords$executeJavaScript$5.call(Unknown Source)
	at org.codehaus.groovy.runtime.callsite.CallSiteArray.defaultCall(CallSiteArray.java:48)
	at org.codehaus.groovy.runtime.callsite.AbstractCallSite.call(AbstractCallSite.java:113)
	at org.codehaus.groovy.runtime.callsite.AbstractCallSite.call(AbstractCallSite.java:133)
	at com.ge.tms.commonactions.RailroadActions.selectRandomStationByName(RailroadActions.groovy:180)
	at sun.reflect.NativeMethodAccessorImpl.invoke0(Native Method)
	at sun.reflect.NativeMethodAccessorImpl.invoke(NativeMethodAccessorImpl.java:62)
	at sun.reflect.DelegatingMethodAccessorImpl.invoke(DelegatingMethodAccessorImpl.java:43)
	at java.lang.reflect.Method.invoke(Method.java:498)
	at org.codehaus.groovy.reflection.CachedMethod.invoke(CachedMethod.java:93)
	at groovy.lang.MetaMethod.doMethodInvoke(MetaMethod.java:325)
	at groovy.lang.MetaClassImpl.invokeMethod(MetaClassImpl.java:1215)
	at groovy.lang.MetaClassImpl.invokeMethod(MetaClassImpl.java:1024)
	at groovy.lang.MetaClassImpl.invokeMethod(MetaClassImpl.java:812)
	at groovy.lang.DelegatingMetaClass.invokeMethod(DelegatingMetaClass.java:144)
	at com.ge.tms.commonactions.RailroadActions.invokeMethod(RailroadActions.groovy)
	at com.kms.katalon.core.main.CustomKeywordDelegatingMetaClass.invokeStaticMethod(CustomKeywordDelegatingMetaClass.java:46)
	at org.codehaus.groovy.runtime.callsite.StaticMetaClassSite.call(StaticMetaClassSite.java:53)
	at org.codehaus.groovy.runtime.callsite.CallSiteArray.defaultCall(CallSiteArray.java:48)
	at org.codehaus.groovy.runtime.callsite.AbstractCallSite.call(AbstractCallSite.java:113)
	at org.codehaus.groovy.runtime.callsite.AbstractCallSite.call(AbstractCallSite.java:117)
	at Script1530695513407.run(Script1530695513407.groovy:46)
	at com.kms.katalon.core.main.ScriptEngine.run(ScriptEngine.java:183)
	at com.kms.katalon.core.main.ScriptEngine.runScriptAsRawText(ScriptEngine.java:108)
	at com.kms.katalon.core.main.TestCaseExecutor.runScript(TestCaseExecutor.java:294)
	at com.kms.katalon.core.main.TestCaseExecutor.doExecute(TestCaseExecutor.java:285)
	at com.kms.katalon.core.main.TestCaseExecutor.processExecutionPhase(TestCaseExecutor.java:264)
	at com.kms.katalon.core.main.TestCaseExecutor.accessMainPhase(TestCaseExecutor.java:256)
	at com.kms.katalon.core.main.TestCaseExecutor.execute(TestCaseExecutor.java:200)
	at com.kms.katalon.core.main.TestSuiteExecutor.accessTestCaseMainPhase(TestSuiteExecutor.java:129)
	at com.kms.katalon.core.main.TestSuiteExecutor.accessTestSuiteMainPhase(TestSuiteExecutor.java:112)
	at com.kms.katalon.core.main.TestSuiteExecutor.execute(TestSuiteExecutor.java:81)
	at com.kms.katalon.core.main.TestCaseMain.startTestSuite(TestCaseMain.java:142)
	at com.kms.katalon.core.main.TestCaseMain$startTestSuite$0.call(Unknown Source)
	at org.codehaus.groovy.runtime.callsite.CallSiteArray.defaultCall(CallSiteArray.java:48)
	at org.codehaus.groovy.runtime.callsite.AbstractCallSite.call(AbstractCallSite.java:113)
	at org.codehaus.groovy.runtime.callsite.AbstractCallSite.call(AbstractCallSite.java:141)
	at TempTestSuite1542012289978.run(TempTestSuite1542012289978.groovy:36)
	at groovy.lang.GroovyShell.runScriptOrMainOrTestOrRunnable(GroovyShell.java:263)
	at groovy.lang.GroovyShell.run(GroovyShell.java:518)
	at groovy.lang.GroovyShell.run(GroovyShell.java:507)
	at groovy.ui.GroovyMain.processOnce(GroovyMain.java:653)
	at groovy.ui.GroovyMain.run(GroovyMain.java:384)
	at groovy.ui.GroovyMain.process(GroovyMain.java:370)
	at groovy.ui.GroovyMain.processArgs(GroovyMain.java:129)
	at groovy.ui.GroovyMain.main(GroovyMain.java:109)
	at sun.reflect.NativeMethodAccessorImpl.invoke0(Native Method)
	at sun.reflect.NativeMethodAccessorImpl.invoke(NativeMethodAccessorImpl.java:62)
	at sun.reflect.DelegatingMethodAccessorImpl.invoke(DelegatingMethodAccessorImpl.java:43)
	at java.lang.reflect.Method.invoke(Method.java:498)
	at org.codehaus.groovy.tools.GroovyStarter.rootLoader(GroovyStarter.java:109)
	at org.codehaus.groovy.tools.GroovyStarter.main(GroovyStarter.java:131)
)

2018-11-12 14:32:40 - [TEST_STEP][PASSED] - Start listener action : beforeTestCaseExecute: Navigate to 'http://localhost:8080/home' successfully

2018-11-12 14:32:40 - [TEST_STEP][PASSED] - Statement - If (isTestSuitEnable == true): Navigate to 'http://localhost:8080/home' successfully

2018-11-12 14:32:40 - [TEST_STEP][PASSED] - navigateToUrl: Navigate to 'http://localhost:8080/home' successfully

2018-11-12 14:32:41 - [MESSAGE][PASSED] - Navigate to 'http://localhost:8080/home' successfully

2018-11-12 14:32:41 - [TEST_STEP][PASSED] - com.ge.tms.commonactions.CommonClickEvents.clickOnRailroadSetup: com.ge.tms.commonactions.CommonClickEvents.clickOnRailroadSetup is PASSED

2018-11-12 14:32:41 - [MESSAGE][PASSED] - Execute JavaScript 'document.querySelector('px-app-nav').shadowRoot.querySelector('#items > px-app-nav-group:nth-child(13) > px-app-nav-subitem:nth-child(1)').click()' successfully

2018-11-12 14:32:43 - [MESSAGE][PASSED] - Delayed 2 second(s)

2018-11-12 14:32:43 - [MESSAGE][PASSED] - com.ge.tms.commonactions.CommonClickEvents.clickOnRailroadSetup is PASSED

2018-11-12 14:32:43 - [TEST_STEP][PASSED] - com.ge.tms.commonactions.RailroadActions.clickOnSelectRailroadDropdown: com.ge.tms.commonactions.RailroadActions.clickOnSelectRailroadDropdown is PASSED

2018-11-12 14:32:43 - [MESSAGE][PASSED] - Send request successfully

2018-11-12 14:32:43 - [MESSAGE][PASSED] - Send request successfully

2018-11-12 14:32:43 - [MESSAGE][PASSED] - Send request successfully

2018-11-12 14:32:43 - [MESSAGE][PASSED] - Send request successfully

2018-11-12 14:32:43 - [MESSAGE][PASSED] - Execute JavaScript 'document.querySelector('#railroads-select-dropdown').shadowRoot.querySelector('#trigger').click()' successfully

2018-11-12 14:32:46 - [MESSAGE][PASSED] - Delayed 3 second(s)

2018-11-12 14:32:46 - [MESSAGE][PASSED] - com.ge.tms.commonactions.RailroadActions.clickOnSelectRailroadDropdown is PASSED

2018-11-12 14:32:46 - [TEST_STEP][PASSED] - com.ge.tms.commonactions.RailroadActions.selectRandomRailRoad: com.ge.tms.commonactions.RailroadActions.selectRandomRailRoad is PASSED

2018-11-12 14:32:46 - [MESSAGE][PASSED] - Send request successfully

2018-11-12 14:32:46 - [MESSAGE][PASSED] - Send request successfully

2018-11-12 14:32:46 - [MESSAGE][PASSED] - Send request successfully

2018-11-12 14:32:46 - [MESSAGE][PASSED] - Send request successfully

2018-11-12 14:32:46 - [MESSAGE][PASSED] - Execute JavaScript 'let railRoadList=[]; document.querySelector('#railroads-select-dropdown').shadowRoot.querySelector('#content').shadowRoot.querySelectorAll('#selector > div.dropdown-option').forEach(node => { railRoadList.push(node.getAttribute('title')) }); return railRoadList' successfully

2018-11-12 14:32:46 - [MESSAGE][PASSED] - Execute JavaScript 'return document.querySelector('#railroads-select-dropdown').shadowRoot.querySelector('#content').shadowRoot.querySelector('#selector > div:nth-child(1) span').innerHTML' successfully

2018-11-12 14:32:46 - [MESSAGE][PASSED] - Execute JavaScript 'return document.querySelector('#railroads-select-dropdown').shadowRoot.querySelector('#content').shadowRoot.querySelector('#selector > div:nth-child(1) span').click()' successfully

2018-11-12 14:32:46 - [MESSAGE][PASSED] - com.ge.tms.commonactions.RailroadActions.selectRandomRailRoad is PASSED

2018-11-12 14:32:46 - [TEST_STEP][PASSED] - delay: Delayed 2 second(s)

2018-11-12 14:32:48 - [MESSAGE][PASSED] - Delayed 2 second(s)

2018-11-12 14:32:48 - [TEST_STEP][FAILED] - Statement - station = CustomKeywords.com.ge.tms.commonactions.RailroadActions.selectRandomStationByName(): Unable to execute JavaScript. (Root cause: org.openqa.selenium.WebDriverException: unknown error: Cannot read property 'shadowRoot' of null
  (Session info: chrome=70.0.3538.77)
  (Driver info: chromedriver=2.35.528157 (4429ca2590d6988c0745c24c8858745aaaec01ef),platform=Mac OS X 10.11.6 x86_64) (WARNING: The server did not provide any stacktrace information)
Command duration or timeout: 0 milliseconds
Build info: version: '3.7.1', revision: '8a0099a', time: '2017-11-06T21:07:36.161Z'
System info: host: '1178578-C02PQD87G8WP', ip: '10.185.118.121', os.name: 'Mac OS X', os.arch: 'x86_64', os.version: '10.11.6', java.version: '1.8.0_181'
Driver info: com.kms.katalon.selenium.driver.CChromeDriver
Capabilities {acceptInsecureCerts: false, acceptSslCerts: false, applicationCacheEnabled: false, browserConnectionEnabled: false, browserName: chrome, chrome: {chromedriverVersion: 2.35.528157 (4429ca2590d698..., userDataDir: /var/folders/v8/f0z37r110rl...}, cssSelectorsEnabled: true, databaseEnabled: false, handlesAlerts: true, hasTouchScreen: false, javascriptEnabled: true, locationContextEnabled: true, mobileEmulationEnabled: false, nativeEvents: true, networkConnectionEnabled: false, pageLoadStrategy: normal, platform: MAC, platformName: MAC, rotatable: false, setWindowRect: true, takesHeapSnapshot: true, takesScreenshot: true, unexpectedAlertBehaviour: , unhandledPromptBehavior: , version: 70.0.3538.77, webStorageEnabled: true}
Session ID: 6f48acccd314ada295b59db444b69f05)

2018-11-12 14:32:48 - [MESSAGE][PASSED] - Send request successfully

2018-11-12 14:32:48 - [MESSAGE][PASSED] - Send request successfully

2018-11-12 14:32:48 - [MESSAGE][PASSED] - Send request successfully

2018-11-12 14:32:48 - [MESSAGE][PASSED] - Send request successfully

2018-11-12 14:32:49 - [MESSAGE][FAILED] - Unable to execute JavaScript. (Root cause: org.openqa.selenium.WebDriverException: unknown error: Cannot read property 'shadowRoot' of null
  (Session info: chrome=70.0.3538.77)
  (Driver info: chromedriver=2.35.528157 (4429ca2590d6988c0745c24c8858745aaaec01ef),platform=Mac OS X 10.11.6 x86_64) (WARNING: The server did not provide any stacktrace information)
Command duration or timeout: 0 milliseconds
Build info: version: '3.7.1', revision: '8a0099a', time: '2017-11-06T21:07:36.161Z'
System info: host: '1178578-C02PQD87G8WP', ip: '10.185.118.121', os.name: 'Mac OS X', os.arch: 'x86_64', os.version: '10.11.6', java.version: '1.8.0_181'
Driver info: com.kms.katalon.selenium.driver.CChromeDriver
Capabilities {acceptInsecureCerts: false, acceptSslCerts: false, applicationCacheEnabled: false, browserConnectionEnabled: false, browserName: chrome, chrome: {chromedriverVersion: 2.35.528157 (4429ca2590d698..., userDataDir: /var/folders/v8/f0z37r110rl...}, cssSelectorsEnabled: true, databaseEnabled: false, handlesAlerts: true, hasTouchScreen: false, javascriptEnabled: true, locationContextEnabled: true, mobileEmulationEnabled: false, nativeEvents: true, networkConnectionEnabled: false, pageLoadStrategy: normal, platform: MAC, platformName: MAC, rotatable: false, setWindowRect: true, takesHeapSnapshot: true, takesScreenshot: true, unexpectedAlertBehaviour: , unhandledPromptBehavior: , version: 70.0.3538.77, webStorageEnabled: true}
Session ID: 6f48acccd314ada295b59db444b69f05)
[[ATTACHMENT|/Users/priyanga/TMS_QA_AUTOMATION/tms-qa-automation/TMSLiteRegressionAutomation/Reports/Regression/RailRoad Setup Test Suite/20181112_141449/1542013369106.png]]

2018-11-12 14:32:49 - [MESSAGE][FAILED] - Unable to execute JavaScript. (Root cause: org.openqa.selenium.WebDriverException: unknown error: Cannot read property 'shadowRoot' of null
  (Session info: chrome=70.0.3538.77)
  (Driver info: chromedriver=2.35.528157 (4429ca2590d6988c0745c24c8858745aaaec01ef),platform=Mac OS X 10.11.6 x86_64) (WARNING: The server did not provide any stacktrace information)
Command duration or timeout: 0 milliseconds
Build info: version: '3.7.1', revision: '8a0099a', time: '2017-11-06T21:07:36.161Z'
System info: host: '1178578-C02PQD87G8WP', ip: '10.185.118.121', os.name: 'Mac OS X', os.arch: 'x86_64', os.version: '10.11.6', java.version: '1.8.0_181'
Driver info: com.kms.katalon.selenium.driver.CChromeDriver
Capabilities {acceptInsecureCerts: false, acceptSslCerts: false, applicationCacheEnabled: false, browserConnectionEnabled: false, browserName: chrome, chrome: {chromedriverVersion: 2.35.528157 (4429ca2590d698..., userDataDir: /var/folders/v8/f0z37r110rl...}, cssSelectorsEnabled: true, databaseEnabled: false, handlesAlerts: true, hasTouchScreen: false, javascriptEnabled: true, locationContextEnabled: true, mobileEmulationEnabled: false, nativeEvents: true, networkConnectionEnabled: false, pageLoadStrategy: normal, platform: MAC, platformName: MAC, rotatable: false, setWindowRect: true, takesHeapSnapshot: true, takesScreenshot: true, unexpectedAlertBehaviour: , unhandledPromptBehavior: , version: 70.0.3538.77, webStorageEnabled: true}
Session ID: 6f48acccd314ada295b59db444b69f05)

2018-11-12 14:32:49 - [TEST_STEP][PASSED] - Start listener action : closeBrowserForTestCasse: Navigate to 'http://localhost:8080/home' successfully

2018-11-12 14:32:49 - [TEST_STEP][PASSED] - Statement - If (isTestSuitEnable == true): null

2018-11-12 14:32:49 - [TEST_STEP][PASSED] - Statement - beforeTestCaseExecute(): null

2018-11-12 14:32:49 - [TEST_STEP][PASSED] - Statement - If (isTestSuitEnable == true): Navigate to 'http://localhost:8080/home' successfully

2018-11-12 14:32:49 - [TEST_STEP][PASSED] - navigateToUrl: Navigate to 'http://localhost:8080/home' successfully

2018-11-12 14:32:50 - [MESSAGE][PASSED] - Navigate to 'http://localhost:8080/home' successfully

2018-11-12 14:32:50 - [TEST_STEP][PASSED] - Start listener action : afterTestCase: Invoke 'com.kms.katalon.core.annotation.AfterTestCase' method: 'TmsTestListner.afterTestCase(...)' completed.

2018-11-12 14:32:50 - [TEST_STEP][PASSED] - Statement - If (java.lang.System.getProperties().containsKey("updateRally")): Invoke 'com.kms.katalon.core.annotation.AfterTestCase' method: 'TmsTestListner.afterTestCase(...)' completed.]]></system-out>
         <system-err><![CDATA[2018-11-12 14:32:40 - [TEST_CASE][FAILED] - Test Cases/Railroad/F11822-Configure and Manage Stations/QA-US87586-View Stations/US84086-View Station Details/TC63095-View Station: Test Cases/Railroad/F11822-Configure and Manage Stations/QA-US87586-View Stations/US84086-View Station Details/TC63095-View Station FAILED because (of) (Stack trace: com.kms.katalon.core.exception.StepFailedException: Unable to execute JavaScript. (Root cause: org.openqa.selenium.WebDriverException: unknown error: Cannot read property 'shadowRoot' of null
  (Session info: chrome=70.0.3538.77)
  (Driver info: chromedriver=2.35.528157 (4429ca2590d6988c0745c24c8858745aaaec01ef),platform=Mac OS X 10.11.6 x86_64) (WARNING: The server did not provide any stacktrace information)
Command duration or timeout: 0 milliseconds
Build info: version: '3.7.1', revision: '8a0099a', time: '2017-11-06T21:07:36.161Z'
System info: host: '1178578-C02PQD87G8WP', ip: '10.185.118.121', os.name: 'Mac OS X', os.arch: 'x86_64', os.version: '10.11.6', java.version: '1.8.0_181'
Driver info: com.kms.katalon.selenium.driver.CChromeDriver
Capabilities {acceptInsecureCerts: false, acceptSslCerts: false, applicationCacheEnabled: false, browserConnectionEnabled: false, browserName: chrome, chrome: {chromedriverVersion: 2.35.528157 (4429ca2590d698..., userDataDir: /var/folders/v8/f0z37r110rl...}, cssSelectorsEnabled: true, databaseEnabled: false, handlesAlerts: true, hasTouchScreen: false, javascriptEnabled: true, locationContextEnabled: true, mobileEmulationEnabled: false, nativeEvents: true, networkConnectionEnabled: false, pageLoadStrategy: normal, platform: MAC, platformName: MAC, rotatable: false, setWindowRect: true, takesHeapSnapshot: true, takesScreenshot: true, unexpectedAlertBehaviour: , unhandledPromptBehavior: , version: 70.0.3538.77, webStorageEnabled: true}
Session ID: 6f48acccd314ada295b59db444b69f05)
	at com.kms.katalon.core.keyword.internal.KeywordMain.stepFailed(KeywordMain.groovy:36)
	at com.kms.katalon.core.webui.keyword.internal.WebUIKeywordMain.stepFailed(WebUIKeywordMain.groovy:65)
	at com.kms.katalon.core.webui.keyword.internal.WebUIKeywordMain.runKeyword(WebUIKeywordMain.groovy:27)
	at com.kms.katalon.core.webui.keyword.builtin.ExecuteJavaScriptKeyword.executeJavascript(ExecuteJavascriptKeyword.groovy:42)
	at com.kms.katalon.core.webui.keyword.builtin.ExecuteJavaScriptKeyword.execute(ExecuteJavascriptKeyword.groovy:37)
	at com.kms.katalon.core.keyword.internal.KeywordExecutor.executeKeywordForPlatform(KeywordExecutor.groovy:53)
	at com.kms.katalon.core.webui.keyword.WebUiBuiltInKeywords.executeJavaScript(WebUiBuiltInKeywords.groovy:3787)
	at com.kms.katalon.core.webui.keyword.WebUiBuiltInKeywords$executeJavaScript$5.call(Unknown Source)
	at org.codehaus.groovy.runtime.callsite.CallSiteArray.defaultCall(CallSiteArray.java:48)
	at org.codehaus.groovy.runtime.callsite.AbstractCallSite.call(AbstractCallSite.java:113)
	at org.codehaus.groovy.runtime.callsite.AbstractCallSite.call(AbstractCallSite.java:133)
	at com.ge.tms.commonactions.RailroadActions.selectRandomStationByName(RailroadActions.groovy:180)
	at sun.reflect.NativeMethodAccessorImpl.invoke0(Native Method)
	at sun.reflect.NativeMethodAccessorImpl.invoke(NativeMethodAccessorImpl.java:62)
	at sun.reflect.DelegatingMethodAccessorImpl.invoke(DelegatingMethodAccessorImpl.java:43)
	at java.lang.reflect.Method.invoke(Method.java:498)
	at org.codehaus.groovy.reflection.CachedMethod.invoke(CachedMethod.java:93)
	at groovy.lang.MetaMethod.doMethodInvoke(MetaMethod.java:325)
	at groovy.lang.MetaClassImpl.invokeMethod(MetaClassImpl.java:1215)
	at groovy.lang.MetaClassImpl.invokeMethod(MetaClassImpl.java:1024)
	at groovy.lang.MetaClassImpl.invokeMethod(MetaClassImpl.java:812)
	at groovy.lang.DelegatingMetaClass.invokeMethod(DelegatingMetaClass.java:144)
	at com.ge.tms.commonactions.RailroadActions.invokeMethod(RailroadActions.groovy)
	at com.kms.katalon.core.main.CustomKeywordDelegatingMetaClass.invokeStaticMethod(CustomKeywordDelegatingMetaClass.java:46)
	at org.codehaus.groovy.runtime.callsite.StaticMetaClassSite.call(StaticMetaClassSite.java:53)
	at org.codehaus.groovy.runtime.callsite.CallSiteArray.defaultCall(CallSiteArray.java:48)
	at org.codehaus.groovy.runtime.callsite.AbstractCallSite.call(AbstractCallSite.java:113)
	at org.codehaus.groovy.runtime.callsite.AbstractCallSite.call(AbstractCallSite.java:117)
	at Script1530695513407.run(Script1530695513407.groovy:46)
	at com.kms.katalon.core.main.ScriptEngine.run(ScriptEngine.java:183)
	at com.kms.katalon.core.main.ScriptEngine.runScriptAsRawText(ScriptEngine.java:108)
	at com.kms.katalon.core.main.TestCaseExecutor.runScript(TestCaseExecutor.java:294)
	at com.kms.katalon.core.main.TestCaseExecutor.doExecute(TestCaseExecutor.java:285)
	at com.kms.katalon.core.main.TestCaseExecutor.processExecutionPhase(TestCaseExecutor.java:264)
	at com.kms.katalon.core.main.TestCaseExecutor.accessMainPhase(TestCaseExecutor.java:256)
	at com.kms.katalon.core.main.TestCaseExecutor.execute(TestCaseExecutor.java:200)
	at com.kms.katalon.core.main.TestSuiteExecutor.accessTestCaseMainPhase(TestSuiteExecutor.java:129)
	at com.kms.katalon.core.main.TestSuiteExecutor.accessTestSuiteMainPhase(TestSuiteExecutor.java:112)
	at com.kms.katalon.core.main.TestSuiteExecutor.execute(TestSuiteExecutor.java:81)
	at com.kms.katalon.core.main.TestCaseMain.startTestSuite(TestCaseMain.java:142)
	at com.kms.katalon.core.main.TestCaseMain$startTestSuite$0.call(Unknown Source)
	at org.codehaus.groovy.runtime.callsite.CallSiteArray.defaultCall(CallSiteArray.java:48)
	at org.codehaus.groovy.runtime.callsite.AbstractCallSite.call(AbstractCallSite.java:113)
	at org.codehaus.groovy.runtime.callsite.AbstractCallSite.call(AbstractCallSite.java:141)
	at TempTestSuite1542012289978.run(TempTestSuite1542012289978.groovy:36)
	at groovy.lang.GroovyShell.runScriptOrMainOrTestOrRunnable(GroovyShell.java:263)
	at groovy.lang.GroovyShell.run(GroovyShell.java:518)
	at groovy.lang.GroovyShell.run(GroovyShell.java:507)
	at groovy.ui.GroovyMain.processOnce(GroovyMain.java:653)
	at groovy.ui.GroovyMain.run(GroovyMain.java:384)
	at groovy.ui.GroovyMain.process(GroovyMain.java:370)
	at groovy.ui.GroovyMain.processArgs(GroovyMain.java:129)
	at groovy.ui.GroovyMain.main(GroovyMain.java:109)
	at sun.reflect.NativeMethodAccessorImpl.invoke0(Native Method)
	at sun.reflect.NativeMethodAccessorImpl.invoke(NativeMethodAccessorImpl.java:62)
	at sun.reflect.DelegatingMethodAccessorImpl.invoke(DelegatingMethodAccessorImpl.java:43)
	at java.lang.reflect.Method.invoke(Method.java:498)
	at org.codehaus.groovy.tools.GroovyStarter.rootLoader(GroovyStarter.java:109)
	at org.codehaus.groovy.tools.GroovyStarter.main(GroovyStarter.java:131)
)]]></system-err>
      </testcase>
      <system-out><![CDATA[2018-11-12 14:22:03 - [TEST_SUITE][FAILED] - RailRoad Setup Test Suite: Test Cases/Railroad/F11822-Configure and Manage Stations/QA-US87586-View Stations/US84086-View Station Details/TC63095-View Station FAILED because (of) (Stack trace: com.kms.katalon.core.exception.StepFailedException: Unable to execute JavaScript. (Root cause: org.openqa.selenium.WebDriverException: unknown error: Cannot read property 'shadowRoot' of null
  (Session info: chrome=70.0.3538.77)
  (Driver info: chromedriver=2.35.528157 (4429ca2590d6988c0745c24c8858745aaaec01ef),platform=Mac OS X 10.11.6 x86_64) (WARNING: The server did not provide any stacktrace information)
Command duration or timeout: 0 milliseconds
Build info: version: '3.7.1', revision: '8a0099a', time: '2017-11-06T21:07:36.161Z'
System info: host: '1178578-C02PQD87G8WP', ip: '10.185.118.121', os.name: 'Mac OS X', os.arch: 'x86_64', os.version: '10.11.6', java.version: '1.8.0_181'
Driver info: com.kms.katalon.selenium.driver.CChromeDriver
Capabilities {acceptInsecureCerts: false, acceptSslCerts: false, applicationCacheEnabled: false, browserConnectionEnabled: false, browserName: chrome, chrome: {chromedriverVersion: 2.35.528157 (4429ca2590d698..., userDataDir: /var/folders/v8/f0z37r110rl...}, cssSelectorsEnabled: true, databaseEnabled: false, handlesAlerts: true, hasTouchScreen: false, javascriptEnabled: true, locationContextEnabled: true, mobileEmulationEnabled: false, nativeEvents: true, networkConnectionEnabled: false, pageLoadStrategy: normal, platform: MAC, platformName: MAC, rotatable: false, setWindowRect: true, takesHeapSnapshot: true, takesScreenshot: true, unexpectedAlertBehaviour: , unhandledPromptBehavior: , version: 70.0.3538.77, webStorageEnabled: true}
Session ID: 6f48acccd314ada295b59db444b69f05)
	at com.kms.katalon.core.keyword.internal.KeywordMain.stepFailed(KeywordMain.groovy:36)
	at com.kms.katalon.core.webui.keyword.internal.WebUIKeywordMain.stepFailed(WebUIKeywordMain.groovy:65)
	at com.kms.katalon.core.webui.keyword.internal.WebUIKeywordMain.runKeyword(WebUIKeywordMain.groovy:27)
	at com.kms.katalon.core.webui.keyword.builtin.ExecuteJavaScriptKeyword.executeJavascript(ExecuteJavascriptKeyword.groovy:42)
	at com.kms.katalon.core.webui.keyword.builtin.ExecuteJavaScriptKeyword.execute(ExecuteJavascriptKeyword.groovy:37)
	at com.kms.katalon.core.keyword.internal.KeywordExecutor.executeKeywordForPlatform(KeywordExecutor.groovy:53)
	at com.kms.katalon.core.webui.keyword.WebUiBuiltInKeywords.executeJavaScript(WebUiBuiltInKeywords.groovy:3787)
	at com.kms.katalon.core.webui.keyword.WebUiBuiltInKeywords$executeJavaScript$5.call(Unknown Source)
	at org.codehaus.groovy.runtime.callsite.CallSiteArray.defaultCall(CallSiteArray.java:48)
	at org.codehaus.groovy.runtime.callsite.AbstractCallSite.call(AbstractCallSite.java:113)
	at org.codehaus.groovy.runtime.callsite.AbstractCallSite.call(AbstractCallSite.java:133)
	at com.ge.tms.commonactions.RailroadActions.selectRandomStationByName(RailroadActions.groovy:180)
	at sun.reflect.NativeMethodAccessorImpl.invoke0(Native Method)
	at sun.reflect.NativeMethodAccessorImpl.invoke(NativeMethodAccessorImpl.java:62)
	at sun.reflect.DelegatingMethodAccessorImpl.invoke(DelegatingMethodAccessorImpl.java:43)
	at java.lang.reflect.Method.invoke(Method.java:498)
	at org.codehaus.groovy.reflection.CachedMethod.invoke(CachedMethod.java:93)
	at groovy.lang.MetaMethod.doMethodInvoke(MetaMethod.java:325)
	at groovy.lang.MetaClassImpl.invokeMethod(MetaClassImpl.java:1215)
	at groovy.lang.MetaClassImpl.invokeMethod(MetaClassImpl.java:1024)
	at groovy.lang.MetaClassImpl.invokeMethod(MetaClassImpl.java:812)
	at groovy.lang.DelegatingMetaClass.invokeMethod(DelegatingMetaClass.java:144)
	at com.ge.tms.commonactions.RailroadActions.invokeMethod(RailroadActions.groovy)
	at com.kms.katalon.core.main.CustomKeywordDelegatingMetaClass.invokeStaticMethod(CustomKeywordDelegatingMetaClass.java:46)
	at org.codehaus.groovy.runtime.callsite.StaticMetaClassSite.call(StaticMetaClassSite.java:53)
	at org.codehaus.groovy.runtime.callsite.CallSiteArray.defaultCall(CallSiteArray.java:48)
	at org.codehaus.groovy.runtime.callsite.AbstractCallSite.call(AbstractCallSite.java:113)
	at org.codehaus.groovy.runtime.callsite.AbstractCallSite.call(AbstractCallSite.java:117)
	at Script1530695513407.run(Script1530695513407.groovy:46)
	at com.kms.katalon.core.main.ScriptEngine.run(ScriptEngine.java:183)
	at com.kms.katalon.core.main.ScriptEngine.runScriptAsRawText(ScriptEngine.java:108)
	at com.kms.katalon.core.main.TestCaseExecutor.runScript(TestCaseExecutor.java:294)
	at com.kms.katalon.core.main.TestCaseExecutor.doExecute(TestCaseExecutor.java:285)
	at com.kms.katalon.core.main.TestCaseExecutor.processExecutionPhase(TestCaseExecutor.java:264)
	at com.kms.katalon.core.main.TestCaseExecutor.accessMainPhase(TestCaseExecutor.java:256)
	at com.kms.katalon.core.main.TestCaseExecutor.execute(TestCaseExecutor.java:200)
	at com.kms.katalon.core.main.TestSuiteExecutor.accessTestCaseMainPhase(TestSuiteExecutor.java:129)
	at com.kms.katalon.core.main.TestSuiteExecutor.accessTestSuiteMainPhase(TestSuiteExecutor.java:112)
	at com.kms.katalon.core.main.TestSuiteExecutor.execute(TestSuiteExecutor.java:81)
	at com.kms.katalon.core.main.TestCaseMain.startTestSuite(TestCaseMain.java:142)
	at com.kms.katalon.core.main.TestCaseMain$startTestSuite$0.call(Unknown Source)
	at org.codehaus.groovy.runtime.callsite.CallSiteArray.defaultCall(CallSiteArray.java:48)
	at org.codehaus.groovy.runtime.callsite.AbstractCallSite.call(AbstractCallSite.java:113)
	at org.codehaus.groovy.runtime.callsite.AbstractCallSite.call(AbstractCallSite.java:141)
	at TempTestSuite1542012289978.run(TempTestSuite1542012289978.groovy:36)
	at groovy.lang.GroovyShell.runScriptOrMainOrTestOrRunnable(GroovyShell.java:263)
	at groovy.lang.GroovyShell.run(GroovyShell.java:518)
	at groovy.lang.GroovyShell.run(GroovyShell.java:507)
	at groovy.ui.GroovyMain.processOnce(GroovyMain.java:653)
	at groovy.ui.GroovyMain.run(GroovyMain.java:384)
	at groovy.ui.GroovyMain.process(GroovyMain.java:370)
	at groovy.ui.GroovyMain.processArgs(GroovyMain.java:129)
	at groovy.ui.GroovyMain.main(GroovyMain.java:109)
	at sun.reflect.NativeMethodAccessorImpl.invoke0(Native Method)
	at sun.reflect.NativeMethodAccessorImpl.invoke(NativeMethodAccessorImpl.java:62)
	at sun.reflect.DelegatingMethodAccessorImpl.invoke(DelegatingMethodAccessorImpl.java:43)
	at java.lang.reflect.Method.invoke(Method.java:498)
	at org.codehaus.groovy.tools.GroovyStarter.rootLoader(GroovyStarter.java:109)
	at org.codehaus.groovy.tools.GroovyStarter.main(GroovyStarter.java:131)
)]]></system-out>
      <system-err><![CDATA[2018-11-12 14:22:03 - [TEST_SUITE][FAILED] - RailRoad Setup Test Suite: Test Cases/Railroad/F11822-Configure and Manage Stations/QA-US87586-View Stations/US84086-View Station Details/TC63095-View Station FAILED because (of) (Stack trace: com.kms.katalon.core.exception.StepFailedException: Unable to execute JavaScript. (Root cause: org.openqa.selenium.WebDriverException: unknown error: Cannot read property 'shadowRoot' of null
  (Session info: chrome=70.0.3538.77)
  (Driver info: chromedriver=2.35.528157 (4429ca2590d6988c0745c24c8858745aaaec01ef),platform=Mac OS X 10.11.6 x86_64) (WARNING: The server did not provide any stacktrace information)
Command duration or timeout: 0 milliseconds
Build info: version: '3.7.1', revision: '8a0099a', time: '2017-11-06T21:07:36.161Z'
System info: host: '1178578-C02PQD87G8WP', ip: '10.185.118.121', os.name: 'Mac OS X', os.arch: 'x86_64', os.version: '10.11.6', java.version: '1.8.0_181'
Driver info: com.kms.katalon.selenium.driver.CChromeDriver
Capabilities {acceptInsecureCerts: false, acceptSslCerts: false, applicationCacheEnabled: false, browserConnectionEnabled: false, browserName: chrome, chrome: {chromedriverVersion: 2.35.528157 (4429ca2590d698..., userDataDir: /var/folders/v8/f0z37r110rl...}, cssSelectorsEnabled: true, databaseEnabled: false, handlesAlerts: true, hasTouchScreen: false, javascriptEnabled: true, locationContextEnabled: true, mobileEmulationEnabled: false, nativeEvents: true, networkConnectionEnabled: false, pageLoadStrategy: normal, platform: MAC, platformName: MAC, rotatable: false, setWindowRect: true, takesHeapSnapshot: true, takesScreenshot: true, unexpectedAlertBehaviour: , unhandledPromptBehavior: , version: 70.0.3538.77, webStorageEnabled: true}
Session ID: 6f48acccd314ada295b59db444b69f05)
	at com.kms.katalon.core.keyword.internal.KeywordMain.stepFailed(KeywordMain.groovy:36)
	at com.kms.katalon.core.webui.keyword.internal.WebUIKeywordMain.stepFailed(WebUIKeywordMain.groovy:65)
	at com.kms.katalon.core.webui.keyword.internal.WebUIKeywordMain.runKeyword(WebUIKeywordMain.groovy:27)
	at com.kms.katalon.core.webui.keyword.builtin.ExecuteJavaScriptKeyword.executeJavascript(ExecuteJavascriptKeyword.groovy:42)
	at com.kms.katalon.core.webui.keyword.builtin.ExecuteJavaScriptKeyword.execute(ExecuteJavascriptKeyword.groovy:37)
	at com.kms.katalon.core.keyword.internal.KeywordExecutor.executeKeywordForPlatform(KeywordExecutor.groovy:53)
	at com.kms.katalon.core.webui.keyword.WebUiBuiltInKeywords.executeJavaScript(WebUiBuiltInKeywords.groovy:3787)
	at com.kms.katalon.core.webui.keyword.WebUiBuiltInKeywords$executeJavaScript$5.call(Unknown Source)
	at org.codehaus.groovy.runtime.callsite.CallSiteArray.defaultCall(CallSiteArray.java:48)
	at org.codehaus.groovy.runtime.callsite.AbstractCallSite.call(AbstractCallSite.java:113)
	at org.codehaus.groovy.runtime.callsite.AbstractCallSite.call(AbstractCallSite.java:133)
	at com.ge.tms.commonactions.RailroadActions.selectRandomStationByName(RailroadActions.groovy:180)
	at sun.reflect.NativeMethodAccessorImpl.invoke0(Native Method)
	at sun.reflect.NativeMethodAccessorImpl.invoke(NativeMethodAccessorImpl.java:62)
	at sun.reflect.DelegatingMethodAccessorImpl.invoke(DelegatingMethodAccessorImpl.java:43)
	at java.lang.reflect.Method.invoke(Method.java:498)
	at org.codehaus.groovy.reflection.CachedMethod.invoke(CachedMethod.java:93)
	at groovy.lang.MetaMethod.doMethodInvoke(MetaMethod.java:325)
	at groovy.lang.MetaClassImpl.invokeMethod(MetaClassImpl.java:1215)
	at groovy.lang.MetaClassImpl.invokeMethod(MetaClassImpl.java:1024)
	at groovy.lang.MetaClassImpl.invokeMethod(MetaClassImpl.java:812)
	at groovy.lang.DelegatingMetaClass.invokeMethod(DelegatingMetaClass.java:144)
	at com.ge.tms.commonactions.RailroadActions.invokeMethod(RailroadActions.groovy)
	at com.kms.katalon.core.main.CustomKeywordDelegatingMetaClass.invokeStaticMethod(CustomKeywordDelegatingMetaClass.java:46)
	at org.codehaus.groovy.runtime.callsite.StaticMetaClassSite.call(StaticMetaClassSite.java:53)
	at org.codehaus.groovy.runtime.callsite.CallSiteArray.defaultCall(CallSiteArray.java:48)
	at org.codehaus.groovy.runtime.callsite.AbstractCallSite.call(AbstractCallSite.java:113)
	at org.codehaus.groovy.runtime.callsite.AbstractCallSite.call(AbstractCallSite.java:117)
	at Script1530695513407.run(Script1530695513407.groovy:46)
	at com.kms.katalon.core.main.ScriptEngine.run(ScriptEngine.java:183)
	at com.kms.katalon.core.main.ScriptEngine.runScriptAsRawText(ScriptEngine.java:108)
	at com.kms.katalon.core.main.TestCaseExecutor.runScript(TestCaseExecutor.java:294)
	at com.kms.katalon.core.main.TestCaseExecutor.doExecute(TestCaseExecutor.java:285)
	at com.kms.katalon.core.main.TestCaseExecutor.processExecutionPhase(TestCaseExecutor.java:264)
	at com.kms.katalon.core.main.TestCaseExecutor.accessMainPhase(TestCaseExecutor.java:256)
	at com.kms.katalon.core.main.TestCaseExecutor.execute(TestCaseExecutor.java:200)
	at com.kms.katalon.core.main.TestSuiteExecutor.accessTestCaseMainPhase(TestSuiteExecutor.java:129)
	at com.kms.katalon.core.main.TestSuiteExecutor.accessTestSuiteMainPhase(TestSuiteExecutor.java:112)
	at com.kms.katalon.core.main.TestSuiteExecutor.execute(TestSuiteExecutor.java:81)
	at com.kms.katalon.core.main.TestCaseMain.startTestSuite(TestCaseMain.java:142)
	at com.kms.katalon.core.main.TestCaseMain$startTestSuite$0.call(Unknown Source)
	at org.codehaus.groovy.runtime.callsite.CallSiteArray.defaultCall(CallSiteArray.java:48)
	at org.codehaus.groovy.runtime.callsite.AbstractCallSite.call(AbstractCallSite.java:113)
	at org.codehaus.groovy.runtime.callsite.AbstractCallSite.call(AbstractCallSite.java:141)
	at TempTestSuite1542012289978.run(TempTestSuite1542012289978.groovy:36)
	at groovy.lang.GroovyShell.runScriptOrMainOrTestOrRunnable(GroovyShell.java:263)
	at groovy.lang.GroovyShell.run(GroovyShell.java:518)
	at groovy.lang.GroovyShell.run(GroovyShell.java:507)
	at groovy.ui.GroovyMain.processOnce(GroovyMain.java:653)
	at groovy.ui.GroovyMain.run(GroovyMain.java:384)
	at groovy.ui.GroovyMain.process(GroovyMain.java:370)
	at groovy.ui.GroovyMain.processArgs(GroovyMain.java:129)
	at groovy.ui.GroovyMain.main(GroovyMain.java:109)
	at sun.reflect.NativeMethodAccessorImpl.invoke0(Native Method)
	at sun.reflect.NativeMethodAccessorImpl.invoke(NativeMethodAccessorImpl.java:62)
	at sun.reflect.DelegatingMethodAccessorImpl.invoke(DelegatingMethodAccessorImpl.java:43)
	at java.lang.reflect.Method.invoke(Method.java:498)
	at org.codehaus.groovy.tools.GroovyStarter.rootLoader(GroovyStarter.java:109)
	at org.codehaus.groovy.tools.GroovyStarter.main(GroovyStarter.java:131)
)]]></system-err>
   </testsuite>
</testsuites>
